-- Found ament_cmake_auto: 1.3.12 (/opt/ros/humble/share/ament_cmake_auto/cmake)
-- Override CMake install command with custom implementation using symlinks instead of copying resources
-- Found rosidl_generator_c: 3.1.7 (/opt/ros/humble/share/rosidl_generator_c/cmake)
-- Found rosidl_adapter: 3.1.7 (/opt/ros/humble/share/rosidl_adapter/cmake)
-- Found rosidl_generator_cpp: 3.1.7 (/opt/ros/humble/share/rosidl_generator_cpp/cmake)
-- Using all available rosidl_typesupport_c: rosidl_typesupport_fastrtps_c;rosidl_typesupport_introspection_c
-- Using all available rosidl_typesupport_cpp: rosidl_typesupport_fastrtps_cpp;rosidl_typesupport_introspection_cpp
-- Found rmw_implementation_cmake: 6.1.2 (/opt/ros/humble/share/rmw_implementation_cmake/cmake)
-- Found rmw_fastrtps_cpp: 6.2.8 (/opt/ros/humble/share/rmw_fastrtps_cpp/cmake)
-- Using RMW implementation 'rmw_fastrtps_cpp' as default
-- Found eigen3_cmake_module: 0.1.1 (/opt/ros/humble/share/eigen3_cmake_module/cmake)
-- Ensuring Eigen3 include directory is part of orocos-kdl CMake target
-- Found ament_lint_auto: 0.12.14 (/opt/ros/humble/share/ament_lint_auto/cmake)
-- Found ament_cmake_gtest: 1.3.12 (/opt/ros/humble/share/ament_cmake_gtest/cmake)
-- Added test 'cppcheck' to perform static code analysis on C / C++ code
-- Configured cppcheck include dirs: /home/rmsentry/DUST-RM-Sentry/src/rm_auto_aim/armor_solver/include
-- Configured cppcheck exclude dirs and/or files: 
-- Added test 'lint_cmake' to check CMake code style
-- Added test 'xmllint' to check XML markup files
-- Added test 'clang_format' to check C / C++ code style
-- Configuring done (0.9s)
-- Generating done (0.0s)
-- Build files have been written to: /home/rmsentry/DUST-RM-Sentry/build/armor_solver
[ 28%] Built target armor_solver_node
[ 42%] [32mBuilding CXX object CMakeFiles/armor_solver.dir/src/armor_solver_node.cpp.o[0m
[ 57%] [32m[1mLinking CXX shared library libarmor_solver.so[0m
[100%] Built target armor_solver
-- Install configuration: "RelWithDebInfo"
-- Execute custom install script
-- Up-to-date symlink: /home/rmsentry/DUST-RM-Sentry/install/armor_solver/lib/armor_solver/armor_solver_node
-- Up-to-date symlink: /home/rmsentry/DUST-RM-Sentry/install/armor_solver/include/armor_solver/armor_solver.hpp
-- Up-to-date symlink: /home/rmsentry/DUST-RM-Sentry/install/armor_solver/include/armor_solver/armor_solver_node.hpp
-- Up-to-date symlink: /home/rmsentry/DUST-RM-Sentry/install/armor_solver/include/armor_solver/manual_compensator.hpp
-- Up-to-date symlink: /home/rmsentry/DUST-RM-Sentry/install/armor_solver/include/armor_solver/trajectory_compensator.hpp
-- Up-to-date symlink: /home/rmsentry/DUST-RM-Sentry/install/armor_solver/include/armor_solver/utils.hpp
-- Up-to-date symlink: /home/rmsentry/DUST-RM-Sentry/install/armor_solver/share/armor_solver/environment/library_path.sh
-- Up-to-date symlink: /home/rmsentry/DUST-RM-Sentry/install/armor_solver/share/armor_solver/environment/library_path.dsv
-- Up-to-date symlink: /home/rmsentry/DUST-RM-Sentry/install/armor_solver/lib/libarmor_solver.so
-- Up-to-date symlink: /home/rmsentry/DUST-RM-Sentry/install/armor_solver/share/ament_index/resource_index/package_run_dependencies/armor_solver
-- Up-to-date symlink: /home/rmsentry/DUST-RM-Sentry/install/armor_solver/share/ament_index/resource_index/parent_prefix_path/armor_solver
-- Up-to-date symlink: /home/rmsentry/DUST-RM-Sentry/install/armor_solver/share/armor_solver/environment/ament_prefix_path.sh
-- Up-to-date symlink: /home/rmsentry/DUST-RM-Sentry/install/armor_solver/share/armor_solver/environment/ament_prefix_path.dsv
-- Up-to-date symlink: /home/rmsentry/DUST-RM-Sentry/install/armor_solver/share/armor_solver/environment/path.sh
-- Up-to-date symlink: /home/rmsentry/DUST-RM-Sentry/install/armor_solver/share/armor_solver/environment/path.dsv
-- Up-to-date symlink: /home/rmsentry/DUST-RM-Sentry/install/armor_solver/share/armor_solver/local_setup.bash
-- Up-to-date symlink: /home/rmsentry/DUST-RM-Sentry/install/armor_solver/share/armor_solver/local_setup.sh
-- Up-to-date symlink: /home/rmsentry/DUST-RM-Sentry/install/armor_solver/share/armor_solver/local_setup.zsh
-- Up-to-date symlink: /home/rmsentry/DUST-RM-Sentry/install/armor_solver/share/armor_solver/local_setup.dsv
-- Symlinking: /home/rmsentry/DUST-RM-Sentry/install/armor_solver/share/armor_solver/package.dsv
-- Up-to-date symlink: /home/rmsentry/DUST-RM-Sentry/install/armor_solver/share/ament_index/resource_index/packages/armor_solver
-- Up-to-date symlink: /home/rmsentry/DUST-RM-Sentry/install/armor_solver/share/ament_index/resource_index/rclcpp_components/armor_solver
-- Up-to-date symlink: /home/rmsentry/DUST-RM-Sentry/install/armor_solver/share/armor_solver/cmake/ament_cmake_export_dependencies-extras.cmake
-- Up-to-date symlink: /home/rmsentry/DUST-RM-Sentry/install/armor_solver/share/armor_solver/cmake/ament_cmake_export_include_directories-extras.cmake
-- Up-to-date symlink: /home/rmsentry/DUST-RM-Sentry/install/armor_solver/share/armor_solver/cmake/ament_cmake_export_libraries-extras.cmake
-- Up-to-date symlink: /home/rmsentry/DUST-RM-Sentry/install/armor_solver/share/armor_solver/cmake/armor_solverConfig.cmake
-- Up-to-date symlink: /home/rmsentry/DUST-RM-Sentry/install/armor_solver/share/armor_solver/cmake/armor_solverConfig-version.cmake
-- Up-to-date symlink: /home/rmsentry/DUST-RM-Sentry/install/armor_solver/share/armor_solver/package.xml
