[0.125s] Invoking command in '/home/rmsentry/DUST-RM-Sentry/build/rm_gimbal_description': CMAKE_PREFIX_PATH=${CMAKE_PREFIX_PATH}:/home/rmsentry/DUST-RM-Sentry/install/rm_decision:/home/rmsentry/DUST-RM-Sentry/install/fake_msg_publisher:/opt/ros/humble /usr/local/bin/cmake --build /home/rmsentry/DUST-RM-Sentry/build/rm_gimbal_description -- -j12 -l12
[0.192s] Invoked command in '/home/rmsentry/DUST-RM-Sentry/build/rm_gimbal_description' returned '0': CMAKE_PREFIX_PATH=${CMAKE_PREFIX_PATH}:/home/rmsentry/DUST-RM-Sentry/install/rm_decision:/home/rmsentry/DUST-RM-Sentry/install/fake_msg_publisher:/opt/ros/humble /usr/local/bin/cmake --build /home/rmsentry/DUST-RM-Sentry/build/rm_gimbal_description -- -j12 -l12
[0.194s] Invoking command in '/home/rmsentry/DUST-RM-Sentry/build/rm_gimbal_description': CMAKE_PREFIX_PATH=${CMAKE_PREFIX_PATH}:/home/rmsentry/DUST-RM-Sentry/install/rm_decision:/home/rmsentry/DUST-RM-Sentry/install/fake_msg_publisher:/opt/ros/humble /usr/local/bin/cmake --install /home/rmsentry/DUST-RM-Sentry/build/rm_gimbal_description
[0.245s] -- Install configuration: ""
[0.247s] -- Execute custom install script
[0.247s] -- Up-to-date symlink: /home/rmsentry/DUST-RM-Sentry/install/rm_gimbal_description/share/rm_gimbal_description/urdf/rm_gimbal.urdf.xacro
[0.247s] -- Up-to-date symlink: /home/rmsentry/DUST-RM-Sentry/install/rm_gimbal_description/share/ament_index/resource_index/package_run_dependencies/rm_gimbal_description
[0.247s] -- Up-to-date symlink: /home/rmsentry/DUST-RM-Sentry/install/rm_gimbal_description/share/ament_index/resource_index/parent_prefix_path/rm_gimbal_description
[0.247s] -- Up-to-date symlink: /home/rmsentry/DUST-RM-Sentry/install/rm_gimbal_description/share/rm_gimbal_description/environment/ament_prefix_path.sh
[0.247s] -- Up-to-date symlink: /home/rmsentry/DUST-RM-Sentry/install/rm_gimbal_description/share/rm_gimbal_description/environment/ament_prefix_path.dsv
[0.247s] -- Up-to-date symlink: /home/rmsentry/DUST-RM-Sentry/install/rm_gimbal_description/share/rm_gimbal_description/environment/path.sh
[0.247s] -- Up-to-date symlink: /home/rmsentry/DUST-RM-Sentry/install/rm_gimbal_description/share/rm_gimbal_description/environment/path.dsv
[0.247s] -- Up-to-date symlink: /home/rmsentry/DUST-RM-Sentry/install/rm_gimbal_description/share/rm_gimbal_description/local_setup.bash
[0.247s] -- Up-to-date symlink: /home/rmsentry/DUST-RM-Sentry/install/rm_gimbal_description/share/rm_gimbal_description/local_setup.sh
[0.247s] -- Up-to-date symlink: /home/rmsentry/DUST-RM-Sentry/install/rm_gimbal_description/share/rm_gimbal_description/local_setup.zsh
[0.247s] -- Up-to-date symlink: /home/rmsentry/DUST-RM-Sentry/install/rm_gimbal_description/share/rm_gimbal_description/local_setup.dsv
[0.248s] -- Symlinking: /home/rmsentry/DUST-RM-Sentry/install/rm_gimbal_description/share/rm_gimbal_description/package.dsv
[0.248s] -- Up-to-date symlink: /home/rmsentry/DUST-RM-Sentry/install/rm_gimbal_description/share/ament_index/resource_index/packages/rm_gimbal_description
[0.248s] -- Up-to-date symlink: /home/rmsentry/DUST-RM-Sentry/install/rm_gimbal_description/share/rm_gimbal_description/cmake/rm_gimbal_descriptionConfig.cmake
[0.248s] -- Up-to-date symlink: /home/rmsentry/DUST-RM-Sentry/install/rm_gimbal_description/share/rm_gimbal_description/cmake/rm_gimbal_descriptionConfig-version.cmake
[0.248s] -- Up-to-date symlink: /home/rmsentry/DUST-RM-Sentry/install/rm_gimbal_description/share/rm_gimbal_description/package.xml
[0.340s] Invoked command in '/home/rmsentry/DUST-RM-Sentry/build/rm_gimbal_description' returned '0': CMAKE_PREFIX_PATH=${CMAKE_PREFIX_PATH}:/home/rmsentry/DUST-RM-Sentry/install/rm_decision:/home/rmsentry/DUST-RM-Sentry/install/fake_msg_publisher:/opt/ros/humble /usr/local/bin/cmake --install /home/rmsentry/DUST-RM-Sentry/build/rm_gimbal_description
