[0.073s] Invoking command in '/home/rmsentry/DUST-RM-Sentry/build/pointcloud_merger': CMAKE_PREFIX_PATH=${CMAKE_PREFIX_PATH}:/home/rmsentry/DUST-RM-Sentry/install/rm_decision:/home/rmsentry/DUST-RM-Sentry/install/fake_msg_publisher:/opt/ros/humble /usr/local/bin/cmake --build /home/rmsentry/DUST-RM-Sentry/build/pointcloud_merger -- -j12 -l12
[1.004s] -- Found ament_cmake: 1.3.12 (/opt/ros/humble/share/ament_cmake/cmake)
[1.004s] -- Override CMake install command with custom implementation using symlinks instead of copying resources
[1.004s] -- Found rclcpp: 16.0.14 (/opt/ros/humble/share/rclcpp/cmake)
[1.004s] -- Found rosidl_generator_c: 3.1.7 (/opt/ros/humble/share/rosidl_generator_c/cmake)
[1.004s] -- Found rosidl_adapter: 3.1.7 (/opt/ros/humble/share/rosidl_adapter/cmake)
[1.005s] -- Found rosidl_generator_cpp: 3.1.7 (/opt/ros/humble/share/rosidl_generator_cpp/cmake)
[1.005s] -- Using all available rosidl_typesupport_c: rosidl_typesupport_fastrtps_c;rosidl_typesupport_introspection_c
[1.005s] -- Using all available rosidl_typesupport_cpp: rosidl_typesupport_fastrtps_cpp;rosidl_typesupport_introspection_cpp
[1.005s] -- Found rmw_implementation_cmake: 6.1.2 (/opt/ros/humble/share/rmw_implementation_cmake/cmake)
[1.005s] -- Found rmw_fastrtps_cpp: 6.2.8 (/opt/ros/humble/share/rmw_fastrtps_cpp/cmake)
[1.005s] -- Using RMW implementation 'rmw_fastrtps_cpp' as default
[1.005s] -- Found sensor_msgs: 4.9.0 (/opt/ros/humble/share/sensor_msgs/cmake)
[1.005s] -- Found pcl_conversions: 2.4.5 (/opt/ros/humble/share/pcl_conversions/cmake)
[1.005s] -- Eigen found (include: /usr/include/eigen3, version: 3.4.0)
[1.005s] -- FLANN found (include: /usr/include, lib: /usr/lib/x86_64-linux-gnu/libflann_cpp.so)
[1.005s] [33mCMake Warning (dev) at /usr/lib/x86_64-linux-gnu/cmake/pcl/PCLConfig.cmake:146 (find_package):
[1.005s]   Policy CMP0144 is not set: find_package uses upper-case <PACKAGENAME>_ROOT
[1.005s]   variables.  Run "cmake --help-policy CMP0144" for policy details.  Use the
[1.005s]   cmake_policy command to set the policy and suppress this warning.
[1.005s] 
[1.005s]   CMake variable EIGEN_ROOT is set to:
[1.005s] 
[1.005s]     /usr/include/eigen3
[1.005s] 
[1.005s]   For compatibility, find_package is ignoring the variable, but code in a
[1.006s]   .cmake module might still use it.
[1.006s] Call Stack (most recent call first):
[1.006s]   /usr/lib/x86_64-linux-gnu/cmake/pcl/PCLConfig.cmake:299 (find_eigen)
[1.006s]   /usr/lib/x86_64-linux-gnu/cmake/pcl/PCLConfig.cmake:543 (find_external_library)
[1.006s]   /opt/ros/humble/share/pcl_conversions/cmake/ament_cmake_export_dependencies-extras.cmake:21 (find_package)
[1.006s]   /opt/ros/humble/share/pcl_conversions/cmake/pcl_conversionsConfig.cmake:41 (include)
[1.006s]   CMakeLists.txt:12 (find_package)
[1.006s] This warning is for project developers.  Use -Wno-dev to suppress it.
[1.006s] [0m
[1.006s] [33mCMake Warning (dev) at /usr/lib/x86_64-linux-gnu/cmake/pcl/Modules/FindFLANN.cmake:44 (find_package):
[1.006s]   Policy CMP0144 is not set: find_package uses upper-case <PACKAGENAME>_ROOT
[1.006s]   variables.  Run "cmake --help-policy CMP0144" for policy details.  Use the
[1.006s]   cmake_policy command to set the policy and suppress this warning.
[1.006s] 
[1.006s]   CMake variable FLANN_ROOT is set to:
[1.006s] 
[1.006s]     /usr
[1.006s] 
[1.006s]   For compatibility, find_package is ignoring the variable, but code in a
[1.006s]   .cmake module might still use it.
[1.006s] Call Stack (most recent call first):
[1.006s]   /usr/lib/x86_64-linux-gnu/cmake/pcl/PCLConfig.cmake:256 (find_package)
[1.006s]   /usr/lib/x86_64-linux-gnu/cmake/pcl/PCLConfig.cmake:301 (find_flann)
[1.007s]   /usr/lib/x86_64-linux-gnu/cmake/pcl/PCLConfig.cmake:543 (find_external_library)
[1.007s]   /opt/ros/humble/share/pcl_conversions/cmake/ament_cmake_export_dependencies-extras.cmake:21 (find_package)
[1.007s]   /opt/ros/humble/share/pcl_conversions/cmake/pcl_conversionsConfig.cmake:41 (include)
[1.007s]   CMakeLists.txt:12 (find_package)
[1.007s] This warning is for project developers.  Use -Wno-dev to suppress it.
[1.007s] [0m
[1.326s] -- OpenNI found (version: 1.5.4.0, include: /usr/include/ni, lib: /usr/lib/libOpenNI.so;libusb::libusb)
[1.332s] -- OpenNI2 found (version: 2.2.0.33, include: /usr/include/openni2, lib: /usr/lib/x86_64-linux-gnu/libOpenNI2.so;libusb::libusb)
[1.687s] -- Eigen found (include: /usr/include/eigen3, version: 3.4.0)
[1.695s] -- OpenNI found (version: 1.5.4.0, include: /usr/include/ni, lib: /usr/lib/libOpenNI.so;libusb::libusb)
[1.703s] -- OpenNI2 found (version: 2.2.0.33, include: /usr/include/openni2, lib: /usr/lib/x86_64-linux-gnu/libOpenNI2.so;libusb::libusb)
[1.985s] -- Found Qhull version 8.0.2
[2.232s] -- OpenNI found (version: 1.5.4.0, include: /usr/include/ni, lib: /usr/lib/libOpenNI.so;libusb::libusb)
[2.629s] -- Found ament_lint_auto: 0.12.14 (/opt/ros/humble/share/ament_lint_auto/cmake)
[2.716s] -- Added test 'cppcheck' to perform static code analysis on C / C++ code
[2.716s] -- Configured cppcheck include dirs: 
[2.716s] -- Configured cppcheck exclude dirs and/or files: 
[2.718s] -- Added test 'flake8' to check Python code syntax and style conventions
[2.718s] -- Added test 'lint_cmake' to check CMake code style
[2.722s] -- Added test 'pep257' to check Python code against some of the docstring style conventions in PEP 257
[2.722s] -- Added test 'uncrustify' to check C / C++ code style
[2.722s] -- Configured uncrustify additional arguments: 
[2.726s] -- Added test 'xmllint' to check XML markup files
[2.726s] -- Configuring done (2.6s)
[2.759s] -- Generating done (0.0s)
[2.767s] -- Build files have been written to: /home/rmsentry/DUST-RM-Sentry/build/pointcloud_merger
[2.846s] [100%] Built target pointcloud_merger
[2.859s] Invoked command in '/home/rmsentry/DUST-RM-Sentry/build/pointcloud_merger' returned '0': CMAKE_PREFIX_PATH=${CMAKE_PREFIX_PATH}:/home/rmsentry/DUST-RM-Sentry/install/rm_decision:/home/rmsentry/DUST-RM-Sentry/install/fake_msg_publisher:/opt/ros/humble /usr/local/bin/cmake --build /home/rmsentry/DUST-RM-Sentry/build/pointcloud_merger -- -j12 -l12
[2.859s] Invoking command in '/home/rmsentry/DUST-RM-Sentry/build/pointcloud_merger': CMAKE_PREFIX_PATH=${CMAKE_PREFIX_PATH}:/home/rmsentry/DUST-RM-Sentry/install/rm_decision:/home/rmsentry/DUST-RM-Sentry/install/fake_msg_publisher:/opt/ros/humble /usr/local/bin/cmake --install /home/rmsentry/DUST-RM-Sentry/build/pointcloud_merger
[3.472s] -- Install configuration: ""
[3.472s] -- Execute custom install script
[3.472s] -- Up-to-date symlink: /home/rmsentry/DUST-RM-Sentry/install/pointcloud_merger/lib/pointcloud_merger/pointcloud_merger
[3.472s] -- Up-to-date symlink: /home/rmsentry/DUST-RM-Sentry/install/pointcloud_merger/share/pointcloud_merger//launch/pointcloud_merger.launch.py
[3.472s] -- Up-to-date symlink: /home/rmsentry/DUST-RM-Sentry/install/pointcloud_merger/share/ament_index/resource_index/package_run_dependencies/pointcloud_merger
[3.472s] -- Up-to-date symlink: /home/rmsentry/DUST-RM-Sentry/install/pointcloud_merger/share/ament_index/resource_index/parent_prefix_path/pointcloud_merger
[3.473s] -- Up-to-date symlink: /home/rmsentry/DUST-RM-Sentry/install/pointcloud_merger/share/pointcloud_merger/environment/ament_prefix_path.sh
[3.473s] -- Up-to-date symlink: /home/rmsentry/DUST-RM-Sentry/install/pointcloud_merger/share/pointcloud_merger/environment/ament_prefix_path.dsv
[3.473s] -- Up-to-date symlink: /home/rmsentry/DUST-RM-Sentry/install/pointcloud_merger/share/pointcloud_merger/environment/path.sh
[3.473s] -- Up-to-date symlink: /home/rmsentry/DUST-RM-Sentry/install/pointcloud_merger/share/pointcloud_merger/environment/path.dsv
[3.473s] -- Up-to-date symlink: /home/rmsentry/DUST-RM-Sentry/install/pointcloud_merger/share/pointcloud_merger/local_setup.bash
[3.474s] -- Up-to-date symlink: /home/rmsentry/DUST-RM-Sentry/install/pointcloud_merger/share/pointcloud_merger/local_setup.sh
[3.475s] -- Up-to-date symlink: /home/rmsentry/DUST-RM-Sentry/install/pointcloud_merger/share/pointcloud_merger/local_setup.zsh
[3.475s] -- Up-to-date symlink: /home/rmsentry/DUST-RM-Sentry/install/pointcloud_merger/share/pointcloud_merger/local_setup.dsv
[3.475s] -- Symlinking: /home/rmsentry/DUST-RM-Sentry/install/pointcloud_merger/share/pointcloud_merger/package.dsv
[3.475s] -- Up-to-date symlink: /home/rmsentry/DUST-RM-Sentry/install/pointcloud_merger/share/ament_index/resource_index/packages/pointcloud_merger
[3.475s] -- Up-to-date symlink: /home/rmsentry/DUST-RM-Sentry/install/pointcloud_merger/share/pointcloud_merger/cmake/pointcloud_mergerConfig.cmake
[3.475s] -- Up-to-date symlink: /home/rmsentry/DUST-RM-Sentry/install/pointcloud_merger/share/pointcloud_merger/cmake/pointcloud_mergerConfig-version.cmake
[3.475s] -- Up-to-date symlink: /home/rmsentry/DUST-RM-Sentry/install/pointcloud_merger/share/pointcloud_merger/package.xml
[3.492s] Invoked command in '/home/rmsentry/DUST-RM-Sentry/build/pointcloud_merger' returned '0': CMAKE_PREFIX_PATH=${CMAKE_PREFIX_PATH}:/home/rmsentry/DUST-RM-Sentry/install/rm_decision:/home/rmsentry/DUST-RM-Sentry/install/fake_msg_publisher:/opt/ros/humble /usr/local/bin/cmake --install /home/rmsentry/DUST-RM-Sentry/build/pointcloud_merger
