[0.053s] Invoking command in '/home/rmsentry/DUST-RM-Sentry/build/global_interface': CMAKE_PREFIX_PATH=${CMAKE_PREFIX_PATH}:/home/rmsentry/DUST-RM-Sentry/install/rm_decision:/home/rmsentry/DUST-RM-Sentry/install/fake_msg_publisher:/opt/ros/humble /usr/local/bin/cmake --build /home/rmsentry/DUST-RM-Sentry/build/global_interface -- -j12 -l12
[0.143s] [  0%] Built target global_interface__cpp
[0.143s] [ 12%] Built target global_interface__rosidl_generator_c
[0.182s] [ 12%] Built target ament_cmake_python_symlink_global_interface
[0.239s] [ 24%] Built target global_interface__rosidl_typesupport_cpp
[0.259s] [ 36%] Built target global_interface__rosidl_typesupport_introspection_cpp
[0.292s] [ 47%] Built target global_interface__rosidl_typesupport_fastrtps_cpp
[0.298s] [ 59%] Built target global_interface__rosidl_typesupport_c
[0.308s] [ 71%] Built target global_interface__rosidl_typesupport_fastrtps_c
[0.310s] [ 83%] Built target global_interface__rosidl_typesupport_introspection_c
[0.345s] [ 83%] Built target global_interface
[0.392s] [ 84%] Built target global_interface__py
[0.458s] [ 95%] Built target global_interface__rosidl_generator_py
[0.535s] [ 97%] Built target global_interface__rosidl_typesupport_fastrtps_c__pyext
[0.546s] [ 98%] Built target global_interface__rosidl_typesupport_c__pyext
[0.563s] [100%] Built target global_interface__rosidl_typesupport_introspection_c__pyext
[0.851s] running egg_info
[0.853s] writing global_interface.egg-info/PKG-INFO
[0.853s] writing dependency_links to global_interface.egg-info/dependency_links.txt
[0.853s] writing top-level names to global_interface.egg-info/top_level.txt
[0.859s] reading manifest file 'global_interface.egg-info/SOURCES.txt'
[0.860s] writing manifest file 'global_interface.egg-info/SOURCES.txt'
[0.945s] [100%] Built target ament_cmake_python_build_global_interface_egg
[1.017s] Invoked command in '/home/rmsentry/DUST-RM-Sentry/build/global_interface' returned '0': CMAKE_PREFIX_PATH=${CMAKE_PREFIX_PATH}:/home/rmsentry/DUST-RM-Sentry/install/rm_decision:/home/rmsentry/DUST-RM-Sentry/install/fake_msg_publisher:/opt/ros/humble /usr/local/bin/cmake --build /home/rmsentry/DUST-RM-Sentry/build/global_interface -- -j12 -l12
[1.018s] Invoking command in '/home/rmsentry/DUST-RM-Sentry/build/global_interface': CMAKE_PREFIX_PATH=${CMAKE_PREFIX_PATH}:/home/rmsentry/DUST-RM-Sentry/install/rm_decision:/home/rmsentry/DUST-RM-Sentry/install/fake_msg_publisher:/opt/ros/humble /usr/local/bin/cmake --install /home/rmsentry/DUST-RM-Sentry/build/global_interface
[1.093s] -- Install configuration: ""
[1.093s] -- Execute custom install script
[1.093s] -- Up-to-date symlink: /home/rmsentry/DUST-RM-Sentry/install/global_interface/share/ament_index/resource_index/rosidl_interfaces/global_interface
[1.097s] -- Up-to-date symlink: /home/rmsentry/DUST-RM-Sentry/install/global_interface/include/global_interface/global_interface/msg/autoaim.h
[1.098s] -- Up-to-date symlink: /home/rmsentry/DUST-RM-Sentry/install/global_interface/include/global_interface/global_interface/msg/car_pos.h
[1.098s] -- Up-to-date symlink: /home/rmsentry/DUST-RM-Sentry/install/global_interface/include/global_interface/global_interface/msg/decision.h
[1.098s] -- Up-to-date symlink: /home/rmsentry/DUST-RM-Sentry/install/global_interface/include/global_interface/global_interface/msg/detail/autoaim__functions.h
[1.099s] -- Up-to-date symlink: /home/rmsentry/DUST-RM-Sentry/install/global_interface/include/global_interface/global_interface/msg/detail/autoaim__struct.h
[1.099s] -- Up-to-date symlink: /home/rmsentry/DUST-RM-Sentry/install/global_interface/include/global_interface/global_interface/msg/detail/autoaim__type_support.h
[1.099s] -- Up-to-date symlink: /home/rmsentry/DUST-RM-Sentry/install/global_interface/include/global_interface/global_interface/msg/detail/car_pos__functions.h
[1.099s] -- Up-to-date symlink: /home/rmsentry/DUST-RM-Sentry/install/global_interface/include/global_interface/global_interface/msg/detail/car_pos__struct.h
[1.099s] -- Up-to-date symlink: /home/rmsentry/DUST-RM-Sentry/install/global_interface/include/global_interface/global_interface/msg/detail/car_pos__type_support.h
[1.099s] -- Up-to-date symlink: /home/rmsentry/DUST-RM-Sentry/install/global_interface/include/global_interface/global_interface/msg/detail/decision__functions.h
[1.099s] -- Up-to-date symlink: /home/rmsentry/DUST-RM-Sentry/install/global_interface/include/global_interface/global_interface/msg/detail/decision__struct.h
[1.099s] -- Up-to-date symlink: /home/rmsentry/DUST-RM-Sentry/install/global_interface/include/global_interface/global_interface/msg/detail/decision__type_support.h
[1.099s] -- Up-to-date symlink: /home/rmsentry/DUST-RM-Sentry/install/global_interface/include/global_interface/global_interface/msg/detail/detection__functions.h
[1.099s] -- Up-to-date symlink: /home/rmsentry/DUST-RM-Sentry/install/global_interface/include/global_interface/global_interface/msg/detail/detection__struct.h
[1.099s] -- Up-to-date symlink: /home/rmsentry/DUST-RM-Sentry/install/global_interface/include/global_interface/global_interface/msg/detail/detection__type_support.h
[1.099s] -- Up-to-date symlink: /home/rmsentry/DUST-RM-Sentry/install/global_interface/include/global_interface/global_interface/msg/detail/detection_array__functions.h
[1.099s] -- Up-to-date symlink: /home/rmsentry/DUST-RM-Sentry/install/global_interface/include/global_interface/global_interface/msg/detail/detection_array__struct.h
[1.100s] -- Up-to-date symlink: /home/rmsentry/DUST-RM-Sentry/install/global_interface/include/global_interface/global_interface/msg/detail/detection_array__type_support.h
[1.100s] -- Up-to-date symlink: /home/rmsentry/DUST-RM-Sentry/install/global_interface/include/global_interface/global_interface/msg/detail/game_info__functions.h
[1.100s] -- Up-to-date symlink: /home/rmsentry/DUST-RM-Sentry/install/global_interface/include/global_interface/global_interface/msg/detail/game_info__struct.h
[1.100s] -- Up-to-date symlink: /home/rmsentry/DUST-RM-Sentry/install/global_interface/include/global_interface/global_interface/msg/detail/game_info__type_support.h
[1.100s] -- Up-to-date symlink: /home/rmsentry/DUST-RM-Sentry/install/global_interface/include/global_interface/global_interface/msg/detail/mode_set__functions.h
[1.101s] -- Up-to-date symlink: /home/rmsentry/DUST-RM-Sentry/install/global_interface/include/global_interface/global_interface/msg/detail/mode_set__struct.h
[1.101s] -- Up-to-date symlink: /home/rmsentry/DUST-RM-Sentry/install/global_interface/include/global_interface/global_interface/msg/detail/mode_set__type_support.h
[1.103s] -- Up-to-date symlink: /home/rmsentry/DUST-RM-Sentry/install/global_interface/include/global_interface/global_interface/msg/detail/obj_hp__functions.h
[1.104s] -- Up-to-date symlink: /home/rmsentry/DUST-RM-Sentry/install/global_interface/include/global_interface/global_interface/msg/detail/obj_hp__struct.h
[1.104s] -- Up-to-date symlink: /home/rmsentry/DUST-RM-Sentry/install/global_interface/include/global_interface/global_interface/msg/detail/obj_hp__type_support.h
[1.104s] -- Up-to-date symlink: /home/rmsentry/DUST-RM-Sentry/install/global_interface/include/global_interface/global_interface/msg/detail/point2f__functions.h
[1.104s] -- Up-to-date symlink: /home/rmsentry/DUST-RM-Sentry/install/global_interface/include/global_interface/global_interface/msg/detail/point2f__struct.h
[1.104s] -- Up-to-date symlink: /home/rmsentry/DUST-RM-Sentry/install/global_interface/include/global_interface/global_interface/msg/detail/point2f__type_support.h
[1.104s] -- Up-to-date symlink: /home/rmsentry/DUST-RM-Sentry/install/global_interface/include/global_interface/global_interface/msg/detail/serial__functions.h
[1.104s] -- Up-to-date symlink: /home/rmsentry/DUST-RM-Sentry/install/global_interface/include/global_interface/global_interface/msg/detail/serial__struct.h
[1.104s] -- Up-to-date symlink: /home/rmsentry/DUST-RM-Sentry/install/global_interface/include/global_interface/global_interface/msg/detail/serial__type_support.h
[1.105s] -- Up-to-date symlink: /home/rmsentry/DUST-RM-Sentry/install/global_interface/include/global_interface/global_interface/msg/detail/strike_licensing__functions.h
[1.105s] -- Up-to-date symlink: /home/rmsentry/DUST-RM-Sentry/install/global_interface/include/global_interface/global_interface/msg/detail/strike_licensing__struct.h
[1.105s] -- Up-to-date symlink: /home/rmsentry/DUST-RM-Sentry/install/global_interface/include/global_interface/global_interface/msg/detail/strike_licensing__type_support.h
[1.105s] -- Up-to-date symlink: /home/rmsentry/DUST-RM-Sentry/install/global_interface/include/global_interface/global_interface/msg/detection.h
[1.105s] -- Up-to-date symlink: /home/rmsentry/DUST-RM-Sentry/install/global_interface/include/global_interface/global_interface/msg/detection_array.h
[1.105s] -- Up-to-date symlink: /home/rmsentry/DUST-RM-Sentry/install/global_interface/include/global_interface/global_interface/msg/game_info.h
[1.105s] -- Up-to-date symlink: /home/rmsentry/DUST-RM-Sentry/install/global_interface/include/global_interface/global_interface/msg/mode_set.h
[1.105s] -- Up-to-date symlink: /home/rmsentry/DUST-RM-Sentry/install/global_interface/include/global_interface/global_interface/msg/obj_hp.h
[1.106s] -- Up-to-date symlink: /home/rmsentry/DUST-RM-Sentry/install/global_interface/include/global_interface/global_interface/msg/point2f.h
[1.106s] -- Up-to-date symlink: /home/rmsentry/DUST-RM-Sentry/install/global_interface/include/global_interface/global_interface/msg/rosidl_generator_c__visibility_control.h
[1.106s] -- Up-to-date symlink: /home/rmsentry/DUST-RM-Sentry/install/global_interface/include/global_interface/global_interface/msg/serial.h
[1.107s] -- Up-to-date symlink: /home/rmsentry/DUST-RM-Sentry/install/global_interface/include/global_interface/global_interface/msg/strike_licensing.h
[1.107s] -- Up-to-date symlink: /home/rmsentry/DUST-RM-Sentry/install/global_interface/share/global_interface/environment/library_path.sh
[1.107s] -- Up-to-date symlink: /home/rmsentry/DUST-RM-Sentry/install/global_interface/share/global_interface/environment/library_path.dsv
[1.107s] -- Up-to-date symlink: /home/rmsentry/DUST-RM-Sentry/install/global_interface/include/global_interface/global_interface/msg/detail/autoaim__rosidl_typesupport_fastrtps_c.h
[1.107s] -- Up-to-date symlink: /home/rmsentry/DUST-RM-Sentry/install/global_interface/include/global_interface/global_interface/msg/detail/car_pos__rosidl_typesupport_fastrtps_c.h
[1.107s] -- Up-to-date symlink: /home/rmsentry/DUST-RM-Sentry/install/global_interface/include/global_interface/global_interface/msg/detail/decision__rosidl_typesupport_fastrtps_c.h
[1.108s] -- Up-to-date symlink: /home/rmsentry/DUST-RM-Sentry/install/global_interface/include/global_interface/global_interface/msg/detail/detection__rosidl_typesupport_fastrtps_c.h
[1.108s] -- Up-to-date symlink: /home/rmsentry/DUST-RM-Sentry/install/global_interface/include/global_interface/global_interface/msg/detail/detection_array__rosidl_typesupport_fastrtps_c.h
[1.108s] -- Up-to-date symlink: /home/rmsentry/DUST-RM-Sentry/install/global_interface/include/global_interface/global_interface/msg/detail/game_info__rosidl_typesupport_fastrtps_c.h
[1.108s] -- Up-to-date symlink: /home/rmsentry/DUST-RM-Sentry/install/global_interface/include/global_interface/global_interface/msg/detail/mode_set__rosidl_typesupport_fastrtps_c.h
[1.108s] -- Up-to-date symlink: /home/rmsentry/DUST-RM-Sentry/install/global_interface/include/global_interface/global_interface/msg/detail/obj_hp__rosidl_typesupport_fastrtps_c.h
[1.108s] -- Up-to-date symlink: /home/rmsentry/DUST-RM-Sentry/install/global_interface/include/global_interface/global_interface/msg/detail/point2f__rosidl_typesupport_fastrtps_c.h
[1.108s] -- Up-to-date symlink: /home/rmsentry/DUST-RM-Sentry/install/global_interface/include/global_interface/global_interface/msg/detail/serial__rosidl_typesupport_fastrtps_c.h
[1.108s] -- Up-to-date symlink: /home/rmsentry/DUST-RM-Sentry/install/global_interface/include/global_interface/global_interface/msg/detail/strike_licensing__rosidl_typesupport_fastrtps_c.h
[1.108s] -- Up-to-date symlink: /home/rmsentry/DUST-RM-Sentry/install/global_interface/include/global_interface/global_interface/msg/rosidl_typesupport_fastrtps_c__visibility_control.h
[1.108s] -- Up-to-date symlink: /home/rmsentry/DUST-RM-Sentry/install/global_interface/include/global_interface/global_interface/msg/detail/autoaim__rosidl_typesupport_introspection_c.h
[1.108s] -- Up-to-date symlink: /home/rmsentry/DUST-RM-Sentry/install/global_interface/include/global_interface/global_interface/msg/detail/car_pos__rosidl_typesupport_introspection_c.h
[1.108s] -- Up-to-date symlink: /home/rmsentry/DUST-RM-Sentry/install/global_interface/include/global_interface/global_interface/msg/detail/decision__rosidl_typesupport_introspection_c.h
[1.109s] -- Up-to-date symlink: /home/rmsentry/DUST-RM-Sentry/install/global_interface/include/global_interface/global_interface/msg/detail/detection__rosidl_typesupport_introspection_c.h
[1.109s] -- Up-to-date symlink: /home/rmsentry/DUST-RM-Sentry/install/global_interface/include/global_interface/global_interface/msg/detail/detection_array__rosidl_typesupport_introspection_c.h
[1.109s] -- Up-to-date symlink: /home/rmsentry/DUST-RM-Sentry/install/global_interface/include/global_interface/global_interface/msg/detail/game_info__rosidl_typesupport_introspection_c.h
[1.109s] -- Up-to-date symlink: /home/rmsentry/DUST-RM-Sentry/install/global_interface/include/global_interface/global_interface/msg/detail/mode_set__rosidl_typesupport_introspection_c.h
[1.109s] -- Up-to-date symlink: /home/rmsentry/DUST-RM-Sentry/install/global_interface/include/global_interface/global_interface/msg/detail/obj_hp__rosidl_typesupport_introspection_c.h
[1.109s] -- Up-to-date symlink: /home/rmsentry/DUST-RM-Sentry/install/global_interface/include/global_interface/global_interface/msg/detail/point2f__rosidl_typesupport_introspection_c.h
[1.109s] -- Up-to-date symlink: /home/rmsentry/DUST-RM-Sentry/install/global_interface/include/global_interface/global_interface/msg/detail/serial__rosidl_typesupport_introspection_c.h
[1.109s] -- Up-to-date symlink: /home/rmsentry/DUST-RM-Sentry/install/global_interface/include/global_interface/global_interface/msg/detail/strike_licensing__rosidl_typesupport_introspection_c.h
[1.111s] -- Up-to-date symlink: /home/rmsentry/DUST-RM-Sentry/install/global_interface/include/global_interface/global_interface/msg/rosidl_typesupport_introspection_c__visibility_control.h
[1.111s] -- Up-to-date symlink: /home/rmsentry/DUST-RM-Sentry/install/global_interface/include/global_interface/global_interface/msg/autoaim.hpp
[1.111s] -- Up-to-date symlink: /home/rmsentry/DUST-RM-Sentry/install/global_interface/include/global_interface/global_interface/msg/car_pos.hpp
[1.111s] -- Up-to-date symlink: /home/rmsentry/DUST-RM-Sentry/install/global_interface/include/global_interface/global_interface/msg/decision.hpp
[1.112s] -- Up-to-date symlink: /home/rmsentry/DUST-RM-Sentry/install/global_interface/include/global_interface/global_interface/msg/detail/autoaim__builder.hpp
[1.112s] -- Up-to-date symlink: /home/rmsentry/DUST-RM-Sentry/install/global_interface/include/global_interface/global_interface/msg/detail/autoaim__struct.hpp
[1.112s] -- Up-to-date symlink: /home/rmsentry/DUST-RM-Sentry/install/global_interface/include/global_interface/global_interface/msg/detail/autoaim__traits.hpp
[1.112s] -- Up-to-date symlink: /home/rmsentry/DUST-RM-Sentry/install/global_interface/include/global_interface/global_interface/msg/detail/autoaim__type_support.hpp
[1.112s] -- Up-to-date symlink: /home/rmsentry/DUST-RM-Sentry/install/global_interface/include/global_interface/global_interface/msg/detail/car_pos__builder.hpp
[1.112s] -- Up-to-date symlink: /home/rmsentry/DUST-RM-Sentry/install/global_interface/include/global_interface/global_interface/msg/detail/car_pos__struct.hpp
[1.112s] -- Up-to-date symlink: /home/rmsentry/DUST-RM-Sentry/install/global_interface/include/global_interface/global_interface/msg/detail/car_pos__traits.hpp
[1.113s] -- Up-to-date symlink: /home/rmsentry/DUST-RM-Sentry/install/global_interface/include/global_interface/global_interface/msg/detail/car_pos__type_support.hpp
[1.113s] -- Up-to-date symlink: /home/rmsentry/DUST-RM-Sentry/install/global_interface/include/global_interface/global_interface/msg/detail/decision__builder.hpp
[1.113s] -- Up-to-date symlink: /home/rmsentry/DUST-RM-Sentry/install/global_interface/include/global_interface/global_interface/msg/detail/decision__struct.hpp
[1.113s] -- Up-to-date symlink: /home/rmsentry/DUST-RM-Sentry/install/global_interface/include/global_interface/global_interface/msg/detail/decision__traits.hpp
[1.113s] -- Up-to-date symlink: /home/rmsentry/DUST-RM-Sentry/install/global_interface/include/global_interface/global_interface/msg/detail/decision__type_support.hpp
[1.113s] -- Up-to-date symlink: /home/rmsentry/DUST-RM-Sentry/install/global_interface/include/global_interface/global_interface/msg/detail/detection__builder.hpp
[1.113s] -- Up-to-date symlink: /home/rmsentry/DUST-RM-Sentry/install/global_interface/include/global_interface/global_interface/msg/detail/detection__struct.hpp
[1.113s] -- Up-to-date symlink: /home/rmsentry/DUST-RM-Sentry/install/global_interface/include/global_interface/global_interface/msg/detail/detection__traits.hpp
[1.113s] -- Up-to-date symlink: /home/rmsentry/DUST-RM-Sentry/install/global_interface/include/global_interface/global_interface/msg/detail/detection__type_support.hpp
[1.114s] -- Up-to-date symlink: /home/rmsentry/DUST-RM-Sentry/install/global_interface/include/global_interface/global_interface/msg/detail/detection_array__builder.hpp
[1.114s] -- Up-to-date symlink: /home/rmsentry/DUST-RM-Sentry/install/global_interface/include/global_interface/global_interface/msg/detail/detection_array__struct.hpp
[1.114s] -- Up-to-date symlink: /home/rmsentry/DUST-RM-Sentry/install/global_interface/include/global_interface/global_interface/msg/detail/detection_array__traits.hpp
[1.114s] -- Up-to-date symlink: /home/rmsentry/DUST-RM-Sentry/install/global_interface/include/global_interface/global_interface/msg/detail/detection_array__type_support.hpp
[1.114s] -- Up-to-date symlink: /home/rmsentry/DUST-RM-Sentry/install/global_interface/include/global_interface/global_interface/msg/detail/game_info__builder.hpp
[1.114s] -- Up-to-date symlink: /home/rmsentry/DUST-RM-Sentry/install/global_interface/include/global_interface/global_interface/msg/detail/game_info__struct.hpp
[1.114s] -- Up-to-date symlink: /home/rmsentry/DUST-RM-Sentry/install/global_interface/include/global_interface/global_interface/msg/detail/game_info__traits.hpp
[1.114s] -- Up-to-date symlink: /home/rmsentry/DUST-RM-Sentry/install/global_interface/include/global_interface/global_interface/msg/detail/game_info__type_support.hpp
[1.114s] -- Up-to-date symlink: /home/rmsentry/DUST-RM-Sentry/install/global_interface/include/global_interface/global_interface/msg/detail/mode_set__builder.hpp
[1.114s] -- Up-to-date symlink: /home/rmsentry/DUST-RM-Sentry/install/global_interface/include/global_interface/global_interface/msg/detail/mode_set__struct.hpp
[1.114s] -- Up-to-date symlink: /home/rmsentry/DUST-RM-Sentry/install/global_interface/include/global_interface/global_interface/msg/detail/mode_set__traits.hpp
[1.115s] -- Up-to-date symlink: /home/rmsentry/DUST-RM-Sentry/install/global_interface/include/global_interface/global_interface/msg/detail/mode_set__type_support.hpp
[1.115s] -- Up-to-date symlink: /home/rmsentry/DUST-RM-Sentry/install/global_interface/include/global_interface/global_interface/msg/detail/obj_hp__builder.hpp
[1.115s] -- Up-to-date symlink: /home/rmsentry/DUST-RM-Sentry/install/global_interface/include/global_interface/global_interface/msg/detail/obj_hp__struct.hpp
[1.115s] -- Up-to-date symlink: /home/rmsentry/DUST-RM-Sentry/install/global_interface/include/global_interface/global_interface/msg/detail/obj_hp__traits.hpp
[1.115s] -- Up-to-date symlink: /home/rmsentry/DUST-RM-Sentry/install/global_interface/include/global_interface/global_interface/msg/detail/obj_hp__type_support.hpp
[1.115s] -- Up-to-date symlink: /home/rmsentry/DUST-RM-Sentry/install/global_interface/include/global_interface/global_interface/msg/detail/point2f__builder.hpp
[1.115s] -- Up-to-date symlink: /home/rmsentry/DUST-RM-Sentry/install/global_interface/include/global_interface/global_interface/msg/detail/point2f__struct.hpp
[1.115s] -- Up-to-date symlink: /home/rmsentry/DUST-RM-Sentry/install/global_interface/include/global_interface/global_interface/msg/detail/point2f__traits.hpp
[1.115s] -- Up-to-date symlink: /home/rmsentry/DUST-RM-Sentry/install/global_interface/include/global_interface/global_interface/msg/detail/point2f__type_support.hpp
[1.115s] -- Up-to-date symlink: /home/rmsentry/DUST-RM-Sentry/install/global_interface/include/global_interface/global_interface/msg/detail/serial__builder.hpp
[1.115s] -- Up-to-date symlink: /home/rmsentry/DUST-RM-Sentry/install/global_interface/include/global_interface/global_interface/msg/detail/serial__struct.hpp
[1.115s] -- Up-to-date symlink: /home/rmsentry/DUST-RM-Sentry/install/global_interface/include/global_interface/global_interface/msg/detail/serial__traits.hpp
[1.115s] -- Up-to-date symlink: /home/rmsentry/DUST-RM-Sentry/install/global_interface/include/global_interface/global_interface/msg/detail/serial__type_support.hpp
[1.115s] -- Up-to-date symlink: /home/rmsentry/DUST-RM-Sentry/install/global_interface/include/global_interface/global_interface/msg/detail/strike_licensing__builder.hpp
[1.115s] -- Up-to-date symlink: /home/rmsentry/DUST-RM-Sentry/install/global_interface/include/global_interface/global_interface/msg/detail/strike_licensing__struct.hpp
[1.116s] -- Up-to-date symlink: /home/rmsentry/DUST-RM-Sentry/install/global_interface/include/global_interface/global_interface/msg/detail/strike_licensing__traits.hpp
[1.116s] -- Up-to-date symlink: /home/rmsentry/DUST-RM-Sentry/install/global_interface/include/global_interface/global_interface/msg/detail/strike_licensing__type_support.hpp
[1.116s] -- Up-to-date symlink: /home/rmsentry/DUST-RM-Sentry/install/global_interface/include/global_interface/global_interface/msg/detection.hpp
[1.116s] -- Up-to-date symlink: /home/rmsentry/DUST-RM-Sentry/install/global_interface/include/global_interface/global_interface/msg/detection_array.hpp
[1.116s] -- Up-to-date symlink: /home/rmsentry/DUST-RM-Sentry/install/global_interface/include/global_interface/global_interface/msg/game_info.hpp
[1.116s] -- Up-to-date symlink: /home/rmsentry/DUST-RM-Sentry/install/global_interface/include/global_interface/global_interface/msg/mode_set.hpp
[1.116s] -- Up-to-date symlink: /home/rmsentry/DUST-RM-Sentry/install/global_interface/include/global_interface/global_interface/msg/obj_hp.hpp
[1.116s] -- Up-to-date symlink: /home/rmsentry/DUST-RM-Sentry/install/global_interface/include/global_interface/global_interface/msg/point2f.hpp
[1.116s] -- Up-to-date symlink: /home/rmsentry/DUST-RM-Sentry/install/global_interface/include/global_interface/global_interface/msg/rosidl_generator_cpp__visibility_control.hpp
[1.116s] -- Up-to-date symlink: /home/rmsentry/DUST-RM-Sentry/install/global_interface/include/global_interface/global_interface/msg/serial.hpp
[1.116s] -- Up-to-date symlink: /home/rmsentry/DUST-RM-Sentry/install/global_interface/include/global_interface/global_interface/msg/strike_licensing.hpp
[1.116s] -- Up-to-date symlink: /home/rmsentry/DUST-RM-Sentry/install/global_interface/include/global_interface/global_interface/msg/detail/autoaim__rosidl_typesupport_fastrtps_cpp.hpp
[1.117s] -- Up-to-date symlink: /home/rmsentry/DUST-RM-Sentry/install/global_interface/include/global_interface/global_interface/msg/detail/car_pos__rosidl_typesupport_fastrtps_cpp.hpp
[1.117s] -- Up-to-date symlink: /home/rmsentry/DUST-RM-Sentry/install/global_interface/include/global_interface/global_interface/msg/detail/decision__rosidl_typesupport_fastrtps_cpp.hpp
[1.117s] -- Up-to-date symlink: /home/rmsentry/DUST-RM-Sentry/install/global_interface/include/global_interface/global_interface/msg/detail/detection__rosidl_typesupport_fastrtps_cpp.hpp
[1.117s] -- Up-to-date symlink: /home/rmsentry/DUST-RM-Sentry/install/global_interface/include/global_interface/global_interface/msg/detail/detection_array__rosidl_typesupport_fastrtps_cpp.hpp
[1.117s] -- Up-to-date symlink: /home/rmsentry/DUST-RM-Sentry/install/global_interface/include/global_interface/global_interface/msg/detail/game_info__rosidl_typesupport_fastrtps_cpp.hpp
[1.117s] -- Up-to-date symlink: /home/rmsentry/DUST-RM-Sentry/install/global_interface/include/global_interface/global_interface/msg/detail/mode_set__rosidl_typesupport_fastrtps_cpp.hpp
[1.117s] -- Up-to-date symlink: /home/rmsentry/DUST-RM-Sentry/install/global_interface/include/global_interface/global_interface/msg/detail/obj_hp__rosidl_typesupport_fastrtps_cpp.hpp
[1.117s] -- Up-to-date symlink: /home/rmsentry/DUST-RM-Sentry/install/global_interface/include/global_interface/global_interface/msg/detail/point2f__rosidl_typesupport_fastrtps_cpp.hpp
[1.117s] -- Up-to-date symlink: /home/rmsentry/DUST-RM-Sentry/install/global_interface/include/global_interface/global_interface/msg/detail/serial__rosidl_typesupport_fastrtps_cpp.hpp
[1.117s] -- Up-to-date symlink: /home/rmsentry/DUST-RM-Sentry/install/global_interface/include/global_interface/global_interface/msg/detail/strike_licensing__rosidl_typesupport_fastrtps_cpp.hpp
[1.117s] -- Up-to-date symlink: /home/rmsentry/DUST-RM-Sentry/install/global_interface/include/global_interface/global_interface/msg/rosidl_typesupport_fastrtps_cpp__visibility_control.h
[1.117s] -- Up-to-date symlink: /home/rmsentry/DUST-RM-Sentry/install/global_interface/include/global_interface/global_interface/msg/detail/autoaim__rosidl_typesupport_introspection_cpp.hpp
[1.117s] -- Up-to-date symlink: /home/rmsentry/DUST-RM-Sentry/install/global_interface/include/global_interface/global_interface/msg/detail/car_pos__rosidl_typesupport_introspection_cpp.hpp
[1.117s] -- Up-to-date symlink: /home/rmsentry/DUST-RM-Sentry/install/global_interface/include/global_interface/global_interface/msg/detail/decision__rosidl_typesupport_introspection_cpp.hpp
[1.118s] -- Up-to-date symlink: /home/rmsentry/DUST-RM-Sentry/install/global_interface/include/global_interface/global_interface/msg/detail/detection__rosidl_typesupport_introspection_cpp.hpp
[1.118s] -- Up-to-date symlink: /home/rmsentry/DUST-RM-Sentry/install/global_interface/include/global_interface/global_interface/msg/detail/detection_array__rosidl_typesupport_introspection_cpp.hpp
[1.118s] -- Up-to-date symlink: /home/rmsentry/DUST-RM-Sentry/install/global_interface/include/global_interface/global_interface/msg/detail/game_info__rosidl_typesupport_introspection_cpp.hpp
[1.118s] -- Up-to-date symlink: /home/rmsentry/DUST-RM-Sentry/install/global_interface/include/global_interface/global_interface/msg/detail/mode_set__rosidl_typesupport_introspection_cpp.hpp
[1.118s] -- Up-to-date symlink: /home/rmsentry/DUST-RM-Sentry/install/global_interface/include/global_interface/global_interface/msg/detail/obj_hp__rosidl_typesupport_introspection_cpp.hpp
[1.118s] -- Up-to-date symlink: /home/rmsentry/DUST-RM-Sentry/install/global_interface/include/global_interface/global_interface/msg/detail/point2f__rosidl_typesupport_introspection_cpp.hpp
[1.118s] -- Up-to-date symlink: /home/rmsentry/DUST-RM-Sentry/install/global_interface/include/global_interface/global_interface/msg/detail/serial__rosidl_typesupport_introspection_cpp.hpp
[1.118s] -- Up-to-date symlink: /home/rmsentry/DUST-RM-Sentry/install/global_interface/include/global_interface/global_interface/msg/detail/strike_licensing__rosidl_typesupport_introspection_cpp.hpp
[1.118s] -- Up-to-date symlink: /home/rmsentry/DUST-RM-Sentry/install/global_interface/share/global_interface/environment/pythonpath.sh
[1.119s] -- Up-to-date symlink: /home/rmsentry/DUST-RM-Sentry/install/global_interface/share/global_interface/environment/pythonpath.dsv
[1.119s] -- Up-to-date symlink: /home/rmsentry/DUST-RM-Sentry/install/global_interface/local/lib/python3.10/dist-packages/global_interface-0.0.0-py3.10.egg-info/PKG-INFO
[1.119s] -- Up-to-date symlink: /home/rmsentry/DUST-RM-Sentry/install/global_interface/local/lib/python3.10/dist-packages/global_interface-0.0.0-py3.10.egg-info/SOURCES.txt
[1.119s] -- Up-to-date symlink: /home/rmsentry/DUST-RM-Sentry/install/global_interface/local/lib/python3.10/dist-packages/global_interface-0.0.0-py3.10.egg-info/dependency_links.txt
[1.119s] -- Up-to-date symlink: /home/rmsentry/DUST-RM-Sentry/install/global_interface/local/lib/python3.10/dist-packages/global_interface-0.0.0-py3.10.egg-info/top_level.txt
[1.119s] -- Up-to-date symlink: /home/rmsentry/DUST-RM-Sentry/install/global_interface/local/lib/python3.10/dist-packages/global_interface/__init__.py
[1.119s] -- Up-to-date symlink: /home/rmsentry/DUST-RM-Sentry/install/global_interface/local/lib/python3.10/dist-packages/global_interface/_global_interface_s.ep.rosidl_typesupport_c.c
[1.119s] -- Up-to-date symlink: /home/rmsentry/DUST-RM-Sentry/install/global_interface/local/lib/python3.10/dist-packages/global_interface/_global_interface_s.ep.rosidl_typesupport_fastrtps_c.c
[1.120s] -- Up-to-date symlink: /home/rmsentry/DUST-RM-Sentry/install/global_interface/local/lib/python3.10/dist-packages/global_interface/_global_interface_s.ep.rosidl_typesupport_introspection_c.c
[1.120s] -- Up-to-date symlink: /home/rmsentry/DUST-RM-Sentry/install/global_interface/local/lib/python3.10/dist-packages/global_interface/global_interface_s__rosidl_typesupport_c.cpython-310-x86_64-linux-gnu.so
[1.120s] -- Up-to-date symlink: /home/rmsentry/DUST-RM-Sentry/install/global_interface/local/lib/python3.10/dist-packages/global_interface/global_interface_s__rosidl_typesupport_fastrtps_c.cpython-310-x86_64-linux-gnu.so
[1.120s] -- Up-to-date symlink: /home/rmsentry/DUST-RM-Sentry/install/global_interface/local/lib/python3.10/dist-packages/global_interface/global_interface_s__rosidl_typesupport_introspection_c.cpython-310-x86_64-linux-gnu.so
[1.120s] -- Up-to-date symlink: /home/rmsentry/DUST-RM-Sentry/install/global_interface/local/lib/python3.10/dist-packages/global_interface/libglobal_interface__rosidl_generator_py.so
[1.120s] -- Up-to-date symlink: /home/rmsentry/DUST-RM-Sentry/install/global_interface/local/lib/python3.10/dist-packages/global_interface/msg/__init__.py
[1.120s] -- Up-to-date symlink: /home/rmsentry/DUST-RM-Sentry/install/global_interface/local/lib/python3.10/dist-packages/global_interface/msg/_autoaim.py
[1.120s] -- Up-to-date symlink: /home/rmsentry/DUST-RM-Sentry/install/global_interface/local/lib/python3.10/dist-packages/global_interface/msg/_autoaim_s.c
[1.120s] -- Up-to-date symlink: /home/rmsentry/DUST-RM-Sentry/install/global_interface/local/lib/python3.10/dist-packages/global_interface/msg/_car_pos.py
[1.120s] -- Up-to-date symlink: /home/rmsentry/DUST-RM-Sentry/install/global_interface/local/lib/python3.10/dist-packages/global_interface/msg/_car_pos_s.c
[1.120s] -- Up-to-date symlink: /home/rmsentry/DUST-RM-Sentry/install/global_interface/local/lib/python3.10/dist-packages/global_interface/msg/_decision.py
[1.120s] -- Up-to-date symlink: /home/rmsentry/DUST-RM-Sentry/install/global_interface/local/lib/python3.10/dist-packages/global_interface/msg/_decision_s.c
[1.121s] -- Up-to-date symlink: /home/rmsentry/DUST-RM-Sentry/install/global_interface/local/lib/python3.10/dist-packages/global_interface/msg/_detection.py
[1.121s] -- Up-to-date symlink: /home/rmsentry/DUST-RM-Sentry/install/global_interface/local/lib/python3.10/dist-packages/global_interface/msg/_detection_array.py
[1.121s] -- Up-to-date symlink: /home/rmsentry/DUST-RM-Sentry/install/global_interface/local/lib/python3.10/dist-packages/global_interface/msg/_detection_array_s.c
[1.121s] -- Up-to-date symlink: /home/rmsentry/DUST-RM-Sentry/install/global_interface/local/lib/python3.10/dist-packages/global_interface/msg/_detection_s.c
[1.121s] -- Up-to-date symlink: /home/rmsentry/DUST-RM-Sentry/install/global_interface/local/lib/python3.10/dist-packages/global_interface/msg/_game_info.py
[1.121s] -- Up-to-date symlink: /home/rmsentry/DUST-RM-Sentry/install/global_interface/local/lib/python3.10/dist-packages/global_interface/msg/_game_info_s.c
[1.122s] -- Up-to-date symlink: /home/rmsentry/DUST-RM-Sentry/install/global_interface/local/lib/python3.10/dist-packages/global_interface/msg/_mode_set.py
[1.122s] -- Up-to-date symlink: /home/rmsentry/DUST-RM-Sentry/install/global_interface/local/lib/python3.10/dist-packages/global_interface/msg/_mode_set_s.c
[1.124s] -- Up-to-date symlink: /home/rmsentry/DUST-RM-Sentry/install/global_interface/local/lib/python3.10/dist-packages/global_interface/msg/_obj_hp.py
[1.124s] -- Up-to-date symlink: /home/rmsentry/DUST-RM-Sentry/install/global_interface/local/lib/python3.10/dist-packages/global_interface/msg/_obj_hp_s.c
[1.124s] -- Up-to-date symlink: /home/rmsentry/DUST-RM-Sentry/install/global_interface/local/lib/python3.10/dist-packages/global_interface/msg/_point2f.py
[1.124s] -- Up-to-date symlink: /home/rmsentry/DUST-RM-Sentry/install/global_interface/local/lib/python3.10/dist-packages/global_interface/msg/_point2f_s.c
[1.124s] -- Up-to-date symlink: /home/rmsentry/DUST-RM-Sentry/install/global_interface/local/lib/python3.10/dist-packages/global_interface/msg/_serial.py
[1.124s] -- Up-to-date symlink: /home/rmsentry/DUST-RM-Sentry/install/global_interface/local/lib/python3.10/dist-packages/global_interface/msg/_serial_s.c
[1.124s] -- Up-to-date symlink: /home/rmsentry/DUST-RM-Sentry/install/global_interface/local/lib/python3.10/dist-packages/global_interface/msg/_strike_licensing.py
[1.124s] -- Up-to-date symlink: /home/rmsentry/DUST-RM-Sentry/install/global_interface/local/lib/python3.10/dist-packages/global_interface/msg/_strike_licensing_s.c
[1.124s] -- Up-to-date symlink: /home/rmsentry/DUST-RM-Sentry/install/global_interface/local/lib/python3.10/dist-packages/global_interface/global_interface_s__rosidl_typesupport_fastrtps_c.cpython-310-x86_64-linux-gnu.so
[1.124s] -- Up-to-date symlink: /home/rmsentry/DUST-RM-Sentry/install/global_interface/local/lib/python3.10/dist-packages/global_interface/global_interface_s__rosidl_typesupport_introspection_c.cpython-310-x86_64-linux-gnu.so
[1.125s] -- Up-to-date symlink: /home/rmsentry/DUST-RM-Sentry/install/global_interface/local/lib/python3.10/dist-packages/global_interface/global_interface_s__rosidl_typesupport_c.cpython-310-x86_64-linux-gnu.so
[1.125s] -- Up-to-date symlink: /home/rmsentry/DUST-RM-Sentry/install/global_interface/share/global_interface/msg/ObjHP.idl
[1.125s] -- Up-to-date symlink: /home/rmsentry/DUST-RM-Sentry/install/global_interface/share/global_interface/msg/CarPos.idl
[1.125s] -- Up-to-date symlink: /home/rmsentry/DUST-RM-Sentry/install/global_interface/share/global_interface/msg/GameInfo.idl
[1.125s] -- Up-to-date symlink: /home/rmsentry/DUST-RM-Sentry/install/global_interface/share/global_interface/msg/Point2f.idl
[1.125s] -- Up-to-date symlink: /home/rmsentry/DUST-RM-Sentry/install/global_interface/share/global_interface/msg/Serial.idl
[1.125s] -- Up-to-date symlink: /home/rmsentry/DUST-RM-Sentry/install/global_interface/share/global_interface/msg/Detection.idl
[1.125s] -- Up-to-date symlink: /home/rmsentry/DUST-RM-Sentry/install/global_interface/share/global_interface/msg/DetectionArray.idl
[1.126s] -- Up-to-date symlink: /home/rmsentry/DUST-RM-Sentry/install/global_interface/share/global_interface/msg/Decision.idl
[1.126s] -- Up-to-date symlink: /home/rmsentry/DUST-RM-Sentry/install/global_interface/share/global_interface/msg/Autoaim.idl
[1.126s] -- Up-to-date symlink: /home/rmsentry/DUST-RM-Sentry/install/global_interface/share/global_interface/msg/ModeSet.idl
[1.126s] -- Up-to-date symlink: /home/rmsentry/DUST-RM-Sentry/install/global_interface/share/global_interface/msg/StrikeLicensing.idl
[1.126s] -- Up-to-date symlink: /home/rmsentry/DUST-RM-Sentry/install/global_interface/share/global_interface/msg/ObjHP.msg
[1.126s] -- Up-to-date symlink: /home/rmsentry/DUST-RM-Sentry/install/global_interface/share/global_interface/msg/CarPos.msg
[1.126s] -- Up-to-date symlink: /home/rmsentry/DUST-RM-Sentry/install/global_interface/share/global_interface/msg/GameInfo.msg
[1.127s] -- Up-to-date symlink: /home/rmsentry/DUST-RM-Sentry/install/global_interface/share/global_interface/msg/Point2f.msg
[1.127s] -- Up-to-date symlink: /home/rmsentry/DUST-RM-Sentry/install/global_interface/share/global_interface/msg/Serial.msg
[1.127s] -- Up-to-date symlink: /home/rmsentry/DUST-RM-Sentry/install/global_interface/share/global_interface/msg/Detection.msg
[1.127s] -- Up-to-date symlink: /home/rmsentry/DUST-RM-Sentry/install/global_interface/share/global_interface/msg/DetectionArray.msg
[1.128s] -- Up-to-date symlink: /home/rmsentry/DUST-RM-Sentry/install/global_interface/share/global_interface/msg/Decision.msg
[1.128s] -- Up-to-date symlink: /home/rmsentry/DUST-RM-Sentry/install/global_interface/share/global_interface/msg/Autoaim.msg
[1.128s] -- Up-to-date symlink: /home/rmsentry/DUST-RM-Sentry/install/global_interface/share/global_interface/msg/ModeSet.msg
[1.128s] -- Up-to-date symlink: /home/rmsentry/DUST-RM-Sentry/install/global_interface/share/global_interface/msg/StrikeLicensing.msg
[1.128s] -- Up-to-date symlink: /home/rmsentry/DUST-RM-Sentry/install/global_interface/share/ament_index/resource_index/package_run_dependencies/global_interface
[1.129s] -- Up-to-date symlink: /home/rmsentry/DUST-RM-Sentry/install/global_interface/share/ament_index/resource_index/parent_prefix_path/global_interface
[1.129s] -- Up-to-date symlink: /home/rmsentry/DUST-RM-Sentry/install/global_interface/share/global_interface/environment/ament_prefix_path.sh
[1.130s] -- Up-to-date symlink: /home/rmsentry/DUST-RM-Sentry/install/global_interface/share/global_interface/environment/ament_prefix_path.dsv
[1.130s] -- Up-to-date symlink: /home/rmsentry/DUST-RM-Sentry/install/global_interface/share/global_interface/environment/path.sh
[1.130s] -- Up-to-date symlink: /home/rmsentry/DUST-RM-Sentry/install/global_interface/share/global_interface/environment/path.dsv
[1.130s] -- Up-to-date symlink: /home/rmsentry/DUST-RM-Sentry/install/global_interface/share/global_interface/local_setup.bash
[1.130s] -- Up-to-date symlink: /home/rmsentry/DUST-RM-Sentry/install/global_interface/share/global_interface/local_setup.sh
[1.130s] -- Up-to-date symlink: /home/rmsentry/DUST-RM-Sentry/install/global_interface/share/global_interface/local_setup.zsh
[1.130s] -- Up-to-date symlink: /home/rmsentry/DUST-RM-Sentry/install/global_interface/share/global_interface/local_setup.dsv
[1.131s] -- Symlinking: /home/rmsentry/DUST-RM-Sentry/install/global_interface/share/global_interface/package.dsv
[1.131s] -- Up-to-date symlink: /home/rmsentry/DUST-RM-Sentry/install/global_interface/share/ament_index/resource_index/packages/global_interface
[1.131s] -- Up-to-date symlink: /home/rmsentry/DUST-RM-Sentry/install/global_interface/share/global_interface/cmake/rosidl_cmake-extras.cmake
[1.131s] -- Up-to-date symlink: /home/rmsentry/DUST-RM-Sentry/install/global_interface/share/global_interface/cmake/ament_cmake_export_dependencies-extras.cmake
[1.131s] -- Up-to-date symlink: /home/rmsentry/DUST-RM-Sentry/install/global_interface/share/global_interface/cmake/ament_cmake_export_include_directories-extras.cmake
[1.131s] -- Up-to-date symlink: /home/rmsentry/DUST-RM-Sentry/install/global_interface/share/global_interface/cmake/ament_cmake_export_libraries-extras.cmake
[1.131s] -- Up-to-date symlink: /home/rmsentry/DUST-RM-Sentry/install/global_interface/share/global_interface/cmake/ament_cmake_export_targets-extras.cmake
[1.132s] -- Up-to-date symlink: /home/rmsentry/DUST-RM-Sentry/install/global_interface/share/global_interface/cmake/rosidl_cmake_export_typesupport_targets-extras.cmake
[1.132s] -- Up-to-date symlink: /home/rmsentry/DUST-RM-Sentry/install/global_interface/share/global_interface/cmake/rosidl_cmake_export_typesupport_libraries-extras.cmake
[1.132s] -- Up-to-date symlink: /home/rmsentry/DUST-RM-Sentry/install/global_interface/share/global_interface/cmake/global_interfaceConfig.cmake
[1.132s] -- Up-to-date symlink: /home/rmsentry/DUST-RM-Sentry/install/global_interface/share/global_interface/cmake/global_interfaceConfig-version.cmake
[1.132s] -- Up-to-date symlink: /home/rmsentry/DUST-RM-Sentry/install/global_interface/share/global_interface/package.xml
[1.133s] -- Up-to-date: /home/rmsentry/DUST-RM-Sentry/install/global_interface/lib/libglobal_interface__rosidl_generator_c.so
[1.133s] -- Up-to-date: /home/rmsentry/DUST-RM-Sentry/install/global_interface/lib/libglobal_interface__rosidl_typesupport_fastrtps_c.so
[1.133s] -- Up-to-date: /home/rmsentry/DUST-RM-Sentry/install/global_interface/lib/libglobal_interface__rosidl_typesupport_introspection_c.so
[1.133s] -- Up-to-date: /home/rmsentry/DUST-RM-Sentry/install/global_interface/lib/libglobal_interface__rosidl_typesupport_c.so
[1.134s] -- Up-to-date: /home/rmsentry/DUST-RM-Sentry/install/global_interface/lib/libglobal_interface__rosidl_typesupport_fastrtps_cpp.so
[1.134s] -- Up-to-date: /home/rmsentry/DUST-RM-Sentry/install/global_interface/lib/libglobal_interface__rosidl_typesupport_introspection_cpp.so
[1.134s] -- Up-to-date: /home/rmsentry/DUST-RM-Sentry/install/global_interface/lib/libglobal_interface__rosidl_typesupport_cpp.so
[1.143s] Listing '/home/rmsentry/DUST-RM-Sentry/install/global_interface/local/lib/python3.10/dist-packages/global_interface'...
[1.143s] Listing '/home/rmsentry/DUST-RM-Sentry/install/global_interface/local/lib/python3.10/dist-packages/global_interface/msg'...
[1.148s] -- Up-to-date: /home/rmsentry/DUST-RM-Sentry/install/global_interface/lib/libglobal_interface__rosidl_generator_py.so
[1.148s] -- Up-to-date: /home/rmsentry/DUST-RM-Sentry/install/global_interface/share/global_interface/cmake/export_global_interface__rosidl_generator_cExport.cmake
[1.148s] -- Up-to-date: /home/rmsentry/DUST-RM-Sentry/install/global_interface/share/global_interface/cmake/export_global_interface__rosidl_generator_cExport-noconfig.cmake
[1.148s] -- Up-to-date: /home/rmsentry/DUST-RM-Sentry/install/global_interface/share/global_interface/cmake/export_global_interface__rosidl_typesupport_fastrtps_cExport.cmake
[1.148s] -- Up-to-date: /home/rmsentry/DUST-RM-Sentry/install/global_interface/share/global_interface/cmake/export_global_interface__rosidl_typesupport_fastrtps_cExport-noconfig.cmake
[1.149s] -- Up-to-date: /home/rmsentry/DUST-RM-Sentry/install/global_interface/share/global_interface/cmake/global_interface__rosidl_typesupport_introspection_cExport.cmake
[1.149s] -- Up-to-date: /home/rmsentry/DUST-RM-Sentry/install/global_interface/share/global_interface/cmake/global_interface__rosidl_typesupport_introspection_cExport-noconfig.cmake
[1.149s] -- Up-to-date: /home/rmsentry/DUST-RM-Sentry/install/global_interface/share/global_interface/cmake/global_interface__rosidl_typesupport_cExport.cmake
[1.149s] -- Up-to-date: /home/rmsentry/DUST-RM-Sentry/install/global_interface/share/global_interface/cmake/global_interface__rosidl_typesupport_cExport-noconfig.cmake
[1.149s] -- Up-to-date: /home/rmsentry/DUST-RM-Sentry/install/global_interface/share/global_interface/cmake/export_global_interface__rosidl_generator_cppExport.cmake
[1.149s] -- Up-to-date: /home/rmsentry/DUST-RM-Sentry/install/global_interface/share/global_interface/cmake/export_global_interface__rosidl_typesupport_fastrtps_cppExport.cmake
[1.149s] -- Up-to-date: /home/rmsentry/DUST-RM-Sentry/install/global_interface/share/global_interface/cmake/export_global_interface__rosidl_typesupport_fastrtps_cppExport-noconfig.cmake
[1.149s] -- Up-to-date: /home/rmsentry/DUST-RM-Sentry/install/global_interface/share/global_interface/cmake/global_interface__rosidl_typesupport_introspection_cppExport.cmake
[1.149s] -- Up-to-date: /home/rmsentry/DUST-RM-Sentry/install/global_interface/share/global_interface/cmake/global_interface__rosidl_typesupport_introspection_cppExport-noconfig.cmake
[1.149s] -- Up-to-date: /home/rmsentry/DUST-RM-Sentry/install/global_interface/share/global_interface/cmake/global_interface__rosidl_typesupport_cppExport.cmake
[1.149s] -- Up-to-date: /home/rmsentry/DUST-RM-Sentry/install/global_interface/share/global_interface/cmake/global_interface__rosidl_typesupport_cppExport-noconfig.cmake
[1.149s] -- Up-to-date: /home/rmsentry/DUST-RM-Sentry/install/global_interface/share/global_interface/cmake/export_global_interface__rosidl_generator_pyExport.cmake
[1.149s] -- Up-to-date: /home/rmsentry/DUST-RM-Sentry/install/global_interface/share/global_interface/cmake/export_global_interface__rosidl_generator_pyExport-noconfig.cmake
[1.276s] Invoked command in '/home/rmsentry/DUST-RM-Sentry/build/global_interface' returned '0': CMAKE_PREFIX_PATH=${CMAKE_PREFIX_PATH}:/home/rmsentry/DUST-RM-Sentry/install/rm_decision:/home/rmsentry/DUST-RM-Sentry/install/fake_msg_publisher:/opt/ros/humble /usr/local/bin/cmake --install /home/rmsentry/DUST-RM-Sentry/build/global_interface
