[0.111s] Invoking command in '/home/rmsentry/DUST-RM-Sentry/build/vision_msg': CMAKE_PREFIX_PATH=${CMAKE_PREFIX_PATH}:/home/rmsentry/DUST-RM-Sentry/install/rm_decision:/home/rmsentry/DUST-RM-Sentry/install/fake_msg_publisher:/opt/ros/humble /usr/local/bin/cmake --build /home/rmsentry/DUST-RM-Sentry/build/vision_msg -- -j12 -l12
[0.151s] [  2%] Built target vision_msg__cpp
[0.152s] [ 12%] Built target vision_msg__rosidl_generator_c
[0.156s] [ 12%] Built target ament_cmake_python_symlink_vision_msg
[0.172s] [ 23%] Built target vision_msg__rosidl_typesupport_fastrtps_cpp
[0.172s] [ 34%] Built target vision_msg__rosidl_typesupport_introspection_cpp
[0.173s] [ 44%] Built target vision_msg__rosidl_typesupport_cpp
[0.174s] [ 55%] Built target vision_msg__rosidl_typesupport_fastrtps_c
[0.175s] [ 65%] Built target vision_msg__rosidl_typesupport_c
[0.176s] [ 76%] Built target vision_msg__rosidl_typesupport_introspection_c
[0.201s] [ 76%] Built target vision_msg
[0.262s] [ 78%] Built target vision_msg__py
[0.273s] [ 87%] Built target vision_msg__rosidl_generator_py
[0.315s] [ 91%] Built target vision_msg__rosidl_typesupport_c__pyext
[0.338s] [ 95%] Built target vision_msg__rosidl_typesupport_introspection_c__pyext
[0.341s] [100%] Built target vision_msg__rosidl_typesupport_fastrtps_c__pyext
[0.450s] running egg_info
[0.451s] writing vision_msg.egg-info/PKG-INFO
[0.451s] writing dependency_links to vision_msg.egg-info/dependency_links.txt
[0.451s] writing top-level names to vision_msg.egg-info/top_level.txt
[0.456s] reading manifest file 'vision_msg.egg-info/SOURCES.txt'
[0.456s] writing manifest file 'vision_msg.egg-info/SOURCES.txt'
[0.491s] [100%] Built target ament_cmake_python_build_vision_msg_egg
[0.644s] Invoked command in '/home/rmsentry/DUST-RM-Sentry/build/vision_msg' returned '0': CMAKE_PREFIX_PATH=${CMAKE_PREFIX_PATH}:/home/rmsentry/DUST-RM-Sentry/install/rm_decision:/home/rmsentry/DUST-RM-Sentry/install/fake_msg_publisher:/opt/ros/humble /usr/local/bin/cmake --build /home/rmsentry/DUST-RM-Sentry/build/vision_msg -- -j12 -l12
[0.645s] Invoking command in '/home/rmsentry/DUST-RM-Sentry/build/vision_msg': CMAKE_PREFIX_PATH=${CMAKE_PREFIX_PATH}:/home/rmsentry/DUST-RM-Sentry/install/rm_decision:/home/rmsentry/DUST-RM-Sentry/install/fake_msg_publisher:/opt/ros/humble /usr/local/bin/cmake --install /home/rmsentry/DUST-RM-Sentry/build/vision_msg
[1.027s] -- Install configuration: ""
[1.027s] -- Execute custom install script
[1.027s] -- Up-to-date symlink: /home/rmsentry/DUST-RM-Sentry/install/vision_msg/share/ament_index/resource_index/rosidl_interfaces/vision_msg
[1.027s] -- Up-to-date symlink: /home/rmsentry/DUST-RM-Sentry/install/vision_msg/include/vision_msg/vision_msg/msg/detail/detected_id__functions.h
[1.027s] -- Up-to-date symlink: /home/rmsentry/DUST-RM-Sentry/install/vision_msg/include/vision_msg/vision_msg/msg/detail/detected_id__struct.h
[1.027s] -- Up-to-date symlink: /home/rmsentry/DUST-RM-Sentry/install/vision_msg/include/vision_msg/vision_msg/msg/detail/detected_id__type_support.h
[1.027s] -- Up-to-date symlink: /home/rmsentry/DUST-RM-Sentry/install/vision_msg/include/vision_msg/vision_msg/msg/detail/gimble_position__functions.h
[1.027s] -- Up-to-date symlink: /home/rmsentry/DUST-RM-Sentry/install/vision_msg/include/vision_msg/vision_msg/msg/detail/gimble_position__struct.h
[1.027s] -- Up-to-date symlink: /home/rmsentry/DUST-RM-Sentry/install/vision_msg/include/vision_msg/vision_msg/msg/detail/gimble_position__type_support.h
[1.027s] -- Up-to-date symlink: /home/rmsentry/DUST-RM-Sentry/install/vision_msg/include/vision_msg/vision_msg/msg/detail/selected_id__functions.h
[1.027s] -- Up-to-date symlink: /home/rmsentry/DUST-RM-Sentry/install/vision_msg/include/vision_msg/vision_msg/msg/detail/selected_id__struct.h
[1.027s] -- Up-to-date symlink: /home/rmsentry/DUST-RM-Sentry/install/vision_msg/include/vision_msg/vision_msg/msg/detail/selected_id__type_support.h
[1.027s] -- Up-to-date symlink: /home/rmsentry/DUST-RM-Sentry/install/vision_msg/include/vision_msg/vision_msg/msg/detected_id.h
[1.027s] -- Up-to-date symlink: /home/rmsentry/DUST-RM-Sentry/install/vision_msg/include/vision_msg/vision_msg/msg/gimble_position.h
[1.028s] -- Up-to-date symlink: /home/rmsentry/DUST-RM-Sentry/install/vision_msg/include/vision_msg/vision_msg/msg/rosidl_generator_c__visibility_control.h
[1.028s] -- Up-to-date symlink: /home/rmsentry/DUST-RM-Sentry/install/vision_msg/include/vision_msg/vision_msg/msg/selected_id.h
[1.028s] -- Up-to-date symlink: /home/rmsentry/DUST-RM-Sentry/install/vision_msg/share/vision_msg/environment/library_path.sh
[1.028s] -- Up-to-date symlink: /home/rmsentry/DUST-RM-Sentry/install/vision_msg/share/vision_msg/environment/library_path.dsv
[1.028s] -- Up-to-date symlink: /home/rmsentry/DUST-RM-Sentry/install/vision_msg/include/vision_msg/vision_msg/msg/detail/detected_id__rosidl_typesupport_fastrtps_c.h
[1.028s] -- Up-to-date symlink: /home/rmsentry/DUST-RM-Sentry/install/vision_msg/include/vision_msg/vision_msg/msg/detail/gimble_position__rosidl_typesupport_fastrtps_c.h
[1.028s] -- Up-to-date symlink: /home/rmsentry/DUST-RM-Sentry/install/vision_msg/include/vision_msg/vision_msg/msg/detail/selected_id__rosidl_typesupport_fastrtps_c.h
[1.028s] -- Up-to-date symlink: /home/rmsentry/DUST-RM-Sentry/install/vision_msg/include/vision_msg/vision_msg/msg/rosidl_typesupport_fastrtps_c__visibility_control.h
[1.028s] -- Up-to-date symlink: /home/rmsentry/DUST-RM-Sentry/install/vision_msg/include/vision_msg/vision_msg/msg/detail/detected_id__rosidl_typesupport_introspection_c.h
[1.029s] -- Up-to-date symlink: /home/rmsentry/DUST-RM-Sentry/install/vision_msg/include/vision_msg/vision_msg/msg/detail/gimble_position__rosidl_typesupport_introspection_c.h
[1.029s] -- Up-to-date symlink: /home/rmsentry/DUST-RM-Sentry/install/vision_msg/include/vision_msg/vision_msg/msg/detail/selected_id__rosidl_typesupport_introspection_c.h
[1.029s] -- Up-to-date symlink: /home/rmsentry/DUST-RM-Sentry/install/vision_msg/include/vision_msg/vision_msg/msg/rosidl_typesupport_introspection_c__visibility_control.h
[1.029s] -- Up-to-date symlink: /home/rmsentry/DUST-RM-Sentry/install/vision_msg/include/vision_msg/vision_msg/msg/detail/detected_id__builder.hpp
[1.029s] -- Up-to-date symlink: /home/rmsentry/DUST-RM-Sentry/install/vision_msg/include/vision_msg/vision_msg/msg/detail/detected_id__struct.hpp
[1.029s] -- Up-to-date symlink: /home/rmsentry/DUST-RM-Sentry/install/vision_msg/include/vision_msg/vision_msg/msg/detail/detected_id__traits.hpp
[1.029s] -- Up-to-date symlink: /home/rmsentry/DUST-RM-Sentry/install/vision_msg/include/vision_msg/vision_msg/msg/detail/detected_id__type_support.hpp
[1.029s] -- Up-to-date symlink: /home/rmsentry/DUST-RM-Sentry/install/vision_msg/include/vision_msg/vision_msg/msg/detail/gimble_position__builder.hpp
[1.029s] -- Up-to-date symlink: /home/rmsentry/DUST-RM-Sentry/install/vision_msg/include/vision_msg/vision_msg/msg/detail/gimble_position__struct.hpp
[1.029s] -- Up-to-date symlink: /home/rmsentry/DUST-RM-Sentry/install/vision_msg/include/vision_msg/vision_msg/msg/detail/gimble_position__traits.hpp
[1.029s] -- Up-to-date symlink: /home/rmsentry/DUST-RM-Sentry/install/vision_msg/include/vision_msg/vision_msg/msg/detail/gimble_position__type_support.hpp
[1.029s] -- Up-to-date symlink: /home/rmsentry/DUST-RM-Sentry/install/vision_msg/include/vision_msg/vision_msg/msg/detail/selected_id__builder.hpp
[1.029s] -- Up-to-date symlink: /home/rmsentry/DUST-RM-Sentry/install/vision_msg/include/vision_msg/vision_msg/msg/detail/selected_id__struct.hpp
[1.030s] -- Up-to-date symlink: /home/rmsentry/DUST-RM-Sentry/install/vision_msg/include/vision_msg/vision_msg/msg/detail/selected_id__traits.hpp
[1.030s] -- Up-to-date symlink: /home/rmsentry/DUST-RM-Sentry/install/vision_msg/include/vision_msg/vision_msg/msg/detail/selected_id__type_support.hpp
[1.030s] -- Up-to-date symlink: /home/rmsentry/DUST-RM-Sentry/install/vision_msg/include/vision_msg/vision_msg/msg/detected_id.hpp
[1.030s] -- Up-to-date symlink: /home/rmsentry/DUST-RM-Sentry/install/vision_msg/include/vision_msg/vision_msg/msg/gimble_position.hpp
[1.030s] -- Up-to-date symlink: /home/rmsentry/DUST-RM-Sentry/install/vision_msg/include/vision_msg/vision_msg/msg/rosidl_generator_cpp__visibility_control.hpp
[1.030s] -- Up-to-date symlink: /home/rmsentry/DUST-RM-Sentry/install/vision_msg/include/vision_msg/vision_msg/msg/selected_id.hpp
[1.030s] -- Up-to-date symlink: /home/rmsentry/DUST-RM-Sentry/install/vision_msg/include/vision_msg/vision_msg/msg/detail/detected_id__rosidl_typesupport_fastrtps_cpp.hpp
[1.030s] -- Up-to-date symlink: /home/rmsentry/DUST-RM-Sentry/install/vision_msg/include/vision_msg/vision_msg/msg/detail/gimble_position__rosidl_typesupport_fastrtps_cpp.hpp
[1.030s] -- Up-to-date symlink: /home/rmsentry/DUST-RM-Sentry/install/vision_msg/include/vision_msg/vision_msg/msg/detail/selected_id__rosidl_typesupport_fastrtps_cpp.hpp
[1.030s] -- Up-to-date symlink: /home/rmsentry/DUST-RM-Sentry/install/vision_msg/include/vision_msg/vision_msg/msg/rosidl_typesupport_fastrtps_cpp__visibility_control.h
[1.030s] -- Up-to-date symlink: /home/rmsentry/DUST-RM-Sentry/install/vision_msg/include/vision_msg/vision_msg/msg/detail/detected_id__rosidl_typesupport_introspection_cpp.hpp
[1.030s] -- Up-to-date symlink: /home/rmsentry/DUST-RM-Sentry/install/vision_msg/include/vision_msg/vision_msg/msg/detail/gimble_position__rosidl_typesupport_introspection_cpp.hpp
[1.031s] -- Up-to-date symlink: /home/rmsentry/DUST-RM-Sentry/install/vision_msg/include/vision_msg/vision_msg/msg/detail/selected_id__rosidl_typesupport_introspection_cpp.hpp
[1.031s] -- Up-to-date symlink: /home/rmsentry/DUST-RM-Sentry/install/vision_msg/share/vision_msg/environment/pythonpath.sh
[1.031s] -- Up-to-date symlink: /home/rmsentry/DUST-RM-Sentry/install/vision_msg/share/vision_msg/environment/pythonpath.dsv
[1.031s] -- Up-to-date symlink: /home/rmsentry/DUST-RM-Sentry/install/vision_msg/local/lib/python3.10/dist-packages/vision_msg-0.0.0-py3.10.egg-info/PKG-INFO
[1.031s] -- Up-to-date symlink: /home/rmsentry/DUST-RM-Sentry/install/vision_msg/local/lib/python3.10/dist-packages/vision_msg-0.0.0-py3.10.egg-info/SOURCES.txt
[1.031s] -- Up-to-date symlink: /home/rmsentry/DUST-RM-Sentry/install/vision_msg/local/lib/python3.10/dist-packages/vision_msg-0.0.0-py3.10.egg-info/dependency_links.txt
[1.031s] -- Up-to-date symlink: /home/rmsentry/DUST-RM-Sentry/install/vision_msg/local/lib/python3.10/dist-packages/vision_msg-0.0.0-py3.10.egg-info/top_level.txt
[1.031s] -- Up-to-date symlink: /home/rmsentry/DUST-RM-Sentry/install/vision_msg/local/lib/python3.10/dist-packages/vision_msg/__init__.py
[1.031s] -- Up-to-date symlink: /home/rmsentry/DUST-RM-Sentry/install/vision_msg/local/lib/python3.10/dist-packages/vision_msg/_vision_msg_s.ep.rosidl_typesupport_c.c
[1.032s] -- Up-to-date symlink: /home/rmsentry/DUST-RM-Sentry/install/vision_msg/local/lib/python3.10/dist-packages/vision_msg/_vision_msg_s.ep.rosidl_typesupport_fastrtps_c.c
[1.032s] -- Up-to-date symlink: /home/rmsentry/DUST-RM-Sentry/install/vision_msg/local/lib/python3.10/dist-packages/vision_msg/_vision_msg_s.ep.rosidl_typesupport_introspection_c.c
[1.032s] -- Up-to-date symlink: /home/rmsentry/DUST-RM-Sentry/install/vision_msg/local/lib/python3.10/dist-packages/vision_msg/libvision_msg__rosidl_generator_py.so
[1.032s] -- Up-to-date symlink: /home/rmsentry/DUST-RM-Sentry/install/vision_msg/local/lib/python3.10/dist-packages/vision_msg/msg/__init__.py
[1.032s] -- Up-to-date symlink: /home/rmsentry/DUST-RM-Sentry/install/vision_msg/local/lib/python3.10/dist-packages/vision_msg/msg/_detected_id.py
[1.032s] -- Up-to-date symlink: /home/rmsentry/DUST-RM-Sentry/install/vision_msg/local/lib/python3.10/dist-packages/vision_msg/msg/_detected_id_s.c
[1.032s] -- Up-to-date symlink: /home/rmsentry/DUST-RM-Sentry/install/vision_msg/local/lib/python3.10/dist-packages/vision_msg/msg/_gimble_position.py
[1.032s] -- Up-to-date symlink: /home/rmsentry/DUST-RM-Sentry/install/vision_msg/local/lib/python3.10/dist-packages/vision_msg/msg/_gimble_position_s.c
[1.032s] -- Up-to-date symlink: /home/rmsentry/DUST-RM-Sentry/install/vision_msg/local/lib/python3.10/dist-packages/vision_msg/msg/_selected_id.py
[1.032s] -- Up-to-date symlink: /home/rmsentry/DUST-RM-Sentry/install/vision_msg/local/lib/python3.10/dist-packages/vision_msg/msg/_selected_id_s.c
[1.032s] -- Up-to-date symlink: /home/rmsentry/DUST-RM-Sentry/install/vision_msg/local/lib/python3.10/dist-packages/vision_msg/vision_msg_s__rosidl_typesupport_c.cpython-310-x86_64-linux-gnu.so
[1.032s] -- Up-to-date symlink: /home/rmsentry/DUST-RM-Sentry/install/vision_msg/local/lib/python3.10/dist-packages/vision_msg/vision_msg_s__rosidl_typesupport_fastrtps_c.cpython-310-x86_64-linux-gnu.so
[1.032s] -- Up-to-date symlink: /home/rmsentry/DUST-RM-Sentry/install/vision_msg/local/lib/python3.10/dist-packages/vision_msg/vision_msg_s__rosidl_typesupport_introspection_c.cpython-310-x86_64-linux-gnu.so
[1.032s] -- Up-to-date symlink: /home/rmsentry/DUST-RM-Sentry/install/vision_msg/local/lib/python3.10/dist-packages/vision_msg/vision_msg_s__rosidl_typesupport_fastrtps_c.cpython-310-x86_64-linux-gnu.so
[1.032s] -- Up-to-date symlink: /home/rmsentry/DUST-RM-Sentry/install/vision_msg/local/lib/python3.10/dist-packages/vision_msg/vision_msg_s__rosidl_typesupport_introspection_c.cpython-310-x86_64-linux-gnu.so
[1.033s] -- Up-to-date symlink: /home/rmsentry/DUST-RM-Sentry/install/vision_msg/local/lib/python3.10/dist-packages/vision_msg/vision_msg_s__rosidl_typesupport_c.cpython-310-x86_64-linux-gnu.so
[1.033s] -- Up-to-date symlink: /home/rmsentry/DUST-RM-Sentry/install/vision_msg/share/vision_msg/msg/GimblePosition.idl
[1.033s] -- Up-to-date symlink: /home/rmsentry/DUST-RM-Sentry/install/vision_msg/share/vision_msg/msg/DetectedId.idl
[1.033s] -- Up-to-date symlink: /home/rmsentry/DUST-RM-Sentry/install/vision_msg/share/vision_msg/msg/SelectedId.idl
[1.033s] -- Up-to-date symlink: /home/rmsentry/DUST-RM-Sentry/install/vision_msg/share/vision_msg/msg/GimblePosition.msg
[1.033s] -- Up-to-date symlink: /home/rmsentry/DUST-RM-Sentry/install/vision_msg/share/vision_msg/msg/DetectedId.msg
[1.033s] -- Up-to-date symlink: /home/rmsentry/DUST-RM-Sentry/install/vision_msg/share/vision_msg/msg/SelectedId.msg
[1.033s] -- Up-to-date symlink: /home/rmsentry/DUST-RM-Sentry/install/vision_msg/share/ament_index/resource_index/package_run_dependencies/vision_msg
[1.033s] -- Up-to-date symlink: /home/rmsentry/DUST-RM-Sentry/install/vision_msg/share/ament_index/resource_index/parent_prefix_path/vision_msg
[1.033s] -- Up-to-date symlink: /home/rmsentry/DUST-RM-Sentry/install/vision_msg/share/vision_msg/environment/ament_prefix_path.sh
[1.033s] -- Up-to-date symlink: /home/rmsentry/DUST-RM-Sentry/install/vision_msg/share/vision_msg/environment/ament_prefix_path.dsv
[1.033s] -- Up-to-date symlink: /home/rmsentry/DUST-RM-Sentry/install/vision_msg/share/vision_msg/environment/path.sh
[1.033s] -- Up-to-date symlink: /home/rmsentry/DUST-RM-Sentry/install/vision_msg/share/vision_msg/environment/path.dsv
[1.033s] -- Up-to-date symlink: /home/rmsentry/DUST-RM-Sentry/install/vision_msg/share/vision_msg/local_setup.bash
[1.036s] -- Up-to-date symlink: /home/rmsentry/DUST-RM-Sentry/install/vision_msg/share/vision_msg/local_setup.sh
[1.037s] -- Up-to-date symlink: /home/rmsentry/DUST-RM-Sentry/install/vision_msg/share/vision_msg/local_setup.zsh
[1.037s] -- Up-to-date symlink: /home/rmsentry/DUST-RM-Sentry/install/vision_msg/share/vision_msg/local_setup.dsv
[1.037s] -- Symlinking: /home/rmsentry/DUST-RM-Sentry/install/vision_msg/share/vision_msg/package.dsv
[1.037s] -- Up-to-date symlink: /home/rmsentry/DUST-RM-Sentry/install/vision_msg/share/ament_index/resource_index/packages/vision_msg
[1.037s] -- Up-to-date symlink: /home/rmsentry/DUST-RM-Sentry/install/vision_msg/share/vision_msg/cmake/rosidl_cmake-extras.cmake
[1.037s] -- Up-to-date symlink: /home/rmsentry/DUST-RM-Sentry/install/vision_msg/share/vision_msg/cmake/ament_cmake_export_dependencies-extras.cmake
[1.037s] -- Up-to-date symlink: /home/rmsentry/DUST-RM-Sentry/install/vision_msg/share/vision_msg/cmake/ament_cmake_export_include_directories-extras.cmake
[1.038s] -- Up-to-date symlink: /home/rmsentry/DUST-RM-Sentry/install/vision_msg/share/vision_msg/cmake/ament_cmake_export_libraries-extras.cmake
[1.038s] -- Up-to-date symlink: /home/rmsentry/DUST-RM-Sentry/install/vision_msg/share/vision_msg/cmake/ament_cmake_export_targets-extras.cmake
[1.038s] -- Up-to-date symlink: /home/rmsentry/DUST-RM-Sentry/install/vision_msg/share/vision_msg/cmake/rosidl_cmake_export_typesupport_targets-extras.cmake
[1.038s] -- Up-to-date symlink: /home/rmsentry/DUST-RM-Sentry/install/vision_msg/share/vision_msg/cmake/rosidl_cmake_export_typesupport_libraries-extras.cmake
[1.038s] -- Up-to-date symlink: /home/rmsentry/DUST-RM-Sentry/install/vision_msg/share/vision_msg/cmake/vision_msgConfig.cmake
[1.038s] -- Up-to-date symlink: /home/rmsentry/DUST-RM-Sentry/install/vision_msg/share/vision_msg/cmake/vision_msgConfig-version.cmake
[1.038s] -- Up-to-date symlink: /home/rmsentry/DUST-RM-Sentry/install/vision_msg/share/vision_msg/package.xml
[1.038s] -- Up-to-date: /home/rmsentry/DUST-RM-Sentry/install/vision_msg/lib/libvision_msg__rosidl_generator_c.so
[1.038s] -- Up-to-date: /home/rmsentry/DUST-RM-Sentry/install/vision_msg/lib/libvision_msg__rosidl_typesupport_fastrtps_c.so
[1.038s] -- Up-to-date: /home/rmsentry/DUST-RM-Sentry/install/vision_msg/lib/libvision_msg__rosidl_typesupport_introspection_c.so
[1.038s] -- Up-to-date: /home/rmsentry/DUST-RM-Sentry/install/vision_msg/lib/libvision_msg__rosidl_typesupport_c.so
[1.038s] -- Up-to-date: /home/rmsentry/DUST-RM-Sentry/install/vision_msg/lib/libvision_msg__rosidl_typesupport_fastrtps_cpp.so
[1.038s] -- Up-to-date: /home/rmsentry/DUST-RM-Sentry/install/vision_msg/lib/libvision_msg__rosidl_typesupport_introspection_cpp.so
[1.038s] -- Up-to-date: /home/rmsentry/DUST-RM-Sentry/install/vision_msg/lib/libvision_msg__rosidl_typesupport_cpp.so
[1.038s] Listing '/home/rmsentry/DUST-RM-Sentry/install/vision_msg/local/lib/python3.10/dist-packages/vision_msg'...
[1.038s] Listing '/home/rmsentry/DUST-RM-Sentry/install/vision_msg/local/lib/python3.10/dist-packages/vision_msg/msg'...
[1.038s] -- Up-to-date: /home/rmsentry/DUST-RM-Sentry/install/vision_msg/lib/libvision_msg__rosidl_generator_py.so
[1.038s] -- Up-to-date: /home/rmsentry/DUST-RM-Sentry/install/vision_msg/share/vision_msg/cmake/export_vision_msg__rosidl_generator_cExport.cmake
[1.038s] -- Up-to-date: /home/rmsentry/DUST-RM-Sentry/install/vision_msg/share/vision_msg/cmake/export_vision_msg__rosidl_generator_cExport-noconfig.cmake
[1.038s] -- Up-to-date: /home/rmsentry/DUST-RM-Sentry/install/vision_msg/share/vision_msg/cmake/export_vision_msg__rosidl_typesupport_fastrtps_cExport.cmake
[1.038s] -- Up-to-date: /home/rmsentry/DUST-RM-Sentry/install/vision_msg/share/vision_msg/cmake/export_vision_msg__rosidl_typesupport_fastrtps_cExport-noconfig.cmake
[1.039s] -- Up-to-date: /home/rmsentry/DUST-RM-Sentry/install/vision_msg/share/vision_msg/cmake/vision_msg__rosidl_typesupport_introspection_cExport.cmake
[1.039s] -- Up-to-date: /home/rmsentry/DUST-RM-Sentry/install/vision_msg/share/vision_msg/cmake/vision_msg__rosidl_typesupport_introspection_cExport-noconfig.cmake
[1.039s] -- Up-to-date: /home/rmsentry/DUST-RM-Sentry/install/vision_msg/share/vision_msg/cmake/vision_msg__rosidl_typesupport_cExport.cmake
[1.039s] -- Up-to-date: /home/rmsentry/DUST-RM-Sentry/install/vision_msg/share/vision_msg/cmake/vision_msg__rosidl_typesupport_cExport-noconfig.cmake
[1.039s] -- Up-to-date: /home/rmsentry/DUST-RM-Sentry/install/vision_msg/share/vision_msg/cmake/export_vision_msg__rosidl_generator_cppExport.cmake
[1.039s] -- Up-to-date: /home/rmsentry/DUST-RM-Sentry/install/vision_msg/share/vision_msg/cmake/export_vision_msg__rosidl_typesupport_fastrtps_cppExport.cmake
[1.039s] -- Up-to-date: /home/rmsentry/DUST-RM-Sentry/install/vision_msg/share/vision_msg/cmake/export_vision_msg__rosidl_typesupport_fastrtps_cppExport-noconfig.cmake
[1.039s] -- Up-to-date: /home/rmsentry/DUST-RM-Sentry/install/vision_msg/share/vision_msg/cmake/vision_msg__rosidl_typesupport_introspection_cppExport.cmake
[1.039s] -- Up-to-date: /home/rmsentry/DUST-RM-Sentry/install/vision_msg/share/vision_msg/cmake/vision_msg__rosidl_typesupport_introspection_cppExport-noconfig.cmake
[1.041s] -- Up-to-date: /home/rmsentry/DUST-RM-Sentry/install/vision_msg/share/vision_msg/cmake/vision_msg__rosidl_typesupport_cppExport.cmake
[1.043s] -- Up-to-date: /home/rmsentry/DUST-RM-Sentry/install/vision_msg/share/vision_msg/cmake/vision_msg__rosidl_typesupport_cppExport-noconfig.cmake
[1.043s] -- Up-to-date: /home/rmsentry/DUST-RM-Sentry/install/vision_msg/share/vision_msg/cmake/export_vision_msg__rosidl_generator_pyExport.cmake
[1.044s] -- Up-to-date: /home/rmsentry/DUST-RM-Sentry/install/vision_msg/share/vision_msg/cmake/export_vision_msg__rosidl_generator_pyExport-noconfig.cmake
[1.106s] Invoked command in '/home/rmsentry/DUST-RM-Sentry/build/vision_msg' returned '0': CMAKE_PREFIX_PATH=${CMAKE_PREFIX_PATH}:/home/rmsentry/DUST-RM-Sentry/install/rm_decision:/home/rmsentry/DUST-RM-Sentry/install/fake_msg_publisher:/opt/ros/humble /usr/local/bin/cmake --install /home/rmsentry/DUST-RM-Sentry/build/vision_msg
