[0.050s] Invoking command in '/home/rmsentry/DUST-RM-Sentry/build/auto_aim_interfaces': CMAKE_PREFIX_PATH=${CMAKE_PREFIX_PATH}:/home/rmsentry/DUST-RM-Sentry/install/rm_decision:/home/rmsentry/DUST-RM-Sentry/install/fake_msg_publisher:/opt/ros/humble /usr/local/bin/cmake --build /home/rmsentry/DUST-RM-Sentry/build/auto_aim_interfaces -- -j12 -l12
[0.117s] [  0%] Built target ament_cmake_python_symlink_auto_aim_interfaces
[0.117s] [  0%] Built target auto_aim_interfaces__cpp
[0.117s] [ 12%] Built target auto_aim_interfaces__rosidl_generator_c
[0.191s] [ 24%] Built target auto_aim_interfaces__rosidl_typesupport_cpp
[0.218s] [ 37%] Built target auto_aim_interfaces__rosidl_typesupport_introspection_cpp
[0.219s] [ 47%] Built target auto_aim_interfaces__rosidl_typesupport_fastrtps_cpp
[0.276s] [ 59%] Built target auto_aim_interfaces__rosidl_typesupport_introspection_c
[0.297s] [ 70%] Built target auto_aim_interfaces__rosidl_typesupport_c
[0.297s] [ 82%] Built target auto_aim_interfaces__rosidl_typesupport_fastrtps_c
[0.336s] [ 82%] Built target auto_aim_interfaces
[0.388s] [ 83%] Built target auto_aim_interfaces__py
[0.439s] [ 94%] Built target auto_aim_interfaces__rosidl_generator_py
[0.501s] [ 96%] Built target auto_aim_interfaces__rosidl_typesupport_introspection_c__pyext
[0.514s] [ 98%] Built target auto_aim_interfaces__rosidl_typesupport_fastrtps_c__pyext
[0.514s] [100%] Built target auto_aim_interfaces__rosidl_typesupport_c__pyext
[0.750s] running egg_info
[0.750s] writing auto_aim_interfaces.egg-info/PKG-INFO
[0.750s] writing dependency_links to auto_aim_interfaces.egg-info/dependency_links.txt
[0.750s] writing top-level names to auto_aim_interfaces.egg-info/top_level.txt
[0.756s] reading manifest file 'auto_aim_interfaces.egg-info/SOURCES.txt'
[0.763s] writing manifest file 'auto_aim_interfaces.egg-info/SOURCES.txt'
[0.839s] [100%] Built target ament_cmake_python_build_auto_aim_interfaces_egg
[0.928s] Invoked command in '/home/rmsentry/DUST-RM-Sentry/build/auto_aim_interfaces' returned '0': CMAKE_PREFIX_PATH=${CMAKE_PREFIX_PATH}:/home/rmsentry/DUST-RM-Sentry/install/rm_decision:/home/rmsentry/DUST-RM-Sentry/install/fake_msg_publisher:/opt/ros/humble /usr/local/bin/cmake --build /home/rmsentry/DUST-RM-Sentry/build/auto_aim_interfaces -- -j12 -l12
[0.948s] Invoking command in '/home/rmsentry/DUST-RM-Sentry/build/auto_aim_interfaces': CMAKE_PREFIX_PATH=${CMAKE_PREFIX_PATH}:/home/rmsentry/DUST-RM-Sentry/install/rm_decision:/home/rmsentry/DUST-RM-Sentry/install/fake_msg_publisher:/opt/ros/humble /usr/local/bin/cmake --install /home/rmsentry/DUST-RM-Sentry/build/auto_aim_interfaces
[1.007s] -- Install configuration: ""
[1.007s] -- Execute custom install script
[1.007s] -- Up-to-date symlink: /home/rmsentry/DUST-RM-Sentry/install/auto_aim_interfaces/share/ament_index/resource_index/rosidl_interfaces/auto_aim_interfaces
[1.007s] -- Up-to-date symlink: /home/rmsentry/DUST-RM-Sentry/install/auto_aim_interfaces/include/auto_aim_interfaces/auto_aim_interfaces/msg/armor.h
[1.007s] -- Up-to-date symlink: /home/rmsentry/DUST-RM-Sentry/install/auto_aim_interfaces/include/auto_aim_interfaces/auto_aim_interfaces/msg/armors.h
[1.007s] -- Up-to-date symlink: /home/rmsentry/DUST-RM-Sentry/install/auto_aim_interfaces/include/auto_aim_interfaces/auto_aim_interfaces/msg/debug_armor.h
[1.007s] -- Up-to-date symlink: /home/rmsentry/DUST-RM-Sentry/install/auto_aim_interfaces/include/auto_aim_interfaces/auto_aim_interfaces/msg/debug_armors.h
[1.007s] -- Up-to-date symlink: /home/rmsentry/DUST-RM-Sentry/install/auto_aim_interfaces/include/auto_aim_interfaces/auto_aim_interfaces/msg/debug_light.h
[1.007s] -- Up-to-date symlink: /home/rmsentry/DUST-RM-Sentry/install/auto_aim_interfaces/include/auto_aim_interfaces/auto_aim_interfaces/msg/debug_lights.h
[1.007s] -- Up-to-date symlink: /home/rmsentry/DUST-RM-Sentry/install/auto_aim_interfaces/include/auto_aim_interfaces/auto_aim_interfaces/msg/detail/armor__functions.h
[1.008s] -- Up-to-date symlink: /home/rmsentry/DUST-RM-Sentry/install/auto_aim_interfaces/include/auto_aim_interfaces/auto_aim_interfaces/msg/detail/armor__struct.h
[1.010s] -- Up-to-date symlink: /home/rmsentry/DUST-RM-Sentry/install/auto_aim_interfaces/include/auto_aim_interfaces/auto_aim_interfaces/msg/detail/armor__type_support.h
[1.010s] -- Up-to-date symlink: /home/rmsentry/DUST-RM-Sentry/install/auto_aim_interfaces/include/auto_aim_interfaces/auto_aim_interfaces/msg/detail/armors__functions.h
[1.010s] -- Up-to-date symlink: /home/rmsentry/DUST-RM-Sentry/install/auto_aim_interfaces/include/auto_aim_interfaces/auto_aim_interfaces/msg/detail/armors__struct.h
[1.010s] -- Up-to-date symlink: /home/rmsentry/DUST-RM-Sentry/install/auto_aim_interfaces/include/auto_aim_interfaces/auto_aim_interfaces/msg/detail/armors__type_support.h
[1.011s] -- Up-to-date symlink: /home/rmsentry/DUST-RM-Sentry/install/auto_aim_interfaces/include/auto_aim_interfaces/auto_aim_interfaces/msg/detail/debug_armor__functions.h
[1.011s] -- Up-to-date symlink: /home/rmsentry/DUST-RM-Sentry/install/auto_aim_interfaces/include/auto_aim_interfaces/auto_aim_interfaces/msg/detail/debug_armor__struct.h
[1.011s] -- Up-to-date symlink: /home/rmsentry/DUST-RM-Sentry/install/auto_aim_interfaces/include/auto_aim_interfaces/auto_aim_interfaces/msg/detail/debug_armor__type_support.h
[1.011s] -- Up-to-date symlink: /home/rmsentry/DUST-RM-Sentry/install/auto_aim_interfaces/include/auto_aim_interfaces/auto_aim_interfaces/msg/detail/debug_armors__functions.h
[1.011s] -- Up-to-date symlink: /home/rmsentry/DUST-RM-Sentry/install/auto_aim_interfaces/include/auto_aim_interfaces/auto_aim_interfaces/msg/detail/debug_armors__struct.h
[1.012s] -- Up-to-date symlink: /home/rmsentry/DUST-RM-Sentry/install/auto_aim_interfaces/include/auto_aim_interfaces/auto_aim_interfaces/msg/detail/debug_armors__type_support.h
[1.012s] -- Up-to-date symlink: /home/rmsentry/DUST-RM-Sentry/install/auto_aim_interfaces/include/auto_aim_interfaces/auto_aim_interfaces/msg/detail/debug_light__functions.h
[1.012s] -- Up-to-date symlink: /home/rmsentry/DUST-RM-Sentry/install/auto_aim_interfaces/include/auto_aim_interfaces/auto_aim_interfaces/msg/detail/debug_light__struct.h
[1.013s] -- Up-to-date symlink: /home/rmsentry/DUST-RM-Sentry/install/auto_aim_interfaces/include/auto_aim_interfaces/auto_aim_interfaces/msg/detail/debug_light__type_support.h
[1.013s] -- Up-to-date symlink: /home/rmsentry/DUST-RM-Sentry/install/auto_aim_interfaces/include/auto_aim_interfaces/auto_aim_interfaces/msg/detail/debug_lights__functions.h
[1.013s] -- Up-to-date symlink: /home/rmsentry/DUST-RM-Sentry/install/auto_aim_interfaces/include/auto_aim_interfaces/auto_aim_interfaces/msg/detail/debug_lights__struct.h
[1.013s] -- Up-to-date symlink: /home/rmsentry/DUST-RM-Sentry/install/auto_aim_interfaces/include/auto_aim_interfaces/auto_aim_interfaces/msg/detail/debug_lights__type_support.h
[1.014s] -- Up-to-date symlink: /home/rmsentry/DUST-RM-Sentry/install/auto_aim_interfaces/include/auto_aim_interfaces/auto_aim_interfaces/msg/detail/gimbal_cmd__functions.h
[1.014s] -- Up-to-date symlink: /home/rmsentry/DUST-RM-Sentry/install/auto_aim_interfaces/include/auto_aim_interfaces/auto_aim_interfaces/msg/detail/gimbal_cmd__struct.h
[1.014s] -- Up-to-date symlink: /home/rmsentry/DUST-RM-Sentry/install/auto_aim_interfaces/include/auto_aim_interfaces/auto_aim_interfaces/msg/detail/gimbal_cmd__type_support.h
[1.015s] -- Up-to-date symlink: /home/rmsentry/DUST-RM-Sentry/install/auto_aim_interfaces/include/auto_aim_interfaces/auto_aim_interfaces/msg/detail/measurement__functions.h
[1.015s] -- Up-to-date symlink: /home/rmsentry/DUST-RM-Sentry/install/auto_aim_interfaces/include/auto_aim_interfaces/auto_aim_interfaces/msg/detail/measurement__struct.h
[1.015s] -- Up-to-date symlink: /home/rmsentry/DUST-RM-Sentry/install/auto_aim_interfaces/include/auto_aim_interfaces/auto_aim_interfaces/msg/detail/measurement__type_support.h
[1.015s] -- Up-to-date symlink: /home/rmsentry/DUST-RM-Sentry/install/auto_aim_interfaces/include/auto_aim_interfaces/auto_aim_interfaces/msg/detail/target__functions.h
[1.015s] -- Up-to-date symlink: /home/rmsentry/DUST-RM-Sentry/install/auto_aim_interfaces/include/auto_aim_interfaces/auto_aim_interfaces/msg/detail/target__struct.h
[1.015s] -- Up-to-date symlink: /home/rmsentry/DUST-RM-Sentry/install/auto_aim_interfaces/include/auto_aim_interfaces/auto_aim_interfaces/msg/detail/target__type_support.h
[1.015s] -- Up-to-date symlink: /home/rmsentry/DUST-RM-Sentry/install/auto_aim_interfaces/include/auto_aim_interfaces/auto_aim_interfaces/msg/detail/tracker_info__functions.h
[1.015s] -- Up-to-date symlink: /home/rmsentry/DUST-RM-Sentry/install/auto_aim_interfaces/include/auto_aim_interfaces/auto_aim_interfaces/msg/detail/tracker_info__struct.h
[1.015s] -- Up-to-date symlink: /home/rmsentry/DUST-RM-Sentry/install/auto_aim_interfaces/include/auto_aim_interfaces/auto_aim_interfaces/msg/detail/tracker_info__type_support.h
[1.015s] -- Up-to-date symlink: /home/rmsentry/DUST-RM-Sentry/install/auto_aim_interfaces/include/auto_aim_interfaces/auto_aim_interfaces/msg/gimbal_cmd.h
[1.016s] -- Up-to-date symlink: /home/rmsentry/DUST-RM-Sentry/install/auto_aim_interfaces/include/auto_aim_interfaces/auto_aim_interfaces/msg/measurement.h
[1.016s] -- Up-to-date symlink: /home/rmsentry/DUST-RM-Sentry/install/auto_aim_interfaces/include/auto_aim_interfaces/auto_aim_interfaces/msg/rosidl_generator_c__visibility_control.h
[1.016s] -- Up-to-date symlink: /home/rmsentry/DUST-RM-Sentry/install/auto_aim_interfaces/include/auto_aim_interfaces/auto_aim_interfaces/msg/target.h
[1.016s] -- Up-to-date symlink: /home/rmsentry/DUST-RM-Sentry/install/auto_aim_interfaces/include/auto_aim_interfaces/auto_aim_interfaces/msg/tracker_info.h
[1.016s] -- Up-to-date symlink: /home/rmsentry/DUST-RM-Sentry/install/auto_aim_interfaces/share/auto_aim_interfaces/environment/library_path.sh
[1.016s] -- Up-to-date symlink: /home/rmsentry/DUST-RM-Sentry/install/auto_aim_interfaces/share/auto_aim_interfaces/environment/library_path.dsv
[1.016s] -- Up-to-date symlink: /home/rmsentry/DUST-RM-Sentry/install/auto_aim_interfaces/include/auto_aim_interfaces/auto_aim_interfaces/msg/detail/armor__rosidl_typesupport_fastrtps_c.h
[1.016s] -- Up-to-date symlink: /home/rmsentry/DUST-RM-Sentry/install/auto_aim_interfaces/include/auto_aim_interfaces/auto_aim_interfaces/msg/detail/armors__rosidl_typesupport_fastrtps_c.h
[1.016s] -- Up-to-date symlink: /home/rmsentry/DUST-RM-Sentry/install/auto_aim_interfaces/include/auto_aim_interfaces/auto_aim_interfaces/msg/detail/debug_armor__rosidl_typesupport_fastrtps_c.h
[1.016s] -- Up-to-date symlink: /home/rmsentry/DUST-RM-Sentry/install/auto_aim_interfaces/include/auto_aim_interfaces/auto_aim_interfaces/msg/detail/debug_armors__rosidl_typesupport_fastrtps_c.h
[1.016s] -- Up-to-date symlink: /home/rmsentry/DUST-RM-Sentry/install/auto_aim_interfaces/include/auto_aim_interfaces/auto_aim_interfaces/msg/detail/debug_light__rosidl_typesupport_fastrtps_c.h
[1.016s] -- Up-to-date symlink: /home/rmsentry/DUST-RM-Sentry/install/auto_aim_interfaces/include/auto_aim_interfaces/auto_aim_interfaces/msg/detail/debug_lights__rosidl_typesupport_fastrtps_c.h
[1.017s] -- Up-to-date symlink: /home/rmsentry/DUST-RM-Sentry/install/auto_aim_interfaces/include/auto_aim_interfaces/auto_aim_interfaces/msg/detail/gimbal_cmd__rosidl_typesupport_fastrtps_c.h
[1.018s] -- Up-to-date symlink: /home/rmsentry/DUST-RM-Sentry/install/auto_aim_interfaces/include/auto_aim_interfaces/auto_aim_interfaces/msg/detail/measurement__rosidl_typesupport_fastrtps_c.h
[1.018s] -- Up-to-date symlink: /home/rmsentry/DUST-RM-Sentry/install/auto_aim_interfaces/include/auto_aim_interfaces/auto_aim_interfaces/msg/detail/target__rosidl_typesupport_fastrtps_c.h
[1.018s] -- Up-to-date symlink: /home/rmsentry/DUST-RM-Sentry/install/auto_aim_interfaces/include/auto_aim_interfaces/auto_aim_interfaces/msg/detail/tracker_info__rosidl_typesupport_fastrtps_c.h
[1.018s] -- Up-to-date symlink: /home/rmsentry/DUST-RM-Sentry/install/auto_aim_interfaces/include/auto_aim_interfaces/auto_aim_interfaces/msg/rosidl_typesupport_fastrtps_c__visibility_control.h
[1.018s] -- Up-to-date symlink: /home/rmsentry/DUST-RM-Sentry/install/auto_aim_interfaces/include/auto_aim_interfaces/auto_aim_interfaces/msg/detail/armor__rosidl_typesupport_introspection_c.h
[1.019s] -- Up-to-date symlink: /home/rmsentry/DUST-RM-Sentry/install/auto_aim_interfaces/include/auto_aim_interfaces/auto_aim_interfaces/msg/detail/armors__rosidl_typesupport_introspection_c.h
[1.019s] -- Up-to-date symlink: /home/rmsentry/DUST-RM-Sentry/install/auto_aim_interfaces/include/auto_aim_interfaces/auto_aim_interfaces/msg/detail/debug_armor__rosidl_typesupport_introspection_c.h
[1.019s] -- Up-to-date symlink: /home/rmsentry/DUST-RM-Sentry/install/auto_aim_interfaces/include/auto_aim_interfaces/auto_aim_interfaces/msg/detail/debug_armors__rosidl_typesupport_introspection_c.h
[1.019s] -- Up-to-date symlink: /home/rmsentry/DUST-RM-Sentry/install/auto_aim_interfaces/include/auto_aim_interfaces/auto_aim_interfaces/msg/detail/debug_light__rosidl_typesupport_introspection_c.h
[1.019s] -- Up-to-date symlink: /home/rmsentry/DUST-RM-Sentry/install/auto_aim_interfaces/include/auto_aim_interfaces/auto_aim_interfaces/msg/detail/debug_lights__rosidl_typesupport_introspection_c.h
[1.019s] -- Up-to-date symlink: /home/rmsentry/DUST-RM-Sentry/install/auto_aim_interfaces/include/auto_aim_interfaces/auto_aim_interfaces/msg/detail/gimbal_cmd__rosidl_typesupport_introspection_c.h
[1.019s] -- Up-to-date symlink: /home/rmsentry/DUST-RM-Sentry/install/auto_aim_interfaces/include/auto_aim_interfaces/auto_aim_interfaces/msg/detail/measurement__rosidl_typesupport_introspection_c.h
[1.019s] -- Up-to-date symlink: /home/rmsentry/DUST-RM-Sentry/install/auto_aim_interfaces/include/auto_aim_interfaces/auto_aim_interfaces/msg/detail/target__rosidl_typesupport_introspection_c.h
[1.019s] -- Up-to-date symlink: /home/rmsentry/DUST-RM-Sentry/install/auto_aim_interfaces/include/auto_aim_interfaces/auto_aim_interfaces/msg/detail/tracker_info__rosidl_typesupport_introspection_c.h
[1.019s] -- Up-to-date symlink: /home/rmsentry/DUST-RM-Sentry/install/auto_aim_interfaces/include/auto_aim_interfaces/auto_aim_interfaces/msg/rosidl_typesupport_introspection_c__visibility_control.h
[1.019s] -- Up-to-date symlink: /home/rmsentry/DUST-RM-Sentry/install/auto_aim_interfaces/include/auto_aim_interfaces/auto_aim_interfaces/msg/armor.hpp
[1.020s] -- Up-to-date symlink: /home/rmsentry/DUST-RM-Sentry/install/auto_aim_interfaces/include/auto_aim_interfaces/auto_aim_interfaces/msg/armors.hpp
[1.020s] -- Up-to-date symlink: /home/rmsentry/DUST-RM-Sentry/install/auto_aim_interfaces/include/auto_aim_interfaces/auto_aim_interfaces/msg/debug_armor.hpp
[1.020s] -- Up-to-date symlink: /home/rmsentry/DUST-RM-Sentry/install/auto_aim_interfaces/include/auto_aim_interfaces/auto_aim_interfaces/msg/debug_armors.hpp
[1.020s] -- Up-to-date symlink: /home/rmsentry/DUST-RM-Sentry/install/auto_aim_interfaces/include/auto_aim_interfaces/auto_aim_interfaces/msg/debug_light.hpp
[1.020s] -- Up-to-date symlink: /home/rmsentry/DUST-RM-Sentry/install/auto_aim_interfaces/include/auto_aim_interfaces/auto_aim_interfaces/msg/debug_lights.hpp
[1.020s] -- Up-to-date symlink: /home/rmsentry/DUST-RM-Sentry/install/auto_aim_interfaces/include/auto_aim_interfaces/auto_aim_interfaces/msg/detail/armor__builder.hpp
[1.020s] -- Up-to-date symlink: /home/rmsentry/DUST-RM-Sentry/install/auto_aim_interfaces/include/auto_aim_interfaces/auto_aim_interfaces/msg/detail/armor__struct.hpp
[1.020s] -- Up-to-date symlink: /home/rmsentry/DUST-RM-Sentry/install/auto_aim_interfaces/include/auto_aim_interfaces/auto_aim_interfaces/msg/detail/armor__traits.hpp
[1.020s] -- Up-to-date symlink: /home/rmsentry/DUST-RM-Sentry/install/auto_aim_interfaces/include/auto_aim_interfaces/auto_aim_interfaces/msg/detail/armor__type_support.hpp
[1.020s] -- Up-to-date symlink: /home/rmsentry/DUST-RM-Sentry/install/auto_aim_interfaces/include/auto_aim_interfaces/auto_aim_interfaces/msg/detail/armors__builder.hpp
[1.020s] -- Up-to-date symlink: /home/rmsentry/DUST-RM-Sentry/install/auto_aim_interfaces/include/auto_aim_interfaces/auto_aim_interfaces/msg/detail/armors__struct.hpp
[1.020s] -- Up-to-date symlink: /home/rmsentry/DUST-RM-Sentry/install/auto_aim_interfaces/include/auto_aim_interfaces/auto_aim_interfaces/msg/detail/armors__traits.hpp
[1.020s] -- Up-to-date symlink: /home/rmsentry/DUST-RM-Sentry/install/auto_aim_interfaces/include/auto_aim_interfaces/auto_aim_interfaces/msg/detail/armors__type_support.hpp
[1.021s] -- Up-to-date symlink: /home/rmsentry/DUST-RM-Sentry/install/auto_aim_interfaces/include/auto_aim_interfaces/auto_aim_interfaces/msg/detail/debug_armor__builder.hpp
[1.021s] -- Up-to-date symlink: /home/rmsentry/DUST-RM-Sentry/install/auto_aim_interfaces/include/auto_aim_interfaces/auto_aim_interfaces/msg/detail/debug_armor__struct.hpp
[1.021s] -- Up-to-date symlink: /home/rmsentry/DUST-RM-Sentry/install/auto_aim_interfaces/include/auto_aim_interfaces/auto_aim_interfaces/msg/detail/debug_armor__traits.hpp
[1.021s] -- Up-to-date symlink: /home/rmsentry/DUST-RM-Sentry/install/auto_aim_interfaces/include/auto_aim_interfaces/auto_aim_interfaces/msg/detail/debug_armor__type_support.hpp
[1.021s] -- Up-to-date symlink: /home/rmsentry/DUST-RM-Sentry/install/auto_aim_interfaces/include/auto_aim_interfaces/auto_aim_interfaces/msg/detail/debug_armors__builder.hpp
[1.021s] -- Up-to-date symlink: /home/rmsentry/DUST-RM-Sentry/install/auto_aim_interfaces/include/auto_aim_interfaces/auto_aim_interfaces/msg/detail/debug_armors__struct.hpp
[1.021s] -- Up-to-date symlink: /home/rmsentry/DUST-RM-Sentry/install/auto_aim_interfaces/include/auto_aim_interfaces/auto_aim_interfaces/msg/detail/debug_armors__traits.hpp
[1.021s] -- Up-to-date symlink: /home/rmsentry/DUST-RM-Sentry/install/auto_aim_interfaces/include/auto_aim_interfaces/auto_aim_interfaces/msg/detail/debug_armors__type_support.hpp
[1.021s] -- Up-to-date symlink: /home/rmsentry/DUST-RM-Sentry/install/auto_aim_interfaces/include/auto_aim_interfaces/auto_aim_interfaces/msg/detail/debug_light__builder.hpp
[1.021s] -- Up-to-date symlink: /home/rmsentry/DUST-RM-Sentry/install/auto_aim_interfaces/include/auto_aim_interfaces/auto_aim_interfaces/msg/detail/debug_light__struct.hpp
[1.021s] -- Up-to-date symlink: /home/rmsentry/DUST-RM-Sentry/install/auto_aim_interfaces/include/auto_aim_interfaces/auto_aim_interfaces/msg/detail/debug_light__traits.hpp
[1.021s] -- Up-to-date symlink: /home/rmsentry/DUST-RM-Sentry/install/auto_aim_interfaces/include/auto_aim_interfaces/auto_aim_interfaces/msg/detail/debug_light__type_support.hpp
[1.021s] -- Up-to-date symlink: /home/rmsentry/DUST-RM-Sentry/install/auto_aim_interfaces/include/auto_aim_interfaces/auto_aim_interfaces/msg/detail/debug_lights__builder.hpp
[1.022s] -- Up-to-date symlink: /home/rmsentry/DUST-RM-Sentry/install/auto_aim_interfaces/include/auto_aim_interfaces/auto_aim_interfaces/msg/detail/debug_lights__struct.hpp
[1.022s] -- Up-to-date symlink: /home/rmsentry/DUST-RM-Sentry/install/auto_aim_interfaces/include/auto_aim_interfaces/auto_aim_interfaces/msg/detail/debug_lights__traits.hpp
[1.022s] -- Up-to-date symlink: /home/rmsentry/DUST-RM-Sentry/install/auto_aim_interfaces/include/auto_aim_interfaces/auto_aim_interfaces/msg/detail/debug_lights__type_support.hpp
[1.022s] -- Up-to-date symlink: /home/rmsentry/DUST-RM-Sentry/install/auto_aim_interfaces/include/auto_aim_interfaces/auto_aim_interfaces/msg/detail/gimbal_cmd__builder.hpp
[1.022s] -- Up-to-date symlink: /home/rmsentry/DUST-RM-Sentry/install/auto_aim_interfaces/include/auto_aim_interfaces/auto_aim_interfaces/msg/detail/gimbal_cmd__struct.hpp
[1.022s] -- Up-to-date symlink: /home/rmsentry/DUST-RM-Sentry/install/auto_aim_interfaces/include/auto_aim_interfaces/auto_aim_interfaces/msg/detail/gimbal_cmd__traits.hpp
[1.022s] -- Up-to-date symlink: /home/rmsentry/DUST-RM-Sentry/install/auto_aim_interfaces/include/auto_aim_interfaces/auto_aim_interfaces/msg/detail/gimbal_cmd__type_support.hpp
[1.022s] -- Up-to-date symlink: /home/rmsentry/DUST-RM-Sentry/install/auto_aim_interfaces/include/auto_aim_interfaces/auto_aim_interfaces/msg/detail/measurement__builder.hpp
[1.022s] -- Up-to-date symlink: /home/rmsentry/DUST-RM-Sentry/install/auto_aim_interfaces/include/auto_aim_interfaces/auto_aim_interfaces/msg/detail/measurement__struct.hpp
[1.022s] -- Up-to-date symlink: /home/rmsentry/DUST-RM-Sentry/install/auto_aim_interfaces/include/auto_aim_interfaces/auto_aim_interfaces/msg/detail/measurement__traits.hpp
[1.022s] -- Up-to-date symlink: /home/rmsentry/DUST-RM-Sentry/install/auto_aim_interfaces/include/auto_aim_interfaces/auto_aim_interfaces/msg/detail/measurement__type_support.hpp
[1.022s] -- Up-to-date symlink: /home/rmsentry/DUST-RM-Sentry/install/auto_aim_interfaces/include/auto_aim_interfaces/auto_aim_interfaces/msg/detail/target__builder.hpp
[1.022s] -- Up-to-date symlink: /home/rmsentry/DUST-RM-Sentry/install/auto_aim_interfaces/include/auto_aim_interfaces/auto_aim_interfaces/msg/detail/target__struct.hpp
[1.022s] -- Up-to-date symlink: /home/rmsentry/DUST-RM-Sentry/install/auto_aim_interfaces/include/auto_aim_interfaces/auto_aim_interfaces/msg/detail/target__traits.hpp
[1.022s] -- Up-to-date symlink: /home/rmsentry/DUST-RM-Sentry/install/auto_aim_interfaces/include/auto_aim_interfaces/auto_aim_interfaces/msg/detail/target__type_support.hpp
[1.022s] -- Up-to-date symlink: /home/rmsentry/DUST-RM-Sentry/install/auto_aim_interfaces/include/auto_aim_interfaces/auto_aim_interfaces/msg/detail/tracker_info__builder.hpp
[1.022s] -- Up-to-date symlink: /home/rmsentry/DUST-RM-Sentry/install/auto_aim_interfaces/include/auto_aim_interfaces/auto_aim_interfaces/msg/detail/tracker_info__struct.hpp
[1.022s] -- Up-to-date symlink: /home/rmsentry/DUST-RM-Sentry/install/auto_aim_interfaces/include/auto_aim_interfaces/auto_aim_interfaces/msg/detail/tracker_info__traits.hpp
[1.022s] -- Up-to-date symlink: /home/rmsentry/DUST-RM-Sentry/install/auto_aim_interfaces/include/auto_aim_interfaces/auto_aim_interfaces/msg/detail/tracker_info__type_support.hpp
[1.022s] -- Up-to-date symlink: /home/rmsentry/DUST-RM-Sentry/install/auto_aim_interfaces/include/auto_aim_interfaces/auto_aim_interfaces/msg/gimbal_cmd.hpp
[1.022s] -- Up-to-date symlink: /home/rmsentry/DUST-RM-Sentry/install/auto_aim_interfaces/include/auto_aim_interfaces/auto_aim_interfaces/msg/measurement.hpp
[1.022s] -- Up-to-date symlink: /home/rmsentry/DUST-RM-Sentry/install/auto_aim_interfaces/include/auto_aim_interfaces/auto_aim_interfaces/msg/rosidl_generator_cpp__visibility_control.hpp
[1.023s] -- Up-to-date symlink: /home/rmsentry/DUST-RM-Sentry/install/auto_aim_interfaces/include/auto_aim_interfaces/auto_aim_interfaces/msg/target.hpp
[1.023s] -- Up-to-date symlink: /home/rmsentry/DUST-RM-Sentry/install/auto_aim_interfaces/include/auto_aim_interfaces/auto_aim_interfaces/msg/tracker_info.hpp
[1.023s] -- Up-to-date symlink: /home/rmsentry/DUST-RM-Sentry/install/auto_aim_interfaces/include/auto_aim_interfaces/auto_aim_interfaces/msg/detail/armor__rosidl_typesupport_fastrtps_cpp.hpp
[1.023s] -- Up-to-date symlink: /home/rmsentry/DUST-RM-Sentry/install/auto_aim_interfaces/include/auto_aim_interfaces/auto_aim_interfaces/msg/detail/armors__rosidl_typesupport_fastrtps_cpp.hpp
[1.023s] -- Up-to-date symlink: /home/rmsentry/DUST-RM-Sentry/install/auto_aim_interfaces/include/auto_aim_interfaces/auto_aim_interfaces/msg/detail/debug_armor__rosidl_typesupport_fastrtps_cpp.hpp
[1.023s] -- Up-to-date symlink: /home/rmsentry/DUST-RM-Sentry/install/auto_aim_interfaces/include/auto_aim_interfaces/auto_aim_interfaces/msg/detail/debug_armors__rosidl_typesupport_fastrtps_cpp.hpp
[1.023s] -- Up-to-date symlink: /home/rmsentry/DUST-RM-Sentry/install/auto_aim_interfaces/include/auto_aim_interfaces/auto_aim_interfaces/msg/detail/debug_light__rosidl_typesupport_fastrtps_cpp.hpp
[1.023s] -- Up-to-date symlink: /home/rmsentry/DUST-RM-Sentry/install/auto_aim_interfaces/include/auto_aim_interfaces/auto_aim_interfaces/msg/detail/debug_lights__rosidl_typesupport_fastrtps_cpp.hpp
[1.023s] -- Up-to-date symlink: /home/rmsentry/DUST-RM-Sentry/install/auto_aim_interfaces/include/auto_aim_interfaces/auto_aim_interfaces/msg/detail/gimbal_cmd__rosidl_typesupport_fastrtps_cpp.hpp
[1.023s] -- Up-to-date symlink: /home/rmsentry/DUST-RM-Sentry/install/auto_aim_interfaces/include/auto_aim_interfaces/auto_aim_interfaces/msg/detail/measurement__rosidl_typesupport_fastrtps_cpp.hpp
[1.023s] -- Up-to-date symlink: /home/rmsentry/DUST-RM-Sentry/install/auto_aim_interfaces/include/auto_aim_interfaces/auto_aim_interfaces/msg/detail/target__rosidl_typesupport_fastrtps_cpp.hpp
[1.023s] -- Up-to-date symlink: /home/rmsentry/DUST-RM-Sentry/install/auto_aim_interfaces/include/auto_aim_interfaces/auto_aim_interfaces/msg/detail/tracker_info__rosidl_typesupport_fastrtps_cpp.hpp
[1.023s] -- Up-to-date symlink: /home/rmsentry/DUST-RM-Sentry/install/auto_aim_interfaces/include/auto_aim_interfaces/auto_aim_interfaces/msg/rosidl_typesupport_fastrtps_cpp__visibility_control.h
[1.023s] -- Up-to-date symlink: /home/rmsentry/DUST-RM-Sentry/install/auto_aim_interfaces/include/auto_aim_interfaces/auto_aim_interfaces/msg/detail/armor__rosidl_typesupport_introspection_cpp.hpp
[1.023s] -- Up-to-date symlink: /home/rmsentry/DUST-RM-Sentry/install/auto_aim_interfaces/include/auto_aim_interfaces/auto_aim_interfaces/msg/detail/armors__rosidl_typesupport_introspection_cpp.hpp
[1.023s] -- Up-to-date symlink: /home/rmsentry/DUST-RM-Sentry/install/auto_aim_interfaces/include/auto_aim_interfaces/auto_aim_interfaces/msg/detail/debug_armor__rosidl_typesupport_introspection_cpp.hpp
[1.023s] -- Up-to-date symlink: /home/rmsentry/DUST-RM-Sentry/install/auto_aim_interfaces/include/auto_aim_interfaces/auto_aim_interfaces/msg/detail/debug_armors__rosidl_typesupport_introspection_cpp.hpp
[1.023s] -- Up-to-date symlink: /home/rmsentry/DUST-RM-Sentry/install/auto_aim_interfaces/include/auto_aim_interfaces/auto_aim_interfaces/msg/detail/debug_light__rosidl_typesupport_introspection_cpp.hpp
[1.024s] -- Up-to-date symlink: /home/rmsentry/DUST-RM-Sentry/install/auto_aim_interfaces/include/auto_aim_interfaces/auto_aim_interfaces/msg/detail/debug_lights__rosidl_typesupport_introspection_cpp.hpp
[1.024s] -- Up-to-date symlink: /home/rmsentry/DUST-RM-Sentry/install/auto_aim_interfaces/include/auto_aim_interfaces/auto_aim_interfaces/msg/detail/gimbal_cmd__rosidl_typesupport_introspection_cpp.hpp
[1.024s] -- Up-to-date symlink: /home/rmsentry/DUST-RM-Sentry/install/auto_aim_interfaces/include/auto_aim_interfaces/auto_aim_interfaces/msg/detail/measurement__rosidl_typesupport_introspection_cpp.hpp
[1.024s] -- Up-to-date symlink: /home/rmsentry/DUST-RM-Sentry/install/auto_aim_interfaces/include/auto_aim_interfaces/auto_aim_interfaces/msg/detail/target__rosidl_typesupport_introspection_cpp.hpp
[1.024s] -- Up-to-date symlink: /home/rmsentry/DUST-RM-Sentry/install/auto_aim_interfaces/include/auto_aim_interfaces/auto_aim_interfaces/msg/detail/tracker_info__rosidl_typesupport_introspection_cpp.hpp
[1.024s] -- Up-to-date symlink: /home/rmsentry/DUST-RM-Sentry/install/auto_aim_interfaces/share/auto_aim_interfaces/environment/pythonpath.sh
[1.024s] -- Up-to-date symlink: /home/rmsentry/DUST-RM-Sentry/install/auto_aim_interfaces/share/auto_aim_interfaces/environment/pythonpath.dsv
[1.024s] -- Up-to-date symlink: /home/rmsentry/DUST-RM-Sentry/install/auto_aim_interfaces/local/lib/python3.10/dist-packages/auto_aim_interfaces-0.0.0-py3.10.egg-info/PKG-INFO
[1.024s] -- Up-to-date symlink: /home/rmsentry/DUST-RM-Sentry/install/auto_aim_interfaces/local/lib/python3.10/dist-packages/auto_aim_interfaces-0.0.0-py3.10.egg-info/SOURCES.txt
[1.024s] -- Up-to-date symlink: /home/rmsentry/DUST-RM-Sentry/install/auto_aim_interfaces/local/lib/python3.10/dist-packages/auto_aim_interfaces-0.0.0-py3.10.egg-info/dependency_links.txt
[1.024s] -- Up-to-date symlink: /home/rmsentry/DUST-RM-Sentry/install/auto_aim_interfaces/local/lib/python3.10/dist-packages/auto_aim_interfaces-0.0.0-py3.10.egg-info/top_level.txt
[1.024s] -- Up-to-date symlink: /home/rmsentry/DUST-RM-Sentry/install/auto_aim_interfaces/local/lib/python3.10/dist-packages/auto_aim_interfaces/__init__.py
[1.024s] -- Up-to-date symlink: /home/rmsentry/DUST-RM-Sentry/install/auto_aim_interfaces/local/lib/python3.10/dist-packages/auto_aim_interfaces/_auto_aim_interfaces_s.ep.rosidl_typesupport_c.c
[1.025s] -- Up-to-date symlink: /home/rmsentry/DUST-RM-Sentry/install/auto_aim_interfaces/local/lib/python3.10/dist-packages/auto_aim_interfaces/_auto_aim_interfaces_s.ep.rosidl_typesupport_fastrtps_c.c
[1.025s] -- Up-to-date symlink: /home/rmsentry/DUST-RM-Sentry/install/auto_aim_interfaces/local/lib/python3.10/dist-packages/auto_aim_interfaces/_auto_aim_interfaces_s.ep.rosidl_typesupport_introspection_c.c
[1.025s] -- Up-to-date symlink: /home/rmsentry/DUST-RM-Sentry/install/auto_aim_interfaces/local/lib/python3.10/dist-packages/auto_aim_interfaces/auto_aim_interfaces_s__rosidl_typesupport_c.cpython-310-x86_64-linux-gnu.so
[1.025s] -- Up-to-date symlink: /home/rmsentry/DUST-RM-Sentry/install/auto_aim_interfaces/local/lib/python3.10/dist-packages/auto_aim_interfaces/auto_aim_interfaces_s__rosidl_typesupport_fastrtps_c.cpython-310-x86_64-linux-gnu.so
[1.025s] -- Up-to-date symlink: /home/rmsentry/DUST-RM-Sentry/install/auto_aim_interfaces/local/lib/python3.10/dist-packages/auto_aim_interfaces/auto_aim_interfaces_s__rosidl_typesupport_introspection_c.cpython-310-x86_64-linux-gnu.so
[1.025s] -- Up-to-date symlink: /home/rmsentry/DUST-RM-Sentry/install/auto_aim_interfaces/local/lib/python3.10/dist-packages/auto_aim_interfaces/libauto_aim_interfaces__rosidl_generator_py.so
[1.025s] -- Up-to-date symlink: /home/rmsentry/DUST-RM-Sentry/install/auto_aim_interfaces/local/lib/python3.10/dist-packages/auto_aim_interfaces/msg/__init__.py
[1.025s] -- Up-to-date symlink: /home/rmsentry/DUST-RM-Sentry/install/auto_aim_interfaces/local/lib/python3.10/dist-packages/auto_aim_interfaces/msg/_armor.py
[1.025s] -- Up-to-date symlink: /home/rmsentry/DUST-RM-Sentry/install/auto_aim_interfaces/local/lib/python3.10/dist-packages/auto_aim_interfaces/msg/_armor_s.c
[1.025s] -- Up-to-date symlink: /home/rmsentry/DUST-RM-Sentry/install/auto_aim_interfaces/local/lib/python3.10/dist-packages/auto_aim_interfaces/msg/_armors.py
[1.026s] -- Up-to-date symlink: /home/rmsentry/DUST-RM-Sentry/install/auto_aim_interfaces/local/lib/python3.10/dist-packages/auto_aim_interfaces/msg/_armors_s.c
[1.026s] -- Up-to-date symlink: /home/rmsentry/DUST-RM-Sentry/install/auto_aim_interfaces/local/lib/python3.10/dist-packages/auto_aim_interfaces/msg/_debug_armor.py
[1.026s] -- Up-to-date symlink: /home/rmsentry/DUST-RM-Sentry/install/auto_aim_interfaces/local/lib/python3.10/dist-packages/auto_aim_interfaces/msg/_debug_armor_s.c
[1.026s] -- Up-to-date symlink: /home/rmsentry/DUST-RM-Sentry/install/auto_aim_interfaces/local/lib/python3.10/dist-packages/auto_aim_interfaces/msg/_debug_armors.py
[1.026s] -- Up-to-date symlink: /home/rmsentry/DUST-RM-Sentry/install/auto_aim_interfaces/local/lib/python3.10/dist-packages/auto_aim_interfaces/msg/_debug_armors_s.c
[1.026s] -- Up-to-date symlink: /home/rmsentry/DUST-RM-Sentry/install/auto_aim_interfaces/local/lib/python3.10/dist-packages/auto_aim_interfaces/msg/_debug_light.py
[1.026s] -- Up-to-date symlink: /home/rmsentry/DUST-RM-Sentry/install/auto_aim_interfaces/local/lib/python3.10/dist-packages/auto_aim_interfaces/msg/_debug_light_s.c
[1.027s] -- Up-to-date symlink: /home/rmsentry/DUST-RM-Sentry/install/auto_aim_interfaces/local/lib/python3.10/dist-packages/auto_aim_interfaces/msg/_debug_lights.py
[1.027s] -- Up-to-date symlink: /home/rmsentry/DUST-RM-Sentry/install/auto_aim_interfaces/local/lib/python3.10/dist-packages/auto_aim_interfaces/msg/_debug_lights_s.c
[1.027s] -- Up-to-date symlink: /home/rmsentry/DUST-RM-Sentry/install/auto_aim_interfaces/local/lib/python3.10/dist-packages/auto_aim_interfaces/msg/_gimbal_cmd.py
[1.027s] -- Up-to-date symlink: /home/rmsentry/DUST-RM-Sentry/install/auto_aim_interfaces/local/lib/python3.10/dist-packages/auto_aim_interfaces/msg/_gimbal_cmd_s.c
[1.027s] -- Up-to-date symlink: /home/rmsentry/DUST-RM-Sentry/install/auto_aim_interfaces/local/lib/python3.10/dist-packages/auto_aim_interfaces/msg/_measurement.py
[1.027s] -- Up-to-date symlink: /home/rmsentry/DUST-RM-Sentry/install/auto_aim_interfaces/local/lib/python3.10/dist-packages/auto_aim_interfaces/msg/_measurement_s.c
[1.027s] -- Up-to-date symlink: /home/rmsentry/DUST-RM-Sentry/install/auto_aim_interfaces/local/lib/python3.10/dist-packages/auto_aim_interfaces/msg/_target.py
[1.027s] -- Up-to-date symlink: /home/rmsentry/DUST-RM-Sentry/install/auto_aim_interfaces/local/lib/python3.10/dist-packages/auto_aim_interfaces/msg/_target_s.c
[1.027s] -- Up-to-date symlink: /home/rmsentry/DUST-RM-Sentry/install/auto_aim_interfaces/local/lib/python3.10/dist-packages/auto_aim_interfaces/msg/_tracker_info.py
[1.027s] -- Up-to-date symlink: /home/rmsentry/DUST-RM-Sentry/install/auto_aim_interfaces/local/lib/python3.10/dist-packages/auto_aim_interfaces/msg/_tracker_info_s.c
[1.027s] -- Up-to-date symlink: /home/rmsentry/DUST-RM-Sentry/install/auto_aim_interfaces/local/lib/python3.10/dist-packages/auto_aim_interfaces/auto_aim_interfaces_s__rosidl_typesupport_fastrtps_c.cpython-310-x86_64-linux-gnu.so
[1.028s] -- Up-to-date symlink: /home/rmsentry/DUST-RM-Sentry/install/auto_aim_interfaces/local/lib/python3.10/dist-packages/auto_aim_interfaces/auto_aim_interfaces_s__rosidl_typesupport_introspection_c.cpython-310-x86_64-linux-gnu.so
[1.029s] -- Up-to-date symlink: /home/rmsentry/DUST-RM-Sentry/install/auto_aim_interfaces/local/lib/python3.10/dist-packages/auto_aim_interfaces/auto_aim_interfaces_s__rosidl_typesupport_c.cpython-310-x86_64-linux-gnu.so
[1.029s] -- Up-to-date symlink: /home/rmsentry/DUST-RM-Sentry/install/auto_aim_interfaces/share/auto_aim_interfaces/msg/Armor.idl
[1.029s] -- Up-to-date symlink: /home/rmsentry/DUST-RM-Sentry/install/auto_aim_interfaces/share/auto_aim_interfaces/msg/Armors.idl
[1.029s] -- Up-to-date symlink: /home/rmsentry/DUST-RM-Sentry/install/auto_aim_interfaces/share/auto_aim_interfaces/msg/Target.idl
[1.029s] -- Up-to-date symlink: /home/rmsentry/DUST-RM-Sentry/install/auto_aim_interfaces/share/auto_aim_interfaces/msg/DebugLight.idl
[1.030s] -- Up-to-date symlink: /home/rmsentry/DUST-RM-Sentry/install/auto_aim_interfaces/share/auto_aim_interfaces/msg/DebugLights.idl
[1.030s] -- Up-to-date symlink: /home/rmsentry/DUST-RM-Sentry/install/auto_aim_interfaces/share/auto_aim_interfaces/msg/DebugArmor.idl
[1.030s] -- Up-to-date symlink: /home/rmsentry/DUST-RM-Sentry/install/auto_aim_interfaces/share/auto_aim_interfaces/msg/DebugArmors.idl
[1.030s] -- Up-to-date symlink: /home/rmsentry/DUST-RM-Sentry/install/auto_aim_interfaces/share/auto_aim_interfaces/msg/TrackerInfo.idl
[1.030s] -- Up-to-date symlink: /home/rmsentry/DUST-RM-Sentry/install/auto_aim_interfaces/share/auto_aim_interfaces/msg/GimbalCmd.idl
[1.030s] -- Up-to-date symlink: /home/rmsentry/DUST-RM-Sentry/install/auto_aim_interfaces/share/auto_aim_interfaces/msg/Measurement.idl
[1.030s] -- Up-to-date symlink: /home/rmsentry/DUST-RM-Sentry/install/auto_aim_interfaces/share/auto_aim_interfaces/msg/Armor.msg
[1.030s] -- Up-to-date symlink: /home/rmsentry/DUST-RM-Sentry/install/auto_aim_interfaces/share/auto_aim_interfaces/msg/Armors.msg
[1.030s] -- Up-to-date symlink: /home/rmsentry/DUST-RM-Sentry/install/auto_aim_interfaces/share/auto_aim_interfaces/msg/Target.msg
[1.030s] -- Up-to-date symlink: /home/rmsentry/DUST-RM-Sentry/install/auto_aim_interfaces/share/auto_aim_interfaces/msg/DebugLight.msg
[1.030s] -- Up-to-date symlink: /home/rmsentry/DUST-RM-Sentry/install/auto_aim_interfaces/share/auto_aim_interfaces/msg/DebugLights.msg
[1.030s] -- Up-to-date symlink: /home/rmsentry/DUST-RM-Sentry/install/auto_aim_interfaces/share/auto_aim_interfaces/msg/DebugArmor.msg
[1.030s] -- Up-to-date symlink: /home/rmsentry/DUST-RM-Sentry/install/auto_aim_interfaces/share/auto_aim_interfaces/msg/DebugArmors.msg
[1.030s] -- Up-to-date symlink: /home/rmsentry/DUST-RM-Sentry/install/auto_aim_interfaces/share/auto_aim_interfaces/msg/TrackerInfo.msg
[1.030s] -- Up-to-date symlink: /home/rmsentry/DUST-RM-Sentry/install/auto_aim_interfaces/share/auto_aim_interfaces/msg/GimbalCmd.msg
[1.030s] -- Up-to-date symlink: /home/rmsentry/DUST-RM-Sentry/install/auto_aim_interfaces/share/auto_aim_interfaces/msg/Measurement.msg
[1.030s] -- Up-to-date symlink: /home/rmsentry/DUST-RM-Sentry/install/auto_aim_interfaces/share/ament_index/resource_index/package_run_dependencies/auto_aim_interfaces
[1.030s] -- Up-to-date symlink: /home/rmsentry/DUST-RM-Sentry/install/auto_aim_interfaces/share/ament_index/resource_index/parent_prefix_path/auto_aim_interfaces
[1.030s] -- Up-to-date symlink: /home/rmsentry/DUST-RM-Sentry/install/auto_aim_interfaces/share/auto_aim_interfaces/environment/ament_prefix_path.sh
[1.031s] -- Up-to-date symlink: /home/rmsentry/DUST-RM-Sentry/install/auto_aim_interfaces/share/auto_aim_interfaces/environment/ament_prefix_path.dsv
[1.031s] -- Up-to-date symlink: /home/rmsentry/DUST-RM-Sentry/install/auto_aim_interfaces/share/auto_aim_interfaces/environment/path.sh
[1.031s] -- Up-to-date symlink: /home/rmsentry/DUST-RM-Sentry/install/auto_aim_interfaces/share/auto_aim_interfaces/environment/path.dsv
[1.031s] -- Up-to-date symlink: /home/rmsentry/DUST-RM-Sentry/install/auto_aim_interfaces/share/auto_aim_interfaces/local_setup.bash
[1.031s] -- Up-to-date symlink: /home/rmsentry/DUST-RM-Sentry/install/auto_aim_interfaces/share/auto_aim_interfaces/local_setup.sh
[1.031s] -- Up-to-date symlink: /home/rmsentry/DUST-RM-Sentry/install/auto_aim_interfaces/share/auto_aim_interfaces/local_setup.zsh
[1.031s] -- Up-to-date symlink: /home/rmsentry/DUST-RM-Sentry/install/auto_aim_interfaces/share/auto_aim_interfaces/local_setup.dsv
[1.031s] -- Symlinking: /home/rmsentry/DUST-RM-Sentry/install/auto_aim_interfaces/share/auto_aim_interfaces/package.dsv
[1.031s] -- Up-to-date symlink: /home/rmsentry/DUST-RM-Sentry/install/auto_aim_interfaces/share/ament_index/resource_index/packages/auto_aim_interfaces
[1.031s] -- Up-to-date symlink: /home/rmsentry/DUST-RM-Sentry/install/auto_aim_interfaces/share/auto_aim_interfaces/cmake/rosidl_cmake-extras.cmake
[1.031s] -- Up-to-date symlink: /home/rmsentry/DUST-RM-Sentry/install/auto_aim_interfaces/share/auto_aim_interfaces/cmake/ament_cmake_export_dependencies-extras.cmake
[1.031s] -- Up-to-date symlink: /home/rmsentry/DUST-RM-Sentry/install/auto_aim_interfaces/share/auto_aim_interfaces/cmake/ament_cmake_export_include_directories-extras.cmake
[1.031s] -- Up-to-date symlink: /home/rmsentry/DUST-RM-Sentry/install/auto_aim_interfaces/share/auto_aim_interfaces/cmake/ament_cmake_export_libraries-extras.cmake
[1.031s] -- Up-to-date symlink: /home/rmsentry/DUST-RM-Sentry/install/auto_aim_interfaces/share/auto_aim_interfaces/cmake/ament_cmake_export_targets-extras.cmake
[1.031s] -- Up-to-date symlink: /home/rmsentry/DUST-RM-Sentry/install/auto_aim_interfaces/share/auto_aim_interfaces/cmake/rosidl_cmake_export_typesupport_targets-extras.cmake
[1.031s] -- Up-to-date symlink: /home/rmsentry/DUST-RM-Sentry/install/auto_aim_interfaces/share/auto_aim_interfaces/cmake/rosidl_cmake_export_typesupport_libraries-extras.cmake
[1.031s] -- Up-to-date symlink: /home/rmsentry/DUST-RM-Sentry/install/auto_aim_interfaces/share/auto_aim_interfaces/cmake/auto_aim_interfacesConfig.cmake
[1.031s] -- Up-to-date symlink: /home/rmsentry/DUST-RM-Sentry/install/auto_aim_interfaces/share/auto_aim_interfaces/cmake/auto_aim_interfacesConfig-version.cmake
[1.032s] -- Up-to-date symlink: /home/rmsentry/DUST-RM-Sentry/install/auto_aim_interfaces/share/auto_aim_interfaces/package.xml
[1.032s] -- Installing: /home/rmsentry/DUST-RM-Sentry/install/auto_aim_interfaces/lib/libauto_aim_interfaces__rosidl_generator_c.so
[1.032s] -- Set non-toolchain portion of runtime path of "/home/rmsentry/DUST-RM-Sentry/install/auto_aim_interfaces/lib/libauto_aim_interfaces__rosidl_generator_c.so" to ""
[1.032s] -- Installing: /home/rmsentry/DUST-RM-Sentry/install/auto_aim_interfaces/lib/libauto_aim_interfaces__rosidl_typesupport_fastrtps_c.so
[1.032s] -- Set non-toolchain portion of runtime path of "/home/rmsentry/DUST-RM-Sentry/install/auto_aim_interfaces/lib/libauto_aim_interfaces__rosidl_typesupport_fastrtps_c.so" to ""
[1.032s] -- Installing: /home/rmsentry/DUST-RM-Sentry/install/auto_aim_interfaces/lib/libauto_aim_interfaces__rosidl_typesupport_introspection_c.so
[1.032s] -- Set non-toolchain portion of runtime path of "/home/rmsentry/DUST-RM-Sentry/install/auto_aim_interfaces/lib/libauto_aim_interfaces__rosidl_typesupport_introspection_c.so" to ""
[1.032s] -- Installing: /home/rmsentry/DUST-RM-Sentry/install/auto_aim_interfaces/lib/libauto_aim_interfaces__rosidl_typesupport_c.so
[1.032s] -- Set non-toolchain portion of runtime path of "/home/rmsentry/DUST-RM-Sentry/install/auto_aim_interfaces/lib/libauto_aim_interfaces__rosidl_typesupport_c.so" to ""
[1.032s] -- Installing: /home/rmsentry/DUST-RM-Sentry/install/auto_aim_interfaces/lib/libauto_aim_interfaces__rosidl_typesupport_fastrtps_cpp.so
[1.032s] -- Set non-toolchain portion of runtime path of "/home/rmsentry/DUST-RM-Sentry/install/auto_aim_interfaces/lib/libauto_aim_interfaces__rosidl_typesupport_fastrtps_cpp.so" to ""
[1.032s] -- Installing: /home/rmsentry/DUST-RM-Sentry/install/auto_aim_interfaces/lib/libauto_aim_interfaces__rosidl_typesupport_introspection_cpp.so
[1.032s] -- Set non-toolchain portion of runtime path of "/home/rmsentry/DUST-RM-Sentry/install/auto_aim_interfaces/lib/libauto_aim_interfaces__rosidl_typesupport_introspection_cpp.so" to ""
[1.032s] -- Installing: /home/rmsentry/DUST-RM-Sentry/install/auto_aim_interfaces/lib/libauto_aim_interfaces__rosidl_typesupport_cpp.so
[1.032s] -- Set non-toolchain portion of runtime path of "/home/rmsentry/DUST-RM-Sentry/install/auto_aim_interfaces/lib/libauto_aim_interfaces__rosidl_typesupport_cpp.so" to ""
[1.074s] Listing '/home/rmsentry/DUST-RM-Sentry/install/auto_aim_interfaces/local/lib/python3.10/dist-packages/auto_aim_interfaces'...
[1.074s] Listing '/home/rmsentry/DUST-RM-Sentry/install/auto_aim_interfaces/local/lib/python3.10/dist-packages/auto_aim_interfaces/msg'...
[1.076s] -- Installing: /home/rmsentry/DUST-RM-Sentry/install/auto_aim_interfaces/lib/libauto_aim_interfaces__rosidl_generator_py.so
[1.077s] -- Set non-toolchain portion of runtime path of "/home/rmsentry/DUST-RM-Sentry/install/auto_aim_interfaces/lib/libauto_aim_interfaces__rosidl_generator_py.so" to ""
[1.077s] -- Installing: /home/rmsentry/DUST-RM-Sentry/install/auto_aim_interfaces/share/auto_aim_interfaces/cmake/export_auto_aim_interfaces__rosidl_generator_cExport.cmake
[1.077s] -- Installing: /home/rmsentry/DUST-RM-Sentry/install/auto_aim_interfaces/share/auto_aim_interfaces/cmake/export_auto_aim_interfaces__rosidl_generator_cExport-noconfig.cmake
[1.078s] -- Installing: /home/rmsentry/DUST-RM-Sentry/install/auto_aim_interfaces/share/auto_aim_interfaces/cmake/export_auto_aim_interfaces__rosidl_typesupport_fastrtps_cExport.cmake
[1.078s] -- Installing: /home/rmsentry/DUST-RM-Sentry/install/auto_aim_interfaces/share/auto_aim_interfaces/cmake/export_auto_aim_interfaces__rosidl_typesupport_fastrtps_cExport-noconfig.cmake
[1.078s] -- Installing: /home/rmsentry/DUST-RM-Sentry/install/auto_aim_interfaces/share/auto_aim_interfaces/cmake/auto_aim_interfaces__rosidl_typesupport_introspection_cExport.cmake
[1.078s] -- Installing: /home/rmsentry/DUST-RM-Sentry/install/auto_aim_interfaces/share/auto_aim_interfaces/cmake/auto_aim_interfaces__rosidl_typesupport_introspection_cExport-noconfig.cmake
[1.079s] -- Installing: /home/rmsentry/DUST-RM-Sentry/install/auto_aim_interfaces/share/auto_aim_interfaces/cmake/auto_aim_interfaces__rosidl_typesupport_cExport.cmake
[1.079s] -- Installing: /home/rmsentry/DUST-RM-Sentry/install/auto_aim_interfaces/share/auto_aim_interfaces/cmake/auto_aim_interfaces__rosidl_typesupport_cExport-noconfig.cmake
[1.079s] -- Installing: /home/rmsentry/DUST-RM-Sentry/install/auto_aim_interfaces/share/auto_aim_interfaces/cmake/export_auto_aim_interfaces__rosidl_generator_cppExport.cmake
[1.079s] -- Installing: /home/rmsentry/DUST-RM-Sentry/install/auto_aim_interfaces/share/auto_aim_interfaces/cmake/export_auto_aim_interfaces__rosidl_typesupport_fastrtps_cppExport.cmake
[1.080s] -- Installing: /home/rmsentry/DUST-RM-Sentry/install/auto_aim_interfaces/share/auto_aim_interfaces/cmake/export_auto_aim_interfaces__rosidl_typesupport_fastrtps_cppExport-noconfig.cmake
[1.080s] -- Installing: /home/rmsentry/DUST-RM-Sentry/install/auto_aim_interfaces/share/auto_aim_interfaces/cmake/auto_aim_interfaces__rosidl_typesupport_introspection_cppExport.cmake
[1.080s] -- Installing: /home/rmsentry/DUST-RM-Sentry/install/auto_aim_interfaces/share/auto_aim_interfaces/cmake/auto_aim_interfaces__rosidl_typesupport_introspection_cppExport-noconfig.cmake
[1.080s] -- Installing: /home/rmsentry/DUST-RM-Sentry/install/auto_aim_interfaces/share/auto_aim_interfaces/cmake/auto_aim_interfaces__rosidl_typesupport_cppExport.cmake
[1.080s] -- Installing: /home/rmsentry/DUST-RM-Sentry/install/auto_aim_interfaces/share/auto_aim_interfaces/cmake/auto_aim_interfaces__rosidl_typesupport_cppExport-noconfig.cmake
[1.080s] -- Installing: /home/rmsentry/DUST-RM-Sentry/install/auto_aim_interfaces/share/auto_aim_interfaces/cmake/export_auto_aim_interfaces__rosidl_generator_pyExport.cmake
[1.080s] -- Installing: /home/rmsentry/DUST-RM-Sentry/install/auto_aim_interfaces/share/auto_aim_interfaces/cmake/export_auto_aim_interfaces__rosidl_generator_pyExport-noconfig.cmake
[1.155s] Invoked command in '/home/rmsentry/DUST-RM-Sentry/build/auto_aim_interfaces' returned '0': CMAKE_PREFIX_PATH=${CMAKE_PREFIX_PATH}:/home/rmsentry/DUST-RM-Sentry/install/rm_decision:/home/rmsentry/DUST-RM-Sentry/install/fake_msg_publisher:/opt/ros/humble /usr/local/bin/cmake --install /home/rmsentry/DUST-RM-Sentry/build/auto_aim_interfaces
