[0.105s] Invoking command in '/home/rmsentry/DUST-RM-Sentry/build/teb_msgs': CMAKE_PREFIX_PATH=/home/rmsentry/DUST-RM-Sentry/install/costmap_converter_msgs:/home/rmsentry/DUST-RM-Sentry/install/vision_msg:/home/rmsentry/DUST-RM-Sentry/install/teb_local_planner:/home/rmsentry/DUST-RM-Sentry/install/teb_msgs:/home/rmsentry/DUST-RM-Sentry/install/robot_decision:/home/rmsentry/DUST-RM-Sentry/install/rm_bringup:/home/rmsentry/DUST-RM-Sentry/install/rm_serial_driver:/home/rmsentry/DUST-RM-Sentry/install/rm_robot_description:/home/rmsentry/DUST-RM-Sentry/install/rm_navigation:/home/rmsentry/DUST-RM-Sentry/install/rm_gimbal_description:/home/rmsentry/DUST-RM-Sentry/install/rm_decision_interfaces:/home/rmsentry/DUST-RM-Sentry/install/rm_auto_aim:/home/rmsentry/DUST-RM-Sentry/install/pointcloud_to_laserscan:/home/rmsentry/DUST-RM-Sentry/install/pointcloud_merger:/home/rmsentry/DUST-RM-Sentry/install/point_lio:/home/rmsentry/DUST-RM-Sentry/install/livox_ros2_driver:/home/rmsentry/DUST-RM-Sentry/install/livox_sdk_vendor:/home/rmsentry/DUST-RM-Sentry/install/icp_registration:/home/rmsentry/DUST-RM-Sentry/install/fast_lio:/home/rmsentry/DUST-RM-Sentry/install/livox_ros_driver2:/home/rmsentry/DUST-RM-Sentry/install/livox_interfaces:/home/rmsentry/DUST-RM-Sentry/install/linefit_ground_segmentation_ros:/home/rmsentry/DUST-RM-Sentry/install/linefit_ground_segmentation:/home/rmsentry/DUST-RM-Sentry/install/imu_complementary_filter:/home/rmsentry/DUST-RM-Sentry/install/hik_camera_second:/home/rmsentry/DUST-RM-Sentry/install/hik_camera_first:/home/rmsentry/DUST-RM-Sentry/install/hik_camera:/home/rmsentry/DUST-RM-Sentry/install/global_interface:/home/rmsentry/DUST-RM-Sentry/install/costmap_converter:/home/rmsentry/DUST-RM-Sentry/install/armor_tracker:/home/rmsentry/DUST-RM-Sentry/install/armor_solver:/home/rmsentry/DUST-RM-Sentry/install/armor_detector:/home/rmsentry/DUST-RM-Sentry/install/auto_aim_interfaces:/home/rmsentry/DUST-RM-Sentry/install/rm_decision:/home/rmsentry/DUST-RM-Sentry/install/fake_msg_publisher:/opt/ros/humble LD_LIBRARY_PATH=/home/rmsentry/DUST-RM-Sentry/install/costmap_converter_msgs/lib:/home/rmsentry/DUST-RM-Sentry/install/vision_msg/lib:/home/rmsentry/DUST-RM-Sentry/install/teb_local_planner/lib:/home/rmsentry/DUST-RM-Sentry/install/teb_msgs/lib:/home/rmsentry/DUST-RM-Sentry/install/robot_decision/lib:/home/rmsentry/DUST-RM-Sentry/install/rm_serial_driver/lib:/home/rmsentry/DUST-RM-Sentry/install/rm_decision_interfaces/lib:/home/rmsentry/DUST-RM-Sentry/install/pointcloud_to_laserscan/lib:/home/rmsentry/DUST-RM-Sentry/install/livox_ros2_driver/lib:/home/rmsentry/DUST-RM-Sentry/install/icp_registration/lib:/home/rmsentry/DUST-RM-Sentry/install/fast_lio/lib:/home/rmsentry/DUST-RM-Sentry/install/livox_ros_driver2/lib:/home/rmsentry/DUST-RM-Sentry/install/livox_interfaces/lib:/home/rmsentry/DUST-RM-Sentry/install/linefit_ground_segmentation/lib:/home/rmsentry/DUST-RM-Sentry/install/imu_complementary_filter/lib:/home/rmsentry/DUST-RM-Sentry/install/hik_camera_second/lib:/home/rmsentry/DUST-RM-Sentry/install/hik_camera_first/lib:/home/rmsentry/DUST-RM-Sentry/install/hik_camera/lib:/home/rmsentry/DUST-RM-Sentry/install/global_interface/lib:/home/rmsentry/DUST-RM-Sentry/install/costmap_converter/lib:/home/rmsentry/DUST-RM-Sentry/install/armor_tracker/lib:/home/rmsentry/DUST-RM-Sentry/install/armor_solver/lib:/home/rmsentry/DUST-RM-Sentry/install/armor_detector/lib:/home/rmsentry/DUST-RM-Sentry/install/auto_aim_interfaces/lib:/opt/MVS/lib/64:/opt/MVS/lib/32:/usr/local/lib:/opt/MVS/lib/64:/opt/MVS/lib/32:/opt/MVS/lib/64:/opt/MVS/lib/32:/usr/local/lib:/opt/ros/humble/opt/rviz_ogre_vendor/lib:/opt/ros/humble/lib/x86_64-linux-gnu:/opt/ros/humble/lib:/opt/MVS/lib/64:/opt/MVS/lib/32:/opt/MVS/lib/64:/opt/MVS/lib/32:/opt/MVS/lib/64:/opt/MVS/lib/32 /usr/local/bin/cmake --build /home/rmsentry/DUST-RM-Sentry/build/teb_msgs -- -j12 -l12
[0.136s] [  2%] Built target teb_msgs__cpp
[0.144s] [ 12%] Built target teb_msgs__rosidl_generator_c
[0.144s] [ 12%] Built target ament_cmake_python_symlink_teb_msgs
[0.159s] [ 23%] Built target teb_msgs__rosidl_typesupport_c
[0.162s] [ 34%] Built target teb_msgs__rosidl_typesupport_cpp
[0.165s] [ 44%] Built target teb_msgs__rosidl_typesupport_introspection_cpp
[0.165s] [ 55%] Built target teb_msgs__rosidl_typesupport_introspection_c
[0.167s] [ 65%] Built target teb_msgs__rosidl_typesupport_fastrtps_cpp
[0.170s] [ 76%] Built target teb_msgs__rosidl_typesupport_fastrtps_c
[0.185s] [ 76%] Built target teb_msgs
[0.201s] [ 78%] Built target teb_msgs__py
[0.225s] [ 87%] Built target teb_msgs__rosidl_generator_py
[0.244s] [ 91%] Built target teb_msgs__rosidl_typesupport_introspection_c__pyext
[0.244s] [100%] Built target teb_msgs__rosidl_typesupport_c__pyext
[0.244s] [ 95%] Built target teb_msgs__rosidl_typesupport_fastrtps_c__pyext
[0.413s] running egg_info
[0.413s] writing teb_msgs.egg-info/PKG-INFO
[0.413s] writing dependency_links to teb_msgs.egg-info/dependency_links.txt
[0.413s] writing top-level names to teb_msgs.egg-info/top_level.txt
[0.416s] reading manifest file 'teb_msgs.egg-info/SOURCES.txt'
[0.417s] writing manifest file 'teb_msgs.egg-info/SOURCES.txt'
[0.449s] [100%] Built target ament_cmake_python_build_teb_msgs_egg
[0.676s] Invoked command in '/home/rmsentry/DUST-RM-Sentry/build/teb_msgs' returned '0': CMAKE_PREFIX_PATH=/home/rmsentry/DUST-RM-Sentry/install/costmap_converter_msgs:/home/rmsentry/DUST-RM-Sentry/install/vision_msg:/home/rmsentry/DUST-RM-Sentry/install/teb_local_planner:/home/rmsentry/DUST-RM-Sentry/install/teb_msgs:/home/rmsentry/DUST-RM-Sentry/install/robot_decision:/home/rmsentry/DUST-RM-Sentry/install/rm_bringup:/home/rmsentry/DUST-RM-Sentry/install/rm_serial_driver:/home/rmsentry/DUST-RM-Sentry/install/rm_robot_description:/home/rmsentry/DUST-RM-Sentry/install/rm_navigation:/home/rmsentry/DUST-RM-Sentry/install/rm_gimbal_description:/home/rmsentry/DUST-RM-Sentry/install/rm_decision_interfaces:/home/rmsentry/DUST-RM-Sentry/install/rm_auto_aim:/home/rmsentry/DUST-RM-Sentry/install/pointcloud_to_laserscan:/home/rmsentry/DUST-RM-Sentry/install/pointcloud_merger:/home/rmsentry/DUST-RM-Sentry/install/point_lio:/home/rmsentry/DUST-RM-Sentry/install/livox_ros2_driver:/home/rmsentry/DUST-RM-Sentry/install/livox_sdk_vendor:/home/rmsentry/DUST-RM-Sentry/install/icp_registration:/home/rmsentry/DUST-RM-Sentry/install/fast_lio:/home/rmsentry/DUST-RM-Sentry/install/livox_ros_driver2:/home/rmsentry/DUST-RM-Sentry/install/livox_interfaces:/home/rmsentry/DUST-RM-Sentry/install/linefit_ground_segmentation_ros:/home/rmsentry/DUST-RM-Sentry/install/linefit_ground_segmentation:/home/rmsentry/DUST-RM-Sentry/install/imu_complementary_filter:/home/rmsentry/DUST-RM-Sentry/install/hik_camera_second:/home/rmsentry/DUST-RM-Sentry/install/hik_camera_first:/home/rmsentry/DUST-RM-Sentry/install/hik_camera:/home/rmsentry/DUST-RM-Sentry/install/global_interface:/home/rmsentry/DUST-RM-Sentry/install/costmap_converter:/home/rmsentry/DUST-RM-Sentry/install/armor_tracker:/home/rmsentry/DUST-RM-Sentry/install/armor_solver:/home/rmsentry/DUST-RM-Sentry/install/armor_detector:/home/rmsentry/DUST-RM-Sentry/install/auto_aim_interfaces:/home/rmsentry/DUST-RM-Sentry/install/rm_decision:/home/rmsentry/DUST-RM-Sentry/install/fake_msg_publisher:/opt/ros/humble LD_LIBRARY_PATH=/home/rmsentry/DUST-RM-Sentry/install/costmap_converter_msgs/lib:/home/rmsentry/DUST-RM-Sentry/install/vision_msg/lib:/home/rmsentry/DUST-RM-Sentry/install/teb_local_planner/lib:/home/rmsentry/DUST-RM-Sentry/install/teb_msgs/lib:/home/rmsentry/DUST-RM-Sentry/install/robot_decision/lib:/home/rmsentry/DUST-RM-Sentry/install/rm_serial_driver/lib:/home/rmsentry/DUST-RM-Sentry/install/rm_decision_interfaces/lib:/home/rmsentry/DUST-RM-Sentry/install/pointcloud_to_laserscan/lib:/home/rmsentry/DUST-RM-Sentry/install/livox_ros2_driver/lib:/home/rmsentry/DUST-RM-Sentry/install/icp_registration/lib:/home/rmsentry/DUST-RM-Sentry/install/fast_lio/lib:/home/rmsentry/DUST-RM-Sentry/install/livox_ros_driver2/lib:/home/rmsentry/DUST-RM-Sentry/install/livox_interfaces/lib:/home/rmsentry/DUST-RM-Sentry/install/linefit_ground_segmentation/lib:/home/rmsentry/DUST-RM-Sentry/install/imu_complementary_filter/lib:/home/rmsentry/DUST-RM-Sentry/install/hik_camera_second/lib:/home/rmsentry/DUST-RM-Sentry/install/hik_camera_first/lib:/home/rmsentry/DUST-RM-Sentry/install/hik_camera/lib:/home/rmsentry/DUST-RM-Sentry/install/global_interface/lib:/home/rmsentry/DUST-RM-Sentry/install/costmap_converter/lib:/home/rmsentry/DUST-RM-Sentry/install/armor_tracker/lib:/home/rmsentry/DUST-RM-Sentry/install/armor_solver/lib:/home/rmsentry/DUST-RM-Sentry/install/armor_detector/lib:/home/rmsentry/DUST-RM-Sentry/install/auto_aim_interfaces/lib:/opt/MVS/lib/64:/opt/MVS/lib/32:/usr/local/lib:/opt/MVS/lib/64:/opt/MVS/lib/32:/opt/MVS/lib/64:/opt/MVS/lib/32:/usr/local/lib:/opt/ros/humble/opt/rviz_ogre_vendor/lib:/opt/ros/humble/lib/x86_64-linux-gnu:/opt/ros/humble/lib:/opt/MVS/lib/64:/opt/MVS/lib/32:/opt/MVS/lib/64:/opt/MVS/lib/32:/opt/MVS/lib/64:/opt/MVS/lib/32 /usr/local/bin/cmake --build /home/rmsentry/DUST-RM-Sentry/build/teb_msgs -- -j12 -l12
[0.676s] Invoking command in '/home/rmsentry/DUST-RM-Sentry/build/teb_msgs': CMAKE_PREFIX_PATH=/home/rmsentry/DUST-RM-Sentry/install/costmap_converter_msgs:/home/rmsentry/DUST-RM-Sentry/install/vision_msg:/home/rmsentry/DUST-RM-Sentry/install/teb_local_planner:/home/rmsentry/DUST-RM-Sentry/install/teb_msgs:/home/rmsentry/DUST-RM-Sentry/install/robot_decision:/home/rmsentry/DUST-RM-Sentry/install/rm_bringup:/home/rmsentry/DUST-RM-Sentry/install/rm_serial_driver:/home/rmsentry/DUST-RM-Sentry/install/rm_robot_description:/home/rmsentry/DUST-RM-Sentry/install/rm_navigation:/home/rmsentry/DUST-RM-Sentry/install/rm_gimbal_description:/home/rmsentry/DUST-RM-Sentry/install/rm_decision_interfaces:/home/rmsentry/DUST-RM-Sentry/install/rm_auto_aim:/home/rmsentry/DUST-RM-Sentry/install/pointcloud_to_laserscan:/home/rmsentry/DUST-RM-Sentry/install/pointcloud_merger:/home/rmsentry/DUST-RM-Sentry/install/point_lio:/home/rmsentry/DUST-RM-Sentry/install/livox_ros2_driver:/home/rmsentry/DUST-RM-Sentry/install/livox_sdk_vendor:/home/rmsentry/DUST-RM-Sentry/install/icp_registration:/home/rmsentry/DUST-RM-Sentry/install/fast_lio:/home/rmsentry/DUST-RM-Sentry/install/livox_ros_driver2:/home/rmsentry/DUST-RM-Sentry/install/livox_interfaces:/home/rmsentry/DUST-RM-Sentry/install/linefit_ground_segmentation_ros:/home/rmsentry/DUST-RM-Sentry/install/linefit_ground_segmentation:/home/rmsentry/DUST-RM-Sentry/install/imu_complementary_filter:/home/rmsentry/DUST-RM-Sentry/install/hik_camera_second:/home/rmsentry/DUST-RM-Sentry/install/hik_camera_first:/home/rmsentry/DUST-RM-Sentry/install/hik_camera:/home/rmsentry/DUST-RM-Sentry/install/global_interface:/home/rmsentry/DUST-RM-Sentry/install/costmap_converter:/home/rmsentry/DUST-RM-Sentry/install/armor_tracker:/home/rmsentry/DUST-RM-Sentry/install/armor_solver:/home/rmsentry/DUST-RM-Sentry/install/armor_detector:/home/rmsentry/DUST-RM-Sentry/install/auto_aim_interfaces:/home/rmsentry/DUST-RM-Sentry/install/rm_decision:/home/rmsentry/DUST-RM-Sentry/install/fake_msg_publisher:/opt/ros/humble LD_LIBRARY_PATH=/home/rmsentry/DUST-RM-Sentry/install/costmap_converter_msgs/lib:/home/rmsentry/DUST-RM-Sentry/install/vision_msg/lib:/home/rmsentry/DUST-RM-Sentry/install/teb_local_planner/lib:/home/rmsentry/DUST-RM-Sentry/install/teb_msgs/lib:/home/rmsentry/DUST-RM-Sentry/install/robot_decision/lib:/home/rmsentry/DUST-RM-Sentry/install/rm_serial_driver/lib:/home/rmsentry/DUST-RM-Sentry/install/rm_decision_interfaces/lib:/home/rmsentry/DUST-RM-Sentry/install/pointcloud_to_laserscan/lib:/home/rmsentry/DUST-RM-Sentry/install/livox_ros2_driver/lib:/home/rmsentry/DUST-RM-Sentry/install/icp_registration/lib:/home/rmsentry/DUST-RM-Sentry/install/fast_lio/lib:/home/rmsentry/DUST-RM-Sentry/install/livox_ros_driver2/lib:/home/rmsentry/DUST-RM-Sentry/install/livox_interfaces/lib:/home/rmsentry/DUST-RM-Sentry/install/linefit_ground_segmentation/lib:/home/rmsentry/DUST-RM-Sentry/install/imu_complementary_filter/lib:/home/rmsentry/DUST-RM-Sentry/install/hik_camera_second/lib:/home/rmsentry/DUST-RM-Sentry/install/hik_camera_first/lib:/home/rmsentry/DUST-RM-Sentry/install/hik_camera/lib:/home/rmsentry/DUST-RM-Sentry/install/global_interface/lib:/home/rmsentry/DUST-RM-Sentry/install/costmap_converter/lib:/home/rmsentry/DUST-RM-Sentry/install/armor_tracker/lib:/home/rmsentry/DUST-RM-Sentry/install/armor_solver/lib:/home/rmsentry/DUST-RM-Sentry/install/armor_detector/lib:/home/rmsentry/DUST-RM-Sentry/install/auto_aim_interfaces/lib:/opt/MVS/lib/64:/opt/MVS/lib/32:/usr/local/lib:/opt/MVS/lib/64:/opt/MVS/lib/32:/opt/MVS/lib/64:/opt/MVS/lib/32:/usr/local/lib:/opt/ros/humble/opt/rviz_ogre_vendor/lib:/opt/ros/humble/lib/x86_64-linux-gnu:/opt/ros/humble/lib:/opt/MVS/lib/64:/opt/MVS/lib/32:/opt/MVS/lib/64:/opt/MVS/lib/32:/opt/MVS/lib/64:/opt/MVS/lib/32 /usr/local/bin/cmake --install /home/rmsentry/DUST-RM-Sentry/build/teb_msgs
[0.685s] -- Install configuration: ""
[0.685s] -- Execute custom install script
[0.685s] -- Up-to-date symlink: /home/rmsentry/DUST-RM-Sentry/install/teb_msgs/share/ament_index/resource_index/rosidl_interfaces/teb_msgs
[0.685s] -- Up-to-date symlink: /home/rmsentry/DUST-RM-Sentry/install/teb_msgs/include/teb_msgs/teb_msgs/msg/detail/feedback_msg__functions.h
[0.685s] -- Up-to-date symlink: /home/rmsentry/DUST-RM-Sentry/install/teb_msgs/include/teb_msgs/teb_msgs/msg/detail/feedback_msg__struct.h
[0.685s] -- Up-to-date symlink: /home/rmsentry/DUST-RM-Sentry/install/teb_msgs/include/teb_msgs/teb_msgs/msg/detail/feedback_msg__type_support.h
[0.686s] -- Up-to-date symlink: /home/rmsentry/DUST-RM-Sentry/install/teb_msgs/include/teb_msgs/teb_msgs/msg/detail/trajectory_msg__functions.h
[0.686s] -- Up-to-date symlink: /home/rmsentry/DUST-RM-Sentry/install/teb_msgs/include/teb_msgs/teb_msgs/msg/detail/trajectory_msg__struct.h
[0.686s] -- Up-to-date symlink: /home/rmsentry/DUST-RM-Sentry/install/teb_msgs/include/teb_msgs/teb_msgs/msg/detail/trajectory_msg__type_support.h
[0.686s] -- Up-to-date symlink: /home/rmsentry/DUST-RM-Sentry/install/teb_msgs/include/teb_msgs/teb_msgs/msg/detail/trajectory_point_msg__functions.h
[0.686s] -- Up-to-date symlink: /home/rmsentry/DUST-RM-Sentry/install/teb_msgs/include/teb_msgs/teb_msgs/msg/detail/trajectory_point_msg__struct.h
[0.686s] -- Up-to-date symlink: /home/rmsentry/DUST-RM-Sentry/install/teb_msgs/include/teb_msgs/teb_msgs/msg/detail/trajectory_point_msg__type_support.h
[0.686s] -- Up-to-date symlink: /home/rmsentry/DUST-RM-Sentry/install/teb_msgs/include/teb_msgs/teb_msgs/msg/feedback_msg.h
[0.686s] -- Up-to-date symlink: /home/rmsentry/DUST-RM-Sentry/install/teb_msgs/include/teb_msgs/teb_msgs/msg/rosidl_generator_c__visibility_control.h
[0.686s] -- Up-to-date symlink: /home/rmsentry/DUST-RM-Sentry/install/teb_msgs/include/teb_msgs/teb_msgs/msg/trajectory_msg.h
[0.686s] -- Up-to-date symlink: /home/rmsentry/DUST-RM-Sentry/install/teb_msgs/include/teb_msgs/teb_msgs/msg/trajectory_point_msg.h
[0.686s] -- Up-to-date symlink: /home/rmsentry/DUST-RM-Sentry/install/teb_msgs/share/teb_msgs/environment/library_path.sh
[0.686s] -- Up-to-date symlink: /home/rmsentry/DUST-RM-Sentry/install/teb_msgs/share/teb_msgs/environment/library_path.dsv
[0.686s] -- Up-to-date symlink: /home/rmsentry/DUST-RM-Sentry/install/teb_msgs/include/teb_msgs/teb_msgs/msg/detail/feedback_msg__rosidl_typesupport_fastrtps_c.h
[0.686s] -- Up-to-date symlink: /home/rmsentry/DUST-RM-Sentry/install/teb_msgs/include/teb_msgs/teb_msgs/msg/detail/trajectory_msg__rosidl_typesupport_fastrtps_c.h
[0.686s] -- Up-to-date symlink: /home/rmsentry/DUST-RM-Sentry/install/teb_msgs/include/teb_msgs/teb_msgs/msg/detail/trajectory_point_msg__rosidl_typesupport_fastrtps_c.h
[0.686s] -- Up-to-date symlink: /home/rmsentry/DUST-RM-Sentry/install/teb_msgs/include/teb_msgs/teb_msgs/msg/rosidl_typesupport_fastrtps_c__visibility_control.h
[0.686s] -- Up-to-date symlink: /home/rmsentry/DUST-RM-Sentry/install/teb_msgs/include/teb_msgs/teb_msgs/msg/detail/feedback_msg__builder.hpp
[0.686s] -- Up-to-date symlink: /home/rmsentry/DUST-RM-Sentry/install/teb_msgs/include/teb_msgs/teb_msgs/msg/detail/feedback_msg__struct.hpp
[0.686s] -- Up-to-date symlink: /home/rmsentry/DUST-RM-Sentry/install/teb_msgs/include/teb_msgs/teb_msgs/msg/detail/feedback_msg__traits.hpp
[0.686s] -- Up-to-date symlink: /home/rmsentry/DUST-RM-Sentry/install/teb_msgs/include/teb_msgs/teb_msgs/msg/detail/feedback_msg__type_support.hpp
[0.687s] -- Up-to-date symlink: /home/rmsentry/DUST-RM-Sentry/install/teb_msgs/include/teb_msgs/teb_msgs/msg/detail/trajectory_msg__builder.hpp
[0.687s] -- Up-to-date symlink: /home/rmsentry/DUST-RM-Sentry/install/teb_msgs/include/teb_msgs/teb_msgs/msg/detail/trajectory_msg__struct.hpp
[0.687s] -- Up-to-date symlink: /home/rmsentry/DUST-RM-Sentry/install/teb_msgs/include/teb_msgs/teb_msgs/msg/detail/trajectory_msg__traits.hpp
[0.687s] -- Up-to-date symlink: /home/rmsentry/DUST-RM-Sentry/install/teb_msgs/include/teb_msgs/teb_msgs/msg/detail/trajectory_msg__type_support.hpp
[0.687s] -- Up-to-date symlink: /home/rmsentry/DUST-RM-Sentry/install/teb_msgs/include/teb_msgs/teb_msgs/msg/detail/trajectory_point_msg__builder.hpp
[0.687s] -- Up-to-date symlink: /home/rmsentry/DUST-RM-Sentry/install/teb_msgs/include/teb_msgs/teb_msgs/msg/detail/trajectory_point_msg__struct.hpp
[0.687s] -- Up-to-date symlink: /home/rmsentry/DUST-RM-Sentry/install/teb_msgs/include/teb_msgs/teb_msgs/msg/detail/trajectory_point_msg__traits.hpp
[0.687s] -- Up-to-date symlink: /home/rmsentry/DUST-RM-Sentry/install/teb_msgs/include/teb_msgs/teb_msgs/msg/detail/trajectory_point_msg__type_support.hpp
[0.687s] -- Up-to-date symlink: /home/rmsentry/DUST-RM-Sentry/install/teb_msgs/include/teb_msgs/teb_msgs/msg/feedback_msg.hpp
[0.687s] -- Up-to-date symlink: /home/rmsentry/DUST-RM-Sentry/install/teb_msgs/include/teb_msgs/teb_msgs/msg/rosidl_generator_cpp__visibility_control.hpp
[0.687s] -- Up-to-date symlink: /home/rmsentry/DUST-RM-Sentry/install/teb_msgs/include/teb_msgs/teb_msgs/msg/trajectory_msg.hpp
[0.687s] -- Up-to-date symlink: /home/rmsentry/DUST-RM-Sentry/install/teb_msgs/include/teb_msgs/teb_msgs/msg/trajectory_point_msg.hpp
[0.687s] -- Up-to-date symlink: /home/rmsentry/DUST-RM-Sentry/install/teb_msgs/include/teb_msgs/teb_msgs/msg/detail/feedback_msg__rosidl_typesupport_fastrtps_cpp.hpp
[0.690s] -- Up-to-date symlink: /home/rmsentry/DUST-RM-Sentry/install/teb_msgs/include/teb_msgs/teb_msgs/msg/detail/trajectory_msg__rosidl_typesupport_fastrtps_cpp.hpp
[0.690s] -- Up-to-date symlink: /home/rmsentry/DUST-RM-Sentry/install/teb_msgs/include/teb_msgs/teb_msgs/msg/detail/trajectory_point_msg__rosidl_typesupport_fastrtps_cpp.hpp
[0.690s] -- Up-to-date symlink: /home/rmsentry/DUST-RM-Sentry/install/teb_msgs/include/teb_msgs/teb_msgs/msg/rosidl_typesupport_fastrtps_cpp__visibility_control.h
[0.690s] -- Up-to-date symlink: /home/rmsentry/DUST-RM-Sentry/install/teb_msgs/include/teb_msgs/teb_msgs/msg/detail/feedback_msg__rosidl_typesupport_introspection_c.h
[0.690s] -- Up-to-date symlink: /home/rmsentry/DUST-RM-Sentry/install/teb_msgs/include/teb_msgs/teb_msgs/msg/detail/trajectory_msg__rosidl_typesupport_introspection_c.h
[0.690s] -- Up-to-date symlink: /home/rmsentry/DUST-RM-Sentry/install/teb_msgs/include/teb_msgs/teb_msgs/msg/detail/trajectory_point_msg__rosidl_typesupport_introspection_c.h
[0.690s] -- Up-to-date symlink: /home/rmsentry/DUST-RM-Sentry/install/teb_msgs/include/teb_msgs/teb_msgs/msg/rosidl_typesupport_introspection_c__visibility_control.h
[0.690s] -- Up-to-date symlink: /home/rmsentry/DUST-RM-Sentry/install/teb_msgs/include/teb_msgs/teb_msgs/msg/detail/feedback_msg__rosidl_typesupport_introspection_cpp.hpp
[0.690s] -- Up-to-date symlink: /home/rmsentry/DUST-RM-Sentry/install/teb_msgs/include/teb_msgs/teb_msgs/msg/detail/trajectory_msg__rosidl_typesupport_introspection_cpp.hpp
[0.690s] -- Up-to-date symlink: /home/rmsentry/DUST-RM-Sentry/install/teb_msgs/include/teb_msgs/teb_msgs/msg/detail/trajectory_point_msg__rosidl_typesupport_introspection_cpp.hpp
[0.690s] -- Up-to-date symlink: /home/rmsentry/DUST-RM-Sentry/install/teb_msgs/share/teb_msgs/environment/pythonpath.sh
[0.690s] -- Up-to-date symlink: /home/rmsentry/DUST-RM-Sentry/install/teb_msgs/share/teb_msgs/environment/pythonpath.dsv
[0.691s] -- Up-to-date symlink: /home/rmsentry/DUST-RM-Sentry/install/teb_msgs/local/lib/python3.10/dist-packages/teb_msgs-0.0.1-py3.10.egg-info/PKG-INFO
[0.691s] -- Up-to-date symlink: /home/rmsentry/DUST-RM-Sentry/install/teb_msgs/local/lib/python3.10/dist-packages/teb_msgs-0.0.1-py3.10.egg-info/SOURCES.txt
[0.691s] -- Up-to-date symlink: /home/rmsentry/DUST-RM-Sentry/install/teb_msgs/local/lib/python3.10/dist-packages/teb_msgs-0.0.1-py3.10.egg-info/dependency_links.txt
[0.691s] -- Up-to-date symlink: /home/rmsentry/DUST-RM-Sentry/install/teb_msgs/local/lib/python3.10/dist-packages/teb_msgs-0.0.1-py3.10.egg-info/top_level.txt
[0.691s] -- Up-to-date symlink: /home/rmsentry/DUST-RM-Sentry/install/teb_msgs/local/lib/python3.10/dist-packages/teb_msgs/__init__.py
[0.691s] -- Up-to-date symlink: /home/rmsentry/DUST-RM-Sentry/install/teb_msgs/local/lib/python3.10/dist-packages/teb_msgs/_teb_msgs_s.ep.rosidl_typesupport_c.c
[0.692s] -- Up-to-date symlink: /home/rmsentry/DUST-RM-Sentry/install/teb_msgs/local/lib/python3.10/dist-packages/teb_msgs/_teb_msgs_s.ep.rosidl_typesupport_fastrtps_c.c
[0.692s] -- Up-to-date symlink: /home/rmsentry/DUST-RM-Sentry/install/teb_msgs/local/lib/python3.10/dist-packages/teb_msgs/_teb_msgs_s.ep.rosidl_typesupport_introspection_c.c
[0.692s] -- Up-to-date symlink: /home/rmsentry/DUST-RM-Sentry/install/teb_msgs/local/lib/python3.10/dist-packages/teb_msgs/libteb_msgs__rosidl_generator_py.so
[0.692s] -- Up-to-date symlink: /home/rmsentry/DUST-RM-Sentry/install/teb_msgs/local/lib/python3.10/dist-packages/teb_msgs/msg/__init__.py
[0.692s] -- Up-to-date symlink: /home/rmsentry/DUST-RM-Sentry/install/teb_msgs/local/lib/python3.10/dist-packages/teb_msgs/msg/_feedback_msg.py
[0.692s] -- Up-to-date symlink: /home/rmsentry/DUST-RM-Sentry/install/teb_msgs/local/lib/python3.10/dist-packages/teb_msgs/msg/_feedback_msg_s.c
[0.692s] -- Up-to-date symlink: /home/rmsentry/DUST-RM-Sentry/install/teb_msgs/local/lib/python3.10/dist-packages/teb_msgs/msg/_trajectory_msg.py
[0.692s] -- Up-to-date symlink: /home/rmsentry/DUST-RM-Sentry/install/teb_msgs/local/lib/python3.10/dist-packages/teb_msgs/msg/_trajectory_msg_s.c
[0.693s] -- Up-to-date symlink: /home/rmsentry/DUST-RM-Sentry/install/teb_msgs/local/lib/python3.10/dist-packages/teb_msgs/msg/_trajectory_point_msg.py
[0.693s] -- Up-to-date symlink: /home/rmsentry/DUST-RM-Sentry/install/teb_msgs/local/lib/python3.10/dist-packages/teb_msgs/msg/_trajectory_point_msg_s.c
[0.693s] -- Up-to-date symlink: /home/rmsentry/DUST-RM-Sentry/install/teb_msgs/local/lib/python3.10/dist-packages/teb_msgs/teb_msgs_s__rosidl_typesupport_c.cpython-310-x86_64-linux-gnu.so
[0.693s] -- Up-to-date symlink: /home/rmsentry/DUST-RM-Sentry/install/teb_msgs/local/lib/python3.10/dist-packages/teb_msgs/teb_msgs_s__rosidl_typesupport_fastrtps_c.cpython-310-x86_64-linux-gnu.so
[0.693s] -- Up-to-date symlink: /home/rmsentry/DUST-RM-Sentry/install/teb_msgs/local/lib/python3.10/dist-packages/teb_msgs/teb_msgs_s__rosidl_typesupport_introspection_c.cpython-310-x86_64-linux-gnu.so
[0.693s] -- Up-to-date symlink: /home/rmsentry/DUST-RM-Sentry/install/teb_msgs/local/lib/python3.10/dist-packages/teb_msgs/teb_msgs_s__rosidl_typesupport_fastrtps_c.cpython-310-x86_64-linux-gnu.so
[0.693s] -- Up-to-date symlink: /home/rmsentry/DUST-RM-Sentry/install/teb_msgs/local/lib/python3.10/dist-packages/teb_msgs/teb_msgs_s__rosidl_typesupport_introspection_c.cpython-310-x86_64-linux-gnu.so
[0.693s] -- Up-to-date symlink: /home/rmsentry/DUST-RM-Sentry/install/teb_msgs/local/lib/python3.10/dist-packages/teb_msgs/teb_msgs_s__rosidl_typesupport_c.cpython-310-x86_64-linux-gnu.so
[0.693s] -- Up-to-date symlink: /home/rmsentry/DUST-RM-Sentry/install/teb_msgs/share/teb_msgs/msg/FeedbackMsg.idl
[0.693s] -- Up-to-date symlink: /home/rmsentry/DUST-RM-Sentry/install/teb_msgs/share/teb_msgs/msg/TrajectoryMsg.idl
[0.693s] -- Up-to-date symlink: /home/rmsentry/DUST-RM-Sentry/install/teb_msgs/share/teb_msgs/msg/TrajectoryPointMsg.idl
[0.693s] -- Up-to-date symlink: /home/rmsentry/DUST-RM-Sentry/install/teb_msgs/share/teb_msgs/msg/FeedbackMsg.msg
[0.693s] -- Up-to-date symlink: /home/rmsentry/DUST-RM-Sentry/install/teb_msgs/share/teb_msgs/msg/TrajectoryMsg.msg
[0.693s] -- Up-to-date symlink: /home/rmsentry/DUST-RM-Sentry/install/teb_msgs/share/teb_msgs/msg/TrajectoryPointMsg.msg
[0.693s] -- Up-to-date symlink: /home/rmsentry/DUST-RM-Sentry/install/teb_msgs/share/ament_index/resource_index/package_run_dependencies/teb_msgs
[0.693s] -- Up-to-date symlink: /home/rmsentry/DUST-RM-Sentry/install/teb_msgs/share/ament_index/resource_index/parent_prefix_path/teb_msgs
[0.694s] -- Up-to-date symlink: /home/rmsentry/DUST-RM-Sentry/install/teb_msgs/share/teb_msgs/environment/ament_prefix_path.sh
[0.694s] -- Up-to-date symlink: /home/rmsentry/DUST-RM-Sentry/install/teb_msgs/share/teb_msgs/environment/ament_prefix_path.dsv
[0.694s] -- Up-to-date symlink: /home/rmsentry/DUST-RM-Sentry/install/teb_msgs/share/teb_msgs/environment/path.sh
[0.694s] -- Up-to-date symlink: /home/rmsentry/DUST-RM-Sentry/install/teb_msgs/share/teb_msgs/environment/path.dsv
[0.694s] -- Up-to-date symlink: /home/rmsentry/DUST-RM-Sentry/install/teb_msgs/share/teb_msgs/local_setup.bash
[0.694s] -- Up-to-date symlink: /home/rmsentry/DUST-RM-Sentry/install/teb_msgs/share/teb_msgs/local_setup.sh
[0.694s] -- Up-to-date symlink: /home/rmsentry/DUST-RM-Sentry/install/teb_msgs/share/teb_msgs/local_setup.zsh
[0.694s] -- Up-to-date symlink: /home/rmsentry/DUST-RM-Sentry/install/teb_msgs/share/teb_msgs/local_setup.dsv
[0.694s] -- Symlinking: /home/rmsentry/DUST-RM-Sentry/install/teb_msgs/share/teb_msgs/package.dsv
[0.700s] -- Up-to-date symlink: /home/rmsentry/DUST-RM-Sentry/install/teb_msgs/share/ament_index/resource_index/packages/teb_msgs
[0.700s] -- Up-to-date symlink: /home/rmsentry/DUST-RM-Sentry/install/teb_msgs/share/teb_msgs/cmake/rosidl_cmake-extras.cmake
[0.700s] -- Up-to-date symlink: /home/rmsentry/DUST-RM-Sentry/install/teb_msgs/share/teb_msgs/cmake/ament_cmake_export_dependencies-extras.cmake
[0.700s] -- Up-to-date symlink: /home/rmsentry/DUST-RM-Sentry/install/teb_msgs/share/teb_msgs/cmake/ament_cmake_export_include_directories-extras.cmake
[0.700s] -- Up-to-date symlink: /home/rmsentry/DUST-RM-Sentry/install/teb_msgs/share/teb_msgs/cmake/ament_cmake_export_libraries-extras.cmake
[0.700s] -- Up-to-date symlink: /home/rmsentry/DUST-RM-Sentry/install/teb_msgs/share/teb_msgs/cmake/ament_cmake_export_targets-extras.cmake
[0.700s] -- Up-to-date symlink: /home/rmsentry/DUST-RM-Sentry/install/teb_msgs/share/teb_msgs/cmake/rosidl_cmake_export_typesupport_targets-extras.cmake
[0.701s] -- Up-to-date symlink: /home/rmsentry/DUST-RM-Sentry/install/teb_msgs/share/teb_msgs/cmake/rosidl_cmake_export_typesupport_libraries-extras.cmake
[0.701s] -- Up-to-date symlink: /home/rmsentry/DUST-RM-Sentry/install/teb_msgs/share/teb_msgs/cmake/teb_msgsConfig.cmake
[0.701s] -- Up-to-date symlink: /home/rmsentry/DUST-RM-Sentry/install/teb_msgs/share/teb_msgs/cmake/teb_msgsConfig-version.cmake
[0.701s] -- Up-to-date symlink: /home/rmsentry/DUST-RM-Sentry/install/teb_msgs/share/teb_msgs/package.xml
[0.702s] -- Up-to-date: /home/rmsentry/DUST-RM-Sentry/install/teb_msgs/lib/libteb_msgs__rosidl_generator_c.so
[0.702s] -- Up-to-date: /home/rmsentry/DUST-RM-Sentry/install/teb_msgs/lib/libteb_msgs__rosidl_typesupport_fastrtps_c.so
[0.702s] -- Up-to-date: /home/rmsentry/DUST-RM-Sentry/install/teb_msgs/lib/libteb_msgs__rosidl_typesupport_fastrtps_cpp.so
[0.703s] -- Up-to-date: /home/rmsentry/DUST-RM-Sentry/install/teb_msgs/lib/libteb_msgs__rosidl_typesupport_introspection_c.so
[0.703s] -- Up-to-date: /home/rmsentry/DUST-RM-Sentry/install/teb_msgs/lib/libteb_msgs__rosidl_typesupport_c.so
[0.704s] -- Up-to-date: /home/rmsentry/DUST-RM-Sentry/install/teb_msgs/lib/libteb_msgs__rosidl_typesupport_introspection_cpp.so
[0.704s] -- Up-to-date: /home/rmsentry/DUST-RM-Sentry/install/teb_msgs/lib/libteb_msgs__rosidl_typesupport_cpp.so
[0.763s] Listing '/home/rmsentry/DUST-RM-Sentry/install/teb_msgs/local/lib/python3.10/dist-packages/teb_msgs'...
[0.763s] Listing '/home/rmsentry/DUST-RM-Sentry/install/teb_msgs/local/lib/python3.10/dist-packages/teb_msgs/msg'...
[0.800s] -- Up-to-date: /home/rmsentry/DUST-RM-Sentry/install/teb_msgs/lib/libteb_msgs__rosidl_generator_py.so
[0.800s] -- Up-to-date: /home/rmsentry/DUST-RM-Sentry/install/teb_msgs/share/teb_msgs/cmake/export_teb_msgs__rosidl_generator_cExport.cmake
[0.800s] -- Up-to-date: /home/rmsentry/DUST-RM-Sentry/install/teb_msgs/share/teb_msgs/cmake/export_teb_msgs__rosidl_generator_cExport-noconfig.cmake
[0.800s] -- Up-to-date: /home/rmsentry/DUST-RM-Sentry/install/teb_msgs/share/teb_msgs/cmake/export_teb_msgs__rosidl_typesupport_fastrtps_cExport.cmake
[0.801s] -- Up-to-date: /home/rmsentry/DUST-RM-Sentry/install/teb_msgs/share/teb_msgs/cmake/export_teb_msgs__rosidl_typesupport_fastrtps_cExport-noconfig.cmake
[0.801s] -- Up-to-date: /home/rmsentry/DUST-RM-Sentry/install/teb_msgs/share/teb_msgs/cmake/export_teb_msgs__rosidl_generator_cppExport.cmake
[0.801s] -- Up-to-date: /home/rmsentry/DUST-RM-Sentry/install/teb_msgs/share/teb_msgs/cmake/export_teb_msgs__rosidl_typesupport_fastrtps_cppExport.cmake
[0.801s] -- Up-to-date: /home/rmsentry/DUST-RM-Sentry/install/teb_msgs/share/teb_msgs/cmake/export_teb_msgs__rosidl_typesupport_fastrtps_cppExport-noconfig.cmake
[0.801s] -- Up-to-date: /home/rmsentry/DUST-RM-Sentry/install/teb_msgs/share/teb_msgs/cmake/teb_msgs__rosidl_typesupport_introspection_cExport.cmake
[0.801s] -- Up-to-date: /home/rmsentry/DUST-RM-Sentry/install/teb_msgs/share/teb_msgs/cmake/teb_msgs__rosidl_typesupport_introspection_cExport-noconfig.cmake
[0.801s] -- Up-to-date: /home/rmsentry/DUST-RM-Sentry/install/teb_msgs/share/teb_msgs/cmake/teb_msgs__rosidl_typesupport_cExport.cmake
[0.801s] -- Up-to-date: /home/rmsentry/DUST-RM-Sentry/install/teb_msgs/share/teb_msgs/cmake/teb_msgs__rosidl_typesupport_cExport-noconfig.cmake
[0.801s] -- Up-to-date: /home/rmsentry/DUST-RM-Sentry/install/teb_msgs/share/teb_msgs/cmake/teb_msgs__rosidl_typesupport_introspection_cppExport.cmake
[0.801s] -- Up-to-date: /home/rmsentry/DUST-RM-Sentry/install/teb_msgs/share/teb_msgs/cmake/teb_msgs__rosidl_typesupport_introspection_cppExport-noconfig.cmake
[0.801s] -- Up-to-date: /home/rmsentry/DUST-RM-Sentry/install/teb_msgs/share/teb_msgs/cmake/teb_msgs__rosidl_typesupport_cppExport.cmake
[0.802s] -- Up-to-date: /home/rmsentry/DUST-RM-Sentry/install/teb_msgs/share/teb_msgs/cmake/teb_msgs__rosidl_typesupport_cppExport-noconfig.cmake
[0.802s] -- Up-to-date: /home/rmsentry/DUST-RM-Sentry/install/teb_msgs/share/teb_msgs/cmake/export_teb_msgs__rosidl_generator_pyExport.cmake
[0.802s] -- Up-to-date: /home/rmsentry/DUST-RM-Sentry/install/teb_msgs/share/teb_msgs/cmake/export_teb_msgs__rosidl_generator_pyExport-noconfig.cmake
[0.858s] Invoked command in '/home/rmsentry/DUST-RM-Sentry/build/teb_msgs' returned '0': CMAKE_PREFIX_PATH=/home/rmsentry/DUST-RM-Sentry/install/costmap_converter_msgs:/home/rmsentry/DUST-RM-Sentry/install/vision_msg:/home/rmsentry/DUST-RM-Sentry/install/teb_local_planner:/home/rmsentry/DUST-RM-Sentry/install/teb_msgs:/home/rmsentry/DUST-RM-Sentry/install/robot_decision:/home/rmsentry/DUST-RM-Sentry/install/rm_bringup:/home/rmsentry/DUST-RM-Sentry/install/rm_serial_driver:/home/rmsentry/DUST-RM-Sentry/install/rm_robot_description:/home/rmsentry/DUST-RM-Sentry/install/rm_navigation:/home/rmsentry/DUST-RM-Sentry/install/rm_gimbal_description:/home/rmsentry/DUST-RM-Sentry/install/rm_decision_interfaces:/home/rmsentry/DUST-RM-Sentry/install/rm_auto_aim:/home/rmsentry/DUST-RM-Sentry/install/pointcloud_to_laserscan:/home/rmsentry/DUST-RM-Sentry/install/pointcloud_merger:/home/rmsentry/DUST-RM-Sentry/install/point_lio:/home/rmsentry/DUST-RM-Sentry/install/livox_ros2_driver:/home/rmsentry/DUST-RM-Sentry/install/livox_sdk_vendor:/home/rmsentry/DUST-RM-Sentry/install/icp_registration:/home/rmsentry/DUST-RM-Sentry/install/fast_lio:/home/rmsentry/DUST-RM-Sentry/install/livox_ros_driver2:/home/rmsentry/DUST-RM-Sentry/install/livox_interfaces:/home/rmsentry/DUST-RM-Sentry/install/linefit_ground_segmentation_ros:/home/rmsentry/DUST-RM-Sentry/install/linefit_ground_segmentation:/home/rmsentry/DUST-RM-Sentry/install/imu_complementary_filter:/home/rmsentry/DUST-RM-Sentry/install/hik_camera_second:/home/rmsentry/DUST-RM-Sentry/install/hik_camera_first:/home/rmsentry/DUST-RM-Sentry/install/hik_camera:/home/rmsentry/DUST-RM-Sentry/install/global_interface:/home/rmsentry/DUST-RM-Sentry/install/costmap_converter:/home/rmsentry/DUST-RM-Sentry/install/armor_tracker:/home/rmsentry/DUST-RM-Sentry/install/armor_solver:/home/rmsentry/DUST-RM-Sentry/install/armor_detector:/home/rmsentry/DUST-RM-Sentry/install/auto_aim_interfaces:/home/rmsentry/DUST-RM-Sentry/install/rm_decision:/home/rmsentry/DUST-RM-Sentry/install/fake_msg_publisher:/opt/ros/humble LD_LIBRARY_PATH=/home/rmsentry/DUST-RM-Sentry/install/costmap_converter_msgs/lib:/home/rmsentry/DUST-RM-Sentry/install/vision_msg/lib:/home/rmsentry/DUST-RM-Sentry/install/teb_local_planner/lib:/home/rmsentry/DUST-RM-Sentry/install/teb_msgs/lib:/home/rmsentry/DUST-RM-Sentry/install/robot_decision/lib:/home/rmsentry/DUST-RM-Sentry/install/rm_serial_driver/lib:/home/rmsentry/DUST-RM-Sentry/install/rm_decision_interfaces/lib:/home/rmsentry/DUST-RM-Sentry/install/pointcloud_to_laserscan/lib:/home/rmsentry/DUST-RM-Sentry/install/livox_ros2_driver/lib:/home/rmsentry/DUST-RM-Sentry/install/icp_registration/lib:/home/rmsentry/DUST-RM-Sentry/install/fast_lio/lib:/home/rmsentry/DUST-RM-Sentry/install/livox_ros_driver2/lib:/home/rmsentry/DUST-RM-Sentry/install/livox_interfaces/lib:/home/rmsentry/DUST-RM-Sentry/install/linefit_ground_segmentation/lib:/home/rmsentry/DUST-RM-Sentry/install/imu_complementary_filter/lib:/home/rmsentry/DUST-RM-Sentry/install/hik_camera_second/lib:/home/rmsentry/DUST-RM-Sentry/install/hik_camera_first/lib:/home/rmsentry/DUST-RM-Sentry/install/hik_camera/lib:/home/rmsentry/DUST-RM-Sentry/install/global_interface/lib:/home/rmsentry/DUST-RM-Sentry/install/costmap_converter/lib:/home/rmsentry/DUST-RM-Sentry/install/armor_tracker/lib:/home/rmsentry/DUST-RM-Sentry/install/armor_solver/lib:/home/rmsentry/DUST-RM-Sentry/install/armor_detector/lib:/home/rmsentry/DUST-RM-Sentry/install/auto_aim_interfaces/lib:/opt/MVS/lib/64:/opt/MVS/lib/32:/usr/local/lib:/opt/MVS/lib/64:/opt/MVS/lib/32:/opt/MVS/lib/64:/opt/MVS/lib/32:/usr/local/lib:/opt/ros/humble/opt/rviz_ogre_vendor/lib:/opt/ros/humble/lib/x86_64-linux-gnu:/opt/ros/humble/lib:/opt/MVS/lib/64:/opt/MVS/lib/32:/opt/MVS/lib/64:/opt/MVS/lib/32:/opt/MVS/lib/64:/opt/MVS/lib/32 /usr/local/bin/cmake --install /home/rmsentry/DUST-RM-Sentry/build/teb_msgs
