[0.054s] Invoking command in '/home/rmsentry/DUST-RM-Sentry/build/pointcloud_to_laserscan': CMAKE_PREFIX_PATH=${CMAKE_PREFIX_PATH}:/home/rmsentry/DUST-RM-Sentry/install/rm_decision:/home/rmsentry/DUST-RM-Sentry/install/fake_msg_publisher:/opt/ros/humble /usr/local/bin/cmake --build /home/rmsentry/DUST-RM-Sentry/build/pointcloud_to_laserscan -- -j12 -l12
[0.103s] [ 20%] Built target laserscan_to_pointcloud_node
[0.105s] [ 40%] Built target laserscan_to_pointcloud
[0.110s] [ 60%] Built target pointcloud_to_laserscan_node
[0.135s] [ 80%] Built target pointcloud_to_laserscan
[0.169s] [100%] Built target dummy_pointcloud_publisher
[0.221s] Invoked command in '/home/rmsentry/DUST-RM-Sentry/build/pointcloud_to_laserscan' returned '0': CMAKE_PREFIX_PATH=${CMAKE_PREFIX_PATH}:/home/rmsentry/DUST-RM-Sentry/install/rm_decision:/home/rmsentry/DUST-RM-Sentry/install/fake_msg_publisher:/opt/ros/humble /usr/local/bin/cmake --build /home/rmsentry/DUST-RM-Sentry/build/pointcloud_to_laserscan -- -j12 -l12
[0.223s] Invoking command in '/home/rmsentry/DUST-RM-Sentry/build/pointcloud_to_laserscan': CMAKE_PREFIX_PATH=${CMAKE_PREFIX_PATH}:/home/rmsentry/DUST-RM-Sentry/install/rm_decision:/home/rmsentry/DUST-RM-Sentry/install/fake_msg_publisher:/opt/ros/humble /usr/local/bin/cmake --install /home/rmsentry/DUST-RM-Sentry/build/pointcloud_to_laserscan
[0.245s] -- Install configuration: ""
[0.245s] -- Execute custom install script
[0.245s] -- Up-to-date symlink: /home/rmsentry/DUST-RM-Sentry/install/pointcloud_to_laserscan/lib/pointcloud_to_laserscan/laserscan_to_pointcloud_node
[0.245s] -- Up-to-date symlink: /home/rmsentry/DUST-RM-Sentry/install/pointcloud_to_laserscan/lib/pointcloud_to_laserscan/pointcloud_to_laserscan_node
[0.245s] -- Up-to-date symlink: /home/rmsentry/DUST-RM-Sentry/install/pointcloud_to_laserscan/include/pointcloud_to_laserscan/laserscan_to_pointcloud_node.hpp
[0.245s] -- Up-to-date symlink: /home/rmsentry/DUST-RM-Sentry/install/pointcloud_to_laserscan/include/pointcloud_to_laserscan/pointcloud_to_laserscan_node.hpp
[0.245s] -- Up-to-date symlink: /home/rmsentry/DUST-RM-Sentry/install/pointcloud_to_laserscan/include/pointcloud_to_laserscan/visibility_control.h
[0.245s] -- Up-to-date symlink: /home/rmsentry/DUST-RM-Sentry/install/pointcloud_to_laserscan/share/pointcloud_to_laserscan/environment/library_path.sh
[0.245s] -- Up-to-date symlink: /home/rmsentry/DUST-RM-Sentry/install/pointcloud_to_laserscan/share/pointcloud_to_laserscan/environment/library_path.dsv
[0.246s] -- Up-to-date symlink: /home/rmsentry/DUST-RM-Sentry/install/pointcloud_to_laserscan/lib/liblaserscan_to_pointcloud.so
[0.246s] -- Up-to-date symlink: /home/rmsentry/DUST-RM-Sentry/install/pointcloud_to_laserscan/lib/libpointcloud_to_laserscan.so
[0.246s] -- Up-to-date symlink: /home/rmsentry/DUST-RM-Sentry/install/pointcloud_to_laserscan/lib/pointcloud_to_laserscan/dummy_pointcloud_publisher
[0.246s] -- Up-to-date symlink: /home/rmsentry/DUST-RM-Sentry/install/pointcloud_to_laserscan/share/pointcloud_to_laserscan/launch/pointcloud_to_laserscan_launch.py
[0.246s] -- Up-to-date symlink: /home/rmsentry/DUST-RM-Sentry/install/pointcloud_to_laserscan/share/pointcloud_to_laserscan/launch/sample_laserscan_to_pointcloud_launch.py
[0.246s] -- Up-to-date symlink: /home/rmsentry/DUST-RM-Sentry/install/pointcloud_to_laserscan/share/pointcloud_to_laserscan/launch/sample_pointcloud_to_laserscan_launch.py
[0.246s] -- Up-to-date symlink: /home/rmsentry/DUST-RM-Sentry/install/pointcloud_to_laserscan/share/ament_index/resource_index/package_run_dependencies/pointcloud_to_laserscan
[0.246s] -- Up-to-date symlink: /home/rmsentry/DUST-RM-Sentry/install/pointcloud_to_laserscan/share/ament_index/resource_index/parent_prefix_path/pointcloud_to_laserscan
[0.246s] -- Up-to-date symlink: /home/rmsentry/DUST-RM-Sentry/install/pointcloud_to_laserscan/share/pointcloud_to_laserscan/environment/ament_prefix_path.sh
[0.246s] -- Up-to-date symlink: /home/rmsentry/DUST-RM-Sentry/install/pointcloud_to_laserscan/share/pointcloud_to_laserscan/environment/ament_prefix_path.dsv
[0.246s] -- Up-to-date symlink: /home/rmsentry/DUST-RM-Sentry/install/pointcloud_to_laserscan/share/pointcloud_to_laserscan/environment/path.sh
[0.246s] -- Up-to-date symlink: /home/rmsentry/DUST-RM-Sentry/install/pointcloud_to_laserscan/share/pointcloud_to_laserscan/environment/path.dsv
[0.246s] -- Up-to-date symlink: /home/rmsentry/DUST-RM-Sentry/install/pointcloud_to_laserscan/share/pointcloud_to_laserscan/local_setup.bash
[0.246s] -- Up-to-date symlink: /home/rmsentry/DUST-RM-Sentry/install/pointcloud_to_laserscan/share/pointcloud_to_laserscan/local_setup.sh
[0.246s] -- Up-to-date symlink: /home/rmsentry/DUST-RM-Sentry/install/pointcloud_to_laserscan/share/pointcloud_to_laserscan/local_setup.zsh
[0.246s] -- Up-to-date symlink: /home/rmsentry/DUST-RM-Sentry/install/pointcloud_to_laserscan/share/pointcloud_to_laserscan/local_setup.dsv
[0.247s] -- Symlinking: /home/rmsentry/DUST-RM-Sentry/install/pointcloud_to_laserscan/share/pointcloud_to_laserscan/package.dsv
[0.265s] -- Up-to-date symlink: /home/rmsentry/DUST-RM-Sentry/install/pointcloud_to_laserscan/share/ament_index/resource_index/packages/pointcloud_to_laserscan
[0.265s] -- Up-to-date symlink: /home/rmsentry/DUST-RM-Sentry/install/pointcloud_to_laserscan/share/ament_index/resource_index/rclcpp_components/pointcloud_to_laserscan
[0.265s] -- Up-to-date symlink: /home/rmsentry/DUST-RM-Sentry/install/pointcloud_to_laserscan/share/pointcloud_to_laserscan/cmake/ament_cmake_export_dependencies-extras.cmake
[0.265s] -- Up-to-date symlink: /home/rmsentry/DUST-RM-Sentry/install/pointcloud_to_laserscan/share/pointcloud_to_laserscan/cmake/ament_cmake_export_include_directories-extras.cmake
[0.265s] -- Up-to-date symlink: /home/rmsentry/DUST-RM-Sentry/install/pointcloud_to_laserscan/share/pointcloud_to_laserscan/cmake/ament_cmake_export_libraries-extras.cmake
[0.268s] -- Up-to-date symlink: /home/rmsentry/DUST-RM-Sentry/install/pointcloud_to_laserscan/share/pointcloud_to_laserscan/cmake/pointcloud_to_laserscanConfig.cmake
[0.268s] -- Up-to-date symlink: /home/rmsentry/DUST-RM-Sentry/install/pointcloud_to_laserscan/share/pointcloud_to_laserscan/cmake/pointcloud_to_laserscanConfig-version.cmake
[0.268s] -- Up-to-date symlink: /home/rmsentry/DUST-RM-Sentry/install/pointcloud_to_laserscan/share/pointcloud_to_laserscan/package.xml
[0.276s] Invoked command in '/home/rmsentry/DUST-RM-Sentry/build/pointcloud_to_laserscan' returned '0': CMAKE_PREFIX_PATH=${CMAKE_PREFIX_PATH}:/home/rmsentry/DUST-RM-Sentry/install/rm_decision:/home/rmsentry/DUST-RM-Sentry/install/fake_msg_publisher:/opt/ros/humble /usr/local/bin/cmake --install /home/rmsentry/DUST-RM-Sentry/build/pointcloud_to_laserscan
