[0.053s] Invoking command in '/home/rmsentry/DUST-RM-Sentry/build/hik_camera_second': CMAKE_PREFIX_PATH=${CMAKE_PREFIX_PATH}:/home/rmsentry/DUST-RM-Sentry/install/rm_decision:/home/rmsentry/DUST-RM-Sentry/install/fake_msg_publisher:/opt/ros/humble /usr/local/bin/cmake --build /home/rmsentry/DUST-RM-Sentry/build/hik_camera_second -- -j12 -l12
[0.792s] [ 25%] [32mBuilding CXX object CMakeFiles/hik_camera_second.dir/src/hik_camera_second_node.cpp.o[0m
[0.792s] [ 75%] Built target hik_camera_second_node
[5.230s] [100%] [32m[1mLinking CXX shared library libhik_camera_second.so[0m
[5.369s] [100%] Built target hik_camera_second
[5.386s] Invoked command in '/home/rmsentry/DUST-RM-Sentry/build/hik_camera_second' returned '0': CMAKE_PREFIX_PATH=${CMAKE_PREFIX_PATH}:/home/rmsentry/DUST-RM-Sentry/install/rm_decision:/home/rmsentry/DUST-RM-Sentry/install/fake_msg_publisher:/opt/ros/humble /usr/local/bin/cmake --build /home/rmsentry/DUST-RM-Sentry/build/hik_camera_second -- -j12 -l12
[5.388s] Invoking command in '/home/rmsentry/DUST-RM-Sentry/build/hik_camera_second': CMAKE_PREFIX_PATH=${CMAKE_PREFIX_PATH}:/home/rmsentry/DUST-RM-Sentry/install/rm_decision:/home/rmsentry/DUST-RM-Sentry/install/fake_msg_publisher:/opt/ros/humble /usr/local/bin/cmake --install /home/rmsentry/DUST-RM-Sentry/build/hik_camera_second
[5.393s] -- Install configuration: ""
[5.394s] -- Execute custom install script
[5.395s] -- Up-to-date symlink: /home/rmsentry/DUST-RM-Sentry/install/hik_camera_second/lib/libFormatConversion.so
[5.395s] -- Up-to-date symlink: /home/rmsentry/DUST-RM-Sentry/install/hik_camera_second/lib/libMVRender.so
[5.395s] -- Up-to-date symlink: /home/rmsentry/DUST-RM-Sentry/install/hik_camera_second/lib/libMediaProcess.so
[5.395s] -- Up-to-date symlink: /home/rmsentry/DUST-RM-Sentry/install/hik_camera_second/lib/libMvCameraControl.so
[5.395s] -- Up-to-date symlink: /home/rmsentry/DUST-RM-Sentry/install/hik_camera_second/lib/libMvUsb3vTL.so
[5.395s] -- Up-to-date symlink: /home/rmsentry/DUST-RM-Sentry/install/hik_camera_second/lib/hik_camera_second/hik_camera_second_node
[5.395s] -- Up-to-date symlink: /home/rmsentry/DUST-RM-Sentry/install/hik_camera_second/share/hik_camera_second/environment/library_path.sh
[5.396s] -- Up-to-date symlink: /home/rmsentry/DUST-RM-Sentry/install/hik_camera_second/share/hik_camera_second/environment/library_path.dsv
[5.396s] -- Up-to-date symlink: /home/rmsentry/DUST-RM-Sentry/install/hik_camera_second/lib/libhik_camera_second.so
[5.396s] -- Up-to-date symlink: /home/rmsentry/DUST-RM-Sentry/install/hik_camera_second/share/hik_camera_second/config/camera_info.yaml
[5.397s] -- Up-to-date symlink: /home/rmsentry/DUST-RM-Sentry/install/hik_camera_second/share/hik_camera_second/config/camera_params.yaml
[5.397s] -- Up-to-date symlink: /home/rmsentry/DUST-RM-Sentry/install/hik_camera_second/share/hik_camera_second/launch/hik_camera.launch.py
[5.397s] -- Up-to-date symlink: /home/rmsentry/DUST-RM-Sentry/install/hik_camera_second/share/ament_index/resource_index/package_run_dependencies/hik_camera_second
[5.397s] -- Up-to-date symlink: /home/rmsentry/DUST-RM-Sentry/install/hik_camera_second/share/ament_index/resource_index/parent_prefix_path/hik_camera_second
[5.398s] -- Up-to-date symlink: /home/rmsentry/DUST-RM-Sentry/install/hik_camera_second/share/hik_camera_second/environment/ament_prefix_path.sh
[5.398s] -- Up-to-date symlink: /home/rmsentry/DUST-RM-Sentry/install/hik_camera_second/share/hik_camera_second/environment/ament_prefix_path.dsv
[5.398s] -- Up-to-date symlink: /home/rmsentry/DUST-RM-Sentry/install/hik_camera_second/share/hik_camera_second/environment/path.sh
[5.398s] -- Up-to-date symlink: /home/rmsentry/DUST-RM-Sentry/install/hik_camera_second/share/hik_camera_second/environment/path.dsv
[5.398s] -- Up-to-date symlink: /home/rmsentry/DUST-RM-Sentry/install/hik_camera_second/share/hik_camera_second/local_setup.bash
[5.399s] -- Up-to-date symlink: /home/rmsentry/DUST-RM-Sentry/install/hik_camera_second/share/hik_camera_second/local_setup.sh
[5.399s] -- Up-to-date symlink: /home/rmsentry/DUST-RM-Sentry/install/hik_camera_second/share/hik_camera_second/local_setup.zsh
[5.399s] -- Up-to-date symlink: /home/rmsentry/DUST-RM-Sentry/install/hik_camera_second/share/hik_camera_second/local_setup.dsv
[5.399s] -- Symlinking: /home/rmsentry/DUST-RM-Sentry/install/hik_camera_second/share/hik_camera_second/package.dsv
[5.406s] -- Up-to-date symlink: /home/rmsentry/DUST-RM-Sentry/install/hik_camera_second/share/ament_index/resource_index/packages/hik_camera_second
[5.406s] -- Up-to-date symlink: /home/rmsentry/DUST-RM-Sentry/install/hik_camera_second/share/ament_index/resource_index/rclcpp_components/hik_camera_second
[5.407s] -- Up-to-date symlink: /home/rmsentry/DUST-RM-Sentry/install/hik_camera_second/share/hik_camera_second/cmake/ament_cmake_export_dependencies-extras.cmake
[5.407s] -- Up-to-date symlink: /home/rmsentry/DUST-RM-Sentry/install/hik_camera_second/share/hik_camera_second/cmake/ament_cmake_export_libraries-extras.cmake
[5.408s] -- Up-to-date symlink: /home/rmsentry/DUST-RM-Sentry/install/hik_camera_second/share/hik_camera_second/cmake/hik_camera_secondConfig.cmake
[5.409s] -- Up-to-date symlink: /home/rmsentry/DUST-RM-Sentry/install/hik_camera_second/share/hik_camera_second/cmake/hik_camera_secondConfig-version.cmake
[5.409s] -- Up-to-date symlink: /home/rmsentry/DUST-RM-Sentry/install/hik_camera_second/share/hik_camera_second/package.xml
[5.420s] Invoked command in '/home/rmsentry/DUST-RM-Sentry/build/hik_camera_second' returned '0': CMAKE_PREFIX_PATH=${CMAKE_PREFIX_PATH}:/home/rmsentry/DUST-RM-Sentry/install/rm_decision:/home/rmsentry/DUST-RM-Sentry/install/fake_msg_publisher:/opt/ros/humble /usr/local/bin/cmake --install /home/rmsentry/DUST-RM-Sentry/build/hik_camera_second
