[0.048s] Invoking command in '/home/rmsentry/DUST-RM-Sentry/build/rm_decision_interfaces': CMAKE_PREFIX_PATH=${CMAKE_PREFIX_PATH}:/home/rmsentry/DUST-RM-Sentry/install/rm_decision:/home/rmsentry/DUST-RM-Sentry/install/fake_msg_publisher:/opt/ros/humble /usr/local/bin/cmake --build /home/rmsentry/DUST-RM-Sentry/build/rm_decision_interfaces -- -j12 -l12
[0.153s] [  9%] Built target rm_decision_interfaces__rosidl_generator_c
[0.181s] [ 12%] Built target rm_decision_interfaces__cpp
[0.184s] [ 12%] Built target ament_cmake_python_symlink_rm_decision_interfaces
[0.281s] [ 22%] Built target rm_decision_interfaces__rosidl_typesupport_fastrtps_c
[0.281s] [ 32%] Built target rm_decision_interfaces__rosidl_typesupport_introspection_c
[0.281s] [ 41%] Built target rm_decision_interfaces__rosidl_typesupport_c
[0.281s] [ 51%] Built target rm_decision_interfaces__rosidl_typesupport_fastrtps_cpp
[0.281s] [ 61%] Built target rm_decision_interfaces__rosidl_typesupport_cpp
[0.301s] [ 70%] Built target rm_decision_interfaces__rosidl_typesupport_introspection_cpp
[0.356s] [ 70%] Built target rm_decision_interfaces
[0.386s] [ 74%] Built target rm_decision_interfaces__py
[0.440s] [ 80%] Built target rm_decision_interfaces__rosidl_generator_py
[0.503s] [ 87%] Built target rm_decision_interfaces__rosidl_typesupport_introspection_c__pyext
[0.503s] [ 93%] Built target rm_decision_interfaces__rosidl_typesupport_fastrtps_c__pyext
[0.504s] [100%] Built target rm_decision_interfaces__rosidl_typesupport_c__pyext
[0.738s] running egg_info
[0.739s] writing rm_decision_interfaces.egg-info/PKG-INFO
[0.739s] writing dependency_links to rm_decision_interfaces.egg-info/dependency_links.txt
[0.739s] writing top-level names to rm_decision_interfaces.egg-info/top_level.txt
[0.742s] reading manifest file 'rm_decision_interfaces.egg-info/SOURCES.txt'
[0.748s] writing manifest file 'rm_decision_interfaces.egg-info/SOURCES.txt'
[0.818s] [100%] Built target ament_cmake_python_build_rm_decision_interfaces_egg
[0.904s] Invoked command in '/home/rmsentry/DUST-RM-Sentry/build/rm_decision_interfaces' returned '0': CMAKE_PREFIX_PATH=${CMAKE_PREFIX_PATH}:/home/rmsentry/DUST-RM-Sentry/install/rm_decision:/home/rmsentry/DUST-RM-Sentry/install/fake_msg_publisher:/opt/ros/humble /usr/local/bin/cmake --build /home/rmsentry/DUST-RM-Sentry/build/rm_decision_interfaces -- -j12 -l12
[0.912s] Invoking command in '/home/rmsentry/DUST-RM-Sentry/build/rm_decision_interfaces': CMAKE_PREFIX_PATH=${CMAKE_PREFIX_PATH}:/home/rmsentry/DUST-RM-Sentry/install/rm_decision:/home/rmsentry/DUST-RM-Sentry/install/fake_msg_publisher:/opt/ros/humble /usr/local/bin/cmake --install /home/rmsentry/DUST-RM-Sentry/build/rm_decision_interfaces
[0.941s] -- Install configuration: ""
[0.941s] -- Execute custom install script
[0.941s] -- Up-to-date symlink: /home/rmsentry/DUST-RM-Sentry/install/rm_decision_interfaces/share/ament_index/resource_index/rosidl_interfaces/rm_decision_interfaces
[0.941s] -- Up-to-date symlink: /home/rmsentry/DUST-RM-Sentry/install/rm_decision_interfaces/include/rm_decision_interfaces/rm_decision_interfaces/msg/detail/refree__functions.h
[0.941s] -- Up-to-date symlink: /home/rmsentry/DUST-RM-Sentry/install/rm_decision_interfaces/include/rm_decision_interfaces/rm_decision_interfaces/msg/detail/refree__struct.h
[0.941s] -- Up-to-date symlink: /home/rmsentry/DUST-RM-Sentry/install/rm_decision_interfaces/include/rm_decision_interfaces/rm_decision_interfaces/msg/detail/refree__type_support.h
[0.941s] -- Up-to-date symlink: /home/rmsentry/DUST-RM-Sentry/install/rm_decision_interfaces/include/rm_decision_interfaces/rm_decision_interfaces/msg/refree.h
[0.941s] -- Up-to-date symlink: /home/rmsentry/DUST-RM-Sentry/install/rm_decision_interfaces/include/rm_decision_interfaces/rm_decision_interfaces/msg/rosidl_generator_c__visibility_control.h
[0.941s] -- Up-to-date symlink: /home/rmsentry/DUST-RM-Sentry/install/rm_decision_interfaces/share/rm_decision_interfaces/environment/library_path.sh
[0.941s] -- Up-to-date symlink: /home/rmsentry/DUST-RM-Sentry/install/rm_decision_interfaces/share/rm_decision_interfaces/environment/library_path.dsv
[0.942s] -- Up-to-date symlink: /home/rmsentry/DUST-RM-Sentry/install/rm_decision_interfaces/include/rm_decision_interfaces/rm_decision_interfaces/msg/detail/refree__rosidl_typesupport_fastrtps_c.h
[0.942s] -- Up-to-date symlink: /home/rmsentry/DUST-RM-Sentry/install/rm_decision_interfaces/include/rm_decision_interfaces/rm_decision_interfaces/msg/rosidl_typesupport_fastrtps_c__visibility_control.h
[0.942s] -- Up-to-date symlink: /home/rmsentry/DUST-RM-Sentry/install/rm_decision_interfaces/include/rm_decision_interfaces/rm_decision_interfaces/msg/detail/refree__rosidl_typesupport_introspection_c.h
[0.942s] -- Up-to-date symlink: /home/rmsentry/DUST-RM-Sentry/install/rm_decision_interfaces/include/rm_decision_interfaces/rm_decision_interfaces/msg/rosidl_typesupport_introspection_c__visibility_control.h
[0.942s] -- Up-to-date symlink: /home/rmsentry/DUST-RM-Sentry/install/rm_decision_interfaces/include/rm_decision_interfaces/rm_decision_interfaces/msg/detail/refree__builder.hpp
[0.942s] -- Up-to-date symlink: /home/rmsentry/DUST-RM-Sentry/install/rm_decision_interfaces/include/rm_decision_interfaces/rm_decision_interfaces/msg/detail/refree__struct.hpp
[0.942s] -- Up-to-date symlink: /home/rmsentry/DUST-RM-Sentry/install/rm_decision_interfaces/include/rm_decision_interfaces/rm_decision_interfaces/msg/detail/refree__traits.hpp
[0.942s] -- Up-to-date symlink: /home/rmsentry/DUST-RM-Sentry/install/rm_decision_interfaces/include/rm_decision_interfaces/rm_decision_interfaces/msg/detail/refree__type_support.hpp
[0.942s] -- Up-to-date symlink: /home/rmsentry/DUST-RM-Sentry/install/rm_decision_interfaces/include/rm_decision_interfaces/rm_decision_interfaces/msg/refree.hpp
[0.942s] -- Up-to-date symlink: /home/rmsentry/DUST-RM-Sentry/install/rm_decision_interfaces/include/rm_decision_interfaces/rm_decision_interfaces/msg/rosidl_generator_cpp__visibility_control.hpp
[0.943s] -- Up-to-date symlink: /home/rmsentry/DUST-RM-Sentry/install/rm_decision_interfaces/include/rm_decision_interfaces/rm_decision_interfaces/msg/detail/refree__rosidl_typesupport_fastrtps_cpp.hpp
[0.943s] -- Up-to-date symlink: /home/rmsentry/DUST-RM-Sentry/install/rm_decision_interfaces/include/rm_decision_interfaces/rm_decision_interfaces/msg/rosidl_typesupport_fastrtps_cpp__visibility_control.h
[0.943s] -- Up-to-date symlink: /home/rmsentry/DUST-RM-Sentry/install/rm_decision_interfaces/include/rm_decision_interfaces/rm_decision_interfaces/msg/detail/refree__rosidl_typesupport_introspection_cpp.hpp
[0.944s] -- Up-to-date symlink: /home/rmsentry/DUST-RM-Sentry/install/rm_decision_interfaces/share/rm_decision_interfaces/environment/pythonpath.sh
[0.944s] -- Up-to-date symlink: /home/rmsentry/DUST-RM-Sentry/install/rm_decision_interfaces/share/rm_decision_interfaces/environment/pythonpath.dsv
[0.945s] -- Up-to-date symlink: /home/rmsentry/DUST-RM-Sentry/install/rm_decision_interfaces/local/lib/python3.10/dist-packages/rm_decision_interfaces-0.0.0-py3.10.egg-info/PKG-INFO
[0.946s] -- Up-to-date symlink: /home/rmsentry/DUST-RM-Sentry/install/rm_decision_interfaces/local/lib/python3.10/dist-packages/rm_decision_interfaces-0.0.0-py3.10.egg-info/SOURCES.txt
[0.946s] -- Up-to-date symlink: /home/rmsentry/DUST-RM-Sentry/install/rm_decision_interfaces/local/lib/python3.10/dist-packages/rm_decision_interfaces-0.0.0-py3.10.egg-info/dependency_links.txt
[0.947s] -- Up-to-date symlink: /home/rmsentry/DUST-RM-Sentry/install/rm_decision_interfaces/local/lib/python3.10/dist-packages/rm_decision_interfaces-0.0.0-py3.10.egg-info/top_level.txt
[0.957s] -- Up-to-date symlink: /home/rmsentry/DUST-RM-Sentry/install/rm_decision_interfaces/local/lib/python3.10/dist-packages/rm_decision_interfaces/__init__.py
[0.957s] -- Up-to-date symlink: /home/rmsentry/DUST-RM-Sentry/install/rm_decision_interfaces/local/lib/python3.10/dist-packages/rm_decision_interfaces/_rm_decision_interfaces_s.ep.rosidl_typesupport_c.c
[0.957s] -- Up-to-date symlink: /home/rmsentry/DUST-RM-Sentry/install/rm_decision_interfaces/local/lib/python3.10/dist-packages/rm_decision_interfaces/_rm_decision_interfaces_s.ep.rosidl_typesupport_fastrtps_c.c
[0.957s] -- Up-to-date symlink: /home/rmsentry/DUST-RM-Sentry/install/rm_decision_interfaces/local/lib/python3.10/dist-packages/rm_decision_interfaces/_rm_decision_interfaces_s.ep.rosidl_typesupport_introspection_c.c
[0.957s] -- Up-to-date symlink: /home/rmsentry/DUST-RM-Sentry/install/rm_decision_interfaces/local/lib/python3.10/dist-packages/rm_decision_interfaces/librm_decision_interfaces__rosidl_generator_py.so
[0.957s] -- Up-to-date symlink: /home/rmsentry/DUST-RM-Sentry/install/rm_decision_interfaces/local/lib/python3.10/dist-packages/rm_decision_interfaces/msg/__init__.py
[0.957s] -- Up-to-date symlink: /home/rmsentry/DUST-RM-Sentry/install/rm_decision_interfaces/local/lib/python3.10/dist-packages/rm_decision_interfaces/msg/_refree.py
[0.957s] -- Up-to-date symlink: /home/rmsentry/DUST-RM-Sentry/install/rm_decision_interfaces/local/lib/python3.10/dist-packages/rm_decision_interfaces/msg/_refree_s.c
[0.957s] -- Up-to-date symlink: /home/rmsentry/DUST-RM-Sentry/install/rm_decision_interfaces/local/lib/python3.10/dist-packages/rm_decision_interfaces/rm_decision_interfaces_s__rosidl_typesupport_c.cpython-310-x86_64-linux-gnu.so
[0.957s] -- Up-to-date symlink: /home/rmsentry/DUST-RM-Sentry/install/rm_decision_interfaces/local/lib/python3.10/dist-packages/rm_decision_interfaces/rm_decision_interfaces_s__rosidl_typesupport_fastrtps_c.cpython-310-x86_64-linux-gnu.so
[0.957s] -- Up-to-date symlink: /home/rmsentry/DUST-RM-Sentry/install/rm_decision_interfaces/local/lib/python3.10/dist-packages/rm_decision_interfaces/rm_decision_interfaces_s__rosidl_typesupport_introspection_c.cpython-310-x86_64-linux-gnu.so
[0.957s] -- Up-to-date symlink: /home/rmsentry/DUST-RM-Sentry/install/rm_decision_interfaces/local/lib/python3.10/dist-packages/rm_decision_interfaces/rm_decision_interfaces_s__rosidl_typesupport_fastrtps_c.cpython-310-x86_64-linux-gnu.so
[0.957s] -- Up-to-date symlink: /home/rmsentry/DUST-RM-Sentry/install/rm_decision_interfaces/local/lib/python3.10/dist-packages/rm_decision_interfaces/rm_decision_interfaces_s__rosidl_typesupport_introspection_c.cpython-310-x86_64-linux-gnu.so
[0.957s] -- Up-to-date symlink: /home/rmsentry/DUST-RM-Sentry/install/rm_decision_interfaces/local/lib/python3.10/dist-packages/rm_decision_interfaces/rm_decision_interfaces_s__rosidl_typesupport_c.cpython-310-x86_64-linux-gnu.so
[0.957s] -- Up-to-date symlink: /home/rmsentry/DUST-RM-Sentry/install/rm_decision_interfaces/share/rm_decision_interfaces/msg/Refree.idl
[0.957s] -- Up-to-date symlink: /home/rmsentry/DUST-RM-Sentry/install/rm_decision_interfaces/share/rm_decision_interfaces/msg/Refree.msg
[0.958s] -- Up-to-date symlink: /home/rmsentry/DUST-RM-Sentry/install/rm_decision_interfaces/share/ament_index/resource_index/package_run_dependencies/rm_decision_interfaces
[0.958s] -- Up-to-date symlink: /home/rmsentry/DUST-RM-Sentry/install/rm_decision_interfaces/share/ament_index/resource_index/parent_prefix_path/rm_decision_interfaces
[0.958s] -- Up-to-date symlink: /home/rmsentry/DUST-RM-Sentry/install/rm_decision_interfaces/share/rm_decision_interfaces/environment/ament_prefix_path.sh
[0.958s] -- Up-to-date symlink: /home/rmsentry/DUST-RM-Sentry/install/rm_decision_interfaces/share/rm_decision_interfaces/environment/ament_prefix_path.dsv
[0.958s] -- Up-to-date symlink: /home/rmsentry/DUST-RM-Sentry/install/rm_decision_interfaces/share/rm_decision_interfaces/environment/path.sh
[0.958s] -- Up-to-date symlink: /home/rmsentry/DUST-RM-Sentry/install/rm_decision_interfaces/share/rm_decision_interfaces/environment/path.dsv
[0.958s] -- Up-to-date symlink: /home/rmsentry/DUST-RM-Sentry/install/rm_decision_interfaces/share/rm_decision_interfaces/local_setup.bash
[0.958s] -- Up-to-date symlink: /home/rmsentry/DUST-RM-Sentry/install/rm_decision_interfaces/share/rm_decision_interfaces/local_setup.sh
[0.958s] -- Up-to-date symlink: /home/rmsentry/DUST-RM-Sentry/install/rm_decision_interfaces/share/rm_decision_interfaces/local_setup.zsh
[0.958s] -- Up-to-date symlink: /home/rmsentry/DUST-RM-Sentry/install/rm_decision_interfaces/share/rm_decision_interfaces/local_setup.dsv
[0.958s] -- Symlinking: /home/rmsentry/DUST-RM-Sentry/install/rm_decision_interfaces/share/rm_decision_interfaces/package.dsv
[0.976s] -- Up-to-date symlink: /home/rmsentry/DUST-RM-Sentry/install/rm_decision_interfaces/share/ament_index/resource_index/packages/rm_decision_interfaces
[0.978s] -- Up-to-date symlink: /home/rmsentry/DUST-RM-Sentry/install/rm_decision_interfaces/share/rm_decision_interfaces/cmake/rosidl_cmake-extras.cmake
[0.978s] -- Up-to-date symlink: /home/rmsentry/DUST-RM-Sentry/install/rm_decision_interfaces/share/rm_decision_interfaces/cmake/ament_cmake_export_dependencies-extras.cmake
[0.980s] -- Up-to-date symlink: /home/rmsentry/DUST-RM-Sentry/install/rm_decision_interfaces/share/rm_decision_interfaces/cmake/ament_cmake_export_include_directories-extras.cmake
[0.980s] -- Up-to-date symlink: /home/rmsentry/DUST-RM-Sentry/install/rm_decision_interfaces/share/rm_decision_interfaces/cmake/ament_cmake_export_libraries-extras.cmake
[0.980s] -- Up-to-date symlink: /home/rmsentry/DUST-RM-Sentry/install/rm_decision_interfaces/share/rm_decision_interfaces/cmake/ament_cmake_export_targets-extras.cmake
[0.980s] -- Up-to-date symlink: /home/rmsentry/DUST-RM-Sentry/install/rm_decision_interfaces/share/rm_decision_interfaces/cmake/rosidl_cmake_export_typesupport_targets-extras.cmake
[0.980s] -- Up-to-date symlink: /home/rmsentry/DUST-RM-Sentry/install/rm_decision_interfaces/share/rm_decision_interfaces/cmake/rosidl_cmake_export_typesupport_libraries-extras.cmake
[0.980s] -- Up-to-date symlink: /home/rmsentry/DUST-RM-Sentry/install/rm_decision_interfaces/share/rm_decision_interfaces/cmake/rm_decision_interfacesConfig.cmake
[0.980s] -- Up-to-date symlink: /home/rmsentry/DUST-RM-Sentry/install/rm_decision_interfaces/share/rm_decision_interfaces/cmake/rm_decision_interfacesConfig-version.cmake
[0.980s] -- Up-to-date symlink: /home/rmsentry/DUST-RM-Sentry/install/rm_decision_interfaces/share/rm_decision_interfaces/package.xml
[0.980s] -- Up-to-date: /home/rmsentry/DUST-RM-Sentry/install/rm_decision_interfaces/lib/librm_decision_interfaces__rosidl_generator_c.so
[0.981s] -- Up-to-date: /home/rmsentry/DUST-RM-Sentry/install/rm_decision_interfaces/lib/librm_decision_interfaces__rosidl_typesupport_fastrtps_c.so
[0.981s] -- Up-to-date: /home/rmsentry/DUST-RM-Sentry/install/rm_decision_interfaces/lib/librm_decision_interfaces__rosidl_typesupport_introspection_c.so
[0.981s] -- Up-to-date: /home/rmsentry/DUST-RM-Sentry/install/rm_decision_interfaces/lib/librm_decision_interfaces__rosidl_typesupport_c.so
[0.981s] -- Up-to-date: /home/rmsentry/DUST-RM-Sentry/install/rm_decision_interfaces/lib/librm_decision_interfaces__rosidl_typesupport_fastrtps_cpp.so
[0.981s] -- Up-to-date: /home/rmsentry/DUST-RM-Sentry/install/rm_decision_interfaces/lib/librm_decision_interfaces__rosidl_typesupport_introspection_cpp.so
[0.981s] -- Up-to-date: /home/rmsentry/DUST-RM-Sentry/install/rm_decision_interfaces/lib/librm_decision_interfaces__rosidl_typesupport_cpp.so
[1.014s] Listing '/home/rmsentry/DUST-RM-Sentry/install/rm_decision_interfaces/local/lib/python3.10/dist-packages/rm_decision_interfaces'...
[1.014s] Listing '/home/rmsentry/DUST-RM-Sentry/install/rm_decision_interfaces/local/lib/python3.10/dist-packages/rm_decision_interfaces/msg'...
[1.031s] -- Up-to-date: /home/rmsentry/DUST-RM-Sentry/install/rm_decision_interfaces/lib/librm_decision_interfaces__rosidl_generator_py.so
[1.031s] -- Up-to-date: /home/rmsentry/DUST-RM-Sentry/install/rm_decision_interfaces/share/rm_decision_interfaces/cmake/export_rm_decision_interfaces__rosidl_generator_cExport.cmake
[1.031s] -- Up-to-date: /home/rmsentry/DUST-RM-Sentry/install/rm_decision_interfaces/share/rm_decision_interfaces/cmake/export_rm_decision_interfaces__rosidl_generator_cExport-noconfig.cmake
[1.031s] -- Up-to-date: /home/rmsentry/DUST-RM-Sentry/install/rm_decision_interfaces/share/rm_decision_interfaces/cmake/export_rm_decision_interfaces__rosidl_typesupport_fastrtps_cExport.cmake
[1.031s] -- Up-to-date: /home/rmsentry/DUST-RM-Sentry/install/rm_decision_interfaces/share/rm_decision_interfaces/cmake/export_rm_decision_interfaces__rosidl_typesupport_fastrtps_cExport-noconfig.cmake
[1.031s] -- Up-to-date: /home/rmsentry/DUST-RM-Sentry/install/rm_decision_interfaces/share/rm_decision_interfaces/cmake/rm_decision_interfaces__rosidl_typesupport_introspection_cExport.cmake
[1.031s] -- Up-to-date: /home/rmsentry/DUST-RM-Sentry/install/rm_decision_interfaces/share/rm_decision_interfaces/cmake/rm_decision_interfaces__rosidl_typesupport_introspection_cExport-noconfig.cmake
[1.031s] -- Up-to-date: /home/rmsentry/DUST-RM-Sentry/install/rm_decision_interfaces/share/rm_decision_interfaces/cmake/rm_decision_interfaces__rosidl_typesupport_cExport.cmake
[1.031s] -- Up-to-date: /home/rmsentry/DUST-RM-Sentry/install/rm_decision_interfaces/share/rm_decision_interfaces/cmake/rm_decision_interfaces__rosidl_typesupport_cExport-noconfig.cmake
[1.032s] -- Up-to-date: /home/rmsentry/DUST-RM-Sentry/install/rm_decision_interfaces/share/rm_decision_interfaces/cmake/export_rm_decision_interfaces__rosidl_generator_cppExport.cmake
[1.032s] -- Up-to-date: /home/rmsentry/DUST-RM-Sentry/install/rm_decision_interfaces/share/rm_decision_interfaces/cmake/export_rm_decision_interfaces__rosidl_typesupport_fastrtps_cppExport.cmake
[1.056s] -- Up-to-date: /home/rmsentry/DUST-RM-Sentry/install/rm_decision_interfaces/share/rm_decision_interfaces/cmake/export_rm_decision_interfaces__rosidl_typesupport_fastrtps_cppExport-noconfig.cmake
[1.056s] -- Up-to-date: /home/rmsentry/DUST-RM-Sentry/install/rm_decision_interfaces/share/rm_decision_interfaces/cmake/rm_decision_interfaces__rosidl_typesupport_introspection_cppExport.cmake
[1.056s] -- Up-to-date: /home/rmsentry/DUST-RM-Sentry/install/rm_decision_interfaces/share/rm_decision_interfaces/cmake/rm_decision_interfaces__rosidl_typesupport_introspection_cppExport-noconfig.cmake
[1.056s] -- Up-to-date: /home/rmsentry/DUST-RM-Sentry/install/rm_decision_interfaces/share/rm_decision_interfaces/cmake/rm_decision_interfaces__rosidl_typesupport_cppExport.cmake
[1.056s] -- Up-to-date: /home/rmsentry/DUST-RM-Sentry/install/rm_decision_interfaces/share/rm_decision_interfaces/cmake/rm_decision_interfaces__rosidl_typesupport_cppExport-noconfig.cmake
[1.056s] -- Up-to-date: /home/rmsentry/DUST-RM-Sentry/install/rm_decision_interfaces/share/rm_decision_interfaces/cmake/export_rm_decision_interfaces__rosidl_generator_pyExport.cmake
[1.056s] -- Up-to-date: /home/rmsentry/DUST-RM-Sentry/install/rm_decision_interfaces/share/rm_decision_interfaces/cmake/export_rm_decision_interfaces__rosidl_generator_pyExport-noconfig.cmake
[1.135s] Invoked command in '/home/rmsentry/DUST-RM-Sentry/build/rm_decision_interfaces' returned '0': CMAKE_PREFIX_PATH=${CMAKE_PREFIX_PATH}:/home/rmsentry/DUST-RM-Sentry/install/rm_decision:/home/rmsentry/DUST-RM-Sentry/install/fake_msg_publisher:/opt/ros/humble /usr/local/bin/cmake --install /home/rmsentry/DUST-RM-Sentry/build/rm_decision_interfaces
