-- The C compiler identification is GNU 11.4.0
-- The CXX compiler identification is GNU 11.4.0
-- Detecting C compiler ABI info
-- Detecting C compiler ABI info - done
-- Check for working C compiler: /usr/bin/cc - skipped
-- Detecting C compile features
-- Detecting C compile features - done
-- Detecting CXX compiler ABI info
-- Detecting CXX compiler ABI info - done
-- Check for working CXX compiler: /usr/bin/c++ - skipped
-- Detecting CXX compile features
-- Detecting CXX compile features - done
-- Found ament_cmake: 1.3.12 (/opt/ros/humble/share/ament_cmake/cmake)
-- Found Python3: /usr/bin/python3 (found version "3.10.12") found components: Interpreter
-- Override CMake install command with custom implementation using symlinks instead of copying resources
-- Found rosidl_default_generators: 1.2.0 (/opt/ros/humble/share/rosidl_default_generators/cmake)
-- Using all available rosidl_typesupport_c: rosidl_typesupport_fastrtps_c;rosidl_typesupport_introspection_c
-- Found rosidl_adapter: 3.1.7 (/opt/ros/humble/share/rosidl_adapter/cmake)
-- Using all available rosidl_typesupport_cpp: rosidl_typesupport_fastrtps_cpp;rosidl_typesupport_introspection_cpp
-- Found builtin_interfaces: 1.2.2 (/opt/ros/humble/share/builtin_interfaces/cmake)
-- Found rclcpp: 16.0.14 (/opt/ros/humble/share/rclcpp/cmake)
-- Found rmw_implementation_cmake: 6.1.2 (/opt/ros/humble/share/rmw_implementation_cmake/cmake)
-- Found rmw_fastrtps_cpp: 6.2.8 (/opt/ros/humble/share/rmw_fastrtps_cpp/cmake)
-- Found OpenSSL: /usr/lib/x86_64-linux-gnu/libcrypto.so (found version "3.0.2")
-- Found FastRTPS: /opt/ros/humble/include
-- Using RMW implementation 'rmw_fastrtps_cpp' as default
-- Performing Test CMAKE_HAVE_LIBC_PTHREAD
-- Performing Test CMAKE_HAVE_LIBC_PTHREAD - Success
-- Found Threads: TRUE
-- Found geometry_msgs: 4.9.0 (/opt/ros/humble/share/geometry_msgs/cmake)
-- Found sensor_msgs: 4.9.0 (/opt/ros/humble/share/sensor_msgs/cmake)
-- Found ament_lint_auto: 0.12.14 (/opt/ros/humble/share/ament_lint_auto/cmake)
-- Found ament_cmake_ros: 0.10.0 (/opt/ros/humble/share/ament_cmake_ros/cmake)
-- Using all available rosidl_typesupport_c: rosidl_typesupport_fastrtps_c;rosidl_typesupport_introspection_c
-- Using all available rosidl_typesupport_cpp: rosidl_typesupport_fastrtps_cpp;rosidl_typesupport_introspection_cpp
[33mCMake Warning (dev) at /opt/ros/humble/share/rosidl_generator_py/cmake/rosidl_generator_py_generate_interfaces.cmake:20 (find_package):
  Policy CMP0148 is not set: The FindPythonInterp and FindPythonLibs modules
  are removed.  Run "cmake --help-policy CMP0148" for policy details.  Use
  the cmake_policy command to set the policy and suppress this warning.

Call Stack (most recent call first):
  /opt/ros/humble/share/ament_cmake_core/cmake/core/ament_execute_extensions.cmake:48 (include)
  /opt/ros/humble/share/rosidl_cmake/cmake/rosidl_generate_interfaces.cmake:286 (ament_execute_extensions)
  CMakeLists.txt:31 (rosidl_generate_interfaces)
This warning is for project developers.  Use -Wno-dev to suppress it.
[0m
-- Found PythonInterp: /usr/bin/python3 (found suitable version "3.10.12", minimum required is "3.6")
[33mCMake Warning (dev) at /opt/ros/humble/share/python_cmake_module/cmake/Modules/FindPythonExtra.cmake:52 (find_package):
-- Found python_cmake_module: 0.10.0 (/opt/ros/humble/share/python_cmake_module/cmake)
  Policy CMP0148 is not set: The FindPythonInterp and FindPythonLibs modules
  are removed.  Run "cmake --help-policy CMP0148" for policy details.  Use
  the cmake_policy command to set the policy and suppress this warning.

Call Stack (most recent call first):
  /opt/ros/humble/share/rosidl_generator_py/cmake/rosidl_generator_py_generate_interfaces.cmake:23 (find_package)
  /opt/ros/humble/share/ament_cmake_core/cmake/core/ament_execute_extensions.cmake:48 (include)
  /opt/ros/humble/share/rosidl_cmake/cmake/rosidl_generate_interfaces.cmake:286 (ament_execute_extensions)
  CMakeLists.txt:31 (rosidl_generate_interfaces)
This warning is for project developers.  Use -Wno-dev to suppress it.
[0m
[33mCMake Warning (dev) at /opt/ros/humble/share/python_cmake_module/cmake/Modules/FindPythonExtra.cmake:140 (find_package):
  Policy CMP0148 is not set: The FindPythonInterp and FindPythonLibs modules
  are removed.  Run "cmake --help-policy CMP0148" for policy details.  Use
  the cmake_policy command to set the policy and suppress this warning.

Call Stack (most recent call first):
  /opt/ros/humble/share/rosidl_generator_py/cmake/rosidl_generator_py_generate_interfaces.cmake:23 (find_package)
  /opt/ros/humble/share/ament_cmake_core/cmake/core/ament_execute_extensions.cmake:48 (include)
  /opt/ros/humble/share/rosidl_cmake/cmake/rosidl_generate_interfaces.cmake:286 (ament_execute_extensions)
  CMakeLists.txt:31 (rosidl_generate_interfaces)
This warning is for project developers.  Use -Wno-dev to suppress it.
[0m
-- Found PythonLibs: /usr/lib/x86_64-linux-gnu/libpython3.10.so (found suitable version "3.10.12", minimum required is "3.5")
-- Using PYTHON_EXECUTABLE: /usr/bin/python3
-- Using PYTHON_INCLUDE_DIRS: /usr/include/python3.10
-- Using PYTHON_LIBRARIES: /usr/lib/x86_64-linux-gnu/libpython3.10.so
-- Found PythonExtra: .so
-- Added test 'copyright' to check source files copyright and LICENSE
-- Added test 'lint_cmake' to check CMake code style
-- Added test 'xmllint' to check XML markup files
-- Configuring done (6.9s)
-- Generating done (0.2s)
-- Build files have been written to: /home/rmsentry/DUST-RM-Sentry/build/global_interface
[  1%] [34m[1mGenerating C code for ROS interfaces[0m
[  1%] [34m[1mGenerating C++ code for ROS interfaces[0m
[  1%] Built target ament_cmake_python_symlink_global_interface
running egg_info
creating global_interface.egg-info
writing global_interface.egg-info/PKG-INFO
writing dependency_links to global_interface.egg-info/dependency_links.txt
writing top-level names to global_interface.egg-info/top_level.txt
writing manifest file 'global_interface.egg-info/SOURCES.txt'
reading manifest file 'global_interface.egg-info/SOURCES.txt'
writing manifest file 'global_interface.egg-info/SOURCES.txt'
[  1%] Built target ament_cmake_python_build_global_interface_egg
[  1%] Built target global_interface__cpp
[  2%] [34m[1mGenerating C++ type support dispatch for ROS interfaces[0m
[  3%] [34m[1mGenerating C++ introspection for ROS interfaces[0m
[  3%] [34m[1mGenerating C++ type support for eProsima Fast-RTPS[0m
[  4%] [32mBuilding CXX object CMakeFiles/global_interface__rosidl_typesupport_cpp.dir/rosidl_typesupport_cpp/global_interface/msg/obj_hp__type_support.cpp.o[0m
[  5%] [32mBuilding CXX object CMakeFiles/global_interface__rosidl_typesupport_cpp.dir/rosidl_typesupport_cpp/global_interface/msg/game_info__type_support.cpp.o[0m
[  6%] [32mBuilding CXX object CMakeFiles/global_interface__rosidl_typesupport_cpp.dir/rosidl_typesupport_cpp/global_interface/msg/car_pos__type_support.cpp.o[0m
[  7%] [32mBuilding CXX object CMakeFiles/global_interface__rosidl_typesupport_cpp.dir/rosidl_typesupport_cpp/global_interface/msg/serial__type_support.cpp.o[0m
[  8%] [32mBuilding CXX object CMakeFiles/global_interface__rosidl_typesupport_cpp.dir/rosidl_typesupport_cpp/global_interface/msg/point2f__type_support.cpp.o[0m
[  9%] [32mBuilding CXX object CMakeFiles/global_interface__rosidl_typesupport_cpp.dir/rosidl_typesupport_cpp/global_interface/msg/detection__type_support.cpp.o[0m
[ 10%] [32mBuilding CXX object CMakeFiles/global_interface__rosidl_typesupport_cpp.dir/rosidl_typesupport_cpp/global_interface/msg/detection_array__type_support.cpp.o[0m
[ 10%] [32mBuilding CXX object CMakeFiles/global_interface__rosidl_typesupport_cpp.dir/rosidl_typesupport_cpp/global_interface/msg/decision__type_support.cpp.o[0m
[ 11%] [32mBuilding CXX object CMakeFiles/global_interface__rosidl_typesupport_cpp.dir/rosidl_typesupport_cpp/global_interface/msg/autoaim__type_support.cpp.o[0m
[ 12%] [32mBuilding CXX object CMakeFiles/global_interface__rosidl_typesupport_cpp.dir/rosidl_typesupport_cpp/global_interface/msg/mode_set__type_support.cpp.o[0m
[ 13%] [32mBuilding CXX object CMakeFiles/global_interface__rosidl_typesupport_cpp.dir/rosidl_typesupport_cpp/global_interface/msg/strike_licensing__type_support.cpp.o[0m
[ 14%] [32mBuilding CXX object CMakeFiles/global_interface__rosidl_typesupport_introspection_cpp.dir/rosidl_typesupport_introspection_cpp/global_interface/msg/detail/obj_hp__type_support.cpp.o[0m
[ 14%] [32mBuilding CXX object CMakeFiles/global_interface__rosidl_typesupport_introspection_cpp.dir/rosidl_typesupport_introspection_cpp/global_interface/msg/detail/car_pos__type_support.cpp.o[0m
[ 15%] [32mBuilding CXX object CMakeFiles/global_interface__rosidl_typesupport_introspection_cpp.dir/rosidl_typesupport_introspection_cpp/global_interface/msg/detail/game_info__type_support.cpp.o[0m
[ 16%] [32mBuilding CXX object CMakeFiles/global_interface__rosidl_typesupport_introspection_cpp.dir/rosidl_typesupport_introspection_cpp/global_interface/msg/detail/point2f__type_support.cpp.o[0m
[ 17%] [32mBuilding CXX object CMakeFiles/global_interface__rosidl_typesupport_introspection_cpp.dir/rosidl_typesupport_introspection_cpp/global_interface/msg/detail/serial__type_support.cpp.o[0m
[ 18%] [32mBuilding CXX object CMakeFiles/global_interface__rosidl_typesupport_introspection_cpp.dir/rosidl_typesupport_introspection_cpp/global_interface/msg/detail/detection__type_support.cpp.o[0m
[ 19%] [32mBuilding C object CMakeFiles/global_interface__rosidl_generator_c.dir/rosidl_generator_c/global_interface/msg/detail/obj_hp__functions.c.o[0m
[ 20%] [32mBuilding C object CMakeFiles/global_interface__rosidl_generator_c.dir/rosidl_generator_c/global_interface/msg/detail/car_pos__functions.c.o[0m
[ 21%] [32mBuilding C object CMakeFiles/global_interface__rosidl_generator_c.dir/rosidl_generator_c/global_interface/msg/detail/game_info__functions.c.o[0m
[ 22%] [32mBuilding CXX object CMakeFiles/global_interface__rosidl_typesupport_introspection_cpp.dir/rosidl_typesupport_introspection_cpp/global_interface/msg/detail/detection_array__type_support.cpp.o[0m
[ 23%] [32mBuilding C object CMakeFiles/global_interface__rosidl_generator_c.dir/rosidl_generator_c/global_interface/msg/detail/point2f__functions.c.o[0m
[ 24%] [32mBuilding CXX object CMakeFiles/global_interface__rosidl_typesupport_introspection_cpp.dir/rosidl_typesupport_introspection_cpp/global_interface/msg/detail/decision__type_support.cpp.o[0m
[ 25%] [32mBuilding C object CMakeFiles/global_interface__rosidl_generator_c.dir/rosidl_generator_c/global_interface/msg/detail/serial__functions.c.o[0m
[ 26%] [32mBuilding CXX object CMakeFiles/global_interface__rosidl_typesupport_introspection_cpp.dir/rosidl_typesupport_introspection_cpp/global_interface/msg/detail/autoaim__type_support.cpp.o[0m
[ 27%] [32mBuilding CXX object CMakeFiles/global_interface__rosidl_typesupport_introspection_cpp.dir/rosidl_typesupport_introspection_cpp/global_interface/msg/detail/mode_set__type_support.cpp.o[0m
[ 28%] [32mBuilding C object CMakeFiles/global_interface__rosidl_generator_c.dir/rosidl_generator_c/global_interface/msg/detail/detection__functions.c.o[0m
[ 29%] [32m[1mLinking CXX shared library libglobal_interface__rosidl_typesupport_cpp.so[0m
[ 30%] [32mBuilding C object CMakeFiles/global_interface__rosidl_generator_c.dir/rosidl_generator_c/global_interface/msg/detail/detection_array__functions.c.o[0m
[ 30%] [32mBuilding C object CMakeFiles/global_interface__rosidl_generator_c.dir/rosidl_generator_c/global_interface/msg/detail/decision__functions.c.o[0m
[ 30%] Built target global_interface__rosidl_typesupport_cpp
[ 31%] [32mBuilding CXX object CMakeFiles/global_interface__rosidl_typesupport_introspection_cpp.dir/rosidl_typesupport_introspection_cpp/global_interface/msg/detail/strike_licensing__type_support.cpp.o[0m
[ 32%] [32mBuilding C object CMakeFiles/global_interface__rosidl_generator_c.dir/rosidl_generator_c/global_interface/msg/detail/mode_set__functions.c.o[0m
[ 33%] [32mBuilding C object CMakeFiles/global_interface__rosidl_generator_c.dir/rosidl_generator_c/global_interface/msg/detail/autoaim__functions.c.o[0m
[ 34%] [32mBuilding C object CMakeFiles/global_interface__rosidl_generator_c.dir/rosidl_generator_c/global_interface/msg/detail/strike_licensing__functions.c.o[0m
[ 35%] [32m[1mLinking C shared library libglobal_interface__rosidl_generator_c.so[0m
[ 35%] Built target global_interface__rosidl_generator_c
[ 36%] [34m[1mGenerating C introspection for ROS interfaces[0m
[ 37%] [34m[1mGenerating C type support dispatch for ROS interfaces[0m
[ 38%] [34m[1mGenerating C type support for eProsima Fast-RTPS[0m
[ 39%] [32mBuilding CXX object CMakeFiles/global_interface__rosidl_typesupport_fastrtps_cpp.dir/rosidl_typesupport_fastrtps_cpp/global_interface/msg/detail/dds_fastrtps/car_pos__type_support.cpp.o[0m
[ 40%] [32mBuilding CXX object CMakeFiles/global_interface__rosidl_typesupport_fastrtps_cpp.dir/rosidl_typesupport_fastrtps_cpp/global_interface/msg/detail/dds_fastrtps/obj_hp__type_support.cpp.o[0m
[ 41%] [32mBuilding CXX object CMakeFiles/global_interface__rosidl_typesupport_fastrtps_cpp.dir/rosidl_typesupport_fastrtps_cpp/global_interface/msg/detail/dds_fastrtps/game_info__type_support.cpp.o[0m
[ 42%] [32mBuilding CXX object CMakeFiles/global_interface__rosidl_typesupport_fastrtps_cpp.dir/rosidl_typesupport_fastrtps_cpp/global_interface/msg/detail/dds_fastrtps/point2f__type_support.cpp.o[0m
[ 43%] [32mBuilding CXX object CMakeFiles/global_interface__rosidl_typesupport_fastrtps_cpp.dir/rosidl_typesupport_fastrtps_cpp/global_interface/msg/detail/dds_fastrtps/serial__type_support.cpp.o[0m
[ 44%] [32mBuilding CXX object CMakeFiles/global_interface__rosidl_typesupport_fastrtps_cpp.dir/rosidl_typesupport_fastrtps_cpp/global_interface/msg/detail/dds_fastrtps/detection__type_support.cpp.o[0m
[ 45%] [32mBuilding CXX object CMakeFiles/global_interface__rosidl_typesupport_fastrtps_cpp.dir/rosidl_typesupport_fastrtps_cpp/global_interface/msg/detail/dds_fastrtps/detection_array__type_support.cpp.o[0m
[ 46%] [32mBuilding CXX object CMakeFiles/global_interface__rosidl_typesupport_c.dir/rosidl_typesupport_c/global_interface/msg/obj_hp__type_support.cpp.o[0m
[ 47%] [32mBuilding CXX object CMakeFiles/global_interface__rosidl_typesupport_c.dir/rosidl_typesupport_c/global_interface/msg/car_pos__type_support.cpp.o[0m
[ 48%] [32mBuilding CXX object CMakeFiles/global_interface__rosidl_typesupport_fastrtps_cpp.dir/rosidl_typesupport_fastrtps_cpp/global_interface/msg/detail/dds_fastrtps/decision__type_support.cpp.o[0m
[ 48%] [32mBuilding CXX object CMakeFiles/global_interface__rosidl_typesupport_c.dir/rosidl_typesupport_c/global_interface/msg/game_info__type_support.cpp.o[0m
[ 49%] [32m[1mLinking CXX shared library libglobal_interface__rosidl_typesupport_introspection_cpp.so[0m
[ 50%] [32mBuilding CXX object CMakeFiles/global_interface__rosidl_typesupport_c.dir/rosidl_typesupport_c/global_interface/msg/point2f__type_support.cpp.o[0m
[ 51%] [32mBuilding CXX object CMakeFiles/global_interface__rosidl_typesupport_c.dir/rosidl_typesupport_c/global_interface/msg/serial__type_support.cpp.o[0m
[ 52%] [32mBuilding CXX object CMakeFiles/global_interface__rosidl_typesupport_fastrtps_cpp.dir/rosidl_typesupport_fastrtps_cpp/global_interface/msg/detail/dds_fastrtps/autoaim__type_support.cpp.o[0m
[ 52%] [32mBuilding CXX object CMakeFiles/global_interface__rosidl_typesupport_fastrtps_cpp.dir/rosidl_typesupport_fastrtps_cpp/global_interface/msg/detail/dds_fastrtps/mode_set__type_support.cpp.o[0m
[ 53%] [32mBuilding CXX object CMakeFiles/global_interface__rosidl_typesupport_c.dir/rosidl_typesupport_c/global_interface/msg/detection__type_support.cpp.o[0m
[ 54%] [32mBuilding CXX object CMakeFiles/global_interface__rosidl_typesupport_c.dir/rosidl_typesupport_c/global_interface/msg/detection_array__type_support.cpp.o[0m
[ 55%] [32mBuilding CXX object CMakeFiles/global_interface__rosidl_typesupport_c.dir/rosidl_typesupport_c/global_interface/msg/decision__type_support.cpp.o[0m
[ 55%] Built target global_interface__rosidl_typesupport_introspection_cpp
[ 56%] [32mBuilding CXX object CMakeFiles/global_interface__rosidl_typesupport_c.dir/rosidl_typesupport_c/global_interface/msg/autoaim__type_support.cpp.o[0m
[ 57%] [32mBuilding CXX object CMakeFiles/global_interface__rosidl_typesupport_c.dir/rosidl_typesupport_c/global_interface/msg/mode_set__type_support.cpp.o[0m
[ 58%] [32mBuilding CXX object CMakeFiles/global_interface__rosidl_typesupport_c.dir/rosidl_typesupport_c/global_interface/msg/strike_licensing__type_support.cpp.o[0m
[ 59%] [32mBuilding CXX object CMakeFiles/global_interface__rosidl_typesupport_fastrtps_cpp.dir/rosidl_typesupport_fastrtps_cpp/global_interface/msg/detail/dds_fastrtps/strike_licensing__type_support.cpp.o[0m
[ 60%] [32m[1mLinking CXX shared library libglobal_interface__rosidl_typesupport_c.so[0m
[ 61%] [32mBuilding C object CMakeFiles/global_interface__rosidl_typesupport_introspection_c.dir/rosidl_typesupport_introspection_c/global_interface/msg/detail/obj_hp__type_support.c.o[0m
[ 61%] Built target global_interface__rosidl_typesupport_c
[ 62%] [32mBuilding C object CMakeFiles/global_interface__rosidl_typesupport_introspection_c.dir/rosidl_typesupport_introspection_c/global_interface/msg/detail/car_pos__type_support.c.o[0m
[ 63%] [32mBuilding C object CMakeFiles/global_interface__rosidl_typesupport_introspection_c.dir/rosidl_typesupport_introspection_c/global_interface/msg/detail/game_info__type_support.c.o[0m
[ 64%] [32mBuilding C object CMakeFiles/global_interface__rosidl_typesupport_introspection_c.dir/rosidl_typesupport_introspection_c/global_interface/msg/detail/point2f__type_support.c.o[0m
[ 65%] [32mBuilding C object CMakeFiles/global_interface__rosidl_typesupport_introspection_c.dir/rosidl_typesupport_introspection_c/global_interface/msg/detail/serial__type_support.c.o[0m
[ 66%] [32mBuilding C object CMakeFiles/global_interface__rosidl_typesupport_introspection_c.dir/rosidl_typesupport_introspection_c/global_interface/msg/detail/detection__type_support.c.o[0m
[ 67%] [32mBuilding C object CMakeFiles/global_interface__rosidl_typesupport_introspection_c.dir/rosidl_typesupport_introspection_c/global_interface/msg/detail/decision__type_support.c.o[0m
[ 67%] [32mBuilding C object CMakeFiles/global_interface__rosidl_typesupport_introspection_c.dir/rosidl_typesupport_introspection_c/global_interface/msg/detail/detection_array__type_support.c.o[0m
[ 68%] [32mBuilding C object CMakeFiles/global_interface__rosidl_typesupport_introspection_c.dir/rosidl_typesupport_introspection_c/global_interface/msg/detail/autoaim__type_support.c.o[0m
[ 69%] [32mBuilding C object CMakeFiles/global_interface__rosidl_typesupport_introspection_c.dir/rosidl_typesupport_introspection_c/global_interface/msg/detail/mode_set__type_support.c.o[0m
[ 70%] [32mBuilding C object CMakeFiles/global_interface__rosidl_typesupport_introspection_c.dir/rosidl_typesupport_introspection_c/global_interface/msg/detail/strike_licensing__type_support.c.o[0m
[ 71%] [32mBuilding CXX object CMakeFiles/global_interface__rosidl_typesupport_fastrtps_c.dir/rosidl_typesupport_fastrtps_c/global_interface/msg/detail/obj_hp__type_support_c.cpp.o[0m
[ 72%] [32mBuilding CXX object CMakeFiles/global_interface__rosidl_typesupport_fastrtps_c.dir/rosidl_typesupport_fastrtps_c/global_interface/msg/detail/game_info__type_support_c.cpp.o[0m
[ 72%] [32mBuilding CXX object CMakeFiles/global_interface__rosidl_typesupport_fastrtps_c.dir/rosidl_typesupport_fastrtps_c/global_interface/msg/detail/serial__type_support_c.cpp.o[0m
[ 73%] [32mBuilding CXX object CMakeFiles/global_interface__rosidl_typesupport_fastrtps_c.dir/rosidl_typesupport_fastrtps_c/global_interface/msg/detail/point2f__type_support_c.cpp.o[0m
[ 74%] [32mBuilding CXX object CMakeFiles/global_interface__rosidl_typesupport_fastrtps_c.dir/rosidl_typesupport_fastrtps_c/global_interface/msg/detail/car_pos__type_support_c.cpp.o[0m
[ 76%] [32mBuilding CXX object CMakeFiles/global_interface__rosidl_typesupport_fastrtps_c.dir/rosidl_typesupport_fastrtps_c/global_interface/msg/detail/detection__type_support_c.cpp.o[0m
[ 75%] [32m[1mLinking C shared library libglobal_interface__rosidl_typesupport_introspection_c.so[0m
[ 77%] [32mBuilding CXX object CMakeFiles/global_interface__rosidl_typesupport_fastrtps_c.dir/rosidl_typesupport_fastrtps_c/global_interface/msg/detail/detection_array__type_support_c.cpp.o[0m
[ 77%] Built target global_interface__rosidl_typesupport_introspection_c
[ 78%] [32mBuilding CXX object CMakeFiles/global_interface__rosidl_typesupport_fastrtps_c.dir/rosidl_typesupport_fastrtps_c/global_interface/msg/detail/decision__type_support_c.cpp.o[0m
[ 79%] [32mBuilding CXX object CMakeFiles/global_interface__rosidl_typesupport_fastrtps_c.dir/rosidl_typesupport_fastrtps_c/global_interface/msg/detail/autoaim__type_support_c.cpp.o[0m
[ 80%] [32mBuilding CXX object CMakeFiles/global_interface__rosidl_typesupport_fastrtps_c.dir/rosidl_typesupport_fastrtps_c/global_interface/msg/detail/mode_set__type_support_c.cpp.o[0m
[ 81%] [32mBuilding CXX object CMakeFiles/global_interface__rosidl_typesupport_fastrtps_c.dir/rosidl_typesupport_fastrtps_c/global_interface/msg/detail/strike_licensing__type_support_c.cpp.o[0m
[ 82%] [32m[1mLinking CXX shared library libglobal_interface__rosidl_typesupport_fastrtps_cpp.so[0m
[ 82%] Built target global_interface__rosidl_typesupport_fastrtps_cpp
[ 83%] [32m[1mLinking CXX shared library libglobal_interface__rosidl_typesupport_fastrtps_c.so[0m
[ 83%] Built target global_interface__rosidl_typesupport_fastrtps_c
[ 83%] Built target global_interface
[ 84%] [34m[1mGenerating Python code for ROS interfaces[0m
[ 84%] Built target global_interface__py
[ 85%] [32mBuilding C object CMakeFiles/global_interface__rosidl_generator_py.dir/rosidl_generator_py/global_interface/msg/_obj_hp_s.c.o[0m
[ 86%] [32mBuilding C object CMakeFiles/global_interface__rosidl_generator_py.dir/rosidl_generator_py/global_interface/msg/_strike_licensing_s.c.o[0m
[ 87%] [32mBuilding C object CMakeFiles/global_interface__rosidl_generator_py.dir/rosidl_generator_py/global_interface/msg/_mode_set_s.c.o[0m
[ 88%] [32mBuilding C object CMakeFiles/global_interface__rosidl_generator_py.dir/rosidl_generator_py/global_interface/msg/_autoaim_s.c.o[0m
[ 89%] [32mBuilding C object CMakeFiles/global_interface__rosidl_generator_py.dir/rosidl_generator_py/global_interface/msg/_decision_s.c.o[0m
[ 90%] [32mBuilding C object CMakeFiles/global_interface__rosidl_generator_py.dir/rosidl_generator_py/global_interface/msg/_detection_array_s.c.o[0m
[ 90%] [32mBuilding C object CMakeFiles/global_interface__rosidl_generator_py.dir/rosidl_generator_py/global_interface/msg/_detection_s.c.o[0m
[ 91%] [32mBuilding C object CMakeFiles/global_interface__rosidl_generator_py.dir/rosidl_generator_py/global_interface/msg/_serial_s.c.o[0m
[ 92%] [32mBuilding C object CMakeFiles/global_interface__rosidl_generator_py.dir/rosidl_generator_py/global_interface/msg/_point2f_s.c.o[0m
[ 93%] [32mBuilding C object CMakeFiles/global_interface__rosidl_generator_py.dir/rosidl_generator_py/global_interface/msg/_game_info_s.c.o[0m
[ 94%] [32mBuilding C object CMakeFiles/global_interface__rosidl_generator_py.dir/rosidl_generator_py/global_interface/msg/_car_pos_s.c.o[0m
[ 95%] [32m[1mLinking C shared library rosidl_generator_py/global_interface/libglobal_interface__rosidl_generator_py.so[0m
[ 95%] Built target global_interface__rosidl_generator_py
[ 96%] [32mBuilding C object CMakeFiles/global_interface__rosidl_typesupport_fastrtps_c__pyext.dir/rosidl_generator_py/global_interface/_global_interface_s.ep.rosidl_typesupport_fastrtps_c.c.o[0m
[ 97%] [32m[1mLinking C shared library rosidl_generator_py/global_interface/global_interface_s__rosidl_typesupport_fastrtps_c.cpython-310-x86_64-linux-gnu.so[0m
[ 97%] Built target global_interface__rosidl_typesupport_fastrtps_c__pyext
[ 97%] [32mBuilding C object CMakeFiles/global_interface__rosidl_typesupport_c__pyext.dir/rosidl_generator_py/global_interface/_global_interface_s.ep.rosidl_typesupport_c.c.o[0m
[ 98%] [32m[1mLinking C shared library rosidl_generator_py/global_interface/global_interface_s__rosidl_typesupport_c.cpython-310-x86_64-linux-gnu.so[0m
[ 98%] Built target global_interface__rosidl_typesupport_c__pyext
[ 99%] [32mBuilding C object CMakeFiles/global_interface__rosidl_typesupport_introspection_c__pyext.dir/rosidl_generator_py/global_interface/_global_interface_s.ep.rosidl_typesupport_introspection_c.c.o[0m
[100%] [32m[1mLinking C shared library rosidl_generator_py/global_interface/global_interface_s__rosidl_typesupport_introspection_c.cpython-310-x86_64-linux-gnu.so[0m
[100%] Built target global_interface__rosidl_typesupport_introspection_c__pyext
-- Install configuration: ""
-- Execute custom install script
-- Symlinking: /home/rmsentry/DUST-RM-Sentry/install/global_interface/share/ament_index/resource_index/rosidl_interfaces/global_interface
-- Symlinking: /home/rmsentry/DUST-RM-Sentry/install/global_interface/include/global_interface/global_interface/msg/autoaim.h
-- Symlinking: /home/rmsentry/DUST-RM-Sentry/install/global_interface/include/global_interface/global_interface/msg/car_pos.h
-- Symlinking: /home/rmsentry/DUST-RM-Sentry/install/global_interface/include/global_interface/global_interface/msg/decision.h
-- Symlinking: /home/rmsentry/DUST-RM-Sentry/install/global_interface/include/global_interface/global_interface/msg/detail/autoaim__functions.h
-- Symlinking: /home/rmsentry/DUST-RM-Sentry/install/global_interface/include/global_interface/global_interface/msg/detail/autoaim__struct.h
-- Symlinking: /home/rmsentry/DUST-RM-Sentry/install/global_interface/include/global_interface/global_interface/msg/detail/autoaim__type_support.h
-- Symlinking: /home/rmsentry/DUST-RM-Sentry/install/global_interface/include/global_interface/global_interface/msg/detail/car_pos__functions.h
-- Symlinking: /home/rmsentry/DUST-RM-Sentry/install/global_interface/include/global_interface/global_interface/msg/detail/car_pos__struct.h
-- Symlinking: /home/rmsentry/DUST-RM-Sentry/install/global_interface/include/global_interface/global_interface/msg/detail/car_pos__type_support.h
-- Symlinking: /home/rmsentry/DUST-RM-Sentry/install/global_interface/include/global_interface/global_interface/msg/detail/decision__functions.h
-- Symlinking: /home/rmsentry/DUST-RM-Sentry/install/global_interface/include/global_interface/global_interface/msg/detail/decision__struct.h
-- Symlinking: /home/rmsentry/DUST-RM-Sentry/install/global_interface/include/global_interface/global_interface/msg/detail/decision__type_support.h
-- Symlinking: /home/rmsentry/DUST-RM-Sentry/install/global_interface/include/global_interface/global_interface/msg/detail/detection__functions.h
-- Symlinking: /home/rmsentry/DUST-RM-Sentry/install/global_interface/include/global_interface/global_interface/msg/detail/detection__struct.h
-- Symlinking: /home/rmsentry/DUST-RM-Sentry/install/global_interface/include/global_interface/global_interface/msg/detail/detection__type_support.h
-- Symlinking: /home/rmsentry/DUST-RM-Sentry/install/global_interface/include/global_interface/global_interface/msg/detail/detection_array__functions.h
-- Symlinking: /home/rmsentry/DUST-RM-Sentry/install/global_interface/include/global_interface/global_interface/msg/detail/detection_array__struct.h
-- Symlinking: /home/rmsentry/DUST-RM-Sentry/install/global_interface/include/global_interface/global_interface/msg/detail/detection_array__type_support.h
-- Symlinking: /home/rmsentry/DUST-RM-Sentry/install/global_interface/include/global_interface/global_interface/msg/detail/game_info__functions.h
-- Symlinking: /home/rmsentry/DUST-RM-Sentry/install/global_interface/include/global_interface/global_interface/msg/detail/game_info__struct.h
-- Symlinking: /home/rmsentry/DUST-RM-Sentry/install/global_interface/include/global_interface/global_interface/msg/detail/game_info__type_support.h
-- Symlinking: /home/rmsentry/DUST-RM-Sentry/install/global_interface/include/global_interface/global_interface/msg/detail/mode_set__functions.h
-- Symlinking: /home/rmsentry/DUST-RM-Sentry/install/global_interface/include/global_interface/global_interface/msg/detail/mode_set__struct.h
-- Symlinking: /home/rmsentry/DUST-RM-Sentry/install/global_interface/include/global_interface/global_interface/msg/detail/mode_set__type_support.h
-- Symlinking: /home/rmsentry/DUST-RM-Sentry/install/global_interface/include/global_interface/global_interface/msg/detail/obj_hp__functions.h
-- Symlinking: /home/rmsentry/DUST-RM-Sentry/install/global_interface/include/global_interface/global_interface/msg/detail/obj_hp__struct.h
-- Symlinking: /home/rmsentry/DUST-RM-Sentry/install/global_interface/include/global_interface/global_interface/msg/detail/obj_hp__type_support.h
-- Symlinking: /home/rmsentry/DUST-RM-Sentry/install/global_interface/include/global_interface/global_interface/msg/detail/point2f__functions.h
-- Symlinking: /home/rmsentry/DUST-RM-Sentry/install/global_interface/include/global_interface/global_interface/msg/detail/point2f__struct.h
-- Symlinking: /home/rmsentry/DUST-RM-Sentry/install/global_interface/include/global_interface/global_interface/msg/detail/point2f__type_support.h
-- Symlinking: /home/rmsentry/DUST-RM-Sentry/install/global_interface/include/global_interface/global_interface/msg/detail/serial__functions.h
-- Symlinking: /home/rmsentry/DUST-RM-Sentry/install/global_interface/include/global_interface/global_interface/msg/detail/serial__struct.h
-- Symlinking: /home/rmsentry/DUST-RM-Sentry/install/global_interface/include/global_interface/global_interface/msg/detail/serial__type_support.h
-- Symlinking: /home/rmsentry/DUST-RM-Sentry/install/global_interface/include/global_interface/global_interface/msg/detail/strike_licensing__functions.h
-- Symlinking: /home/rmsentry/DUST-RM-Sentry/install/global_interface/include/global_interface/global_interface/msg/detail/strike_licensing__struct.h
-- Symlinking: /home/rmsentry/DUST-RM-Sentry/install/global_interface/include/global_interface/global_interface/msg/detail/strike_licensing__type_support.h
-- Symlinking: /home/rmsentry/DUST-RM-Sentry/install/global_interface/include/global_interface/global_interface/msg/detection.h
-- Symlinking: /home/rmsentry/DUST-RM-Sentry/install/global_interface/include/global_interface/global_interface/msg/detection_array.h
-- Symlinking: /home/rmsentry/DUST-RM-Sentry/install/global_interface/include/global_interface/global_interface/msg/game_info.h
-- Symlinking: /home/rmsentry/DUST-RM-Sentry/install/global_interface/include/global_interface/global_interface/msg/mode_set.h
-- Symlinking: /home/rmsentry/DUST-RM-Sentry/install/global_interface/include/global_interface/global_interface/msg/obj_hp.h
-- Symlinking: /home/rmsentry/DUST-RM-Sentry/install/global_interface/include/global_interface/global_interface/msg/point2f.h
-- Symlinking: /home/rmsentry/DUST-RM-Sentry/install/global_interface/include/global_interface/global_interface/msg/rosidl_generator_c__visibility_control.h
-- Symlinking: /home/rmsentry/DUST-RM-Sentry/install/global_interface/include/global_interface/global_interface/msg/serial.h
-- Symlinking: /home/rmsentry/DUST-RM-Sentry/install/global_interface/include/global_interface/global_interface/msg/strike_licensing.h
-- Symlinking: /home/rmsentry/DUST-RM-Sentry/install/global_interface/share/global_interface/environment/library_path.sh
-- Symlinking: /home/rmsentry/DUST-RM-Sentry/install/global_interface/share/global_interface/environment/library_path.dsv
-- Symlinking: /home/rmsentry/DUST-RM-Sentry/install/global_interface/include/global_interface/global_interface/msg/detail/autoaim__rosidl_typesupport_fastrtps_c.h
-- Symlinking: /home/rmsentry/DUST-RM-Sentry/install/global_interface/include/global_interface/global_interface/msg/detail/car_pos__rosidl_typesupport_fastrtps_c.h
-- Symlinking: /home/rmsentry/DUST-RM-Sentry/install/global_interface/include/global_interface/global_interface/msg/detail/decision__rosidl_typesupport_fastrtps_c.h
-- Symlinking: /home/rmsentry/DUST-RM-Sentry/install/global_interface/include/global_interface/global_interface/msg/detail/detection__rosidl_typesupport_fastrtps_c.h
-- Symlinking: /home/rmsentry/DUST-RM-Sentry/install/global_interface/include/global_interface/global_interface/msg/detail/detection_array__rosidl_typesupport_fastrtps_c.h
-- Symlinking: /home/rmsentry/DUST-RM-Sentry/install/global_interface/include/global_interface/global_interface/msg/detail/game_info__rosidl_typesupport_fastrtps_c.h
-- Symlinking: /home/rmsentry/DUST-RM-Sentry/install/global_interface/include/global_interface/global_interface/msg/detail/mode_set__rosidl_typesupport_fastrtps_c.h
-- Symlinking: /home/rmsentry/DUST-RM-Sentry/install/global_interface/include/global_interface/global_interface/msg/detail/obj_hp__rosidl_typesupport_fastrtps_c.h
-- Symlinking: /home/rmsentry/DUST-RM-Sentry/install/global_interface/include/global_interface/global_interface/msg/detail/point2f__rosidl_typesupport_fastrtps_c.h
-- Symlinking: /home/rmsentry/DUST-RM-Sentry/install/global_interface/include/global_interface/global_interface/msg/detail/serial__rosidl_typesupport_fastrtps_c.h
-- Symlinking: /home/rmsentry/DUST-RM-Sentry/install/global_interface/include/global_interface/global_interface/msg/detail/strike_licensing__rosidl_typesupport_fastrtps_c.h
-- Symlinking: /home/rmsentry/DUST-RM-Sentry/install/global_interface/include/global_interface/global_interface/msg/rosidl_typesupport_fastrtps_c__visibility_control.h
-- Symlinking: /home/rmsentry/DUST-RM-Sentry/install/global_interface/include/global_interface/global_interface/msg/detail/autoaim__rosidl_typesupport_introspection_c.h
-- Symlinking: /home/rmsentry/DUST-RM-Sentry/install/global_interface/include/global_interface/global_interface/msg/detail/car_pos__rosidl_typesupport_introspection_c.h
-- Symlinking: /home/rmsentry/DUST-RM-Sentry/install/global_interface/include/global_interface/global_interface/msg/detail/decision__rosidl_typesupport_introspection_c.h
-- Symlinking: /home/rmsentry/DUST-RM-Sentry/install/global_interface/include/global_interface/global_interface/msg/detail/detection__rosidl_typesupport_introspection_c.h
-- Symlinking: /home/rmsentry/DUST-RM-Sentry/install/global_interface/include/global_interface/global_interface/msg/detail/detection_array__rosidl_typesupport_introspection_c.h
-- Symlinking: /home/rmsentry/DUST-RM-Sentry/install/global_interface/include/global_interface/global_interface/msg/detail/game_info__rosidl_typesupport_introspection_c.h
-- Symlinking: /home/rmsentry/DUST-RM-Sentry/install/global_interface/include/global_interface/global_interface/msg/detail/mode_set__rosidl_typesupport_introspection_c.h
-- Symlinking: /home/rmsentry/DUST-RM-Sentry/install/global_interface/include/global_interface/global_interface/msg/detail/obj_hp__rosidl_typesupport_introspection_c.h
-- Symlinking: /home/rmsentry/DUST-RM-Sentry/install/global_interface/include/global_interface/global_interface/msg/detail/point2f__rosidl_typesupport_introspection_c.h
-- Symlinking: /home/rmsentry/DUST-RM-Sentry/install/global_interface/include/global_interface/global_interface/msg/detail/serial__rosidl_typesupport_introspection_c.h
-- Symlinking: /home/rmsentry/DUST-RM-Sentry/install/global_interface/include/global_interface/global_interface/msg/detail/strike_licensing__rosidl_typesupport_introspection_c.h
-- Symlinking: /home/rmsentry/DUST-RM-Sentry/install/global_interface/include/global_interface/global_interface/msg/rosidl_typesupport_introspection_c__visibility_control.h
-- Symlinking: /home/rmsentry/DUST-RM-Sentry/install/global_interface/include/global_interface/global_interface/msg/autoaim.hpp
-- Symlinking: /home/rmsentry/DUST-RM-Sentry/install/global_interface/include/global_interface/global_interface/msg/car_pos.hpp
-- Symlinking: /home/rmsentry/DUST-RM-Sentry/install/global_interface/include/global_interface/global_interface/msg/decision.hpp
-- Symlinking: /home/rmsentry/DUST-RM-Sentry/install/global_interface/include/global_interface/global_interface/msg/detail/autoaim__builder.hpp
-- Symlinking: /home/rmsentry/DUST-RM-Sentry/install/global_interface/include/global_interface/global_interface/msg/detail/autoaim__struct.hpp
-- Symlinking: /home/rmsentry/DUST-RM-Sentry/install/global_interface/include/global_interface/global_interface/msg/detail/autoaim__traits.hpp
-- Symlinking: /home/rmsentry/DUST-RM-Sentry/install/global_interface/include/global_interface/global_interface/msg/detail/autoaim__type_support.hpp
-- Symlinking: /home/rmsentry/DUST-RM-Sentry/install/global_interface/include/global_interface/global_interface/msg/detail/car_pos__builder.hpp
-- Symlinking: /home/rmsentry/DUST-RM-Sentry/install/global_interface/include/global_interface/global_interface/msg/detail/car_pos__struct.hpp
-- Symlinking: /home/rmsentry/DUST-RM-Sentry/install/global_interface/include/global_interface/global_interface/msg/detail/car_pos__traits.hpp
-- Symlinking: /home/rmsentry/DUST-RM-Sentry/install/global_interface/include/global_interface/global_interface/msg/detail/car_pos__type_support.hpp
-- Symlinking: /home/rmsentry/DUST-RM-Sentry/install/global_interface/include/global_interface/global_interface/msg/detail/decision__builder.hpp
-- Symlinking: /home/rmsentry/DUST-RM-Sentry/install/global_interface/include/global_interface/global_interface/msg/detail/decision__struct.hpp
-- Symlinking: /home/rmsentry/DUST-RM-Sentry/install/global_interface/include/global_interface/global_interface/msg/detail/decision__traits.hpp
-- Symlinking: /home/rmsentry/DUST-RM-Sentry/install/global_interface/include/global_interface/global_interface/msg/detail/decision__type_support.hpp
-- Symlinking: /home/rmsentry/DUST-RM-Sentry/install/global_interface/include/global_interface/global_interface/msg/detail/detection__builder.hpp
-- Symlinking: /home/rmsentry/DUST-RM-Sentry/install/global_interface/include/global_interface/global_interface/msg/detail/detection__struct.hpp
-- Symlinking: /home/rmsentry/DUST-RM-Sentry/install/global_interface/include/global_interface/global_interface/msg/detail/detection__traits.hpp
-- Symlinking: /home/rmsentry/DUST-RM-Sentry/install/global_interface/include/global_interface/global_interface/msg/detail/detection__type_support.hpp
-- Symlinking: /home/rmsentry/DUST-RM-Sentry/install/global_interface/include/global_interface/global_interface/msg/detail/detection_array__builder.hpp
-- Symlinking: /home/rmsentry/DUST-RM-Sentry/install/global_interface/include/global_interface/global_interface/msg/detail/detection_array__struct.hpp
-- Symlinking: /home/rmsentry/DUST-RM-Sentry/install/global_interface/include/global_interface/global_interface/msg/detail/detection_array__traits.hpp
-- Symlinking: /home/rmsentry/DUST-RM-Sentry/install/global_interface/include/global_interface/global_interface/msg/detail/detection_array__type_support.hpp
-- Symlinking: /home/rmsentry/DUST-RM-Sentry/install/global_interface/include/global_interface/global_interface/msg/detail/game_info__builder.hpp
-- Symlinking: /home/rmsentry/DUST-RM-Sentry/install/global_interface/include/global_interface/global_interface/msg/detail/game_info__struct.hpp
-- Symlinking: /home/rmsentry/DUST-RM-Sentry/install/global_interface/include/global_interface/global_interface/msg/detail/game_info__traits.hpp
-- Symlinking: /home/rmsentry/DUST-RM-Sentry/install/global_interface/include/global_interface/global_interface/msg/detail/game_info__type_support.hpp
-- Symlinking: /home/rmsentry/DUST-RM-Sentry/install/global_interface/include/global_interface/global_interface/msg/detail/mode_set__builder.hpp
-- Symlinking: /home/rmsentry/DUST-RM-Sentry/install/global_interface/include/global_interface/global_interface/msg/detail/mode_set__struct.hpp
-- Symlinking: /home/rmsentry/DUST-RM-Sentry/install/global_interface/include/global_interface/global_interface/msg/detail/mode_set__traits.hpp
-- Symlinking: /home/rmsentry/DUST-RM-Sentry/install/global_interface/include/global_interface/global_interface/msg/detail/mode_set__type_support.hpp
-- Symlinking: /home/rmsentry/DUST-RM-Sentry/install/global_interface/include/global_interface/global_interface/msg/detail/obj_hp__builder.hpp
-- Symlinking: /home/rmsentry/DUST-RM-Sentry/install/global_interface/include/global_interface/global_interface/msg/detail/obj_hp__struct.hpp
-- Symlinking: /home/rmsentry/DUST-RM-Sentry/install/global_interface/include/global_interface/global_interface/msg/detail/obj_hp__traits.hpp
-- Symlinking: /home/rmsentry/DUST-RM-Sentry/install/global_interface/include/global_interface/global_interface/msg/detail/obj_hp__type_support.hpp
-- Symlinking: /home/rmsentry/DUST-RM-Sentry/install/global_interface/include/global_interface/global_interface/msg/detail/point2f__builder.hpp
-- Symlinking: /home/rmsentry/DUST-RM-Sentry/install/global_interface/include/global_interface/global_interface/msg/detail/point2f__struct.hpp
-- Symlinking: /home/rmsentry/DUST-RM-Sentry/install/global_interface/include/global_interface/global_interface/msg/detail/point2f__traits.hpp
-- Symlinking: /home/rmsentry/DUST-RM-Sentry/install/global_interface/include/global_interface/global_interface/msg/detail/point2f__type_support.hpp
-- Symlinking: /home/rmsentry/DUST-RM-Sentry/install/global_interface/include/global_interface/global_interface/msg/detail/serial__builder.hpp
-- Symlinking: /home/rmsentry/DUST-RM-Sentry/install/global_interface/include/global_interface/global_interface/msg/detail/serial__struct.hpp
-- Symlinking: /home/rmsentry/DUST-RM-Sentry/install/global_interface/include/global_interface/global_interface/msg/detail/serial__traits.hpp
-- Symlinking: /home/rmsentry/DUST-RM-Sentry/install/global_interface/include/global_interface/global_interface/msg/detail/serial__type_support.hpp
-- Symlinking: /home/rmsentry/DUST-RM-Sentry/install/global_interface/include/global_interface/global_interface/msg/detail/strike_licensing__builder.hpp
-- Symlinking: /home/rmsentry/DUST-RM-Sentry/install/global_interface/include/global_interface/global_interface/msg/detail/strike_licensing__struct.hpp
-- Symlinking: /home/rmsentry/DUST-RM-Sentry/install/global_interface/include/global_interface/global_interface/msg/detail/strike_licensing__traits.hpp
-- Symlinking: /home/rmsentry/DUST-RM-Sentry/install/global_interface/include/global_interface/global_interface/msg/detail/strike_licensing__type_support.hpp
-- Symlinking: /home/rmsentry/DUST-RM-Sentry/install/global_interface/include/global_interface/global_interface/msg/detection.hpp
-- Symlinking: /home/rmsentry/DUST-RM-Sentry/install/global_interface/include/global_interface/global_interface/msg/detection_array.hpp
-- Symlinking: /home/rmsentry/DUST-RM-Sentry/install/global_interface/include/global_interface/global_interface/msg/game_info.hpp
-- Symlinking: /home/rmsentry/DUST-RM-Sentry/install/global_interface/include/global_interface/global_interface/msg/mode_set.hpp
-- Symlinking: /home/rmsentry/DUST-RM-Sentry/install/global_interface/include/global_interface/global_interface/msg/obj_hp.hpp
-- Symlinking: /home/rmsentry/DUST-RM-Sentry/install/global_interface/include/global_interface/global_interface/msg/point2f.hpp
-- Symlinking: /home/rmsentry/DUST-RM-Sentry/install/global_interface/include/global_interface/global_interface/msg/rosidl_generator_cpp__visibility_control.hpp
-- Symlinking: /home/rmsentry/DUST-RM-Sentry/install/global_interface/include/global_interface/global_interface/msg/serial.hpp
-- Symlinking: /home/rmsentry/DUST-RM-Sentry/install/global_interface/include/global_interface/global_interface/msg/strike_licensing.hpp
-- Symlinking: /home/rmsentry/DUST-RM-Sentry/install/global_interface/include/global_interface/global_interface/msg/detail/autoaim__rosidl_typesupport_fastrtps_cpp.hpp
-- Symlinking: /home/rmsentry/DUST-RM-Sentry/install/global_interface/include/global_interface/global_interface/msg/detail/car_pos__rosidl_typesupport_fastrtps_cpp.hpp
-- Symlinking: /home/rmsentry/DUST-RM-Sentry/install/global_interface/include/global_interface/global_interface/msg/detail/decision__rosidl_typesupport_fastrtps_cpp.hpp
-- Symlinking: /home/rmsentry/DUST-RM-Sentry/install/global_interface/include/global_interface/global_interface/msg/detail/detection__rosidl_typesupport_fastrtps_cpp.hpp
-- Symlinking: /home/rmsentry/DUST-RM-Sentry/install/global_interface/include/global_interface/global_interface/msg/detail/detection_array__rosidl_typesupport_fastrtps_cpp.hpp
-- Symlinking: /home/rmsentry/DUST-RM-Sentry/install/global_interface/include/global_interface/global_interface/msg/detail/game_info__rosidl_typesupport_fastrtps_cpp.hpp
-- Symlinking: /home/rmsentry/DUST-RM-Sentry/install/global_interface/include/global_interface/global_interface/msg/detail/mode_set__rosidl_typesupport_fastrtps_cpp.hpp
-- Symlinking: /home/rmsentry/DUST-RM-Sentry/install/global_interface/include/global_interface/global_interface/msg/detail/obj_hp__rosidl_typesupport_fastrtps_cpp.hpp
-- Symlinking: /home/rmsentry/DUST-RM-Sentry/install/global_interface/include/global_interface/global_interface/msg/detail/point2f__rosidl_typesupport_fastrtps_cpp.hpp
-- Symlinking: /home/rmsentry/DUST-RM-Sentry/install/global_interface/include/global_interface/global_interface/msg/detail/serial__rosidl_typesupport_fastrtps_cpp.hpp
-- Symlinking: /home/rmsentry/DUST-RM-Sentry/install/global_interface/include/global_interface/global_interface/msg/detail/strike_licensing__rosidl_typesupport_fastrtps_cpp.hpp
-- Symlinking: /home/rmsentry/DUST-RM-Sentry/install/global_interface/include/global_interface/global_interface/msg/rosidl_typesupport_fastrtps_cpp__visibility_control.h
-- Symlinking: /home/rmsentry/DUST-RM-Sentry/install/global_interface/include/global_interface/global_interface/msg/detail/autoaim__rosidl_typesupport_introspection_cpp.hpp
-- Symlinking: /home/rmsentry/DUST-RM-Sentry/install/global_interface/include/global_interface/global_interface/msg/detail/car_pos__rosidl_typesupport_introspection_cpp.hpp
-- Symlinking: /home/rmsentry/DUST-RM-Sentry/install/global_interface/include/global_interface/global_interface/msg/detail/decision__rosidl_typesupport_introspection_cpp.hpp
-- Symlinking: /home/rmsentry/DUST-RM-Sentry/install/global_interface/include/global_interface/global_interface/msg/detail/detection__rosidl_typesupport_introspection_cpp.hpp
-- Symlinking: /home/rmsentry/DUST-RM-Sentry/install/global_interface/include/global_interface/global_interface/msg/detail/detection_array__rosidl_typesupport_introspection_cpp.hpp
-- Symlinking: /home/rmsentry/DUST-RM-Sentry/install/global_interface/include/global_interface/global_interface/msg/detail/game_info__rosidl_typesupport_introspection_cpp.hpp
-- Symlinking: /home/rmsentry/DUST-RM-Sentry/install/global_interface/include/global_interface/global_interface/msg/detail/mode_set__rosidl_typesupport_introspection_cpp.hpp
-- Symlinking: /home/rmsentry/DUST-RM-Sentry/install/global_interface/include/global_interface/global_interface/msg/detail/obj_hp__rosidl_typesupport_introspection_cpp.hpp
-- Symlinking: /home/rmsentry/DUST-RM-Sentry/install/global_interface/include/global_interface/global_interface/msg/detail/point2f__rosidl_typesupport_introspection_cpp.hpp
-- Symlinking: /home/rmsentry/DUST-RM-Sentry/install/global_interface/include/global_interface/global_interface/msg/detail/serial__rosidl_typesupport_introspection_cpp.hpp
-- Symlinking: /home/rmsentry/DUST-RM-Sentry/install/global_interface/include/global_interface/global_interface/msg/detail/strike_licensing__rosidl_typesupport_introspection_cpp.hpp
-- Symlinking: /home/rmsentry/DUST-RM-Sentry/install/global_interface/share/global_interface/environment/pythonpath.sh
-- Symlinking: /home/rmsentry/DUST-RM-Sentry/install/global_interface/share/global_interface/environment/pythonpath.dsv
-- Symlinking: /home/rmsentry/DUST-RM-Sentry/install/global_interface/local/lib/python3.10/dist-packages/global_interface-0.0.0-py3.10.egg-info/PKG-INFO
-- Symlinking: /home/rmsentry/DUST-RM-Sentry/install/global_interface/local/lib/python3.10/dist-packages/global_interface-0.0.0-py3.10.egg-info/SOURCES.txt
-- Symlinking: /home/rmsentry/DUST-RM-Sentry/install/global_interface/local/lib/python3.10/dist-packages/global_interface-0.0.0-py3.10.egg-info/dependency_links.txt
-- Symlinking: /home/rmsentry/DUST-RM-Sentry/install/global_interface/local/lib/python3.10/dist-packages/global_interface-0.0.0-py3.10.egg-info/top_level.txt
-- Symlinking: /home/rmsentry/DUST-RM-Sentry/install/global_interface/local/lib/python3.10/dist-packages/global_interface/__init__.py
-- Symlinking: /home/rmsentry/DUST-RM-Sentry/install/global_interface/local/lib/python3.10/dist-packages/global_interface/_global_interface_s.ep.rosidl_typesupport_c.c
-- Symlinking: /home/rmsentry/DUST-RM-Sentry/install/global_interface/local/lib/python3.10/dist-packages/global_interface/_global_interface_s.ep.rosidl_typesupport_fastrtps_c.c
-- Symlinking: /home/rmsentry/DUST-RM-Sentry/install/global_interface/local/lib/python3.10/dist-packages/global_interface/_global_interface_s.ep.rosidl_typesupport_introspection_c.c
-- Symlinking: /home/rmsentry/DUST-RM-Sentry/install/global_interface/local/lib/python3.10/dist-packages/global_interface/global_interface_s__rosidl_typesupport_c.cpython-310-x86_64-linux-gnu.so
-- Symlinking: /home/rmsentry/DUST-RM-Sentry/install/global_interface/local/lib/python3.10/dist-packages/global_interface/global_interface_s__rosidl_typesupport_fastrtps_c.cpython-310-x86_64-linux-gnu.so
-- Symlinking: /home/rmsentry/DUST-RM-Sentry/install/global_interface/local/lib/python3.10/dist-packages/global_interface/global_interface_s__rosidl_typesupport_introspection_c.cpython-310-x86_64-linux-gnu.so
-- Symlinking: /home/rmsentry/DUST-RM-Sentry/install/global_interface/local/lib/python3.10/dist-packages/global_interface/libglobal_interface__rosidl_generator_py.so
-- Symlinking: /home/rmsentry/DUST-RM-Sentry/install/global_interface/local/lib/python3.10/dist-packages/global_interface/msg/__init__.py
-- Symlinking: /home/rmsentry/DUST-RM-Sentry/install/global_interface/local/lib/python3.10/dist-packages/global_interface/msg/_autoaim.py
-- Symlinking: /home/rmsentry/DUST-RM-Sentry/install/global_interface/local/lib/python3.10/dist-packages/global_interface/msg/_autoaim_s.c
-- Symlinking: /home/rmsentry/DUST-RM-Sentry/install/global_interface/local/lib/python3.10/dist-packages/global_interface/msg/_car_pos.py
-- Symlinking: /home/rmsentry/DUST-RM-Sentry/install/global_interface/local/lib/python3.10/dist-packages/global_interface/msg/_car_pos_s.c
-- Symlinking: /home/rmsentry/DUST-RM-Sentry/install/global_interface/local/lib/python3.10/dist-packages/global_interface/msg/_decision.py
-- Symlinking: /home/rmsentry/DUST-RM-Sentry/install/global_interface/local/lib/python3.10/dist-packages/global_interface/msg/_decision_s.c
-- Symlinking: /home/rmsentry/DUST-RM-Sentry/install/global_interface/local/lib/python3.10/dist-packages/global_interface/msg/_detection.py
-- Symlinking: /home/rmsentry/DUST-RM-Sentry/install/global_interface/local/lib/python3.10/dist-packages/global_interface/msg/_detection_array.py
-- Symlinking: /home/rmsentry/DUST-RM-Sentry/install/global_interface/local/lib/python3.10/dist-packages/global_interface/msg/_detection_array_s.c
-- Symlinking: /home/rmsentry/DUST-RM-Sentry/install/global_interface/local/lib/python3.10/dist-packages/global_interface/msg/_detection_s.c
-- Symlinking: /home/rmsentry/DUST-RM-Sentry/install/global_interface/local/lib/python3.10/dist-packages/global_interface/msg/_game_info.py
-- Symlinking: /home/rmsentry/DUST-RM-Sentry/install/global_interface/local/lib/python3.10/dist-packages/global_interface/msg/_game_info_s.c
-- Symlinking: /home/rmsentry/DUST-RM-Sentry/install/global_interface/local/lib/python3.10/dist-packages/global_interface/msg/_mode_set.py
-- Symlinking: /home/rmsentry/DUST-RM-Sentry/install/global_interface/local/lib/python3.10/dist-packages/global_interface/msg/_mode_set_s.c
-- Symlinking: /home/rmsentry/DUST-RM-Sentry/install/global_interface/local/lib/python3.10/dist-packages/global_interface/msg/_obj_hp.py
-- Symlinking: /home/rmsentry/DUST-RM-Sentry/install/global_interface/local/lib/python3.10/dist-packages/global_interface/msg/_obj_hp_s.c
-- Symlinking: /home/rmsentry/DUST-RM-Sentry/install/global_interface/local/lib/python3.10/dist-packages/global_interface/msg/_point2f.py
-- Symlinking: /home/rmsentry/DUST-RM-Sentry/install/global_interface/local/lib/python3.10/dist-packages/global_interface/msg/_point2f_s.c
-- Symlinking: /home/rmsentry/DUST-RM-Sentry/install/global_interface/local/lib/python3.10/dist-packages/global_interface/msg/_serial.py
-- Symlinking: /home/rmsentry/DUST-RM-Sentry/install/global_interface/local/lib/python3.10/dist-packages/global_interface/msg/_serial_s.c
-- Symlinking: /home/rmsentry/DUST-RM-Sentry/install/global_interface/local/lib/python3.10/dist-packages/global_interface/msg/_strike_licensing.py
-- Symlinking: /home/rmsentry/DUST-RM-Sentry/install/global_interface/local/lib/python3.10/dist-packages/global_interface/msg/_strike_licensing_s.c
-- Up-to-date symlink: /home/rmsentry/DUST-RM-Sentry/install/global_interface/local/lib/python3.10/dist-packages/global_interface/global_interface_s__rosidl_typesupport_fastrtps_c.cpython-310-x86_64-linux-gnu.so
-- Up-to-date symlink: /home/rmsentry/DUST-RM-Sentry/install/global_interface/local/lib/python3.10/dist-packages/global_interface/global_interface_s__rosidl_typesupport_introspection_c.cpython-310-x86_64-linux-gnu.so
-- Up-to-date symlink: /home/rmsentry/DUST-RM-Sentry/install/global_interface/local/lib/python3.10/dist-packages/global_interface/global_interface_s__rosidl_typesupport_c.cpython-310-x86_64-linux-gnu.so
-- Symlinking: /home/rmsentry/DUST-RM-Sentry/install/global_interface/share/global_interface/msg/ObjHP.idl
-- Symlinking: /home/rmsentry/DUST-RM-Sentry/install/global_interface/share/global_interface/msg/CarPos.idl
-- Symlinking: /home/rmsentry/DUST-RM-Sentry/install/global_interface/share/global_interface/msg/GameInfo.idl
-- Symlinking: /home/rmsentry/DUST-RM-Sentry/install/global_interface/share/global_interface/msg/Point2f.idl
-- Symlinking: /home/rmsentry/DUST-RM-Sentry/install/global_interface/share/global_interface/msg/Serial.idl
-- Symlinking: /home/rmsentry/DUST-RM-Sentry/install/global_interface/share/global_interface/msg/Detection.idl
-- Symlinking: /home/rmsentry/DUST-RM-Sentry/install/global_interface/share/global_interface/msg/DetectionArray.idl
-- Symlinking: /home/rmsentry/DUST-RM-Sentry/install/global_interface/share/global_interface/msg/Decision.idl
-- Symlinking: /home/rmsentry/DUST-RM-Sentry/install/global_interface/share/global_interface/msg/Autoaim.idl
-- Symlinking: /home/rmsentry/DUST-RM-Sentry/install/global_interface/share/global_interface/msg/ModeSet.idl
-- Symlinking: /home/rmsentry/DUST-RM-Sentry/install/global_interface/share/global_interface/msg/StrikeLicensing.idl
-- Symlinking: /home/rmsentry/DUST-RM-Sentry/install/global_interface/share/global_interface/msg/ObjHP.msg
-- Symlinking: /home/rmsentry/DUST-RM-Sentry/install/global_interface/share/global_interface/msg/CarPos.msg
-- Symlinking: /home/rmsentry/DUST-RM-Sentry/install/global_interface/share/global_interface/msg/GameInfo.msg
-- Symlinking: /home/rmsentry/DUST-RM-Sentry/install/global_interface/share/global_interface/msg/Point2f.msg
-- Symlinking: /home/rmsentry/DUST-RM-Sentry/install/global_interface/share/global_interface/msg/Serial.msg
-- Symlinking: /home/rmsentry/DUST-RM-Sentry/install/global_interface/share/global_interface/msg/Detection.msg
-- Symlinking: /home/rmsentry/DUST-RM-Sentry/install/global_interface/share/global_interface/msg/DetectionArray.msg
-- Symlinking: /home/rmsentry/DUST-RM-Sentry/install/global_interface/share/global_interface/msg/Decision.msg
-- Symlinking: /home/rmsentry/DUST-RM-Sentry/install/global_interface/share/global_interface/msg/Autoaim.msg
-- Symlinking: /home/rmsentry/DUST-RM-Sentry/install/global_interface/share/global_interface/msg/ModeSet.msg
-- Symlinking: /home/rmsentry/DUST-RM-Sentry/install/global_interface/share/global_interface/msg/StrikeLicensing.msg
-- Symlinking: /home/rmsentry/DUST-RM-Sentry/install/global_interface/share/ament_index/resource_index/package_run_dependencies/global_interface
-- Symlinking: /home/rmsentry/DUST-RM-Sentry/install/global_interface/share/ament_index/resource_index/parent_prefix_path/global_interface
-- Symlinking: /home/rmsentry/DUST-RM-Sentry/install/global_interface/share/global_interface/environment/ament_prefix_path.sh
-- Symlinking: /home/rmsentry/DUST-RM-Sentry/install/global_interface/share/global_interface/environment/ament_prefix_path.dsv
-- Symlinking: /home/rmsentry/DUST-RM-Sentry/install/global_interface/share/global_interface/environment/path.sh
-- Symlinking: /home/rmsentry/DUST-RM-Sentry/install/global_interface/share/global_interface/environment/path.dsv
-- Symlinking: /home/rmsentry/DUST-RM-Sentry/install/global_interface/share/global_interface/local_setup.bash
-- Symlinking: /home/rmsentry/DUST-RM-Sentry/install/global_interface/share/global_interface/local_setup.sh
-- Symlinking: /home/rmsentry/DUST-RM-Sentry/install/global_interface/share/global_interface/local_setup.zsh
-- Symlinking: /home/rmsentry/DUST-RM-Sentry/install/global_interface/share/global_interface/local_setup.dsv
-- Symlinking: /home/rmsentry/DUST-RM-Sentry/install/global_interface/share/global_interface/package.dsv
-- Symlinking: /home/rmsentry/DUST-RM-Sentry/install/global_interface/share/ament_index/resource_index/packages/global_interface
-- Symlinking: /home/rmsentry/DUST-RM-Sentry/install/global_interface/share/global_interface/cmake/rosidl_cmake-extras.cmake
-- Symlinking: /home/rmsentry/DUST-RM-Sentry/install/global_interface/share/global_interface/cmake/ament_cmake_export_dependencies-extras.cmake
-- Symlinking: /home/rmsentry/DUST-RM-Sentry/install/global_interface/share/global_interface/cmake/ament_cmake_export_include_directories-extras.cmake
-- Symlinking: /home/rmsentry/DUST-RM-Sentry/install/global_interface/share/global_interface/cmake/ament_cmake_export_libraries-extras.cmake
-- Symlinking: /home/rmsentry/DUST-RM-Sentry/install/global_interface/share/global_interface/cmake/ament_cmake_export_targets-extras.cmake
-- Symlinking: /home/rmsentry/DUST-RM-Sentry/install/global_interface/share/global_interface/cmake/rosidl_cmake_export_typesupport_targets-extras.cmake
-- Symlinking: /home/rmsentry/DUST-RM-Sentry/install/global_interface/share/global_interface/cmake/rosidl_cmake_export_typesupport_libraries-extras.cmake
-- Symlinking: /home/rmsentry/DUST-RM-Sentry/install/global_interface/share/global_interface/cmake/global_interfaceConfig.cmake
-- Symlinking: /home/rmsentry/DUST-RM-Sentry/install/global_interface/share/global_interface/cmake/global_interfaceConfig-version.cmake
-- Symlinking: /home/rmsentry/DUST-RM-Sentry/install/global_interface/share/global_interface/package.xml
-- Installing: /home/rmsentry/DUST-RM-Sentry/install/global_interface/lib/libglobal_interface__rosidl_generator_c.so
-- Set non-toolchain portion of runtime path of "/home/rmsentry/DUST-RM-Sentry/install/global_interface/lib/libglobal_interface__rosidl_generator_c.so" to ""
-- Installing: /home/rmsentry/DUST-RM-Sentry/install/global_interface/lib/libglobal_interface__rosidl_typesupport_fastrtps_c.so
-- Set non-toolchain portion of runtime path of "/home/rmsentry/DUST-RM-Sentry/install/global_interface/lib/libglobal_interface__rosidl_typesupport_fastrtps_c.so" to ""
-- Installing: /home/rmsentry/DUST-RM-Sentry/install/global_interface/lib/libglobal_interface__rosidl_typesupport_introspection_c.so
-- Set non-toolchain portion of runtime path of "/home/rmsentry/DUST-RM-Sentry/install/global_interface/lib/libglobal_interface__rosidl_typesupport_introspection_c.so" to ""
-- Installing: /home/rmsentry/DUST-RM-Sentry/install/global_interface/lib/libglobal_interface__rosidl_typesupport_c.so
-- Set non-toolchain portion of runtime path of "/home/rmsentry/DUST-RM-Sentry/install/global_interface/lib/libglobal_interface__rosidl_typesupport_c.so" to ""
-- Installing: /home/rmsentry/DUST-RM-Sentry/install/global_interface/lib/libglobal_interface__rosidl_typesupport_fastrtps_cpp.so
-- Set non-toolchain portion of runtime path of "/home/rmsentry/DUST-RM-Sentry/install/global_interface/lib/libglobal_interface__rosidl_typesupport_fastrtps_cpp.so" to ""
-- Installing: /home/rmsentry/DUST-RM-Sentry/install/global_interface/lib/libglobal_interface__rosidl_typesupport_introspection_cpp.so
-- Set non-toolchain portion of runtime path of "/home/rmsentry/DUST-RM-Sentry/install/global_interface/lib/libglobal_interface__rosidl_typesupport_introspection_cpp.so" to ""
-- Installing: /home/rmsentry/DUST-RM-Sentry/install/global_interface/lib/libglobal_interface__rosidl_typesupport_cpp.so
-- Set non-toolchain portion of runtime path of "/home/rmsentry/DUST-RM-Sentry/install/global_interface/lib/libglobal_interface__rosidl_typesupport_cpp.so" to ""
Listing '/home/rmsentry/DUST-RM-Sentry/install/global_interface/local/lib/python3.10/dist-packages/global_interface'...
Compiling '/home/rmsentry/DUST-RM-Sentry/install/global_interface/local/lib/python3.10/dist-packages/global_interface/__init__.py'...
Listing '/home/rmsentry/DUST-RM-Sentry/install/global_interface/local/lib/python3.10/dist-packages/global_interface/msg'...
Compiling '/home/rmsentry/DUST-RM-Sentry/install/global_interface/local/lib/python3.10/dist-packages/global_interface/msg/__init__.py'...
Compiling '/home/rmsentry/DUST-RM-Sentry/install/global_interface/local/lib/python3.10/dist-packages/global_interface/msg/_autoaim.py'...
Compiling '/home/rmsentry/DUST-RM-Sentry/install/global_interface/local/lib/python3.10/dist-packages/global_interface/msg/_car_pos.py'...
Compiling '/home/rmsentry/DUST-RM-Sentry/install/global_interface/local/lib/python3.10/dist-packages/global_interface/msg/_decision.py'...
Compiling '/home/rmsentry/DUST-RM-Sentry/install/global_interface/local/lib/python3.10/dist-packages/global_interface/msg/_detection.py'...
Compiling '/home/rmsentry/DUST-RM-Sentry/install/global_interface/local/lib/python3.10/dist-packages/global_interface/msg/_detection_array.py'...
Compiling '/home/rmsentry/DUST-RM-Sentry/install/global_interface/local/lib/python3.10/dist-packages/global_interface/msg/_game_info.py'...
Compiling '/home/rmsentry/DUST-RM-Sentry/install/global_interface/local/lib/python3.10/dist-packages/global_interface/msg/_mode_set.py'...
Compiling '/home/rmsentry/DUST-RM-Sentry/install/global_interface/local/lib/python3.10/dist-packages/global_interface/msg/_obj_hp.py'...
Compiling '/home/rmsentry/DUST-RM-Sentry/install/global_interface/local/lib/python3.10/dist-packages/global_interface/msg/_point2f.py'...
Compiling '/home/rmsentry/DUST-RM-Sentry/install/global_interface/local/lib/python3.10/dist-packages/global_interface/msg/_serial.py'...
Compiling '/home/rmsentry/DUST-RM-Sentry/install/global_interface/local/lib/python3.10/dist-packages/global_interface/msg/_strike_licensing.py'...
-- Installing: /home/rmsentry/DUST-RM-Sentry/install/global_interface/lib/libglobal_interface__rosidl_generator_py.so
-- Set non-toolchain portion of runtime path of "/home/rmsentry/DUST-RM-Sentry/install/global_interface/lib/libglobal_interface__rosidl_generator_py.so" to ""
-- Installing: /home/rmsentry/DUST-RM-Sentry/install/global_interface/share/global_interface/cmake/export_global_interface__rosidl_generator_cExport.cmake
-- Installing: /home/rmsentry/DUST-RM-Sentry/install/global_interface/share/global_interface/cmake/export_global_interface__rosidl_generator_cExport-noconfig.cmake
-- Installing: /home/rmsentry/DUST-RM-Sentry/install/global_interface/share/global_interface/cmake/export_global_interface__rosidl_typesupport_fastrtps_cExport.cmake
-- Installing: /home/rmsentry/DUST-RM-Sentry/install/global_interface/share/global_interface/cmake/export_global_interface__rosidl_typesupport_fastrtps_cExport-noconfig.cmake
-- Installing: /home/rmsentry/DUST-RM-Sentry/install/global_interface/share/global_interface/cmake/global_interface__rosidl_typesupport_introspection_cExport.cmake
-- Installing: /home/rmsentry/DUST-RM-Sentry/install/global_interface/share/global_interface/cmake/global_interface__rosidl_typesupport_introspection_cExport-noconfig.cmake
-- Installing: /home/rmsentry/DUST-RM-Sentry/install/global_interface/share/global_interface/cmake/global_interface__rosidl_typesupport_cExport.cmake
-- Installing: /home/rmsentry/DUST-RM-Sentry/install/global_interface/share/global_interface/cmake/global_interface__rosidl_typesupport_cExport-noconfig.cmake
-- Installing: /home/rmsentry/DUST-RM-Sentry/install/global_interface/share/global_interface/cmake/export_global_interface__rosidl_generator_cppExport.cmake
-- Installing: /home/rmsentry/DUST-RM-Sentry/install/global_interface/share/global_interface/cmake/export_global_interface__rosidl_typesupport_fastrtps_cppExport.cmake
-- Installing: /home/rmsentry/DUST-RM-Sentry/install/global_interface/share/global_interface/cmake/export_global_interface__rosidl_typesupport_fastrtps_cppExport-noconfig.cmake
-- Installing: /home/rmsentry/DUST-RM-Sentry/install/global_interface/share/global_interface/cmake/global_interface__rosidl_typesupport_introspection_cppExport.cmake
-- Installing: /home/rmsentry/DUST-RM-Sentry/install/global_interface/share/global_interface/cmake/global_interface__rosidl_typesupport_introspection_cppExport-noconfig.cmake
-- Installing: /home/rmsentry/DUST-RM-Sentry/install/global_interface/share/global_interface/cmake/global_interface__rosidl_typesupport_cppExport.cmake
-- Installing: /home/rmsentry/DUST-RM-Sentry/install/global_interface/share/global_interface/cmake/global_interface__rosidl_typesupport_cppExport-noconfig.cmake
-- Installing: /home/rmsentry/DUST-RM-Sentry/install/global_interface/share/global_interface/cmake/export_global_interface__rosidl_generator_pyExport.cmake
-- Installing: /home/rmsentry/DUST-RM-Sentry/install/global_interface/share/global_interface/cmake/export_global_interface__rosidl_generator_pyExport-noconfig.cmake
