[0.025s] Invoking command in '/home/rmsentry/DUST-RM-Sentry/build/global_interface': CMAKE_PREFIX_PATH=${CMAKE_PREFIX_PATH}:/home/rmsentry/DUST-RM-Sentry/install/rm_decision:/home/rmsentry/DUST-RM-Sentry/install/fake_msg_publisher:/opt/ros/humble /usr/local/bin/cmake /home/rmsentry/DUST-RM-Sentry/src/global_interface -DAMENT_CMAKE_SYMLINK_INSTALL=1 -DCMAKE_INSTALL_PREFIX=/home/rmsentry/DUST-RM-Sentry/install/global_interface
[0.101s] -- The C compiler identification is GNU 11.4.0
[0.182s] -- The CXX compiler identification is GNU 11.4.0
[0.193s] -- Detecting C compiler ABI info
[0.292s] -- Detecting C compiler ABI info - done
[0.318s] -- Check for working C compiler: /usr/bin/cc - skipped
[0.318s] -- Detecting C compile features
[0.319s] -- Detecting C compile features - done
[0.323s] -- Detecting CXX compiler ABI info
[0.422s] -- Detecting CXX compiler ABI info - done
[0.452s] -- Check for working CXX compiler: /usr/bin/c++ - skipped
[0.452s] -- Detecting CXX compile features
[0.453s] -- Detecting CXX compile features - done
[0.455s] -- Found ament_cmake: 1.3.12 (/opt/ros/humble/share/ament_cmake/cmake)
[0.658s] -- Found Python3: /usr/bin/python3 (found version "3.10.12") found components: Interpreter
[0.748s] -- Override CMake install command with custom implementation using symlinks instead of copying resources
[0.809s] -- Found rosidl_default_generators: 1.2.0 (/opt/ros/humble/share/rosidl_default_generators/cmake)
[0.824s] -- Using all available rosidl_typesupport_c: rosidl_typesupport_fastrtps_c;rosidl_typesupport_introspection_c
[0.835s] -- Found rosidl_adapter: 3.1.7 (/opt/ros/humble/share/rosidl_adapter/cmake)
[0.911s] -- Using all available rosidl_typesupport_cpp: rosidl_typesupport_fastrtps_cpp;rosidl_typesupport_introspection_cpp
[0.974s] -- Found builtin_interfaces: 1.2.2 (/opt/ros/humble/share/builtin_interfaces/cmake)
[0.995s] -- Found rclcpp: 16.0.14 (/opt/ros/humble/share/rclcpp/cmake)
[1.078s] -- Found rmw_implementation_cmake: 6.1.2 (/opt/ros/humble/share/rmw_implementation_cmake/cmake)
[1.085s] -- Found rmw_fastrtps_cpp: 6.2.8 (/opt/ros/humble/share/rmw_fastrtps_cpp/cmake)
[1.226s] -- Found OpenSSL: /usr/lib/x86_64-linux-gnu/libcrypto.so (found version "3.0.2")
[1.272s] -- Found FastRTPS: /opt/ros/humble/include
[1.337s] -- Using RMW implementation 'rmw_fastrtps_cpp' as default
[1.348s] -- Performing Test CMAKE_HAVE_LIBC_PTHREAD
[1.436s] -- Performing Test CMAKE_HAVE_LIBC_PTHREAD - Success
[1.445s] -- Found Threads: TRUE
[1.541s] -- Found geometry_msgs: 4.9.0 (/opt/ros/humble/share/geometry_msgs/cmake)
[1.575s] -- Found sensor_msgs: 4.9.0 (/opt/ros/humble/share/sensor_msgs/cmake)
[1.601s] -- Found ament_lint_auto: 0.12.14 (/opt/ros/humble/share/ament_lint_auto/cmake)
[2.828s] -- Found ament_cmake_ros: 0.10.0 (/opt/ros/humble/share/ament_cmake_ros/cmake)
[4.323s] -- Using all available rosidl_typesupport_c: rosidl_typesupport_fastrtps_c;rosidl_typesupport_introspection_c
[6.238s] -- Using all available rosidl_typesupport_cpp: rosidl_typesupport_fastrtps_cpp;rosidl_typesupport_introspection_cpp
[6.248s] [33mCMake Warning (dev) at /opt/ros/humble/share/rosidl_generator_py/cmake/rosidl_generator_py_generate_interfaces.cmake:20 (find_package):
[6.248s]   Policy CMP0148 is not set: The FindPythonInterp and FindPythonLibs modules
[6.248s]   are removed.  Run "cmake --help-policy CMP0148" for policy details.  Use
[6.248s]   the cmake_policy command to set the policy and suppress this warning.
[6.248s] 
[6.248s] Call Stack (most recent call first):
[6.248s]   /opt/ros/humble/share/ament_cmake_core/cmake/core/ament_execute_extensions.cmake:48 (include)
[6.248s]   /opt/ros/humble/share/rosidl_cmake/cmake/rosidl_generate_interfaces.cmake:286 (ament_execute_extensions)
[6.248s]   CMakeLists.txt:31 (rosidl_generate_interfaces)
[6.248s] This warning is for project developers.  Use -Wno-dev to suppress it.
[6.248s] [0m
[6.299s] -- Found PythonInterp: /usr/bin/python3 (found suitable version "3.10.12", minimum required is "3.6")
[6.300s] [33mCMake Warning (dev) at /opt/ros/humble/share/python_cmake_module/cmake/Modules/FindPythonExtra.cmake:52 (find_package):
[6.300s] -- Found python_cmake_module: 0.10.0 (/opt/ros/humble/share/python_cmake_module/cmake)
[6.301s]   Policy CMP0148 is not set: The FindPythonInterp and FindPythonLibs modules
[6.302s]   are removed.  Run "cmake --help-policy CMP0148" for policy details.  Use
[6.302s]   the cmake_policy command to set the policy and suppress this warning.
[6.302s] 
[6.302s] Call Stack (most recent call first):
[6.302s]   /opt/ros/humble/share/rosidl_generator_py/cmake/rosidl_generator_py_generate_interfaces.cmake:23 (find_package)
[6.302s]   /opt/ros/humble/share/ament_cmake_core/cmake/core/ament_execute_extensions.cmake:48 (include)
[6.302s]   /opt/ros/humble/share/rosidl_cmake/cmake/rosidl_generate_interfaces.cmake:286 (ament_execute_extensions)
[6.302s]   CMakeLists.txt:31 (rosidl_generate_interfaces)
[6.302s] This warning is for project developers.  Use -Wno-dev to suppress it.
[6.302s] [0m
[6.359s] [33mCMake Warning (dev) at /opt/ros/humble/share/python_cmake_module/cmake/Modules/FindPythonExtra.cmake:140 (find_package):
[6.359s]   Policy CMP0148 is not set: The FindPythonInterp and FindPythonLibs modules
[6.359s]   are removed.  Run "cmake --help-policy CMP0148" for policy details.  Use
[6.359s]   the cmake_policy command to set the policy and suppress this warning.
[6.359s] 
[6.359s] Call Stack (most recent call first):
[6.359s]   /opt/ros/humble/share/rosidl_generator_py/cmake/rosidl_generator_py_generate_interfaces.cmake:23 (find_package)
[6.359s]   /opt/ros/humble/share/ament_cmake_core/cmake/core/ament_execute_extensions.cmake:48 (include)
[6.359s]   /opt/ros/humble/share/rosidl_cmake/cmake/rosidl_generate_interfaces.cmake:286 (ament_execute_extensions)
[6.359s]   CMakeLists.txt:31 (rosidl_generate_interfaces)
[6.359s] This warning is for project developers.  Use -Wno-dev to suppress it.
[6.359s] [0m
[6.384s] -- Found PythonLibs: /usr/lib/x86_64-linux-gnu/libpython3.10.so (found suitable version "3.10.12", minimum required is "3.5")
[6.385s] -- Using PYTHON_EXECUTABLE: /usr/bin/python3
[6.387s] -- Using PYTHON_INCLUDE_DIRS: /usr/include/python3.10
[6.387s] -- Using PYTHON_LIBRARIES: /usr/lib/x86_64-linux-gnu/libpython3.10.so
[6.444s] -- Found PythonExtra: .so
[6.891s] -- Added test 'copyright' to check source files copyright and LICENSE
[6.912s] -- Added test 'lint_cmake' to check CMake code style
[6.917s] -- Added test 'xmllint' to check XML markup files
[6.944s] -- Configuring done (6.9s)
[7.187s] -- Generating done (0.2s)
[7.235s] -- Build files have been written to: /home/rmsentry/DUST-RM-Sentry/build/global_interface
[7.294s] Invoked command in '/home/rmsentry/DUST-RM-Sentry/build/global_interface' returned '0': CMAKE_PREFIX_PATH=${CMAKE_PREFIX_PATH}:/home/rmsentry/DUST-RM-Sentry/install/rm_decision:/home/rmsentry/DUST-RM-Sentry/install/fake_msg_publisher:/opt/ros/humble /usr/local/bin/cmake /home/rmsentry/DUST-RM-Sentry/src/global_interface -DAMENT_CMAKE_SYMLINK_INSTALL=1 -DCMAKE_INSTALL_PREFIX=/home/rmsentry/DUST-RM-Sentry/install/global_interface
[7.294s] Invoking command in '/home/rmsentry/DUST-RM-Sentry/build/global_interface': CMAKE_PREFIX_PATH=${CMAKE_PREFIX_PATH}:/home/rmsentry/DUST-RM-Sentry/install/rm_decision:/home/rmsentry/DUST-RM-Sentry/install/fake_msg_publisher:/opt/ros/humble /usr/local/bin/cmake --build /home/rmsentry/DUST-RM-Sentry/build/global_interface -- -j12 -l12
[15.661s] [  1%] [34m[1mGenerating C code for ROS interfaces[0m
[15.661s] [  1%] [34m[1mGenerating C++ code for ROS interfaces[0m
[15.661s] [  1%] Built target ament_cmake_python_symlink_global_interface
[15.661s] running egg_info
[15.661s] creating global_interface.egg-info
[15.661s] writing global_interface.egg-info/PKG-INFO
[15.661s] writing dependency_links to global_interface.egg-info/dependency_links.txt
[15.661s] writing top-level names to global_interface.egg-info/top_level.txt
[15.661s] writing manifest file 'global_interface.egg-info/SOURCES.txt'
[15.662s] reading manifest file 'global_interface.egg-info/SOURCES.txt'
[15.662s] writing manifest file 'global_interface.egg-info/SOURCES.txt'
[15.662s] [  1%] Built target ament_cmake_python_build_global_interface_egg
[15.662s] [  1%] Built target global_interface__cpp
[15.662s] [  2%] [34m[1mGenerating C++ type support dispatch for ROS interfaces[0m
[15.662s] [  3%] [34m[1mGenerating C++ introspection for ROS interfaces[0m
[15.662s] [  3%] [34m[1mGenerating C++ type support for eProsima Fast-RTPS[0m
[15.662s] [  4%] [32mBuilding CXX object CMakeFiles/global_interface__rosidl_typesupport_cpp.dir/rosidl_typesupport_cpp/global_interface/msg/obj_hp__type_support.cpp.o[0m
[15.662s] [  5%] [32mBuilding CXX object CMakeFiles/global_interface__rosidl_typesupport_cpp.dir/rosidl_typesupport_cpp/global_interface/msg/game_info__type_support.cpp.o[0m
[15.662s] [  6%] [32mBuilding CXX object CMakeFiles/global_interface__rosidl_typesupport_cpp.dir/rosidl_typesupport_cpp/global_interface/msg/car_pos__type_support.cpp.o[0m
[15.662s] [  7%] [32mBuilding CXX object CMakeFiles/global_interface__rosidl_typesupport_cpp.dir/rosidl_typesupport_cpp/global_interface/msg/serial__type_support.cpp.o[0m
[15.662s] [  8%] [32mBuilding CXX object CMakeFiles/global_interface__rosidl_typesupport_cpp.dir/rosidl_typesupport_cpp/global_interface/msg/point2f__type_support.cpp.o[0m
[15.662s] [  9%] [32mBuilding CXX object CMakeFiles/global_interface__rosidl_typesupport_cpp.dir/rosidl_typesupport_cpp/global_interface/msg/detection__type_support.cpp.o[0m
[15.663s] [ 10%] [32mBuilding CXX object CMakeFiles/global_interface__rosidl_typesupport_cpp.dir/rosidl_typesupport_cpp/global_interface/msg/detection_array__type_support.cpp.o[0m
[15.663s] [ 10%] [32mBuilding CXX object CMakeFiles/global_interface__rosidl_typesupport_cpp.dir/rosidl_typesupport_cpp/global_interface/msg/decision__type_support.cpp.o[0m
[15.663s] [ 11%] [32mBuilding CXX object CMakeFiles/global_interface__rosidl_typesupport_cpp.dir/rosidl_typesupport_cpp/global_interface/msg/autoaim__type_support.cpp.o[0m
[15.663s] [ 12%] [32mBuilding CXX object CMakeFiles/global_interface__rosidl_typesupport_cpp.dir/rosidl_typesupport_cpp/global_interface/msg/mode_set__type_support.cpp.o[0m
[15.663s] [ 13%] [32mBuilding CXX object CMakeFiles/global_interface__rosidl_typesupport_cpp.dir/rosidl_typesupport_cpp/global_interface/msg/strike_licensing__type_support.cpp.o[0m
[15.663s] [ 14%] [32mBuilding CXX object CMakeFiles/global_interface__rosidl_typesupport_introspection_cpp.dir/rosidl_typesupport_introspection_cpp/global_interface/msg/detail/obj_hp__type_support.cpp.o[0m
[15.663s] [ 14%] [32mBuilding CXX object CMakeFiles/global_interface__rosidl_typesupport_introspection_cpp.dir/rosidl_typesupport_introspection_cpp/global_interface/msg/detail/car_pos__type_support.cpp.o[0m
[15.663s] [ 15%] [32mBuilding CXX object CMakeFiles/global_interface__rosidl_typesupport_introspection_cpp.dir/rosidl_typesupport_introspection_cpp/global_interface/msg/detail/game_info__type_support.cpp.o[0m
[15.663s] [ 16%] [32mBuilding CXX object CMakeFiles/global_interface__rosidl_typesupport_introspection_cpp.dir/rosidl_typesupport_introspection_cpp/global_interface/msg/detail/point2f__type_support.cpp.o[0m
[15.663s] [ 17%] [32mBuilding CXX object CMakeFiles/global_interface__rosidl_typesupport_introspection_cpp.dir/rosidl_typesupport_introspection_cpp/global_interface/msg/detail/serial__type_support.cpp.o[0m
[15.663s] [ 18%] [32mBuilding CXX object CMakeFiles/global_interface__rosidl_typesupport_introspection_cpp.dir/rosidl_typesupport_introspection_cpp/global_interface/msg/detail/detection__type_support.cpp.o[0m
[15.663s] [ 19%] [32mBuilding C object CMakeFiles/global_interface__rosidl_generator_c.dir/rosidl_generator_c/global_interface/msg/detail/obj_hp__functions.c.o[0m
[15.663s] [ 20%] [32mBuilding C object CMakeFiles/global_interface__rosidl_generator_c.dir/rosidl_generator_c/global_interface/msg/detail/car_pos__functions.c.o[0m
[15.663s] [ 21%] [32mBuilding C object CMakeFiles/global_interface__rosidl_generator_c.dir/rosidl_generator_c/global_interface/msg/detail/game_info__functions.c.o[0m
[15.663s] [ 22%] [32mBuilding CXX object CMakeFiles/global_interface__rosidl_typesupport_introspection_cpp.dir/rosidl_typesupport_introspection_cpp/global_interface/msg/detail/detection_array__type_support.cpp.o[0m
[15.663s] [ 23%] [32mBuilding C object CMakeFiles/global_interface__rosidl_generator_c.dir/rosidl_generator_c/global_interface/msg/detail/point2f__functions.c.o[0m
[15.664s] [ 24%] [32mBuilding CXX object CMakeFiles/global_interface__rosidl_typesupport_introspection_cpp.dir/rosidl_typesupport_introspection_cpp/global_interface/msg/detail/decision__type_support.cpp.o[0m
[15.664s] [ 25%] [32mBuilding C object CMakeFiles/global_interface__rosidl_generator_c.dir/rosidl_generator_c/global_interface/msg/detail/serial__functions.c.o[0m
[15.664s] [ 26%] [32mBuilding CXX object CMakeFiles/global_interface__rosidl_typesupport_introspection_cpp.dir/rosidl_typesupport_introspection_cpp/global_interface/msg/detail/autoaim__type_support.cpp.o[0m
[15.664s] [ 27%] [32mBuilding CXX object CMakeFiles/global_interface__rosidl_typesupport_introspection_cpp.dir/rosidl_typesupport_introspection_cpp/global_interface/msg/detail/mode_set__type_support.cpp.o[0m
[15.664s] [ 28%] [32mBuilding C object CMakeFiles/global_interface__rosidl_generator_c.dir/rosidl_generator_c/global_interface/msg/detail/detection__functions.c.o[0m
[15.664s] [ 29%] [32m[1mLinking CXX shared library libglobal_interface__rosidl_typesupport_cpp.so[0m
[15.664s] [ 30%] [32mBuilding C object CMakeFiles/global_interface__rosidl_generator_c.dir/rosidl_generator_c/global_interface/msg/detail/detection_array__functions.c.o[0m
[15.664s] [ 30%] [32mBuilding C object CMakeFiles/global_interface__rosidl_generator_c.dir/rosidl_generator_c/global_interface/msg/detail/decision__functions.c.o[0m
[15.664s] [ 30%] Built target global_interface__rosidl_typesupport_cpp
[15.664s] [ 31%] [32mBuilding CXX object CMakeFiles/global_interface__rosidl_typesupport_introspection_cpp.dir/rosidl_typesupport_introspection_cpp/global_interface/msg/detail/strike_licensing__type_support.cpp.o[0m
[15.664s] [ 32%] [32mBuilding C object CMakeFiles/global_interface__rosidl_generator_c.dir/rosidl_generator_c/global_interface/msg/detail/mode_set__functions.c.o[0m
[15.683s] [ 33%] [32mBuilding C object CMakeFiles/global_interface__rosidl_generator_c.dir/rosidl_generator_c/global_interface/msg/detail/autoaim__functions.c.o[0m
[15.683s] [ 34%] [32mBuilding C object CMakeFiles/global_interface__rosidl_generator_c.dir/rosidl_generator_c/global_interface/msg/detail/strike_licensing__functions.c.o[0m
[15.684s] [ 35%] [32m[1mLinking C shared library libglobal_interface__rosidl_generator_c.so[0m
[15.684s] [ 35%] Built target global_interface__rosidl_generator_c
[15.684s] [ 36%] [34m[1mGenerating C introspection for ROS interfaces[0m
[15.684s] [ 37%] [34m[1mGenerating C type support dispatch for ROS interfaces[0m
[15.684s] [ 38%] [34m[1mGenerating C type support for eProsima Fast-RTPS[0m
[15.684s] [ 39%] [32mBuilding CXX object CMakeFiles/global_interface__rosidl_typesupport_fastrtps_cpp.dir/rosidl_typesupport_fastrtps_cpp/global_interface/msg/detail/dds_fastrtps/car_pos__type_support.cpp.o[0m
[15.684s] [ 40%] [32mBuilding CXX object CMakeFiles/global_interface__rosidl_typesupport_fastrtps_cpp.dir/rosidl_typesupport_fastrtps_cpp/global_interface/msg/detail/dds_fastrtps/obj_hp__type_support.cpp.o[0m
[15.684s] [ 41%] [32mBuilding CXX object CMakeFiles/global_interface__rosidl_typesupport_fastrtps_cpp.dir/rosidl_typesupport_fastrtps_cpp/global_interface/msg/detail/dds_fastrtps/game_info__type_support.cpp.o[0m
[15.684s] [ 42%] [32mBuilding CXX object CMakeFiles/global_interface__rosidl_typesupport_fastrtps_cpp.dir/rosidl_typesupport_fastrtps_cpp/global_interface/msg/detail/dds_fastrtps/point2f__type_support.cpp.o[0m
[15.684s] [ 43%] [32mBuilding CXX object CMakeFiles/global_interface__rosidl_typesupport_fastrtps_cpp.dir/rosidl_typesupport_fastrtps_cpp/global_interface/msg/detail/dds_fastrtps/serial__type_support.cpp.o[0m
[15.684s] [ 44%] [32mBuilding CXX object CMakeFiles/global_interface__rosidl_typesupport_fastrtps_cpp.dir/rosidl_typesupport_fastrtps_cpp/global_interface/msg/detail/dds_fastrtps/detection__type_support.cpp.o[0m
[15.684s] [ 45%] [32mBuilding CXX object CMakeFiles/global_interface__rosidl_typesupport_fastrtps_cpp.dir/rosidl_typesupport_fastrtps_cpp/global_interface/msg/detail/dds_fastrtps/detection_array__type_support.cpp.o[0m
[15.684s] [ 46%] [32mBuilding CXX object CMakeFiles/global_interface__rosidl_typesupport_c.dir/rosidl_typesupport_c/global_interface/msg/obj_hp__type_support.cpp.o[0m
[15.684s] [ 47%] [32mBuilding CXX object CMakeFiles/global_interface__rosidl_typesupport_c.dir/rosidl_typesupport_c/global_interface/msg/car_pos__type_support.cpp.o[0m
[15.684s] [ 48%] [32mBuilding CXX object CMakeFiles/global_interface__rosidl_typesupport_fastrtps_cpp.dir/rosidl_typesupport_fastrtps_cpp/global_interface/msg/detail/dds_fastrtps/decision__type_support.cpp.o[0m
[15.684s] [ 48%] [32mBuilding CXX object CMakeFiles/global_interface__rosidl_typesupport_c.dir/rosidl_typesupport_c/global_interface/msg/game_info__type_support.cpp.o[0m
[15.685s] [ 49%] [32m[1mLinking CXX shared library libglobal_interface__rosidl_typesupport_introspection_cpp.so[0m
[15.685s] [ 50%] [32mBuilding CXX object CMakeFiles/global_interface__rosidl_typesupport_c.dir/rosidl_typesupport_c/global_interface/msg/point2f__type_support.cpp.o[0m
[15.687s] [ 51%] [32mBuilding CXX object CMakeFiles/global_interface__rosidl_typesupport_c.dir/rosidl_typesupport_c/global_interface/msg/serial__type_support.cpp.o[0m
[15.687s] [ 52%] [32mBuilding CXX object CMakeFiles/global_interface__rosidl_typesupport_fastrtps_cpp.dir/rosidl_typesupport_fastrtps_cpp/global_interface/msg/detail/dds_fastrtps/autoaim__type_support.cpp.o[0m
[15.700s] [ 52%] [32mBuilding CXX object CMakeFiles/global_interface__rosidl_typesupport_fastrtps_cpp.dir/rosidl_typesupport_fastrtps_cpp/global_interface/msg/detail/dds_fastrtps/mode_set__type_support.cpp.o[0m
[15.737s] [ 53%] [32mBuilding CXX object CMakeFiles/global_interface__rosidl_typesupport_c.dir/rosidl_typesupport_c/global_interface/msg/detection__type_support.cpp.o[0m
[15.798s] [ 54%] [32mBuilding CXX object CMakeFiles/global_interface__rosidl_typesupport_c.dir/rosidl_typesupport_c/global_interface/msg/detection_array__type_support.cpp.o[0m
[15.857s] [ 55%] [32mBuilding CXX object CMakeFiles/global_interface__rosidl_typesupport_c.dir/rosidl_typesupport_c/global_interface/msg/decision__type_support.cpp.o[0m
[15.868s] [ 55%] Built target global_interface__rosidl_typesupport_introspection_cpp
[15.886s] [ 56%] [32mBuilding CXX object CMakeFiles/global_interface__rosidl_typesupport_c.dir/rosidl_typesupport_c/global_interface/msg/autoaim__type_support.cpp.o[0m
[15.934s] [ 57%] [32mBuilding CXX object CMakeFiles/global_interface__rosidl_typesupport_c.dir/rosidl_typesupport_c/global_interface/msg/mode_set__type_support.cpp.o[0m
[15.969s] [ 58%] [32mBuilding CXX object CMakeFiles/global_interface__rosidl_typesupport_c.dir/rosidl_typesupport_c/global_interface/msg/strike_licensing__type_support.cpp.o[0m
[16.029s] [ 59%] [32mBuilding CXX object CMakeFiles/global_interface__rosidl_typesupport_fastrtps_cpp.dir/rosidl_typesupport_fastrtps_cpp/global_interface/msg/detail/dds_fastrtps/strike_licensing__type_support.cpp.o[0m
[16.051s] [ 60%] [32m[1mLinking CXX shared library libglobal_interface__rosidl_typesupport_c.so[0m
[16.095s] [ 61%] [32mBuilding C object CMakeFiles/global_interface__rosidl_typesupport_introspection_c.dir/rosidl_typesupport_introspection_c/global_interface/msg/detail/obj_hp__type_support.c.o[0m
[16.127s] [ 61%] Built target global_interface__rosidl_typesupport_c
[16.148s] [ 62%] [32mBuilding C object CMakeFiles/global_interface__rosidl_typesupport_introspection_c.dir/rosidl_typesupport_introspection_c/global_interface/msg/detail/car_pos__type_support.c.o[0m
[16.184s] [ 63%] [32mBuilding C object CMakeFiles/global_interface__rosidl_typesupport_introspection_c.dir/rosidl_typesupport_introspection_c/global_interface/msg/detail/game_info__type_support.c.o[0m
[16.193s] [ 64%] [32mBuilding C object CMakeFiles/global_interface__rosidl_typesupport_introspection_c.dir/rosidl_typesupport_introspection_c/global_interface/msg/detail/point2f__type_support.c.o[0m
[16.263s] [ 65%] [32mBuilding C object CMakeFiles/global_interface__rosidl_typesupport_introspection_c.dir/rosidl_typesupport_introspection_c/global_interface/msg/detail/serial__type_support.c.o[0m
[16.269s] [ 66%] [32mBuilding C object CMakeFiles/global_interface__rosidl_typesupport_introspection_c.dir/rosidl_typesupport_introspection_c/global_interface/msg/detail/detection__type_support.c.o[0m
[16.277s] [ 67%] [32mBuilding C object CMakeFiles/global_interface__rosidl_typesupport_introspection_c.dir/rosidl_typesupport_introspection_c/global_interface/msg/detail/decision__type_support.c.o[0m
[16.279s] [ 67%] [32mBuilding C object CMakeFiles/global_interface__rosidl_typesupport_introspection_c.dir/rosidl_typesupport_introspection_c/global_interface/msg/detail/detection_array__type_support.c.o[0m
[16.297s] [ 68%] [32mBuilding C object CMakeFiles/global_interface__rosidl_typesupport_introspection_c.dir/rosidl_typesupport_introspection_c/global_interface/msg/detail/autoaim__type_support.c.o[0m
[16.346s] [ 69%] [32mBuilding C object CMakeFiles/global_interface__rosidl_typesupport_introspection_c.dir/rosidl_typesupport_introspection_c/global_interface/msg/detail/mode_set__type_support.c.o[0m
[16.384s] [ 70%] [32mBuilding C object CMakeFiles/global_interface__rosidl_typesupport_introspection_c.dir/rosidl_typesupport_introspection_c/global_interface/msg/detail/strike_licensing__type_support.c.o[0m
[16.469s] [ 71%] [32mBuilding CXX object CMakeFiles/global_interface__rosidl_typesupport_fastrtps_c.dir/rosidl_typesupport_fastrtps_c/global_interface/msg/detail/obj_hp__type_support_c.cpp.o[0m
[16.469s] [ 72%] [32mBuilding CXX object CMakeFiles/global_interface__rosidl_typesupport_fastrtps_c.dir/rosidl_typesupport_fastrtps_c/global_interface/msg/detail/game_info__type_support_c.cpp.o[0m
[16.508s] [ 72%] [32mBuilding CXX object CMakeFiles/global_interface__rosidl_typesupport_fastrtps_c.dir/rosidl_typesupport_fastrtps_c/global_interface/msg/detail/serial__type_support_c.cpp.o[0m
[16.565s] [ 73%] [32mBuilding CXX object CMakeFiles/global_interface__rosidl_typesupport_fastrtps_c.dir/rosidl_typesupport_fastrtps_c/global_interface/msg/detail/point2f__type_support_c.cpp.o[0m
[16.565s] [ 74%] [32mBuilding CXX object CMakeFiles/global_interface__rosidl_typesupport_fastrtps_c.dir/rosidl_typesupport_fastrtps_c/global_interface/msg/detail/car_pos__type_support_c.cpp.o[0m
[16.575s] [ 76%] [32mBuilding CXX object CMakeFiles/global_interface__rosidl_typesupport_fastrtps_c.dir/rosidl_typesupport_fastrtps_c/global_interface/msg/detail/detection__type_support_c.cpp.o[0m
[16.575s] [ 75%] [32m[1mLinking C shared library libglobal_interface__rosidl_typesupport_introspection_c.so[0m
[16.575s] [ 77%] [32mBuilding CXX object CMakeFiles/global_interface__rosidl_typesupport_fastrtps_c.dir/rosidl_typesupport_fastrtps_c/global_interface/msg/detail/detection_array__type_support_c.cpp.o[0m
[16.688s] [ 77%] Built target global_interface__rosidl_typesupport_introspection_c
[16.735s] [ 78%] [32mBuilding CXX object CMakeFiles/global_interface__rosidl_typesupport_fastrtps_c.dir/rosidl_typesupport_fastrtps_c/global_interface/msg/detail/decision__type_support_c.cpp.o[0m
[17.504s] [ 79%] [32mBuilding CXX object CMakeFiles/global_interface__rosidl_typesupport_fastrtps_c.dir/rosidl_typesupport_fastrtps_c/global_interface/msg/detail/autoaim__type_support_c.cpp.o[0m
[17.746s] [ 80%] [32mBuilding CXX object CMakeFiles/global_interface__rosidl_typesupport_fastrtps_c.dir/rosidl_typesupport_fastrtps_c/global_interface/msg/detail/mode_set__type_support_c.cpp.o[0m
[17.947s] [ 81%] [32mBuilding CXX object CMakeFiles/global_interface__rosidl_typesupport_fastrtps_c.dir/rosidl_typesupport_fastrtps_c/global_interface/msg/detail/strike_licensing__type_support_c.cpp.o[0m
[18.071s] [ 82%] [32m[1mLinking CXX shared library libglobal_interface__rosidl_typesupport_fastrtps_cpp.so[0m
[18.241s] [ 82%] Built target global_interface__rosidl_typesupport_fastrtps_cpp
[18.857s] [ 83%] [32m[1mLinking CXX shared library libglobal_interface__rosidl_typesupport_fastrtps_c.so[0m
[18.984s] [ 83%] Built target global_interface__rosidl_typesupport_fastrtps_c
[19.012s] [ 83%] Built target global_interface
[19.078s] [ 84%] [34m[1mGenerating Python code for ROS interfaces[0m
[27.252s] [ 84%] Built target global_interface__py
[27.288s] [ 85%] [32mBuilding C object CMakeFiles/global_interface__rosidl_generator_py.dir/rosidl_generator_py/global_interface/msg/_obj_hp_s.c.o[0m
[27.666s] [ 86%] [32mBuilding C object CMakeFiles/global_interface__rosidl_generator_py.dir/rosidl_generator_py/global_interface/msg/_strike_licensing_s.c.o[0m
[27.845s] [ 87%] [32mBuilding C object CMakeFiles/global_interface__rosidl_generator_py.dir/rosidl_generator_py/global_interface/msg/_mode_set_s.c.o[0m
[28.231s] [ 88%] [32mBuilding C object CMakeFiles/global_interface__rosidl_generator_py.dir/rosidl_generator_py/global_interface/msg/_autoaim_s.c.o[0m
[28.744s] [ 89%] [32mBuilding C object CMakeFiles/global_interface__rosidl_generator_py.dir/rosidl_generator_py/global_interface/msg/_decision_s.c.o[0m
[29.126s] [ 90%] [32mBuilding C object CMakeFiles/global_interface__rosidl_generator_py.dir/rosidl_generator_py/global_interface/msg/_detection_array_s.c.o[0m
[29.290s] [ 90%] [32mBuilding C object CMakeFiles/global_interface__rosidl_generator_py.dir/rosidl_generator_py/global_interface/msg/_detection_s.c.o[0m
[29.556s] [ 91%] [32mBuilding C object CMakeFiles/global_interface__rosidl_generator_py.dir/rosidl_generator_py/global_interface/msg/_serial_s.c.o[0m
[29.725s] [ 92%] [32mBuilding C object CMakeFiles/global_interface__rosidl_generator_py.dir/rosidl_generator_py/global_interface/msg/_point2f_s.c.o[0m
[29.913s] [ 93%] [32mBuilding C object CMakeFiles/global_interface__rosidl_generator_py.dir/rosidl_generator_py/global_interface/msg/_game_info_s.c.o[0m
[30.099s] [ 94%] [32mBuilding C object CMakeFiles/global_interface__rosidl_generator_py.dir/rosidl_generator_py/global_interface/msg/_car_pos_s.c.o[0m
[30.276s] [ 95%] [32m[1mLinking C shared library rosidl_generator_py/global_interface/libglobal_interface__rosidl_generator_py.so[0m
[30.449s] [ 95%] Built target global_interface__rosidl_generator_py
[30.504s] [ 96%] [32mBuilding C object CMakeFiles/global_interface__rosidl_typesupport_fastrtps_c__pyext.dir/rosidl_generator_py/global_interface/_global_interface_s.ep.rosidl_typesupport_fastrtps_c.c.o[0m
[30.796s] [ 97%] [32m[1mLinking C shared library rosidl_generator_py/global_interface/global_interface_s__rosidl_typesupport_fastrtps_c.cpython-310-x86_64-linux-gnu.so[0m
[30.951s] [ 97%] Built target global_interface__rosidl_typesupport_fastrtps_c__pyext
[31.015s] [ 97%] [32mBuilding C object CMakeFiles/global_interface__rosidl_typesupport_c__pyext.dir/rosidl_generator_py/global_interface/_global_interface_s.ep.rosidl_typesupport_c.c.o[0m
[31.488s] [ 98%] [32m[1mLinking C shared library rosidl_generator_py/global_interface/global_interface_s__rosidl_typesupport_c.cpython-310-x86_64-linux-gnu.so[0m
[31.582s] [ 98%] Built target global_interface__rosidl_typesupport_c__pyext
[31.629s] [ 99%] [32mBuilding C object CMakeFiles/global_interface__rosidl_typesupport_introspection_c__pyext.dir/rosidl_generator_py/global_interface/_global_interface_s.ep.rosidl_typesupport_introspection_c.c.o[0m
[31.908s] [100%] [32m[1mLinking C shared library rosidl_generator_py/global_interface/global_interface_s__rosidl_typesupport_introspection_c.cpython-310-x86_64-linux-gnu.so[0m
[31.970s] [100%] Built target global_interface__rosidl_typesupport_introspection_c__pyext
[31.992s] Invoked command in '/home/rmsentry/DUST-RM-Sentry/build/global_interface' returned '0': CMAKE_PREFIX_PATH=${CMAKE_PREFIX_PATH}:/home/rmsentry/DUST-RM-Sentry/install/rm_decision:/home/rmsentry/DUST-RM-Sentry/install/fake_msg_publisher:/opt/ros/humble /usr/local/bin/cmake --build /home/rmsentry/DUST-RM-Sentry/build/global_interface -- -j12 -l12
[31.993s] Invoking command in '/home/rmsentry/DUST-RM-Sentry/build/global_interface': CMAKE_PREFIX_PATH=${CMAKE_PREFIX_PATH}:/home/rmsentry/DUST-RM-Sentry/install/rm_decision:/home/rmsentry/DUST-RM-Sentry/install/fake_msg_publisher:/opt/ros/humble /usr/local/bin/cmake --install /home/rmsentry/DUST-RM-Sentry/build/global_interface
[42.129s] -- Install configuration: ""
[42.129s] -- Execute custom install script
[42.129s] -- Symlinking: /home/rmsentry/DUST-RM-Sentry/install/global_interface/share/ament_index/resource_index/rosidl_interfaces/global_interface
[42.129s] -- Symlinking: /home/rmsentry/DUST-RM-Sentry/install/global_interface/include/global_interface/global_interface/msg/autoaim.h
[42.129s] -- Symlinking: /home/rmsentry/DUST-RM-Sentry/install/global_interface/include/global_interface/global_interface/msg/car_pos.h
[42.129s] -- Symlinking: /home/rmsentry/DUST-RM-Sentry/install/global_interface/include/global_interface/global_interface/msg/decision.h
[42.129s] -- Symlinking: /home/rmsentry/DUST-RM-Sentry/install/global_interface/include/global_interface/global_interface/msg/detail/autoaim__functions.h
[42.129s] -- Symlinking: /home/rmsentry/DUST-RM-Sentry/install/global_interface/include/global_interface/global_interface/msg/detail/autoaim__struct.h
[42.129s] -- Symlinking: /home/rmsentry/DUST-RM-Sentry/install/global_interface/include/global_interface/global_interface/msg/detail/autoaim__type_support.h
[42.129s] -- Symlinking: /home/rmsentry/DUST-RM-Sentry/install/global_interface/include/global_interface/global_interface/msg/detail/car_pos__functions.h
[42.130s] -- Symlinking: /home/rmsentry/DUST-RM-Sentry/install/global_interface/include/global_interface/global_interface/msg/detail/car_pos__struct.h
[42.130s] -- Symlinking: /home/rmsentry/DUST-RM-Sentry/install/global_interface/include/global_interface/global_interface/msg/detail/car_pos__type_support.h
[42.130s] -- Symlinking: /home/rmsentry/DUST-RM-Sentry/install/global_interface/include/global_interface/global_interface/msg/detail/decision__functions.h
[42.130s] -- Symlinking: /home/rmsentry/DUST-RM-Sentry/install/global_interface/include/global_interface/global_interface/msg/detail/decision__struct.h
[42.130s] -- Symlinking: /home/rmsentry/DUST-RM-Sentry/install/global_interface/include/global_interface/global_interface/msg/detail/decision__type_support.h
[42.130s] -- Symlinking: /home/rmsentry/DUST-RM-Sentry/install/global_interface/include/global_interface/global_interface/msg/detail/detection__functions.h
[42.130s] -- Symlinking: /home/rmsentry/DUST-RM-Sentry/install/global_interface/include/global_interface/global_interface/msg/detail/detection__struct.h
[42.130s] -- Symlinking: /home/rmsentry/DUST-RM-Sentry/install/global_interface/include/global_interface/global_interface/msg/detail/detection__type_support.h
[42.130s] -- Symlinking: /home/rmsentry/DUST-RM-Sentry/install/global_interface/include/global_interface/global_interface/msg/detail/detection_array__functions.h
[42.130s] -- Symlinking: /home/rmsentry/DUST-RM-Sentry/install/global_interface/include/global_interface/global_interface/msg/detail/detection_array__struct.h
[42.130s] -- Symlinking: /home/rmsentry/DUST-RM-Sentry/install/global_interface/include/global_interface/global_interface/msg/detail/detection_array__type_support.h
[42.130s] -- Symlinking: /home/rmsentry/DUST-RM-Sentry/install/global_interface/include/global_interface/global_interface/msg/detail/game_info__functions.h
[42.137s] -- Symlinking: /home/rmsentry/DUST-RM-Sentry/install/global_interface/include/global_interface/global_interface/msg/detail/game_info__struct.h
[42.137s] -- Symlinking: /home/rmsentry/DUST-RM-Sentry/install/global_interface/include/global_interface/global_interface/msg/detail/game_info__type_support.h
[42.137s] -- Symlinking: /home/rmsentry/DUST-RM-Sentry/install/global_interface/include/global_interface/global_interface/msg/detail/mode_set__functions.h
[42.137s] -- Symlinking: /home/rmsentry/DUST-RM-Sentry/install/global_interface/include/global_interface/global_interface/msg/detail/mode_set__struct.h
[42.137s] -- Symlinking: /home/rmsentry/DUST-RM-Sentry/install/global_interface/include/global_interface/global_interface/msg/detail/mode_set__type_support.h
[42.138s] -- Symlinking: /home/rmsentry/DUST-RM-Sentry/install/global_interface/include/global_interface/global_interface/msg/detail/obj_hp__functions.h
[42.138s] -- Symlinking: /home/rmsentry/DUST-RM-Sentry/install/global_interface/include/global_interface/global_interface/msg/detail/obj_hp__struct.h
[42.138s] -- Symlinking: /home/rmsentry/DUST-RM-Sentry/install/global_interface/include/global_interface/global_interface/msg/detail/obj_hp__type_support.h
[42.138s] -- Symlinking: /home/rmsentry/DUST-RM-Sentry/install/global_interface/include/global_interface/global_interface/msg/detail/point2f__functions.h
[42.138s] -- Symlinking: /home/rmsentry/DUST-RM-Sentry/install/global_interface/include/global_interface/global_interface/msg/detail/point2f__struct.h
[42.138s] -- Symlinking: /home/rmsentry/DUST-RM-Sentry/install/global_interface/include/global_interface/global_interface/msg/detail/point2f__type_support.h
[42.139s] -- Symlinking: /home/rmsentry/DUST-RM-Sentry/install/global_interface/include/global_interface/global_interface/msg/detail/serial__functions.h
[42.139s] -- Symlinking: /home/rmsentry/DUST-RM-Sentry/install/global_interface/include/global_interface/global_interface/msg/detail/serial__struct.h
[42.144s] -- Symlinking: /home/rmsentry/DUST-RM-Sentry/install/global_interface/include/global_interface/global_interface/msg/detail/serial__type_support.h
[42.145s] -- Symlinking: /home/rmsentry/DUST-RM-Sentry/install/global_interface/include/global_interface/global_interface/msg/detail/strike_licensing__functions.h
[42.145s] -- Symlinking: /home/rmsentry/DUST-RM-Sentry/install/global_interface/include/global_interface/global_interface/msg/detail/strike_licensing__struct.h
[42.145s] -- Symlinking: /home/rmsentry/DUST-RM-Sentry/install/global_interface/include/global_interface/global_interface/msg/detail/strike_licensing__type_support.h
[42.145s] -- Symlinking: /home/rmsentry/DUST-RM-Sentry/install/global_interface/include/global_interface/global_interface/msg/detection.h
[42.145s] -- Symlinking: /home/rmsentry/DUST-RM-Sentry/install/global_interface/include/global_interface/global_interface/msg/detection_array.h
[42.145s] -- Symlinking: /home/rmsentry/DUST-RM-Sentry/install/global_interface/include/global_interface/global_interface/msg/game_info.h
[42.145s] -- Symlinking: /home/rmsentry/DUST-RM-Sentry/install/global_interface/include/global_interface/global_interface/msg/mode_set.h
[42.145s] -- Symlinking: /home/rmsentry/DUST-RM-Sentry/install/global_interface/include/global_interface/global_interface/msg/obj_hp.h
[42.145s] -- Symlinking: /home/rmsentry/DUST-RM-Sentry/install/global_interface/include/global_interface/global_interface/msg/point2f.h
[42.145s] -- Symlinking: /home/rmsentry/DUST-RM-Sentry/install/global_interface/include/global_interface/global_interface/msg/rosidl_generator_c__visibility_control.h
[42.145s] -- Symlinking: /home/rmsentry/DUST-RM-Sentry/install/global_interface/include/global_interface/global_interface/msg/serial.h
[42.145s] -- Symlinking: /home/rmsentry/DUST-RM-Sentry/install/global_interface/include/global_interface/global_interface/msg/strike_licensing.h
[42.145s] -- Symlinking: /home/rmsentry/DUST-RM-Sentry/install/global_interface/share/global_interface/environment/library_path.sh
[42.145s] -- Symlinking: /home/rmsentry/DUST-RM-Sentry/install/global_interface/share/global_interface/environment/library_path.dsv
[42.145s] -- Symlinking: /home/rmsentry/DUST-RM-Sentry/install/global_interface/include/global_interface/global_interface/msg/detail/autoaim__rosidl_typesupport_fastrtps_c.h
[42.145s] -- Symlinking: /home/rmsentry/DUST-RM-Sentry/install/global_interface/include/global_interface/global_interface/msg/detail/car_pos__rosidl_typesupport_fastrtps_c.h
[42.145s] -- Symlinking: /home/rmsentry/DUST-RM-Sentry/install/global_interface/include/global_interface/global_interface/msg/detail/decision__rosidl_typesupport_fastrtps_c.h
[42.146s] -- Symlinking: /home/rmsentry/DUST-RM-Sentry/install/global_interface/include/global_interface/global_interface/msg/detail/detection__rosidl_typesupport_fastrtps_c.h
[42.146s] -- Symlinking: /home/rmsentry/DUST-RM-Sentry/install/global_interface/include/global_interface/global_interface/msg/detail/detection_array__rosidl_typesupport_fastrtps_c.h
[42.146s] -- Symlinking: /home/rmsentry/DUST-RM-Sentry/install/global_interface/include/global_interface/global_interface/msg/detail/game_info__rosidl_typesupport_fastrtps_c.h
[42.146s] -- Symlinking: /home/rmsentry/DUST-RM-Sentry/install/global_interface/include/global_interface/global_interface/msg/detail/mode_set__rosidl_typesupport_fastrtps_c.h
[42.146s] -- Symlinking: /home/rmsentry/DUST-RM-Sentry/install/global_interface/include/global_interface/global_interface/msg/detail/obj_hp__rosidl_typesupport_fastrtps_c.h
[42.146s] -- Symlinking: /home/rmsentry/DUST-RM-Sentry/install/global_interface/include/global_interface/global_interface/msg/detail/point2f__rosidl_typesupport_fastrtps_c.h
[42.146s] -- Symlinking: /home/rmsentry/DUST-RM-Sentry/install/global_interface/include/global_interface/global_interface/msg/detail/serial__rosidl_typesupport_fastrtps_c.h
[42.146s] -- Symlinking: /home/rmsentry/DUST-RM-Sentry/install/global_interface/include/global_interface/global_interface/msg/detail/strike_licensing__rosidl_typesupport_fastrtps_c.h
[42.146s] -- Symlinking: /home/rmsentry/DUST-RM-Sentry/install/global_interface/include/global_interface/global_interface/msg/rosidl_typesupport_fastrtps_c__visibility_control.h
[42.146s] -- Symlinking: /home/rmsentry/DUST-RM-Sentry/install/global_interface/include/global_interface/global_interface/msg/detail/autoaim__rosidl_typesupport_introspection_c.h
[42.146s] -- Symlinking: /home/rmsentry/DUST-RM-Sentry/install/global_interface/include/global_interface/global_interface/msg/detail/car_pos__rosidl_typesupport_introspection_c.h
[42.146s] -- Symlinking: /home/rmsentry/DUST-RM-Sentry/install/global_interface/include/global_interface/global_interface/msg/detail/decision__rosidl_typesupport_introspection_c.h
[42.146s] -- Symlinking: /home/rmsentry/DUST-RM-Sentry/install/global_interface/include/global_interface/global_interface/msg/detail/detection__rosidl_typesupport_introspection_c.h
[42.146s] -- Symlinking: /home/rmsentry/DUST-RM-Sentry/install/global_interface/include/global_interface/global_interface/msg/detail/detection_array__rosidl_typesupport_introspection_c.h
[42.146s] -- Symlinking: /home/rmsentry/DUST-RM-Sentry/install/global_interface/include/global_interface/global_interface/msg/detail/game_info__rosidl_typesupport_introspection_c.h
[42.146s] -- Symlinking: /home/rmsentry/DUST-RM-Sentry/install/global_interface/include/global_interface/global_interface/msg/detail/mode_set__rosidl_typesupport_introspection_c.h
[42.146s] -- Symlinking: /home/rmsentry/DUST-RM-Sentry/install/global_interface/include/global_interface/global_interface/msg/detail/obj_hp__rosidl_typesupport_introspection_c.h
[42.147s] -- Symlinking: /home/rmsentry/DUST-RM-Sentry/install/global_interface/include/global_interface/global_interface/msg/detail/point2f__rosidl_typesupport_introspection_c.h
[42.147s] -- Symlinking: /home/rmsentry/DUST-RM-Sentry/install/global_interface/include/global_interface/global_interface/msg/detail/serial__rosidl_typesupport_introspection_c.h
[42.147s] -- Symlinking: /home/rmsentry/DUST-RM-Sentry/install/global_interface/include/global_interface/global_interface/msg/detail/strike_licensing__rosidl_typesupport_introspection_c.h
[42.147s] -- Symlinking: /home/rmsentry/DUST-RM-Sentry/install/global_interface/include/global_interface/global_interface/msg/rosidl_typesupport_introspection_c__visibility_control.h
[42.147s] -- Symlinking: /home/rmsentry/DUST-RM-Sentry/install/global_interface/include/global_interface/global_interface/msg/autoaim.hpp
[42.147s] -- Symlinking: /home/rmsentry/DUST-RM-Sentry/install/global_interface/include/global_interface/global_interface/msg/car_pos.hpp
[42.147s] -- Symlinking: /home/rmsentry/DUST-RM-Sentry/install/global_interface/include/global_interface/global_interface/msg/decision.hpp
[42.147s] -- Symlinking: /home/rmsentry/DUST-RM-Sentry/install/global_interface/include/global_interface/global_interface/msg/detail/autoaim__builder.hpp
[42.147s] -- Symlinking: /home/rmsentry/DUST-RM-Sentry/install/global_interface/include/global_interface/global_interface/msg/detail/autoaim__struct.hpp
[42.147s] -- Symlinking: /home/rmsentry/DUST-RM-Sentry/install/global_interface/include/global_interface/global_interface/msg/detail/autoaim__traits.hpp
[42.147s] -- Symlinking: /home/rmsentry/DUST-RM-Sentry/install/global_interface/include/global_interface/global_interface/msg/detail/autoaim__type_support.hpp
[42.147s] -- Symlinking: /home/rmsentry/DUST-RM-Sentry/install/global_interface/include/global_interface/global_interface/msg/detail/car_pos__builder.hpp
[42.147s] -- Symlinking: /home/rmsentry/DUST-RM-Sentry/install/global_interface/include/global_interface/global_interface/msg/detail/car_pos__struct.hpp
[42.147s] -- Symlinking: /home/rmsentry/DUST-RM-Sentry/install/global_interface/include/global_interface/global_interface/msg/detail/car_pos__traits.hpp
[42.147s] -- Symlinking: /home/rmsentry/DUST-RM-Sentry/install/global_interface/include/global_interface/global_interface/msg/detail/car_pos__type_support.hpp
[42.147s] -- Symlinking: /home/rmsentry/DUST-RM-Sentry/install/global_interface/include/global_interface/global_interface/msg/detail/decision__builder.hpp
[42.147s] -- Symlinking: /home/rmsentry/DUST-RM-Sentry/install/global_interface/include/global_interface/global_interface/msg/detail/decision__struct.hpp
[42.147s] -- Symlinking: /home/rmsentry/DUST-RM-Sentry/install/global_interface/include/global_interface/global_interface/msg/detail/decision__traits.hpp
[42.148s] -- Symlinking: /home/rmsentry/DUST-RM-Sentry/install/global_interface/include/global_interface/global_interface/msg/detail/decision__type_support.hpp
[42.148s] -- Symlinking: /home/rmsentry/DUST-RM-Sentry/install/global_interface/include/global_interface/global_interface/msg/detail/detection__builder.hpp
[42.148s] -- Symlinking: /home/rmsentry/DUST-RM-Sentry/install/global_interface/include/global_interface/global_interface/msg/detail/detection__struct.hpp
[42.148s] -- Symlinking: /home/rmsentry/DUST-RM-Sentry/install/global_interface/include/global_interface/global_interface/msg/detail/detection__traits.hpp
[42.148s] -- Symlinking: /home/rmsentry/DUST-RM-Sentry/install/global_interface/include/global_interface/global_interface/msg/detail/detection__type_support.hpp
[42.148s] -- Symlinking: /home/rmsentry/DUST-RM-Sentry/install/global_interface/include/global_interface/global_interface/msg/detail/detection_array__builder.hpp
[42.148s] -- Symlinking: /home/rmsentry/DUST-RM-Sentry/install/global_interface/include/global_interface/global_interface/msg/detail/detection_array__struct.hpp
[42.148s] -- Symlinking: /home/rmsentry/DUST-RM-Sentry/install/global_interface/include/global_interface/global_interface/msg/detail/detection_array__traits.hpp
[42.148s] -- Symlinking: /home/rmsentry/DUST-RM-Sentry/install/global_interface/include/global_interface/global_interface/msg/detail/detection_array__type_support.hpp
[42.148s] -- Symlinking: /home/rmsentry/DUST-RM-Sentry/install/global_interface/include/global_interface/global_interface/msg/detail/game_info__builder.hpp
[42.148s] -- Symlinking: /home/rmsentry/DUST-RM-Sentry/install/global_interface/include/global_interface/global_interface/msg/detail/game_info__struct.hpp
[42.148s] -- Symlinking: /home/rmsentry/DUST-RM-Sentry/install/global_interface/include/global_interface/global_interface/msg/detail/game_info__traits.hpp
[42.152s] -- Symlinking: /home/rmsentry/DUST-RM-Sentry/install/global_interface/include/global_interface/global_interface/msg/detail/game_info__type_support.hpp
[42.153s] -- Symlinking: /home/rmsentry/DUST-RM-Sentry/install/global_interface/include/global_interface/global_interface/msg/detail/mode_set__builder.hpp
[42.153s] -- Symlinking: /home/rmsentry/DUST-RM-Sentry/install/global_interface/include/global_interface/global_interface/msg/detail/mode_set__struct.hpp
[42.153s] -- Symlinking: /home/rmsentry/DUST-RM-Sentry/install/global_interface/include/global_interface/global_interface/msg/detail/mode_set__traits.hpp
[42.153s] -- Symlinking: /home/rmsentry/DUST-RM-Sentry/install/global_interface/include/global_interface/global_interface/msg/detail/mode_set__type_support.hpp
[42.153s] -- Symlinking: /home/rmsentry/DUST-RM-Sentry/install/global_interface/include/global_interface/global_interface/msg/detail/obj_hp__builder.hpp
[42.153s] -- Symlinking: /home/rmsentry/DUST-RM-Sentry/install/global_interface/include/global_interface/global_interface/msg/detail/obj_hp__struct.hpp
[42.153s] -- Symlinking: /home/rmsentry/DUST-RM-Sentry/install/global_interface/include/global_interface/global_interface/msg/detail/obj_hp__traits.hpp
[42.154s] -- Symlinking: /home/rmsentry/DUST-RM-Sentry/install/global_interface/include/global_interface/global_interface/msg/detail/obj_hp__type_support.hpp
[42.154s] -- Symlinking: /home/rmsentry/DUST-RM-Sentry/install/global_interface/include/global_interface/global_interface/msg/detail/point2f__builder.hpp
[42.154s] -- Symlinking: /home/rmsentry/DUST-RM-Sentry/install/global_interface/include/global_interface/global_interface/msg/detail/point2f__struct.hpp
[42.154s] -- Symlinking: /home/rmsentry/DUST-RM-Sentry/install/global_interface/include/global_interface/global_interface/msg/detail/point2f__traits.hpp
[42.154s] -- Symlinking: /home/rmsentry/DUST-RM-Sentry/install/global_interface/include/global_interface/global_interface/msg/detail/point2f__type_support.hpp
[42.154s] -- Symlinking: /home/rmsentry/DUST-RM-Sentry/install/global_interface/include/global_interface/global_interface/msg/detail/serial__builder.hpp
[42.154s] -- Symlinking: /home/rmsentry/DUST-RM-Sentry/install/global_interface/include/global_interface/global_interface/msg/detail/serial__struct.hpp
[42.154s] -- Symlinking: /home/rmsentry/DUST-RM-Sentry/install/global_interface/include/global_interface/global_interface/msg/detail/serial__traits.hpp
[42.154s] -- Symlinking: /home/rmsentry/DUST-RM-Sentry/install/global_interface/include/global_interface/global_interface/msg/detail/serial__type_support.hpp
[42.154s] -- Symlinking: /home/rmsentry/DUST-RM-Sentry/install/global_interface/include/global_interface/global_interface/msg/detail/strike_licensing__builder.hpp
[42.154s] -- Symlinking: /home/rmsentry/DUST-RM-Sentry/install/global_interface/include/global_interface/global_interface/msg/detail/strike_licensing__struct.hpp
[42.154s] -- Symlinking: /home/rmsentry/DUST-RM-Sentry/install/global_interface/include/global_interface/global_interface/msg/detail/strike_licensing__traits.hpp
[42.154s] -- Symlinking: /home/rmsentry/DUST-RM-Sentry/install/global_interface/include/global_interface/global_interface/msg/detail/strike_licensing__type_support.hpp
[42.159s] -- Symlinking: /home/rmsentry/DUST-RM-Sentry/install/global_interface/include/global_interface/global_interface/msg/detection.hpp
[42.163s] -- Symlinking: /home/rmsentry/DUST-RM-Sentry/install/global_interface/include/global_interface/global_interface/msg/detection_array.hpp
[42.176s] -- Symlinking: /home/rmsentry/DUST-RM-Sentry/install/global_interface/include/global_interface/global_interface/msg/game_info.hpp
[42.185s] -- Symlinking: /home/rmsentry/DUST-RM-Sentry/install/global_interface/include/global_interface/global_interface/msg/mode_set.hpp
[42.196s] -- Symlinking: /home/rmsentry/DUST-RM-Sentry/install/global_interface/include/global_interface/global_interface/msg/obj_hp.hpp
[42.222s] -- Symlinking: /home/rmsentry/DUST-RM-Sentry/install/global_interface/include/global_interface/global_interface/msg/point2f.hpp
[42.231s] -- Symlinking: /home/rmsentry/DUST-RM-Sentry/install/global_interface/include/global_interface/global_interface/msg/rosidl_generator_cpp__visibility_control.hpp
[42.242s] -- Symlinking: /home/rmsentry/DUST-RM-Sentry/install/global_interface/include/global_interface/global_interface/msg/serial.hpp
[42.258s] -- Symlinking: /home/rmsentry/DUST-RM-Sentry/install/global_interface/include/global_interface/global_interface/msg/strike_licensing.hpp
[42.267s] -- Symlinking: /home/rmsentry/DUST-RM-Sentry/install/global_interface/include/global_interface/global_interface/msg/detail/autoaim__rosidl_typesupport_fastrtps_cpp.hpp
[42.276s] -- Symlinking: /home/rmsentry/DUST-RM-Sentry/install/global_interface/include/global_interface/global_interface/msg/detail/car_pos__rosidl_typesupport_fastrtps_cpp.hpp
[42.288s] -- Symlinking: /home/rmsentry/DUST-RM-Sentry/install/global_interface/include/global_interface/global_interface/msg/detail/decision__rosidl_typesupport_fastrtps_cpp.hpp
[42.300s] -- Symlinking: /home/rmsentry/DUST-RM-Sentry/install/global_interface/include/global_interface/global_interface/msg/detail/detection__rosidl_typesupport_fastrtps_cpp.hpp
[42.310s] -- Symlinking: /home/rmsentry/DUST-RM-Sentry/install/global_interface/include/global_interface/global_interface/msg/detail/detection_array__rosidl_typesupport_fastrtps_cpp.hpp
[42.319s] -- Symlinking: /home/rmsentry/DUST-RM-Sentry/install/global_interface/include/global_interface/global_interface/msg/detail/game_info__rosidl_typesupport_fastrtps_cpp.hpp
[42.338s] -- Symlinking: /home/rmsentry/DUST-RM-Sentry/install/global_interface/include/global_interface/global_interface/msg/detail/mode_set__rosidl_typesupport_fastrtps_cpp.hpp
[42.343s] -- Symlinking: /home/rmsentry/DUST-RM-Sentry/install/global_interface/include/global_interface/global_interface/msg/detail/obj_hp__rosidl_typesupport_fastrtps_cpp.hpp
[42.349s] -- Symlinking: /home/rmsentry/DUST-RM-Sentry/install/global_interface/include/global_interface/global_interface/msg/detail/point2f__rosidl_typesupport_fastrtps_cpp.hpp
[42.357s] -- Symlinking: /home/rmsentry/DUST-RM-Sentry/install/global_interface/include/global_interface/global_interface/msg/detail/serial__rosidl_typesupport_fastrtps_cpp.hpp
[42.363s] -- Symlinking: /home/rmsentry/DUST-RM-Sentry/install/global_interface/include/global_interface/global_interface/msg/detail/strike_licensing__rosidl_typesupport_fastrtps_cpp.hpp
[42.370s] -- Symlinking: /home/rmsentry/DUST-RM-Sentry/install/global_interface/include/global_interface/global_interface/msg/rosidl_typesupport_fastrtps_cpp__visibility_control.h
[42.377s] -- Symlinking: /home/rmsentry/DUST-RM-Sentry/install/global_interface/include/global_interface/global_interface/msg/detail/autoaim__rosidl_typesupport_introspection_cpp.hpp
[42.384s] -- Symlinking: /home/rmsentry/DUST-RM-Sentry/install/global_interface/include/global_interface/global_interface/msg/detail/car_pos__rosidl_typesupport_introspection_cpp.hpp
[42.390s] -- Symlinking: /home/rmsentry/DUST-RM-Sentry/install/global_interface/include/global_interface/global_interface/msg/detail/decision__rosidl_typesupport_introspection_cpp.hpp
[42.396s] -- Symlinking: /home/rmsentry/DUST-RM-Sentry/install/global_interface/include/global_interface/global_interface/msg/detail/detection__rosidl_typesupport_introspection_cpp.hpp
[42.403s] -- Symlinking: /home/rmsentry/DUST-RM-Sentry/install/global_interface/include/global_interface/global_interface/msg/detail/detection_array__rosidl_typesupport_introspection_cpp.hpp
[42.409s] -- Symlinking: /home/rmsentry/DUST-RM-Sentry/install/global_interface/include/global_interface/global_interface/msg/detail/game_info__rosidl_typesupport_introspection_cpp.hpp
[42.414s] -- Symlinking: /home/rmsentry/DUST-RM-Sentry/install/global_interface/include/global_interface/global_interface/msg/detail/mode_set__rosidl_typesupport_introspection_cpp.hpp
[42.418s] -- Symlinking: /home/rmsentry/DUST-RM-Sentry/install/global_interface/include/global_interface/global_interface/msg/detail/obj_hp__rosidl_typesupport_introspection_cpp.hpp
[42.425s] -- Symlinking: /home/rmsentry/DUST-RM-Sentry/install/global_interface/include/global_interface/global_interface/msg/detail/point2f__rosidl_typesupport_introspection_cpp.hpp
[42.435s] -- Symlinking: /home/rmsentry/DUST-RM-Sentry/install/global_interface/include/global_interface/global_interface/msg/detail/serial__rosidl_typesupport_introspection_cpp.hpp
[42.439s] -- Symlinking: /home/rmsentry/DUST-RM-Sentry/install/global_interface/include/global_interface/global_interface/msg/detail/strike_licensing__rosidl_typesupport_introspection_cpp.hpp
[42.446s] -- Symlinking: /home/rmsentry/DUST-RM-Sentry/install/global_interface/share/global_interface/environment/pythonpath.sh
[42.454s] -- Symlinking: /home/rmsentry/DUST-RM-Sentry/install/global_interface/share/global_interface/environment/pythonpath.dsv
[42.471s] -- Symlinking: /home/rmsentry/DUST-RM-Sentry/install/global_interface/local/lib/python3.10/dist-packages/global_interface-0.0.0-py3.10.egg-info/PKG-INFO
[42.481s] -- Symlinking: /home/rmsentry/DUST-RM-Sentry/install/global_interface/local/lib/python3.10/dist-packages/global_interface-0.0.0-py3.10.egg-info/SOURCES.txt
[42.485s] -- Symlinking: /home/rmsentry/DUST-RM-Sentry/install/global_interface/local/lib/python3.10/dist-packages/global_interface-0.0.0-py3.10.egg-info/dependency_links.txt
[42.492s] -- Symlinking: /home/rmsentry/DUST-RM-Sentry/install/global_interface/local/lib/python3.10/dist-packages/global_interface-0.0.0-py3.10.egg-info/top_level.txt
[42.500s] -- Symlinking: /home/rmsentry/DUST-RM-Sentry/install/global_interface/local/lib/python3.10/dist-packages/global_interface/__init__.py
[42.507s] -- Symlinking: /home/rmsentry/DUST-RM-Sentry/install/global_interface/local/lib/python3.10/dist-packages/global_interface/_global_interface_s.ep.rosidl_typesupport_c.c
[42.516s] -- Symlinking: /home/rmsentry/DUST-RM-Sentry/install/global_interface/local/lib/python3.10/dist-packages/global_interface/_global_interface_s.ep.rosidl_typesupport_fastrtps_c.c
[42.526s] -- Symlinking: /home/rmsentry/DUST-RM-Sentry/install/global_interface/local/lib/python3.10/dist-packages/global_interface/_global_interface_s.ep.rosidl_typesupport_introspection_c.c
[42.527s] -- Symlinking: /home/rmsentry/DUST-RM-Sentry/install/global_interface/local/lib/python3.10/dist-packages/global_interface/global_interface_s__rosidl_typesupport_c.cpython-310-x86_64-linux-gnu.so
[42.533s] -- Symlinking: /home/rmsentry/DUST-RM-Sentry/install/global_interface/local/lib/python3.10/dist-packages/global_interface/global_interface_s__rosidl_typesupport_fastrtps_c.cpython-310-x86_64-linux-gnu.so
[42.539s] -- Symlinking: /home/rmsentry/DUST-RM-Sentry/install/global_interface/local/lib/python3.10/dist-packages/global_interface/global_interface_s__rosidl_typesupport_introspection_c.cpython-310-x86_64-linux-gnu.so
[42.543s] -- Symlinking: /home/rmsentry/DUST-RM-Sentry/install/global_interface/local/lib/python3.10/dist-packages/global_interface/libglobal_interface__rosidl_generator_py.so
[42.548s] -- Symlinking: /home/rmsentry/DUST-RM-Sentry/install/global_interface/local/lib/python3.10/dist-packages/global_interface/msg/__init__.py
[42.553s] -- Symlinking: /home/rmsentry/DUST-RM-Sentry/install/global_interface/local/lib/python3.10/dist-packages/global_interface/msg/_autoaim.py
[42.558s] -- Symlinking: /home/rmsentry/DUST-RM-Sentry/install/global_interface/local/lib/python3.10/dist-packages/global_interface/msg/_autoaim_s.c
[42.564s] -- Symlinking: /home/rmsentry/DUST-RM-Sentry/install/global_interface/local/lib/python3.10/dist-packages/global_interface/msg/_car_pos.py
[42.574s] -- Symlinking: /home/rmsentry/DUST-RM-Sentry/install/global_interface/local/lib/python3.10/dist-packages/global_interface/msg/_car_pos_s.c
[42.580s] -- Symlinking: /home/rmsentry/DUST-RM-Sentry/install/global_interface/local/lib/python3.10/dist-packages/global_interface/msg/_decision.py
[42.587s] -- Symlinking: /home/rmsentry/DUST-RM-Sentry/install/global_interface/local/lib/python3.10/dist-packages/global_interface/msg/_decision_s.c
[42.592s] -- Symlinking: /home/rmsentry/DUST-RM-Sentry/install/global_interface/local/lib/python3.10/dist-packages/global_interface/msg/_detection.py
[42.598s] -- Symlinking: /home/rmsentry/DUST-RM-Sentry/install/global_interface/local/lib/python3.10/dist-packages/global_interface/msg/_detection_array.py
[42.605s] -- Symlinking: /home/rmsentry/DUST-RM-Sentry/install/global_interface/local/lib/python3.10/dist-packages/global_interface/msg/_detection_array_s.c
[42.610s] -- Symlinking: /home/rmsentry/DUST-RM-Sentry/install/global_interface/local/lib/python3.10/dist-packages/global_interface/msg/_detection_s.c
[42.617s] -- Symlinking: /home/rmsentry/DUST-RM-Sentry/install/global_interface/local/lib/python3.10/dist-packages/global_interface/msg/_game_info.py
[42.623s] -- Symlinking: /home/rmsentry/DUST-RM-Sentry/install/global_interface/local/lib/python3.10/dist-packages/global_interface/msg/_game_info_s.c
[42.629s] -- Symlinking: /home/rmsentry/DUST-RM-Sentry/install/global_interface/local/lib/python3.10/dist-packages/global_interface/msg/_mode_set.py
[42.637s] -- Symlinking: /home/rmsentry/DUST-RM-Sentry/install/global_interface/local/lib/python3.10/dist-packages/global_interface/msg/_mode_set_s.c
[42.646s] -- Symlinking: /home/rmsentry/DUST-RM-Sentry/install/global_interface/local/lib/python3.10/dist-packages/global_interface/msg/_obj_hp.py
[42.650s] -- Symlinking: /home/rmsentry/DUST-RM-Sentry/install/global_interface/local/lib/python3.10/dist-packages/global_interface/msg/_obj_hp_s.c
[42.660s] -- Symlinking: /home/rmsentry/DUST-RM-Sentry/install/global_interface/local/lib/python3.10/dist-packages/global_interface/msg/_point2f.py
[42.664s] -- Symlinking: /home/rmsentry/DUST-RM-Sentry/install/global_interface/local/lib/python3.10/dist-packages/global_interface/msg/_point2f_s.c
[42.669s] -- Symlinking: /home/rmsentry/DUST-RM-Sentry/install/global_interface/local/lib/python3.10/dist-packages/global_interface/msg/_serial.py
[42.677s] -- Symlinking: /home/rmsentry/DUST-RM-Sentry/install/global_interface/local/lib/python3.10/dist-packages/global_interface/msg/_serial_s.c
[42.681s] -- Symlinking: /home/rmsentry/DUST-RM-Sentry/install/global_interface/local/lib/python3.10/dist-packages/global_interface/msg/_strike_licensing.py
[42.686s] -- Symlinking: /home/rmsentry/DUST-RM-Sentry/install/global_interface/local/lib/python3.10/dist-packages/global_interface/msg/_strike_licensing_s.c
[42.690s] -- Up-to-date symlink: /home/rmsentry/DUST-RM-Sentry/install/global_interface/local/lib/python3.10/dist-packages/global_interface/global_interface_s__rosidl_typesupport_fastrtps_c.cpython-310-x86_64-linux-gnu.so
[42.691s] -- Up-to-date symlink: /home/rmsentry/DUST-RM-Sentry/install/global_interface/local/lib/python3.10/dist-packages/global_interface/global_interface_s__rosidl_typesupport_introspection_c.cpython-310-x86_64-linux-gnu.so
[42.691s] -- Up-to-date symlink: /home/rmsentry/DUST-RM-Sentry/install/global_interface/local/lib/python3.10/dist-packages/global_interface/global_interface_s__rosidl_typesupport_c.cpython-310-x86_64-linux-gnu.so
[42.692s] -- Symlinking: /home/rmsentry/DUST-RM-Sentry/install/global_interface/share/global_interface/msg/ObjHP.idl
[42.699s] -- Symlinking: /home/rmsentry/DUST-RM-Sentry/install/global_interface/share/global_interface/msg/CarPos.idl
[42.704s] -- Symlinking: /home/rmsentry/DUST-RM-Sentry/install/global_interface/share/global_interface/msg/GameInfo.idl
[42.711s] -- Symlinking: /home/rmsentry/DUST-RM-Sentry/install/global_interface/share/global_interface/msg/Point2f.idl
[42.718s] -- Symlinking: /home/rmsentry/DUST-RM-Sentry/install/global_interface/share/global_interface/msg/Serial.idl
[42.723s] -- Symlinking: /home/rmsentry/DUST-RM-Sentry/install/global_interface/share/global_interface/msg/Detection.idl
[42.728s] -- Symlinking: /home/rmsentry/DUST-RM-Sentry/install/global_interface/share/global_interface/msg/DetectionArray.idl
[42.737s] -- Symlinking: /home/rmsentry/DUST-RM-Sentry/install/global_interface/share/global_interface/msg/Decision.idl
[42.743s] -- Symlinking: /home/rmsentry/DUST-RM-Sentry/install/global_interface/share/global_interface/msg/Autoaim.idl
[42.752s] -- Symlinking: /home/rmsentry/DUST-RM-Sentry/install/global_interface/share/global_interface/msg/ModeSet.idl
[42.761s] -- Symlinking: /home/rmsentry/DUST-RM-Sentry/install/global_interface/share/global_interface/msg/StrikeLicensing.idl
[42.775s] -- Symlinking: /home/rmsentry/DUST-RM-Sentry/install/global_interface/share/global_interface/msg/ObjHP.msg
[42.783s] -- Symlinking: /home/rmsentry/DUST-RM-Sentry/install/global_interface/share/global_interface/msg/CarPos.msg
[42.797s] -- Symlinking: /home/rmsentry/DUST-RM-Sentry/install/global_interface/share/global_interface/msg/GameInfo.msg
[42.802s] -- Symlinking: /home/rmsentry/DUST-RM-Sentry/install/global_interface/share/global_interface/msg/Point2f.msg
[42.812s] -- Symlinking: /home/rmsentry/DUST-RM-Sentry/install/global_interface/share/global_interface/msg/Serial.msg
[42.815s] -- Symlinking: /home/rmsentry/DUST-RM-Sentry/install/global_interface/share/global_interface/msg/Detection.msg
[42.823s] -- Symlinking: /home/rmsentry/DUST-RM-Sentry/install/global_interface/share/global_interface/msg/DetectionArray.msg
[42.833s] -- Symlinking: /home/rmsentry/DUST-RM-Sentry/install/global_interface/share/global_interface/msg/Decision.msg
[42.842s] -- Symlinking: /home/rmsentry/DUST-RM-Sentry/install/global_interface/share/global_interface/msg/Autoaim.msg
[42.850s] -- Symlinking: /home/rmsentry/DUST-RM-Sentry/install/global_interface/share/global_interface/msg/ModeSet.msg
[42.859s] -- Symlinking: /home/rmsentry/DUST-RM-Sentry/install/global_interface/share/global_interface/msg/StrikeLicensing.msg
[42.866s] -- Symlinking: /home/rmsentry/DUST-RM-Sentry/install/global_interface/share/ament_index/resource_index/package_run_dependencies/global_interface
[42.874s] -- Symlinking: /home/rmsentry/DUST-RM-Sentry/install/global_interface/share/ament_index/resource_index/parent_prefix_path/global_interface
[42.879s] -- Symlinking: /home/rmsentry/DUST-RM-Sentry/install/global_interface/share/global_interface/environment/ament_prefix_path.sh
[42.886s] -- Symlinking: /home/rmsentry/DUST-RM-Sentry/install/global_interface/share/global_interface/environment/ament_prefix_path.dsv
[42.895s] -- Symlinking: /home/rmsentry/DUST-RM-Sentry/install/global_interface/share/global_interface/environment/path.sh
[42.901s] -- Symlinking: /home/rmsentry/DUST-RM-Sentry/install/global_interface/share/global_interface/environment/path.dsv
[42.906s] -- Symlinking: /home/rmsentry/DUST-RM-Sentry/install/global_interface/share/global_interface/local_setup.bash
[42.912s] -- Symlinking: /home/rmsentry/DUST-RM-Sentry/install/global_interface/share/global_interface/local_setup.sh
[42.920s] -- Symlinking: /home/rmsentry/DUST-RM-Sentry/install/global_interface/share/global_interface/local_setup.zsh
[42.928s] -- Symlinking: /home/rmsentry/DUST-RM-Sentry/install/global_interface/share/global_interface/local_setup.dsv
[42.937s] -- Symlinking: /home/rmsentry/DUST-RM-Sentry/install/global_interface/share/global_interface/package.dsv
[42.949s] -- Symlinking: /home/rmsentry/DUST-RM-Sentry/install/global_interface/share/ament_index/resource_index/packages/global_interface
[42.955s] -- Symlinking: /home/rmsentry/DUST-RM-Sentry/install/global_interface/share/global_interface/cmake/rosidl_cmake-extras.cmake
[42.961s] -- Symlinking: /home/rmsentry/DUST-RM-Sentry/install/global_interface/share/global_interface/cmake/ament_cmake_export_dependencies-extras.cmake
[42.968s] -- Symlinking: /home/rmsentry/DUST-RM-Sentry/install/global_interface/share/global_interface/cmake/ament_cmake_export_include_directories-extras.cmake
[42.977s] -- Symlinking: /home/rmsentry/DUST-RM-Sentry/install/global_interface/share/global_interface/cmake/ament_cmake_export_libraries-extras.cmake
[42.985s] -- Symlinking: /home/rmsentry/DUST-RM-Sentry/install/global_interface/share/global_interface/cmake/ament_cmake_export_targets-extras.cmake
[42.991s] -- Symlinking: /home/rmsentry/DUST-RM-Sentry/install/global_interface/share/global_interface/cmake/rosidl_cmake_export_typesupport_targets-extras.cmake
[43.000s] -- Symlinking: /home/rmsentry/DUST-RM-Sentry/install/global_interface/share/global_interface/cmake/rosidl_cmake_export_typesupport_libraries-extras.cmake
[43.006s] -- Symlinking: /home/rmsentry/DUST-RM-Sentry/install/global_interface/share/global_interface/cmake/global_interfaceConfig.cmake
[43.015s] -- Symlinking: /home/rmsentry/DUST-RM-Sentry/install/global_interface/share/global_interface/cmake/global_interfaceConfig-version.cmake
[43.021s] -- Symlinking: /home/rmsentry/DUST-RM-Sentry/install/global_interface/share/global_interface/package.xml
[43.027s] -- Installing: /home/rmsentry/DUST-RM-Sentry/install/global_interface/lib/libglobal_interface__rosidl_generator_c.so
[43.031s] -- Set non-toolchain portion of runtime path of "/home/rmsentry/DUST-RM-Sentry/install/global_interface/lib/libglobal_interface__rosidl_generator_c.so" to ""
[43.032s] -- Installing: /home/rmsentry/DUST-RM-Sentry/install/global_interface/lib/libglobal_interface__rosidl_typesupport_fastrtps_c.so
[43.035s] -- Set non-toolchain portion of runtime path of "/home/rmsentry/DUST-RM-Sentry/install/global_interface/lib/libglobal_interface__rosidl_typesupport_fastrtps_c.so" to ""
[43.035s] -- Installing: /home/rmsentry/DUST-RM-Sentry/install/global_interface/lib/libglobal_interface__rosidl_typesupport_introspection_c.so
[43.038s] -- Set non-toolchain portion of runtime path of "/home/rmsentry/DUST-RM-Sentry/install/global_interface/lib/libglobal_interface__rosidl_typesupport_introspection_c.so" to ""
[43.039s] -- Installing: /home/rmsentry/DUST-RM-Sentry/install/global_interface/lib/libglobal_interface__rosidl_typesupport_c.so
[43.041s] -- Set non-toolchain portion of runtime path of "/home/rmsentry/DUST-RM-Sentry/install/global_interface/lib/libglobal_interface__rosidl_typesupport_c.so" to ""
[43.041s] -- Installing: /home/rmsentry/DUST-RM-Sentry/install/global_interface/lib/libglobal_interface__rosidl_typesupport_fastrtps_cpp.so
[43.043s] -- Set non-toolchain portion of runtime path of "/home/rmsentry/DUST-RM-Sentry/install/global_interface/lib/libglobal_interface__rosidl_typesupport_fastrtps_cpp.so" to ""
[43.043s] -- Installing: /home/rmsentry/DUST-RM-Sentry/install/global_interface/lib/libglobal_interface__rosidl_typesupport_introspection_cpp.so
[43.045s] -- Set non-toolchain portion of runtime path of "/home/rmsentry/DUST-RM-Sentry/install/global_interface/lib/libglobal_interface__rosidl_typesupport_introspection_cpp.so" to ""
[43.045s] -- Installing: /home/rmsentry/DUST-RM-Sentry/install/global_interface/lib/libglobal_interface__rosidl_typesupport_cpp.so
[43.047s] -- Set non-toolchain portion of runtime path of "/home/rmsentry/DUST-RM-Sentry/install/global_interface/lib/libglobal_interface__rosidl_typesupport_cpp.so" to ""
[43.124s] Listing '/home/rmsentry/DUST-RM-Sentry/install/global_interface/local/lib/python3.10/dist-packages/global_interface'...
[43.125s] Compiling '/home/rmsentry/DUST-RM-Sentry/install/global_interface/local/lib/python3.10/dist-packages/global_interface/__init__.py'...
[43.125s] Listing '/home/rmsentry/DUST-RM-Sentry/install/global_interface/local/lib/python3.10/dist-packages/global_interface/msg'...
[43.125s] Compiling '/home/rmsentry/DUST-RM-Sentry/install/global_interface/local/lib/python3.10/dist-packages/global_interface/msg/__init__.py'...
[43.125s] Compiling '/home/rmsentry/DUST-RM-Sentry/install/global_interface/local/lib/python3.10/dist-packages/global_interface/msg/_autoaim.py'...
[43.125s] Compiling '/home/rmsentry/DUST-RM-Sentry/install/global_interface/local/lib/python3.10/dist-packages/global_interface/msg/_car_pos.py'...
[43.125s] Compiling '/home/rmsentry/DUST-RM-Sentry/install/global_interface/local/lib/python3.10/dist-packages/global_interface/msg/_decision.py'...
[43.125s] Compiling '/home/rmsentry/DUST-RM-Sentry/install/global_interface/local/lib/python3.10/dist-packages/global_interface/msg/_detection.py'...
[43.125s] Compiling '/home/rmsentry/DUST-RM-Sentry/install/global_interface/local/lib/python3.10/dist-packages/global_interface/msg/_detection_array.py'...
[43.125s] Compiling '/home/rmsentry/DUST-RM-Sentry/install/global_interface/local/lib/python3.10/dist-packages/global_interface/msg/_game_info.py'...
[43.125s] Compiling '/home/rmsentry/DUST-RM-Sentry/install/global_interface/local/lib/python3.10/dist-packages/global_interface/msg/_mode_set.py'...
[43.125s] Compiling '/home/rmsentry/DUST-RM-Sentry/install/global_interface/local/lib/python3.10/dist-packages/global_interface/msg/_obj_hp.py'...
[43.125s] Compiling '/home/rmsentry/DUST-RM-Sentry/install/global_interface/local/lib/python3.10/dist-packages/global_interface/msg/_point2f.py'...
[43.125s] Compiling '/home/rmsentry/DUST-RM-Sentry/install/global_interface/local/lib/python3.10/dist-packages/global_interface/msg/_serial.py'...
[43.125s] Compiling '/home/rmsentry/DUST-RM-Sentry/install/global_interface/local/lib/python3.10/dist-packages/global_interface/msg/_strike_licensing.py'...
[43.133s] -- Installing: /home/rmsentry/DUST-RM-Sentry/install/global_interface/lib/libglobal_interface__rosidl_generator_py.so
[43.134s] -- Set non-toolchain portion of runtime path of "/home/rmsentry/DUST-RM-Sentry/install/global_interface/lib/libglobal_interface__rosidl_generator_py.so" to ""
[43.135s] -- Installing: /home/rmsentry/DUST-RM-Sentry/install/global_interface/share/global_interface/cmake/export_global_interface__rosidl_generator_cExport.cmake
[43.137s] -- Installing: /home/rmsentry/DUST-RM-Sentry/install/global_interface/share/global_interface/cmake/export_global_interface__rosidl_generator_cExport-noconfig.cmake
[43.138s] -- Installing: /home/rmsentry/DUST-RM-Sentry/install/global_interface/share/global_interface/cmake/export_global_interface__rosidl_typesupport_fastrtps_cExport.cmake
[43.140s] -- Installing: /home/rmsentry/DUST-RM-Sentry/install/global_interface/share/global_interface/cmake/export_global_interface__rosidl_typesupport_fastrtps_cExport-noconfig.cmake
[43.141s] -- Installing: /home/rmsentry/DUST-RM-Sentry/install/global_interface/share/global_interface/cmake/global_interface__rosidl_typesupport_introspection_cExport.cmake
[43.143s] -- Installing: /home/rmsentry/DUST-RM-Sentry/install/global_interface/share/global_interface/cmake/global_interface__rosidl_typesupport_introspection_cExport-noconfig.cmake
[43.144s] -- Installing: /home/rmsentry/DUST-RM-Sentry/install/global_interface/share/global_interface/cmake/global_interface__rosidl_typesupport_cExport.cmake
[43.145s] -- Installing: /home/rmsentry/DUST-RM-Sentry/install/global_interface/share/global_interface/cmake/global_interface__rosidl_typesupport_cExport-noconfig.cmake
[43.147s] -- Installing: /home/rmsentry/DUST-RM-Sentry/install/global_interface/share/global_interface/cmake/export_global_interface__rosidl_generator_cppExport.cmake
[43.148s] -- Installing: /home/rmsentry/DUST-RM-Sentry/install/global_interface/share/global_interface/cmake/export_global_interface__rosidl_typesupport_fastrtps_cppExport.cmake
[43.149s] -- Installing: /home/rmsentry/DUST-RM-Sentry/install/global_interface/share/global_interface/cmake/export_global_interface__rosidl_typesupport_fastrtps_cppExport-noconfig.cmake
[43.151s] -- Installing: /home/rmsentry/DUST-RM-Sentry/install/global_interface/share/global_interface/cmake/global_interface__rosidl_typesupport_introspection_cppExport.cmake
[43.151s] -- Installing: /home/rmsentry/DUST-RM-Sentry/install/global_interface/share/global_interface/cmake/global_interface__rosidl_typesupport_introspection_cppExport-noconfig.cmake
[43.152s] -- Installing: /home/rmsentry/DUST-RM-Sentry/install/global_interface/share/global_interface/cmake/global_interface__rosidl_typesupport_cppExport.cmake
[43.153s] -- Installing: /home/rmsentry/DUST-RM-Sentry/install/global_interface/share/global_interface/cmake/global_interface__rosidl_typesupport_cppExport-noconfig.cmake
[43.154s] -- Installing: /home/rmsentry/DUST-RM-Sentry/install/global_interface/share/global_interface/cmake/export_global_interface__rosidl_generator_pyExport.cmake
[43.155s] -- Installing: /home/rmsentry/DUST-RM-Sentry/install/global_interface/share/global_interface/cmake/export_global_interface__rosidl_generator_pyExport-noconfig.cmake
[43.186s] Invoked command in '/home/rmsentry/DUST-RM-Sentry/build/global_interface' returned '0': CMAKE_PREFIX_PATH=${CMAKE_PREFIX_PATH}:/home/rmsentry/DUST-RM-Sentry/install/rm_decision:/home/rmsentry/DUST-RM-Sentry/install/fake_msg_publisher:/opt/ros/humble /usr/local/bin/cmake --install /home/rmsentry/DUST-RM-Sentry/build/global_interface
