[0.038s] Invoking command in '/home/rmsentry/DUST-RM-Sentry/build/linefit_ground_segmentation': CMAKE_PREFIX_PATH=${CMAKE_PREFIX_PATH}:/home/rmsentry/DUST-RM-Sentry/install/rm_decision:/home/rmsentry/DUST-RM-Sentry/install/fake_msg_publisher:/opt/ros/humble /usr/local/bin/cmake --build /home/rmsentry/DUST-RM-Sentry/build/linefit_ground_segmentation -- -j12 -l12
[0.174s] [100%] Built target linefit_ground_segmentation
[0.229s] Invoked command in '/home/rmsentry/DUST-RM-Sentry/build/linefit_ground_segmentation' returned '0': CMAKE_PREFIX_PATH=${CMAKE_PREFIX_PATH}:/home/rmsentry/DUST-RM-Sentry/install/rm_decision:/home/rmsentry/DUST-RM-Sentry/install/fake_msg_publisher:/opt/ros/humble /usr/local/bin/cmake --build /home/rmsentry/DUST-RM-Sentry/build/linefit_ground_segmentation -- -j12 -l12
[0.230s] Invoking command in '/home/rmsentry/DUST-RM-Sentry/build/linefit_ground_segmentation': CMAKE_PREFIX_PATH=${CMAKE_PREFIX_PATH}:/home/rmsentry/DUST-RM-Sentry/install/rm_decision:/home/rmsentry/DUST-RM-Sentry/install/fake_msg_publisher:/opt/ros/humble /usr/local/bin/cmake --install /home/rmsentry/DUST-RM-Sentry/build/linefit_ground_segmentation
[0.259s] -- Install configuration: ""
[0.259s] -- Execute custom install script
[0.259s] -- Up-to-date symlink: /home/rmsentry/DUST-RM-Sentry/install/linefit_ground_segmentation/include/ground_segmentation/bin.h
[0.259s] -- Up-to-date symlink: /home/rmsentry/DUST-RM-Sentry/install/linefit_ground_segmentation/include/ground_segmentation/ground_segmentation.h
[0.260s] -- Up-to-date symlink: /home/rmsentry/DUST-RM-Sentry/install/linefit_ground_segmentation/include/ground_segmentation/segment.h
[0.260s] -- Up-to-date symlink: /home/rmsentry/DUST-RM-Sentry/install/linefit_ground_segmentation/include/ground_segmentation/typedefs.h
[0.260s] -- Up-to-date symlink: /home/rmsentry/DUST-RM-Sentry/install/linefit_ground_segmentation/include/ground_segmentation/viewer.h
[0.260s] -- Up-to-date symlink: /home/rmsentry/DUST-RM-Sentry/install/linefit_ground_segmentation/share/linefit_ground_segmentation/environment/library_path.sh
[0.260s] -- Up-to-date symlink: /home/rmsentry/DUST-RM-Sentry/install/linefit_ground_segmentation/share/linefit_ground_segmentation/environment/library_path.dsv
[0.260s] -- Up-to-date symlink: /home/rmsentry/DUST-RM-Sentry/install/linefit_ground_segmentation/lib/liblinefit_ground_segmentation.so
[0.260s] -- Up-to-date symlink: /home/rmsentry/DUST-RM-Sentry/install/linefit_ground_segmentation/share/ament_index/resource_index/package_run_dependencies/linefit_ground_segmentation
[0.260s] -- Up-to-date symlink: /home/rmsentry/DUST-RM-Sentry/install/linefit_ground_segmentation/share/ament_index/resource_index/parent_prefix_path/linefit_ground_segmentation
[0.260s] -- Up-to-date symlink: /home/rmsentry/DUST-RM-Sentry/install/linefit_ground_segmentation/share/linefit_ground_segmentation/environment/ament_prefix_path.sh
[0.260s] -- Up-to-date symlink: /home/rmsentry/DUST-RM-Sentry/install/linefit_ground_segmentation/share/linefit_ground_segmentation/environment/ament_prefix_path.dsv
[0.260s] -- Up-to-date symlink: /home/rmsentry/DUST-RM-Sentry/install/linefit_ground_segmentation/share/linefit_ground_segmentation/environment/path.sh
[0.260s] -- Up-to-date symlink: /home/rmsentry/DUST-RM-Sentry/install/linefit_ground_segmentation/share/linefit_ground_segmentation/environment/path.dsv
[0.260s] -- Up-to-date symlink: /home/rmsentry/DUST-RM-Sentry/install/linefit_ground_segmentation/share/linefit_ground_segmentation/local_setup.bash
[0.260s] -- Up-to-date symlink: /home/rmsentry/DUST-RM-Sentry/install/linefit_ground_segmentation/share/linefit_ground_segmentation/local_setup.sh
[0.260s] -- Up-to-date symlink: /home/rmsentry/DUST-RM-Sentry/install/linefit_ground_segmentation/share/linefit_ground_segmentation/local_setup.zsh
[0.260s] -- Up-to-date symlink: /home/rmsentry/DUST-RM-Sentry/install/linefit_ground_segmentation/share/linefit_ground_segmentation/local_setup.dsv
[0.260s] -- Symlinking: /home/rmsentry/DUST-RM-Sentry/install/linefit_ground_segmentation/share/linefit_ground_segmentation/package.dsv
[0.286s] -- Up-to-date symlink: /home/rmsentry/DUST-RM-Sentry/install/linefit_ground_segmentation/share/ament_index/resource_index/packages/linefit_ground_segmentation
[0.286s] -- Up-to-date symlink: /home/rmsentry/DUST-RM-Sentry/install/linefit_ground_segmentation/share/linefit_ground_segmentation/cmake/ament_cmake_export_dependencies-extras.cmake
[0.286s] -- Up-to-date symlink: /home/rmsentry/DUST-RM-Sentry/install/linefit_ground_segmentation/share/linefit_ground_segmentation/cmake/ament_cmake_export_include_directories-extras.cmake
[0.286s] -- Up-to-date symlink: /home/rmsentry/DUST-RM-Sentry/install/linefit_ground_segmentation/share/linefit_ground_segmentation/cmake/ament_cmake_export_libraries-extras.cmake
[0.286s] -- Up-to-date symlink: /home/rmsentry/DUST-RM-Sentry/install/linefit_ground_segmentation/share/linefit_ground_segmentation/cmake/linefit_ground_segmentationConfig.cmake
[0.286s] -- Up-to-date symlink: /home/rmsentry/DUST-RM-Sentry/install/linefit_ground_segmentation/share/linefit_ground_segmentation/cmake/linefit_ground_segmentationConfig-version.cmake
[0.286s] -- Up-to-date symlink: /home/rmsentry/DUST-RM-Sentry/install/linefit_ground_segmentation/share/linefit_ground_segmentation/package.xml
[0.365s] Invoked command in '/home/rmsentry/DUST-RM-Sentry/build/linefit_ground_segmentation' returned '0': CMAKE_PREFIX_PATH=${CMAKE_PREFIX_PATH}:/home/rmsentry/DUST-RM-Sentry/install/rm_decision:/home/rmsentry/DUST-RM-Sentry/install/fake_msg_publisher:/opt/ros/humble /usr/local/bin/cmake --install /home/rmsentry/DUST-RM-Sentry/build/linefit_ground_segmentation
