[0.025s] Invoking command in '/home/rmsentry/DUST-RM-Sentry/build/rm_decision_interfaces': CMAKE_PREFIX_PATH=${CMAKE_PREFIX_PATH}:/home/rmsentry/DUST-RM-Sentry/install/rm_decision:/home/rmsentry/DUST-RM-Sentry/install/fake_msg_publisher:/opt/ros/humble /usr/local/bin/cmake /home/rmsentry/DUST-RM-Sentry/src/rm_decision/src/rm_decision_interfaces -DAMENT_CMAKE_SYMLINK_INSTALL=1 -DCMAKE_INSTALL_PREFIX=/home/rmsentry/DUST-RM-Sentry/install/rm_decision_interfaces
[0.095s] -- The C compiler identification is GNU 11.4.0
[0.188s] -- The CXX compiler identification is GNU 11.4.0
[0.205s] -- Detecting C compiler ABI info
[0.298s] -- Detecting C compiler ABI info - done
[0.318s] -- Check for working C compiler: /usr/bin/cc - skipped
[0.318s] -- Detecting C compile features
[0.319s] -- Detecting C compile features - done
[0.325s] -- Detecting CXX compiler ABI info
[0.435s] -- Detecting CXX compiler ABI info - done
[0.454s] -- Check for working CXX compiler: /usr/bin/c++ - skipped
[0.454s] -- Detecting CXX compile features
[0.457s] -- Detecting CXX compile features - done
[0.463s] -- Found ament_cmake: 1.3.12 (/opt/ros/humble/share/ament_cmake/cmake)
[0.668s] -- Found Python3: /usr/bin/python3 (found version "3.10.12") found components: Interpreter
[0.789s] -- Override CMake install command with custom implementation using symlinks instead of copying resources
[0.823s] -- Found rosidl_default_generators: 1.2.0 (/opt/ros/humble/share/rosidl_default_generators/cmake)
[0.833s] -- Using all available rosidl_typesupport_c: rosidl_typesupport_fastrtps_c;rosidl_typesupport_introspection_c
[0.841s] -- Found rosidl_adapter: 3.1.7 (/opt/ros/humble/share/rosidl_adapter/cmake)
[0.902s] -- Using all available rosidl_typesupport_cpp: rosidl_typesupport_fastrtps_cpp;rosidl_typesupport_introspection_cpp
[0.963s] -- Found geometry_msgs: 4.9.0 (/opt/ros/humble/share/geometry_msgs/cmake)
[1.027s] -- Found ament_lint_auto: 0.12.14 (/opt/ros/humble/share/ament_lint_auto/cmake)
[1.657s] -- Found ament_cmake_ros: 0.10.0 (/opt/ros/humble/share/ament_cmake_ros/cmake)
[2.785s] -- Using all available rosidl_typesupport_c: rosidl_typesupport_fastrtps_c;rosidl_typesupport_introspection_c
[4.435s] -- Using all available rosidl_typesupport_cpp: rosidl_typesupport_fastrtps_cpp;rosidl_typesupport_introspection_cpp
[4.440s] [33mCMake Warning (dev) at /opt/ros/humble/share/rosidl_generator_py/cmake/rosidl_generator_py_generate_interfaces.cmake:20 (find_package):
[4.442s]   Policy CMP0148 is not set: The FindPythonInterp and FindPythonLibs modules
[4.442s]   are removed.  Run "cmake --help-policy CMP0148" for policy details.  Use
[4.443s]   the cmake_policy command to set the policy and suppress this warning.
[4.443s] 
[4.443s] Call Stack (most recent call first):
[4.443s]   /opt/ros/humble/share/ament_cmake_core/cmake/core/ament_execute_extensions.cmake:48 (include)
[4.443s]   /opt/ros/humble/share/rosidl_cmake/cmake/rosidl_generate_interfaces.cmake:286 (ament_execute_extensions)
[4.443s]   CMakeLists.txt:25 (rosidl_generate_interfaces)
[4.443s] This warning is for project developers.  Use -Wno-dev to suppress it.
[4.443s] [0m
[4.505s] -- Found PythonInterp: /usr/bin/python3 (found suitable version "3.10.12", minimum required is "3.6")
[4.510s] -- Found python_cmake_module: 0.10.0 (/opt/ros/humble/share/python_cmake_module/cmake)
[4.510s] [33mCMake Warning (dev) at /opt/ros/humble/share/python_cmake_module/cmake/Modules/FindPythonExtra.cmake:52 (find_package):
[4.510s]   Policy CMP0148 is not set: The FindPythonInterp and FindPythonLibs modules
[4.510s]   are removed.  Run "cmake --help-policy CMP0148" for policy details.  Use
[4.510s]   the cmake_policy command to set the policy and suppress this warning.
[4.510s] 
[4.511s] Call Stack (most recent call first):
[4.511s]   /opt/ros/humble/share/rosidl_generator_py/cmake/rosidl_generator_py_generate_interfaces.cmake:23 (find_package)
[4.511s]   /opt/ros/humble/share/ament_cmake_core/cmake/core/ament_execute_extensions.cmake:48 (include)
[4.511s]   /opt/ros/humble/share/rosidl_cmake/cmake/rosidl_generate_interfaces.cmake:286 (ament_execute_extensions)
[4.511s]   CMakeLists.txt:25 (rosidl_generate_interfaces)
[4.511s] This warning is for project developers.  Use -Wno-dev to suppress it.
[4.511s] [0m
[4.584s] [33mCMake Warning (dev) at /opt/ros/humble/share/python_cmake_module/cmake/Modules/FindPythonExtra.cmake:140 (find_package):
[4.585s]   Policy CMP0148 is not set: The FindPythonInterp and FindPythonLibs modules
[4.585s]   are removed.  Run "cmake --help-policy CMP0148" for policy details.  Use
[4.585s]   the cmake_policy command to set the policy and suppress this warning.
[4.585s] 
[4.585s] Call Stack (most recent call first):
[4.585s]   /opt/ros/humble/share/rosidl_generator_py/cmake/rosidl_generator_py_generate_interfaces.cmake:23 (find_package)
[4.585s]   /opt/ros/humble/share/ament_cmake_core/cmake/core/ament_execute_extensions.cmake:48 (include)
[4.585s]   /opt/ros/humble/share/rosidl_cmake/cmake/rosidl_generate_interfaces.cmake:286 (ament_execute_extensions)
[4.585s]   CMakeLists.txt:25 (rosidl_generate_interfaces)
[4.585s] This warning is for project developers.  Use -Wno-dev to suppress it.
[4.585s] [0m
[4.602s] -- Found PythonLibs: /usr/lib/x86_64-linux-gnu/libpython3.10.so (found suitable version "3.10.12", minimum required is "3.5")
[4.602s] -- Using PYTHON_EXECUTABLE: /usr/bin/python3
[4.602s] -- Using PYTHON_INCLUDE_DIRS: /usr/include/python3.10
[4.602s] -- Using PYTHON_LIBRARIES: /usr/lib/x86_64-linux-gnu/libpython3.10.so
[4.661s] -- Found PythonExtra: .so
[4.929s] -- Added test 'lint_cmake' to check CMake code style
[4.936s] -- Added test 'xmllint' to check XML markup files
[4.968s] -- Configuring done (4.9s)
[5.086s] -- Generating done (0.1s)
[5.099s] -- Build files have been written to: /home/rmsentry/DUST-RM-Sentry/build/rm_decision_interfaces
[5.180s] Invoked command in '/home/rmsentry/DUST-RM-Sentry/build/rm_decision_interfaces' returned '0': CMAKE_PREFIX_PATH=${CMAKE_PREFIX_PATH}:/home/rmsentry/DUST-RM-Sentry/install/rm_decision:/home/rmsentry/DUST-RM-Sentry/install/fake_msg_publisher:/opt/ros/humble /usr/local/bin/cmake /home/rmsentry/DUST-RM-Sentry/src/rm_decision/src/rm_decision_interfaces -DAMENT_CMAKE_SYMLINK_INSTALL=1 -DCMAKE_INSTALL_PREFIX=/home/rmsentry/DUST-RM-Sentry/install/rm_decision_interfaces
[5.180s] Invoking command in '/home/rmsentry/DUST-RM-Sentry/build/rm_decision_interfaces': CMAKE_PREFIX_PATH=${CMAKE_PREFIX_PATH}:/home/rmsentry/DUST-RM-Sentry/install/rm_decision:/home/rmsentry/DUST-RM-Sentry/install/fake_msg_publisher:/opt/ros/humble /usr/local/bin/cmake --build /home/rmsentry/DUST-RM-Sentry/build/rm_decision_interfaces -- -j12 -l12
[15.089s] [  3%] [34m[1mGenerating C code for ROS interfaces[0m
[15.089s] [  6%] [34m[1mGenerating C++ code for ROS interfaces[0m
[15.089s] [  6%] Built target ament_cmake_python_symlink_rm_decision_interfaces
[15.089s] running egg_info
[15.089s] creating rm_decision_interfaces.egg-info
[15.089s] writing rm_decision_interfaces.egg-info/PKG-INFO
[15.089s] writing dependency_links to rm_decision_interfaces.egg-info/dependency_links.txt
[15.089s] writing top-level names to rm_decision_interfaces.egg-info/top_level.txt
[15.089s] writing manifest file 'rm_decision_interfaces.egg-info/SOURCES.txt'
[15.089s] reading manifest file 'rm_decision_interfaces.egg-info/SOURCES.txt'
[15.089s] writing manifest file 'rm_decision_interfaces.egg-info/SOURCES.txt'
[15.089s] [  6%] Built target ament_cmake_python_build_rm_decision_interfaces_egg
[15.089s] [  9%] [32mBuilding C object CMakeFiles/rm_decision_interfaces__rosidl_generator_c.dir/rosidl_generator_c/rm_decision_interfaces/msg/detail/refree__functions.c.o[0m
[15.089s] [  9%] Built target rm_decision_interfaces__cpp
[15.089s] [ 12%] [34m[1mGenerating C++ type support dispatch for ROS interfaces[0m
[15.089s] [ 19%] [32m[1mLinking C shared library librm_decision_interfaces__rosidl_generator_c.so[0m
[15.089s] [ 16%] [34m[1mGenerating C++ type support for eProsima Fast-RTPS[0m
[15.090s] [ 22%] [34m[1mGenerating C++ introspection for ROS interfaces[0m
[15.090s] [ 22%] Built target rm_decision_interfaces__rosidl_generator_c
[15.090s] [ 25%] [34m[1mGenerating C type support dispatch for ROS interfaces[0m
[15.090s] [ 29%] [34m[1mGenerating C type support for eProsima Fast-RTPS[0m
[15.090s] [ 32%] [34m[1mGenerating C introspection for ROS interfaces[0m
[15.090s] [ 35%] [32mBuilding CXX object CMakeFiles/rm_decision_interfaces__rosidl_typesupport_introspection_cpp.dir/rosidl_typesupport_introspection_cpp/rm_decision_interfaces/msg/detail/refree__type_support.cpp.o[0m
[15.090s] [ 38%] [32mBuilding CXX object CMakeFiles/rm_decision_interfaces__rosidl_typesupport_fastrtps_c.dir/rosidl_typesupport_fastrtps_c/rm_decision_interfaces/msg/detail/refree__type_support_c.cpp.o[0m
[15.090s] [ 41%] [32mBuilding C object CMakeFiles/rm_decision_interfaces__rosidl_typesupport_introspection_c.dir/rosidl_typesupport_introspection_c/rm_decision_interfaces/msg/detail/refree__type_support.c.o[0m
[15.090s] [ 45%] [32m[1mLinking C shared library librm_decision_interfaces__rosidl_typesupport_introspection_c.so[0m
[15.090s] [ 48%] [32mBuilding CXX object CMakeFiles/rm_decision_interfaces__rosidl_typesupport_cpp.dir/rosidl_typesupport_cpp/rm_decision_interfaces/msg/refree__type_support.cpp.o[0m
[15.090s] [ 48%] Built target rm_decision_interfaces__rosidl_typesupport_introspection_c
[15.090s] [ 51%] [32m[1mLinking CXX shared library librm_decision_interfaces__rosidl_typesupport_introspection_cpp.so[0m
[15.090s] [ 54%] [32mBuilding CXX object CMakeFiles/rm_decision_interfaces__rosidl_typesupport_fastrtps_cpp.dir/rosidl_typesupport_fastrtps_cpp/rm_decision_interfaces/msg/detail/dds_fastrtps/refree__type_support.cpp.o[0m
[15.090s] [ 58%] [32mBuilding CXX object CMakeFiles/rm_decision_interfaces__rosidl_typesupport_c.dir/rosidl_typesupport_c/rm_decision_interfaces/msg/refree__type_support.cpp.o[0m
[15.090s] [ 58%] Built target rm_decision_interfaces__rosidl_typesupport_introspection_cpp
[15.090s] [ 61%] [32m[1mLinking CXX shared library librm_decision_interfaces__rosidl_typesupport_c.so[0m
[15.090s] [ 61%] Built target rm_decision_interfaces__rosidl_typesupport_c
[15.090s] [ 64%] [32m[1mLinking CXX shared library librm_decision_interfaces__rosidl_typesupport_cpp.so[0m
[15.090s] [ 64%] Built target rm_decision_interfaces__rosidl_typesupport_cpp
[15.090s] [ 67%] [32m[1mLinking CXX shared library librm_decision_interfaces__rosidl_typesupport_fastrtps_cpp.so[0m
[15.090s] [ 67%] Built target rm_decision_interfaces__rosidl_typesupport_fastrtps_cpp
[15.090s] [ 70%] [32m[1mLinking CXX shared library librm_decision_interfaces__rosidl_typesupport_fastrtps_c.so[0m
[15.090s] [ 70%] Built target rm_decision_interfaces__rosidl_typesupport_fastrtps_c
[15.090s] [ 70%] Built target rm_decision_interfaces
[15.090s] [ 74%] [34m[1mGenerating Python code for ROS interfaces[0m
[15.091s] [ 74%] Built target rm_decision_interfaces__py
[15.091s] [ 77%] [32mBuilding C object CMakeFiles/rm_decision_interfaces__rosidl_generator_py.dir/rosidl_generator_py/rm_decision_interfaces/msg/_refree_s.c.o[0m
[15.091s] [ 80%] [32m[1mLinking C shared library rosidl_generator_py/rm_decision_interfaces/librm_decision_interfaces__rosidl_generator_py.so[0m
[15.091s] [ 80%] Built target rm_decision_interfaces__rosidl_generator_py
[15.091s] [ 83%] [32mBuilding C object CMakeFiles/rm_decision_interfaces__rosidl_typesupport_fastrtps_c__pyext.dir/rosidl_generator_py/rm_decision_interfaces/_rm_decision_interfaces_s.ep.rosidl_typesupport_fastrtps_c.c.o[0m
[15.091s] [ 87%] [32mBuilding C object CMakeFiles/rm_decision_interfaces__rosidl_typesupport_c__pyext.dir/rosidl_generator_py/rm_decision_interfaces/_rm_decision_interfaces_s.ep.rosidl_typesupport_c.c.o[0m
[15.091s] [ 90%] [32mBuilding C object CMakeFiles/rm_decision_interfaces__rosidl_typesupport_introspection_c__pyext.dir/rosidl_generator_py/rm_decision_interfaces/_rm_decision_interfaces_s.ep.rosidl_typesupport_introspection_c.c.o[0m
[15.091s] [ 93%] [32m[1mLinking C shared library rosidl_generator_py/rm_decision_interfaces/rm_decision_interfaces_s__rosidl_typesupport_introspection_c.cpython-310-x86_64-linux-gnu.so[0m
[15.091s] [ 93%] Built target rm_decision_interfaces__rosidl_typesupport_introspection_c__pyext
[15.091s] [ 96%] [32m[1mLinking C shared library rosidl_generator_py/rm_decision_interfaces/rm_decision_interfaces_s__rosidl_typesupport_c.cpython-310-x86_64-linux-gnu.so[0m
[15.091s] [100%] [32m[1mLinking C shared library rosidl_generator_py/rm_decision_interfaces/rm_decision_interfaces_s__rosidl_typesupport_fastrtps_c.cpython-310-x86_64-linux-gnu.so[0m
[15.091s] [100%] Built target rm_decision_interfaces__rosidl_typesupport_c__pyext
[15.091s] [100%] Built target rm_decision_interfaces__rosidl_typesupport_fastrtps_c__pyext
[15.091s] Invoked command in '/home/rmsentry/DUST-RM-Sentry/build/rm_decision_interfaces' returned '0': CMAKE_PREFIX_PATH=${CMAKE_PREFIX_PATH}:/home/rmsentry/DUST-RM-Sentry/install/rm_decision:/home/rmsentry/DUST-RM-Sentry/install/fake_msg_publisher:/opt/ros/humble /usr/local/bin/cmake --build /home/rmsentry/DUST-RM-Sentry/build/rm_decision_interfaces -- -j12 -l12
[15.098s] Invoking command in '/home/rmsentry/DUST-RM-Sentry/build/rm_decision_interfaces': CMAKE_PREFIX_PATH=${CMAKE_PREFIX_PATH}:/home/rmsentry/DUST-RM-Sentry/install/rm_decision:/home/rmsentry/DUST-RM-Sentry/install/fake_msg_publisher:/opt/ros/humble /usr/local/bin/cmake --install /home/rmsentry/DUST-RM-Sentry/build/rm_decision_interfaces
[16.462s] -- Install configuration: ""
[16.462s] -- Execute custom install script
[16.462s] -- Symlinking: /home/rmsentry/DUST-RM-Sentry/install/rm_decision_interfaces/share/ament_index/resource_index/rosidl_interfaces/rm_decision_interfaces
[16.463s] -- Symlinking: /home/rmsentry/DUST-RM-Sentry/install/rm_decision_interfaces/include/rm_decision_interfaces/rm_decision_interfaces/msg/detail/refree__functions.h
[16.463s] -- Symlinking: /home/rmsentry/DUST-RM-Sentry/install/rm_decision_interfaces/include/rm_decision_interfaces/rm_decision_interfaces/msg/detail/refree__struct.h
[16.463s] -- Symlinking: /home/rmsentry/DUST-RM-Sentry/install/rm_decision_interfaces/include/rm_decision_interfaces/rm_decision_interfaces/msg/detail/refree__type_support.h
[16.463s] -- Symlinking: /home/rmsentry/DUST-RM-Sentry/install/rm_decision_interfaces/include/rm_decision_interfaces/rm_decision_interfaces/msg/refree.h
[16.463s] -- Symlinking: /home/rmsentry/DUST-RM-Sentry/install/rm_decision_interfaces/include/rm_decision_interfaces/rm_decision_interfaces/msg/rosidl_generator_c__visibility_control.h
[16.463s] -- Symlinking: /home/rmsentry/DUST-RM-Sentry/install/rm_decision_interfaces/share/rm_decision_interfaces/environment/library_path.sh
[16.463s] -- Symlinking: /home/rmsentry/DUST-RM-Sentry/install/rm_decision_interfaces/share/rm_decision_interfaces/environment/library_path.dsv
[16.463s] -- Symlinking: /home/rmsentry/DUST-RM-Sentry/install/rm_decision_interfaces/include/rm_decision_interfaces/rm_decision_interfaces/msg/detail/refree__rosidl_typesupport_fastrtps_c.h
[16.463s] -- Symlinking: /home/rmsentry/DUST-RM-Sentry/install/rm_decision_interfaces/include/rm_decision_interfaces/rm_decision_interfaces/msg/rosidl_typesupport_fastrtps_c__visibility_control.h
[16.463s] -- Symlinking: /home/rmsentry/DUST-RM-Sentry/install/rm_decision_interfaces/include/rm_decision_interfaces/rm_decision_interfaces/msg/detail/refree__rosidl_typesupport_introspection_c.h
[16.463s] -- Symlinking: /home/rmsentry/DUST-RM-Sentry/install/rm_decision_interfaces/include/rm_decision_interfaces/rm_decision_interfaces/msg/rosidl_typesupport_introspection_c__visibility_control.h
[16.463s] -- Symlinking: /home/rmsentry/DUST-RM-Sentry/install/rm_decision_interfaces/include/rm_decision_interfaces/rm_decision_interfaces/msg/detail/refree__builder.hpp
[16.463s] -- Symlinking: /home/rmsentry/DUST-RM-Sentry/install/rm_decision_interfaces/include/rm_decision_interfaces/rm_decision_interfaces/msg/detail/refree__struct.hpp
[16.463s] -- Symlinking: /home/rmsentry/DUST-RM-Sentry/install/rm_decision_interfaces/include/rm_decision_interfaces/rm_decision_interfaces/msg/detail/refree__traits.hpp
[16.463s] -- Symlinking: /home/rmsentry/DUST-RM-Sentry/install/rm_decision_interfaces/include/rm_decision_interfaces/rm_decision_interfaces/msg/detail/refree__type_support.hpp
[16.463s] -- Symlinking: /home/rmsentry/DUST-RM-Sentry/install/rm_decision_interfaces/include/rm_decision_interfaces/rm_decision_interfaces/msg/refree.hpp
[16.463s] -- Symlinking: /home/rmsentry/DUST-RM-Sentry/install/rm_decision_interfaces/include/rm_decision_interfaces/rm_decision_interfaces/msg/rosidl_generator_cpp__visibility_control.hpp
[16.463s] -- Symlinking: /home/rmsentry/DUST-RM-Sentry/install/rm_decision_interfaces/include/rm_decision_interfaces/rm_decision_interfaces/msg/detail/refree__rosidl_typesupport_fastrtps_cpp.hpp
[16.463s] -- Symlinking: /home/rmsentry/DUST-RM-Sentry/install/rm_decision_interfaces/include/rm_decision_interfaces/rm_decision_interfaces/msg/rosidl_typesupport_fastrtps_cpp__visibility_control.h
[16.477s] -- Symlinking: /home/rmsentry/DUST-RM-Sentry/install/rm_decision_interfaces/include/rm_decision_interfaces/rm_decision_interfaces/msg/detail/refree__rosidl_typesupport_introspection_cpp.hpp
[16.477s] -- Symlinking: /home/rmsentry/DUST-RM-Sentry/install/rm_decision_interfaces/share/rm_decision_interfaces/environment/pythonpath.sh
[16.477s] -- Symlinking: /home/rmsentry/DUST-RM-Sentry/install/rm_decision_interfaces/share/rm_decision_interfaces/environment/pythonpath.dsv
[16.477s] -- Symlinking: /home/rmsentry/DUST-RM-Sentry/install/rm_decision_interfaces/local/lib/python3.10/dist-packages/rm_decision_interfaces-0.0.0-py3.10.egg-info/PKG-INFO
[16.477s] -- Symlinking: /home/rmsentry/DUST-RM-Sentry/install/rm_decision_interfaces/local/lib/python3.10/dist-packages/rm_decision_interfaces-0.0.0-py3.10.egg-info/SOURCES.txt
[16.477s] -- Symlinking: /home/rmsentry/DUST-RM-Sentry/install/rm_decision_interfaces/local/lib/python3.10/dist-packages/rm_decision_interfaces-0.0.0-py3.10.egg-info/dependency_links.txt
[16.477s] -- Symlinking: /home/rmsentry/DUST-RM-Sentry/install/rm_decision_interfaces/local/lib/python3.10/dist-packages/rm_decision_interfaces-0.0.0-py3.10.egg-info/top_level.txt
[16.477s] -- Symlinking: /home/rmsentry/DUST-RM-Sentry/install/rm_decision_interfaces/local/lib/python3.10/dist-packages/rm_decision_interfaces/__init__.py
[16.477s] -- Symlinking: /home/rmsentry/DUST-RM-Sentry/install/rm_decision_interfaces/local/lib/python3.10/dist-packages/rm_decision_interfaces/_rm_decision_interfaces_s.ep.rosidl_typesupport_c.c
[16.477s] -- Symlinking: /home/rmsentry/DUST-RM-Sentry/install/rm_decision_interfaces/local/lib/python3.10/dist-packages/rm_decision_interfaces/_rm_decision_interfaces_s.ep.rosidl_typesupport_fastrtps_c.c
[16.478s] -- Symlinking: /home/rmsentry/DUST-RM-Sentry/install/rm_decision_interfaces/local/lib/python3.10/dist-packages/rm_decision_interfaces/_rm_decision_interfaces_s.ep.rosidl_typesupport_introspection_c.c
[16.478s] -- Symlinking: /home/rmsentry/DUST-RM-Sentry/install/rm_decision_interfaces/local/lib/python3.10/dist-packages/rm_decision_interfaces/librm_decision_interfaces__rosidl_generator_py.so
[16.478s] -- Symlinking: /home/rmsentry/DUST-RM-Sentry/install/rm_decision_interfaces/local/lib/python3.10/dist-packages/rm_decision_interfaces/msg/__init__.py
[16.478s] -- Symlinking: /home/rmsentry/DUST-RM-Sentry/install/rm_decision_interfaces/local/lib/python3.10/dist-packages/rm_decision_interfaces/msg/_refree.py
[16.478s] -- Symlinking: /home/rmsentry/DUST-RM-Sentry/install/rm_decision_interfaces/local/lib/python3.10/dist-packages/rm_decision_interfaces/msg/_refree_s.c
[16.478s] -- Symlinking: /home/rmsentry/DUST-RM-Sentry/install/rm_decision_interfaces/local/lib/python3.10/dist-packages/rm_decision_interfaces/rm_decision_interfaces_s__rosidl_typesupport_c.cpython-310-x86_64-linux-gnu.so
[16.478s] -- Symlinking: /home/rmsentry/DUST-RM-Sentry/install/rm_decision_interfaces/local/lib/python3.10/dist-packages/rm_decision_interfaces/rm_decision_interfaces_s__rosidl_typesupport_fastrtps_c.cpython-310-x86_64-linux-gnu.so
[16.478s] -- Symlinking: /home/rmsentry/DUST-RM-Sentry/install/rm_decision_interfaces/local/lib/python3.10/dist-packages/rm_decision_interfaces/rm_decision_interfaces_s__rosidl_typesupport_introspection_c.cpython-310-x86_64-linux-gnu.so
[16.478s] -- Up-to-date symlink: /home/rmsentry/DUST-RM-Sentry/install/rm_decision_interfaces/local/lib/python3.10/dist-packages/rm_decision_interfaces/rm_decision_interfaces_s__rosidl_typesupport_fastrtps_c.cpython-310-x86_64-linux-gnu.so
[16.478s] -- Up-to-date symlink: /home/rmsentry/DUST-RM-Sentry/install/rm_decision_interfaces/local/lib/python3.10/dist-packages/rm_decision_interfaces/rm_decision_interfaces_s__rosidl_typesupport_introspection_c.cpython-310-x86_64-linux-gnu.so
[16.478s] -- Up-to-date symlink: /home/rmsentry/DUST-RM-Sentry/install/rm_decision_interfaces/local/lib/python3.10/dist-packages/rm_decision_interfaces/rm_decision_interfaces_s__rosidl_typesupport_c.cpython-310-x86_64-linux-gnu.so
[16.478s] -- Symlinking: /home/rmsentry/DUST-RM-Sentry/install/rm_decision_interfaces/share/rm_decision_interfaces/msg/Refree.idl
[16.478s] -- Symlinking: /home/rmsentry/DUST-RM-Sentry/install/rm_decision_interfaces/share/rm_decision_interfaces/msg/Refree.msg
[16.478s] -- Symlinking: /home/rmsentry/DUST-RM-Sentry/install/rm_decision_interfaces/share/ament_index/resource_index/package_run_dependencies/rm_decision_interfaces
[16.478s] -- Symlinking: /home/rmsentry/DUST-RM-Sentry/install/rm_decision_interfaces/share/ament_index/resource_index/parent_prefix_path/rm_decision_interfaces
[16.478s] -- Symlinking: /home/rmsentry/DUST-RM-Sentry/install/rm_decision_interfaces/share/rm_decision_interfaces/environment/ament_prefix_path.sh
[16.478s] -- Symlinking: /home/rmsentry/DUST-RM-Sentry/install/rm_decision_interfaces/share/rm_decision_interfaces/environment/ament_prefix_path.dsv
[16.479s] -- Symlinking: /home/rmsentry/DUST-RM-Sentry/install/rm_decision_interfaces/share/rm_decision_interfaces/environment/path.sh
[16.479s] -- Symlinking: /home/rmsentry/DUST-RM-Sentry/install/rm_decision_interfaces/share/rm_decision_interfaces/environment/path.dsv
[16.479s] -- Symlinking: /home/rmsentry/DUST-RM-Sentry/install/rm_decision_interfaces/share/rm_decision_interfaces/local_setup.bash
[16.479s] -- Symlinking: /home/rmsentry/DUST-RM-Sentry/install/rm_decision_interfaces/share/rm_decision_interfaces/local_setup.sh
[16.479s] -- Symlinking: /home/rmsentry/DUST-RM-Sentry/install/rm_decision_interfaces/share/rm_decision_interfaces/local_setup.zsh
[16.479s] -- Symlinking: /home/rmsentry/DUST-RM-Sentry/install/rm_decision_interfaces/share/rm_decision_interfaces/local_setup.dsv
[16.479s] -- Symlinking: /home/rmsentry/DUST-RM-Sentry/install/rm_decision_interfaces/share/rm_decision_interfaces/package.dsv
[16.483s] -- Symlinking: /home/rmsentry/DUST-RM-Sentry/install/rm_decision_interfaces/share/ament_index/resource_index/packages/rm_decision_interfaces
[16.498s] -- Symlinking: /home/rmsentry/DUST-RM-Sentry/install/rm_decision_interfaces/share/rm_decision_interfaces/cmake/rosidl_cmake-extras.cmake
[16.498s] -- Symlinking: /home/rmsentry/DUST-RM-Sentry/install/rm_decision_interfaces/share/rm_decision_interfaces/cmake/ament_cmake_export_dependencies-extras.cmake
[16.498s] -- Symlinking: /home/rmsentry/DUST-RM-Sentry/install/rm_decision_interfaces/share/rm_decision_interfaces/cmake/ament_cmake_export_include_directories-extras.cmake
[16.498s] -- Symlinking: /home/rmsentry/DUST-RM-Sentry/install/rm_decision_interfaces/share/rm_decision_interfaces/cmake/ament_cmake_export_libraries-extras.cmake
[16.498s] -- Symlinking: /home/rmsentry/DUST-RM-Sentry/install/rm_decision_interfaces/share/rm_decision_interfaces/cmake/ament_cmake_export_targets-extras.cmake
[16.498s] -- Symlinking: /home/rmsentry/DUST-RM-Sentry/install/rm_decision_interfaces/share/rm_decision_interfaces/cmake/rosidl_cmake_export_typesupport_targets-extras.cmake
[16.498s] -- Symlinking: /home/rmsentry/DUST-RM-Sentry/install/rm_decision_interfaces/share/rm_decision_interfaces/cmake/rosidl_cmake_export_typesupport_libraries-extras.cmake
[16.498s] -- Symlinking: /home/rmsentry/DUST-RM-Sentry/install/rm_decision_interfaces/share/rm_decision_interfaces/cmake/rm_decision_interfacesConfig.cmake
[16.498s] -- Symlinking: /home/rmsentry/DUST-RM-Sentry/install/rm_decision_interfaces/share/rm_decision_interfaces/cmake/rm_decision_interfacesConfig-version.cmake
[16.498s] -- Symlinking: /home/rmsentry/DUST-RM-Sentry/install/rm_decision_interfaces/share/rm_decision_interfaces/package.xml
[16.498s] -- Installing: /home/rmsentry/DUST-RM-Sentry/install/rm_decision_interfaces/lib/librm_decision_interfaces__rosidl_generator_c.so
[16.498s] -- Set non-toolchain portion of runtime path of "/home/rmsentry/DUST-RM-Sentry/install/rm_decision_interfaces/lib/librm_decision_interfaces__rosidl_generator_c.so" to ""
[16.499s] -- Installing: /home/rmsentry/DUST-RM-Sentry/install/rm_decision_interfaces/lib/librm_decision_interfaces__rosidl_typesupport_fastrtps_c.so
[16.499s] -- Set non-toolchain portion of runtime path of "/home/rmsentry/DUST-RM-Sentry/install/rm_decision_interfaces/lib/librm_decision_interfaces__rosidl_typesupport_fastrtps_c.so" to ""
[16.499s] -- Installing: /home/rmsentry/DUST-RM-Sentry/install/rm_decision_interfaces/lib/librm_decision_interfaces__rosidl_typesupport_introspection_c.so
[16.499s] -- Set non-toolchain portion of runtime path of "/home/rmsentry/DUST-RM-Sentry/install/rm_decision_interfaces/lib/librm_decision_interfaces__rosidl_typesupport_introspection_c.so" to ""
[16.499s] -- Installing: /home/rmsentry/DUST-RM-Sentry/install/rm_decision_interfaces/lib/librm_decision_interfaces__rosidl_typesupport_c.so
[16.499s] -- Set non-toolchain portion of runtime path of "/home/rmsentry/DUST-RM-Sentry/install/rm_decision_interfaces/lib/librm_decision_interfaces__rosidl_typesupport_c.so" to ""
[16.499s] -- Installing: /home/rmsentry/DUST-RM-Sentry/install/rm_decision_interfaces/lib/librm_decision_interfaces__rosidl_typesupport_fastrtps_cpp.so
[16.499s] -- Set non-toolchain portion of runtime path of "/home/rmsentry/DUST-RM-Sentry/install/rm_decision_interfaces/lib/librm_decision_interfaces__rosidl_typesupport_fastrtps_cpp.so" to ""
[16.499s] -- Installing: /home/rmsentry/DUST-RM-Sentry/install/rm_decision_interfaces/lib/librm_decision_interfaces__rosidl_typesupport_introspection_cpp.so
[16.499s] -- Set non-toolchain portion of runtime path of "/home/rmsentry/DUST-RM-Sentry/install/rm_decision_interfaces/lib/librm_decision_interfaces__rosidl_typesupport_introspection_cpp.so" to ""
[16.499s] -- Installing: /home/rmsentry/DUST-RM-Sentry/install/rm_decision_interfaces/lib/librm_decision_interfaces__rosidl_typesupport_cpp.so
[16.499s] -- Set non-toolchain portion of runtime path of "/home/rmsentry/DUST-RM-Sentry/install/rm_decision_interfaces/lib/librm_decision_interfaces__rosidl_typesupport_cpp.so" to ""
[16.499s] Listing '/home/rmsentry/DUST-RM-Sentry/install/rm_decision_interfaces/local/lib/python3.10/dist-packages/rm_decision_interfaces'...
[16.499s] Compiling '/home/rmsentry/DUST-RM-Sentry/install/rm_decision_interfaces/local/lib/python3.10/dist-packages/rm_decision_interfaces/__init__.py'...
[16.499s] Listing '/home/rmsentry/DUST-RM-Sentry/install/rm_decision_interfaces/local/lib/python3.10/dist-packages/rm_decision_interfaces/msg'...
[16.499s] Compiling '/home/rmsentry/DUST-RM-Sentry/install/rm_decision_interfaces/local/lib/python3.10/dist-packages/rm_decision_interfaces/msg/__init__.py'...
[16.499s] Compiling '/home/rmsentry/DUST-RM-Sentry/install/rm_decision_interfaces/local/lib/python3.10/dist-packages/rm_decision_interfaces/msg/_refree.py'...
[16.500s] -- Installing: /home/rmsentry/DUST-RM-Sentry/install/rm_decision_interfaces/lib/librm_decision_interfaces__rosidl_generator_py.so
[16.500s] -- Set non-toolchain portion of runtime path of "/home/rmsentry/DUST-RM-Sentry/install/rm_decision_interfaces/lib/librm_decision_interfaces__rosidl_generator_py.so" to ""
[16.500s] -- Installing: /home/rmsentry/DUST-RM-Sentry/install/rm_decision_interfaces/share/rm_decision_interfaces/cmake/export_rm_decision_interfaces__rosidl_generator_cExport.cmake
[16.500s] -- Installing: /home/rmsentry/DUST-RM-Sentry/install/rm_decision_interfaces/share/rm_decision_interfaces/cmake/export_rm_decision_interfaces__rosidl_generator_cExport-noconfig.cmake
[16.500s] -- Installing: /home/rmsentry/DUST-RM-Sentry/install/rm_decision_interfaces/share/rm_decision_interfaces/cmake/export_rm_decision_interfaces__rosidl_typesupport_fastrtps_cExport.cmake
[16.500s] -- Installing: /home/rmsentry/DUST-RM-Sentry/install/rm_decision_interfaces/share/rm_decision_interfaces/cmake/export_rm_decision_interfaces__rosidl_typesupport_fastrtps_cExport-noconfig.cmake
[16.500s] -- Installing: /home/rmsentry/DUST-RM-Sentry/install/rm_decision_interfaces/share/rm_decision_interfaces/cmake/rm_decision_interfaces__rosidl_typesupport_introspection_cExport.cmake
[16.500s] -- Installing: /home/rmsentry/DUST-RM-Sentry/install/rm_decision_interfaces/share/rm_decision_interfaces/cmake/rm_decision_interfaces__rosidl_typesupport_introspection_cExport-noconfig.cmake
[16.500s] -- Installing: /home/rmsentry/DUST-RM-Sentry/install/rm_decision_interfaces/share/rm_decision_interfaces/cmake/rm_decision_interfaces__rosidl_typesupport_cExport.cmake
[16.500s] -- Installing: /home/rmsentry/DUST-RM-Sentry/install/rm_decision_interfaces/share/rm_decision_interfaces/cmake/rm_decision_interfaces__rosidl_typesupport_cExport-noconfig.cmake
[16.500s] -- Installing: /home/rmsentry/DUST-RM-Sentry/install/rm_decision_interfaces/share/rm_decision_interfaces/cmake/export_rm_decision_interfaces__rosidl_generator_cppExport.cmake
[16.500s] -- Installing: /home/rmsentry/DUST-RM-Sentry/install/rm_decision_interfaces/share/rm_decision_interfaces/cmake/export_rm_decision_interfaces__rosidl_typesupport_fastrtps_cppExport.cmake
[16.500s] -- Installing: /home/rmsentry/DUST-RM-Sentry/install/rm_decision_interfaces/share/rm_decision_interfaces/cmake/export_rm_decision_interfaces__rosidl_typesupport_fastrtps_cppExport-noconfig.cmake
[16.500s] -- Installing: /home/rmsentry/DUST-RM-Sentry/install/rm_decision_interfaces/share/rm_decision_interfaces/cmake/rm_decision_interfaces__rosidl_typesupport_introspection_cppExport.cmake
[16.500s] -- Installing: /home/rmsentry/DUST-RM-Sentry/install/rm_decision_interfaces/share/rm_decision_interfaces/cmake/rm_decision_interfaces__rosidl_typesupport_introspection_cppExport-noconfig.cmake
[16.500s] -- Installing: /home/rmsentry/DUST-RM-Sentry/install/rm_decision_interfaces/share/rm_decision_interfaces/cmake/rm_decision_interfaces__rosidl_typesupport_cppExport.cmake
[16.501s] -- Installing: /home/rmsentry/DUST-RM-Sentry/install/rm_decision_interfaces/share/rm_decision_interfaces/cmake/rm_decision_interfaces__rosidl_typesupport_cppExport-noconfig.cmake
[16.501s] -- Installing: /home/rmsentry/DUST-RM-Sentry/install/rm_decision_interfaces/share/rm_decision_interfaces/cmake/export_rm_decision_interfaces__rosidl_generator_pyExport.cmake
[16.501s] -- Installing: /home/rmsentry/DUST-RM-Sentry/install/rm_decision_interfaces/share/rm_decision_interfaces/cmake/export_rm_decision_interfaces__rosidl_generator_pyExport-noconfig.cmake
[16.501s] Invoked command in '/home/rmsentry/DUST-RM-Sentry/build/rm_decision_interfaces' returned '0': CMAKE_PREFIX_PATH=${CMAKE_PREFIX_PATH}:/home/rmsentry/DUST-RM-Sentry/install/rm_decision:/home/rmsentry/DUST-RM-Sentry/install/fake_msg_publisher:/opt/ros/humble /usr/local/bin/cmake --install /home/rmsentry/DUST-RM-Sentry/build/rm_decision_interfaces
