[0.037s] Invoking command in '/home/rmsentry/DUST-RM-Sentry/build/auto_aim_interfaces': CMAKE_PREFIX_PATH=${CMAKE_PREFIX_PATH}:/home/rmsentry/DUST-RM-Sentry/install/rm_decision:/home/rmsentry/DUST-RM-Sentry/install/fake_msg_publisher:/opt/ros/humble /usr/local/bin/cmake --build /home/rmsentry/DUST-RM-Sentry/build/auto_aim_interfaces -- -j12 -l12
[0.075s] [  0%] Built target auto_aim_interfaces__cpp
[0.090s] [ 12%] Built target auto_aim_interfaces__rosidl_generator_c
[0.090s] [ 12%] Built target ament_cmake_python_symlink_auto_aim_interfaces
[0.144s] [ 23%] Built target auto_aim_interfaces__rosidl_typesupport_c
[0.150s] [ 35%] Built target auto_aim_interfaces__rosidl_typesupport_cpp
[0.157s] [ 47%] Built target auto_aim_interfaces__rosidl_typesupport_fastrtps_c
[0.159s] [ 58%] Built target auto_aim_interfaces__rosidl_typesupport_fastrtps_cpp
[0.160s] [ 70%] Built target auto_aim_interfaces__rosidl_typesupport_introspection_c
[0.161s] [ 82%] Built target auto_aim_interfaces__rosidl_typesupport_introspection_cpp
[0.200s] [ 82%] Built target auto_aim_interfaces
[0.229s] [ 83%] Built target auto_aim_interfaces__py
[0.286s] [ 94%] Built target auto_aim_interfaces__rosidl_generator_py
[0.315s] [ 96%] Built target auto_aim_interfaces__rosidl_typesupport_fastrtps_c__pyext
[0.321s] [100%] Built target auto_aim_interfaces__rosidl_typesupport_introspection_c__pyext
[0.326s] [ 99%] Built target auto_aim_interfaces__rosidl_typesupport_c__pyext
[0.453s] running egg_info
[0.455s] writing auto_aim_interfaces.egg-info/PKG-INFO
[0.455s] writing dependency_links to auto_aim_interfaces.egg-info/dependency_links.txt
[0.455s] writing top-level names to auto_aim_interfaces.egg-info/top_level.txt
[0.458s] reading manifest file 'auto_aim_interfaces.egg-info/SOURCES.txt'
[0.459s] writing manifest file 'auto_aim_interfaces.egg-info/SOURCES.txt'
[0.489s] [100%] Built target ament_cmake_python_build_auto_aim_interfaces_egg
[0.550s] Invoked command in '/home/rmsentry/DUST-RM-Sentry/build/auto_aim_interfaces' returned '0': CMAKE_PREFIX_PATH=${CMAKE_PREFIX_PATH}:/home/rmsentry/DUST-RM-Sentry/install/rm_decision:/home/rmsentry/DUST-RM-Sentry/install/fake_msg_publisher:/opt/ros/humble /usr/local/bin/cmake --build /home/rmsentry/DUST-RM-Sentry/build/auto_aim_interfaces -- -j12 -l12
[0.551s] Invoking command in '/home/rmsentry/DUST-RM-Sentry/build/auto_aim_interfaces': CMAKE_PREFIX_PATH=${CMAKE_PREFIX_PATH}:/home/rmsentry/DUST-RM-Sentry/install/rm_decision:/home/rmsentry/DUST-RM-Sentry/install/fake_msg_publisher:/opt/ros/humble /usr/local/bin/cmake --install /home/rmsentry/DUST-RM-Sentry/build/auto_aim_interfaces
[0.573s] -- Install configuration: ""
[0.573s] -- Execute custom install script
[0.573s] -- Up-to-date symlink: /home/rmsentry/DUST-RM-Sentry/install/auto_aim_interfaces/share/ament_index/resource_index/rosidl_interfaces/auto_aim_interfaces
[0.574s] -- Up-to-date symlink: /home/rmsentry/DUST-RM-Sentry/install/auto_aim_interfaces/include/auto_aim_interfaces/auto_aim_interfaces/msg/armor.h
[0.574s] -- Up-to-date symlink: /home/rmsentry/DUST-RM-Sentry/install/auto_aim_interfaces/include/auto_aim_interfaces/auto_aim_interfaces/msg/armors.h
[0.574s] -- Up-to-date symlink: /home/rmsentry/DUST-RM-Sentry/install/auto_aim_interfaces/include/auto_aim_interfaces/auto_aim_interfaces/msg/debug_armor.h
[0.574s] -- Up-to-date symlink: /home/rmsentry/DUST-RM-Sentry/install/auto_aim_interfaces/include/auto_aim_interfaces/auto_aim_interfaces/msg/debug_armors.h
[0.574s] -- Up-to-date symlink: /home/rmsentry/DUST-RM-Sentry/install/auto_aim_interfaces/include/auto_aim_interfaces/auto_aim_interfaces/msg/debug_light.h
[0.574s] -- Up-to-date symlink: /home/rmsentry/DUST-RM-Sentry/install/auto_aim_interfaces/include/auto_aim_interfaces/auto_aim_interfaces/msg/debug_lights.h
[0.574s] -- Up-to-date symlink: /home/rmsentry/DUST-RM-Sentry/install/auto_aim_interfaces/include/auto_aim_interfaces/auto_aim_interfaces/msg/detail/armor__functions.h
[0.574s] -- Up-to-date symlink: /home/rmsentry/DUST-RM-Sentry/install/auto_aim_interfaces/include/auto_aim_interfaces/auto_aim_interfaces/msg/detail/armor__struct.h
[0.574s] -- Up-to-date symlink: /home/rmsentry/DUST-RM-Sentry/install/auto_aim_interfaces/include/auto_aim_interfaces/auto_aim_interfaces/msg/detail/armor__type_support.h
[0.574s] -- Up-to-date symlink: /home/rmsentry/DUST-RM-Sentry/install/auto_aim_interfaces/include/auto_aim_interfaces/auto_aim_interfaces/msg/detail/armors__functions.h
[0.574s] -- Up-to-date symlink: /home/rmsentry/DUST-RM-Sentry/install/auto_aim_interfaces/include/auto_aim_interfaces/auto_aim_interfaces/msg/detail/armors__struct.h
[0.575s] -- Up-to-date symlink: /home/rmsentry/DUST-RM-Sentry/install/auto_aim_interfaces/include/auto_aim_interfaces/auto_aim_interfaces/msg/detail/armors__type_support.h
[0.576s] -- Up-to-date symlink: /home/rmsentry/DUST-RM-Sentry/install/auto_aim_interfaces/include/auto_aim_interfaces/auto_aim_interfaces/msg/detail/debug_armor__functions.h
[0.577s] -- Up-to-date symlink: /home/rmsentry/DUST-RM-Sentry/install/auto_aim_interfaces/include/auto_aim_interfaces/auto_aim_interfaces/msg/detail/debug_armor__struct.h
[0.577s] -- Up-to-date symlink: /home/rmsentry/DUST-RM-Sentry/install/auto_aim_interfaces/include/auto_aim_interfaces/auto_aim_interfaces/msg/detail/debug_armor__type_support.h
[0.577s] -- Up-to-date symlink: /home/rmsentry/DUST-RM-Sentry/install/auto_aim_interfaces/include/auto_aim_interfaces/auto_aim_interfaces/msg/detail/debug_armors__functions.h
[0.577s] -- Up-to-date symlink: /home/rmsentry/DUST-RM-Sentry/install/auto_aim_interfaces/include/auto_aim_interfaces/auto_aim_interfaces/msg/detail/debug_armors__struct.h
[0.577s] -- Up-to-date symlink: /home/rmsentry/DUST-RM-Sentry/install/auto_aim_interfaces/include/auto_aim_interfaces/auto_aim_interfaces/msg/detail/debug_armors__type_support.h
[0.577s] -- Up-to-date symlink: /home/rmsentry/DUST-RM-Sentry/install/auto_aim_interfaces/include/auto_aim_interfaces/auto_aim_interfaces/msg/detail/debug_light__functions.h
[0.577s] -- Up-to-date symlink: /home/rmsentry/DUST-RM-Sentry/install/auto_aim_interfaces/include/auto_aim_interfaces/auto_aim_interfaces/msg/detail/debug_light__struct.h
[0.577s] -- Up-to-date symlink: /home/rmsentry/DUST-RM-Sentry/install/auto_aim_interfaces/include/auto_aim_interfaces/auto_aim_interfaces/msg/detail/debug_light__type_support.h
[0.577s] -- Up-to-date symlink: /home/rmsentry/DUST-RM-Sentry/install/auto_aim_interfaces/include/auto_aim_interfaces/auto_aim_interfaces/msg/detail/debug_lights__functions.h
[0.577s] -- Up-to-date symlink: /home/rmsentry/DUST-RM-Sentry/install/auto_aim_interfaces/include/auto_aim_interfaces/auto_aim_interfaces/msg/detail/debug_lights__struct.h
[0.577s] -- Up-to-date symlink: /home/rmsentry/DUST-RM-Sentry/install/auto_aim_interfaces/include/auto_aim_interfaces/auto_aim_interfaces/msg/detail/debug_lights__type_support.h
[0.579s] -- Up-to-date symlink: /home/rmsentry/DUST-RM-Sentry/install/auto_aim_interfaces/include/auto_aim_interfaces/auto_aim_interfaces/msg/detail/gimbal_cmd__functions.h
[0.579s] -- Up-to-date symlink: /home/rmsentry/DUST-RM-Sentry/install/auto_aim_interfaces/include/auto_aim_interfaces/auto_aim_interfaces/msg/detail/gimbal_cmd__struct.h
[0.579s] -- Up-to-date symlink: /home/rmsentry/DUST-RM-Sentry/install/auto_aim_interfaces/include/auto_aim_interfaces/auto_aim_interfaces/msg/detail/gimbal_cmd__type_support.h
[0.579s] -- Up-to-date symlink: /home/rmsentry/DUST-RM-Sentry/install/auto_aim_interfaces/include/auto_aim_interfaces/auto_aim_interfaces/msg/detail/measurement__functions.h
[0.579s] -- Up-to-date symlink: /home/rmsentry/DUST-RM-Sentry/install/auto_aim_interfaces/include/auto_aim_interfaces/auto_aim_interfaces/msg/detail/measurement__struct.h
[0.579s] -- Up-to-date symlink: /home/rmsentry/DUST-RM-Sentry/install/auto_aim_interfaces/include/auto_aim_interfaces/auto_aim_interfaces/msg/detail/measurement__type_support.h
[0.579s] -- Up-to-date symlink: /home/rmsentry/DUST-RM-Sentry/install/auto_aim_interfaces/include/auto_aim_interfaces/auto_aim_interfaces/msg/detail/target__functions.h
[0.579s] -- Up-to-date symlink: /home/rmsentry/DUST-RM-Sentry/install/auto_aim_interfaces/include/auto_aim_interfaces/auto_aim_interfaces/msg/detail/target__struct.h
[0.579s] -- Up-to-date symlink: /home/rmsentry/DUST-RM-Sentry/install/auto_aim_interfaces/include/auto_aim_interfaces/auto_aim_interfaces/msg/detail/target__type_support.h
[0.579s] -- Up-to-date symlink: /home/rmsentry/DUST-RM-Sentry/install/auto_aim_interfaces/include/auto_aim_interfaces/auto_aim_interfaces/msg/detail/tracker_info__functions.h
[0.579s] -- Up-to-date symlink: /home/rmsentry/DUST-RM-Sentry/install/auto_aim_interfaces/include/auto_aim_interfaces/auto_aim_interfaces/msg/detail/tracker_info__struct.h
[0.579s] -- Up-to-date symlink: /home/rmsentry/DUST-RM-Sentry/install/auto_aim_interfaces/include/auto_aim_interfaces/auto_aim_interfaces/msg/detail/tracker_info__type_support.h
[0.579s] -- Up-to-date symlink: /home/rmsentry/DUST-RM-Sentry/install/auto_aim_interfaces/include/auto_aim_interfaces/auto_aim_interfaces/msg/gimbal_cmd.h
[0.579s] -- Up-to-date symlink: /home/rmsentry/DUST-RM-Sentry/install/auto_aim_interfaces/include/auto_aim_interfaces/auto_aim_interfaces/msg/measurement.h
[0.579s] -- Up-to-date symlink: /home/rmsentry/DUST-RM-Sentry/install/auto_aim_interfaces/include/auto_aim_interfaces/auto_aim_interfaces/msg/rosidl_generator_c__visibility_control.h
[0.583s] -- Up-to-date symlink: /home/rmsentry/DUST-RM-Sentry/install/auto_aim_interfaces/include/auto_aim_interfaces/auto_aim_interfaces/msg/target.h
[0.586s] -- Up-to-date symlink: /home/rmsentry/DUST-RM-Sentry/install/auto_aim_interfaces/include/auto_aim_interfaces/auto_aim_interfaces/msg/tracker_info.h
[0.586s] -- Up-to-date symlink: /home/rmsentry/DUST-RM-Sentry/install/auto_aim_interfaces/share/auto_aim_interfaces/environment/library_path.sh
[0.588s] -- Up-to-date symlink: /home/rmsentry/DUST-RM-Sentry/install/auto_aim_interfaces/share/auto_aim_interfaces/environment/library_path.dsv
[0.588s] -- Up-to-date symlink: /home/rmsentry/DUST-RM-Sentry/install/auto_aim_interfaces/include/auto_aim_interfaces/auto_aim_interfaces/msg/detail/armor__rosidl_typesupport_fastrtps_c.h
[0.588s] -- Up-to-date symlink: /home/rmsentry/DUST-RM-Sentry/install/auto_aim_interfaces/include/auto_aim_interfaces/auto_aim_interfaces/msg/detail/armors__rosidl_typesupport_fastrtps_c.h
[0.589s] -- Up-to-date symlink: /home/rmsentry/DUST-RM-Sentry/install/auto_aim_interfaces/include/auto_aim_interfaces/auto_aim_interfaces/msg/detail/debug_armor__rosidl_typesupport_fastrtps_c.h
[0.589s] -- Up-to-date symlink: /home/rmsentry/DUST-RM-Sentry/install/auto_aim_interfaces/include/auto_aim_interfaces/auto_aim_interfaces/msg/detail/debug_armors__rosidl_typesupport_fastrtps_c.h
[0.589s] -- Up-to-date symlink: /home/rmsentry/DUST-RM-Sentry/install/auto_aim_interfaces/include/auto_aim_interfaces/auto_aim_interfaces/msg/detail/debug_light__rosidl_typesupport_fastrtps_c.h
[0.589s] -- Up-to-date symlink: /home/rmsentry/DUST-RM-Sentry/install/auto_aim_interfaces/include/auto_aim_interfaces/auto_aim_interfaces/msg/detail/debug_lights__rosidl_typesupport_fastrtps_c.h
[0.592s] -- Up-to-date symlink: /home/rmsentry/DUST-RM-Sentry/install/auto_aim_interfaces/include/auto_aim_interfaces/auto_aim_interfaces/msg/detail/gimbal_cmd__rosidl_typesupport_fastrtps_c.h
[0.592s] -- Up-to-date symlink: /home/rmsentry/DUST-RM-Sentry/install/auto_aim_interfaces/include/auto_aim_interfaces/auto_aim_interfaces/msg/detail/measurement__rosidl_typesupport_fastrtps_c.h
[0.595s] -- Up-to-date symlink: /home/rmsentry/DUST-RM-Sentry/install/auto_aim_interfaces/include/auto_aim_interfaces/auto_aim_interfaces/msg/detail/target__rosidl_typesupport_fastrtps_c.h
[0.596s] -- Up-to-date symlink: /home/rmsentry/DUST-RM-Sentry/install/auto_aim_interfaces/include/auto_aim_interfaces/auto_aim_interfaces/msg/detail/tracker_info__rosidl_typesupport_fastrtps_c.h
[0.596s] -- Up-to-date symlink: /home/rmsentry/DUST-RM-Sentry/install/auto_aim_interfaces/include/auto_aim_interfaces/auto_aim_interfaces/msg/rosidl_typesupport_fastrtps_c__visibility_control.h
[0.596s] -- Up-to-date symlink: /home/rmsentry/DUST-RM-Sentry/install/auto_aim_interfaces/include/auto_aim_interfaces/auto_aim_interfaces/msg/detail/armor__rosidl_typesupport_introspection_c.h
[0.596s] -- Up-to-date symlink: /home/rmsentry/DUST-RM-Sentry/install/auto_aim_interfaces/include/auto_aim_interfaces/auto_aim_interfaces/msg/detail/armors__rosidl_typesupport_introspection_c.h
[0.596s] -- Up-to-date symlink: /home/rmsentry/DUST-RM-Sentry/install/auto_aim_interfaces/include/auto_aim_interfaces/auto_aim_interfaces/msg/detail/debug_armor__rosidl_typesupport_introspection_c.h
[0.596s] -- Up-to-date symlink: /home/rmsentry/DUST-RM-Sentry/install/auto_aim_interfaces/include/auto_aim_interfaces/auto_aim_interfaces/msg/detail/debug_armors__rosidl_typesupport_introspection_c.h
[0.596s] -- Up-to-date symlink: /home/rmsentry/DUST-RM-Sentry/install/auto_aim_interfaces/include/auto_aim_interfaces/auto_aim_interfaces/msg/detail/debug_light__rosidl_typesupport_introspection_c.h
[0.596s] -- Up-to-date symlink: /home/rmsentry/DUST-RM-Sentry/install/auto_aim_interfaces/include/auto_aim_interfaces/auto_aim_interfaces/msg/detail/debug_lights__rosidl_typesupport_introspection_c.h
[0.596s] -- Up-to-date symlink: /home/rmsentry/DUST-RM-Sentry/install/auto_aim_interfaces/include/auto_aim_interfaces/auto_aim_interfaces/msg/detail/gimbal_cmd__rosidl_typesupport_introspection_c.h
[0.596s] -- Up-to-date symlink: /home/rmsentry/DUST-RM-Sentry/install/auto_aim_interfaces/include/auto_aim_interfaces/auto_aim_interfaces/msg/detail/measurement__rosidl_typesupport_introspection_c.h
[0.596s] -- Up-to-date symlink: /home/rmsentry/DUST-RM-Sentry/install/auto_aim_interfaces/include/auto_aim_interfaces/auto_aim_interfaces/msg/detail/target__rosidl_typesupport_introspection_c.h
[0.596s] -- Up-to-date symlink: /home/rmsentry/DUST-RM-Sentry/install/auto_aim_interfaces/include/auto_aim_interfaces/auto_aim_interfaces/msg/detail/tracker_info__rosidl_typesupport_introspection_c.h
[0.596s] -- Up-to-date symlink: /home/rmsentry/DUST-RM-Sentry/install/auto_aim_interfaces/include/auto_aim_interfaces/auto_aim_interfaces/msg/rosidl_typesupport_introspection_c__visibility_control.h
[0.597s] -- Up-to-date symlink: /home/rmsentry/DUST-RM-Sentry/install/auto_aim_interfaces/include/auto_aim_interfaces/auto_aim_interfaces/msg/armor.hpp
[0.598s] -- Up-to-date symlink: /home/rmsentry/DUST-RM-Sentry/install/auto_aim_interfaces/include/auto_aim_interfaces/auto_aim_interfaces/msg/armors.hpp
[0.598s] -- Up-to-date symlink: /home/rmsentry/DUST-RM-Sentry/install/auto_aim_interfaces/include/auto_aim_interfaces/auto_aim_interfaces/msg/debug_armor.hpp
[0.598s] -- Up-to-date symlink: /home/rmsentry/DUST-RM-Sentry/install/auto_aim_interfaces/include/auto_aim_interfaces/auto_aim_interfaces/msg/debug_armors.hpp
[0.599s] -- Up-to-date symlink: /home/rmsentry/DUST-RM-Sentry/install/auto_aim_interfaces/include/auto_aim_interfaces/auto_aim_interfaces/msg/debug_light.hpp
[0.599s] -- Up-to-date symlink: /home/rmsentry/DUST-RM-Sentry/install/auto_aim_interfaces/include/auto_aim_interfaces/auto_aim_interfaces/msg/debug_lights.hpp
[0.599s] -- Up-to-date symlink: /home/rmsentry/DUST-RM-Sentry/install/auto_aim_interfaces/include/auto_aim_interfaces/auto_aim_interfaces/msg/detail/armor__builder.hpp
[0.608s] -- Up-to-date symlink: /home/rmsentry/DUST-RM-Sentry/install/auto_aim_interfaces/include/auto_aim_interfaces/auto_aim_interfaces/msg/detail/armor__struct.hpp
[0.608s] -- Up-to-date symlink: /home/rmsentry/DUST-RM-Sentry/install/auto_aim_interfaces/include/auto_aim_interfaces/auto_aim_interfaces/msg/detail/armor__traits.hpp
[0.608s] -- Up-to-date symlink: /home/rmsentry/DUST-RM-Sentry/install/auto_aim_interfaces/include/auto_aim_interfaces/auto_aim_interfaces/msg/detail/armor__type_support.hpp
[0.608s] -- Up-to-date symlink: /home/rmsentry/DUST-RM-Sentry/install/auto_aim_interfaces/include/auto_aim_interfaces/auto_aim_interfaces/msg/detail/armors__builder.hpp
[0.608s] -- Up-to-date symlink: /home/rmsentry/DUST-RM-Sentry/install/auto_aim_interfaces/include/auto_aim_interfaces/auto_aim_interfaces/msg/detail/armors__struct.hpp
[0.608s] -- Up-to-date symlink: /home/rmsentry/DUST-RM-Sentry/install/auto_aim_interfaces/include/auto_aim_interfaces/auto_aim_interfaces/msg/detail/armors__traits.hpp
[0.608s] -- Up-to-date symlink: /home/rmsentry/DUST-RM-Sentry/install/auto_aim_interfaces/include/auto_aim_interfaces/auto_aim_interfaces/msg/detail/armors__type_support.hpp
[0.608s] -- Up-to-date symlink: /home/rmsentry/DUST-RM-Sentry/install/auto_aim_interfaces/include/auto_aim_interfaces/auto_aim_interfaces/msg/detail/debug_armor__builder.hpp
[0.608s] -- Up-to-date symlink: /home/rmsentry/DUST-RM-Sentry/install/auto_aim_interfaces/include/auto_aim_interfaces/auto_aim_interfaces/msg/detail/debug_armor__struct.hpp
[0.608s] -- Up-to-date symlink: /home/rmsentry/DUST-RM-Sentry/install/auto_aim_interfaces/include/auto_aim_interfaces/auto_aim_interfaces/msg/detail/debug_armor__traits.hpp
[0.608s] -- Up-to-date symlink: /home/rmsentry/DUST-RM-Sentry/install/auto_aim_interfaces/include/auto_aim_interfaces/auto_aim_interfaces/msg/detail/debug_armor__type_support.hpp
[0.609s] -- Up-to-date symlink: /home/rmsentry/DUST-RM-Sentry/install/auto_aim_interfaces/include/auto_aim_interfaces/auto_aim_interfaces/msg/detail/debug_armors__builder.hpp
[0.609s] -- Up-to-date symlink: /home/rmsentry/DUST-RM-Sentry/install/auto_aim_interfaces/include/auto_aim_interfaces/auto_aim_interfaces/msg/detail/debug_armors__struct.hpp
[0.609s] -- Up-to-date symlink: /home/rmsentry/DUST-RM-Sentry/install/auto_aim_interfaces/include/auto_aim_interfaces/auto_aim_interfaces/msg/detail/debug_armors__traits.hpp
[0.609s] -- Up-to-date symlink: /home/rmsentry/DUST-RM-Sentry/install/auto_aim_interfaces/include/auto_aim_interfaces/auto_aim_interfaces/msg/detail/debug_armors__type_support.hpp
[0.609s] -- Up-to-date symlink: /home/rmsentry/DUST-RM-Sentry/install/auto_aim_interfaces/include/auto_aim_interfaces/auto_aim_interfaces/msg/detail/debug_light__builder.hpp
[0.609s] -- Up-to-date symlink: /home/rmsentry/DUST-RM-Sentry/install/auto_aim_interfaces/include/auto_aim_interfaces/auto_aim_interfaces/msg/detail/debug_light__struct.hpp
[0.609s] -- Up-to-date symlink: /home/rmsentry/DUST-RM-Sentry/install/auto_aim_interfaces/include/auto_aim_interfaces/auto_aim_interfaces/msg/detail/debug_light__traits.hpp
[0.609s] -- Up-to-date symlink: /home/rmsentry/DUST-RM-Sentry/install/auto_aim_interfaces/include/auto_aim_interfaces/auto_aim_interfaces/msg/detail/debug_light__type_support.hpp
[0.609s] -- Up-to-date symlink: /home/rmsentry/DUST-RM-Sentry/install/auto_aim_interfaces/include/auto_aim_interfaces/auto_aim_interfaces/msg/detail/debug_lights__builder.hpp
[0.609s] -- Up-to-date symlink: /home/rmsentry/DUST-RM-Sentry/install/auto_aim_interfaces/include/auto_aim_interfaces/auto_aim_interfaces/msg/detail/debug_lights__struct.hpp
[0.609s] -- Up-to-date symlink: /home/rmsentry/DUST-RM-Sentry/install/auto_aim_interfaces/include/auto_aim_interfaces/auto_aim_interfaces/msg/detail/debug_lights__traits.hpp
[0.609s] -- Up-to-date symlink: /home/rmsentry/DUST-RM-Sentry/install/auto_aim_interfaces/include/auto_aim_interfaces/auto_aim_interfaces/msg/detail/debug_lights__type_support.hpp
[0.609s] -- Up-to-date symlink: /home/rmsentry/DUST-RM-Sentry/install/auto_aim_interfaces/include/auto_aim_interfaces/auto_aim_interfaces/msg/detail/gimbal_cmd__builder.hpp
[0.609s] -- Up-to-date symlink: /home/rmsentry/DUST-RM-Sentry/install/auto_aim_interfaces/include/auto_aim_interfaces/auto_aim_interfaces/msg/detail/gimbal_cmd__struct.hpp
[0.634s] -- Up-to-date symlink: /home/rmsentry/DUST-RM-Sentry/install/auto_aim_interfaces/include/auto_aim_interfaces/auto_aim_interfaces/msg/detail/gimbal_cmd__traits.hpp
[0.635s] -- Up-to-date symlink: /home/rmsentry/DUST-RM-Sentry/install/auto_aim_interfaces/include/auto_aim_interfaces/auto_aim_interfaces/msg/detail/gimbal_cmd__type_support.hpp
[0.635s] -- Up-to-date symlink: /home/rmsentry/DUST-RM-Sentry/install/auto_aim_interfaces/include/auto_aim_interfaces/auto_aim_interfaces/msg/detail/measurement__builder.hpp
[0.635s] -- Up-to-date symlink: /home/rmsentry/DUST-RM-Sentry/install/auto_aim_interfaces/include/auto_aim_interfaces/auto_aim_interfaces/msg/detail/measurement__struct.hpp
[0.635s] -- Up-to-date symlink: /home/rmsentry/DUST-RM-Sentry/install/auto_aim_interfaces/include/auto_aim_interfaces/auto_aim_interfaces/msg/detail/measurement__traits.hpp
[0.635s] -- Up-to-date symlink: /home/rmsentry/DUST-RM-Sentry/install/auto_aim_interfaces/include/auto_aim_interfaces/auto_aim_interfaces/msg/detail/measurement__type_support.hpp
[0.635s] -- Up-to-date symlink: /home/rmsentry/DUST-RM-Sentry/install/auto_aim_interfaces/include/auto_aim_interfaces/auto_aim_interfaces/msg/detail/target__builder.hpp
[0.635s] -- Up-to-date symlink: /home/rmsentry/DUST-RM-Sentry/install/auto_aim_interfaces/include/auto_aim_interfaces/auto_aim_interfaces/msg/detail/target__struct.hpp
[0.635s] -- Up-to-date symlink: /home/rmsentry/DUST-RM-Sentry/install/auto_aim_interfaces/include/auto_aim_interfaces/auto_aim_interfaces/msg/detail/target__traits.hpp
[0.635s] -- Up-to-date symlink: /home/rmsentry/DUST-RM-Sentry/install/auto_aim_interfaces/include/auto_aim_interfaces/auto_aim_interfaces/msg/detail/target__type_support.hpp
[0.635s] -- Up-to-date symlink: /home/rmsentry/DUST-RM-Sentry/install/auto_aim_interfaces/include/auto_aim_interfaces/auto_aim_interfaces/msg/detail/tracker_info__builder.hpp
[0.635s] -- Up-to-date symlink: /home/rmsentry/DUST-RM-Sentry/install/auto_aim_interfaces/include/auto_aim_interfaces/auto_aim_interfaces/msg/detail/tracker_info__struct.hpp
[0.635s] -- Up-to-date symlink: /home/rmsentry/DUST-RM-Sentry/install/auto_aim_interfaces/include/auto_aim_interfaces/auto_aim_interfaces/msg/detail/tracker_info__traits.hpp
[0.635s] -- Up-to-date symlink: /home/rmsentry/DUST-RM-Sentry/install/auto_aim_interfaces/include/auto_aim_interfaces/auto_aim_interfaces/msg/detail/tracker_info__type_support.hpp
[0.635s] -- Up-to-date symlink: /home/rmsentry/DUST-RM-Sentry/install/auto_aim_interfaces/include/auto_aim_interfaces/auto_aim_interfaces/msg/gimbal_cmd.hpp
[0.635s] -- Up-to-date symlink: /home/rmsentry/DUST-RM-Sentry/install/auto_aim_interfaces/include/auto_aim_interfaces/auto_aim_interfaces/msg/measurement.hpp
[0.635s] -- Up-to-date symlink: /home/rmsentry/DUST-RM-Sentry/install/auto_aim_interfaces/include/auto_aim_interfaces/auto_aim_interfaces/msg/rosidl_generator_cpp__visibility_control.hpp
[0.636s] -- Up-to-date symlink: /home/rmsentry/DUST-RM-Sentry/install/auto_aim_interfaces/include/auto_aim_interfaces/auto_aim_interfaces/msg/target.hpp
[0.636s] -- Up-to-date symlink: /home/rmsentry/DUST-RM-Sentry/install/auto_aim_interfaces/include/auto_aim_interfaces/auto_aim_interfaces/msg/tracker_info.hpp
[0.636s] -- Up-to-date symlink: /home/rmsentry/DUST-RM-Sentry/install/auto_aim_interfaces/include/auto_aim_interfaces/auto_aim_interfaces/msg/detail/armor__rosidl_typesupport_fastrtps_cpp.hpp
[0.636s] -- Up-to-date symlink: /home/rmsentry/DUST-RM-Sentry/install/auto_aim_interfaces/include/auto_aim_interfaces/auto_aim_interfaces/msg/detail/armors__rosidl_typesupport_fastrtps_cpp.hpp
[0.636s] -- Up-to-date symlink: /home/rmsentry/DUST-RM-Sentry/install/auto_aim_interfaces/include/auto_aim_interfaces/auto_aim_interfaces/msg/detail/debug_armor__rosidl_typesupport_fastrtps_cpp.hpp
[0.636s] -- Up-to-date symlink: /home/rmsentry/DUST-RM-Sentry/install/auto_aim_interfaces/include/auto_aim_interfaces/auto_aim_interfaces/msg/detail/debug_armors__rosidl_typesupport_fastrtps_cpp.hpp
[0.636s] -- Up-to-date symlink: /home/rmsentry/DUST-RM-Sentry/install/auto_aim_interfaces/include/auto_aim_interfaces/auto_aim_interfaces/msg/detail/debug_light__rosidl_typesupport_fastrtps_cpp.hpp
[0.641s] -- Up-to-date symlink: /home/rmsentry/DUST-RM-Sentry/install/auto_aim_interfaces/include/auto_aim_interfaces/auto_aim_interfaces/msg/detail/debug_lights__rosidl_typesupport_fastrtps_cpp.hpp
[0.642s] -- Up-to-date symlink: /home/rmsentry/DUST-RM-Sentry/install/auto_aim_interfaces/include/auto_aim_interfaces/auto_aim_interfaces/msg/detail/gimbal_cmd__rosidl_typesupport_fastrtps_cpp.hpp
[0.642s] -- Up-to-date symlink: /home/rmsentry/DUST-RM-Sentry/install/auto_aim_interfaces/include/auto_aim_interfaces/auto_aim_interfaces/msg/detail/measurement__rosidl_typesupport_fastrtps_cpp.hpp
[0.644s] -- Up-to-date symlink: /home/rmsentry/DUST-RM-Sentry/install/auto_aim_interfaces/include/auto_aim_interfaces/auto_aim_interfaces/msg/detail/target__rosidl_typesupport_fastrtps_cpp.hpp
[0.644s] -- Up-to-date symlink: /home/rmsentry/DUST-RM-Sentry/install/auto_aim_interfaces/include/auto_aim_interfaces/auto_aim_interfaces/msg/detail/tracker_info__rosidl_typesupport_fastrtps_cpp.hpp
[0.644s] -- Up-to-date symlink: /home/rmsentry/DUST-RM-Sentry/install/auto_aim_interfaces/include/auto_aim_interfaces/auto_aim_interfaces/msg/rosidl_typesupport_fastrtps_cpp__visibility_control.h
[0.644s] -- Up-to-date symlink: /home/rmsentry/DUST-RM-Sentry/install/auto_aim_interfaces/include/auto_aim_interfaces/auto_aim_interfaces/msg/detail/armor__rosidl_typesupport_introspection_cpp.hpp
[0.644s] -- Up-to-date symlink: /home/rmsentry/DUST-RM-Sentry/install/auto_aim_interfaces/include/auto_aim_interfaces/auto_aim_interfaces/msg/detail/armors__rosidl_typesupport_introspection_cpp.hpp
[0.644s] -- Up-to-date symlink: /home/rmsentry/DUST-RM-Sentry/install/auto_aim_interfaces/include/auto_aim_interfaces/auto_aim_interfaces/msg/detail/debug_armor__rosidl_typesupport_introspection_cpp.hpp
[0.644s] -- Up-to-date symlink: /home/rmsentry/DUST-RM-Sentry/install/auto_aim_interfaces/include/auto_aim_interfaces/auto_aim_interfaces/msg/detail/debug_armors__rosidl_typesupport_introspection_cpp.hpp
[0.644s] -- Up-to-date symlink: /home/rmsentry/DUST-RM-Sentry/install/auto_aim_interfaces/include/auto_aim_interfaces/auto_aim_interfaces/msg/detail/debug_light__rosidl_typesupport_introspection_cpp.hpp
[0.644s] -- Up-to-date symlink: /home/rmsentry/DUST-RM-Sentry/install/auto_aim_interfaces/include/auto_aim_interfaces/auto_aim_interfaces/msg/detail/debug_lights__rosidl_typesupport_introspection_cpp.hpp
[0.644s] -- Up-to-date symlink: /home/rmsentry/DUST-RM-Sentry/install/auto_aim_interfaces/include/auto_aim_interfaces/auto_aim_interfaces/msg/detail/gimbal_cmd__rosidl_typesupport_introspection_cpp.hpp
[0.645s] -- Up-to-date symlink: /home/rmsentry/DUST-RM-Sentry/install/auto_aim_interfaces/include/auto_aim_interfaces/auto_aim_interfaces/msg/detail/measurement__rosidl_typesupport_introspection_cpp.hpp
[0.645s] -- Up-to-date symlink: /home/rmsentry/DUST-RM-Sentry/install/auto_aim_interfaces/include/auto_aim_interfaces/auto_aim_interfaces/msg/detail/target__rosidl_typesupport_introspection_cpp.hpp
[0.645s] -- Up-to-date symlink: /home/rmsentry/DUST-RM-Sentry/install/auto_aim_interfaces/include/auto_aim_interfaces/auto_aim_interfaces/msg/detail/tracker_info__rosidl_typesupport_introspection_cpp.hpp
[0.645s] -- Up-to-date symlink: /home/rmsentry/DUST-RM-Sentry/install/auto_aim_interfaces/share/auto_aim_interfaces/environment/pythonpath.sh
[0.645s] -- Up-to-date symlink: /home/rmsentry/DUST-RM-Sentry/install/auto_aim_interfaces/share/auto_aim_interfaces/environment/pythonpath.dsv
[0.645s] -- Up-to-date symlink: /home/rmsentry/DUST-RM-Sentry/install/auto_aim_interfaces/local/lib/python3.10/dist-packages/auto_aim_interfaces-0.0.0-py3.10.egg-info/PKG-INFO
[0.645s] -- Up-to-date symlink: /home/rmsentry/DUST-RM-Sentry/install/auto_aim_interfaces/local/lib/python3.10/dist-packages/auto_aim_interfaces-0.0.0-py3.10.egg-info/SOURCES.txt
[0.645s] -- Up-to-date symlink: /home/rmsentry/DUST-RM-Sentry/install/auto_aim_interfaces/local/lib/python3.10/dist-packages/auto_aim_interfaces-0.0.0-py3.10.egg-info/dependency_links.txt
[0.645s] -- Up-to-date symlink: /home/rmsentry/DUST-RM-Sentry/install/auto_aim_interfaces/local/lib/python3.10/dist-packages/auto_aim_interfaces-0.0.0-py3.10.egg-info/top_level.txt
[0.647s] -- Up-to-date symlink: /home/rmsentry/DUST-RM-Sentry/install/auto_aim_interfaces/local/lib/python3.10/dist-packages/auto_aim_interfaces/__init__.py
[0.647s] -- Up-to-date symlink: /home/rmsentry/DUST-RM-Sentry/install/auto_aim_interfaces/local/lib/python3.10/dist-packages/auto_aim_interfaces/_auto_aim_interfaces_s.ep.rosidl_typesupport_c.c
[0.647s] -- Up-to-date symlink: /home/rmsentry/DUST-RM-Sentry/install/auto_aim_interfaces/local/lib/python3.10/dist-packages/auto_aim_interfaces/_auto_aim_interfaces_s.ep.rosidl_typesupport_fastrtps_c.c
[0.647s] -- Up-to-date symlink: /home/rmsentry/DUST-RM-Sentry/install/auto_aim_interfaces/local/lib/python3.10/dist-packages/auto_aim_interfaces/_auto_aim_interfaces_s.ep.rosidl_typesupport_introspection_c.c
[0.647s] -- Up-to-date symlink: /home/rmsentry/DUST-RM-Sentry/install/auto_aim_interfaces/local/lib/python3.10/dist-packages/auto_aim_interfaces/auto_aim_interfaces_s__rosidl_typesupport_c.cpython-310-x86_64-linux-gnu.so
[0.647s] -- Up-to-date symlink: /home/rmsentry/DUST-RM-Sentry/install/auto_aim_interfaces/local/lib/python3.10/dist-packages/auto_aim_interfaces/auto_aim_interfaces_s__rosidl_typesupport_fastrtps_c.cpython-310-x86_64-linux-gnu.so
[0.647s] -- Up-to-date symlink: /home/rmsentry/DUST-RM-Sentry/install/auto_aim_interfaces/local/lib/python3.10/dist-packages/auto_aim_interfaces/auto_aim_interfaces_s__rosidl_typesupport_introspection_c.cpython-310-x86_64-linux-gnu.so
[0.647s] -- Up-to-date symlink: /home/rmsentry/DUST-RM-Sentry/install/auto_aim_interfaces/local/lib/python3.10/dist-packages/auto_aim_interfaces/libauto_aim_interfaces__rosidl_generator_py.so
[0.647s] -- Up-to-date symlink: /home/rmsentry/DUST-RM-Sentry/install/auto_aim_interfaces/local/lib/python3.10/dist-packages/auto_aim_interfaces/msg/__init__.py
[0.647s] -- Up-to-date symlink: /home/rmsentry/DUST-RM-Sentry/install/auto_aim_interfaces/local/lib/python3.10/dist-packages/auto_aim_interfaces/msg/_armor.py
[0.647s] -- Up-to-date symlink: /home/rmsentry/DUST-RM-Sentry/install/auto_aim_interfaces/local/lib/python3.10/dist-packages/auto_aim_interfaces/msg/_armor_s.c
[0.647s] -- Up-to-date symlink: /home/rmsentry/DUST-RM-Sentry/install/auto_aim_interfaces/local/lib/python3.10/dist-packages/auto_aim_interfaces/msg/_armors.py
[0.647s] -- Up-to-date symlink: /home/rmsentry/DUST-RM-Sentry/install/auto_aim_interfaces/local/lib/python3.10/dist-packages/auto_aim_interfaces/msg/_armors_s.c
[0.647s] -- Up-to-date symlink: /home/rmsentry/DUST-RM-Sentry/install/auto_aim_interfaces/local/lib/python3.10/dist-packages/auto_aim_interfaces/msg/_debug_armor.py
[0.647s] -- Up-to-date symlink: /home/rmsentry/DUST-RM-Sentry/install/auto_aim_interfaces/local/lib/python3.10/dist-packages/auto_aim_interfaces/msg/_debug_armor_s.c
[0.647s] -- Up-to-date symlink: /home/rmsentry/DUST-RM-Sentry/install/auto_aim_interfaces/local/lib/python3.10/dist-packages/auto_aim_interfaces/msg/_debug_armors.py
[0.647s] -- Up-to-date symlink: /home/rmsentry/DUST-RM-Sentry/install/auto_aim_interfaces/local/lib/python3.10/dist-packages/auto_aim_interfaces/msg/_debug_armors_s.c
[0.647s] -- Up-to-date symlink: /home/rmsentry/DUST-RM-Sentry/install/auto_aim_interfaces/local/lib/python3.10/dist-packages/auto_aim_interfaces/msg/_debug_light.py
[0.647s] -- Up-to-date symlink: /home/rmsentry/DUST-RM-Sentry/install/auto_aim_interfaces/local/lib/python3.10/dist-packages/auto_aim_interfaces/msg/_debug_light_s.c
[0.648s] -- Up-to-date symlink: /home/rmsentry/DUST-RM-Sentry/install/auto_aim_interfaces/local/lib/python3.10/dist-packages/auto_aim_interfaces/msg/_debug_lights.py
[0.648s] -- Up-to-date symlink: /home/rmsentry/DUST-RM-Sentry/install/auto_aim_interfaces/local/lib/python3.10/dist-packages/auto_aim_interfaces/msg/_debug_lights_s.c
[0.648s] -- Up-to-date symlink: /home/rmsentry/DUST-RM-Sentry/install/auto_aim_interfaces/local/lib/python3.10/dist-packages/auto_aim_interfaces/msg/_gimbal_cmd.py
[0.648s] -- Up-to-date symlink: /home/rmsentry/DUST-RM-Sentry/install/auto_aim_interfaces/local/lib/python3.10/dist-packages/auto_aim_interfaces/msg/_gimbal_cmd_s.c
[0.648s] -- Up-to-date symlink: /home/rmsentry/DUST-RM-Sentry/install/auto_aim_interfaces/local/lib/python3.10/dist-packages/auto_aim_interfaces/msg/_measurement.py
[0.648s] -- Up-to-date symlink: /home/rmsentry/DUST-RM-Sentry/install/auto_aim_interfaces/local/lib/python3.10/dist-packages/auto_aim_interfaces/msg/_measurement_s.c
[0.648s] -- Up-to-date symlink: /home/rmsentry/DUST-RM-Sentry/install/auto_aim_interfaces/local/lib/python3.10/dist-packages/auto_aim_interfaces/msg/_target.py
[0.648s] -- Up-to-date symlink: /home/rmsentry/DUST-RM-Sentry/install/auto_aim_interfaces/local/lib/python3.10/dist-packages/auto_aim_interfaces/msg/_target_s.c
[0.648s] -- Up-to-date symlink: /home/rmsentry/DUST-RM-Sentry/install/auto_aim_interfaces/local/lib/python3.10/dist-packages/auto_aim_interfaces/msg/_tracker_info.py
[0.648s] -- Up-to-date symlink: /home/rmsentry/DUST-RM-Sentry/install/auto_aim_interfaces/local/lib/python3.10/dist-packages/auto_aim_interfaces/msg/_tracker_info_s.c
[0.648s] -- Up-to-date symlink: /home/rmsentry/DUST-RM-Sentry/install/auto_aim_interfaces/local/lib/python3.10/dist-packages/auto_aim_interfaces/auto_aim_interfaces_s__rosidl_typesupport_fastrtps_c.cpython-310-x86_64-linux-gnu.so
[0.648s] -- Up-to-date symlink: /home/rmsentry/DUST-RM-Sentry/install/auto_aim_interfaces/local/lib/python3.10/dist-packages/auto_aim_interfaces/auto_aim_interfaces_s__rosidl_typesupport_introspection_c.cpython-310-x86_64-linux-gnu.so
[0.648s] -- Up-to-date symlink: /home/rmsentry/DUST-RM-Sentry/install/auto_aim_interfaces/local/lib/python3.10/dist-packages/auto_aim_interfaces/auto_aim_interfaces_s__rosidl_typesupport_c.cpython-310-x86_64-linux-gnu.so
[0.648s] -- Up-to-date symlink: /home/rmsentry/DUST-RM-Sentry/install/auto_aim_interfaces/share/auto_aim_interfaces/msg/Armor.idl
[0.648s] -- Up-to-date symlink: /home/rmsentry/DUST-RM-Sentry/install/auto_aim_interfaces/share/auto_aim_interfaces/msg/Armors.idl
[0.648s] -- Up-to-date symlink: /home/rmsentry/DUST-RM-Sentry/install/auto_aim_interfaces/share/auto_aim_interfaces/msg/Target.idl
[0.648s] -- Up-to-date symlink: /home/rmsentry/DUST-RM-Sentry/install/auto_aim_interfaces/share/auto_aim_interfaces/msg/DebugLight.idl
[0.648s] -- Up-to-date symlink: /home/rmsentry/DUST-RM-Sentry/install/auto_aim_interfaces/share/auto_aim_interfaces/msg/DebugLights.idl
[0.648s] -- Up-to-date symlink: /home/rmsentry/DUST-RM-Sentry/install/auto_aim_interfaces/share/auto_aim_interfaces/msg/DebugArmor.idl
[0.648s] -- Up-to-date symlink: /home/rmsentry/DUST-RM-Sentry/install/auto_aim_interfaces/share/auto_aim_interfaces/msg/DebugArmors.idl
[0.648s] -- Up-to-date symlink: /home/rmsentry/DUST-RM-Sentry/install/auto_aim_interfaces/share/auto_aim_interfaces/msg/TrackerInfo.idl
[0.648s] -- Up-to-date symlink: /home/rmsentry/DUST-RM-Sentry/install/auto_aim_interfaces/share/auto_aim_interfaces/msg/GimbalCmd.idl
[0.648s] -- Up-to-date symlink: /home/rmsentry/DUST-RM-Sentry/install/auto_aim_interfaces/share/auto_aim_interfaces/msg/Measurement.idl
[0.648s] -- Up-to-date symlink: /home/rmsentry/DUST-RM-Sentry/install/auto_aim_interfaces/share/auto_aim_interfaces/msg/Armor.msg
[0.648s] -- Up-to-date symlink: /home/rmsentry/DUST-RM-Sentry/install/auto_aim_interfaces/share/auto_aim_interfaces/msg/Armors.msg
[0.649s] -- Up-to-date symlink: /home/rmsentry/DUST-RM-Sentry/install/auto_aim_interfaces/share/auto_aim_interfaces/msg/Target.msg
[0.649s] -- Up-to-date symlink: /home/rmsentry/DUST-RM-Sentry/install/auto_aim_interfaces/share/auto_aim_interfaces/msg/DebugLight.msg
[0.649s] -- Up-to-date symlink: /home/rmsentry/DUST-RM-Sentry/install/auto_aim_interfaces/share/auto_aim_interfaces/msg/DebugLights.msg
[0.649s] -- Up-to-date symlink: /home/rmsentry/DUST-RM-Sentry/install/auto_aim_interfaces/share/auto_aim_interfaces/msg/DebugArmor.msg
[0.649s] -- Up-to-date symlink: /home/rmsentry/DUST-RM-Sentry/install/auto_aim_interfaces/share/auto_aim_interfaces/msg/DebugArmors.msg
[0.649s] -- Up-to-date symlink: /home/rmsentry/DUST-RM-Sentry/install/auto_aim_interfaces/share/auto_aim_interfaces/msg/TrackerInfo.msg
[0.649s] -- Up-to-date symlink: /home/rmsentry/DUST-RM-Sentry/install/auto_aim_interfaces/share/auto_aim_interfaces/msg/GimbalCmd.msg
[0.649s] -- Up-to-date symlink: /home/rmsentry/DUST-RM-Sentry/install/auto_aim_interfaces/share/auto_aim_interfaces/msg/Measurement.msg
[0.649s] -- Up-to-date symlink: /home/rmsentry/DUST-RM-Sentry/install/auto_aim_interfaces/share/ament_index/resource_index/package_run_dependencies/auto_aim_interfaces
[0.649s] -- Up-to-date symlink: /home/rmsentry/DUST-RM-Sentry/install/auto_aim_interfaces/share/ament_index/resource_index/parent_prefix_path/auto_aim_interfaces
[0.649s] -- Up-to-date symlink: /home/rmsentry/DUST-RM-Sentry/install/auto_aim_interfaces/share/auto_aim_interfaces/environment/ament_prefix_path.sh
[0.649s] -- Up-to-date symlink: /home/rmsentry/DUST-RM-Sentry/install/auto_aim_interfaces/share/auto_aim_interfaces/environment/ament_prefix_path.dsv
[0.653s] -- Up-to-date symlink: /home/rmsentry/DUST-RM-Sentry/install/auto_aim_interfaces/share/auto_aim_interfaces/environment/path.sh
[0.653s] -- Up-to-date symlink: /home/rmsentry/DUST-RM-Sentry/install/auto_aim_interfaces/share/auto_aim_interfaces/environment/path.dsv
[0.653s] -- Up-to-date symlink: /home/rmsentry/DUST-RM-Sentry/install/auto_aim_interfaces/share/auto_aim_interfaces/local_setup.bash
[0.653s] -- Up-to-date symlink: /home/rmsentry/DUST-RM-Sentry/install/auto_aim_interfaces/share/auto_aim_interfaces/local_setup.sh
[0.653s] -- Up-to-date symlink: /home/rmsentry/DUST-RM-Sentry/install/auto_aim_interfaces/share/auto_aim_interfaces/local_setup.zsh
[0.653s] -- Up-to-date symlink: /home/rmsentry/DUST-RM-Sentry/install/auto_aim_interfaces/share/auto_aim_interfaces/local_setup.dsv
[0.653s] -- Symlinking: /home/rmsentry/DUST-RM-Sentry/install/auto_aim_interfaces/share/auto_aim_interfaces/package.dsv
[0.655s] -- Up-to-date symlink: /home/rmsentry/DUST-RM-Sentry/install/auto_aim_interfaces/share/ament_index/resource_index/packages/auto_aim_interfaces
[0.656s] -- Up-to-date symlink: /home/rmsentry/DUST-RM-Sentry/install/auto_aim_interfaces/share/auto_aim_interfaces/cmake/rosidl_cmake-extras.cmake
[0.656s] -- Up-to-date symlink: /home/rmsentry/DUST-RM-Sentry/install/auto_aim_interfaces/share/auto_aim_interfaces/cmake/ament_cmake_export_dependencies-extras.cmake
[0.656s] -- Up-to-date symlink: /home/rmsentry/DUST-RM-Sentry/install/auto_aim_interfaces/share/auto_aim_interfaces/cmake/ament_cmake_export_include_directories-extras.cmake
[0.656s] -- Up-to-date symlink: /home/rmsentry/DUST-RM-Sentry/install/auto_aim_interfaces/share/auto_aim_interfaces/cmake/ament_cmake_export_libraries-extras.cmake
[0.656s] -- Up-to-date symlink: /home/rmsentry/DUST-RM-Sentry/install/auto_aim_interfaces/share/auto_aim_interfaces/cmake/ament_cmake_export_targets-extras.cmake
[0.656s] -- Up-to-date symlink: /home/rmsentry/DUST-RM-Sentry/install/auto_aim_interfaces/share/auto_aim_interfaces/cmake/rosidl_cmake_export_typesupport_targets-extras.cmake
[0.656s] -- Up-to-date symlink: /home/rmsentry/DUST-RM-Sentry/install/auto_aim_interfaces/share/auto_aim_interfaces/cmake/rosidl_cmake_export_typesupport_libraries-extras.cmake
[0.656s] -- Up-to-date symlink: /home/rmsentry/DUST-RM-Sentry/install/auto_aim_interfaces/share/auto_aim_interfaces/cmake/auto_aim_interfacesConfig.cmake
[0.656s] -- Up-to-date symlink: /home/rmsentry/DUST-RM-Sentry/install/auto_aim_interfaces/share/auto_aim_interfaces/cmake/auto_aim_interfacesConfig-version.cmake
[0.656s] -- Up-to-date symlink: /home/rmsentry/DUST-RM-Sentry/install/auto_aim_interfaces/share/auto_aim_interfaces/package.xml
[0.656s] -- Up-to-date: /home/rmsentry/DUST-RM-Sentry/install/auto_aim_interfaces/lib/libauto_aim_interfaces__rosidl_generator_c.so
[0.656s] -- Up-to-date: /home/rmsentry/DUST-RM-Sentry/install/auto_aim_interfaces/lib/libauto_aim_interfaces__rosidl_typesupport_fastrtps_c.so
[0.656s] -- Up-to-date: /home/rmsentry/DUST-RM-Sentry/install/auto_aim_interfaces/lib/libauto_aim_interfaces__rosidl_typesupport_introspection_c.so
[0.656s] -- Up-to-date: /home/rmsentry/DUST-RM-Sentry/install/auto_aim_interfaces/lib/libauto_aim_interfaces__rosidl_typesupport_c.so
[0.656s] -- Up-to-date: /home/rmsentry/DUST-RM-Sentry/install/auto_aim_interfaces/lib/libauto_aim_interfaces__rosidl_typesupport_fastrtps_cpp.so
[0.656s] -- Up-to-date: /home/rmsentry/DUST-RM-Sentry/install/auto_aim_interfaces/lib/libauto_aim_interfaces__rosidl_typesupport_introspection_cpp.so
[0.657s] -- Up-to-date: /home/rmsentry/DUST-RM-Sentry/install/auto_aim_interfaces/lib/libauto_aim_interfaces__rosidl_typesupport_cpp.so
[0.661s] Listing '/home/rmsentry/DUST-RM-Sentry/install/auto_aim_interfaces/local/lib/python3.10/dist-packages/auto_aim_interfaces'...
[0.661s] Listing '/home/rmsentry/DUST-RM-Sentry/install/auto_aim_interfaces/local/lib/python3.10/dist-packages/auto_aim_interfaces/msg'...
[0.662s] -- Up-to-date: /home/rmsentry/DUST-RM-Sentry/install/auto_aim_interfaces/lib/libauto_aim_interfaces__rosidl_generator_py.so
[0.662s] -- Up-to-date: /home/rmsentry/DUST-RM-Sentry/install/auto_aim_interfaces/share/auto_aim_interfaces/cmake/export_auto_aim_interfaces__rosidl_generator_cExport.cmake
[0.662s] -- Up-to-date: /home/rmsentry/DUST-RM-Sentry/install/auto_aim_interfaces/share/auto_aim_interfaces/cmake/export_auto_aim_interfaces__rosidl_generator_cExport-noconfig.cmake
[0.662s] -- Up-to-date: /home/rmsentry/DUST-RM-Sentry/install/auto_aim_interfaces/share/auto_aim_interfaces/cmake/export_auto_aim_interfaces__rosidl_typesupport_fastrtps_cExport.cmake
[0.662s] -- Up-to-date: /home/rmsentry/DUST-RM-Sentry/install/auto_aim_interfaces/share/auto_aim_interfaces/cmake/export_auto_aim_interfaces__rosidl_typesupport_fastrtps_cExport-noconfig.cmake
[0.662s] -- Up-to-date: /home/rmsentry/DUST-RM-Sentry/install/auto_aim_interfaces/share/auto_aim_interfaces/cmake/auto_aim_interfaces__rosidl_typesupport_introspection_cExport.cmake
[0.662s] -- Up-to-date: /home/rmsentry/DUST-RM-Sentry/install/auto_aim_interfaces/share/auto_aim_interfaces/cmake/auto_aim_interfaces__rosidl_typesupport_introspection_cExport-noconfig.cmake
[0.662s] -- Up-to-date: /home/rmsentry/DUST-RM-Sentry/install/auto_aim_interfaces/share/auto_aim_interfaces/cmake/auto_aim_interfaces__rosidl_typesupport_cExport.cmake
[0.662s] -- Up-to-date: /home/rmsentry/DUST-RM-Sentry/install/auto_aim_interfaces/share/auto_aim_interfaces/cmake/auto_aim_interfaces__rosidl_typesupport_cExport-noconfig.cmake
[0.662s] -- Up-to-date: /home/rmsentry/DUST-RM-Sentry/install/auto_aim_interfaces/share/auto_aim_interfaces/cmake/export_auto_aim_interfaces__rosidl_generator_cppExport.cmake
[0.662s] -- Up-to-date: /home/rmsentry/DUST-RM-Sentry/install/auto_aim_interfaces/share/auto_aim_interfaces/cmake/export_auto_aim_interfaces__rosidl_typesupport_fastrtps_cppExport.cmake
[0.662s] -- Up-to-date: /home/rmsentry/DUST-RM-Sentry/install/auto_aim_interfaces/share/auto_aim_interfaces/cmake/export_auto_aim_interfaces__rosidl_typesupport_fastrtps_cppExport-noconfig.cmake
[0.662s] -- Up-to-date: /home/rmsentry/DUST-RM-Sentry/install/auto_aim_interfaces/share/auto_aim_interfaces/cmake/auto_aim_interfaces__rosidl_typesupport_introspection_cppExport.cmake
[0.662s] -- Up-to-date: /home/rmsentry/DUST-RM-Sentry/install/auto_aim_interfaces/share/auto_aim_interfaces/cmake/auto_aim_interfaces__rosidl_typesupport_introspection_cppExport-noconfig.cmake
[0.662s] -- Up-to-date: /home/rmsentry/DUST-RM-Sentry/install/auto_aim_interfaces/share/auto_aim_interfaces/cmake/auto_aim_interfaces__rosidl_typesupport_cppExport.cmake
[0.663s] -- Up-to-date: /home/rmsentry/DUST-RM-Sentry/install/auto_aim_interfaces/share/auto_aim_interfaces/cmake/auto_aim_interfaces__rosidl_typesupport_cppExport-noconfig.cmake
[0.663s] -- Up-to-date: /home/rmsentry/DUST-RM-Sentry/install/auto_aim_interfaces/share/auto_aim_interfaces/cmake/export_auto_aim_interfaces__rosidl_generator_pyExport.cmake
[0.663s] -- Up-to-date: /home/rmsentry/DUST-RM-Sentry/install/auto_aim_interfaces/share/auto_aim_interfaces/cmake/export_auto_aim_interfaces__rosidl_generator_pyExport-noconfig.cmake
[0.724s] Invoked command in '/home/rmsentry/DUST-RM-Sentry/build/auto_aim_interfaces' returned '0': CMAKE_PREFIX_PATH=${CMAKE_PREFIX_PATH}:/home/rmsentry/DUST-RM-Sentry/install/rm_decision:/home/rmsentry/DUST-RM-Sentry/install/fake_msg_publisher:/opt/ros/humble /usr/local/bin/cmake --install /home/rmsentry/DUST-RM-Sentry/build/auto_aim_interfaces
