[0.025s] Invoking command in '/home/rmsentry/DUST-RM-Sentry/build/livox_ros_driver2': CMAKE_PREFIX_PATH=${CMAKE_PREFIX_PATH}:/home/rmsentry/DUST-RM-Sentry/install/rm_decision:/home/rmsentry/DUST-RM-Sentry/install/fake_msg_publisher:/opt/ros/humble /usr/local/bin/cmake /home/rmsentry/DUST-RM-Sentry/src/rm_hardware_driver/livox_ros_driver2 -DAMENT_CMAKE_SYMLINK_INSTALL=1 -DCMAKE_INSTALL_PREFIX=/home/rmsentry/DUST-RM-Sentry/install/livox_ros_driver2
[0.093s] -- The C compiler identification is GNU 11.4.0
[0.175s] -- The CXX compiler identification is GNU 11.4.0
[0.194s] -- Detecting C compiler ABI info
[0.280s] -- Detecting C compiler ABI info - done
[0.311s] -- Check for working C compiler: /usr/bin/cc - skipped
[0.312s] -- Detecting C compile features
[0.312s] -- Detecting C compile features - done
[0.317s] -- Detecting CXX compiler ABI info
[0.425s] -- Detecting CXX compiler ABI info - done
[0.454s] -- Check for working CXX compiler: /usr/bin/c++ - skipped
[0.455s] -- Detecting CXX compile features
[0.455s] -- Detecting CXX compile features - done
[0.456s] -- livox_ros_driver2 version: 1.0.0
[0.458s] -- Found ament_cmake_auto: 1.3.12 (/opt/ros/humble/share/ament_cmake_auto/cmake)
[0.683s] -- Found Python3: /usr/bin/python3 (found version "3.10.12") found components: Interpreter
[0.783s] -- Override CMake install command with custom implementation using symlinks instead of copying resources
[0.920s] -- Using all available rosidl_typesupport_c: rosidl_typesupport_fastrtps_c;rosidl_typesupport_introspection_c
[0.924s] -- Found rosidl_adapter: 3.1.7 (/opt/ros/humble/share/rosidl_adapter/cmake)
[0.980s] -- Using all available rosidl_typesupport_cpp: rosidl_typesupport_fastrtps_cpp;rosidl_typesupport_introspection_cpp
[1.095s] -- Found rmw_implementation_cmake: 6.1.2 (/opt/ros/humble/share/rmw_implementation_cmake/cmake)
[1.099s] -- Found rmw_fastrtps_cpp: 6.2.8 (/opt/ros/humble/share/rmw_fastrtps_cpp/cmake)
[1.222s] -- Found OpenSSL: /usr/lib/x86_64-linux-gnu/libcrypto.so (found version "3.0.2")
[1.265s] -- Found FastRTPS: /opt/ros/humble/include
[1.329s] -- Using RMW implementation 'rmw_fastrtps_cpp' as default
[1.346s] -- Performing Test CMAKE_HAVE_LIBC_PTHREAD
[1.441s] -- Performing Test CMAKE_HAVE_LIBC_PTHREAD - Success
[1.444s] -- Found Threads: TRUE
[1.709s] [33mCMake Warning (dev) at /usr/lib/x86_64-linux-gnu/cmake/pcl/PCLConfig.cmake:146 (find_package):
[1.709s]   Policy CMP0144 is not set: find_package uses upper-case <PACKAGENAME>_ROOT
[1.710s]   variables.  Run "cmake --help-policy CMP0144" for policy details.  Use the
[1.710s]   cmake_policy command to set the policy and suppress this warning.
[1.710s] 
[1.710s]   CMake variable EIGEN_ROOT is set to:
[1.710s] 
[1.710s]     /usr/include/eigen3
[1.710s] 
[1.710s]   For compatibility, find_package is ignoring the variable, but code in a
[1.710s]   .cmake module might still use it.
[1.710s] Call Stack (most recent call first):
[1.710s]   /usr/lib/x86_64-linux-gnu/cmake/pcl/PCLConfig.cmake:299 (find_eigen)
[1.710s]   /usr/lib/x86_64-linux-gnu/cmake/pcl/PCLConfig.cmake:543 (find_external_library)
[1.710s]   /opt/ros/humble/share/pcl_conversions/cmake/ament_cmake_export_dependencies-extras.cmake:21 (find_package)
[1.710s]   /opt/ros/humble/share/pcl_conversions/cmake/pcl_conversionsConfig.cmake:41 (include)
[1.710s]   /opt/ros/humble/share/ament_cmake_auto/cmake/ament_auto_find_build_dependencies.cmake:67 (find_package)
[1.710s]   CMakeLists.txt:40 (ament_auto_find_build_dependencies)
[1.710s] This warning is for project developers.  Use -Wno-dev to suppress it.
[1.710s] [0m
[1.719s] -- Checking for module 'eigen3'
[1.740s] --   Found eigen3, version 3.4.0
[1.812s] -- Found Eigen: /usr/include/eigen3 (Required is at least version "3.1")
[1.812s] -- Eigen found (include: /usr/include/eigen3, version: 3.4.0)
[1.854s] [33mCMake Warning (dev) at /usr/lib/x86_64-linux-gnu/cmake/pcl/Modules/FindFLANN.cmake:44 (find_package):
[1.854s]   Policy CMP0144 is not set: find_package uses upper-case <PACKAGENAME>_ROOT
[1.854s]   variables.  Run "cmake --help-policy CMP0144" for policy details.  Use the
[1.854s]   cmake_policy command to set the policy and suppress this warning.
[1.854s] 
[1.856s]   CMake variable FLANN_ROOT is set to:
[1.856s] 
[1.856s]     /usr
[1.856s] 
[1.856s]   For compatibility, find_package is ignoring the variable, but code in a
[1.856s]   .cmake module might still use it.
[1.856s] Call Stack (most recent call first):
[1.856s]   /usr/lib/x86_64-linux-gnu/cmake/pcl/PCLConfig.cmake:256 (find_package)
[1.856s]   /usr/lib/x86_64-linux-gnu/cmake/pcl/PCLConfig.cmake:301 (find_flann)
[1.856s]   /usr/lib/x86_64-linux-gnu/cmake/pcl/PCLConfig.cmake:543 (find_external_library)
[1.856s]   /opt/ros/humble/share/pcl_conversions/cmake/ament_cmake_export_dependencies-extras.cmake:21 (find_package)
[1.856s]   /opt/ros/humble/share/pcl_conversions/cmake/pcl_conversionsConfig.cmake:41 (include)
[1.856s]   /opt/ros/humble/share/ament_cmake_auto/cmake/ament_auto_find_build_dependencies.cmake:67 (find_package)
[1.856s]   CMakeLists.txt:40 (ament_auto_find_build_dependencies)
[1.856s] This warning is for project developers.  Use -Wno-dev to suppress it.
[1.856s] [0m
[1.862s] -- Checking for module 'flann'
[1.893s] --   Found flann, version 1.9.1
[2.039s] -- Found FLANN: /usr/lib/x86_64-linux-gnu/libflann_cpp.so
[2.039s] -- FLANN found (include: /usr/include, lib: /usr/lib/x86_64-linux-gnu/libflann_cpp.so)
[5.590s] -- Checking for module 'libusb-1.0'
[5.635s] --   Found libusb-1.0, version 1.0.26
[5.770s] -- Found libusb: /usr/local/lib/libusb-1.0.so
[5.778s] -- OpenNI found (version: 1.5.4.0, include: /usr/include/ni, lib: /usr/lib/libOpenNI.so;libusb::libusb)
[6.020s] -- OpenNI2 found (version: 2.2.0.33, include: /usr/include/openni2, lib: /usr/lib/x86_64-linux-gnu/libOpenNI2.so;libusb::libusb)
[7.139s] -- Eigen found (include: /usr/include/eigen3, version: 3.4.0)
[7.156s] -- OpenNI found (version: 1.5.4.0, include: /usr/include/ni, lib: /usr/lib/libOpenNI.so;libusb::libusb)
[7.183s] -- OpenNI2 found (version: 2.2.0.33, include: /usr/include/openni2, lib: /usr/lib/x86_64-linux-gnu/libOpenNI2.so;libusb::libusb)
[8.341s] -- Found Qhull version 8.0.2
[9.640s] -- OpenNI found (version: 1.5.4.0, include: /usr/include/ni, lib: /usr/lib/libOpenNI.so;libusb::libusb)
[10.409s] -- Found PCL_COMMON: /usr/lib/x86_64-linux-gnu/libpcl_common.so
[10.411s] -- Found PCL_KDTREE: /usr/lib/x86_64-linux-gnu/libpcl_kdtree.so
[10.419s] -- Found PCL_OCTREE: /usr/lib/x86_64-linux-gnu/libpcl_octree.so
[10.420s] -- Found PCL_SEARCH: /usr/lib/x86_64-linux-gnu/libpcl_search.so
[10.449s] -- Found PCL_SAMPLE_CONSENSUS: /usr/lib/x86_64-linux-gnu/libpcl_sample_consensus.so
[10.461s] -- Found PCL_FILTERS: /usr/lib/x86_64-linux-gnu/libpcl_filters.so
[10.462s] -- Found PCL_2D: /usr/include/pcl-1.12
[10.462s] -- Found PCL_GEOMETRY: /usr/include/pcl-1.12
[10.472s] -- Found PCL_IO: /usr/lib/x86_64-linux-gnu/libpcl_io.so
[10.473s] -- Found PCL_FEATURES: /usr/lib/x86_64-linux-gnu/libpcl_features.so
[10.483s] -- Found PCL_ML: /usr/lib/x86_64-linux-gnu/libpcl_ml.so
[10.495s] -- Found PCL_SEGMENTATION: /usr/lib/x86_64-linux-gnu/libpcl_segmentation.so
[10.496s] -- Found PCL_VISUALIZATION: /usr/lib/x86_64-linux-gnu/libpcl_visualization.so
[10.501s] -- Found PCL_SURFACE: /usr/lib/x86_64-linux-gnu/libpcl_surface.so
[10.507s] -- Found PCL_REGISTRATION: /usr/lib/x86_64-linux-gnu/libpcl_registration.so
[10.509s] -- Found PCL_KEYPOINTS: /usr/lib/x86_64-linux-gnu/libpcl_keypoints.so
[10.513s] -- Found PCL_TRACKING: /usr/lib/x86_64-linux-gnu/libpcl_tracking.so
[10.518s] -- Found PCL_RECOGNITION: /usr/lib/x86_64-linux-gnu/libpcl_recognition.so
[10.520s] -- Found PCL_STEREO: /usr/lib/x86_64-linux-gnu/libpcl_stereo.so
[10.529s] -- Found PCL_APPS: /usr/lib/x86_64-linux-gnu/libpcl_apps.so
[10.530s] -- Found PCL_IN_HAND_SCANNER: /usr/include/pcl-1.12
[10.531s] -- Found PCL_MODELER: /usr/include/pcl-1.12
[10.531s] -- Found PCL_POINT_CLOUD_EDITOR: /usr/include/pcl-1.12
[10.534s] -- Found PCL_OUTOFCORE: /usr/lib/x86_64-linux-gnu/libpcl_outofcore.so
[10.537s] -- Found PCL_PEOPLE: /usr/lib/x86_64-linux-gnu/libpcl_people.so
[10.776s] -- Found PkgConfig: /usr/bin/pkg-config (found version "0.29.2")
[10.776s] -- Checking for module 'apr-1'
[10.837s] --   Found apr-1, version 1.7.0
[11.005s] [0m/usr/include/apr-1.0[0m
[11.005s] [0mapr-1[0m
[12.208s] -- Found ament_cmake_ros: 0.10.0 (/opt/ros/humble/share/ament_cmake_ros/cmake)
[14.185s] -- Using all available rosidl_typesupport_c: rosidl_typesupport_fastrtps_c;rosidl_typesupport_introspection_c
[16.185s] -- Using all available rosidl_typesupport_cpp: rosidl_typesupport_fastrtps_cpp;rosidl_typesupport_introspection_cpp
[16.190s] [33mCMake Warning (dev) at /opt/ros/humble/share/rosidl_generator_py/cmake/rosidl_generator_py_generate_interfaces.cmake:20 (find_package):
[16.191s]   Policy CMP0148 is not set: The FindPythonInterp and FindPythonLibs modules
[16.192s]   are removed.  Run "cmake --help-policy CMP0148" for policy details.  Use
[16.192s]   the cmake_policy command to set the policy and suppress this warning.
[16.192s] 
[16.192s] Call Stack (most recent call first):
[16.192s]   /opt/ros/humble/share/ament_cmake_core/cmake/core/ament_execute_extensions.cmake:48 (include)
[16.192s]   /opt/ros/humble/share/rosidl_cmake/cmake/rosidl_generate_interfaces.cmake:286 (ament_execute_extensions)
[16.192s]   CMakeLists.txt:56 (rosidl_generate_interfaces)
[16.192s] This warning is for project developers.  Use -Wno-dev to suppress it.
[16.192s] [0m
[16.229s] -- Found PythonInterp: /usr/bin/python3 (found suitable version "3.10.12", minimum required is "3.6")
[16.236s] -- Found python_cmake_module: 0.10.0 (/opt/ros/humble/share/python_cmake_module/cmake)
[16.238s] [33mCMake Warning (dev) at /opt/ros/humble/share/python_cmake_module/cmake/Modules/FindPythonExtra.cmake:52 (find_package):
[16.238s]   Policy CMP0148 is not set: The FindPythonInterp and FindPythonLibs modules
[16.238s]   are removed.  Run "cmake --help-policy CMP0148" for policy details.  Use
[16.238s]   the cmake_policy command to set the policy and suppress this warning.
[16.238s] 
[16.238s] Call Stack (most recent call first):
[16.238s]   /opt/ros/humble/share/rosidl_generator_py/cmake/rosidl_generator_py_generate_interfaces.cmake:23 (find_package)
[16.239s]   /opt/ros/humble/share/ament_cmake_core/cmake/core/ament_execute_extensions.cmake:48 (include)
[16.239s]   /opt/ros/humble/share/rosidl_cmake/cmake/rosidl_generate_interfaces.cmake:286 (ament_execute_extensions)
[16.239s]   CMakeLists.txt:56 (rosidl_generate_interfaces)
[16.240s] This warning is for project developers.  Use -Wno-dev to suppress it.
[16.240s] [0m
[16.377s] [33mCMake Warning (dev) at /opt/ros/humble/share/python_cmake_module/cmake/Modules/FindPythonExtra.cmake:140 (find_package):
[16.378s]   Policy CMP0148 is not set: The FindPythonInterp and FindPythonLibs modules
[16.378s]   are removed.  Run "cmake --help-policy CMP0148" for policy details.  Use
[16.378s]   the cmake_policy command to set the policy and suppress this warning.
[16.378s] 
[16.378s] Call Stack (most recent call first):
[16.378s]   /opt/ros/humble/share/rosidl_generator_py/cmake/rosidl_generator_py_generate_interfaces.cmake:23 (find_package)
[16.378s]   /opt/ros/humble/share/ament_cmake_core/cmake/core/ament_execute_extensions.cmake:48 (include)
[16.378s]   /opt/ros/humble/share/rosidl_cmake/cmake/rosidl_generate_interfaces.cmake:286 (ament_execute_extensions)
[16.378s]   CMakeLists.txt:56 (rosidl_generate_interfaces)
[16.378s] This warning is for project developers.  Use -Wno-dev to suppress it.
[16.378s] [0m
[16.402s] -- Found PythonLibs: /usr/lib/x86_64-linux-gnu/libpython3.10.so (found suitable version "3.10.12", minimum required is "3.5")
[16.403s] -- Using PYTHON_EXECUTABLE: /usr/bin/python3
[16.404s] -- Using PYTHON_INCLUDE_DIRS: /usr/include/python3.10
[16.404s] -- Using PYTHON_LIBRARIES: /usr/lib/x86_64-linux-gnu/libpython3.10.so
[16.577s] -- Found PythonExtra: .so
[16.850s] [0m/usr/local/lib/liblivox_lidar_sdk_shared.so[0m
[17.063s] -- Found ament_lint_auto: 0.12.14 (/opt/ros/humble/share/ament_lint_auto/cmake)
[17.118s] -- Added test 'copyright' to check source files copyright and LICENSE
[17.129s] -- Added test 'cppcheck' to perform static code analysis on C / C++ code
[17.129s] -- Configured cppcheck include dirs: /home/rmsentry/DUST-RM-Sentry/src/rm_hardware_driver/livox_ros_driver2/3rdparty;/home/rmsentry/DUST-RM-Sentry/src/rm_hardware_driver/livox_ros_driver2/src
[17.130s] -- Configured cppcheck exclude dirs and/or files: 
[17.140s] -- Added test 'cpplint' to check C / C++ code against the Google style
[17.140s] -- Configured cpplint exclude dirs and/or files: 
[17.143s] -- Added test 'flake8' to check Python code syntax and style conventions
[17.145s] -- Added test 'lint_cmake' to check CMake code style
[17.146s] -- Added test 'pep257' to check Python code against some of the docstring style conventions in PEP 257
[17.154s] -- Added test 'uncrustify' to check C / C++ code style
[17.154s] -- Configured uncrustify additional arguments: 
[17.159s] -- Added test 'xmllint' to check XML markup files
[17.173s] -- Configuring done (17.1s)
[17.354s] -- Generating done (0.1s)
[17.392s] -- Build files have been written to: /home/rmsentry/DUST-RM-Sentry/build/livox_ros_driver2
[17.454s] Invoked command in '/home/rmsentry/DUST-RM-Sentry/build/livox_ros_driver2' returned '0': CMAKE_PREFIX_PATH=${CMAKE_PREFIX_PATH}:/home/rmsentry/DUST-RM-Sentry/install/rm_decision:/home/rmsentry/DUST-RM-Sentry/install/fake_msg_publisher:/opt/ros/humble /usr/local/bin/cmake /home/rmsentry/DUST-RM-Sentry/src/rm_hardware_driver/livox_ros_driver2 -DAMENT_CMAKE_SYMLINK_INSTALL=1 -DCMAKE_INSTALL_PREFIX=/home/rmsentry/DUST-RM-Sentry/install/livox_ros_driver2
[17.455s] Invoking command in '/home/rmsentry/DUST-RM-Sentry/build/livox_ros_driver2': CMAKE_PREFIX_PATH=${CMAKE_PREFIX_PATH}:/home/rmsentry/DUST-RM-Sentry/install/rm_decision:/home/rmsentry/DUST-RM-Sentry/install/fake_msg_publisher:/opt/ros/humble /usr/local/bin/cmake --build /home/rmsentry/DUST-RM-Sentry/build/livox_ros_driver2 -- -j12 -l12
[20.522s] [  1%] [34m[1mGenerating C++ code for ROS interfaces[0m
[20.522s] [  3%] [34m[1mGenerating C code for ROS interfaces[0m
[20.522s] [  3%] Built target ament_cmake_python_symlink_livox_ros_driver2
[20.522s] [  5%] [32mBuilding CXX object CMakeFiles/livox_ros_driver2_node.dir/rclcpp_components/node_main_livox_ros_driver2_node.cpp.o[0m
[20.522s] running egg_info
[20.522s] creating livox_ros_driver2.egg-info
[20.522s] writing livox_ros_driver2.egg-info/PKG-INFO
[20.522s] writing dependency_links to livox_ros_driver2.egg-info/dependency_links.txt
[20.522s] writing top-level names to livox_ros_driver2.egg-info/top_level.txt
[20.522s] writing manifest file 'livox_ros_driver2.egg-info/SOURCES.txt'
[20.522s] reading manifest file 'livox_ros_driver2.egg-info/SOURCES.txt'
[20.522s] writing manifest file 'livox_ros_driver2.egg-info/SOURCES.txt'
[20.522s] [  5%] Built target ament_cmake_python_build_livox_ros_driver2_egg
[20.522s] [  5%] Built target livox_interfaces2__cpp
[20.522s] [  7%] [34m[1mGenerating C++ type support dispatch for ROS interfaces[0m
[20.522s] [  8%] [34m[1mGenerating C++ type support for eProsima Fast-RTPS[0m
[20.522s] [ 10%] [34m[1mGenerating C++ introspection for ROS interfaces[0m
[20.522s] [ 12%] [32mBuilding CXX object CMakeFiles/livox_interfaces2__rosidl_typesupport_cpp.dir/rosidl_typesupport_cpp/livox_ros_driver2/msg/custom_point__type_support.cpp.o[0m
[20.522s] [ 14%] [32mBuilding CXX object CMakeFiles/livox_interfaces2__rosidl_typesupport_cpp.dir/rosidl_typesupport_cpp/livox_ros_driver2/msg/custom_msg__type_support.cpp.o[0m
[20.522s] [ 15%] [32mBuilding C object CMakeFiles/livox_interfaces2__rosidl_generator_c.dir/rosidl_generator_c/livox_ros_driver2/msg/detail/custom_point__functions.c.o[0m
[20.522s] [ 17%] [32mBuilding C object CMakeFiles/livox_interfaces2__rosidl_generator_c.dir/rosidl_generator_c/livox_ros_driver2/msg/detail/custom_msg__functions.c.o[0m
[20.522s] [ 19%] [32mBuilding CXX object CMakeFiles/livox_interfaces2__rosidl_typesupport_fastrtps_cpp.dir/rosidl_typesupport_fastrtps_cpp/livox_ros_driver2/msg/detail/dds_fastrtps/custom_msg__type_support.cpp.o[0m
[20.523s] [ 21%] [32mBuilding CXX object CMakeFiles/livox_interfaces2__rosidl_typesupport_fastrtps_cpp.dir/rosidl_typesupport_fastrtps_cpp/livox_ros_driver2/msg/detail/dds_fastrtps/custom_point__type_support.cpp.o[0m
[20.523s] [ 22%] [32m[1mLinking C shared library liblivox_ros_driver2__rosidl_generator_c.so[0m
[20.523s] [ 24%] [32mBuilding CXX object CMakeFiles/livox_interfaces2__rosidl_typesupport_introspection_cpp.dir/rosidl_typesupport_introspection_cpp/livox_ros_driver2/msg/detail/custom_point__type_support.cpp.o[0m
[20.523s] [ 24%] Built target livox_interfaces2__rosidl_generator_c
[20.523s] [ 26%] [32mBuilding CXX object CMakeFiles/livox_interfaces2__rosidl_typesupport_introspection_cpp.dir/rosidl_typesupport_introspection_cpp/livox_ros_driver2/msg/detail/custom_msg__type_support.cpp.o[0m
[20.523s] [ 28%] [34m[1mGenerating C type support for eProsima Fast-RTPS[0m
[20.523s] [ 29%] [34m[1mGenerating C introspection for ROS interfaces[0m
[20.523s] [ 31%] [34m[1mGenerating C type support dispatch for ROS interfaces[0m
[20.523s] [ 33%] [32m[1mLinking CXX shared library liblivox_ros_driver2__rosidl_typesupport_cpp.so[0m
[20.523s] [ 33%] Built target livox_interfaces2__rosidl_typesupport_cpp
[20.523s] [ 35%] [32mBuilding CXX object CMakeFiles/livox_ros_driver2.dir/src/livox_ros_driver2.cpp.o[0m
[20.523s] [ 36%] [32mBuilding CXX object CMakeFiles/livox_ros_driver2.dir/src/lddc.cpp.o[0m
[20.523s] [ 38%] [32mBuilding CXX object CMakeFiles/livox_ros_driver2.dir/src/driver_node.cpp.o[0m
[20.523s] [ 40%] [32mBuilding CXX object CMakeFiles/livox_ros_driver2.dir/src/lds.cpp.o[0m
[20.523s] [ 42%] [32mBuilding CXX object CMakeFiles/livox_interfaces2__rosidl_typesupport_c.dir/rosidl_typesupport_c/livox_ros_driver2/msg/custom_point__type_support.cpp.o[0m
[20.523s] [ 43%] [32mBuilding CXX object CMakeFiles/livox_interfaces2__rosidl_typesupport_c.dir/rosidl_typesupport_c/livox_ros_driver2/msg/custom_msg__type_support.cpp.o[0m
[20.523s] [ 45%] [32m[1mLinking CXX shared library liblivox_ros_driver2__rosidl_typesupport_c.so[0m
[20.523s] [ 45%] Built target livox_interfaces2__rosidl_typesupport_c
[20.523s] [ 47%] [32mBuilding CXX object CMakeFiles/livox_ros_driver2.dir/src/lds_lidar.cpp.o[0m
[20.523s] [ 49%] [32mBuilding CXX object CMakeFiles/livox_interfaces2__rosidl_typesupport_fastrtps_c.dir/rosidl_typesupport_fastrtps_c/livox_ros_driver2/msg/detail/custom_point__type_support_c.cpp.o[0m
[20.523s] [ 50%] [32mBuilding CXX object CMakeFiles/livox_ros_driver2.dir/src/comm/comm.cpp.o[0m
[20.524s] [ 52%] [32m[1mLinking CXX shared library liblivox_ros_driver2__rosidl_typesupport_fastrtps_cpp.so[0m
[20.524s] [ 54%] [32mBuilding CXX object CMakeFiles/livox_ros_driver2.dir/src/comm/ldq.cpp.o[0m
[20.524s] [ 56%] [32m[1mLinking CXX shared library liblivox_ros_driver2__rosidl_typesupport_introspection_cpp.so[0m
[20.524s] [ 56%] Built target livox_interfaces2__rosidl_typesupport_fastrtps_cpp
[20.524s] [ 57%] [32mBuilding CXX object CMakeFiles/livox_interfaces2__rosidl_typesupport_fastrtps_c.dir/rosidl_typesupport_fastrtps_c/livox_ros_driver2/msg/detail/custom_msg__type_support_c.cpp.o[0m
[20.529s] In file included from [01m[K/home/rmsentry/DUST-RM-Sentry/src/rm_hardware_driver/livox_ros_driver2/src/driver_node.h:28[m[K,
[20.529s]                  from [01m[K/home/rmsentry/DUST-RM-Sentry/src/rm_hardware_driver/livox_ros_driver2/src/driver_node.cpp:25[m[K:
[20.529s] [01m[K/home/rmsentry/DUST-RM-Sentry/src/rm_hardware_driver/livox_ros_driver2/src/include/ros_headers.h:28:[m[K [01;35m[Kwarning: [m[K"BUILDING_ROS2" redefined
[20.529s]    28 | #define BUILDING_ROS2
[20.529s]       | 
[20.529s] [01m[K<command-line>:[m[K [01;36m[Knote: [m[Kthis is the location of the previous definition
[20.529s] In file included from [01m[K/home/rmsentry/DUST-RM-Sentry/src/rm_hardware_driver/livox_ros_driver2/src/driver_node.h:28[m[K,
[20.529s]                  from [01m[K/home/rmsentry/DUST-RM-Sentry/src/rm_hardware_driver/livox_ros_driver2/src/lddc.h:31[m[K,
[20.529s]                  from [01m[K/home/rmsentry/DUST-RM-Sentry/src/rm_hardware_driver/livox_ros_driver2/src/lddc.cpp:25[m[K:
[20.529s] [01m[K/home/rmsentry/DUST-RM-Sentry/src/rm_hardware_driver/livox_ros_driver2/src/include/ros_headers.h:28:[m[K [01;35m[Kwarning: [m[K"BUILDING_ROS2" redefined
[20.529s]    28 | #define BUILDING_ROS2
[20.529s]       | 
[20.530s] [01m[K<command-line>:[m[K [01;36m[Knote: [m[Kthis is the location of the previous definition
[20.530s] In file included from [01m[K/home/rmsentry/DUST-RM-Sentry/src/rm_hardware_driver/livox_ros_driver2/src/driver_node.h:28[m[K,
[20.530s]                  from [01m[K/home/rmsentry/DUST-RM-Sentry/src/rm_hardware_driver/livox_ros_driver2/src/livox_ros_driver2.cpp:32[m[K:
[20.530s] [01m[K/home/rmsentry/DUST-RM-Sentry/src/rm_hardware_driver/livox_ros_driver2/src/include/ros_headers.h:28:[m[K [01;35m[Kwarning: [m[K"BUILDING_ROS2" redefined
[20.530s]    28 | #define BUILDING_ROS2
[20.530s]       | 
[20.530s] [01m[K<command-line>:[m[K [01;36m[Knote: [m[Kthis is the location of the previous definition
[20.543s] [ 59%] [32mBuilding C object CMakeFiles/livox_interfaces2__rosidl_typesupport_introspection_c.dir/rosidl_typesupport_introspection_c/livox_ros_driver2/msg/detail/custom_point__type_support.c.o[0m
[20.607s] [ 61%] [32mBuilding C object CMakeFiles/livox_interfaces2__rosidl_typesupport_introspection_c.dir/rosidl_typesupport_introspection_c/livox_ros_driver2/msg/detail/custom_msg__type_support.c.o[0m
[20.705s] [ 63%] [32m[1mLinking C shared library liblivox_ros_driver2__rosidl_typesupport_introspection_c.so[0m
[20.794s] [ 63%] Built target livox_interfaces2__rosidl_typesupport_introspection_c
[20.820s] [ 64%] [32mBuilding CXX object CMakeFiles/livox_ros_driver2.dir/src/comm/semaphore.cpp.o[0m
[20.900s] [ 64%] Built target livox_interfaces2__rosidl_typesupport_introspection_cpp
[21.110s] In file included from [01m[K/home/rmsentry/DUST-RM-Sentry/src/rm_hardware_driver/livox_ros_driver2/src/lds_lidar.cpp:47[m[K:
[21.110s] [01m[K/home/rmsentry/DUST-RM-Sentry/src/rm_hardware_driver/livox_ros_driver2/src/comm/pub_handler.h:44:29:[m[K [01;35m[Kwarning: [m[K‘[01m[Klivox_ros::extrinsic_global[m[K’ defined but not used [[01;35m[K]8;;https://gcc.gnu.org/onlinedocs/gcc/Warning-Options.html#index-Wunused-variable-Wunused-variable]8;;[m[K]
[21.110s]    44 | static ExtParameterDetailed [01;35m[Kextrinsic_global[m[K = {
[21.110s]       |                             [01;35m[K^~~~~~~~~~~~~~~~[m[K
[21.280s] [ 66%] [32mBuilding CXX object CMakeFiles/livox_ros_driver2.dir/src/comm/lidar_imu_data_queue.cpp.o[0m
[21.288s] [ 68%] [32mBuilding CXX object CMakeFiles/livox_ros_driver2.dir/src/comm/cache_index.cpp.o[0m
[21.682s] [ 70%] [32mBuilding CXX object CMakeFiles/livox_ros_driver2.dir/src/comm/pub_handler.cpp.o[0m
[21.741s] [ 71%] [32mBuilding CXX object CMakeFiles/livox_ros_driver2.dir/src/parse_cfg_file/parse_cfg_file.cpp.o[0m
[21.910s] [ 73%] [32m[1mLinking CXX shared library liblivox_ros_driver2__rosidl_typesupport_fastrtps_c.so[0m
[22.097s] [ 75%] [32mBuilding CXX object CMakeFiles/livox_ros_driver2.dir/src/parse_cfg_file/parse_livox_lidar_cfg.cpp.o[0m
[22.167s] [ 75%] Built target livox_interfaces2__rosidl_typesupport_fastrtps_c
[22.213s] [ 75%] Built target livox_interfaces2
[22.276s] [ 77%] [34m[1mGenerating Python code for ROS interfaces[0m
[22.361s] [ 78%] [32mBuilding CXX object CMakeFiles/livox_ros_driver2.dir/src/call_back/lidar_common_callback.cpp.o[0m
[23.074s] [ 80%] [32mBuilding CXX object CMakeFiles/livox_ros_driver2.dir/src/call_back/livox_lidar_callback.cpp.o[0m
[23.906s] [ 80%] Built target livox_interfaces2__py
[23.943s] [ 82%] [32mBuilding C object CMakeFiles/livox_interfaces2__rosidl_generator_py.dir/rosidl_generator_py/livox_ros_driver2/msg/_custom_point_s.c.o[0m
[23.946s] [ 84%] [32mBuilding C object CMakeFiles/livox_interfaces2__rosidl_generator_py.dir/rosidl_generator_py/livox_ros_driver2/msg/_custom_msg_s.c.o[0m
[24.310s] [ 85%] [32m[1mLinking C shared library rosidl_generator_py/livox_ros_driver2/liblivox_interfaces2__rosidl_generator_py.so[0m
[24.397s] [ 85%] Built target livox_interfaces2__rosidl_generator_py
[24.448s] [ 87%] [32mBuilding C object CMakeFiles/livox_ros_driver2__rosidl_typesupport_introspection_c__pyext.dir/rosidl_generator_py/livox_ros_driver2/_livox_ros_driver2_s.ep.rosidl_typesupport_introspection_c.c.o[0m
[24.455s] [ 89%] [32mBuilding C object CMakeFiles/livox_ros_driver2__rosidl_typesupport_fastrtps_c__pyext.dir/rosidl_generator_py/livox_ros_driver2/_livox_ros_driver2_s.ep.rosidl_typesupport_fastrtps_c.c.o[0m
[24.614s] [ 91%] [32m[1mLinking C shared library rosidl_generator_py/livox_ros_driver2/livox_ros_driver2_s__rosidl_typesupport_fastrtps_c.cpython-310-x86_64-linux-gnu.so[0m
[24.659s] [ 92%] [32m[1mLinking C shared library rosidl_generator_py/livox_ros_driver2/livox_ros_driver2_s__rosidl_typesupport_introspection_c.cpython-310-x86_64-linux-gnu.so[0m
[24.707s] [ 92%] Built target livox_ros_driver2__rosidl_typesupport_fastrtps_c__pyext
[24.780s] [ 94%] [32mBuilding C object CMakeFiles/livox_ros_driver2__rosidl_typesupport_c__pyext.dir/rosidl_generator_py/livox_ros_driver2/_livox_ros_driver2_s.ep.rosidl_typesupport_c.c.o[0m
[24.784s] [ 94%] Built target livox_ros_driver2__rosidl_typesupport_introspection_c__pyext
[25.239s] [ 96%] [32m[1mLinking C shared library rosidl_generator_py/livox_ros_driver2/livox_ros_driver2_s__rosidl_typesupport_c.cpython-310-x86_64-linux-gnu.so[0m
[25.497s] [ 96%] Built target livox_ros_driver2__rosidl_typesupport_c__pyext
[28.588s] [ 98%] [32m[1mLinking CXX executable livox_ros_driver2_node[0m
[28.909s] [ 98%] Built target livox_ros_driver2_node
[46.633s] [100%] [32m[1mLinking CXX shared library liblivox_ros_driver2.so[0m
[47.429s] [100%] Built target livox_ros_driver2
[47.453s] Invoked command in '/home/rmsentry/DUST-RM-Sentry/build/livox_ros_driver2' returned '0': CMAKE_PREFIX_PATH=${CMAKE_PREFIX_PATH}:/home/rmsentry/DUST-RM-Sentry/install/rm_decision:/home/rmsentry/DUST-RM-Sentry/install/fake_msg_publisher:/opt/ros/humble /usr/local/bin/cmake --build /home/rmsentry/DUST-RM-Sentry/build/livox_ros_driver2 -- -j12 -l12
[47.454s] Invoking command in '/home/rmsentry/DUST-RM-Sentry/build/livox_ros_driver2': CMAKE_PREFIX_PATH=${CMAKE_PREFIX_PATH}:/home/rmsentry/DUST-RM-Sentry/install/rm_decision:/home/rmsentry/DUST-RM-Sentry/install/fake_msg_publisher:/opt/ros/humble /usr/local/bin/cmake --install /home/rmsentry/DUST-RM-Sentry/build/livox_ros_driver2
[50.185s] -- Install configuration: ""
[50.186s] -- Execute custom install script
[50.186s] -- Symlinking: /home/rmsentry/DUST-RM-Sentry/install/livox_ros_driver2/share/ament_index/resource_index/rosidl_interfaces/livox_ros_driver2
[50.186s] -- Symlinking: /home/rmsentry/DUST-RM-Sentry/install/livox_ros_driver2/include/livox_ros_driver2/livox_ros_driver2/msg/custom_msg.h
[50.186s] -- Symlinking: /home/rmsentry/DUST-RM-Sentry/install/livox_ros_driver2/include/livox_ros_driver2/livox_ros_driver2/msg/custom_point.h
[50.186s] -- Symlinking: /home/rmsentry/DUST-RM-Sentry/install/livox_ros_driver2/include/livox_ros_driver2/livox_ros_driver2/msg/detail/custom_msg__functions.h
[50.186s] -- Symlinking: /home/rmsentry/DUST-RM-Sentry/install/livox_ros_driver2/include/livox_ros_driver2/livox_ros_driver2/msg/detail/custom_msg__struct.h
[50.186s] -- Symlinking: /home/rmsentry/DUST-RM-Sentry/install/livox_ros_driver2/include/livox_ros_driver2/livox_ros_driver2/msg/detail/custom_msg__type_support.h
[50.186s] -- Symlinking: /home/rmsentry/DUST-RM-Sentry/install/livox_ros_driver2/include/livox_ros_driver2/livox_ros_driver2/msg/detail/custom_point__functions.h
[50.186s] -- Symlinking: /home/rmsentry/DUST-RM-Sentry/install/livox_ros_driver2/include/livox_ros_driver2/livox_ros_driver2/msg/detail/custom_point__struct.h
[50.186s] -- Symlinking: /home/rmsentry/DUST-RM-Sentry/install/livox_ros_driver2/include/livox_ros_driver2/livox_ros_driver2/msg/detail/custom_point__type_support.h
[50.186s] -- Symlinking: /home/rmsentry/DUST-RM-Sentry/install/livox_ros_driver2/include/livox_ros_driver2/livox_ros_driver2/msg/rosidl_generator_c__visibility_control.h
[50.186s] -- Symlinking: /home/rmsentry/DUST-RM-Sentry/install/livox_ros_driver2/share/livox_ros_driver2/environment/library_path.sh
[50.186s] -- Symlinking: /home/rmsentry/DUST-RM-Sentry/install/livox_ros_driver2/share/livox_ros_driver2/environment/library_path.dsv
[50.186s] -- Symlinking: /home/rmsentry/DUST-RM-Sentry/install/livox_ros_driver2/include/livox_ros_driver2/livox_ros_driver2/msg/detail/custom_msg__rosidl_typesupport_fastrtps_c.h
[50.186s] -- Symlinking: /home/rmsentry/DUST-RM-Sentry/install/livox_ros_driver2/include/livox_ros_driver2/livox_ros_driver2/msg/detail/custom_point__rosidl_typesupport_fastrtps_c.h
[50.187s] -- Symlinking: /home/rmsentry/DUST-RM-Sentry/install/livox_ros_driver2/include/livox_ros_driver2/livox_ros_driver2/msg/rosidl_typesupport_fastrtps_c__visibility_control.h
[50.187s] -- Symlinking: /home/rmsentry/DUST-RM-Sentry/install/livox_ros_driver2/include/livox_ros_driver2/livox_ros_driver2/msg/detail/custom_msg__rosidl_typesupport_introspection_c.h
[50.187s] -- Symlinking: /home/rmsentry/DUST-RM-Sentry/install/livox_ros_driver2/include/livox_ros_driver2/livox_ros_driver2/msg/detail/custom_point__rosidl_typesupport_introspection_c.h
[50.187s] -- Symlinking: /home/rmsentry/DUST-RM-Sentry/install/livox_ros_driver2/include/livox_ros_driver2/livox_ros_driver2/msg/rosidl_typesupport_introspection_c__visibility_control.h
[50.187s] -- Symlinking: /home/rmsentry/DUST-RM-Sentry/install/livox_ros_driver2/include/livox_ros_driver2/livox_ros_driver2/msg/custom_msg.hpp
[50.187s] -- Symlinking: /home/rmsentry/DUST-RM-Sentry/install/livox_ros_driver2/include/livox_ros_driver2/livox_ros_driver2/msg/custom_point.hpp
[50.187s] -- Symlinking: /home/rmsentry/DUST-RM-Sentry/install/livox_ros_driver2/include/livox_ros_driver2/livox_ros_driver2/msg/detail/custom_msg__builder.hpp
[50.187s] -- Symlinking: /home/rmsentry/DUST-RM-Sentry/install/livox_ros_driver2/include/livox_ros_driver2/livox_ros_driver2/msg/detail/custom_msg__struct.hpp
[50.187s] -- Symlinking: /home/rmsentry/DUST-RM-Sentry/install/livox_ros_driver2/include/livox_ros_driver2/livox_ros_driver2/msg/detail/custom_msg__traits.hpp
[50.187s] -- Symlinking: /home/rmsentry/DUST-RM-Sentry/install/livox_ros_driver2/include/livox_ros_driver2/livox_ros_driver2/msg/detail/custom_msg__type_support.hpp
[50.187s] -- Symlinking: /home/rmsentry/DUST-RM-Sentry/install/livox_ros_driver2/include/livox_ros_driver2/livox_ros_driver2/msg/detail/custom_point__builder.hpp
[50.187s] -- Symlinking: /home/rmsentry/DUST-RM-Sentry/install/livox_ros_driver2/include/livox_ros_driver2/livox_ros_driver2/msg/detail/custom_point__struct.hpp
[50.187s] -- Symlinking: /home/rmsentry/DUST-RM-Sentry/install/livox_ros_driver2/include/livox_ros_driver2/livox_ros_driver2/msg/detail/custom_point__traits.hpp
[50.187s] -- Symlinking: /home/rmsentry/DUST-RM-Sentry/install/livox_ros_driver2/include/livox_ros_driver2/livox_ros_driver2/msg/detail/custom_point__type_support.hpp
[50.187s] -- Symlinking: /home/rmsentry/DUST-RM-Sentry/install/livox_ros_driver2/include/livox_ros_driver2/livox_ros_driver2/msg/rosidl_generator_cpp__visibility_control.hpp
[50.187s] -- Symlinking: /home/rmsentry/DUST-RM-Sentry/install/livox_ros_driver2/include/livox_ros_driver2/livox_ros_driver2/msg/detail/custom_msg__rosidl_typesupport_fastrtps_cpp.hpp
[50.187s] -- Symlinking: /home/rmsentry/DUST-RM-Sentry/install/livox_ros_driver2/include/livox_ros_driver2/livox_ros_driver2/msg/detail/custom_point__rosidl_typesupport_fastrtps_cpp.hpp
[50.187s] -- Symlinking: /home/rmsentry/DUST-RM-Sentry/install/livox_ros_driver2/include/livox_ros_driver2/livox_ros_driver2/msg/rosidl_typesupport_fastrtps_cpp__visibility_control.h
[50.187s] -- Symlinking: /home/rmsentry/DUST-RM-Sentry/install/livox_ros_driver2/include/livox_ros_driver2/livox_ros_driver2/msg/detail/custom_msg__rosidl_typesupport_introspection_cpp.hpp
[50.188s] -- Symlinking: /home/rmsentry/DUST-RM-Sentry/install/livox_ros_driver2/include/livox_ros_driver2/livox_ros_driver2/msg/detail/custom_point__rosidl_typesupport_introspection_cpp.hpp
[50.188s] -- Symlinking: /home/rmsentry/DUST-RM-Sentry/install/livox_ros_driver2/share/livox_ros_driver2/environment/pythonpath.sh
[50.188s] -- Symlinking: /home/rmsentry/DUST-RM-Sentry/install/livox_ros_driver2/share/livox_ros_driver2/environment/pythonpath.dsv
[50.188s] -- Symlinking: /home/rmsentry/DUST-RM-Sentry/install/livox_ros_driver2/local/lib/python3.10/dist-packages/livox_ros_driver2-1.0.0-py3.10.egg-info/PKG-INFO
[50.188s] -- Symlinking: /home/rmsentry/DUST-RM-Sentry/install/livox_ros_driver2/local/lib/python3.10/dist-packages/livox_ros_driver2-1.0.0-py3.10.egg-info/SOURCES.txt
[50.188s] -- Symlinking: /home/rmsentry/DUST-RM-Sentry/install/livox_ros_driver2/local/lib/python3.10/dist-packages/livox_ros_driver2-1.0.0-py3.10.egg-info/dependency_links.txt
[50.188s] -- Symlinking: /home/rmsentry/DUST-RM-Sentry/install/livox_ros_driver2/local/lib/python3.10/dist-packages/livox_ros_driver2-1.0.0-py3.10.egg-info/top_level.txt
[50.188s] -- Symlinking: /home/rmsentry/DUST-RM-Sentry/install/livox_ros_driver2/local/lib/python3.10/dist-packages/livox_ros_driver2/__init__.py
[50.188s] -- Symlinking: /home/rmsentry/DUST-RM-Sentry/install/livox_ros_driver2/local/lib/python3.10/dist-packages/livox_ros_driver2/_livox_ros_driver2_s.ep.rosidl_typesupport_c.c
[50.188s] -- Symlinking: /home/rmsentry/DUST-RM-Sentry/install/livox_ros_driver2/local/lib/python3.10/dist-packages/livox_ros_driver2/_livox_ros_driver2_s.ep.rosidl_typesupport_fastrtps_c.c
[50.192s] -- Symlinking: /home/rmsentry/DUST-RM-Sentry/install/livox_ros_driver2/local/lib/python3.10/dist-packages/livox_ros_driver2/_livox_ros_driver2_s.ep.rosidl_typesupport_introspection_c.c
[50.193s] -- Symlinking: /home/rmsentry/DUST-RM-Sentry/install/livox_ros_driver2/local/lib/python3.10/dist-packages/livox_ros_driver2/liblivox_interfaces2__rosidl_generator_py.so
[50.193s] -- Symlinking: /home/rmsentry/DUST-RM-Sentry/install/livox_ros_driver2/local/lib/python3.10/dist-packages/livox_ros_driver2/livox_ros_driver2_s__rosidl_typesupport_c.cpython-310-x86_64-linux-gnu.so
[50.193s] -- Symlinking: /home/rmsentry/DUST-RM-Sentry/install/livox_ros_driver2/local/lib/python3.10/dist-packages/livox_ros_driver2/livox_ros_driver2_s__rosidl_typesupport_fastrtps_c.cpython-310-x86_64-linux-gnu.so
[50.193s] -- Symlinking: /home/rmsentry/DUST-RM-Sentry/install/livox_ros_driver2/local/lib/python3.10/dist-packages/livox_ros_driver2/livox_ros_driver2_s__rosidl_typesupport_introspection_c.cpython-310-x86_64-linux-gnu.so
[50.193s] -- Symlinking: /home/rmsentry/DUST-RM-Sentry/install/livox_ros_driver2/local/lib/python3.10/dist-packages/livox_ros_driver2/msg/__init__.py
[50.193s] -- Symlinking: /home/rmsentry/DUST-RM-Sentry/install/livox_ros_driver2/local/lib/python3.10/dist-packages/livox_ros_driver2/msg/_custom_msg.py
[50.193s] -- Symlinking: /home/rmsentry/DUST-RM-Sentry/install/livox_ros_driver2/local/lib/python3.10/dist-packages/livox_ros_driver2/msg/_custom_msg_s.c
[50.193s] -- Symlinking: /home/rmsentry/DUST-RM-Sentry/install/livox_ros_driver2/local/lib/python3.10/dist-packages/livox_ros_driver2/msg/_custom_point.py
[50.193s] -- Symlinking: /home/rmsentry/DUST-RM-Sentry/install/livox_ros_driver2/local/lib/python3.10/dist-packages/livox_ros_driver2/msg/_custom_point_s.c
[50.193s] -- Up-to-date symlink: /home/rmsentry/DUST-RM-Sentry/install/livox_ros_driver2/local/lib/python3.10/dist-packages/livox_ros_driver2/livox_ros_driver2_s__rosidl_typesupport_fastrtps_c.cpython-310-x86_64-linux-gnu.so
[50.193s] -- Up-to-date symlink: /home/rmsentry/DUST-RM-Sentry/install/livox_ros_driver2/local/lib/python3.10/dist-packages/livox_ros_driver2/livox_ros_driver2_s__rosidl_typesupport_introspection_c.cpython-310-x86_64-linux-gnu.so
[50.193s] -- Up-to-date symlink: /home/rmsentry/DUST-RM-Sentry/install/livox_ros_driver2/local/lib/python3.10/dist-packages/livox_ros_driver2/livox_ros_driver2_s__rosidl_typesupport_c.cpython-310-x86_64-linux-gnu.so
[50.193s] -- Symlinking: /home/rmsentry/DUST-RM-Sentry/install/livox_ros_driver2/share/livox_ros_driver2/msg/CustomPoint.idl
[50.193s] -- Symlinking: /home/rmsentry/DUST-RM-Sentry/install/livox_ros_driver2/share/livox_ros_driver2/msg/CustomMsg.idl
[50.193s] -- Symlinking: /home/rmsentry/DUST-RM-Sentry/install/livox_ros_driver2/share/livox_ros_driver2/msg/CustomPoint.msg
[50.193s] -- Symlinking: /home/rmsentry/DUST-RM-Sentry/install/livox_ros_driver2/share/livox_ros_driver2/msg/CustomMsg.msg
[50.193s] -- Symlinking: /home/rmsentry/DUST-RM-Sentry/install/livox_ros_driver2/lib/livox_ros_driver2/livox_ros_driver2_node
[50.193s] -- Symlinking: /home/rmsentry/DUST-RM-Sentry/install/livox_ros_driver2/lib/liblivox_ros_driver2.so
[50.193s] -- Symlinking: /home/rmsentry/DUST-RM-Sentry/install/livox_ros_driver2/share/livox_ros_driver2/config/HAP_config.json
[50.194s] -- Symlinking: /home/rmsentry/DUST-RM-Sentry/install/livox_ros_driver2/share/livox_ros_driver2/config/Horizon_config.json
[50.194s] -- Symlinking: /home/rmsentry/DUST-RM-Sentry/install/livox_ros_driver2/share/livox_ros_driver2/config/MID360_config.json
[50.194s] -- Symlinking: /home/rmsentry/DUST-RM-Sentry/install/livox_ros_driver2/share/livox_ros_driver2/config/display_point_cloud.rviz
[50.194s] -- Symlinking: /home/rmsentry/DUST-RM-Sentry/install/livox_ros_driver2/share/livox_ros_driver2/config/mixed_HAP_MID360_config.json
[50.194s] -- Symlinking: /home/rmsentry/DUST-RM-Sentry/install/livox_ros_driver2/share/livox_ros_driver2/launch/msg_HAP_launch.py
[50.199s] -- Symlinking: /home/rmsentry/DUST-RM-Sentry/install/livox_ros_driver2/share/livox_ros_driver2/launch/msg_Horizon_launch.py
[50.200s] -- Symlinking: /home/rmsentry/DUST-RM-Sentry/install/livox_ros_driver2/share/livox_ros_driver2/launch/msg_MID360_launch.py
[50.200s] -- Symlinking: /home/rmsentry/DUST-RM-Sentry/install/livox_ros_driver2/share/livox_ros_driver2/launch/rviz_HAP_launch.py
[50.200s] -- Symlinking: /home/rmsentry/DUST-RM-Sentry/install/livox_ros_driver2/share/livox_ros_driver2/launch/rviz_MID360_launch.py
[50.200s] -- Symlinking: /home/rmsentry/DUST-RM-Sentry/install/livox_ros_driver2/share/livox_ros_driver2/launch/rviz_mixed.py
[50.200s] -- Symlinking: /home/rmsentry/DUST-RM-Sentry/install/livox_ros_driver2/share/ament_index/resource_index/package_run_dependencies/livox_ros_driver2
[50.200s] -- Symlinking: /home/rmsentry/DUST-RM-Sentry/install/livox_ros_driver2/share/ament_index/resource_index/parent_prefix_path/livox_ros_driver2
[50.200s] -- Symlinking: /home/rmsentry/DUST-RM-Sentry/install/livox_ros_driver2/share/livox_ros_driver2/environment/ament_prefix_path.sh
[50.200s] -- Symlinking: /home/rmsentry/DUST-RM-Sentry/install/livox_ros_driver2/share/livox_ros_driver2/environment/ament_prefix_path.dsv
[50.200s] -- Symlinking: /home/rmsentry/DUST-RM-Sentry/install/livox_ros_driver2/share/livox_ros_driver2/environment/path.sh
[50.200s] -- Symlinking: /home/rmsentry/DUST-RM-Sentry/install/livox_ros_driver2/share/livox_ros_driver2/environment/path.dsv
[50.200s] -- Symlinking: /home/rmsentry/DUST-RM-Sentry/install/livox_ros_driver2/share/livox_ros_driver2/local_setup.bash
[50.200s] -- Symlinking: /home/rmsentry/DUST-RM-Sentry/install/livox_ros_driver2/share/livox_ros_driver2/local_setup.sh
[50.200s] -- Symlinking: /home/rmsentry/DUST-RM-Sentry/install/livox_ros_driver2/share/livox_ros_driver2/local_setup.zsh
[50.200s] -- Symlinking: /home/rmsentry/DUST-RM-Sentry/install/livox_ros_driver2/share/livox_ros_driver2/local_setup.dsv
[50.201s] -- Symlinking: /home/rmsentry/DUST-RM-Sentry/install/livox_ros_driver2/share/livox_ros_driver2/package.dsv
[50.201s] -- Symlinking: /home/rmsentry/DUST-RM-Sentry/install/livox_ros_driver2/share/ament_index/resource_index/packages/livox_ros_driver2
[50.201s] -- Symlinking: /home/rmsentry/DUST-RM-Sentry/install/livox_ros_driver2/share/ament_index/resource_index/rclcpp_components/livox_ros_driver2
[50.201s] -- Symlinking: /home/rmsentry/DUST-RM-Sentry/install/livox_ros_driver2/share/livox_ros_driver2/cmake/rosidl_cmake-extras.cmake
[50.201s] -- Symlinking: /home/rmsentry/DUST-RM-Sentry/install/livox_ros_driver2/share/livox_ros_driver2/cmake/ament_cmake_export_dependencies-extras.cmake
[50.201s] -- Symlinking: /home/rmsentry/DUST-RM-Sentry/install/livox_ros_driver2/share/livox_ros_driver2/cmake/ament_cmake_export_include_directories-extras.cmake
[50.201s] -- Symlinking: /home/rmsentry/DUST-RM-Sentry/install/livox_ros_driver2/share/livox_ros_driver2/cmake/ament_cmake_export_libraries-extras.cmake
[50.201s] -- Symlinking: /home/rmsentry/DUST-RM-Sentry/install/livox_ros_driver2/share/livox_ros_driver2/cmake/ament_cmake_export_targets-extras.cmake
[50.201s] -- Symlinking: /home/rmsentry/DUST-RM-Sentry/install/livox_ros_driver2/share/livox_ros_driver2/cmake/rosidl_cmake_export_typesupport_targets-extras.cmake
[50.201s] -- Symlinking: /home/rmsentry/DUST-RM-Sentry/install/livox_ros_driver2/share/livox_ros_driver2/cmake/rosidl_cmake_export_typesupport_libraries-extras.cmake
[50.201s] -- Symlinking: /home/rmsentry/DUST-RM-Sentry/install/livox_ros_driver2/share/livox_ros_driver2/cmake/livox_ros_driver2Config.cmake
[50.201s] -- Symlinking: /home/rmsentry/DUST-RM-Sentry/install/livox_ros_driver2/share/livox_ros_driver2/cmake/livox_ros_driver2Config-version.cmake
[50.201s] -- Symlinking: /home/rmsentry/DUST-RM-Sentry/install/livox_ros_driver2/share/livox_ros_driver2/package.xml
[50.201s] -- Installing: /home/rmsentry/DUST-RM-Sentry/install/livox_ros_driver2/lib/liblivox_ros_driver2__rosidl_generator_c.so
[50.201s] -- Set non-toolchain portion of runtime path of "/home/rmsentry/DUST-RM-Sentry/install/livox_ros_driver2/lib/liblivox_ros_driver2__rosidl_generator_c.so" to ""
[50.201s] -- Installing: /home/rmsentry/DUST-RM-Sentry/install/livox_ros_driver2/lib/liblivox_ros_driver2__rosidl_typesupport_fastrtps_c.so
[50.202s] -- Set non-toolchain portion of runtime path of "/home/rmsentry/DUST-RM-Sentry/install/livox_ros_driver2/lib/liblivox_ros_driver2__rosidl_typesupport_fastrtps_c.so" to ""
[50.202s] -- Installing: /home/rmsentry/DUST-RM-Sentry/install/livox_ros_driver2/lib/liblivox_ros_driver2__rosidl_typesupport_introspection_c.so
[50.202s] -- Set non-toolchain portion of runtime path of "/home/rmsentry/DUST-RM-Sentry/install/livox_ros_driver2/lib/liblivox_ros_driver2__rosidl_typesupport_introspection_c.so" to ""
[50.202s] -- Installing: /home/rmsentry/DUST-RM-Sentry/install/livox_ros_driver2/lib/liblivox_ros_driver2__rosidl_typesupport_c.so
[50.202s] -- Set non-toolchain portion of runtime path of "/home/rmsentry/DUST-RM-Sentry/install/livox_ros_driver2/lib/liblivox_ros_driver2__rosidl_typesupport_c.so" to ""
[50.202s] -- Installing: /home/rmsentry/DUST-RM-Sentry/install/livox_ros_driver2/lib/liblivox_ros_driver2__rosidl_typesupport_fastrtps_cpp.so
[50.202s] -- Set non-toolchain portion of runtime path of "/home/rmsentry/DUST-RM-Sentry/install/livox_ros_driver2/lib/liblivox_ros_driver2__rosidl_typesupport_fastrtps_cpp.so" to ""
[50.202s] -- Installing: /home/rmsentry/DUST-RM-Sentry/install/livox_ros_driver2/lib/liblivox_ros_driver2__rosidl_typesupport_introspection_cpp.so
[50.202s] -- Set non-toolchain portion of runtime path of "/home/rmsentry/DUST-RM-Sentry/install/livox_ros_driver2/lib/liblivox_ros_driver2__rosidl_typesupport_introspection_cpp.so" to ""
[50.202s] -- Installing: /home/rmsentry/DUST-RM-Sentry/install/livox_ros_driver2/lib/liblivox_ros_driver2__rosidl_typesupport_cpp.so
[50.202s] -- Set non-toolchain portion of runtime path of "/home/rmsentry/DUST-RM-Sentry/install/livox_ros_driver2/lib/liblivox_ros_driver2__rosidl_typesupport_cpp.so" to ""
[50.202s] Listing '/home/rmsentry/DUST-RM-Sentry/install/livox_ros_driver2/local/lib/python3.10/dist-packages/livox_ros_driver2'...
[50.202s] Compiling '/home/rmsentry/DUST-RM-Sentry/install/livox_ros_driver2/local/lib/python3.10/dist-packages/livox_ros_driver2/__init__.py'...
[50.202s] Listing '/home/rmsentry/DUST-RM-Sentry/install/livox_ros_driver2/local/lib/python3.10/dist-packages/livox_ros_driver2/msg'...
[50.202s] Compiling '/home/rmsentry/DUST-RM-Sentry/install/livox_ros_driver2/local/lib/python3.10/dist-packages/livox_ros_driver2/msg/__init__.py'...
[50.202s] Compiling '/home/rmsentry/DUST-RM-Sentry/install/livox_ros_driver2/local/lib/python3.10/dist-packages/livox_ros_driver2/msg/_custom_msg.py'...
[50.202s] Compiling '/home/rmsentry/DUST-RM-Sentry/install/livox_ros_driver2/local/lib/python3.10/dist-packages/livox_ros_driver2/msg/_custom_point.py'...
[50.207s] -- Installing: /home/rmsentry/DUST-RM-Sentry/install/livox_ros_driver2/lib/liblivox_interfaces2__rosidl_generator_py.so
[50.207s] -- Set non-toolchain portion of runtime path of "/home/rmsentry/DUST-RM-Sentry/install/livox_ros_driver2/lib/liblivox_interfaces2__rosidl_generator_py.so" to ""
[50.207s] -- Installing: /home/rmsentry/DUST-RM-Sentry/install/livox_ros_driver2/share/livox_ros_driver2/cmake/export_livox_interfaces2__rosidl_generator_cExport.cmake
[50.208s] -- Installing: /home/rmsentry/DUST-RM-Sentry/install/livox_ros_driver2/share/livox_ros_driver2/cmake/export_livox_interfaces2__rosidl_generator_cExport-noconfig.cmake
[50.208s] -- Installing: /home/rmsentry/DUST-RM-Sentry/install/livox_ros_driver2/share/livox_ros_driver2/cmake/export_livox_interfaces2__rosidl_typesupport_fastrtps_cExport.cmake
[50.208s] -- Installing: /home/rmsentry/DUST-RM-Sentry/install/livox_ros_driver2/share/livox_ros_driver2/cmake/export_livox_interfaces2__rosidl_typesupport_fastrtps_cExport-noconfig.cmake
[50.208s] -- Installing: /home/rmsentry/DUST-RM-Sentry/install/livox_ros_driver2/share/livox_ros_driver2/cmake/livox_interfaces2__rosidl_typesupport_introspection_cExport.cmake
[50.208s] -- Installing: /home/rmsentry/DUST-RM-Sentry/install/livox_ros_driver2/share/livox_ros_driver2/cmake/livox_interfaces2__rosidl_typesupport_introspection_cExport-noconfig.cmake
[50.209s] -- Installing: /home/rmsentry/DUST-RM-Sentry/install/livox_ros_driver2/share/livox_ros_driver2/cmake/livox_interfaces2__rosidl_typesupport_cExport.cmake
[50.210s] -- Installing: /home/rmsentry/DUST-RM-Sentry/install/livox_ros_driver2/share/livox_ros_driver2/cmake/livox_interfaces2__rosidl_typesupport_cExport-noconfig.cmake
[50.211s] -- Installing: /home/rmsentry/DUST-RM-Sentry/install/livox_ros_driver2/share/livox_ros_driver2/cmake/export_livox_interfaces2__rosidl_generator_cppExport.cmake
[50.211s] -- Installing: /home/rmsentry/DUST-RM-Sentry/install/livox_ros_driver2/share/livox_ros_driver2/cmake/export_livox_interfaces2__rosidl_typesupport_fastrtps_cppExport.cmake
[50.211s] -- Installing: /home/rmsentry/DUST-RM-Sentry/install/livox_ros_driver2/share/livox_ros_driver2/cmake/export_livox_interfaces2__rosidl_typesupport_fastrtps_cppExport-noconfig.cmake
[50.211s] -- Installing: /home/rmsentry/DUST-RM-Sentry/install/livox_ros_driver2/share/livox_ros_driver2/cmake/livox_interfaces2__rosidl_typesupport_introspection_cppExport.cmake
[50.212s] -- Installing: /home/rmsentry/DUST-RM-Sentry/install/livox_ros_driver2/share/livox_ros_driver2/cmake/livox_interfaces2__rosidl_typesupport_introspection_cppExport-noconfig.cmake
[50.212s] -- Installing: /home/rmsentry/DUST-RM-Sentry/install/livox_ros_driver2/share/livox_ros_driver2/cmake/livox_interfaces2__rosidl_typesupport_cppExport.cmake
[50.212s] -- Installing: /home/rmsentry/DUST-RM-Sentry/install/livox_ros_driver2/share/livox_ros_driver2/cmake/livox_interfaces2__rosidl_typesupport_cppExport-noconfig.cmake
[50.212s] -- Installing: /home/rmsentry/DUST-RM-Sentry/install/livox_ros_driver2/share/livox_ros_driver2/cmake/export_livox_interfaces2__rosidl_generator_pyExport.cmake
[50.212s] -- Installing: /home/rmsentry/DUST-RM-Sentry/install/livox_ros_driver2/share/livox_ros_driver2/cmake/export_livox_interfaces2__rosidl_generator_pyExport-noconfig.cmake
[50.240s] Invoked command in '/home/rmsentry/DUST-RM-Sentry/build/livox_ros_driver2' returned '0': CMAKE_PREFIX_PATH=${CMAKE_PREFIX_PATH}:/home/rmsentry/DUST-RM-Sentry/install/rm_decision:/home/rmsentry/DUST-RM-Sentry/install/fake_msg_publisher:/opt/ros/humble /usr/local/bin/cmake --install /home/rmsentry/DUST-RM-Sentry/build/livox_ros_driver2
