[0.032s] Invoking command in '/home/rmsentry/DUST-RM-Sentry/build/teb_local_planner': CMAKE_PREFIX_PATH=/home/rmsentry/DUST-RM-Sentry/install/teb_msgs:/home/rmsentry/DUST-RM-Sentry/install/costmap_converter:/home/rmsentry/DUST-RM-Sentry/install/costmap_converter_msgs:/home/rmsentry/DUST-RM-Sentry/install/vision_msg:/home/rmsentry/DUST-RM-Sentry/install/teb_local_planner:/home/rmsentry/DUST-RM-Sentry/install/robot_decision:/home/rmsentry/DUST-RM-Sentry/install/rm_bringup:/home/rmsentry/DUST-RM-Sentry/install/rm_serial_driver:/home/rmsentry/DUST-RM-Sentry/install/rm_robot_description:/home/rmsentry/DUST-RM-Sentry/install/rm_navigation:/home/rmsentry/DUST-RM-Sentry/install/rm_gimbal_description:/home/rmsentry/DUST-RM-Sentry/install/rm_decision_interfaces:/home/rmsentry/DUST-RM-Sentry/install/rm_auto_aim:/home/rmsentry/DUST-RM-Sentry/install/pointcloud_to_laserscan:/home/rmsentry/DUST-RM-Sentry/install/pointcloud_merger:/home/rmsentry/DUST-RM-Sentry/install/point_lio:/home/rmsentry/DUST-RM-Sentry/install/livox_ros2_driver:/home/rmsentry/DUST-RM-Sentry/install/livox_sdk_vendor:/home/rmsentry/DUST-RM-Sentry/install/icp_registration:/home/rmsentry/DUST-RM-Sentry/install/fast_lio:/home/rmsentry/DUST-RM-Sentry/install/livox_ros_driver2:/home/rmsentry/DUST-RM-Sentry/install/livox_interfaces:/home/rmsentry/DUST-RM-Sentry/install/linefit_ground_segmentation_ros:/home/rmsentry/DUST-RM-Sentry/install/linefit_ground_segmentation:/home/rmsentry/DUST-RM-Sentry/install/imu_complementary_filter:/home/rmsentry/DUST-RM-Sentry/install/hik_camera_second:/home/rmsentry/DUST-RM-Sentry/install/hik_camera_first:/home/rmsentry/DUST-RM-Sentry/install/hik_camera:/home/rmsentry/DUST-RM-Sentry/install/global_interface:/home/rmsentry/DUST-RM-Sentry/install/armor_tracker:/home/rmsentry/DUST-RM-Sentry/install/armor_solver:/home/rmsentry/DUST-RM-Sentry/install/armor_detector:/home/rmsentry/DUST-RM-Sentry/install/auto_aim_interfaces:/home/rmsentry/DUST-RM-Sentry/install/rm_decision:/home/rmsentry/DUST-RM-Sentry/install/fake_msg_publisher:/opt/ros/humble LD_LIBRARY_PATH=/home/rmsentry/DUST-RM-Sentry/install/teb_msgs/lib:/home/rmsentry/DUST-RM-Sentry/install/costmap_converter/lib:/home/rmsentry/DUST-RM-Sentry/install/costmap_converter_msgs/lib:/home/rmsentry/DUST-RM-Sentry/install/vision_msg/lib:/home/rmsentry/DUST-RM-Sentry/install/teb_local_planner/lib:/home/rmsentry/DUST-RM-Sentry/install/robot_decision/lib:/home/rmsentry/DUST-RM-Sentry/install/rm_serial_driver/lib:/home/rmsentry/DUST-RM-Sentry/install/rm_decision_interfaces/lib:/home/rmsentry/DUST-RM-Sentry/install/pointcloud_to_laserscan/lib:/home/rmsentry/DUST-RM-Sentry/install/livox_ros2_driver/lib:/home/rmsentry/DUST-RM-Sentry/install/icp_registration/lib:/home/rmsentry/DUST-RM-Sentry/install/fast_lio/lib:/home/rmsentry/DUST-RM-Sentry/install/livox_ros_driver2/lib:/home/rmsentry/DUST-RM-Sentry/install/livox_interfaces/lib:/home/rmsentry/DUST-RM-Sentry/install/linefit_ground_segmentation/lib:/home/rmsentry/DUST-RM-Sentry/install/imu_complementary_filter/lib:/home/rmsentry/DUST-RM-Sentry/install/hik_camera_second/lib:/home/rmsentry/DUST-RM-Sentry/install/hik_camera_first/lib:/home/rmsentry/DUST-RM-Sentry/install/hik_camera/lib:/home/rmsentry/DUST-RM-Sentry/install/global_interface/lib:/home/rmsentry/DUST-RM-Sentry/install/armor_tracker/lib:/home/rmsentry/DUST-RM-Sentry/install/armor_solver/lib:/home/rmsentry/DUST-RM-Sentry/install/armor_detector/lib:/home/rmsentry/DUST-RM-Sentry/install/auto_aim_interfaces/lib:/opt/MVS/lib/64:/opt/MVS/lib/32:/usr/local/lib:/opt/MVS/lib/64:/opt/MVS/lib/32:/opt/MVS/lib/64:/opt/MVS/lib/32:/usr/local/lib:/opt/ros/humble/opt/rviz_ogre_vendor/lib:/opt/ros/humble/lib/x86_64-linux-gnu:/opt/ros/humble/lib:/opt/MVS/lib/64:/opt/MVS/lib/32:/opt/MVS/lib/64:/opt/MVS/lib/32:/opt/MVS/lib/64:/opt/MVS/lib/32 /usr/local/bin/cmake /home/rmsentry/DUST-RM-Sentry/src/rm_navigation/third_party/teb_local_planner/teb_local_planner -DAMENT_CMAKE_SYMLINK_INSTALL=1 -DCMAKE_INSTALL_PREFIX=/home/rmsentry/DUST-RM-Sentry/install/teb_local_planner
[0.101s] -- The C compiler identification is GNU 11.4.0
[0.181s] -- The CXX compiler identification is GNU 11.4.0
[0.198s] -- Detecting C compiler ABI info
[0.286s] -- Detecting C compiler ABI info - done
[0.309s] -- Check for working C compiler: /usr/bin/cc - skipped
[0.309s] -- Detecting C compile features
[0.309s] -- Detecting C compile features - done
[0.315s] -- Detecting CXX compiler ABI info
[0.421s] -- Detecting CXX compiler ABI info - done
[0.444s] -- Check for working CXX compiler: /usr/bin/c++ - skipped
[0.444s] -- Detecting CXX compile features
[0.445s] -- Detecting CXX compile features - done
[0.454s] -- Found ament_cmake_auto: 1.3.12 (/opt/ros/humble/share/ament_cmake_auto/cmake)
[0.683s] -- Found Python3: /usr/bin/python3 (found version "3.10.12") found components: Interpreter
[0.779s] -- Override CMake install command with custom implementation using symlinks instead of copying resources
[0.844s] -- Found costmap_converter: 0.1.2 (/home/rmsentry/DUST-RM-Sentry/install/costmap_converter/share/costmap_converter/cmake)
[0.946s] -- Found rosidl_generator_c: 3.1.7 (/opt/ros/humble/share/rosidl_generator_c/cmake)
[0.957s] -- Found rosidl_adapter: 3.1.7 (/opt/ros/humble/share/rosidl_adapter/cmake)
[0.975s] -- Found rosidl_generator_cpp: 3.1.7 (/opt/ros/humble/share/rosidl_generator_cpp/cmake)
[1.001s] -- Using all available rosidl_typesupport_c: rosidl_typesupport_fastrtps_c;rosidl_typesupport_introspection_c
[1.028s] -- Using all available rosidl_typesupport_cpp: rosidl_typesupport_fastrtps_cpp;rosidl_typesupport_introspection_cpp
[1.342s] -- Found rmw_implementation_cmake: 6.1.2 (/opt/ros/humble/share/rmw_implementation_cmake/cmake)
[1.350s] -- Found rmw_fastrtps_cpp: 6.2.8 (/opt/ros/humble/share/rmw_fastrtps_cpp/cmake)
[1.500s] -- Found OpenSSL: /usr/lib/x86_64-linux-gnu/libcrypto.so (found version "3.0.2")
[1.545s] -- Found FastRTPS: /opt/ros/humble/include
[1.612s] -- Using RMW implementation 'rmw_fastrtps_cpp' as default
[1.630s] -- Performing Test CMAKE_HAVE_LIBC_PTHREAD
[1.726s] -- Performing Test CMAKE_HAVE_LIBC_PTHREAD - Success
[1.728s] -- Found Threads: TRUE
[2.111s] -- Found Eigen3: TRUE (found version "3.4.0")
[2.112s] -- Ensuring Eigen3 include directory is part of orocos-kdl CMake target
[2.377s] -- Found dwb_critics: 1.1.18 (/opt/ros/humble/share/dwb_critics/cmake)
[2.672s] -- Found teb_msgs: 0.0.1 (/home/rmsentry/DUST-RM-Sentry/install/teb_msgs/share/teb_msgs/cmake)
[2.715s] -- Found tf2_eigen: 0.25.16 (/opt/ros/humble/share/tf2_eigen/cmake)
[2.864s] -- System: Linux-6.8.0-85-generic
[2.864s] -- /opt/ros/humble/share/tinyxml2_vendor/cmake/Modules;/opt/ros/humble/share/eigen3_cmake_module/cmake/Modules;/opt/ros/humble/share/fastrtps_cmake_module/cmake/Modules;/home/rmsentry/DUST-RM-Sentry/src/rm_navigation/third_party/teb_local_planner/teb_local_planner/cmake_modules
[2.871s] -- Found SuiteSparse
[2.872s] -- Searching for g2o ...
[2.873s] -- Found g2o headers in: /opt/ros/humble/include/g2o
[2.879s] -- Found libg2o: /opt/ros/humble/lib/x86_64-linux-gnu/libg2o_csparse_extension.so;/opt/ros/humble/lib/x86_64-linux-gnu/libg2o_core.so;/opt/ros/humble/lib/x86_64-linux-gnu/libg2o_stuff.so;/opt/ros/humble/lib/x86_64-linux-gnu/libg2o_types_slam2d.so;/opt/ros/humble/lib/x86_64-linux-gnu/libg2o_types_slam3d.so;/opt/ros/humble/lib/x86_64-linux-gnu/libg2o_solver_cholmod.so;/opt/ros/humble/lib/x86_64-linux-gnu/libg2o_solver_pcg.so;/opt/ros/humble/lib/x86_64-linux-gnu/libg2o_solver_csparse.so;/opt/ros/humble/lib/x86_64-linux-gnu/libg2o_incremental.so
[2.894s] -- Found Boost: /usr/lib/x86_64-linux-gnu/cmake/Boost-1.74.0/BoostConfig.cmake (found version "1.74.0")
[3.486s] -- Found ament_cmake_gtest: 1.3.12 (/opt/ros/humble/share/ament_cmake_gtest/cmake)
[3.487s] [0mIn this package, headers install destination is set to `include` by ament_auto_package. It is recommended to install `include/teb_local_planner` instead and will be the default behavior of ament_auto_package from ROS 2 Kilted Kaiju. On distributions before Kilted, ament_auto_package behaves the same way when you use USE_SCOPED_HEADER_INSTALL_DIR option.[0m
[3.497s] -- Configuring done (3.5s)
[3.610s] -- Generating done (0.1s)
[3.619s] -- Build files have been written to: /home/rmsentry/DUST-RM-Sentry/build/teb_local_planner
[3.639s] Invoked command in '/home/rmsentry/DUST-RM-Sentry/build/teb_local_planner' returned '0': CMAKE_PREFIX_PATH=/home/rmsentry/DUST-RM-Sentry/install/teb_msgs:/home/rmsentry/DUST-RM-Sentry/install/costmap_converter:/home/rmsentry/DUST-RM-Sentry/install/costmap_converter_msgs:/home/rmsentry/DUST-RM-Sentry/install/vision_msg:/home/rmsentry/DUST-RM-Sentry/install/teb_local_planner:/home/rmsentry/DUST-RM-Sentry/install/robot_decision:/home/rmsentry/DUST-RM-Sentry/install/rm_bringup:/home/rmsentry/DUST-RM-Sentry/install/rm_serial_driver:/home/rmsentry/DUST-RM-Sentry/install/rm_robot_description:/home/rmsentry/DUST-RM-Sentry/install/rm_navigation:/home/rmsentry/DUST-RM-Sentry/install/rm_gimbal_description:/home/rmsentry/DUST-RM-Sentry/install/rm_decision_interfaces:/home/rmsentry/DUST-RM-Sentry/install/rm_auto_aim:/home/rmsentry/DUST-RM-Sentry/install/pointcloud_to_laserscan:/home/rmsentry/DUST-RM-Sentry/install/pointcloud_merger:/home/rmsentry/DUST-RM-Sentry/install/point_lio:/home/rmsentry/DUST-RM-Sentry/install/livox_ros2_driver:/home/rmsentry/DUST-RM-Sentry/install/livox_sdk_vendor:/home/rmsentry/DUST-RM-Sentry/install/icp_registration:/home/rmsentry/DUST-RM-Sentry/install/fast_lio:/home/rmsentry/DUST-RM-Sentry/install/livox_ros_driver2:/home/rmsentry/DUST-RM-Sentry/install/livox_interfaces:/home/rmsentry/DUST-RM-Sentry/install/linefit_ground_segmentation_ros:/home/rmsentry/DUST-RM-Sentry/install/linefit_ground_segmentation:/home/rmsentry/DUST-RM-Sentry/install/imu_complementary_filter:/home/rmsentry/DUST-RM-Sentry/install/hik_camera_second:/home/rmsentry/DUST-RM-Sentry/install/hik_camera_first:/home/rmsentry/DUST-RM-Sentry/install/hik_camera:/home/rmsentry/DUST-RM-Sentry/install/global_interface:/home/rmsentry/DUST-RM-Sentry/install/armor_tracker:/home/rmsentry/DUST-RM-Sentry/install/armor_solver:/home/rmsentry/DUST-RM-Sentry/install/armor_detector:/home/rmsentry/DUST-RM-Sentry/install/auto_aim_interfaces:/home/rmsentry/DUST-RM-Sentry/install/rm_decision:/home/rmsentry/DUST-RM-Sentry/install/fake_msg_publisher:/opt/ros/humble LD_LIBRARY_PATH=/home/rmsentry/DUST-RM-Sentry/install/teb_msgs/lib:/home/rmsentry/DUST-RM-Sentry/install/costmap_converter/lib:/home/rmsentry/DUST-RM-Sentry/install/costmap_converter_msgs/lib:/home/rmsentry/DUST-RM-Sentry/install/vision_msg/lib:/home/rmsentry/DUST-RM-Sentry/install/teb_local_planner/lib:/home/rmsentry/DUST-RM-Sentry/install/robot_decision/lib:/home/rmsentry/DUST-RM-Sentry/install/rm_serial_driver/lib:/home/rmsentry/DUST-RM-Sentry/install/rm_decision_interfaces/lib:/home/rmsentry/DUST-RM-Sentry/install/pointcloud_to_laserscan/lib:/home/rmsentry/DUST-RM-Sentry/install/livox_ros2_driver/lib:/home/rmsentry/DUST-RM-Sentry/install/icp_registration/lib:/home/rmsentry/DUST-RM-Sentry/install/fast_lio/lib:/home/rmsentry/DUST-RM-Sentry/install/livox_ros_driver2/lib:/home/rmsentry/DUST-RM-Sentry/install/livox_interfaces/lib:/home/rmsentry/DUST-RM-Sentry/install/linefit_ground_segmentation/lib:/home/rmsentry/DUST-RM-Sentry/install/imu_complementary_filter/lib:/home/rmsentry/DUST-RM-Sentry/install/hik_camera_second/lib:/home/rmsentry/DUST-RM-Sentry/install/hik_camera_first/lib:/home/rmsentry/DUST-RM-Sentry/install/hik_camera/lib:/home/rmsentry/DUST-RM-Sentry/install/global_interface/lib:/home/rmsentry/DUST-RM-Sentry/install/armor_tracker/lib:/home/rmsentry/DUST-RM-Sentry/install/armor_solver/lib:/home/rmsentry/DUST-RM-Sentry/install/armor_detector/lib:/home/rmsentry/DUST-RM-Sentry/install/auto_aim_interfaces/lib:/opt/MVS/lib/64:/opt/MVS/lib/32:/usr/local/lib:/opt/MVS/lib/64:/opt/MVS/lib/32:/opt/MVS/lib/64:/opt/MVS/lib/32:/usr/local/lib:/opt/ros/humble/opt/rviz_ogre_vendor/lib:/opt/ros/humble/lib/x86_64-linux-gnu:/opt/ros/humble/lib:/opt/MVS/lib/64:/opt/MVS/lib/32:/opt/MVS/lib/64:/opt/MVS/lib/32:/opt/MVS/lib/64:/opt/MVS/lib/32 /usr/local/bin/cmake /home/rmsentry/DUST-RM-Sentry/src/rm_navigation/third_party/teb_local_planner/teb_local_planner -DAMENT_CMAKE_SYMLINK_INSTALL=1 -DCMAKE_INSTALL_PREFIX=/home/rmsentry/DUST-RM-Sentry/install/teb_local_planner
[3.641s] Invoking command in '/home/rmsentry/DUST-RM-Sentry/build/teb_local_planner': CMAKE_PREFIX_PATH=/home/rmsentry/DUST-RM-Sentry/install/teb_msgs:/home/rmsentry/DUST-RM-Sentry/install/costmap_converter:/home/rmsentry/DUST-RM-Sentry/install/costmap_converter_msgs:/home/rmsentry/DUST-RM-Sentry/install/vision_msg:/home/rmsentry/DUST-RM-Sentry/install/teb_local_planner:/home/rmsentry/DUST-RM-Sentry/install/robot_decision:/home/rmsentry/DUST-RM-Sentry/install/rm_bringup:/home/rmsentry/DUST-RM-Sentry/install/rm_serial_driver:/home/rmsentry/DUST-RM-Sentry/install/rm_robot_description:/home/rmsentry/DUST-RM-Sentry/install/rm_navigation:/home/rmsentry/DUST-RM-Sentry/install/rm_gimbal_description:/home/rmsentry/DUST-RM-Sentry/install/rm_decision_interfaces:/home/rmsentry/DUST-RM-Sentry/install/rm_auto_aim:/home/rmsentry/DUST-RM-Sentry/install/pointcloud_to_laserscan:/home/rmsentry/DUST-RM-Sentry/install/pointcloud_merger:/home/rmsentry/DUST-RM-Sentry/install/point_lio:/home/rmsentry/DUST-RM-Sentry/install/livox_ros2_driver:/home/rmsentry/DUST-RM-Sentry/install/livox_sdk_vendor:/home/rmsentry/DUST-RM-Sentry/install/icp_registration:/home/rmsentry/DUST-RM-Sentry/install/fast_lio:/home/rmsentry/DUST-RM-Sentry/install/livox_ros_driver2:/home/rmsentry/DUST-RM-Sentry/install/livox_interfaces:/home/rmsentry/DUST-RM-Sentry/install/linefit_ground_segmentation_ros:/home/rmsentry/DUST-RM-Sentry/install/linefit_ground_segmentation:/home/rmsentry/DUST-RM-Sentry/install/imu_complementary_filter:/home/rmsentry/DUST-RM-Sentry/install/hik_camera_second:/home/rmsentry/DUST-RM-Sentry/install/hik_camera_first:/home/rmsentry/DUST-RM-Sentry/install/hik_camera:/home/rmsentry/DUST-RM-Sentry/install/global_interface:/home/rmsentry/DUST-RM-Sentry/install/armor_tracker:/home/rmsentry/DUST-RM-Sentry/install/armor_solver:/home/rmsentry/DUST-RM-Sentry/install/armor_detector:/home/rmsentry/DUST-RM-Sentry/install/auto_aim_interfaces:/home/rmsentry/DUST-RM-Sentry/install/rm_decision:/home/rmsentry/DUST-RM-Sentry/install/fake_msg_publisher:/opt/ros/humble LD_LIBRARY_PATH=/home/rmsentry/DUST-RM-Sentry/install/teb_msgs/lib:/home/rmsentry/DUST-RM-Sentry/install/costmap_converter/lib:/home/rmsentry/DUST-RM-Sentry/install/costmap_converter_msgs/lib:/home/rmsentry/DUST-RM-Sentry/install/vision_msg/lib:/home/rmsentry/DUST-RM-Sentry/install/teb_local_planner/lib:/home/rmsentry/DUST-RM-Sentry/install/robot_decision/lib:/home/rmsentry/DUST-RM-Sentry/install/rm_serial_driver/lib:/home/rmsentry/DUST-RM-Sentry/install/rm_decision_interfaces/lib:/home/rmsentry/DUST-RM-Sentry/install/pointcloud_to_laserscan/lib:/home/rmsentry/DUST-RM-Sentry/install/livox_ros2_driver/lib:/home/rmsentry/DUST-RM-Sentry/install/icp_registration/lib:/home/rmsentry/DUST-RM-Sentry/install/fast_lio/lib:/home/rmsentry/DUST-RM-Sentry/install/livox_ros_driver2/lib:/home/rmsentry/DUST-RM-Sentry/install/livox_interfaces/lib:/home/rmsentry/DUST-RM-Sentry/install/linefit_ground_segmentation/lib:/home/rmsentry/DUST-RM-Sentry/install/imu_complementary_filter/lib:/home/rmsentry/DUST-RM-Sentry/install/hik_camera_second/lib:/home/rmsentry/DUST-RM-Sentry/install/hik_camera_first/lib:/home/rmsentry/DUST-RM-Sentry/install/hik_camera/lib:/home/rmsentry/DUST-RM-Sentry/install/global_interface/lib:/home/rmsentry/DUST-RM-Sentry/install/armor_tracker/lib:/home/rmsentry/DUST-RM-Sentry/install/armor_solver/lib:/home/rmsentry/DUST-RM-Sentry/install/armor_detector/lib:/home/rmsentry/DUST-RM-Sentry/install/auto_aim_interfaces/lib:/opt/MVS/lib/64:/opt/MVS/lib/32:/usr/local/lib:/opt/MVS/lib/64:/opt/MVS/lib/32:/opt/MVS/lib/64:/opt/MVS/lib/32:/usr/local/lib:/opt/ros/humble/opt/rviz_ogre_vendor/lib:/opt/ros/humble/lib/x86_64-linux-gnu:/opt/ros/humble/lib:/opt/MVS/lib/64:/opt/MVS/lib/32:/opt/MVS/lib/64:/opt/MVS/lib/32:/opt/MVS/lib/64:/opt/MVS/lib/32 /usr/local/bin/cmake --build /home/rmsentry/DUST-RM-Sentry/build/teb_local_planner -- -j12 -l12
[3.693s] [ 10%] [32mBuilding CXX object CMakeFiles/teb_local_planner.dir/src/timed_elastic_band.cpp.o[0m
[15.584s] [ 20%] [32mBuilding CXX object CMakeFiles/teb_local_planner.dir/src/graph_search.cpp.o[0m
[37.001s] [ 30%] [32mBuilding CXX object CMakeFiles/teb_local_planner.dir/src/teb_local_planner_ros.cpp.o[0m
[45.586s] In file included from [01m[K/opt/ros/humble/include/pluginlib/pluginlib/class_loader_imp.hpp:57[m[K,
[45.586s]                  from [01m[K/opt/ros/humble/include/pluginlib/pluginlib/class_loader.hpp:334[m[K,
[45.586s]                  from [01m[K/home/rmsentry/DUST-RM-Sentry/src/rm_navigation/third_party/teb_local_planner/teb_local_planner/include/teb_local_planner/teb_local_planner_ros.h:42[m[K,
[45.586s]                  from [01m[K/home/rmsentry/DUST-RM-Sentry/src/rm_navigation/third_party/teb_local_planner/teb_local_planner/src/teb_local_planner_ros.cpp:39[m[K:
[45.586s] [01m[K/home/rmsentry/DUST-RM-Sentry/install/costmap_converter/include/costmap_converter/costmap_converter_interface.h:[m[K In member function ‘[01m[Kvoid costmap_converter::BaseCostmapToPolygons::startWorker(rclcpp::GenericRate<std::chrono::_V2::system_clock>::SharedPtr, nav2_costmap_2d::Costmap2D*, bool)[m[K’:
[45.586s] [01m[K/home/rmsentry/DUST-RM-Sentry/install/costmap_converter/include/costmap_converter/costmap_converter_interface.h:197:41:[m[K [01;35m[Kwarning: [m[Ktoo many arguments for format [[01;35m[K]8;;https://gcc.gnu.org/onlinedocs/gcc/Warning-Options.html#index-Wformat-extra-args-Wformat-extra-args]8;;[m[K]
[45.586s]   197 |         RCLCPP_DEBUG(nh_->get_logger(), [01;35m[K"costmap_converter"[m[K, "Spinning up a thread for the CostmapToPolygons plugin");
[45.586s]       |                                         [01;35m[K^~~~~~~~~~~~~~~~~~~[m[K
[45.603s] [01m[K/home/rmsentry/DUST-RM-Sentry/install/costmap_converter/include/costmap_converter/costmap_converter_interface.h:[m[K In member function ‘[01m[Kvoid costmap_converter::BaseCostmapToDynamicObstacles::loadStaticCostmapConverterPlugin(const string&, rclcpp::Node::SharedPtr)[m[K’:
[45.603s] [01m[K/home/rmsentry/DUST-RM-Sentry/install/costmap_converter/include/costmap_converter/costmap_converter_interface.h:313:32:[m[K [01;35m[Kwarning: [m[Kformat ‘[01m[K%s[m[K’ expects argument of type ‘[01m[Kchar*[m[K’, but argument 5 has type ‘[01m[Kconst string[m[K’ {aka ‘[01m[Kconst std::__cxx11::basic_string<char>[m[K’} [[01;35m[K]8;;https://gcc.gnu.org/onlinedocs/gcc/Warning-Options.html#index-Wformat=-Wformat=]8;;[m[K]
[45.603s]   313 |       RCLCPP_INFO(getLogger(), [01;35m[K"CostmapToDynamicObstacles: underlying costmap conversion plugin for static obstacles %s loaded."[m[K, plugin_name);
[45.603s]       |                                [01;35m[K^~~~~~~~~~~~~~~~~~~~~~~~~~~~~~~~~~~~~~~~~~~~~~~~~~~~~~~~~~~~~~~~~~~~~~~~~~~~~~~~~~~~~~~~~~~~~~~~~[m[K
[45.603s] In file included from [01m[K/home/rmsentry/DUST-RM-Sentry/src/rm_navigation/third_party/teb_local_planner/teb_local_planner/include/teb_local_planner/teb_local_planner_ros.h:68[m[K,
[45.604s]                  from [01m[K/home/rmsentry/DUST-RM-Sentry/src/rm_navigation/third_party/teb_local_planner/teb_local_planner/src/teb_local_planner_ros.cpp:39[m[K:
[45.604s] [01m[K/home/rmsentry/DUST-RM-Sentry/install/costmap_converter/include/costmap_converter/costmap_converter_interface.h:313:119:[m[K [01;36m[Knote: [m[Kformat string is defined here
[45.604s]   313 | acles: underlying costmap conversion plugin for static obstacles [01;36m[K%s[m[K loaded.", plugin_name);
[45.604s]       |                                                                  [01;36m[K~^[m[K
[45.604s]       |                                                                   [01;36m[K|[m[K
[45.604s]       |                                                                   [01;36m[Kchar*[m[K
[45.604s] 
[73.672s] [ 60%] [32mBuilding CXX object CMakeFiles/teb_local_planner.dir/src/visualization.cpp.o[0m
[73.673s] [ 60%] [32mBuilding CXX object CMakeFiles/teb_local_planner.dir/src/homotopy_class_planner.cpp.o[0m
[73.673s] [ 60%] [32mBuilding CXX object CMakeFiles/teb_local_planner.dir/src/teb_config.cpp.o[0m
[73.673s] [ 70%] [32mBuilding CXX object CMakeFiles/teb_local_planner.dir/src/recovery_behaviors.cpp.o[0m
[76.816s] [ 80%] [32mBuilding CXX object CMakeFiles/teb_local_planner.dir/src/obstacles.cpp.o[0m
[76.817s] [ 90%] [32mBuilding CXX object CMakeFiles/teb_local_planner.dir/src/optimal_planner.cpp.o[0m
[97.528s] [100%] [32m[1mLinking CXX shared library libteb_local_planner.so[0m
[97.908s] [100%] Built target teb_local_planner
[97.912s] Invoked command in '/home/rmsentry/DUST-RM-Sentry/build/teb_local_planner' returned '0': CMAKE_PREFIX_PATH=/home/rmsentry/DUST-RM-Sentry/install/teb_msgs:/home/rmsentry/DUST-RM-Sentry/install/costmap_converter:/home/rmsentry/DUST-RM-Sentry/install/costmap_converter_msgs:/home/rmsentry/DUST-RM-Sentry/install/vision_msg:/home/rmsentry/DUST-RM-Sentry/install/teb_local_planner:/home/rmsentry/DUST-RM-Sentry/install/robot_decision:/home/rmsentry/DUST-RM-Sentry/install/rm_bringup:/home/rmsentry/DUST-RM-Sentry/install/rm_serial_driver:/home/rmsentry/DUST-RM-Sentry/install/rm_robot_description:/home/rmsentry/DUST-RM-Sentry/install/rm_navigation:/home/rmsentry/DUST-RM-Sentry/install/rm_gimbal_description:/home/rmsentry/DUST-RM-Sentry/install/rm_decision_interfaces:/home/rmsentry/DUST-RM-Sentry/install/rm_auto_aim:/home/rmsentry/DUST-RM-Sentry/install/pointcloud_to_laserscan:/home/rmsentry/DUST-RM-Sentry/install/pointcloud_merger:/home/rmsentry/DUST-RM-Sentry/install/point_lio:/home/rmsentry/DUST-RM-Sentry/install/livox_ros2_driver:/home/rmsentry/DUST-RM-Sentry/install/livox_sdk_vendor:/home/rmsentry/DUST-RM-Sentry/install/icp_registration:/home/rmsentry/DUST-RM-Sentry/install/fast_lio:/home/rmsentry/DUST-RM-Sentry/install/livox_ros_driver2:/home/rmsentry/DUST-RM-Sentry/install/livox_interfaces:/home/rmsentry/DUST-RM-Sentry/install/linefit_ground_segmentation_ros:/home/rmsentry/DUST-RM-Sentry/install/linefit_ground_segmentation:/home/rmsentry/DUST-RM-Sentry/install/imu_complementary_filter:/home/rmsentry/DUST-RM-Sentry/install/hik_camera_second:/home/rmsentry/DUST-RM-Sentry/install/hik_camera_first:/home/rmsentry/DUST-RM-Sentry/install/hik_camera:/home/rmsentry/DUST-RM-Sentry/install/global_interface:/home/rmsentry/DUST-RM-Sentry/install/armor_tracker:/home/rmsentry/DUST-RM-Sentry/install/armor_solver:/home/rmsentry/DUST-RM-Sentry/install/armor_detector:/home/rmsentry/DUST-RM-Sentry/install/auto_aim_interfaces:/home/rmsentry/DUST-RM-Sentry/install/rm_decision:/home/rmsentry/DUST-RM-Sentry/install/fake_msg_publisher:/opt/ros/humble LD_LIBRARY_PATH=/home/rmsentry/DUST-RM-Sentry/install/teb_msgs/lib:/home/rmsentry/DUST-RM-Sentry/install/costmap_converter/lib:/home/rmsentry/DUST-RM-Sentry/install/costmap_converter_msgs/lib:/home/rmsentry/DUST-RM-Sentry/install/vision_msg/lib:/home/rmsentry/DUST-RM-Sentry/install/teb_local_planner/lib:/home/rmsentry/DUST-RM-Sentry/install/robot_decision/lib:/home/rmsentry/DUST-RM-Sentry/install/rm_serial_driver/lib:/home/rmsentry/DUST-RM-Sentry/install/rm_decision_interfaces/lib:/home/rmsentry/DUST-RM-Sentry/install/pointcloud_to_laserscan/lib:/home/rmsentry/DUST-RM-Sentry/install/livox_ros2_driver/lib:/home/rmsentry/DUST-RM-Sentry/install/icp_registration/lib:/home/rmsentry/DUST-RM-Sentry/install/fast_lio/lib:/home/rmsentry/DUST-RM-Sentry/install/livox_ros_driver2/lib:/home/rmsentry/DUST-RM-Sentry/install/livox_interfaces/lib:/home/rmsentry/DUST-RM-Sentry/install/linefit_ground_segmentation/lib:/home/rmsentry/DUST-RM-Sentry/install/imu_complementary_filter/lib:/home/rmsentry/DUST-RM-Sentry/install/hik_camera_second/lib:/home/rmsentry/DUST-RM-Sentry/install/hik_camera_first/lib:/home/rmsentry/DUST-RM-Sentry/install/hik_camera/lib:/home/rmsentry/DUST-RM-Sentry/install/global_interface/lib:/home/rmsentry/DUST-RM-Sentry/install/armor_tracker/lib:/home/rmsentry/DUST-RM-Sentry/install/armor_solver/lib:/home/rmsentry/DUST-RM-Sentry/install/armor_detector/lib:/home/rmsentry/DUST-RM-Sentry/install/auto_aim_interfaces/lib:/opt/MVS/lib/64:/opt/MVS/lib/32:/usr/local/lib:/opt/MVS/lib/64:/opt/MVS/lib/32:/opt/MVS/lib/64:/opt/MVS/lib/32:/usr/local/lib:/opt/ros/humble/opt/rviz_ogre_vendor/lib:/opt/ros/humble/lib/x86_64-linux-gnu:/opt/ros/humble/lib:/opt/MVS/lib/64:/opt/MVS/lib/32:/opt/MVS/lib/64:/opt/MVS/lib/32:/opt/MVS/lib/64:/opt/MVS/lib/32 /usr/local/bin/cmake --build /home/rmsentry/DUST-RM-Sentry/build/teb_local_planner -- -j12 -l12
[97.913s] Invoking command in '/home/rmsentry/DUST-RM-Sentry/build/teb_local_planner': CMAKE_PREFIX_PATH=/home/rmsentry/DUST-RM-Sentry/install/teb_msgs:/home/rmsentry/DUST-RM-Sentry/install/costmap_converter:/home/rmsentry/DUST-RM-Sentry/install/costmap_converter_msgs:/home/rmsentry/DUST-RM-Sentry/install/vision_msg:/home/rmsentry/DUST-RM-Sentry/install/teb_local_planner:/home/rmsentry/DUST-RM-Sentry/install/robot_decision:/home/rmsentry/DUST-RM-Sentry/install/rm_bringup:/home/rmsentry/DUST-RM-Sentry/install/rm_serial_driver:/home/rmsentry/DUST-RM-Sentry/install/rm_robot_description:/home/rmsentry/DUST-RM-Sentry/install/rm_navigation:/home/rmsentry/DUST-RM-Sentry/install/rm_gimbal_description:/home/rmsentry/DUST-RM-Sentry/install/rm_decision_interfaces:/home/rmsentry/DUST-RM-Sentry/install/rm_auto_aim:/home/rmsentry/DUST-RM-Sentry/install/pointcloud_to_laserscan:/home/rmsentry/DUST-RM-Sentry/install/pointcloud_merger:/home/rmsentry/DUST-RM-Sentry/install/point_lio:/home/rmsentry/DUST-RM-Sentry/install/livox_ros2_driver:/home/rmsentry/DUST-RM-Sentry/install/livox_sdk_vendor:/home/rmsentry/DUST-RM-Sentry/install/icp_registration:/home/rmsentry/DUST-RM-Sentry/install/fast_lio:/home/rmsentry/DUST-RM-Sentry/install/livox_ros_driver2:/home/rmsentry/DUST-RM-Sentry/install/livox_interfaces:/home/rmsentry/DUST-RM-Sentry/install/linefit_ground_segmentation_ros:/home/rmsentry/DUST-RM-Sentry/install/linefit_ground_segmentation:/home/rmsentry/DUST-RM-Sentry/install/imu_complementary_filter:/home/rmsentry/DUST-RM-Sentry/install/hik_camera_second:/home/rmsentry/DUST-RM-Sentry/install/hik_camera_first:/home/rmsentry/DUST-RM-Sentry/install/hik_camera:/home/rmsentry/DUST-RM-Sentry/install/global_interface:/home/rmsentry/DUST-RM-Sentry/install/armor_tracker:/home/rmsentry/DUST-RM-Sentry/install/armor_solver:/home/rmsentry/DUST-RM-Sentry/install/armor_detector:/home/rmsentry/DUST-RM-Sentry/install/auto_aim_interfaces:/home/rmsentry/DUST-RM-Sentry/install/rm_decision:/home/rmsentry/DUST-RM-Sentry/install/fake_msg_publisher:/opt/ros/humble LD_LIBRARY_PATH=/home/rmsentry/DUST-RM-Sentry/install/teb_msgs/lib:/home/rmsentry/DUST-RM-Sentry/install/costmap_converter/lib:/home/rmsentry/DUST-RM-Sentry/install/costmap_converter_msgs/lib:/home/rmsentry/DUST-RM-Sentry/install/vision_msg/lib:/home/rmsentry/DUST-RM-Sentry/install/teb_local_planner/lib:/home/rmsentry/DUST-RM-Sentry/install/robot_decision/lib:/home/rmsentry/DUST-RM-Sentry/install/rm_serial_driver/lib:/home/rmsentry/DUST-RM-Sentry/install/rm_decision_interfaces/lib:/home/rmsentry/DUST-RM-Sentry/install/pointcloud_to_laserscan/lib:/home/rmsentry/DUST-RM-Sentry/install/livox_ros2_driver/lib:/home/rmsentry/DUST-RM-Sentry/install/icp_registration/lib:/home/rmsentry/DUST-RM-Sentry/install/fast_lio/lib:/home/rmsentry/DUST-RM-Sentry/install/livox_ros_driver2/lib:/home/rmsentry/DUST-RM-Sentry/install/livox_interfaces/lib:/home/rmsentry/DUST-RM-Sentry/install/linefit_ground_segmentation/lib:/home/rmsentry/DUST-RM-Sentry/install/imu_complementary_filter/lib:/home/rmsentry/DUST-RM-Sentry/install/hik_camera_second/lib:/home/rmsentry/DUST-RM-Sentry/install/hik_camera_first/lib:/home/rmsentry/DUST-RM-Sentry/install/hik_camera/lib:/home/rmsentry/DUST-RM-Sentry/install/global_interface/lib:/home/rmsentry/DUST-RM-Sentry/install/armor_tracker/lib:/home/rmsentry/DUST-RM-Sentry/install/armor_solver/lib:/home/rmsentry/DUST-RM-Sentry/install/armor_detector/lib:/home/rmsentry/DUST-RM-Sentry/install/auto_aim_interfaces/lib:/opt/MVS/lib/64:/opt/MVS/lib/32:/usr/local/lib:/opt/MVS/lib/64:/opt/MVS/lib/32:/opt/MVS/lib/64:/opt/MVS/lib/32:/usr/local/lib:/opt/ros/humble/opt/rviz_ogre_vendor/lib:/opt/ros/humble/lib/x86_64-linux-gnu:/opt/ros/humble/lib:/opt/MVS/lib/64:/opt/MVS/lib/32:/opt/MVS/lib/64:/opt/MVS/lib/32:/opt/MVS/lib/64:/opt/MVS/lib/32 /usr/local/bin/cmake --install /home/rmsentry/DUST-RM-Sentry/build/teb_local_planner
[97.916s] -- Install configuration: "Release"
[97.916s] -- Execute custom install script
[97.916s] -- Symlinking: /home/rmsentry/DUST-RM-Sentry/install/teb_local_planner/lib/libteb_local_planner.so
[97.919s] -- Symlinking: /home/rmsentry/DUST-RM-Sentry/install/teb_local_planner/include//teb_local_planner/distance_calculations.h
[97.922s] -- Symlinking: /home/rmsentry/DUST-RM-Sentry/install/teb_local_planner/include//teb_local_planner/equivalence_relations.h
[97.924s] -- Symlinking: /home/rmsentry/DUST-RM-Sentry/install/teb_local_planner/include//teb_local_planner/g2o_types/base_teb_edges.h
[97.927s] -- Symlinking: /home/rmsentry/DUST-RM-Sentry/install/teb_local_planner/include//teb_local_planner/g2o_types/edge_acceleration.h
[97.929s] -- Symlinking: /home/rmsentry/DUST-RM-Sentry/install/teb_local_planner/include//teb_local_planner/g2o_types/edge_dynamic_obstacle.h
[97.931s] -- Symlinking: /home/rmsentry/DUST-RM-Sentry/install/teb_local_planner/include//teb_local_planner/g2o_types/edge_kinematics.h
[97.934s] -- Symlinking: /home/rmsentry/DUST-RM-Sentry/install/teb_local_planner/include//teb_local_planner/g2o_types/edge_obstacle.h
[97.936s] -- Symlinking: /home/rmsentry/DUST-RM-Sentry/install/teb_local_planner/include//teb_local_planner/g2o_types/edge_prefer_rotdir.h
[97.938s] -- Symlinking: /home/rmsentry/DUST-RM-Sentry/install/teb_local_planner/include//teb_local_planner/g2o_types/edge_shortest_path.h
[97.940s] -- Symlinking: /home/rmsentry/DUST-RM-Sentry/install/teb_local_planner/include//teb_local_planner/g2o_types/edge_time_optimal.h
[97.943s] -- Symlinking: /home/rmsentry/DUST-RM-Sentry/install/teb_local_planner/include//teb_local_planner/g2o_types/edge_velocity.h
[97.945s] -- Symlinking: /home/rmsentry/DUST-RM-Sentry/install/teb_local_planner/include//teb_local_planner/g2o_types/edge_velocity_obstacle_ratio.h
[97.948s] -- Symlinking: /home/rmsentry/DUST-RM-Sentry/install/teb_local_planner/include//teb_local_planner/g2o_types/edge_via_point.h
[97.950s] -- Symlinking: /home/rmsentry/DUST-RM-Sentry/install/teb_local_planner/include//teb_local_planner/g2o_types/penalties.h
[97.952s] -- Symlinking: /home/rmsentry/DUST-RM-Sentry/install/teb_local_planner/include//teb_local_planner/g2o_types/vertex_pose.h
[97.955s] -- Symlinking: /home/rmsentry/DUST-RM-Sentry/install/teb_local_planner/include//teb_local_planner/g2o_types/vertex_timediff.h
[97.957s] -- Symlinking: /home/rmsentry/DUST-RM-Sentry/install/teb_local_planner/include//teb_local_planner/graph_search.h
[97.959s] -- Symlinking: /home/rmsentry/DUST-RM-Sentry/install/teb_local_planner/include//teb_local_planner/h_signature.h
[97.962s] -- Symlinking: /home/rmsentry/DUST-RM-Sentry/install/teb_local_planner/include//teb_local_planner/homotopy_class_planner.h
[97.964s] -- Symlinking: /home/rmsentry/DUST-RM-Sentry/install/teb_local_planner/include//teb_local_planner/homotopy_class_planner.hpp
[97.967s] -- Symlinking: /home/rmsentry/DUST-RM-Sentry/install/teb_local_planner/include//teb_local_planner/misc.h
[97.969s] -- Symlinking: /home/rmsentry/DUST-RM-Sentry/install/teb_local_planner/include//teb_local_planner/obstacles.h
[97.972s] -- Symlinking: /home/rmsentry/DUST-RM-Sentry/install/teb_local_planner/include//teb_local_planner/optimal_planner.h
[97.974s] -- Symlinking: /home/rmsentry/DUST-RM-Sentry/install/teb_local_planner/include//teb_local_planner/planner_interface.h
[97.977s] -- Symlinking: /home/rmsentry/DUST-RM-Sentry/install/teb_local_planner/include//teb_local_planner/pose_se2.h
[97.979s] -- Symlinking: /home/rmsentry/DUST-RM-Sentry/install/teb_local_planner/include//teb_local_planner/recovery_behaviors.h
[97.982s] -- Symlinking: /home/rmsentry/DUST-RM-Sentry/install/teb_local_planner/include//teb_local_planner/robot_footprint_model.h
[97.984s] -- Symlinking: /home/rmsentry/DUST-RM-Sentry/install/teb_local_planner/include//teb_local_planner/teb_config.h
[97.987s] -- Symlinking: /home/rmsentry/DUST-RM-Sentry/install/teb_local_planner/include//teb_local_planner/teb_local_planner_ros.h
[97.989s] -- Symlinking: /home/rmsentry/DUST-RM-Sentry/install/teb_local_planner/include//teb_local_planner/timed_elastic_band.h
[97.991s] -- Symlinking: /home/rmsentry/DUST-RM-Sentry/install/teb_local_planner/include//teb_local_planner/timed_elastic_band.hpp
[97.994s] -- Symlinking: /home/rmsentry/DUST-RM-Sentry/install/teb_local_planner/include//teb_local_planner/visualization.h
[97.996s] -- Symlinking: /home/rmsentry/DUST-RM-Sentry/install/teb_local_planner/include//teb_local_planner/visualization.hpp
[97.999s] -- Symlinking: /home/rmsentry/DUST-RM-Sentry/install/teb_local_planner/share/teb_local_planner_plugin.xml
[98.001s] -- Symlinking: /home/rmsentry/DUST-RM-Sentry/install/teb_local_planner/lib/teb_local_planner/cmd_vel_to_ackermann_drive.py
[98.004s] -- Symlinking: /home/rmsentry/DUST-RM-Sentry/install/teb_local_planner/share/teb_local_planner/params/teb_params.yaml
[98.006s] -- Symlinking: /home/rmsentry/DUST-RM-Sentry/install/teb_local_planner/share/teb_local_planner/environment/library_path.sh
[98.009s] -- Symlinking: /home/rmsentry/DUST-RM-Sentry/install/teb_local_planner/share/teb_local_planner/environment/library_path.dsv
[98.011s] -- Symlinking: /home/rmsentry/DUST-RM-Sentry/install/teb_local_planner/share/teb_local_planner//teb_local_planner_plugin.xml
[98.014s] -- Up-to-date symlink: /home/rmsentry/DUST-RM-Sentry/install/teb_local_planner/include/teb_local_planner/distance_calculations.h
[98.014s] -- Up-to-date symlink: /home/rmsentry/DUST-RM-Sentry/install/teb_local_planner/include/teb_local_planner/equivalence_relations.h
[98.014s] -- Up-to-date symlink: /home/rmsentry/DUST-RM-Sentry/install/teb_local_planner/include/teb_local_planner/g2o_types/base_teb_edges.h
[98.014s] -- Up-to-date symlink: /home/rmsentry/DUST-RM-Sentry/install/teb_local_planner/include/teb_local_planner/g2o_types/edge_acceleration.h
[98.015s] -- Up-to-date symlink: /home/rmsentry/DUST-RM-Sentry/install/teb_local_planner/include/teb_local_planner/g2o_types/edge_dynamic_obstacle.h
[98.015s] -- Up-to-date symlink: /home/rmsentry/DUST-RM-Sentry/install/teb_local_planner/include/teb_local_planner/g2o_types/edge_kinematics.h
[98.015s] -- Up-to-date symlink: /home/rmsentry/DUST-RM-Sentry/install/teb_local_planner/include/teb_local_planner/g2o_types/edge_obstacle.h
[98.015s] -- Up-to-date symlink: /home/rmsentry/DUST-RM-Sentry/install/teb_local_planner/include/teb_local_planner/g2o_types/edge_prefer_rotdir.h
[98.015s] -- Up-to-date symlink: /home/rmsentry/DUST-RM-Sentry/install/teb_local_planner/include/teb_local_planner/g2o_types/edge_shortest_path.h
[98.015s] -- Up-to-date symlink: /home/rmsentry/DUST-RM-Sentry/install/teb_local_planner/include/teb_local_planner/g2o_types/edge_time_optimal.h
[98.015s] -- Up-to-date symlink: /home/rmsentry/DUST-RM-Sentry/install/teb_local_planner/include/teb_local_planner/g2o_types/edge_velocity.h
[98.015s] -- Up-to-date symlink: /home/rmsentry/DUST-RM-Sentry/install/teb_local_planner/include/teb_local_planner/g2o_types/edge_velocity_obstacle_ratio.h
[98.015s] -- Up-to-date symlink: /home/rmsentry/DUST-RM-Sentry/install/teb_local_planner/include/teb_local_planner/g2o_types/edge_via_point.h
[98.015s] -- Up-to-date symlink: /home/rmsentry/DUST-RM-Sentry/install/teb_local_planner/include/teb_local_planner/g2o_types/penalties.h
[98.015s] -- Up-to-date symlink: /home/rmsentry/DUST-RM-Sentry/install/teb_local_planner/include/teb_local_planner/g2o_types/vertex_pose.h
[98.015s] -- Up-to-date symlink: /home/rmsentry/DUST-RM-Sentry/install/teb_local_planner/include/teb_local_planner/g2o_types/vertex_timediff.h
[98.015s] -- Up-to-date symlink: /home/rmsentry/DUST-RM-Sentry/install/teb_local_planner/include/teb_local_planner/graph_search.h
[98.015s] -- Up-to-date symlink: /home/rmsentry/DUST-RM-Sentry/install/teb_local_planner/include/teb_local_planner/h_signature.h
[98.015s] -- Up-to-date symlink: /home/rmsentry/DUST-RM-Sentry/install/teb_local_planner/include/teb_local_planner/homotopy_class_planner.h
[98.015s] -- Up-to-date symlink: /home/rmsentry/DUST-RM-Sentry/install/teb_local_planner/include/teb_local_planner/homotopy_class_planner.hpp
[98.015s] -- Up-to-date symlink: /home/rmsentry/DUST-RM-Sentry/install/teb_local_planner/include/teb_local_planner/misc.h
[98.015s] -- Up-to-date symlink: /home/rmsentry/DUST-RM-Sentry/install/teb_local_planner/include/teb_local_planner/obstacles.h
[98.015s] -- Up-to-date symlink: /home/rmsentry/DUST-RM-Sentry/install/teb_local_planner/include/teb_local_planner/optimal_planner.h
[98.016s] -- Up-to-date symlink: /home/rmsentry/DUST-RM-Sentry/install/teb_local_planner/include/teb_local_planner/planner_interface.h
[98.016s] -- Up-to-date symlink: /home/rmsentry/DUST-RM-Sentry/install/teb_local_planner/include/teb_local_planner/pose_se2.h
[98.016s] -- Up-to-date symlink: /home/rmsentry/DUST-RM-Sentry/install/teb_local_planner/include/teb_local_planner/recovery_behaviors.h
[98.016s] -- Up-to-date symlink: /home/rmsentry/DUST-RM-Sentry/install/teb_local_planner/include/teb_local_planner/robot_footprint_model.h
[98.016s] -- Up-to-date symlink: /home/rmsentry/DUST-RM-Sentry/install/teb_local_planner/include/teb_local_planner/teb_config.h
[98.016s] -- Up-to-date symlink: /home/rmsentry/DUST-RM-Sentry/install/teb_local_planner/include/teb_local_planner/teb_local_planner_ros.h
[98.016s] -- Up-to-date symlink: /home/rmsentry/DUST-RM-Sentry/install/teb_local_planner/include/teb_local_planner/timed_elastic_band.h
[98.016s] -- Up-to-date symlink: /home/rmsentry/DUST-RM-Sentry/install/teb_local_planner/include/teb_local_planner/timed_elastic_band.hpp
[98.016s] -- Up-to-date symlink: /home/rmsentry/DUST-RM-Sentry/install/teb_local_planner/include/teb_local_planner/visualization.h
[98.016s] -- Up-to-date symlink: /home/rmsentry/DUST-RM-Sentry/install/teb_local_planner/include/teb_local_planner/visualization.hpp
[98.016s] -- Symlinking: /home/rmsentry/DUST-RM-Sentry/install/teb_local_planner/share/ament_index/resource_index/package_run_dependencies/teb_local_planner
[98.019s] -- Symlinking: /home/rmsentry/DUST-RM-Sentry/install/teb_local_planner/share/ament_index/resource_index/parent_prefix_path/teb_local_planner
[98.021s] -- Symlinking: /home/rmsentry/DUST-RM-Sentry/install/teb_local_planner/share/teb_local_planner/environment/ament_prefix_path.sh
[98.024s] -- Symlinking: /home/rmsentry/DUST-RM-Sentry/install/teb_local_planner/share/teb_local_planner/environment/ament_prefix_path.dsv
[98.026s] -- Symlinking: /home/rmsentry/DUST-RM-Sentry/install/teb_local_planner/share/teb_local_planner/environment/path.sh
[98.029s] -- Symlinking: /home/rmsentry/DUST-RM-Sentry/install/teb_local_planner/share/teb_local_planner/environment/path.dsv
[98.031s] -- Symlinking: /home/rmsentry/DUST-RM-Sentry/install/teb_local_planner/share/teb_local_planner/local_setup.bash
[98.034s] -- Symlinking: /home/rmsentry/DUST-RM-Sentry/install/teb_local_planner/share/teb_local_planner/local_setup.sh
[98.036s] -- Symlinking: /home/rmsentry/DUST-RM-Sentry/install/teb_local_planner/share/teb_local_planner/local_setup.zsh
[98.038s] -- Symlinking: /home/rmsentry/DUST-RM-Sentry/install/teb_local_planner/share/teb_local_planner/local_setup.dsv
[98.041s] -- Symlinking: /home/rmsentry/DUST-RM-Sentry/install/teb_local_planner/share/teb_local_planner/package.dsv
[98.043s] -- Symlinking: /home/rmsentry/DUST-RM-Sentry/install/teb_local_planner/share/ament_index/resource_index/packages/teb_local_planner
[98.045s] -- Symlinking: /home/rmsentry/DUST-RM-Sentry/install/teb_local_planner/share/ament_index/resource_index/nav2_core__pluginlib__plugin/teb_local_planner
[98.048s] -- Symlinking: /home/rmsentry/DUST-RM-Sentry/install/teb_local_planner/share/teb_local_planner/cmake/ament_cmake_export_include_directories-extras.cmake
[98.050s] -- Symlinking: /home/rmsentry/DUST-RM-Sentry/install/teb_local_planner/share/teb_local_planner/cmake/ament_cmake_export_libraries-extras.cmake
[98.053s] -- Symlinking: /home/rmsentry/DUST-RM-Sentry/install/teb_local_planner/share/teb_local_planner/cmake/ament_cmake_export_dependencies-extras.cmake
[98.055s] -- Symlinking: /home/rmsentry/DUST-RM-Sentry/install/teb_local_planner/share/teb_local_planner/cmake/teb_local_plannerConfig.cmake
[98.057s] -- Symlinking: /home/rmsentry/DUST-RM-Sentry/install/teb_local_planner/share/teb_local_planner/cmake/teb_local_plannerConfig-version.cmake
[98.060s] -- Symlinking: /home/rmsentry/DUST-RM-Sentry/install/teb_local_planner/share/teb_local_planner/package.xml
[98.063s] Invoked command in '/home/rmsentry/DUST-RM-Sentry/build/teb_local_planner' returned '0': CMAKE_PREFIX_PATH=/home/rmsentry/DUST-RM-Sentry/install/teb_msgs:/home/rmsentry/DUST-RM-Sentry/install/costmap_converter:/home/rmsentry/DUST-RM-Sentry/install/costmap_converter_msgs:/home/rmsentry/DUST-RM-Sentry/install/vision_msg:/home/rmsentry/DUST-RM-Sentry/install/teb_local_planner:/home/rmsentry/DUST-RM-Sentry/install/robot_decision:/home/rmsentry/DUST-RM-Sentry/install/rm_bringup:/home/rmsentry/DUST-RM-Sentry/install/rm_serial_driver:/home/rmsentry/DUST-RM-Sentry/install/rm_robot_description:/home/rmsentry/DUST-RM-Sentry/install/rm_navigation:/home/rmsentry/DUST-RM-Sentry/install/rm_gimbal_description:/home/rmsentry/DUST-RM-Sentry/install/rm_decision_interfaces:/home/rmsentry/DUST-RM-Sentry/install/rm_auto_aim:/home/rmsentry/DUST-RM-Sentry/install/pointcloud_to_laserscan:/home/rmsentry/DUST-RM-Sentry/install/pointcloud_merger:/home/rmsentry/DUST-RM-Sentry/install/point_lio:/home/rmsentry/DUST-RM-Sentry/install/livox_ros2_driver:/home/rmsentry/DUST-RM-Sentry/install/livox_sdk_vendor:/home/rmsentry/DUST-RM-Sentry/install/icp_registration:/home/rmsentry/DUST-RM-Sentry/install/fast_lio:/home/rmsentry/DUST-RM-Sentry/install/livox_ros_driver2:/home/rmsentry/DUST-RM-Sentry/install/livox_interfaces:/home/rmsentry/DUST-RM-Sentry/install/linefit_ground_segmentation_ros:/home/rmsentry/DUST-RM-Sentry/install/linefit_ground_segmentation:/home/rmsentry/DUST-RM-Sentry/install/imu_complementary_filter:/home/rmsentry/DUST-RM-Sentry/install/hik_camera_second:/home/rmsentry/DUST-RM-Sentry/install/hik_camera_first:/home/rmsentry/DUST-RM-Sentry/install/hik_camera:/home/rmsentry/DUST-RM-Sentry/install/global_interface:/home/rmsentry/DUST-RM-Sentry/install/armor_tracker:/home/rmsentry/DUST-RM-Sentry/install/armor_solver:/home/rmsentry/DUST-RM-Sentry/install/armor_detector:/home/rmsentry/DUST-RM-Sentry/install/auto_aim_interfaces:/home/rmsentry/DUST-RM-Sentry/install/rm_decision:/home/rmsentry/DUST-RM-Sentry/install/fake_msg_publisher:/opt/ros/humble LD_LIBRARY_PATH=/home/rmsentry/DUST-RM-Sentry/install/teb_msgs/lib:/home/rmsentry/DUST-RM-Sentry/install/costmap_converter/lib:/home/rmsentry/DUST-RM-Sentry/install/costmap_converter_msgs/lib:/home/rmsentry/DUST-RM-Sentry/install/vision_msg/lib:/home/rmsentry/DUST-RM-Sentry/install/teb_local_planner/lib:/home/rmsentry/DUST-RM-Sentry/install/robot_decision/lib:/home/rmsentry/DUST-RM-Sentry/install/rm_serial_driver/lib:/home/rmsentry/DUST-RM-Sentry/install/rm_decision_interfaces/lib:/home/rmsentry/DUST-RM-Sentry/install/pointcloud_to_laserscan/lib:/home/rmsentry/DUST-RM-Sentry/install/livox_ros2_driver/lib:/home/rmsentry/DUST-RM-Sentry/install/icp_registration/lib:/home/rmsentry/DUST-RM-Sentry/install/fast_lio/lib:/home/rmsentry/DUST-RM-Sentry/install/livox_ros_driver2/lib:/home/rmsentry/DUST-RM-Sentry/install/livox_interfaces/lib:/home/rmsentry/DUST-RM-Sentry/install/linefit_ground_segmentation/lib:/home/rmsentry/DUST-RM-Sentry/install/imu_complementary_filter/lib:/home/rmsentry/DUST-RM-Sentry/install/hik_camera_second/lib:/home/rmsentry/DUST-RM-Sentry/install/hik_camera_first/lib:/home/rmsentry/DUST-RM-Sentry/install/hik_camera/lib:/home/rmsentry/DUST-RM-Sentry/install/global_interface/lib:/home/rmsentry/DUST-RM-Sentry/install/armor_tracker/lib:/home/rmsentry/DUST-RM-Sentry/install/armor_solver/lib:/home/rmsentry/DUST-RM-Sentry/install/armor_detector/lib:/home/rmsentry/DUST-RM-Sentry/install/auto_aim_interfaces/lib:/opt/MVS/lib/64:/opt/MVS/lib/32:/usr/local/lib:/opt/MVS/lib/64:/opt/MVS/lib/32:/opt/MVS/lib/64:/opt/MVS/lib/32:/usr/local/lib:/opt/ros/humble/opt/rviz_ogre_vendor/lib:/opt/ros/humble/lib/x86_64-linux-gnu:/opt/ros/humble/lib:/opt/MVS/lib/64:/opt/MVS/lib/32:/opt/MVS/lib/64:/opt/MVS/lib/32:/opt/MVS/lib/64:/opt/MVS/lib/32 /usr/local/bin/cmake --install /home/rmsentry/DUST-RM-Sentry/build/teb_local_planner
