-- The C compiler identification is GNU 11.4.0
-- The CXX compiler identification is GNU 11.4.0
-- Detecting C compiler ABI info
-- Detecting C compiler ABI info - done
-- Check for working C compiler: /usr/bin/cc - skipped
-- Detecting C compile features
-- Detecting C compile features - done
-- Detecting CXX compiler ABI info
-- Detecting CXX compiler ABI info - done
-- Check for working CXX compiler: /usr/bin/c++ - skipped
-- Detecting CXX compile features
-- Detecting CXX compile features - done
-- Found ament_cmake: 1.3.12 (/opt/ros/humble/share/ament_cmake/cmake)
-- Found Python3: /usr/bin/python3 (found version "3.10.12") found components: Interpreter
-- Override CMake install command with custom implementation using symlinks instead of copying resources
-- Found rclcpp: 16.0.14 (/opt/ros/humble/share/rclcpp/cmake)
-- Found rosidl_generator_c: 3.1.7 (/opt/ros/humble/share/rosidl_generator_c/cmake)
-- Found rosidl_adapter: 3.1.7 (/opt/ros/humble/share/rosidl_adapter/cmake)
-- Found rosidl_generator_cpp: 3.1.7 (/opt/ros/humble/share/rosidl_generator_cpp/cmake)
-- Using all available rosidl_typesupport_c: rosidl_typesupport_fastrtps_c;rosidl_typesupport_introspection_c
-- Using all available rosidl_typesupport_cpp: rosidl_typesupport_fastrtps_cpp;rosidl_typesupport_introspection_cpp
-- Found rmw_implementation_cmake: 6.1.2 (/opt/ros/humble/share/rmw_implementation_cmake/cmake)
-- Found rmw_fastrtps_cpp: 6.2.8 (/opt/ros/humble/share/rmw_fastrtps_cpp/cmake)
-- Found OpenSSL: /usr/lib/x86_64-linux-gnu/libcrypto.so (found version "3.0.2")
-- Found FastRTPS: /opt/ros/humble/include
-- Using RMW implementation 'rmw_fastrtps_cpp' as default
-- Performing Test CMAKE_HAVE_LIBC_PTHREAD
-- Performing Test CMAKE_HAVE_LIBC_PTHREAD - Success
-- Found Threads: TRUE
-- Found nav2_util: 1.1.18 (/opt/ros/humble/share/nav2_util/cmake)
-- Found eigen3_cmake_module: 0.1.1 (/opt/ros/humble/share/eigen3_cmake_module/cmake)
-- Found Eigen3: TRUE (found version "3.4.0")
-- Ensuring Eigen3 include directory is part of orocos-kdl CMake target
-- Found nav2_lifecycle_manager: 1.1.18 (/opt/ros/humble/share/nav2_lifecycle_manager/cmake)
-- Found nav2_behavior_tree: 1.1.18 (/opt/ros/humble/share/nav2_behavior_tree/cmake)
-- Found global_interface: 0.0.0 (/home/rmsentry/DUST-RM-Sentry/install/global_interface/share/global_interface/cmake)
-- Found robot_state_publisher: 3.0.3 (/opt/ros/humble/share/robot_state_publisher/cmake)
-- Found rosidl_default_generators: 1.2.0 (/opt/ros/humble/share/rosidl_default_generators/cmake)
-- Found OpenCV: /usr (found version "4.5.4")
-- Found ament_lint_auto: 0.12.14 (/opt/ros/humble/share/ament_lint_auto/cmake)
-- Added test 'copyright' to check source files copyright and LICENSE
-- Added test 'cppcheck' to perform static code analysis on C / C++ code
-- Configured cppcheck include dirs: /home/rmsentry/DUST-RM-Sentry/src/robot_decision/include
-- Configured cppcheck exclude dirs and/or files: 
-- Added test 'cpplint' to check C / C++ code against the Google style
-- Configured cpplint exclude dirs and/or files: 
-- Added test 'flake8' to check Python code syntax and style conventions
-- Added test 'lint_cmake' to check CMake code style
-- Added test 'pep257' to check Python code against some of the docstring style conventions in PEP 257
-- Added test 'uncrustify' to check C / C++ code style
-- Configured uncrustify additional arguments: 
-- Added test 'xmllint' to check XML markup files
-- Configuring done (4.4s)
-- Generating done (0.3s)
-- Build files have been written to: /home/rmsentry/DUST-RM-Sentry/build/robot_decision
[ 12%] [32mBuilding CXX object CMakeFiles/robot_decision.dir/src/Json/jsoncpp.cpp.o[0m
[ 25%] [32mBuilding CXX object CMakeFiles/robot_decision.dir/src/robot_decision_node.cpp.o[0m
[ 37%] [32mBuilding CXX object CMakeFiles/robot_decision.dir/src/robot_decision/RobotDecision.cpp.o[0m
[ 50%] [32m[1mLinking CXX shared library librobot_decision.so[0m
[ 50%] Built target robot_decision
[ 62%] [32mBuilding CXX object CMakeFiles/robot_decision_node.dir/src/robot_decision_node.cpp.o[0m
[ 87%] [32mBuilding CXX object CMakeFiles/robot_decision_node.dir/src/Json/jsoncpp.cpp.o[0m
[ 87%] [32mBuilding CXX object CMakeFiles/robot_decision_node.dir/src/robot_decision/RobotDecision.cpp.o[0m
[100%] [32m[1mLinking CXX executable robot_decision_node[0m
[100%] Built target robot_decision_node
-- Install configuration: ""
-- Execute custom install script
-- Symlinking: /home/rmsentry/DUST-RM-Sentry/install/robot_decision/lib/robot_decision/robot_decision_node
-- Symlinking: /home/rmsentry/DUST-RM-Sentry/install/robot_decision/include/Json/json-forwards.h
-- Symlinking: /home/rmsentry/DUST-RM-Sentry/install/robot_decision/include/Json/json.h
-- Symlinking: /home/rmsentry/DUST-RM-Sentry/install/robot_decision/include/robot_decision/RobotDecision.h
-- Symlinking: /home/rmsentry/DUST-RM-Sentry/install/robot_decision/include/robot_decision/public.h
-- Symlinking: /home/rmsentry/DUST-RM-Sentry/install/robot_decision/include/robot_decision/structs.h
-- Symlinking: /home/rmsentry/DUST-RM-Sentry/install/robot_decision/include/robot_decision_node.hpp
-- Symlinking: /home/rmsentry/DUST-RM-Sentry/install/robot_decision/share/robot_decision/launch/decision_node_launch.py
-- Symlinking: /home/rmsentry/DUST-RM-Sentry/install/robot_decision/share/robot_decision/JsonFile/config.json
-- Symlinking: /home/rmsentry/DUST-RM-Sentry/install/robot_decision/share/robot_decision/JsonFile/decisions.json
-- Symlinking: /home/rmsentry/DUST-RM-Sentry/install/robot_decision/share/robot_decision/JsonFile/decisions111.json
-- Symlinking: /home/rmsentry/DUST-RM-Sentry/install/robot_decision/share/robot_decision/JsonFile/waypoints.json
-- Symlinking: /home/rmsentry/DUST-RM-Sentry/install/robot_decision/share/robot_decision/JsonFile/waypoints_0.json
-- Symlinking: /home/rmsentry/DUST-RM-Sentry/install/robot_decision/share/robot_decision/JsonFile/waypoints_1.json
-- Symlinking: /home/rmsentry/DUST-RM-Sentry/install/robot_decision/share/robot_decision/resources/RMUL.png
-- Symlinking: /home/rmsentry/DUST-RM-Sentry/install/robot_decision/share/ament_index/resource_index/package_run_dependencies/robot_decision
-- Symlinking: /home/rmsentry/DUST-RM-Sentry/install/robot_decision/share/ament_index/resource_index/parent_prefix_path/robot_decision
-- Symlinking: /home/rmsentry/DUST-RM-Sentry/install/robot_decision/share/robot_decision/environment/ament_prefix_path.sh
-- Symlinking: /home/rmsentry/DUST-RM-Sentry/install/robot_decision/share/robot_decision/environment/ament_prefix_path.dsv
-- Symlinking: /home/rmsentry/DUST-RM-Sentry/install/robot_decision/share/robot_decision/environment/path.sh
-- Symlinking: /home/rmsentry/DUST-RM-Sentry/install/robot_decision/share/robot_decision/environment/path.dsv
-- Symlinking: /home/rmsentry/DUST-RM-Sentry/install/robot_decision/share/robot_decision/local_setup.bash
-- Symlinking: /home/rmsentry/DUST-RM-Sentry/install/robot_decision/share/robot_decision/local_setup.sh
-- Symlinking: /home/rmsentry/DUST-RM-Sentry/install/robot_decision/share/robot_decision/local_setup.zsh
-- Symlinking: /home/rmsentry/DUST-RM-Sentry/install/robot_decision/share/robot_decision/local_setup.dsv
-- Symlinking: /home/rmsentry/DUST-RM-Sentry/install/robot_decision/share/robot_decision/package.dsv
-- Symlinking: /home/rmsentry/DUST-RM-Sentry/install/robot_decision/share/ament_index/resource_index/packages/robot_decision
-- Symlinking: /home/rmsentry/DUST-RM-Sentry/install/robot_decision/share/ament_index/resource_index/rclcpp_components/robot_decision
-- Symlinking: /home/rmsentry/DUST-RM-Sentry/install/robot_decision/share/robot_decision/cmake/robot_decisionConfig.cmake
-- Symlinking: /home/rmsentry/DUST-RM-Sentry/install/robot_decision/share/robot_decision/cmake/robot_decisionConfig-version.cmake
-- Symlinking: /home/rmsentry/DUST-RM-Sentry/install/robot_decision/share/robot_decision/package.xml
-- Installing: /home/rmsentry/DUST-RM-Sentry/install/robot_decision/lib/librobot_decision.so
-- Set non-toolchain portion of runtime path of "/home/rmsentry/DUST-RM-Sentry/install/robot_decision/lib/librobot_decision.so" to ""
