-- Found ament_cmake_auto: 1.3.12 (/opt/ros/humble/share/ament_cmake_auto/cmake)
-- Override CMake install command with custom implementation using symlinks instead of copying resources
-- Found rosidl_generator_c: 3.1.7 (/opt/ros/humble/share/rosidl_generator_c/cmake)
-- Found rosidl_adapter: 3.1.7 (/opt/ros/humble/share/rosidl_adapter/cmake)
-- Found rosidl_generator_cpp: 3.1.7 (/opt/ros/humble/share/rosidl_generator_cpp/cmake)
-- Using all available rosidl_typesupport_c: rosidl_typesupport_fastrtps_c;rosidl_typesupport_introspection_c
-- Using all available rosidl_typesupport_cpp: rosidl_typesupport_fastrtps_cpp;rosidl_typesupport_introspection_cpp
-- Found rmw_implementation_cmake: 6.1.2 (/opt/ros/humble/share/rmw_implementation_cmake/cmake)
-- Found rmw_fastrtps_cpp: 6.2.8 (/opt/ros/humble/share/rmw_fastrtps_cpp/cmake)
-- Using RMW implementation 'rmw_fastrtps_cpp' as default
-- Found ament_lint_auto: 0.12.14 (/opt/ros/humble/share/ament_lint_auto/cmake)
-- Added test 'cppcheck' to perform static code analysis on C / C++ code
-- Configured cppcheck include dirs: /home/rmsentry/DUST-RM-Sentry/src/rm_hardware_driver/ros2-hik-camera_first/hikSDK/include
-- Configured cppcheck exclude dirs and/or files: 
-- Added test 'flake8' to check Python code syntax and style conventions
-- Added test 'lint_cmake' to check CMake code style
-- Added test 'pep257' to check Python code against some of the docstring style conventions in PEP 257
-- Added test 'xmllint' to check XML markup files
-- Configuring done (0.8s)
-- Generating done (0.0s)
-- Build files have been written to: /home/rmsentry/DUST-RM-Sentry/build/hik_camera_first
[ 50%] Built target hik_camera_first_node
[100%] Built target hik_camera_first
-- Install configuration: ""
-- Execute custom install script
-- Up-to-date symlink: /home/rmsentry/DUST-RM-Sentry/install/hik_camera_first/lib/libFormatConversion.so
-- Up-to-date symlink: /home/rmsentry/DUST-RM-Sentry/install/hik_camera_first/lib/libMVRender.so
-- Up-to-date symlink: /home/rmsentry/DUST-RM-Sentry/install/hik_camera_first/lib/libMediaProcess.so
-- Up-to-date symlink: /home/rmsentry/DUST-RM-Sentry/install/hik_camera_first/lib/libMvCameraControl.so
-- Up-to-date symlink: /home/rmsentry/DUST-RM-Sentry/install/hik_camera_first/lib/libMvUsb3vTL.so
-- Up-to-date symlink: /home/rmsentry/DUST-RM-Sentry/install/hik_camera_first/lib/hik_camera_first/hik_camera_first_node
-- Up-to-date symlink: /home/rmsentry/DUST-RM-Sentry/install/hik_camera_first/share/hik_camera_first/environment/library_path.sh
-- Up-to-date symlink: /home/rmsentry/DUST-RM-Sentry/install/hik_camera_first/share/hik_camera_first/environment/library_path.dsv
-- Up-to-date symlink: /home/rmsentry/DUST-RM-Sentry/install/hik_camera_first/lib/libhik_camera_first.so
-- Up-to-date symlink: /home/rmsentry/DUST-RM-Sentry/install/hik_camera_first/share/hik_camera_first/config/camera_info.yaml
-- Up-to-date symlink: /home/rmsentry/DUST-RM-Sentry/install/hik_camera_first/share/hik_camera_first/config/camera_params.yaml
-- Up-to-date symlink: /home/rmsentry/DUST-RM-Sentry/install/hik_camera_first/share/hik_camera_first/launch/hik_camera.launch.py
-- Up-to-date symlink: /home/rmsentry/DUST-RM-Sentry/install/hik_camera_first/share/ament_index/resource_index/package_run_dependencies/hik_camera_first
-- Up-to-date symlink: /home/rmsentry/DUST-RM-Sentry/install/hik_camera_first/share/ament_index/resource_index/parent_prefix_path/hik_camera_first
-- Up-to-date symlink: /home/rmsentry/DUST-RM-Sentry/install/hik_camera_first/share/hik_camera_first/environment/ament_prefix_path.sh
-- Up-to-date symlink: /home/rmsentry/DUST-RM-Sentry/install/hik_camera_first/share/hik_camera_first/environment/ament_prefix_path.dsv
-- Up-to-date symlink: /home/rmsentry/DUST-RM-Sentry/install/hik_camera_first/share/hik_camera_first/environment/path.sh
-- Up-to-date symlink: /home/rmsentry/DUST-RM-Sentry/install/hik_camera_first/share/hik_camera_first/environment/path.dsv
-- Up-to-date symlink: /home/rmsentry/DUST-RM-Sentry/install/hik_camera_first/share/hik_camera_first/local_setup.bash
-- Up-to-date symlink: /home/rmsentry/DUST-RM-Sentry/install/hik_camera_first/share/hik_camera_first/local_setup.sh
-- Up-to-date symlink: /home/rmsentry/DUST-RM-Sentry/install/hik_camera_first/share/hik_camera_first/local_setup.zsh
-- Up-to-date symlink: /home/rmsentry/DUST-RM-Sentry/install/hik_camera_first/share/hik_camera_first/local_setup.dsv
-- Symlinking: /home/rmsentry/DUST-RM-Sentry/install/hik_camera_first/share/hik_camera_first/package.dsv
-- Up-to-date symlink: /home/rmsentry/DUST-RM-Sentry/install/hik_camera_first/share/ament_index/resource_index/packages/hik_camera_first
-- Up-to-date symlink: /home/rmsentry/DUST-RM-Sentry/install/hik_camera_first/share/ament_index/resource_index/rclcpp_components/hik_camera_first
-- Up-to-date symlink: /home/rmsentry/DUST-RM-Sentry/install/hik_camera_first/share/hik_camera_first/cmake/ament_cmake_export_dependencies-extras.cmake
-- Up-to-date symlink: /home/rmsentry/DUST-RM-Sentry/install/hik_camera_first/share/hik_camera_first/cmake/ament_cmake_export_libraries-extras.cmake
-- Up-to-date symlink: /home/rmsentry/DUST-RM-Sentry/install/hik_camera_first/share/hik_camera_first/cmake/hik_camera_firstConfig.cmake
-- Up-to-date symlink: /home/rmsentry/DUST-RM-Sentry/install/hik_camera_first/share/hik_camera_first/cmake/hik_camera_firstConfig-version.cmake
-- Up-to-date symlink: /home/rmsentry/DUST-RM-Sentry/install/hik_camera_first/share/hik_camera_first/package.xml
