[0.116s] Invoking command in '/home/rmsentry/DUST-RM-Sentry/build/pointcloud_merger': CMAKE_PREFIX_PATH=${CMAKE_PREFIX_PATH}:/home/rmsentry/DUST-RM-Sentry/install/rm_decision:/home/rmsentry/DUST-RM-Sentry/install/fake_msg_publisher:/opt/ros/humble /usr/local/bin/cmake --build /home/rmsentry/DUST-RM-Sentry/build/pointcloud_merger -- -j12 -l12
[0.175s] [100%] Built target pointcloud_merger
[0.192s] Invoked command in '/home/rmsentry/DUST-RM-Sentry/build/pointcloud_merger' returned '0': CMAKE_PREFIX_PATH=${CMAKE_PREFIX_PATH}:/home/rmsentry/DUST-RM-Sentry/install/rm_decision:/home/rmsentry/DUST-RM-Sentry/install/fake_msg_publisher:/opt/ros/humble /usr/local/bin/cmake --build /home/rmsentry/DUST-RM-Sentry/build/pointcloud_merger -- -j12 -l12
[0.192s] Invoking command in '/home/rmsentry/DUST-RM-Sentry/build/pointcloud_merger': CMAKE_PREFIX_PATH=${CMAKE_PREFIX_PATH}:/home/rmsentry/DUST-RM-Sentry/install/rm_decision:/home/rmsentry/DUST-RM-Sentry/install/fake_msg_publisher:/opt/ros/humble /usr/local/bin/cmake --install /home/rmsentry/DUST-RM-Sentry/build/pointcloud_merger
[0.225s] -- Install configuration: ""
[0.226s] -- Execute custom install script
[0.226s] -- Up-to-date symlink: /home/rmsentry/DUST-RM-Sentry/install/pointcloud_merger/lib/pointcloud_merger/pointcloud_merger
[0.227s] -- Up-to-date symlink: /home/rmsentry/DUST-RM-Sentry/install/pointcloud_merger/share/pointcloud_merger//launch/pointcloud_merger.launch.py
[0.227s] -- Up-to-date symlink: /home/rmsentry/DUST-RM-Sentry/install/pointcloud_merger/share/ament_index/resource_index/package_run_dependencies/pointcloud_merger
[0.227s] -- Up-to-date symlink: /home/rmsentry/DUST-RM-Sentry/install/pointcloud_merger/share/ament_index/resource_index/parent_prefix_path/pointcloud_merger
[0.227s] -- Up-to-date symlink: /home/rmsentry/DUST-RM-Sentry/install/pointcloud_merger/share/pointcloud_merger/environment/ament_prefix_path.sh
[0.227s] -- Up-to-date symlink: /home/rmsentry/DUST-RM-Sentry/install/pointcloud_merger/share/pointcloud_merger/environment/ament_prefix_path.dsv
[0.227s] -- Up-to-date symlink: /home/rmsentry/DUST-RM-Sentry/install/pointcloud_merger/share/pointcloud_merger/environment/path.sh
[0.227s] -- Up-to-date symlink: /home/rmsentry/DUST-RM-Sentry/install/pointcloud_merger/share/pointcloud_merger/environment/path.dsv
[0.227s] -- Up-to-date symlink: /home/rmsentry/DUST-RM-Sentry/install/pointcloud_merger/share/pointcloud_merger/local_setup.bash
[0.227s] -- Up-to-date symlink: /home/rmsentry/DUST-RM-Sentry/install/pointcloud_merger/share/pointcloud_merger/local_setup.sh
[0.227s] -- Up-to-date symlink: /home/rmsentry/DUST-RM-Sentry/install/pointcloud_merger/share/pointcloud_merger/local_setup.zsh
[0.227s] -- Up-to-date symlink: /home/rmsentry/DUST-RM-Sentry/install/pointcloud_merger/share/pointcloud_merger/local_setup.dsv
[0.227s] -- Symlinking: /home/rmsentry/DUST-RM-Sentry/install/pointcloud_merger/share/pointcloud_merger/package.dsv
[0.227s] -- Up-to-date symlink: /home/rmsentry/DUST-RM-Sentry/install/pointcloud_merger/share/ament_index/resource_index/packages/pointcloud_merger
[0.227s] -- Up-to-date symlink: /home/rmsentry/DUST-RM-Sentry/install/pointcloud_merger/share/pointcloud_merger/cmake/pointcloud_mergerConfig.cmake
[0.228s] -- Up-to-date symlink: /home/rmsentry/DUST-RM-Sentry/install/pointcloud_merger/share/pointcloud_merger/cmake/pointcloud_mergerConfig-version.cmake
[0.228s] -- Up-to-date symlink: /home/rmsentry/DUST-RM-Sentry/install/pointcloud_merger/share/pointcloud_merger/package.xml
[0.250s] Invoked command in '/home/rmsentry/DUST-RM-Sentry/build/pointcloud_merger' returned '0': CMAKE_PREFIX_PATH=${CMAKE_PREFIX_PATH}:/home/rmsentry/DUST-RM-Sentry/install/rm_decision:/home/rmsentry/DUST-RM-Sentry/install/fake_msg_publisher:/opt/ros/humble /usr/local/bin/cmake --install /home/rmsentry/DUST-RM-Sentry/build/pointcloud_merger
