[0.025s] Invoking command in '/home/rmsentry/DUST-RM-Sentry/build/hik_camera_first': CMAKE_PREFIX_PATH=${CMAKE_PREFIX_PATH}:/home/rmsentry/DUST-RM-Sentry/install/rm_decision:/home/rmsentry/DUST-RM-Sentry/install/fake_msg_publisher:/opt/ros/humble /usr/local/bin/cmake /home/rmsentry/DUST-RM-Sentry/src/rm_hardware_driver/ros2-hik-camera_first -DAMENT_CMAKE_SYMLINK_INSTALL=1 -DCMAKE_INSTALL_PREFIX=/home/rmsentry/DUST-RM-Sentry/install/hik_camera_first
[1.826s] -- The C compiler identification is GNU 11.4.0
[1.826s] -- The CXX compiler identification is GNU 11.4.0
[1.826s] -- Detecting C compiler ABI info
[1.827s] -- Detecting C compiler ABI info - done
[1.828s] -- Check for working C compiler: /usr/bin/cc - skipped
[1.828s] -- Detecting C compile features
[1.828s] -- Detecting C compile features - done
[1.828s] -- Detecting CXX compiler ABI info
[1.828s] -- Detecting CXX compiler ABI info - done
[1.829s] -- Check for working CXX compiler: /usr/bin/c++ - skipped
[1.829s] -- Detecting CXX compile features
[1.829s] -- Detecting CXX compile features - done
[1.829s] -- Found ament_cmake_auto: 1.3.12 (/opt/ros/humble/share/ament_cmake_auto/cmake)
[1.829s] -- Found Python3: /usr/bin/python3 (found version "3.10.12") found components: Interpreter
[1.829s] -- Override CMake install command with custom implementation using symlinks instead of copying resources
[1.829s] -- Found rosidl_generator_c: 3.1.7 (/opt/ros/humble/share/rosidl_generator_c/cmake)
[1.829s] -- Found rosidl_adapter: 3.1.7 (/opt/ros/humble/share/rosidl_adapter/cmake)
[1.829s] -- Found rosidl_generator_cpp: 3.1.7 (/opt/ros/humble/share/rosidl_generator_cpp/cmake)
[1.829s] -- Using all available rosidl_typesupport_c: rosidl_typesupport_fastrtps_c;rosidl_typesupport_introspection_c
[1.829s] -- Using all available rosidl_typesupport_cpp: rosidl_typesupport_fastrtps_cpp;rosidl_typesupport_introspection_cpp
[1.829s] -- Found rmw_implementation_cmake: 6.1.2 (/opt/ros/humble/share/rmw_implementation_cmake/cmake)
[1.829s] -- Found rmw_fastrtps_cpp: 6.2.8 (/opt/ros/humble/share/rmw_fastrtps_cpp/cmake)
[1.829s] -- Found OpenSSL: /usr/lib/x86_64-linux-gnu/libcrypto.so (found version "3.0.2")
[1.829s] -- Found FastRTPS: /opt/ros/humble/include
[1.834s] -- Using RMW implementation 'rmw_fastrtps_cpp' as default
[1.834s] -- Performing Test CMAKE_HAVE_LIBC_PTHREAD
[1.834s] -- Performing Test CMAKE_HAVE_LIBC_PTHREAD - Success
[1.834s] -- Found Threads: TRUE
[1.834s] -- Found ament_lint_auto: 0.12.14 (/opt/ros/humble/share/ament_lint_auto/cmake)
[1.834s] -- Added test 'cppcheck' to perform static code analysis on C / C++ code
[1.834s] -- Configured cppcheck include dirs: /home/rmsentry/DUST-RM-Sentry/src/rm_hardware_driver/ros2-hik-camera_first/hikSDK/include
[1.837s] -- Configured cppcheck exclude dirs and/or files: 
[1.837s] -- Added test 'flake8' to check Python code syntax and style conventions
[1.837s] -- Added test 'lint_cmake' to check CMake code style
[1.837s] -- Added test 'pep257' to check Python code against some of the docstring style conventions in PEP 257
[1.837s] -- Added test 'xmllint' to check XML markup files
[1.837s] -- Configuring done (1.7s)
[1.837s] -- Generating done (0.0s)
[1.837s] -- Build files have been written to: /home/rmsentry/DUST-RM-Sentry/build/hik_camera_first
[1.844s] Invoked command in '/home/rmsentry/DUST-RM-Sentry/build/hik_camera_first' returned '0': CMAKE_PREFIX_PATH=${CMAKE_PREFIX_PATH}:/home/rmsentry/DUST-RM-Sentry/install/rm_decision:/home/rmsentry/DUST-RM-Sentry/install/fake_msg_publisher:/opt/ros/humble /usr/local/bin/cmake /home/rmsentry/DUST-RM-Sentry/src/rm_hardware_driver/ros2-hik-camera_first -DAMENT_CMAKE_SYMLINK_INSTALL=1 -DCMAKE_INSTALL_PREFIX=/home/rmsentry/DUST-RM-Sentry/install/hik_camera_first
[1.845s] Invoking command in '/home/rmsentry/DUST-RM-Sentry/build/hik_camera_first': CMAKE_PREFIX_PATH=${CMAKE_PREFIX_PATH}:/home/rmsentry/DUST-RM-Sentry/install/rm_decision:/home/rmsentry/DUST-RM-Sentry/install/fake_msg_publisher:/opt/ros/humble /usr/local/bin/cmake --build /home/rmsentry/DUST-RM-Sentry/build/hik_camera_first -- -j12 -l12
[4.631s] [ 25%] [32mBuilding CXX object CMakeFiles/hik_camera_first_node.dir/rclcpp_components/node_main_hik_camera_first_node.cpp.o[0m
[4.631s] [ 50%] [32mBuilding CXX object CMakeFiles/hik_camera_first.dir/src/hik_camera_first_node.cpp.o[0m
[14.679s] [ 75%] [32m[1mLinking CXX shared library libhik_camera_first.so[0m
[15.418s] [ 75%] Built target hik_camera_first
[17.086s] [100%] [32m[1mLinking CXX executable hik_camera_first_node[0m
[17.542s] [100%] Built target hik_camera_first_node
[17.580s] Invoked command in '/home/rmsentry/DUST-RM-Sentry/build/hik_camera_first' returned '0': CMAKE_PREFIX_PATH=${CMAKE_PREFIX_PATH}:/home/rmsentry/DUST-RM-Sentry/install/rm_decision:/home/rmsentry/DUST-RM-Sentry/install/fake_msg_publisher:/opt/ros/humble /usr/local/bin/cmake --build /home/rmsentry/DUST-RM-Sentry/build/hik_camera_first -- -j12 -l12
[17.592s] Invoking command in '/home/rmsentry/DUST-RM-Sentry/build/hik_camera_first': CMAKE_PREFIX_PATH=${CMAKE_PREFIX_PATH}:/home/rmsentry/DUST-RM-Sentry/install/rm_decision:/home/rmsentry/DUST-RM-Sentry/install/fake_msg_publisher:/opt/ros/humble /usr/local/bin/cmake --install /home/rmsentry/DUST-RM-Sentry/build/hik_camera_first
[20.945s] -- Install configuration: ""
[20.945s] -- Execute custom install script
[20.945s] -- Symlinking: /home/rmsentry/DUST-RM-Sentry/install/hik_camera_first/lib/libFormatConversion.so
[20.945s] -- Symlinking: /home/rmsentry/DUST-RM-Sentry/install/hik_camera_first/lib/libMVRender.so
[20.945s] -- Symlinking: /home/rmsentry/DUST-RM-Sentry/install/hik_camera_first/lib/libMediaProcess.so
[20.945s] -- Symlinking: /home/rmsentry/DUST-RM-Sentry/install/hik_camera_first/lib/libMvCameraControl.so
[20.945s] -- Symlinking: /home/rmsentry/DUST-RM-Sentry/install/hik_camera_first/lib/libMvUsb3vTL.so
[20.945s] -- Symlinking: /home/rmsentry/DUST-RM-Sentry/install/hik_camera_first/lib/hik_camera_first/hik_camera_first_node
[20.945s] -- Symlinking: /home/rmsentry/DUST-RM-Sentry/install/hik_camera_first/share/hik_camera_first/environment/library_path.sh
[20.945s] -- Symlinking: /home/rmsentry/DUST-RM-Sentry/install/hik_camera_first/share/hik_camera_first/environment/library_path.dsv
[20.945s] -- Symlinking: /home/rmsentry/DUST-RM-Sentry/install/hik_camera_first/lib/libhik_camera_first.so
[20.945s] -- Symlinking: /home/rmsentry/DUST-RM-Sentry/install/hik_camera_first/share/hik_camera_first/config/camera_info.yaml
[20.945s] -- Symlinking: /home/rmsentry/DUST-RM-Sentry/install/hik_camera_first/share/hik_camera_first/config/camera_params.yaml
[20.946s] -- Symlinking: /home/rmsentry/DUST-RM-Sentry/install/hik_camera_first/share/hik_camera_first/launch/hik_camera.launch.py
[20.946s] -- Symlinking: /home/rmsentry/DUST-RM-Sentry/install/hik_camera_first/share/ament_index/resource_index/package_run_dependencies/hik_camera_first
[20.946s] -- Symlinking: /home/rmsentry/DUST-RM-Sentry/install/hik_camera_first/share/ament_index/resource_index/parent_prefix_path/hik_camera_first
[20.946s] -- Symlinking: /home/rmsentry/DUST-RM-Sentry/install/hik_camera_first/share/hik_camera_first/environment/ament_prefix_path.sh
[20.946s] -- Symlinking: /home/rmsentry/DUST-RM-Sentry/install/hik_camera_first/share/hik_camera_first/environment/ament_prefix_path.dsv
[20.946s] -- Symlinking: /home/rmsentry/DUST-RM-Sentry/install/hik_camera_first/share/hik_camera_first/environment/path.sh
[20.946s] -- Symlinking: /home/rmsentry/DUST-RM-Sentry/install/hik_camera_first/share/hik_camera_first/environment/path.dsv
[20.946s] -- Symlinking: /home/rmsentry/DUST-RM-Sentry/install/hik_camera_first/share/hik_camera_first/local_setup.bash
[20.946s] -- Symlinking: /home/rmsentry/DUST-RM-Sentry/install/hik_camera_first/share/hik_camera_first/local_setup.sh
[20.946s] -- Symlinking: /home/rmsentry/DUST-RM-Sentry/install/hik_camera_first/share/hik_camera_first/local_setup.zsh
[20.946s] -- Symlinking: /home/rmsentry/DUST-RM-Sentry/install/hik_camera_first/share/hik_camera_first/local_setup.dsv
[20.946s] -- Symlinking: /home/rmsentry/DUST-RM-Sentry/install/hik_camera_first/share/hik_camera_first/package.dsv
[20.946s] -- Symlinking: /home/rmsentry/DUST-RM-Sentry/install/hik_camera_first/share/ament_index/resource_index/packages/hik_camera_first
[20.946s] -- Symlinking: /home/rmsentry/DUST-RM-Sentry/install/hik_camera_first/share/ament_index/resource_index/rclcpp_components/hik_camera_first
[20.946s] -- Symlinking: /home/rmsentry/DUST-RM-Sentry/install/hik_camera_first/share/hik_camera_first/cmake/ament_cmake_export_dependencies-extras.cmake
[20.946s] -- Symlinking: /home/rmsentry/DUST-RM-Sentry/install/hik_camera_first/share/hik_camera_first/cmake/ament_cmake_export_libraries-extras.cmake
[20.946s] -- Symlinking: /home/rmsentry/DUST-RM-Sentry/install/hik_camera_first/share/hik_camera_first/cmake/hik_camera_firstConfig.cmake
[20.946s] -- Symlinking: /home/rmsentry/DUST-RM-Sentry/install/hik_camera_first/share/hik_camera_first/cmake/hik_camera_firstConfig-version.cmake
[20.946s] -- Symlinking: /home/rmsentry/DUST-RM-Sentry/install/hik_camera_first/share/hik_camera_first/package.xml
[20.964s] Invoked command in '/home/rmsentry/DUST-RM-Sentry/build/hik_camera_first' returned '0': CMAKE_PREFIX_PATH=${CMAKE_PREFIX_PATH}:/home/rmsentry/DUST-RM-Sentry/install/rm_decision:/home/rmsentry/DUST-RM-Sentry/install/fake_msg_publisher:/opt/ros/humble /usr/local/bin/cmake --install /home/rmsentry/DUST-RM-Sentry/build/hik_camera_first
