[0.043s] Invoking command in '/home/rmsentry/DUST-RM-Sentry/build/hik_camera_second': CMAKE_PREFIX_PATH=${CMAKE_PREFIX_PATH}:/home/rmsentry/DUST-RM-Sentry/install/rm_decision:/home/rmsentry/DUST-RM-Sentry/install/fake_msg_publisher:/opt/ros/humble /usr/local/bin/cmake --build /home/rmsentry/DUST-RM-Sentry/build/hik_camera_second -- -j12 -l12
[0.177s] [ 50%] Built target hik_camera_second
[0.177s] [100%] Built target hik_camera_second_node
[0.297s] Invoked command in '/home/rmsentry/DUST-RM-Sentry/build/hik_camera_second' returned '0': CMAKE_PREFIX_PATH=${CMAKE_PREFIX_PATH}:/home/rmsentry/DUST-RM-Sentry/install/rm_decision:/home/rmsentry/DUST-RM-Sentry/install/fake_msg_publisher:/opt/ros/humble /usr/local/bin/cmake --build /home/rmsentry/DUST-RM-Sentry/build/hik_camera_second -- -j12 -l12
[0.298s] Invoking command in '/home/rmsentry/DUST-RM-Sentry/build/hik_camera_second': CMAKE_PREFIX_PATH=${CMAKE_PREFIX_PATH}:/home/rmsentry/DUST-RM-Sentry/install/rm_decision:/home/rmsentry/DUST-RM-Sentry/install/fake_msg_publisher:/opt/ros/humble /usr/local/bin/cmake --install /home/rmsentry/DUST-RM-Sentry/build/hik_camera_second
[0.312s] -- Install configuration: ""
[0.317s] -- Execute custom install script
[0.317s] -- Up-to-date symlink: /home/rmsentry/DUST-RM-Sentry/install/hik_camera_second/lib/libFormatConversion.so
[0.317s] -- Up-to-date symlink: /home/rmsentry/DUST-RM-Sentry/install/hik_camera_second/lib/libMVRender.so
[0.317s] -- Up-to-date symlink: /home/rmsentry/DUST-RM-Sentry/install/hik_camera_second/lib/libMediaProcess.so
[0.317s] -- Up-to-date symlink: /home/rmsentry/DUST-RM-Sentry/install/hik_camera_second/lib/libMvCameraControl.so
[0.317s] -- Up-to-date symlink: /home/rmsentry/DUST-RM-Sentry/install/hik_camera_second/lib/libMvUsb3vTL.so
[0.317s] -- Up-to-date symlink: /home/rmsentry/DUST-RM-Sentry/install/hik_camera_second/lib/hik_camera_second/hik_camera_second_node
[0.318s] -- Up-to-date symlink: /home/rmsentry/DUST-RM-Sentry/install/hik_camera_second/share/hik_camera_second/environment/library_path.sh
[0.318s] -- Up-to-date symlink: /home/rmsentry/DUST-RM-Sentry/install/hik_camera_second/share/hik_camera_second/environment/library_path.dsv
[0.318s] -- Up-to-date symlink: /home/rmsentry/DUST-RM-Sentry/install/hik_camera_second/lib/libhik_camera_second.so
[0.318s] -- Up-to-date symlink: /home/rmsentry/DUST-RM-Sentry/install/hik_camera_second/share/hik_camera_second/config/camera_info.yaml
[0.318s] -- Up-to-date symlink: /home/rmsentry/DUST-RM-Sentry/install/hik_camera_second/share/hik_camera_second/config/camera_params.yaml
[0.318s] -- Up-to-date symlink: /home/rmsentry/DUST-RM-Sentry/install/hik_camera_second/share/hik_camera_second/launch/hik_camera.launch.py
[0.318s] -- Up-to-date symlink: /home/rmsentry/DUST-RM-Sentry/install/hik_camera_second/share/ament_index/resource_index/package_run_dependencies/hik_camera_second
[0.318s] -- Up-to-date symlink: /home/rmsentry/DUST-RM-Sentry/install/hik_camera_second/share/ament_index/resource_index/parent_prefix_path/hik_camera_second
[0.318s] -- Up-to-date symlink: /home/rmsentry/DUST-RM-Sentry/install/hik_camera_second/share/hik_camera_second/environment/ament_prefix_path.sh
[0.318s] -- Up-to-date symlink: /home/rmsentry/DUST-RM-Sentry/install/hik_camera_second/share/hik_camera_second/environment/ament_prefix_path.dsv
[0.318s] -- Up-to-date symlink: /home/rmsentry/DUST-RM-Sentry/install/hik_camera_second/share/hik_camera_second/environment/path.sh
[0.318s] -- Up-to-date symlink: /home/rmsentry/DUST-RM-Sentry/install/hik_camera_second/share/hik_camera_second/environment/path.dsv
[0.318s] -- Up-to-date symlink: /home/rmsentry/DUST-RM-Sentry/install/hik_camera_second/share/hik_camera_second/local_setup.bash
[0.318s] -- Up-to-date symlink: /home/rmsentry/DUST-RM-Sentry/install/hik_camera_second/share/hik_camera_second/local_setup.sh
[0.322s] -- Up-to-date symlink: /home/rmsentry/DUST-RM-Sentry/install/hik_camera_second/share/hik_camera_second/local_setup.zsh
[0.328s] -- Up-to-date symlink: /home/rmsentry/DUST-RM-Sentry/install/hik_camera_second/share/hik_camera_second/local_setup.dsv
[0.328s] -- Symlinking: /home/rmsentry/DUST-RM-Sentry/install/hik_camera_second/share/hik_camera_second/package.dsv
[0.333s] -- Up-to-date symlink: /home/rmsentry/DUST-RM-Sentry/install/hik_camera_second/share/ament_index/resource_index/packages/hik_camera_second
[0.333s] -- Up-to-date symlink: /home/rmsentry/DUST-RM-Sentry/install/hik_camera_second/share/ament_index/resource_index/rclcpp_components/hik_camera_second
[0.334s] -- Up-to-date symlink: /home/rmsentry/DUST-RM-Sentry/install/hik_camera_second/share/hik_camera_second/cmake/ament_cmake_export_dependencies-extras.cmake
[0.334s] -- Up-to-date symlink: /home/rmsentry/DUST-RM-Sentry/install/hik_camera_second/share/hik_camera_second/cmake/ament_cmake_export_libraries-extras.cmake
[0.334s] -- Up-to-date symlink: /home/rmsentry/DUST-RM-Sentry/install/hik_camera_second/share/hik_camera_second/cmake/hik_camera_secondConfig.cmake
[0.334s] -- Up-to-date symlink: /home/rmsentry/DUST-RM-Sentry/install/hik_camera_second/share/hik_camera_second/cmake/hik_camera_secondConfig-version.cmake
[0.334s] -- Up-to-date symlink: /home/rmsentry/DUST-RM-Sentry/install/hik_camera_second/share/hik_camera_second/package.xml
[0.418s] Invoked command in '/home/rmsentry/DUST-RM-Sentry/build/hik_camera_second' returned '0': CMAKE_PREFIX_PATH=${CMAKE_PREFIX_PATH}:/home/rmsentry/DUST-RM-Sentry/install/rm_decision:/home/rmsentry/DUST-RM-Sentry/install/fake_msg_publisher:/opt/ros/humble /usr/local/bin/cmake --install /home/rmsentry/DUST-RM-Sentry/build/hik_camera_second
