[0.127s] Invoking command in '/home/rmsentry/DUST-RM-Sentry/build/pointcloud_to_laserscan': CMAKE_PREFIX_PATH=${CMAKE_PREFIX_PATH}:/home/rmsentry/DUST-RM-Sentry/install/rm_decision:/home/rmsentry/DUST-RM-Sentry/install/fake_msg_publisher:/opt/ros/humble /usr/local/bin/cmake --build /home/rmsentry/DUST-RM-Sentry/build/pointcloud_to_laserscan -- -j12 -l12
[0.210s] [ 20%] Built target laserscan_to_pointcloud
[0.211s] [ 40%] Built target pointcloud_to_laserscan_node
[0.215s] [ 60%] Built target laserscan_to_pointcloud_node
[0.239s] [ 80%] Built target pointcloud_to_laserscan
[0.315s] [100%] Built target dummy_pointcloud_publisher
[0.408s] Invoked command in '/home/rmsentry/DUST-RM-Sentry/build/pointcloud_to_laserscan' returned '0': CMAKE_PREFIX_PATH=${CMAKE_PREFIX_PATH}:/home/rmsentry/DUST-RM-Sentry/install/rm_decision:/home/rmsentry/DUST-RM-Sentry/install/fake_msg_publisher:/opt/ros/humble /usr/local/bin/cmake --build /home/rmsentry/DUST-RM-Sentry/build/pointcloud_to_laserscan -- -j12 -l12
[0.410s] Invoking command in '/home/rmsentry/DUST-RM-Sentry/build/pointcloud_to_laserscan': CMAKE_PREFIX_PATH=${CMAKE_PREFIX_PATH}:/home/rmsentry/DUST-RM-Sentry/install/rm_decision:/home/rmsentry/DUST-RM-Sentry/install/fake_msg_publisher:/opt/ros/humble /usr/local/bin/cmake --install /home/rmsentry/DUST-RM-Sentry/build/pointcloud_to_laserscan
[0.451s] -- Install configuration: ""
[0.451s] -- Execute custom install script
[0.451s] -- Up-to-date symlink: /home/rmsentry/DUST-RM-Sentry/install/pointcloud_to_laserscan/lib/pointcloud_to_laserscan/laserscan_to_pointcloud_node
[0.451s] -- Up-to-date symlink: /home/rmsentry/DUST-RM-Sentry/install/pointcloud_to_laserscan/lib/pointcloud_to_laserscan/pointcloud_to_laserscan_node
[0.451s] -- Up-to-date symlink: /home/rmsentry/DUST-RM-Sentry/install/pointcloud_to_laserscan/include/pointcloud_to_laserscan/laserscan_to_pointcloud_node.hpp
[0.451s] -- Up-to-date symlink: /home/rmsentry/DUST-RM-Sentry/install/pointcloud_to_laserscan/include/pointcloud_to_laserscan/pointcloud_to_laserscan_node.hpp
[0.452s] -- Up-to-date symlink: /home/rmsentry/DUST-RM-Sentry/install/pointcloud_to_laserscan/include/pointcloud_to_laserscan/visibility_control.h
[0.452s] -- Up-to-date symlink: /home/rmsentry/DUST-RM-Sentry/install/pointcloud_to_laserscan/share/pointcloud_to_laserscan/environment/library_path.sh
[0.452s] -- Up-to-date symlink: /home/rmsentry/DUST-RM-Sentry/install/pointcloud_to_laserscan/share/pointcloud_to_laserscan/environment/library_path.dsv
[0.452s] -- Up-to-date symlink: /home/rmsentry/DUST-RM-Sentry/install/pointcloud_to_laserscan/lib/liblaserscan_to_pointcloud.so
[0.452s] -- Up-to-date symlink: /home/rmsentry/DUST-RM-Sentry/install/pointcloud_to_laserscan/lib/libpointcloud_to_laserscan.so
[0.452s] -- Up-to-date symlink: /home/rmsentry/DUST-RM-Sentry/install/pointcloud_to_laserscan/lib/pointcloud_to_laserscan/dummy_pointcloud_publisher
[0.452s] -- Up-to-date symlink: /home/rmsentry/DUST-RM-Sentry/install/pointcloud_to_laserscan/share/pointcloud_to_laserscan/launch/pointcloud_to_laserscan_launch.py
[0.452s] -- Up-to-date symlink: /home/rmsentry/DUST-RM-Sentry/install/pointcloud_to_laserscan/share/pointcloud_to_laserscan/launch/sample_laserscan_to_pointcloud_launch.py
[0.452s] -- Up-to-date symlink: /home/rmsentry/DUST-RM-Sentry/install/pointcloud_to_laserscan/share/pointcloud_to_laserscan/launch/sample_pointcloud_to_laserscan_launch.py
[0.452s] -- Up-to-date symlink: /home/rmsentry/DUST-RM-Sentry/install/pointcloud_to_laserscan/share/ament_index/resource_index/package_run_dependencies/pointcloud_to_laserscan
[0.452s] -- Up-to-date symlink: /home/rmsentry/DUST-RM-Sentry/install/pointcloud_to_laserscan/share/ament_index/resource_index/parent_prefix_path/pointcloud_to_laserscan
[0.452s] -- Up-to-date symlink: /home/rmsentry/DUST-RM-Sentry/install/pointcloud_to_laserscan/share/pointcloud_to_laserscan/environment/ament_prefix_path.sh
[0.452s] -- Up-to-date symlink: /home/rmsentry/DUST-RM-Sentry/install/pointcloud_to_laserscan/share/pointcloud_to_laserscan/environment/ament_prefix_path.dsv
[0.453s] -- Up-to-date symlink: /home/rmsentry/DUST-RM-Sentry/install/pointcloud_to_laserscan/share/pointcloud_to_laserscan/environment/path.sh
[0.453s] -- Up-to-date symlink: /home/rmsentry/DUST-RM-Sentry/install/pointcloud_to_laserscan/share/pointcloud_to_laserscan/environment/path.dsv
[0.453s] -- Up-to-date symlink: /home/rmsentry/DUST-RM-Sentry/install/pointcloud_to_laserscan/share/pointcloud_to_laserscan/local_setup.bash
[0.454s] -- Up-to-date symlink: /home/rmsentry/DUST-RM-Sentry/install/pointcloud_to_laserscan/share/pointcloud_to_laserscan/local_setup.sh
[0.454s] -- Up-to-date symlink: /home/rmsentry/DUST-RM-Sentry/install/pointcloud_to_laserscan/share/pointcloud_to_laserscan/local_setup.zsh
[0.454s] -- Up-to-date symlink: /home/rmsentry/DUST-RM-Sentry/install/pointcloud_to_laserscan/share/pointcloud_to_laserscan/local_setup.dsv
[0.454s] -- Symlinking: /home/rmsentry/DUST-RM-Sentry/install/pointcloud_to_laserscan/share/pointcloud_to_laserscan/package.dsv
[0.454s] -- Up-to-date symlink: /home/rmsentry/DUST-RM-Sentry/install/pointcloud_to_laserscan/share/ament_index/resource_index/packages/pointcloud_to_laserscan
[0.454s] -- Up-to-date symlink: /home/rmsentry/DUST-RM-Sentry/install/pointcloud_to_laserscan/share/ament_index/resource_index/rclcpp_components/pointcloud_to_laserscan
[0.455s] -- Up-to-date symlink: /home/rmsentry/DUST-RM-Sentry/install/pointcloud_to_laserscan/share/pointcloud_to_laserscan/cmake/ament_cmake_export_dependencies-extras.cmake
[0.455s] -- Up-to-date symlink: /home/rmsentry/DUST-RM-Sentry/install/pointcloud_to_laserscan/share/pointcloud_to_laserscan/cmake/ament_cmake_export_include_directories-extras.cmake
[0.456s] -- Up-to-date symlink: /home/rmsentry/DUST-RM-Sentry/install/pointcloud_to_laserscan/share/pointcloud_to_laserscan/cmake/ament_cmake_export_libraries-extras.cmake
[0.457s] -- Up-to-date symlink: /home/rmsentry/DUST-RM-Sentry/install/pointcloud_to_laserscan/share/pointcloud_to_laserscan/cmake/pointcloud_to_laserscanConfig.cmake
[0.457s] -- Up-to-date symlink: /home/rmsentry/DUST-RM-Sentry/install/pointcloud_to_laserscan/share/pointcloud_to_laserscan/cmake/pointcloud_to_laserscanConfig-version.cmake
[0.457s] -- Up-to-date symlink: /home/rmsentry/DUST-RM-Sentry/install/pointcloud_to_laserscan/share/pointcloud_to_laserscan/package.xml
[0.562s] Invoked command in '/home/rmsentry/DUST-RM-Sentry/build/pointcloud_to_laserscan' returned '0': CMAKE_PREFIX_PATH=${CMAKE_PREFIX_PATH}:/home/rmsentry/DUST-RM-Sentry/install/rm_decision:/home/rmsentry/DUST-RM-Sentry/install/fake_msg_publisher:/opt/ros/humble /usr/local/bin/cmake --install /home/rmsentry/DUST-RM-Sentry/build/pointcloud_to_laserscan
