[0.033s] Invoking command in '/home/rmsentry/DUST-RM-Sentry/build/global_interface': CMAKE_PREFIX_PATH=${CMAKE_PREFIX_PATH}:/home/rmsentry/DUST-RM-Sentry/install/rm_decision:/home/rmsentry/DUST-RM-Sentry/install/fake_msg_publisher:/opt/ros/humble /usr/local/bin/cmake --build /home/rmsentry/DUST-RM-Sentry/build/global_interface -- -j12 -l12
[0.081s] [  0%] Built target global_interface__cpp
[0.112s] [  0%] Built target ament_cmake_python_symlink_global_interface
[0.113s] [ 12%] Built target global_interface__rosidl_generator_c
[0.158s] [ 24%] Built target global_interface__rosidl_typesupport_cpp
[0.161s] [ 36%] Built target global_interface__rosidl_typesupport_introspection_cpp
[0.165s] [ 47%] Built target global_interface__rosidl_typesupport_fastrtps_cpp
[0.166s] [ 59%] Built target global_interface__rosidl_typesupport_introspection_c
[0.175s] [ 71%] Built target global_interface__rosidl_typesupport_fastrtps_c
[0.191s] [ 83%] Built target global_interface__rosidl_typesupport_c
[0.224s] [ 83%] Built target global_interface
[0.247s] [ 84%] Built target global_interface__py
[0.297s] [ 95%] Built target global_interface__rosidl_generator_py
[0.329s] [ 99%] Built target global_interface__rosidl_typesupport_fastrtps_c__pyext
[0.330s] [ 99%] Built target global_interface__rosidl_typesupport_introspection_c__pyext
[0.332s] [100%] Built target global_interface__rosidl_typesupport_c__pyext
[0.443s] running egg_info
[0.449s] writing global_interface.egg-info/PKG-INFO
[0.449s] writing dependency_links to global_interface.egg-info/dependency_links.txt
[0.449s] writing top-level names to global_interface.egg-info/top_level.txt
[0.449s] reading manifest file 'global_interface.egg-info/SOURCES.txt'
[0.449s] writing manifest file 'global_interface.egg-info/SOURCES.txt'
[0.503s] [100%] Built target ament_cmake_python_build_global_interface_egg
[0.548s] Invoked command in '/home/rmsentry/DUST-RM-Sentry/build/global_interface' returned '0': CMAKE_PREFIX_PATH=${CMAKE_PREFIX_PATH}:/home/rmsentry/DUST-RM-Sentry/install/rm_decision:/home/rmsentry/DUST-RM-Sentry/install/fake_msg_publisher:/opt/ros/humble /usr/local/bin/cmake --build /home/rmsentry/DUST-RM-Sentry/build/global_interface -- -j12 -l12
[0.549s] Invoking command in '/home/rmsentry/DUST-RM-Sentry/build/global_interface': CMAKE_PREFIX_PATH=${CMAKE_PREFIX_PATH}:/home/rmsentry/DUST-RM-Sentry/install/rm_decision:/home/rmsentry/DUST-RM-Sentry/install/fake_msg_publisher:/opt/ros/humble /usr/local/bin/cmake --install /home/rmsentry/DUST-RM-Sentry/build/global_interface
[0.573s] -- Install configuration: ""
[0.573s] -- Execute custom install script
[0.573s] -- Up-to-date symlink: /home/rmsentry/DUST-RM-Sentry/install/global_interface/share/ament_index/resource_index/rosidl_interfaces/global_interface
[0.573s] -- Up-to-date symlink: /home/rmsentry/DUST-RM-Sentry/install/global_interface/include/global_interface/global_interface/msg/autoaim.h
[0.573s] -- Up-to-date symlink: /home/rmsentry/DUST-RM-Sentry/install/global_interface/include/global_interface/global_interface/msg/car_pos.h
[0.573s] -- Up-to-date symlink: /home/rmsentry/DUST-RM-Sentry/install/global_interface/include/global_interface/global_interface/msg/decision.h
[0.573s] -- Up-to-date symlink: /home/rmsentry/DUST-RM-Sentry/install/global_interface/include/global_interface/global_interface/msg/detail/autoaim__functions.h
[0.573s] -- Up-to-date symlink: /home/rmsentry/DUST-RM-Sentry/install/global_interface/include/global_interface/global_interface/msg/detail/autoaim__struct.h
[0.573s] -- Up-to-date symlink: /home/rmsentry/DUST-RM-Sentry/install/global_interface/include/global_interface/global_interface/msg/detail/autoaim__type_support.h
[0.573s] -- Up-to-date symlink: /home/rmsentry/DUST-RM-Sentry/install/global_interface/include/global_interface/global_interface/msg/detail/car_pos__functions.h
[0.573s] -- Up-to-date symlink: /home/rmsentry/DUST-RM-Sentry/install/global_interface/include/global_interface/global_interface/msg/detail/car_pos__struct.h
[0.573s] -- Up-to-date symlink: /home/rmsentry/DUST-RM-Sentry/install/global_interface/include/global_interface/global_interface/msg/detail/car_pos__type_support.h
[0.573s] -- Up-to-date symlink: /home/rmsentry/DUST-RM-Sentry/install/global_interface/include/global_interface/global_interface/msg/detail/decision__functions.h
[0.573s] -- Up-to-date symlink: /home/rmsentry/DUST-RM-Sentry/install/global_interface/include/global_interface/global_interface/msg/detail/decision__struct.h
[0.573s] -- Up-to-date symlink: /home/rmsentry/DUST-RM-Sentry/install/global_interface/include/global_interface/global_interface/msg/detail/decision__type_support.h
[0.573s] -- Up-to-date symlink: /home/rmsentry/DUST-RM-Sentry/install/global_interface/include/global_interface/global_interface/msg/detail/detection__functions.h
[0.573s] -- Up-to-date symlink: /home/rmsentry/DUST-RM-Sentry/install/global_interface/include/global_interface/global_interface/msg/detail/detection__struct.h
[0.574s] -- Up-to-date symlink: /home/rmsentry/DUST-RM-Sentry/install/global_interface/include/global_interface/global_interface/msg/detail/detection__type_support.h
[0.574s] -- Up-to-date symlink: /home/rmsentry/DUST-RM-Sentry/install/global_interface/include/global_interface/global_interface/msg/detail/detection_array__functions.h
[0.574s] -- Up-to-date symlink: /home/rmsentry/DUST-RM-Sentry/install/global_interface/include/global_interface/global_interface/msg/detail/detection_array__struct.h
[0.574s] -- Up-to-date symlink: /home/rmsentry/DUST-RM-Sentry/install/global_interface/include/global_interface/global_interface/msg/detail/detection_array__type_support.h
[0.574s] -- Up-to-date symlink: /home/rmsentry/DUST-RM-Sentry/install/global_interface/include/global_interface/global_interface/msg/detail/game_info__functions.h
[0.574s] -- Up-to-date symlink: /home/rmsentry/DUST-RM-Sentry/install/global_interface/include/global_interface/global_interface/msg/detail/game_info__struct.h
[0.574s] -- Up-to-date symlink: /home/rmsentry/DUST-RM-Sentry/install/global_interface/include/global_interface/global_interface/msg/detail/game_info__type_support.h
[0.574s] -- Up-to-date symlink: /home/rmsentry/DUST-RM-Sentry/install/global_interface/include/global_interface/global_interface/msg/detail/mode_set__functions.h
[0.574s] -- Up-to-date symlink: /home/rmsentry/DUST-RM-Sentry/install/global_interface/include/global_interface/global_interface/msg/detail/mode_set__struct.h
[0.574s] -- Up-to-date symlink: /home/rmsentry/DUST-RM-Sentry/install/global_interface/include/global_interface/global_interface/msg/detail/mode_set__type_support.h
[0.574s] -- Up-to-date symlink: /home/rmsentry/DUST-RM-Sentry/install/global_interface/include/global_interface/global_interface/msg/detail/obj_hp__functions.h
[0.574s] -- Up-to-date symlink: /home/rmsentry/DUST-RM-Sentry/install/global_interface/include/global_interface/global_interface/msg/detail/obj_hp__struct.h
[0.574s] -- Up-to-date symlink: /home/rmsentry/DUST-RM-Sentry/install/global_interface/include/global_interface/global_interface/msg/detail/obj_hp__type_support.h
[0.574s] -- Up-to-date symlink: /home/rmsentry/DUST-RM-Sentry/install/global_interface/include/global_interface/global_interface/msg/detail/point2f__functions.h
[0.574s] -- Up-to-date symlink: /home/rmsentry/DUST-RM-Sentry/install/global_interface/include/global_interface/global_interface/msg/detail/point2f__struct.h
[0.574s] -- Up-to-date symlink: /home/rmsentry/DUST-RM-Sentry/install/global_interface/include/global_interface/global_interface/msg/detail/point2f__type_support.h
[0.574s] -- Up-to-date symlink: /home/rmsentry/DUST-RM-Sentry/install/global_interface/include/global_interface/global_interface/msg/detail/serial__functions.h
[0.574s] -- Up-to-date symlink: /home/rmsentry/DUST-RM-Sentry/install/global_interface/include/global_interface/global_interface/msg/detail/serial__struct.h
[0.575s] -- Up-to-date symlink: /home/rmsentry/DUST-RM-Sentry/install/global_interface/include/global_interface/global_interface/msg/detail/serial__type_support.h
[0.575s] -- Up-to-date symlink: /home/rmsentry/DUST-RM-Sentry/install/global_interface/include/global_interface/global_interface/msg/detail/strike_licensing__functions.h
[0.575s] -- Up-to-date symlink: /home/rmsentry/DUST-RM-Sentry/install/global_interface/include/global_interface/global_interface/msg/detail/strike_licensing__struct.h
[0.575s] -- Up-to-date symlink: /home/rmsentry/DUST-RM-Sentry/install/global_interface/include/global_interface/global_interface/msg/detail/strike_licensing__type_support.h
[0.575s] -- Up-to-date symlink: /home/rmsentry/DUST-RM-Sentry/install/global_interface/include/global_interface/global_interface/msg/detection.h
[0.575s] -- Up-to-date symlink: /home/rmsentry/DUST-RM-Sentry/install/global_interface/include/global_interface/global_interface/msg/detection_array.h
[0.575s] -- Up-to-date symlink: /home/rmsentry/DUST-RM-Sentry/install/global_interface/include/global_interface/global_interface/msg/game_info.h
[0.575s] -- Up-to-date symlink: /home/rmsentry/DUST-RM-Sentry/install/global_interface/include/global_interface/global_interface/msg/mode_set.h
[0.575s] -- Up-to-date symlink: /home/rmsentry/DUST-RM-Sentry/install/global_interface/include/global_interface/global_interface/msg/obj_hp.h
[0.575s] -- Up-to-date symlink: /home/rmsentry/DUST-RM-Sentry/install/global_interface/include/global_interface/global_interface/msg/point2f.h
[0.575s] -- Up-to-date symlink: /home/rmsentry/DUST-RM-Sentry/install/global_interface/include/global_interface/global_interface/msg/rosidl_generator_c__visibility_control.h
[0.575s] -- Up-to-date symlink: /home/rmsentry/DUST-RM-Sentry/install/global_interface/include/global_interface/global_interface/msg/serial.h
[0.575s] -- Up-to-date symlink: /home/rmsentry/DUST-RM-Sentry/install/global_interface/include/global_interface/global_interface/msg/strike_licensing.h
[0.575s] -- Up-to-date symlink: /home/rmsentry/DUST-RM-Sentry/install/global_interface/share/global_interface/environment/library_path.sh
[0.575s] -- Up-to-date symlink: /home/rmsentry/DUST-RM-Sentry/install/global_interface/share/global_interface/environment/library_path.dsv
[0.575s] -- Up-to-date symlink: /home/rmsentry/DUST-RM-Sentry/install/global_interface/include/global_interface/global_interface/msg/detail/autoaim__rosidl_typesupport_fastrtps_c.h
[0.576s] -- Up-to-date symlink: /home/rmsentry/DUST-RM-Sentry/install/global_interface/include/global_interface/global_interface/msg/detail/car_pos__rosidl_typesupport_fastrtps_c.h
[0.576s] -- Up-to-date symlink: /home/rmsentry/DUST-RM-Sentry/install/global_interface/include/global_interface/global_interface/msg/detail/decision__rosidl_typesupport_fastrtps_c.h
[0.576s] -- Up-to-date symlink: /home/rmsentry/DUST-RM-Sentry/install/global_interface/include/global_interface/global_interface/msg/detail/detection__rosidl_typesupport_fastrtps_c.h
[0.576s] -- Up-to-date symlink: /home/rmsentry/DUST-RM-Sentry/install/global_interface/include/global_interface/global_interface/msg/detail/detection_array__rosidl_typesupport_fastrtps_c.h
[0.580s] -- Up-to-date symlink: /home/rmsentry/DUST-RM-Sentry/install/global_interface/include/global_interface/global_interface/msg/detail/game_info__rosidl_typesupport_fastrtps_c.h
[0.580s] -- Up-to-date symlink: /home/rmsentry/DUST-RM-Sentry/install/global_interface/include/global_interface/global_interface/msg/detail/mode_set__rosidl_typesupport_fastrtps_c.h
[0.580s] -- Up-to-date symlink: /home/rmsentry/DUST-RM-Sentry/install/global_interface/include/global_interface/global_interface/msg/detail/obj_hp__rosidl_typesupport_fastrtps_c.h
[0.580s] -- Up-to-date symlink: /home/rmsentry/DUST-RM-Sentry/install/global_interface/include/global_interface/global_interface/msg/detail/point2f__rosidl_typesupport_fastrtps_c.h
[0.580s] -- Up-to-date symlink: /home/rmsentry/DUST-RM-Sentry/install/global_interface/include/global_interface/global_interface/msg/detail/serial__rosidl_typesupport_fastrtps_c.h
[0.580s] -- Up-to-date symlink: /home/rmsentry/DUST-RM-Sentry/install/global_interface/include/global_interface/global_interface/msg/detail/strike_licensing__rosidl_typesupport_fastrtps_c.h
[0.580s] -- Up-to-date symlink: /home/rmsentry/DUST-RM-Sentry/install/global_interface/include/global_interface/global_interface/msg/rosidl_typesupport_fastrtps_c__visibility_control.h
[0.580s] -- Up-to-date symlink: /home/rmsentry/DUST-RM-Sentry/install/global_interface/include/global_interface/global_interface/msg/detail/autoaim__rosidl_typesupport_introspection_c.h
[0.580s] -- Up-to-date symlink: /home/rmsentry/DUST-RM-Sentry/install/global_interface/include/global_interface/global_interface/msg/detail/car_pos__rosidl_typesupport_introspection_c.h
[0.580s] -- Up-to-date symlink: /home/rmsentry/DUST-RM-Sentry/install/global_interface/include/global_interface/global_interface/msg/detail/decision__rosidl_typesupport_introspection_c.h
[0.580s] -- Up-to-date symlink: /home/rmsentry/DUST-RM-Sentry/install/global_interface/include/global_interface/global_interface/msg/detail/detection__rosidl_typesupport_introspection_c.h
[0.580s] -- Up-to-date symlink: /home/rmsentry/DUST-RM-Sentry/install/global_interface/include/global_interface/global_interface/msg/detail/detection_array__rosidl_typesupport_introspection_c.h
[0.580s] -- Up-to-date symlink: /home/rmsentry/DUST-RM-Sentry/install/global_interface/include/global_interface/global_interface/msg/detail/game_info__rosidl_typesupport_introspection_c.h
[0.580s] -- Up-to-date symlink: /home/rmsentry/DUST-RM-Sentry/install/global_interface/include/global_interface/global_interface/msg/detail/mode_set__rosidl_typesupport_introspection_c.h
[0.580s] -- Up-to-date symlink: /home/rmsentry/DUST-RM-Sentry/install/global_interface/include/global_interface/global_interface/msg/detail/obj_hp__rosidl_typesupport_introspection_c.h
[0.580s] -- Up-to-date symlink: /home/rmsentry/DUST-RM-Sentry/install/global_interface/include/global_interface/global_interface/msg/detail/point2f__rosidl_typesupport_introspection_c.h
[0.581s] -- Up-to-date symlink: /home/rmsentry/DUST-RM-Sentry/install/global_interface/include/global_interface/global_interface/msg/detail/serial__rosidl_typesupport_introspection_c.h
[0.581s] -- Up-to-date symlink: /home/rmsentry/DUST-RM-Sentry/install/global_interface/include/global_interface/global_interface/msg/detail/strike_licensing__rosidl_typesupport_introspection_c.h
[0.581s] -- Up-to-date symlink: /home/rmsentry/DUST-RM-Sentry/install/global_interface/include/global_interface/global_interface/msg/rosidl_typesupport_introspection_c__visibility_control.h
[0.581s] -- Up-to-date symlink: /home/rmsentry/DUST-RM-Sentry/install/global_interface/include/global_interface/global_interface/msg/autoaim.hpp
[0.581s] -- Up-to-date symlink: /home/rmsentry/DUST-RM-Sentry/install/global_interface/include/global_interface/global_interface/msg/car_pos.hpp
[0.581s] -- Up-to-date symlink: /home/rmsentry/DUST-RM-Sentry/install/global_interface/include/global_interface/global_interface/msg/decision.hpp
[0.581s] -- Up-to-date symlink: /home/rmsentry/DUST-RM-Sentry/install/global_interface/include/global_interface/global_interface/msg/detail/autoaim__builder.hpp
[0.581s] -- Up-to-date symlink: /home/rmsentry/DUST-RM-Sentry/install/global_interface/include/global_interface/global_interface/msg/detail/autoaim__struct.hpp
[0.581s] -- Up-to-date symlink: /home/rmsentry/DUST-RM-Sentry/install/global_interface/include/global_interface/global_interface/msg/detail/autoaim__traits.hpp
[0.581s] -- Up-to-date symlink: /home/rmsentry/DUST-RM-Sentry/install/global_interface/include/global_interface/global_interface/msg/detail/autoaim__type_support.hpp
[0.581s] -- Up-to-date symlink: /home/rmsentry/DUST-RM-Sentry/install/global_interface/include/global_interface/global_interface/msg/detail/car_pos__builder.hpp
[0.581s] -- Up-to-date symlink: /home/rmsentry/DUST-RM-Sentry/install/global_interface/include/global_interface/global_interface/msg/detail/car_pos__struct.hpp
[0.581s] -- Up-to-date symlink: /home/rmsentry/DUST-RM-Sentry/install/global_interface/include/global_interface/global_interface/msg/detail/car_pos__traits.hpp
[0.581s] -- Up-to-date symlink: /home/rmsentry/DUST-RM-Sentry/install/global_interface/include/global_interface/global_interface/msg/detail/car_pos__type_support.hpp
[0.581s] -- Up-to-date symlink: /home/rmsentry/DUST-RM-Sentry/install/global_interface/include/global_interface/global_interface/msg/detail/decision__builder.hpp
[0.581s] -- Up-to-date symlink: /home/rmsentry/DUST-RM-Sentry/install/global_interface/include/global_interface/global_interface/msg/detail/decision__struct.hpp
[0.582s] -- Up-to-date symlink: /home/rmsentry/DUST-RM-Sentry/install/global_interface/include/global_interface/global_interface/msg/detail/decision__traits.hpp
[0.582s] -- Up-to-date symlink: /home/rmsentry/DUST-RM-Sentry/install/global_interface/include/global_interface/global_interface/msg/detail/decision__type_support.hpp
[0.582s] -- Up-to-date symlink: /home/rmsentry/DUST-RM-Sentry/install/global_interface/include/global_interface/global_interface/msg/detail/detection__builder.hpp
[0.582s] -- Up-to-date symlink: /home/rmsentry/DUST-RM-Sentry/install/global_interface/include/global_interface/global_interface/msg/detail/detection__struct.hpp
[0.582s] -- Up-to-date symlink: /home/rmsentry/DUST-RM-Sentry/install/global_interface/include/global_interface/global_interface/msg/detail/detection__traits.hpp
[0.582s] -- Up-to-date symlink: /home/rmsentry/DUST-RM-Sentry/install/global_interface/include/global_interface/global_interface/msg/detail/detection__type_support.hpp
[0.582s] -- Up-to-date symlink: /home/rmsentry/DUST-RM-Sentry/install/global_interface/include/global_interface/global_interface/msg/detail/detection_array__builder.hpp
[0.582s] -- Up-to-date symlink: /home/rmsentry/DUST-RM-Sentry/install/global_interface/include/global_interface/global_interface/msg/detail/detection_array__struct.hpp
[0.582s] -- Up-to-date symlink: /home/rmsentry/DUST-RM-Sentry/install/global_interface/include/global_interface/global_interface/msg/detail/detection_array__traits.hpp
[0.582s] -- Up-to-date symlink: /home/rmsentry/DUST-RM-Sentry/install/global_interface/include/global_interface/global_interface/msg/detail/detection_array__type_support.hpp
[0.582s] -- Up-to-date symlink: /home/rmsentry/DUST-RM-Sentry/install/global_interface/include/global_interface/global_interface/msg/detail/game_info__builder.hpp
[0.582s] -- Up-to-date symlink: /home/rmsentry/DUST-RM-Sentry/install/global_interface/include/global_interface/global_interface/msg/detail/game_info__struct.hpp
[0.582s] -- Up-to-date symlink: /home/rmsentry/DUST-RM-Sentry/install/global_interface/include/global_interface/global_interface/msg/detail/game_info__traits.hpp
[0.582s] -- Up-to-date symlink: /home/rmsentry/DUST-RM-Sentry/install/global_interface/include/global_interface/global_interface/msg/detail/game_info__type_support.hpp
[0.582s] -- Up-to-date symlink: /home/rmsentry/DUST-RM-Sentry/install/global_interface/include/global_interface/global_interface/msg/detail/mode_set__builder.hpp
[0.582s] -- Up-to-date symlink: /home/rmsentry/DUST-RM-Sentry/install/global_interface/include/global_interface/global_interface/msg/detail/mode_set__struct.hpp
[0.582s] -- Up-to-date symlink: /home/rmsentry/DUST-RM-Sentry/install/global_interface/include/global_interface/global_interface/msg/detail/mode_set__traits.hpp
[0.582s] -- Up-to-date symlink: /home/rmsentry/DUST-RM-Sentry/install/global_interface/include/global_interface/global_interface/msg/detail/mode_set__type_support.hpp
[0.582s] -- Up-to-date symlink: /home/rmsentry/DUST-RM-Sentry/install/global_interface/include/global_interface/global_interface/msg/detail/obj_hp__builder.hpp
[0.582s] -- Up-to-date symlink: /home/rmsentry/DUST-RM-Sentry/install/global_interface/include/global_interface/global_interface/msg/detail/obj_hp__struct.hpp
[0.582s] -- Up-to-date symlink: /home/rmsentry/DUST-RM-Sentry/install/global_interface/include/global_interface/global_interface/msg/detail/obj_hp__traits.hpp
[0.582s] -- Up-to-date symlink: /home/rmsentry/DUST-RM-Sentry/install/global_interface/include/global_interface/global_interface/msg/detail/obj_hp__type_support.hpp
[0.582s] -- Up-to-date symlink: /home/rmsentry/DUST-RM-Sentry/install/global_interface/include/global_interface/global_interface/msg/detail/point2f__builder.hpp
[0.582s] -- Up-to-date symlink: /home/rmsentry/DUST-RM-Sentry/install/global_interface/include/global_interface/global_interface/msg/detail/point2f__struct.hpp
[0.582s] -- Up-to-date symlink: /home/rmsentry/DUST-RM-Sentry/install/global_interface/include/global_interface/global_interface/msg/detail/point2f__traits.hpp
[0.583s] -- Up-to-date symlink: /home/rmsentry/DUST-RM-Sentry/install/global_interface/include/global_interface/global_interface/msg/detail/point2f__type_support.hpp
[0.583s] -- Up-to-date symlink: /home/rmsentry/DUST-RM-Sentry/install/global_interface/include/global_interface/global_interface/msg/detail/serial__builder.hpp
[0.583s] -- Up-to-date symlink: /home/rmsentry/DUST-RM-Sentry/install/global_interface/include/global_interface/global_interface/msg/detail/serial__struct.hpp
[0.583s] -- Up-to-date symlink: /home/rmsentry/DUST-RM-Sentry/install/global_interface/include/global_interface/global_interface/msg/detail/serial__traits.hpp
[0.583s] -- Up-to-date symlink: /home/rmsentry/DUST-RM-Sentry/install/global_interface/include/global_interface/global_interface/msg/detail/serial__type_support.hpp
[0.583s] -- Up-to-date symlink: /home/rmsentry/DUST-RM-Sentry/install/global_interface/include/global_interface/global_interface/msg/detail/strike_licensing__builder.hpp
[0.583s] -- Up-to-date symlink: /home/rmsentry/DUST-RM-Sentry/install/global_interface/include/global_interface/global_interface/msg/detail/strike_licensing__struct.hpp
[0.584s] -- Up-to-date symlink: /home/rmsentry/DUST-RM-Sentry/install/global_interface/include/global_interface/global_interface/msg/detail/strike_licensing__traits.hpp
[0.584s] -- Up-to-date symlink: /home/rmsentry/DUST-RM-Sentry/install/global_interface/include/global_interface/global_interface/msg/detail/strike_licensing__type_support.hpp
[0.585s] -- Up-to-date symlink: /home/rmsentry/DUST-RM-Sentry/install/global_interface/include/global_interface/global_interface/msg/detection.hpp
[0.585s] -- Up-to-date symlink: /home/rmsentry/DUST-RM-Sentry/install/global_interface/include/global_interface/global_interface/msg/detection_array.hpp
[0.586s] -- Up-to-date symlink: /home/rmsentry/DUST-RM-Sentry/install/global_interface/include/global_interface/global_interface/msg/game_info.hpp
[0.586s] -- Up-to-date symlink: /home/rmsentry/DUST-RM-Sentry/install/global_interface/include/global_interface/global_interface/msg/mode_set.hpp
[0.586s] -- Up-to-date symlink: /home/rmsentry/DUST-RM-Sentry/install/global_interface/include/global_interface/global_interface/msg/obj_hp.hpp
[0.586s] -- Up-to-date symlink: /home/rmsentry/DUST-RM-Sentry/install/global_interface/include/global_interface/global_interface/msg/point2f.hpp
[0.586s] -- Up-to-date symlink: /home/rmsentry/DUST-RM-Sentry/install/global_interface/include/global_interface/global_interface/msg/rosidl_generator_cpp__visibility_control.hpp
[0.586s] -- Up-to-date symlink: /home/rmsentry/DUST-RM-Sentry/install/global_interface/include/global_interface/global_interface/msg/serial.hpp
[0.586s] -- Up-to-date symlink: /home/rmsentry/DUST-RM-Sentry/install/global_interface/include/global_interface/global_interface/msg/strike_licensing.hpp
[0.586s] -- Up-to-date symlink: /home/rmsentry/DUST-RM-Sentry/install/global_interface/include/global_interface/global_interface/msg/detail/autoaim__rosidl_typesupport_fastrtps_cpp.hpp
[0.586s] -- Up-to-date symlink: /home/rmsentry/DUST-RM-Sentry/install/global_interface/include/global_interface/global_interface/msg/detail/car_pos__rosidl_typesupport_fastrtps_cpp.hpp
[0.586s] -- Up-to-date symlink: /home/rmsentry/DUST-RM-Sentry/install/global_interface/include/global_interface/global_interface/msg/detail/decision__rosidl_typesupport_fastrtps_cpp.hpp
[0.586s] -- Up-to-date symlink: /home/rmsentry/DUST-RM-Sentry/install/global_interface/include/global_interface/global_interface/msg/detail/detection__rosidl_typesupport_fastrtps_cpp.hpp
[0.586s] -- Up-to-date symlink: /home/rmsentry/DUST-RM-Sentry/install/global_interface/include/global_interface/global_interface/msg/detail/detection_array__rosidl_typesupport_fastrtps_cpp.hpp
[0.586s] -- Up-to-date symlink: /home/rmsentry/DUST-RM-Sentry/install/global_interface/include/global_interface/global_interface/msg/detail/game_info__rosidl_typesupport_fastrtps_cpp.hpp
[0.586s] -- Up-to-date symlink: /home/rmsentry/DUST-RM-Sentry/install/global_interface/include/global_interface/global_interface/msg/detail/mode_set__rosidl_typesupport_fastrtps_cpp.hpp
[0.586s] -- Up-to-date symlink: /home/rmsentry/DUST-RM-Sentry/install/global_interface/include/global_interface/global_interface/msg/detail/obj_hp__rosidl_typesupport_fastrtps_cpp.hpp
[0.586s] -- Up-to-date symlink: /home/rmsentry/DUST-RM-Sentry/install/global_interface/include/global_interface/global_interface/msg/detail/point2f__rosidl_typesupport_fastrtps_cpp.hpp
[0.586s] -- Up-to-date symlink: /home/rmsentry/DUST-RM-Sentry/install/global_interface/include/global_interface/global_interface/msg/detail/serial__rosidl_typesupport_fastrtps_cpp.hpp
[0.587s] -- Up-to-date symlink: /home/rmsentry/DUST-RM-Sentry/install/global_interface/include/global_interface/global_interface/msg/detail/strike_licensing__rosidl_typesupport_fastrtps_cpp.hpp
[0.587s] -- Up-to-date symlink: /home/rmsentry/DUST-RM-Sentry/install/global_interface/include/global_interface/global_interface/msg/rosidl_typesupport_fastrtps_cpp__visibility_control.h
[0.587s] -- Up-to-date symlink: /home/rmsentry/DUST-RM-Sentry/install/global_interface/include/global_interface/global_interface/msg/detail/autoaim__rosidl_typesupport_introspection_cpp.hpp
[0.587s] -- Up-to-date symlink: /home/rmsentry/DUST-RM-Sentry/install/global_interface/include/global_interface/global_interface/msg/detail/car_pos__rosidl_typesupport_introspection_cpp.hpp
[0.587s] -- Up-to-date symlink: /home/rmsentry/DUST-RM-Sentry/install/global_interface/include/global_interface/global_interface/msg/detail/decision__rosidl_typesupport_introspection_cpp.hpp
[0.587s] -- Up-to-date symlink: /home/rmsentry/DUST-RM-Sentry/install/global_interface/include/global_interface/global_interface/msg/detail/detection__rosidl_typesupport_introspection_cpp.hpp
[0.587s] -- Up-to-date symlink: /home/rmsentry/DUST-RM-Sentry/install/global_interface/include/global_interface/global_interface/msg/detail/detection_array__rosidl_typesupport_introspection_cpp.hpp
[0.587s] -- Up-to-date symlink: /home/rmsentry/DUST-RM-Sentry/install/global_interface/include/global_interface/global_interface/msg/detail/game_info__rosidl_typesupport_introspection_cpp.hpp
[0.587s] -- Up-to-date symlink: /home/rmsentry/DUST-RM-Sentry/install/global_interface/include/global_interface/global_interface/msg/detail/mode_set__rosidl_typesupport_introspection_cpp.hpp
[0.587s] -- Up-to-date symlink: /home/rmsentry/DUST-RM-Sentry/install/global_interface/include/global_interface/global_interface/msg/detail/obj_hp__rosidl_typesupport_introspection_cpp.hpp
[0.587s] -- Up-to-date symlink: /home/rmsentry/DUST-RM-Sentry/install/global_interface/include/global_interface/global_interface/msg/detail/point2f__rosidl_typesupport_introspection_cpp.hpp
[0.587s] -- Up-to-date symlink: /home/rmsentry/DUST-RM-Sentry/install/global_interface/include/global_interface/global_interface/msg/detail/serial__rosidl_typesupport_introspection_cpp.hpp
[0.587s] -- Up-to-date symlink: /home/rmsentry/DUST-RM-Sentry/install/global_interface/include/global_interface/global_interface/msg/detail/strike_licensing__rosidl_typesupport_introspection_cpp.hpp
[0.587s] -- Up-to-date symlink: /home/rmsentry/DUST-RM-Sentry/install/global_interface/share/global_interface/environment/pythonpath.sh
[0.587s] -- Up-to-date symlink: /home/rmsentry/DUST-RM-Sentry/install/global_interface/share/global_interface/environment/pythonpath.dsv
[0.587s] -- Up-to-date symlink: /home/rmsentry/DUST-RM-Sentry/install/global_interface/local/lib/python3.10/dist-packages/global_interface-0.0.0-py3.10.egg-info/PKG-INFO
[0.587s] -- Up-to-date symlink: /home/rmsentry/DUST-RM-Sentry/install/global_interface/local/lib/python3.10/dist-packages/global_interface-0.0.0-py3.10.egg-info/SOURCES.txt
[0.587s] -- Up-to-date symlink: /home/rmsentry/DUST-RM-Sentry/install/global_interface/local/lib/python3.10/dist-packages/global_interface-0.0.0-py3.10.egg-info/dependency_links.txt
[0.588s] -- Up-to-date symlink: /home/rmsentry/DUST-RM-Sentry/install/global_interface/local/lib/python3.10/dist-packages/global_interface-0.0.0-py3.10.egg-info/top_level.txt
[0.588s] -- Up-to-date symlink: /home/rmsentry/DUST-RM-Sentry/install/global_interface/local/lib/python3.10/dist-packages/global_interface/__init__.py
[0.588s] -- Up-to-date symlink: /home/rmsentry/DUST-RM-Sentry/install/global_interface/local/lib/python3.10/dist-packages/global_interface/_global_interface_s.ep.rosidl_typesupport_c.c
[0.588s] -- Up-to-date symlink: /home/rmsentry/DUST-RM-Sentry/install/global_interface/local/lib/python3.10/dist-packages/global_interface/_global_interface_s.ep.rosidl_typesupport_fastrtps_c.c
[0.588s] -- Up-to-date symlink: /home/rmsentry/DUST-RM-Sentry/install/global_interface/local/lib/python3.10/dist-packages/global_interface/_global_interface_s.ep.rosidl_typesupport_introspection_c.c
[0.588s] -- Up-to-date symlink: /home/rmsentry/DUST-RM-Sentry/install/global_interface/local/lib/python3.10/dist-packages/global_interface/global_interface_s__rosidl_typesupport_c.cpython-310-x86_64-linux-gnu.so
[0.588s] -- Up-to-date symlink: /home/rmsentry/DUST-RM-Sentry/install/global_interface/local/lib/python3.10/dist-packages/global_interface/global_interface_s__rosidl_typesupport_fastrtps_c.cpython-310-x86_64-linux-gnu.so
[0.588s] -- Up-to-date symlink: /home/rmsentry/DUST-RM-Sentry/install/global_interface/local/lib/python3.10/dist-packages/global_interface/global_interface_s__rosidl_typesupport_introspection_c.cpython-310-x86_64-linux-gnu.so
[0.588s] -- Up-to-date symlink: /home/rmsentry/DUST-RM-Sentry/install/global_interface/local/lib/python3.10/dist-packages/global_interface/libglobal_interface__rosidl_generator_py.so
[0.588s] -- Up-to-date symlink: /home/rmsentry/DUST-RM-Sentry/install/global_interface/local/lib/python3.10/dist-packages/global_interface/msg/__init__.py
[0.588s] -- Up-to-date symlink: /home/rmsentry/DUST-RM-Sentry/install/global_interface/local/lib/python3.10/dist-packages/global_interface/msg/_autoaim.py
[0.588s] -- Up-to-date symlink: /home/rmsentry/DUST-RM-Sentry/install/global_interface/local/lib/python3.10/dist-packages/global_interface/msg/_autoaim_s.c
[0.588s] -- Up-to-date symlink: /home/rmsentry/DUST-RM-Sentry/install/global_interface/local/lib/python3.10/dist-packages/global_interface/msg/_car_pos.py
[0.588s] -- Up-to-date symlink: /home/rmsentry/DUST-RM-Sentry/install/global_interface/local/lib/python3.10/dist-packages/global_interface/msg/_car_pos_s.c
[0.588s] -- Up-to-date symlink: /home/rmsentry/DUST-RM-Sentry/install/global_interface/local/lib/python3.10/dist-packages/global_interface/msg/_decision.py
[0.588s] -- Up-to-date symlink: /home/rmsentry/DUST-RM-Sentry/install/global_interface/local/lib/python3.10/dist-packages/global_interface/msg/_decision_s.c
[0.588s] -- Up-to-date symlink: /home/rmsentry/DUST-RM-Sentry/install/global_interface/local/lib/python3.10/dist-packages/global_interface/msg/_detection.py
[0.588s] -- Up-to-date symlink: /home/rmsentry/DUST-RM-Sentry/install/global_interface/local/lib/python3.10/dist-packages/global_interface/msg/_detection_array.py
[0.588s] -- Up-to-date symlink: /home/rmsentry/DUST-RM-Sentry/install/global_interface/local/lib/python3.10/dist-packages/global_interface/msg/_detection_array_s.c
[0.589s] -- Up-to-date symlink: /home/rmsentry/DUST-RM-Sentry/install/global_interface/local/lib/python3.10/dist-packages/global_interface/msg/_detection_s.c
[0.589s] -- Up-to-date symlink: /home/rmsentry/DUST-RM-Sentry/install/global_interface/local/lib/python3.10/dist-packages/global_interface/msg/_game_info.py
[0.589s] -- Up-to-date symlink: /home/rmsentry/DUST-RM-Sentry/install/global_interface/local/lib/python3.10/dist-packages/global_interface/msg/_game_info_s.c
[0.589s] -- Up-to-date symlink: /home/rmsentry/DUST-RM-Sentry/install/global_interface/local/lib/python3.10/dist-packages/global_interface/msg/_mode_set.py
[0.589s] -- Up-to-date symlink: /home/rmsentry/DUST-RM-Sentry/install/global_interface/local/lib/python3.10/dist-packages/global_interface/msg/_mode_set_s.c
[0.589s] -- Up-to-date symlink: /home/rmsentry/DUST-RM-Sentry/install/global_interface/local/lib/python3.10/dist-packages/global_interface/msg/_obj_hp.py
[0.589s] -- Up-to-date symlink: /home/rmsentry/DUST-RM-Sentry/install/global_interface/local/lib/python3.10/dist-packages/global_interface/msg/_obj_hp_s.c
[0.589s] -- Up-to-date symlink: /home/rmsentry/DUST-RM-Sentry/install/global_interface/local/lib/python3.10/dist-packages/global_interface/msg/_point2f.py
[0.589s] -- Up-to-date symlink: /home/rmsentry/DUST-RM-Sentry/install/global_interface/local/lib/python3.10/dist-packages/global_interface/msg/_point2f_s.c
[0.589s] -- Up-to-date symlink: /home/rmsentry/DUST-RM-Sentry/install/global_interface/local/lib/python3.10/dist-packages/global_interface/msg/_serial.py
[0.589s] -- Up-to-date symlink: /home/rmsentry/DUST-RM-Sentry/install/global_interface/local/lib/python3.10/dist-packages/global_interface/msg/_serial_s.c
[0.589s] -- Up-to-date symlink: /home/rmsentry/DUST-RM-Sentry/install/global_interface/local/lib/python3.10/dist-packages/global_interface/msg/_strike_licensing.py
[0.589s] -- Up-to-date symlink: /home/rmsentry/DUST-RM-Sentry/install/global_interface/local/lib/python3.10/dist-packages/global_interface/msg/_strike_licensing_s.c
[0.589s] -- Up-to-date symlink: /home/rmsentry/DUST-RM-Sentry/install/global_interface/local/lib/python3.10/dist-packages/global_interface/global_interface_s__rosidl_typesupport_fastrtps_c.cpython-310-x86_64-linux-gnu.so
[0.589s] -- Up-to-date symlink: /home/rmsentry/DUST-RM-Sentry/install/global_interface/local/lib/python3.10/dist-packages/global_interface/global_interface_s__rosidl_typesupport_introspection_c.cpython-310-x86_64-linux-gnu.so
[0.589s] -- Up-to-date symlink: /home/rmsentry/DUST-RM-Sentry/install/global_interface/local/lib/python3.10/dist-packages/global_interface/global_interface_s__rosidl_typesupport_c.cpython-310-x86_64-linux-gnu.so
[0.589s] -- Up-to-date symlink: /home/rmsentry/DUST-RM-Sentry/install/global_interface/share/global_interface/msg/ObjHP.idl
[0.589s] -- Up-to-date symlink: /home/rmsentry/DUST-RM-Sentry/install/global_interface/share/global_interface/msg/CarPos.idl
[0.589s] -- Up-to-date symlink: /home/rmsentry/DUST-RM-Sentry/install/global_interface/share/global_interface/msg/GameInfo.idl
[0.590s] -- Up-to-date symlink: /home/rmsentry/DUST-RM-Sentry/install/global_interface/share/global_interface/msg/Point2f.idl
[0.590s] -- Up-to-date symlink: /home/rmsentry/DUST-RM-Sentry/install/global_interface/share/global_interface/msg/Serial.idl
[0.590s] -- Up-to-date symlink: /home/rmsentry/DUST-RM-Sentry/install/global_interface/share/global_interface/msg/Detection.idl
[0.590s] -- Up-to-date symlink: /home/rmsentry/DUST-RM-Sentry/install/global_interface/share/global_interface/msg/DetectionArray.idl
[0.590s] -- Up-to-date symlink: /home/rmsentry/DUST-RM-Sentry/install/global_interface/share/global_interface/msg/Decision.idl
[0.590s] -- Up-to-date symlink: /home/rmsentry/DUST-RM-Sentry/install/global_interface/share/global_interface/msg/Autoaim.idl
[0.590s] -- Up-to-date symlink: /home/rmsentry/DUST-RM-Sentry/install/global_interface/share/global_interface/msg/ModeSet.idl
[0.590s] -- Up-to-date symlink: /home/rmsentry/DUST-RM-Sentry/install/global_interface/share/global_interface/msg/StrikeLicensing.idl
[0.590s] -- Up-to-date symlink: /home/rmsentry/DUST-RM-Sentry/install/global_interface/share/global_interface/msg/ObjHP.msg
[0.590s] -- Up-to-date symlink: /home/rmsentry/DUST-RM-Sentry/install/global_interface/share/global_interface/msg/CarPos.msg
[0.590s] -- Up-to-date symlink: /home/rmsentry/DUST-RM-Sentry/install/global_interface/share/global_interface/msg/GameInfo.msg
[0.590s] -- Up-to-date symlink: /home/rmsentry/DUST-RM-Sentry/install/global_interface/share/global_interface/msg/Point2f.msg
[0.590s] -- Up-to-date symlink: /home/rmsentry/DUST-RM-Sentry/install/global_interface/share/global_interface/msg/Serial.msg
[0.590s] -- Up-to-date symlink: /home/rmsentry/DUST-RM-Sentry/install/global_interface/share/global_interface/msg/Detection.msg
[0.590s] -- Up-to-date symlink: /home/rmsentry/DUST-RM-Sentry/install/global_interface/share/global_interface/msg/DetectionArray.msg
[0.590s] -- Up-to-date symlink: /home/rmsentry/DUST-RM-Sentry/install/global_interface/share/global_interface/msg/Decision.msg
[0.590s] -- Up-to-date symlink: /home/rmsentry/DUST-RM-Sentry/install/global_interface/share/global_interface/msg/Autoaim.msg
[0.590s] -- Up-to-date symlink: /home/rmsentry/DUST-RM-Sentry/install/global_interface/share/global_interface/msg/ModeSet.msg
[0.590s] -- Up-to-date symlink: /home/rmsentry/DUST-RM-Sentry/install/global_interface/share/global_interface/msg/StrikeLicensing.msg
[0.591s] -- Up-to-date symlink: /home/rmsentry/DUST-RM-Sentry/install/global_interface/share/ament_index/resource_index/package_run_dependencies/global_interface
[0.591s] -- Up-to-date symlink: /home/rmsentry/DUST-RM-Sentry/install/global_interface/share/ament_index/resource_index/parent_prefix_path/global_interface
[0.591s] -- Up-to-date symlink: /home/rmsentry/DUST-RM-Sentry/install/global_interface/share/global_interface/environment/ament_prefix_path.sh
[0.591s] -- Up-to-date symlink: /home/rmsentry/DUST-RM-Sentry/install/global_interface/share/global_interface/environment/ament_prefix_path.dsv
[0.591s] -- Up-to-date symlink: /home/rmsentry/DUST-RM-Sentry/install/global_interface/share/global_interface/environment/path.sh
[0.591s] -- Up-to-date symlink: /home/rmsentry/DUST-RM-Sentry/install/global_interface/share/global_interface/environment/path.dsv
[0.591s] -- Up-to-date symlink: /home/rmsentry/DUST-RM-Sentry/install/global_interface/share/global_interface/local_setup.bash
[0.591s] -- Up-to-date symlink: /home/rmsentry/DUST-RM-Sentry/install/global_interface/share/global_interface/local_setup.sh
[0.591s] -- Up-to-date symlink: /home/rmsentry/DUST-RM-Sentry/install/global_interface/share/global_interface/local_setup.zsh
[0.591s] -- Up-to-date symlink: /home/rmsentry/DUST-RM-Sentry/install/global_interface/share/global_interface/local_setup.dsv
[0.591s] -- Symlinking: /home/rmsentry/DUST-RM-Sentry/install/global_interface/share/global_interface/package.dsv
[0.591s] -- Up-to-date symlink: /home/rmsentry/DUST-RM-Sentry/install/global_interface/share/ament_index/resource_index/packages/global_interface
[0.591s] -- Up-to-date symlink: /home/rmsentry/DUST-RM-Sentry/install/global_interface/share/global_interface/cmake/rosidl_cmake-extras.cmake
[0.591s] -- Up-to-date symlink: /home/rmsentry/DUST-RM-Sentry/install/global_interface/share/global_interface/cmake/ament_cmake_export_dependencies-extras.cmake
[0.591s] -- Up-to-date symlink: /home/rmsentry/DUST-RM-Sentry/install/global_interface/share/global_interface/cmake/ament_cmake_export_include_directories-extras.cmake
[0.591s] -- Up-to-date symlink: /home/rmsentry/DUST-RM-Sentry/install/global_interface/share/global_interface/cmake/ament_cmake_export_libraries-extras.cmake
[0.591s] -- Up-to-date symlink: /home/rmsentry/DUST-RM-Sentry/install/global_interface/share/global_interface/cmake/ament_cmake_export_targets-extras.cmake
[0.591s] -- Up-to-date symlink: /home/rmsentry/DUST-RM-Sentry/install/global_interface/share/global_interface/cmake/rosidl_cmake_export_typesupport_targets-extras.cmake
[0.591s] -- Up-to-date symlink: /home/rmsentry/DUST-RM-Sentry/install/global_interface/share/global_interface/cmake/rosidl_cmake_export_typesupport_libraries-extras.cmake
[0.592s] -- Up-to-date symlink: /home/rmsentry/DUST-RM-Sentry/install/global_interface/share/global_interface/cmake/global_interfaceConfig.cmake
[0.592s] -- Up-to-date symlink: /home/rmsentry/DUST-RM-Sentry/install/global_interface/share/global_interface/cmake/global_interfaceConfig-version.cmake
[0.592s] -- Up-to-date symlink: /home/rmsentry/DUST-RM-Sentry/install/global_interface/share/global_interface/package.xml
[0.592s] -- Up-to-date: /home/rmsentry/DUST-RM-Sentry/install/global_interface/lib/libglobal_interface__rosidl_generator_c.so
[0.592s] -- Up-to-date: /home/rmsentry/DUST-RM-Sentry/install/global_interface/lib/libglobal_interface__rosidl_typesupport_fastrtps_c.so
[0.592s] -- Up-to-date: /home/rmsentry/DUST-RM-Sentry/install/global_interface/lib/libglobal_interface__rosidl_typesupport_introspection_c.so
[0.592s] -- Up-to-date: /home/rmsentry/DUST-RM-Sentry/install/global_interface/lib/libglobal_interface__rosidl_typesupport_c.so
[0.592s] -- Up-to-date: /home/rmsentry/DUST-RM-Sentry/install/global_interface/lib/libglobal_interface__rosidl_typesupport_fastrtps_cpp.so
[0.592s] -- Up-to-date: /home/rmsentry/DUST-RM-Sentry/install/global_interface/lib/libglobal_interface__rosidl_typesupport_introspection_cpp.so
[0.592s] -- Up-to-date: /home/rmsentry/DUST-RM-Sentry/install/global_interface/lib/libglobal_interface__rosidl_typesupport_cpp.so
[0.614s] Listing '/home/rmsentry/DUST-RM-Sentry/install/global_interface/local/lib/python3.10/dist-packages/global_interface'...
[0.614s] Listing '/home/rmsentry/DUST-RM-Sentry/install/global_interface/local/lib/python3.10/dist-packages/global_interface/msg'...
[0.617s] -- Up-to-date: /home/rmsentry/DUST-RM-Sentry/install/global_interface/lib/libglobal_interface__rosidl_generator_py.so
[0.617s] -- Up-to-date: /home/rmsentry/DUST-RM-Sentry/install/global_interface/share/global_interface/cmake/export_global_interface__rosidl_generator_cExport.cmake
[0.618s] -- Up-to-date: /home/rmsentry/DUST-RM-Sentry/install/global_interface/share/global_interface/cmake/export_global_interface__rosidl_generator_cExport-noconfig.cmake
[0.618s] -- Up-to-date: /home/rmsentry/DUST-RM-Sentry/install/global_interface/share/global_interface/cmake/export_global_interface__rosidl_typesupport_fastrtps_cExport.cmake
[0.618s] -- Up-to-date: /home/rmsentry/DUST-RM-Sentry/install/global_interface/share/global_interface/cmake/export_global_interface__rosidl_typesupport_fastrtps_cExport-noconfig.cmake
[0.618s] -- Up-to-date: /home/rmsentry/DUST-RM-Sentry/install/global_interface/share/global_interface/cmake/global_interface__rosidl_typesupport_introspection_cExport.cmake
[0.618s] -- Up-to-date: /home/rmsentry/DUST-RM-Sentry/install/global_interface/share/global_interface/cmake/global_interface__rosidl_typesupport_introspection_cExport-noconfig.cmake
[0.618s] -- Up-to-date: /home/rmsentry/DUST-RM-Sentry/install/global_interface/share/global_interface/cmake/global_interface__rosidl_typesupport_cExport.cmake
[0.618s] -- Up-to-date: /home/rmsentry/DUST-RM-Sentry/install/global_interface/share/global_interface/cmake/global_interface__rosidl_typesupport_cExport-noconfig.cmake
[0.618s] -- Up-to-date: /home/rmsentry/DUST-RM-Sentry/install/global_interface/share/global_interface/cmake/export_global_interface__rosidl_generator_cppExport.cmake
[0.618s] -- Up-to-date: /home/rmsentry/DUST-RM-Sentry/install/global_interface/share/global_interface/cmake/export_global_interface__rosidl_typesupport_fastrtps_cppExport.cmake
[0.618s] -- Up-to-date: /home/rmsentry/DUST-RM-Sentry/install/global_interface/share/global_interface/cmake/export_global_interface__rosidl_typesupport_fastrtps_cppExport-noconfig.cmake
[0.618s] -- Up-to-date: /home/rmsentry/DUST-RM-Sentry/install/global_interface/share/global_interface/cmake/global_interface__rosidl_typesupport_introspection_cppExport.cmake
[0.618s] -- Up-to-date: /home/rmsentry/DUST-RM-Sentry/install/global_interface/share/global_interface/cmake/global_interface__rosidl_typesupport_introspection_cppExport-noconfig.cmake
[0.618s] -- Up-to-date: /home/rmsentry/DUST-RM-Sentry/install/global_interface/share/global_interface/cmake/global_interface__rosidl_typesupport_cppExport.cmake
[0.618s] -- Up-to-date: /home/rmsentry/DUST-RM-Sentry/install/global_interface/share/global_interface/cmake/global_interface__rosidl_typesupport_cppExport-noconfig.cmake
[0.618s] -- Up-to-date: /home/rmsentry/DUST-RM-Sentry/install/global_interface/share/global_interface/cmake/export_global_interface__rosidl_generator_pyExport.cmake
[0.618s] -- Up-to-date: /home/rmsentry/DUST-RM-Sentry/install/global_interface/share/global_interface/cmake/export_global_interface__rosidl_generator_pyExport-noconfig.cmake
[0.682s] Invoked command in '/home/rmsentry/DUST-RM-Sentry/build/global_interface' returned '0': CMAKE_PREFIX_PATH=${CMAKE_PREFIX_PATH}:/home/rmsentry/DUST-RM-Sentry/install/rm_decision:/home/rmsentry/DUST-RM-Sentry/install/fake_msg_publisher:/opt/ros/humble /usr/local/bin/cmake --install /home/rmsentry/DUST-RM-Sentry/build/global_interface
