[0.075s] Invoking command in '/home/rmsentry/DUST-RM-Sentry/build/rm_robot_description': CMAKE_PREFIX_PATH=${CMAKE_PREFIX_PATH}:/home/rmsentry/DUST-RM-Sentry/install/rm_decision:/home/rmsentry/DUST-RM-Sentry/install/fake_msg_publisher:/opt/ros/humble /usr/local/bin/cmake --build /home/rmsentry/DUST-RM-Sentry/build/rm_robot_description -- -j12 -l12
[0.103s] -- Found ament_cmake: 1.3.12 (/opt/ros/humble/share/ament_cmake/cmake)
[0.329s] -- Override CMake install command with custom implementation using symlinks instead of copying resources
[0.337s] -- Found ament_lint_auto: 0.12.14 (/opt/ros/humble/share/ament_lint_auto/cmake)
[0.423s] -- Added test 'lint_cmake' to check CMake code style
[0.423s] -- Added test 'xmllint' to check XML markup files
[0.424s] -- Configuring done (0.3s)
[0.430s] -- Generating done (0.0s)
[0.430s] -- Build files have been written to: /home/rmsentry/DUST-RM-Sentry/build/rm_robot_description
[0.466s] Invoked command in '/home/rmsentry/DUST-RM-Sentry/build/rm_robot_description' returned '0': CMAKE_PREFIX_PATH=${CMAKE_PREFIX_PATH}:/home/rmsentry/DUST-RM-Sentry/install/rm_decision:/home/rmsentry/DUST-RM-Sentry/install/fake_msg_publisher:/opt/ros/humble /usr/local/bin/cmake --build /home/rmsentry/DUST-RM-Sentry/build/rm_robot_description -- -j12 -l12
[0.470s] Invoking command in '/home/rmsentry/DUST-RM-Sentry/build/rm_robot_description': CMAKE_PREFIX_PATH=${CMAKE_PREFIX_PATH}:/home/rmsentry/DUST-RM-Sentry/install/rm_decision:/home/rmsentry/DUST-RM-Sentry/install/fake_msg_publisher:/opt/ros/humble /usr/local/bin/cmake --install /home/rmsentry/DUST-RM-Sentry/build/rm_robot_description
[0.478s] -- Install configuration: ""
[0.478s] -- Execute custom install script
[0.478s] -- Up-to-date symlink: /home/rmsentry/DUST-RM-Sentry/install/rm_robot_description/share/rm_robot_description/urdf/sentry.urdf.xacro
[0.478s] -- Up-to-date symlink: /home/rmsentry/DUST-RM-Sentry/install/rm_robot_description/share/ament_index/resource_index/package_run_dependencies/rm_robot_description
[0.478s] -- Up-to-date symlink: /home/rmsentry/DUST-RM-Sentry/install/rm_robot_description/share/ament_index/resource_index/parent_prefix_path/rm_robot_description
[0.478s] -- Up-to-date symlink: /home/rmsentry/DUST-RM-Sentry/install/rm_robot_description/share/rm_robot_description/environment/ament_prefix_path.sh
[0.478s] -- Up-to-date symlink: /home/rmsentry/DUST-RM-Sentry/install/rm_robot_description/share/rm_robot_description/environment/ament_prefix_path.dsv
[0.478s] -- Up-to-date symlink: /home/rmsentry/DUST-RM-Sentry/install/rm_robot_description/share/rm_robot_description/environment/path.sh
[0.478s] -- Up-to-date symlink: /home/rmsentry/DUST-RM-Sentry/install/rm_robot_description/share/rm_robot_description/environment/path.dsv
[0.479s] -- Up-to-date symlink: /home/rmsentry/DUST-RM-Sentry/install/rm_robot_description/share/rm_robot_description/local_setup.bash
[0.479s] -- Up-to-date symlink: /home/rmsentry/DUST-RM-Sentry/install/rm_robot_description/share/rm_robot_description/local_setup.sh
[0.479s] -- Up-to-date symlink: /home/rmsentry/DUST-RM-Sentry/install/rm_robot_description/share/rm_robot_description/local_setup.zsh
[0.479s] -- Up-to-date symlink: /home/rmsentry/DUST-RM-Sentry/install/rm_robot_description/share/rm_robot_description/local_setup.dsv
[0.479s] -- Symlinking: /home/rmsentry/DUST-RM-Sentry/install/rm_robot_description/share/rm_robot_description/package.dsv
[0.479s] -- Up-to-date symlink: /home/rmsentry/DUST-RM-Sentry/install/rm_robot_description/share/ament_index/resource_index/packages/rm_robot_description
[0.479s] -- Up-to-date symlink: /home/rmsentry/DUST-RM-Sentry/install/rm_robot_description/share/rm_robot_description/cmake/rm_robot_descriptionConfig.cmake
[0.479s] -- Up-to-date symlink: /home/rmsentry/DUST-RM-Sentry/install/rm_robot_description/share/rm_robot_description/cmake/rm_robot_descriptionConfig-version.cmake
[0.480s] -- Up-to-date symlink: /home/rmsentry/DUST-RM-Sentry/install/rm_robot_description/share/rm_robot_description/package.xml
[0.739s] Invoked command in '/home/rmsentry/DUST-RM-Sentry/build/rm_robot_description' returned '0': CMAKE_PREFIX_PATH=${CMAKE_PREFIX_PATH}:/home/rmsentry/DUST-RM-Sentry/install/rm_decision:/home/rmsentry/DUST-RM-Sentry/install/fake_msg_publisher:/opt/ros/humble /usr/local/bin/cmake --install /home/rmsentry/DUST-RM-Sentry/build/rm_robot_description
