[0.049s] Invoking command in '/home/rmsentry/DUST-RM-Sentry/build/costmap_converter_msgs': CMAKE_PREFIX_PATH=${CMAKE_PREFIX_PATH}:/home/rmsentry/DUST-RM-Sentry/install/rm_decision:/home/rmsentry/DUST-RM-Sentry/install/fake_msg_publisher:/opt/ros/humble /usr/local/bin/cmake --build /home/rmsentry/DUST-RM-Sentry/build/costmap_converter_msgs -- -j12 -l12
[0.115s] [  2%] Built target costmap_converter_msgs__cpp
[0.118s] [ 12%] Built target costmap_converter_msgs__rosidl_generator_c
[0.130s] [ 12%] Built target ament_cmake_python_symlink_costmap_converter_msgs
[0.165s] [ 23%] Built target costmap_converter_msgs__rosidl_typesupport_cpp
[0.239s] [ 33%] Built target costmap_converter_msgs__rosidl_typesupport_fastrtps_cpp
[0.270s] [ 43%] Built target costmap_converter_msgs__rosidl_typesupport_introspection_cpp
[0.270s] [ 53%] Built target costmap_converter_msgs__rosidl_typesupport_introspection_c
[0.270s] [ 64%] Built target costmap_converter_msgs__rosidl_typesupport_c
[0.299s] [ 74%] Built target costmap_converter_msgs__rosidl_typesupport_fastrtps_c
[0.361s] [ 74%] Built target costmap_converter_msgs
[0.430s] [ 76%] Built target costmap_converter_msgs__py
[0.480s] [ 84%] Built target costmap_converter_msgs__rosidl_generator_py
[0.535s] [ 89%] Built target costmap_converter_msgs__rosidl_typesupport_fastrtps_c__pyext
[0.546s] [ 94%] Built target costmap_converter_msgs__rosidl_typesupport_introspection_c__pyext
[0.546s] [100%] Built target costmap_converter_msgs__rosidl_typesupport_c__pyext
[0.655s] running egg_info
[0.656s] writing costmap_converter_msgs.egg-info/PKG-INFO
[0.657s] writing dependency_links to costmap_converter_msgs.egg-info/dependency_links.txt
[0.657s] writing top-level names to costmap_converter_msgs.egg-info/top_level.txt
[0.660s] reading manifest file 'costmap_converter_msgs.egg-info/SOURCES.txt'
[0.660s] writing manifest file 'costmap_converter_msgs.egg-info/SOURCES.txt'
[0.708s] [100%] Built target ament_cmake_python_build_costmap_converter_msgs_egg
[0.773s] Invoked command in '/home/rmsentry/DUST-RM-Sentry/build/costmap_converter_msgs' returned '0': CMAKE_PREFIX_PATH=${CMAKE_PREFIX_PATH}:/home/rmsentry/DUST-RM-Sentry/install/rm_decision:/home/rmsentry/DUST-RM-Sentry/install/fake_msg_publisher:/opt/ros/humble /usr/local/bin/cmake --build /home/rmsentry/DUST-RM-Sentry/build/costmap_converter_msgs -- -j12 -l12
[0.777s] Invoking command in '/home/rmsentry/DUST-RM-Sentry/build/costmap_converter_msgs': CMAKE_PREFIX_PATH=${CMAKE_PREFIX_PATH}:/home/rmsentry/DUST-RM-Sentry/install/rm_decision:/home/rmsentry/DUST-RM-Sentry/install/fake_msg_publisher:/opt/ros/humble /usr/local/bin/cmake --install /home/rmsentry/DUST-RM-Sentry/build/costmap_converter_msgs
[0.835s] -- Install configuration: ""
[0.835s] -- Execute custom install script
[0.835s] -- Up-to-date symlink: /home/rmsentry/DUST-RM-Sentry/install/costmap_converter_msgs/share/ament_index/resource_index/rosidl_interfaces/costmap_converter_msgs
[0.836s] -- Up-to-date symlink: /home/rmsentry/DUST-RM-Sentry/install/costmap_converter_msgs/include/costmap_converter_msgs/costmap_converter_msgs/msg/detail/obstacle_array_msg__functions.h
[0.836s] -- Up-to-date symlink: /home/rmsentry/DUST-RM-Sentry/install/costmap_converter_msgs/include/costmap_converter_msgs/costmap_converter_msgs/msg/detail/obstacle_array_msg__struct.h
[0.836s] -- Up-to-date symlink: /home/rmsentry/DUST-RM-Sentry/install/costmap_converter_msgs/include/costmap_converter_msgs/costmap_converter_msgs/msg/detail/obstacle_array_msg__type_support.h
[0.836s] -- Up-to-date symlink: /home/rmsentry/DUST-RM-Sentry/install/costmap_converter_msgs/include/costmap_converter_msgs/costmap_converter_msgs/msg/detail/obstacle_msg__functions.h
[0.836s] -- Up-to-date symlink: /home/rmsentry/DUST-RM-Sentry/install/costmap_converter_msgs/include/costmap_converter_msgs/costmap_converter_msgs/msg/detail/obstacle_msg__struct.h
[0.836s] -- Up-to-date symlink: /home/rmsentry/DUST-RM-Sentry/install/costmap_converter_msgs/include/costmap_converter_msgs/costmap_converter_msgs/msg/detail/obstacle_msg__type_support.h
[0.836s] -- Up-to-date symlink: /home/rmsentry/DUST-RM-Sentry/install/costmap_converter_msgs/include/costmap_converter_msgs/costmap_converter_msgs/msg/obstacle_array_msg.h
[0.836s] -- Up-to-date symlink: /home/rmsentry/DUST-RM-Sentry/install/costmap_converter_msgs/include/costmap_converter_msgs/costmap_converter_msgs/msg/obstacle_msg.h
[0.836s] -- Up-to-date symlink: /home/rmsentry/DUST-RM-Sentry/install/costmap_converter_msgs/include/costmap_converter_msgs/costmap_converter_msgs/msg/rosidl_generator_c__visibility_control.h
[0.836s] -- Up-to-date symlink: /home/rmsentry/DUST-RM-Sentry/install/costmap_converter_msgs/share/costmap_converter_msgs/environment/library_path.sh
[0.836s] -- Up-to-date symlink: /home/rmsentry/DUST-RM-Sentry/install/costmap_converter_msgs/share/costmap_converter_msgs/environment/library_path.dsv
[0.836s] -- Up-to-date symlink: /home/rmsentry/DUST-RM-Sentry/install/costmap_converter_msgs/include/costmap_converter_msgs/costmap_converter_msgs/msg/detail/obstacle_array_msg__rosidl_typesupport_fastrtps_c.h
[0.836s] -- Up-to-date symlink: /home/rmsentry/DUST-RM-Sentry/install/costmap_converter_msgs/include/costmap_converter_msgs/costmap_converter_msgs/msg/detail/obstacle_msg__rosidl_typesupport_fastrtps_c.h
[0.836s] -- Up-to-date symlink: /home/rmsentry/DUST-RM-Sentry/install/costmap_converter_msgs/include/costmap_converter_msgs/costmap_converter_msgs/msg/rosidl_typesupport_fastrtps_c__visibility_control.h
[0.836s] -- Up-to-date symlink: /home/rmsentry/DUST-RM-Sentry/install/costmap_converter_msgs/include/costmap_converter_msgs/costmap_converter_msgs/msg/detail/obstacle_array_msg__builder.hpp
[0.836s] -- Up-to-date symlink: /home/rmsentry/DUST-RM-Sentry/install/costmap_converter_msgs/include/costmap_converter_msgs/costmap_converter_msgs/msg/detail/obstacle_array_msg__struct.hpp
[0.838s] -- Up-to-date symlink: /home/rmsentry/DUST-RM-Sentry/install/costmap_converter_msgs/include/costmap_converter_msgs/costmap_converter_msgs/msg/detail/obstacle_array_msg__traits.hpp
[0.843s] -- Up-to-date symlink: /home/rmsentry/DUST-RM-Sentry/install/costmap_converter_msgs/include/costmap_converter_msgs/costmap_converter_msgs/msg/detail/obstacle_array_msg__type_support.hpp
[0.844s] -- Up-to-date symlink: /home/rmsentry/DUST-RM-Sentry/install/costmap_converter_msgs/include/costmap_converter_msgs/costmap_converter_msgs/msg/detail/obstacle_msg__builder.hpp
[0.844s] -- Up-to-date symlink: /home/rmsentry/DUST-RM-Sentry/install/costmap_converter_msgs/include/costmap_converter_msgs/costmap_converter_msgs/msg/detail/obstacle_msg__struct.hpp
[0.851s] -- Up-to-date symlink: /home/rmsentry/DUST-RM-Sentry/install/costmap_converter_msgs/include/costmap_converter_msgs/costmap_converter_msgs/msg/detail/obstacle_msg__traits.hpp
[0.851s] -- Up-to-date symlink: /home/rmsentry/DUST-RM-Sentry/install/costmap_converter_msgs/include/costmap_converter_msgs/costmap_converter_msgs/msg/detail/obstacle_msg__type_support.hpp
[0.852s] -- Up-to-date symlink: /home/rmsentry/DUST-RM-Sentry/install/costmap_converter_msgs/include/costmap_converter_msgs/costmap_converter_msgs/msg/obstacle_array_msg.hpp
[0.852s] -- Up-to-date symlink: /home/rmsentry/DUST-RM-Sentry/install/costmap_converter_msgs/include/costmap_converter_msgs/costmap_converter_msgs/msg/obstacle_msg.hpp
[0.852s] -- Up-to-date symlink: /home/rmsentry/DUST-RM-Sentry/install/costmap_converter_msgs/include/costmap_converter_msgs/costmap_converter_msgs/msg/rosidl_generator_cpp__visibility_control.hpp
[0.852s] -- Up-to-date symlink: /home/rmsentry/DUST-RM-Sentry/install/costmap_converter_msgs/include/costmap_converter_msgs/costmap_converter_msgs/msg/detail/obstacle_array_msg__rosidl_typesupport_fastrtps_cpp.hpp
[0.852s] -- Up-to-date symlink: /home/rmsentry/DUST-RM-Sentry/install/costmap_converter_msgs/include/costmap_converter_msgs/costmap_converter_msgs/msg/detail/obstacle_msg__rosidl_typesupport_fastrtps_cpp.hpp
[0.852s] -- Up-to-date symlink: /home/rmsentry/DUST-RM-Sentry/install/costmap_converter_msgs/include/costmap_converter_msgs/costmap_converter_msgs/msg/rosidl_typesupport_fastrtps_cpp__visibility_control.h
[0.852s] -- Up-to-date symlink: /home/rmsentry/DUST-RM-Sentry/install/costmap_converter_msgs/include/costmap_converter_msgs/costmap_converter_msgs/msg/detail/obstacle_array_msg__rosidl_typesupport_introspection_c.h
[0.852s] -- Up-to-date symlink: /home/rmsentry/DUST-RM-Sentry/install/costmap_converter_msgs/include/costmap_converter_msgs/costmap_converter_msgs/msg/detail/obstacle_msg__rosidl_typesupport_introspection_c.h
[0.852s] -- Up-to-date symlink: /home/rmsentry/DUST-RM-Sentry/install/costmap_converter_msgs/include/costmap_converter_msgs/costmap_converter_msgs/msg/rosidl_typesupport_introspection_c__visibility_control.h
[0.852s] -- Up-to-date symlink: /home/rmsentry/DUST-RM-Sentry/install/costmap_converter_msgs/include/costmap_converter_msgs/costmap_converter_msgs/msg/detail/obstacle_array_msg__rosidl_typesupport_introspection_cpp.hpp
[0.852s] -- Up-to-date symlink: /home/rmsentry/DUST-RM-Sentry/install/costmap_converter_msgs/include/costmap_converter_msgs/costmap_converter_msgs/msg/detail/obstacle_msg__rosidl_typesupport_introspection_cpp.hpp
[0.853s] -- Up-to-date symlink: /home/rmsentry/DUST-RM-Sentry/install/costmap_converter_msgs/share/costmap_converter_msgs/environment/pythonpath.sh
[0.853s] -- Up-to-date symlink: /home/rmsentry/DUST-RM-Sentry/install/costmap_converter_msgs/share/costmap_converter_msgs/environment/pythonpath.dsv
[0.853s] -- Up-to-date symlink: /home/rmsentry/DUST-RM-Sentry/install/costmap_converter_msgs/local/lib/python3.10/dist-packages/costmap_converter_msgs-0.1.2-py3.10.egg-info/PKG-INFO
[0.853s] -- Up-to-date symlink: /home/rmsentry/DUST-RM-Sentry/install/costmap_converter_msgs/local/lib/python3.10/dist-packages/costmap_converter_msgs-0.1.2-py3.10.egg-info/SOURCES.txt
[0.853s] -- Up-to-date symlink: /home/rmsentry/DUST-RM-Sentry/install/costmap_converter_msgs/local/lib/python3.10/dist-packages/costmap_converter_msgs-0.1.2-py3.10.egg-info/dependency_links.txt
[0.853s] -- Up-to-date symlink: /home/rmsentry/DUST-RM-Sentry/install/costmap_converter_msgs/local/lib/python3.10/dist-packages/costmap_converter_msgs-0.1.2-py3.10.egg-info/top_level.txt
[0.853s] -- Up-to-date symlink: /home/rmsentry/DUST-RM-Sentry/install/costmap_converter_msgs/local/lib/python3.10/dist-packages/costmap_converter_msgs/__init__.py
[0.853s] -- Up-to-date symlink: /home/rmsentry/DUST-RM-Sentry/install/costmap_converter_msgs/local/lib/python3.10/dist-packages/costmap_converter_msgs/_costmap_converter_msgs_s.ep.rosidl_typesupport_c.c
[0.853s] -- Up-to-date symlink: /home/rmsentry/DUST-RM-Sentry/install/costmap_converter_msgs/local/lib/python3.10/dist-packages/costmap_converter_msgs/_costmap_converter_msgs_s.ep.rosidl_typesupport_fastrtps_c.c
[0.853s] -- Up-to-date symlink: /home/rmsentry/DUST-RM-Sentry/install/costmap_converter_msgs/local/lib/python3.10/dist-packages/costmap_converter_msgs/_costmap_converter_msgs_s.ep.rosidl_typesupport_introspection_c.c
[0.853s] -- Up-to-date symlink: /home/rmsentry/DUST-RM-Sentry/install/costmap_converter_msgs/local/lib/python3.10/dist-packages/costmap_converter_msgs/costmap_converter_msgs_s__rosidl_typesupport_c.cpython-310-x86_64-linux-gnu.so
[0.853s] -- Up-to-date symlink: /home/rmsentry/DUST-RM-Sentry/install/costmap_converter_msgs/local/lib/python3.10/dist-packages/costmap_converter_msgs/costmap_converter_msgs_s__rosidl_typesupport_fastrtps_c.cpython-310-x86_64-linux-gnu.so
[0.853s] -- Up-to-date symlink: /home/rmsentry/DUST-RM-Sentry/install/costmap_converter_msgs/local/lib/python3.10/dist-packages/costmap_converter_msgs/costmap_converter_msgs_s__rosidl_typesupport_introspection_c.cpython-310-x86_64-linux-gnu.so
[0.853s] -- Up-to-date symlink: /home/rmsentry/DUST-RM-Sentry/install/costmap_converter_msgs/local/lib/python3.10/dist-packages/costmap_converter_msgs/libcostmap_converter_msgs__rosidl_generator_py.so
[0.854s] -- Up-to-date symlink: /home/rmsentry/DUST-RM-Sentry/install/costmap_converter_msgs/local/lib/python3.10/dist-packages/costmap_converter_msgs/msg/__init__.py
[0.854s] -- Up-to-date symlink: /home/rmsentry/DUST-RM-Sentry/install/costmap_converter_msgs/local/lib/python3.10/dist-packages/costmap_converter_msgs/msg/_obstacle_array_msg.py
[0.854s] -- Up-to-date symlink: /home/rmsentry/DUST-RM-Sentry/install/costmap_converter_msgs/local/lib/python3.10/dist-packages/costmap_converter_msgs/msg/_obstacle_array_msg_s.c
[0.854s] -- Up-to-date symlink: /home/rmsentry/DUST-RM-Sentry/install/costmap_converter_msgs/local/lib/python3.10/dist-packages/costmap_converter_msgs/msg/_obstacle_msg.py
[0.854s] -- Up-to-date symlink: /home/rmsentry/DUST-RM-Sentry/install/costmap_converter_msgs/local/lib/python3.10/dist-packages/costmap_converter_msgs/msg/_obstacle_msg_s.c
[0.854s] -- Up-to-date symlink: /home/rmsentry/DUST-RM-Sentry/install/costmap_converter_msgs/local/lib/python3.10/dist-packages/costmap_converter_msgs/costmap_converter_msgs_s__rosidl_typesupport_fastrtps_c.cpython-310-x86_64-linux-gnu.so
[0.854s] -- Up-to-date symlink: /home/rmsentry/DUST-RM-Sentry/install/costmap_converter_msgs/local/lib/python3.10/dist-packages/costmap_converter_msgs/costmap_converter_msgs_s__rosidl_typesupport_introspection_c.cpython-310-x86_64-linux-gnu.so
[0.854s] -- Up-to-date symlink: /home/rmsentry/DUST-RM-Sentry/install/costmap_converter_msgs/local/lib/python3.10/dist-packages/costmap_converter_msgs/costmap_converter_msgs_s__rosidl_typesupport_c.cpython-310-x86_64-linux-gnu.so
[0.854s] -- Up-to-date symlink: /home/rmsentry/DUST-RM-Sentry/install/costmap_converter_msgs/share/costmap_converter_msgs/msg/ObstacleMsg.idl
[0.854s] -- Up-to-date symlink: /home/rmsentry/DUST-RM-Sentry/install/costmap_converter_msgs/share/costmap_converter_msgs/msg/ObstacleArrayMsg.idl
[0.854s] -- Up-to-date symlink: /home/rmsentry/DUST-RM-Sentry/install/costmap_converter_msgs/share/costmap_converter_msgs/msg/ObstacleMsg.msg
[0.855s] -- Up-to-date symlink: /home/rmsentry/DUST-RM-Sentry/install/costmap_converter_msgs/share/costmap_converter_msgs/msg/ObstacleArrayMsg.msg
[0.855s] -- Up-to-date symlink: /home/rmsentry/DUST-RM-Sentry/install/costmap_converter_msgs/share/ament_index/resource_index/package_run_dependencies/costmap_converter_msgs
[0.855s] -- Up-to-date symlink: /home/rmsentry/DUST-RM-Sentry/install/costmap_converter_msgs/share/ament_index/resource_index/parent_prefix_path/costmap_converter_msgs
[0.855s] -- Up-to-date symlink: /home/rmsentry/DUST-RM-Sentry/install/costmap_converter_msgs/share/costmap_converter_msgs/environment/ament_prefix_path.sh
[0.855s] -- Up-to-date symlink: /home/rmsentry/DUST-RM-Sentry/install/costmap_converter_msgs/share/costmap_converter_msgs/environment/ament_prefix_path.dsv
[0.855s] -- Up-to-date symlink: /home/rmsentry/DUST-RM-Sentry/install/costmap_converter_msgs/share/costmap_converter_msgs/environment/path.sh
[0.855s] -- Up-to-date symlink: /home/rmsentry/DUST-RM-Sentry/install/costmap_converter_msgs/share/costmap_converter_msgs/environment/path.dsv
[0.855s] -- Up-to-date symlink: /home/rmsentry/DUST-RM-Sentry/install/costmap_converter_msgs/share/costmap_converter_msgs/local_setup.bash
[0.855s] -- Up-to-date symlink: /home/rmsentry/DUST-RM-Sentry/install/costmap_converter_msgs/share/costmap_converter_msgs/local_setup.sh
[0.855s] -- Up-to-date symlink: /home/rmsentry/DUST-RM-Sentry/install/costmap_converter_msgs/share/costmap_converter_msgs/local_setup.zsh
[0.855s] -- Up-to-date symlink: /home/rmsentry/DUST-RM-Sentry/install/costmap_converter_msgs/share/costmap_converter_msgs/local_setup.dsv
[0.855s] -- Symlinking: /home/rmsentry/DUST-RM-Sentry/install/costmap_converter_msgs/share/costmap_converter_msgs/package.dsv
[0.855s] -- Up-to-date symlink: /home/rmsentry/DUST-RM-Sentry/install/costmap_converter_msgs/share/ament_index/resource_index/packages/costmap_converter_msgs
[0.855s] -- Up-to-date symlink: /home/rmsentry/DUST-RM-Sentry/install/costmap_converter_msgs/share/costmap_converter_msgs/cmake/rosidl_cmake-extras.cmake
[0.855s] -- Up-to-date symlink: /home/rmsentry/DUST-RM-Sentry/install/costmap_converter_msgs/share/costmap_converter_msgs/cmake/ament_cmake_export_dependencies-extras.cmake
[0.855s] -- Up-to-date symlink: /home/rmsentry/DUST-RM-Sentry/install/costmap_converter_msgs/share/costmap_converter_msgs/cmake/ament_cmake_export_include_directories-extras.cmake
[0.855s] -- Up-to-date symlink: /home/rmsentry/DUST-RM-Sentry/install/costmap_converter_msgs/share/costmap_converter_msgs/cmake/ament_cmake_export_libraries-extras.cmake
[0.855s] -- Up-to-date symlink: /home/rmsentry/DUST-RM-Sentry/install/costmap_converter_msgs/share/costmap_converter_msgs/cmake/ament_cmake_export_targets-extras.cmake
[0.856s] -- Up-to-date symlink: /home/rmsentry/DUST-RM-Sentry/install/costmap_converter_msgs/share/costmap_converter_msgs/cmake/rosidl_cmake_export_typesupport_targets-extras.cmake
[0.856s] -- Up-to-date symlink: /home/rmsentry/DUST-RM-Sentry/install/costmap_converter_msgs/share/costmap_converter_msgs/cmake/rosidl_cmake_export_typesupport_libraries-extras.cmake
[0.856s] -- Up-to-date symlink: /home/rmsentry/DUST-RM-Sentry/install/costmap_converter_msgs/share/costmap_converter_msgs/cmake/costmap_converter_msgsConfig.cmake
[0.856s] -- Up-to-date symlink: /home/rmsentry/DUST-RM-Sentry/install/costmap_converter_msgs/share/costmap_converter_msgs/cmake/costmap_converter_msgsConfig-version.cmake
[0.856s] -- Up-to-date symlink: /home/rmsentry/DUST-RM-Sentry/install/costmap_converter_msgs/share/costmap_converter_msgs/package.xml
[0.856s] -- Installing: /home/rmsentry/DUST-RM-Sentry/install/costmap_converter_msgs/lib/libcostmap_converter_msgs__rosidl_generator_c.so
[0.856s] -- Set non-toolchain portion of runtime path of "/home/rmsentry/DUST-RM-Sentry/install/costmap_converter_msgs/lib/libcostmap_converter_msgs__rosidl_generator_c.so" to ""
[0.856s] -- Installing: /home/rmsentry/DUST-RM-Sentry/install/costmap_converter_msgs/lib/libcostmap_converter_msgs__rosidl_typesupport_fastrtps_c.so
[0.856s] -- Set non-toolchain portion of runtime path of "/home/rmsentry/DUST-RM-Sentry/install/costmap_converter_msgs/lib/libcostmap_converter_msgs__rosidl_typesupport_fastrtps_c.so" to ""
[0.856s] -- Installing: /home/rmsentry/DUST-RM-Sentry/install/costmap_converter_msgs/lib/libcostmap_converter_msgs__rosidl_typesupport_fastrtps_cpp.so
[0.856s] -- Set non-toolchain portion of runtime path of "/home/rmsentry/DUST-RM-Sentry/install/costmap_converter_msgs/lib/libcostmap_converter_msgs__rosidl_typesupport_fastrtps_cpp.so" to ""
[0.856s] -- Installing: /home/rmsentry/DUST-RM-Sentry/install/costmap_converter_msgs/lib/libcostmap_converter_msgs__rosidl_typesupport_introspection_c.so
[0.856s] -- Set non-toolchain portion of runtime path of "/home/rmsentry/DUST-RM-Sentry/install/costmap_converter_msgs/lib/libcostmap_converter_msgs__rosidl_typesupport_introspection_c.so" to ""
[0.859s] -- Installing: /home/rmsentry/DUST-RM-Sentry/install/costmap_converter_msgs/lib/libcostmap_converter_msgs__rosidl_typesupport_c.so
[0.860s] -- Set non-toolchain portion of runtime path of "/home/rmsentry/DUST-RM-Sentry/install/costmap_converter_msgs/lib/libcostmap_converter_msgs__rosidl_typesupport_c.so" to ""
[0.860s] -- Installing: /home/rmsentry/DUST-RM-Sentry/install/costmap_converter_msgs/lib/libcostmap_converter_msgs__rosidl_typesupport_introspection_cpp.so
[0.861s] -- Set non-toolchain portion of runtime path of "/home/rmsentry/DUST-RM-Sentry/install/costmap_converter_msgs/lib/libcostmap_converter_msgs__rosidl_typesupport_introspection_cpp.so" to ""
[0.861s] -- Installing: /home/rmsentry/DUST-RM-Sentry/install/costmap_converter_msgs/lib/libcostmap_converter_msgs__rosidl_typesupport_cpp.so
[0.861s] -- Set non-toolchain portion of runtime path of "/home/rmsentry/DUST-RM-Sentry/install/costmap_converter_msgs/lib/libcostmap_converter_msgs__rosidl_typesupport_cpp.so" to ""
[0.880s] Listing '/home/rmsentry/DUST-RM-Sentry/install/costmap_converter_msgs/local/lib/python3.10/dist-packages/costmap_converter_msgs'...
[0.880s] Listing '/home/rmsentry/DUST-RM-Sentry/install/costmap_converter_msgs/local/lib/python3.10/dist-packages/costmap_converter_msgs/msg'...
[0.888s] -- Installing: /home/rmsentry/DUST-RM-Sentry/install/costmap_converter_msgs/lib/libcostmap_converter_msgs__rosidl_generator_py.so
[0.888s] -- Set non-toolchain portion of runtime path of "/home/rmsentry/DUST-RM-Sentry/install/costmap_converter_msgs/lib/libcostmap_converter_msgs__rosidl_generator_py.so" to ""
[0.888s] -- Installing: /home/rmsentry/DUST-RM-Sentry/install/costmap_converter_msgs/share/costmap_converter_msgs/cmake/export_costmap_converter_msgs__rosidl_generator_cExport.cmake
[0.888s] -- Installing: /home/rmsentry/DUST-RM-Sentry/install/costmap_converter_msgs/share/costmap_converter_msgs/cmake/export_costmap_converter_msgs__rosidl_generator_cExport-noconfig.cmake
[0.888s] -- Installing: /home/rmsentry/DUST-RM-Sentry/install/costmap_converter_msgs/share/costmap_converter_msgs/cmake/export_costmap_converter_msgs__rosidl_typesupport_fastrtps_cExport.cmake
[0.888s] -- Installing: /home/rmsentry/DUST-RM-Sentry/install/costmap_converter_msgs/share/costmap_converter_msgs/cmake/export_costmap_converter_msgs__rosidl_typesupport_fastrtps_cExport-noconfig.cmake
[0.889s] -- Installing: /home/rmsentry/DUST-RM-Sentry/install/costmap_converter_msgs/share/costmap_converter_msgs/cmake/export_costmap_converter_msgs__rosidl_generator_cppExport.cmake
[0.891s] -- Installing: /home/rmsentry/DUST-RM-Sentry/install/costmap_converter_msgs/share/costmap_converter_msgs/cmake/export_costmap_converter_msgs__rosidl_typesupport_fastrtps_cppExport.cmake
[0.892s] -- Installing: /home/rmsentry/DUST-RM-Sentry/install/costmap_converter_msgs/share/costmap_converter_msgs/cmake/export_costmap_converter_msgs__rosidl_typesupport_fastrtps_cppExport-noconfig.cmake
[0.898s] -- Installing: /home/rmsentry/DUST-RM-Sentry/install/costmap_converter_msgs/share/costmap_converter_msgs/cmake/costmap_converter_msgs__rosidl_typesupport_introspection_cExport.cmake
[0.898s] -- Installing: /home/rmsentry/DUST-RM-Sentry/install/costmap_converter_msgs/share/costmap_converter_msgs/cmake/costmap_converter_msgs__rosidl_typesupport_introspection_cExport-noconfig.cmake
[0.898s] -- Installing: /home/rmsentry/DUST-RM-Sentry/install/costmap_converter_msgs/share/costmap_converter_msgs/cmake/costmap_converter_msgs__rosidl_typesupport_cExport.cmake
[0.898s] -- Installing: /home/rmsentry/DUST-RM-Sentry/install/costmap_converter_msgs/share/costmap_converter_msgs/cmake/costmap_converter_msgs__rosidl_typesupport_cExport-noconfig.cmake
[0.898s] -- Installing: /home/rmsentry/DUST-RM-Sentry/install/costmap_converter_msgs/share/costmap_converter_msgs/cmake/costmap_converter_msgs__rosidl_typesupport_introspection_cppExport.cmake
[0.899s] -- Installing: /home/rmsentry/DUST-RM-Sentry/install/costmap_converter_msgs/share/costmap_converter_msgs/cmake/costmap_converter_msgs__rosidl_typesupport_introspection_cppExport-noconfig.cmake
[0.899s] -- Installing: /home/rmsentry/DUST-RM-Sentry/install/costmap_converter_msgs/share/costmap_converter_msgs/cmake/costmap_converter_msgs__rosidl_typesupport_cppExport.cmake
[0.899s] -- Installing: /home/rmsentry/DUST-RM-Sentry/install/costmap_converter_msgs/share/costmap_converter_msgs/cmake/costmap_converter_msgs__rosidl_typesupport_cppExport-noconfig.cmake
[0.899s] -- Installing: /home/rmsentry/DUST-RM-Sentry/install/costmap_converter_msgs/share/costmap_converter_msgs/cmake/export_costmap_converter_msgs__rosidl_generator_pyExport.cmake
[0.899s] -- Installing: /home/rmsentry/DUST-RM-Sentry/install/costmap_converter_msgs/share/costmap_converter_msgs/cmake/export_costmap_converter_msgs__rosidl_generator_pyExport-noconfig.cmake
[1.088s] Invoked command in '/home/rmsentry/DUST-RM-Sentry/build/costmap_converter_msgs' returned '0': CMAKE_PREFIX_PATH=${CMAKE_PREFIX_PATH}:/home/rmsentry/DUST-RM-Sentry/install/rm_decision:/home/rmsentry/DUST-RM-Sentry/install/fake_msg_publisher:/opt/ros/humble /usr/local/bin/cmake --install /home/rmsentry/DUST-RM-Sentry/build/costmap_converter_msgs
