[0.027s] Invoking command in '/home/rmsentry/DUST-RM-Sentry/build/rm_gimbal_description': CMAKE_PREFIX_PATH=${CMAKE_PREFIX_PATH}:/home/rmsentry/DUST-RM-Sentry/install/rm_decision:/home/rmsentry/DUST-RM-Sentry/install/fake_msg_publisher:/opt/ros/humble /usr/local/bin/cmake --build /home/rmsentry/DUST-RM-Sentry/build/rm_gimbal_description -- -j12 -l12
[1.429s] -- Found ament_cmake: 1.3.12 (/opt/ros/humble/share/ament_cmake/cmake)
[1.429s] -- Override CMake install command with custom implementation using symlinks instead of copying resources
[1.429s] -- Found ament_lint_auto: 0.12.14 (/opt/ros/humble/share/ament_lint_auto/cmake)
[1.429s] -- Added test 'lint_cmake' to check CMake code style
[1.429s] -- Added test 'xmllint' to check XML markup files
[1.429s] -- Configuring done (0.4s)
[1.429s] -- Generating done (0.0s)
[1.430s] -- Build files have been written to: /home/rmsentry/DUST-RM-Sentry/build/rm_gimbal_description
[1.434s] Invoked command in '/home/rmsentry/DUST-RM-Sentry/build/rm_gimbal_description' returned '0': CMAKE_PREFIX_PATH=${CMAKE_PREFIX_PATH}:/home/rmsentry/DUST-RM-Sentry/install/rm_decision:/home/rmsentry/DUST-RM-Sentry/install/fake_msg_publisher:/opt/ros/humble /usr/local/bin/cmake --build /home/rmsentry/DUST-RM-Sentry/build/rm_gimbal_description -- -j12 -l12
[1.435s] Invoking command in '/home/rmsentry/DUST-RM-Sentry/build/rm_gimbal_description': CMAKE_PREFIX_PATH=${CMAKE_PREFIX_PATH}:/home/rmsentry/DUST-RM-Sentry/install/rm_decision:/home/rmsentry/DUST-RM-Sentry/install/fake_msg_publisher:/opt/ros/humble /usr/local/bin/cmake --install /home/rmsentry/DUST-RM-Sentry/build/rm_gimbal_description
[1.466s] -- Install configuration: ""
[1.466s] -- Execute custom install script
[1.466s] -- Up-to-date symlink: /home/rmsentry/DUST-RM-Sentry/install/rm_gimbal_description/share/rm_gimbal_description/urdf/rm_gimbal.urdf.xacro
[1.466s] -- Up-to-date symlink: /home/rmsentry/DUST-RM-Sentry/install/rm_gimbal_description/share/ament_index/resource_index/package_run_dependencies/rm_gimbal_description
[1.466s] -- Up-to-date symlink: /home/rmsentry/DUST-RM-Sentry/install/rm_gimbal_description/share/ament_index/resource_index/parent_prefix_path/rm_gimbal_description
[1.466s] -- Up-to-date symlink: /home/rmsentry/DUST-RM-Sentry/install/rm_gimbal_description/share/rm_gimbal_description/environment/ament_prefix_path.sh
[1.466s] -- Up-to-date symlink: /home/rmsentry/DUST-RM-Sentry/install/rm_gimbal_description/share/rm_gimbal_description/environment/ament_prefix_path.dsv
[1.466s] -- Up-to-date symlink: /home/rmsentry/DUST-RM-Sentry/install/rm_gimbal_description/share/rm_gimbal_description/environment/path.sh
[1.466s] -- Up-to-date symlink: /home/rmsentry/DUST-RM-Sentry/install/rm_gimbal_description/share/rm_gimbal_description/environment/path.dsv
[1.467s] -- Up-to-date symlink: /home/rmsentry/DUST-RM-Sentry/install/rm_gimbal_description/share/rm_gimbal_description/local_setup.bash
[1.467s] -- Up-to-date symlink: /home/rmsentry/DUST-RM-Sentry/install/rm_gimbal_description/share/rm_gimbal_description/local_setup.sh
[1.467s] -- Up-to-date symlink: /home/rmsentry/DUST-RM-Sentry/install/rm_gimbal_description/share/rm_gimbal_description/local_setup.zsh
[1.467s] -- Up-to-date symlink: /home/rmsentry/DUST-RM-Sentry/install/rm_gimbal_description/share/rm_gimbal_description/local_setup.dsv
[1.467s] -- Symlinking: /home/rmsentry/DUST-RM-Sentry/install/rm_gimbal_description/share/rm_gimbal_description/package.dsv
[1.467s] -- Up-to-date symlink: /home/rmsentry/DUST-RM-Sentry/install/rm_gimbal_description/share/ament_index/resource_index/packages/rm_gimbal_description
[1.467s] -- Up-to-date symlink: /home/rmsentry/DUST-RM-Sentry/install/rm_gimbal_description/share/rm_gimbal_description/cmake/rm_gimbal_descriptionConfig.cmake
[1.467s] -- Up-to-date symlink: /home/rmsentry/DUST-RM-Sentry/install/rm_gimbal_description/share/rm_gimbal_description/cmake/rm_gimbal_descriptionConfig-version.cmake
[1.467s] -- Up-to-date symlink: /home/rmsentry/DUST-RM-Sentry/install/rm_gimbal_description/share/rm_gimbal_description/package.xml
[1.505s] Invoked command in '/home/rmsentry/DUST-RM-Sentry/build/rm_gimbal_description' returned '0': CMAKE_PREFIX_PATH=${CMAKE_PREFIX_PATH}:/home/rmsentry/DUST-RM-Sentry/install/rm_decision:/home/rmsentry/DUST-RM-Sentry/install/fake_msg_publisher:/opt/ros/humble /usr/local/bin/cmake --install /home/rmsentry/DUST-RM-Sentry/build/rm_gimbal_description
