[0.050s] Invoking command in '/home/rmsentry/DUST-RM-Sentry/build/livox_interfaces': CMAKE_PREFIX_PATH=${CMAKE_PREFIX_PATH}:/home/rmsentry/DUST-RM-Sentry/install/rm_decision:/home/rmsentry/DUST-RM-Sentry/install/fake_msg_publisher:/opt/ros/humble /usr/local/bin/cmake --build /home/rmsentry/DUST-RM-Sentry/build/livox_interfaces -- -j12 -l12
[0.122s] [  2%] Built target livox_interfaces__cpp
[0.122s] [ 12%] Built target livox_interfaces__rosidl_generator_c
[0.174s] [ 12%] Built target ament_cmake_python_symlink_livox_interfaces
[0.184s] [ 23%] Built target livox_interfaces__rosidl_typesupport_fastrtps_cpp
[0.222s] [ 33%] Built target livox_interfaces__rosidl_typesupport_cpp
[0.222s] [ 43%] Built target livox_interfaces__rosidl_typesupport_introspection_cpp
[0.255s] [ 53%] Built target livox_interfaces__rosidl_typesupport_fastrtps_c
[0.267s] [ 64%] Built target livox_interfaces__rosidl_typesupport_introspection_c
[0.297s] [ 74%] Built target livox_interfaces__rosidl_typesupport_c
[0.339s] [ 74%] Built target livox_interfaces
[0.383s] [ 76%] Built target livox_interfaces__py
[0.474s] [ 84%] Built target livox_interfaces__rosidl_generator_py
[0.546s] [ 89%] Built target livox_interfaces__rosidl_typesupport_fastrtps_c__pyext
[0.553s] [ 94%] Built target livox_interfaces__rosidl_typesupport_introspection_c__pyext
[0.554s] [100%] Built target livox_interfaces__rosidl_typesupport_c__pyext
[0.828s] running egg_info
[0.830s] writing livox_interfaces.egg-info/PKG-INFO
[0.831s] writing dependency_links to livox_interfaces.egg-info/dependency_links.txt
[0.832s] writing top-level names to livox_interfaces.egg-info/top_level.txt
[0.836s] reading manifest file 'livox_interfaces.egg-info/SOURCES.txt'
[0.838s] writing manifest file 'livox_interfaces.egg-info/SOURCES.txt'
[0.938s] [100%] Built target ament_cmake_python_build_livox_interfaces_egg
[1.004s] Invoked command in '/home/rmsentry/DUST-RM-Sentry/build/livox_interfaces' returned '0': CMAKE_PREFIX_PATH=${CMAKE_PREFIX_PATH}:/home/rmsentry/DUST-RM-Sentry/install/rm_decision:/home/rmsentry/DUST-RM-Sentry/install/fake_msg_publisher:/opt/ros/humble /usr/local/bin/cmake --build /home/rmsentry/DUST-RM-Sentry/build/livox_interfaces -- -j12 -l12
[1.004s] Invoking command in '/home/rmsentry/DUST-RM-Sentry/build/livox_interfaces': CMAKE_PREFIX_PATH=${CMAKE_PREFIX_PATH}:/home/rmsentry/DUST-RM-Sentry/install/rm_decision:/home/rmsentry/DUST-RM-Sentry/install/fake_msg_publisher:/opt/ros/humble /usr/local/bin/cmake --install /home/rmsentry/DUST-RM-Sentry/build/livox_interfaces
[1.044s] -- Install configuration: ""
[1.044s] -- Execute custom install script
[1.044s] -- Up-to-date symlink: /home/rmsentry/DUST-RM-Sentry/install/livox_interfaces/share/ament_index/resource_index/rosidl_interfaces/livox_interfaces
[1.044s] -- Up-to-date symlink: /home/rmsentry/DUST-RM-Sentry/install/livox_interfaces/include/livox_interfaces/livox_interfaces/msg/custom_msg.h
[1.044s] -- Up-to-date symlink: /home/rmsentry/DUST-RM-Sentry/install/livox_interfaces/include/livox_interfaces/livox_interfaces/msg/custom_point.h
[1.045s] -- Up-to-date symlink: /home/rmsentry/DUST-RM-Sentry/install/livox_interfaces/include/livox_interfaces/livox_interfaces/msg/detail/custom_msg__functions.h
[1.045s] -- Up-to-date symlink: /home/rmsentry/DUST-RM-Sentry/install/livox_interfaces/include/livox_interfaces/livox_interfaces/msg/detail/custom_msg__struct.h
[1.045s] -- Up-to-date symlink: /home/rmsentry/DUST-RM-Sentry/install/livox_interfaces/include/livox_interfaces/livox_interfaces/msg/detail/custom_msg__type_support.h
[1.045s] -- Up-to-date symlink: /home/rmsentry/DUST-RM-Sentry/install/livox_interfaces/include/livox_interfaces/livox_interfaces/msg/detail/custom_point__functions.h
[1.045s] -- Up-to-date symlink: /home/rmsentry/DUST-RM-Sentry/install/livox_interfaces/include/livox_interfaces/livox_interfaces/msg/detail/custom_point__struct.h
[1.045s] -- Up-to-date symlink: /home/rmsentry/DUST-RM-Sentry/install/livox_interfaces/include/livox_interfaces/livox_interfaces/msg/detail/custom_point__type_support.h
[1.045s] -- Up-to-date symlink: /home/rmsentry/DUST-RM-Sentry/install/livox_interfaces/include/livox_interfaces/livox_interfaces/msg/rosidl_generator_c__visibility_control.h
[1.045s] -- Up-to-date symlink: /home/rmsentry/DUST-RM-Sentry/install/livox_interfaces/share/livox_interfaces/environment/library_path.sh
[1.045s] -- Up-to-date symlink: /home/rmsentry/DUST-RM-Sentry/install/livox_interfaces/share/livox_interfaces/environment/library_path.dsv
[1.045s] -- Up-to-date symlink: /home/rmsentry/DUST-RM-Sentry/install/livox_interfaces/include/livox_interfaces/livox_interfaces/msg/detail/custom_msg__rosidl_typesupport_fastrtps_c.h
[1.045s] -- Up-to-date symlink: /home/rmsentry/DUST-RM-Sentry/install/livox_interfaces/include/livox_interfaces/livox_interfaces/msg/detail/custom_point__rosidl_typesupport_fastrtps_c.h
[1.045s] -- Up-to-date symlink: /home/rmsentry/DUST-RM-Sentry/install/livox_interfaces/include/livox_interfaces/livox_interfaces/msg/rosidl_typesupport_fastrtps_c__visibility_control.h
[1.045s] -- Up-to-date symlink: /home/rmsentry/DUST-RM-Sentry/install/livox_interfaces/include/livox_interfaces/livox_interfaces/msg/custom_msg.hpp
[1.045s] -- Up-to-date symlink: /home/rmsentry/DUST-RM-Sentry/install/livox_interfaces/include/livox_interfaces/livox_interfaces/msg/custom_point.hpp
[1.045s] -- Up-to-date symlink: /home/rmsentry/DUST-RM-Sentry/install/livox_interfaces/include/livox_interfaces/livox_interfaces/msg/detail/custom_msg__builder.hpp
[1.045s] -- Up-to-date symlink: /home/rmsentry/DUST-RM-Sentry/install/livox_interfaces/include/livox_interfaces/livox_interfaces/msg/detail/custom_msg__struct.hpp
[1.045s] -- Up-to-date symlink: /home/rmsentry/DUST-RM-Sentry/install/livox_interfaces/include/livox_interfaces/livox_interfaces/msg/detail/custom_msg__traits.hpp
[1.045s] -- Up-to-date symlink: /home/rmsentry/DUST-RM-Sentry/install/livox_interfaces/include/livox_interfaces/livox_interfaces/msg/detail/custom_msg__type_support.hpp
[1.046s] -- Up-to-date symlink: /home/rmsentry/DUST-RM-Sentry/install/livox_interfaces/include/livox_interfaces/livox_interfaces/msg/detail/custom_point__builder.hpp
[1.046s] -- Up-to-date symlink: /home/rmsentry/DUST-RM-Sentry/install/livox_interfaces/include/livox_interfaces/livox_interfaces/msg/detail/custom_point__struct.hpp
[1.046s] -- Up-to-date symlink: /home/rmsentry/DUST-RM-Sentry/install/livox_interfaces/include/livox_interfaces/livox_interfaces/msg/detail/custom_point__traits.hpp
[1.046s] -- Up-to-date symlink: /home/rmsentry/DUST-RM-Sentry/install/livox_interfaces/include/livox_interfaces/livox_interfaces/msg/detail/custom_point__type_support.hpp
[1.054s] -- Up-to-date symlink: /home/rmsentry/DUST-RM-Sentry/install/livox_interfaces/include/livox_interfaces/livox_interfaces/msg/rosidl_generator_cpp__visibility_control.hpp
[1.054s] -- Up-to-date symlink: /home/rmsentry/DUST-RM-Sentry/install/livox_interfaces/include/livox_interfaces/livox_interfaces/msg/detail/custom_msg__rosidl_typesupport_fastrtps_cpp.hpp
[1.054s] -- Up-to-date symlink: /home/rmsentry/DUST-RM-Sentry/install/livox_interfaces/include/livox_interfaces/livox_interfaces/msg/detail/custom_point__rosidl_typesupport_fastrtps_cpp.hpp
[1.055s] -- Up-to-date symlink: /home/rmsentry/DUST-RM-Sentry/install/livox_interfaces/include/livox_interfaces/livox_interfaces/msg/rosidl_typesupport_fastrtps_cpp__visibility_control.h
[1.055s] -- Up-to-date symlink: /home/rmsentry/DUST-RM-Sentry/install/livox_interfaces/include/livox_interfaces/livox_interfaces/msg/detail/custom_msg__rosidl_typesupport_introspection_c.h
[1.055s] -- Up-to-date symlink: /home/rmsentry/DUST-RM-Sentry/install/livox_interfaces/include/livox_interfaces/livox_interfaces/msg/detail/custom_point__rosidl_typesupport_introspection_c.h
[1.055s] -- Up-to-date symlink: /home/rmsentry/DUST-RM-Sentry/install/livox_interfaces/include/livox_interfaces/livox_interfaces/msg/rosidl_typesupport_introspection_c__visibility_control.h
[1.055s] -- Up-to-date symlink: /home/rmsentry/DUST-RM-Sentry/install/livox_interfaces/include/livox_interfaces/livox_interfaces/msg/detail/custom_msg__rosidl_typesupport_introspection_cpp.hpp
[1.055s] -- Up-to-date symlink: /home/rmsentry/DUST-RM-Sentry/install/livox_interfaces/include/livox_interfaces/livox_interfaces/msg/detail/custom_point__rosidl_typesupport_introspection_cpp.hpp
[1.055s] -- Up-to-date symlink: /home/rmsentry/DUST-RM-Sentry/install/livox_interfaces/share/livox_interfaces/environment/pythonpath.sh
[1.055s] -- Up-to-date symlink: /home/rmsentry/DUST-RM-Sentry/install/livox_interfaces/share/livox_interfaces/environment/pythonpath.dsv
[1.055s] -- Up-to-date symlink: /home/rmsentry/DUST-RM-Sentry/install/livox_interfaces/local/lib/python3.10/dist-packages/livox_interfaces-0.0.1-py3.10.egg-info/PKG-INFO
[1.055s] -- Up-to-date symlink: /home/rmsentry/DUST-RM-Sentry/install/livox_interfaces/local/lib/python3.10/dist-packages/livox_interfaces-0.0.1-py3.10.egg-info/SOURCES.txt
[1.055s] -- Up-to-date symlink: /home/rmsentry/DUST-RM-Sentry/install/livox_interfaces/local/lib/python3.10/dist-packages/livox_interfaces-0.0.1-py3.10.egg-info/dependency_links.txt
[1.055s] -- Up-to-date symlink: /home/rmsentry/DUST-RM-Sentry/install/livox_interfaces/local/lib/python3.10/dist-packages/livox_interfaces-0.0.1-py3.10.egg-info/top_level.txt
[1.055s] -- Up-to-date symlink: /home/rmsentry/DUST-RM-Sentry/install/livox_interfaces/local/lib/python3.10/dist-packages/livox_interfaces/__init__.py
[1.055s] -- Up-to-date symlink: /home/rmsentry/DUST-RM-Sentry/install/livox_interfaces/local/lib/python3.10/dist-packages/livox_interfaces/_livox_interfaces_s.ep.rosidl_typesupport_c.c
[1.056s] -- Up-to-date symlink: /home/rmsentry/DUST-RM-Sentry/install/livox_interfaces/local/lib/python3.10/dist-packages/livox_interfaces/_livox_interfaces_s.ep.rosidl_typesupport_fastrtps_c.c
[1.056s] -- Up-to-date symlink: /home/rmsentry/DUST-RM-Sentry/install/livox_interfaces/local/lib/python3.10/dist-packages/livox_interfaces/_livox_interfaces_s.ep.rosidl_typesupport_introspection_c.c
[1.056s] -- Up-to-date symlink: /home/rmsentry/DUST-RM-Sentry/install/livox_interfaces/local/lib/python3.10/dist-packages/livox_interfaces/liblivox_interfaces__rosidl_generator_py.so
[1.057s] -- Up-to-date symlink: /home/rmsentry/DUST-RM-Sentry/install/livox_interfaces/local/lib/python3.10/dist-packages/livox_interfaces/livox_interfaces_s__rosidl_typesupport_c.cpython-310-x86_64-linux-gnu.so
[1.057s] -- Up-to-date symlink: /home/rmsentry/DUST-RM-Sentry/install/livox_interfaces/local/lib/python3.10/dist-packages/livox_interfaces/livox_interfaces_s__rosidl_typesupport_fastrtps_c.cpython-310-x86_64-linux-gnu.so
[1.059s] -- Up-to-date symlink: /home/rmsentry/DUST-RM-Sentry/install/livox_interfaces/local/lib/python3.10/dist-packages/livox_interfaces/livox_interfaces_s__rosidl_typesupport_introspection_c.cpython-310-x86_64-linux-gnu.so
[1.059s] -- Up-to-date symlink: /home/rmsentry/DUST-RM-Sentry/install/livox_interfaces/local/lib/python3.10/dist-packages/livox_interfaces/msg/__init__.py
[1.063s] -- Up-to-date symlink: /home/rmsentry/DUST-RM-Sentry/install/livox_interfaces/local/lib/python3.10/dist-packages/livox_interfaces/msg/_custom_msg.py
[1.063s] -- Up-to-date symlink: /home/rmsentry/DUST-RM-Sentry/install/livox_interfaces/local/lib/python3.10/dist-packages/livox_interfaces/msg/_custom_msg_s.c
[1.063s] -- Up-to-date symlink: /home/rmsentry/DUST-RM-Sentry/install/livox_interfaces/local/lib/python3.10/dist-packages/livox_interfaces/msg/_custom_point.py
[1.063s] -- Up-to-date symlink: /home/rmsentry/DUST-RM-Sentry/install/livox_interfaces/local/lib/python3.10/dist-packages/livox_interfaces/msg/_custom_point_s.c
[1.063s] -- Up-to-date symlink: /home/rmsentry/DUST-RM-Sentry/install/livox_interfaces/local/lib/python3.10/dist-packages/livox_interfaces/livox_interfaces_s__rosidl_typesupport_fastrtps_c.cpython-310-x86_64-linux-gnu.so
[1.063s] -- Up-to-date symlink: /home/rmsentry/DUST-RM-Sentry/install/livox_interfaces/local/lib/python3.10/dist-packages/livox_interfaces/livox_interfaces_s__rosidl_typesupport_introspection_c.cpython-310-x86_64-linux-gnu.so
[1.063s] -- Up-to-date symlink: /home/rmsentry/DUST-RM-Sentry/install/livox_interfaces/local/lib/python3.10/dist-packages/livox_interfaces/livox_interfaces_s__rosidl_typesupport_c.cpython-310-x86_64-linux-gnu.so
[1.063s] -- Up-to-date symlink: /home/rmsentry/DUST-RM-Sentry/install/livox_interfaces/share/livox_interfaces/msg/CustomPoint.idl
[1.063s] -- Up-to-date symlink: /home/rmsentry/DUST-RM-Sentry/install/livox_interfaces/share/livox_interfaces/msg/CustomMsg.idl
[1.063s] -- Up-to-date symlink: /home/rmsentry/DUST-RM-Sentry/install/livox_interfaces/share/livox_interfaces/msg/CustomPoint.msg
[1.063s] -- Up-to-date symlink: /home/rmsentry/DUST-RM-Sentry/install/livox_interfaces/share/livox_interfaces/msg/CustomMsg.msg
[1.063s] -- Up-to-date symlink: /home/rmsentry/DUST-RM-Sentry/install/livox_interfaces/share/ament_index/resource_index/package_run_dependencies/livox_interfaces
[1.063s] -- Up-to-date symlink: /home/rmsentry/DUST-RM-Sentry/install/livox_interfaces/share/ament_index/resource_index/parent_prefix_path/livox_interfaces
[1.065s] -- Up-to-date symlink: /home/rmsentry/DUST-RM-Sentry/install/livox_interfaces/share/livox_interfaces/environment/ament_prefix_path.sh
[1.065s] -- Up-to-date symlink: /home/rmsentry/DUST-RM-Sentry/install/livox_interfaces/share/livox_interfaces/environment/ament_prefix_path.dsv
[1.065s] -- Up-to-date symlink: /home/rmsentry/DUST-RM-Sentry/install/livox_interfaces/share/livox_interfaces/environment/path.sh
[1.065s] -- Up-to-date symlink: /home/rmsentry/DUST-RM-Sentry/install/livox_interfaces/share/livox_interfaces/environment/path.dsv
[1.066s] -- Up-to-date symlink: /home/rmsentry/DUST-RM-Sentry/install/livox_interfaces/share/livox_interfaces/local_setup.bash
[1.067s] -- Up-to-date symlink: /home/rmsentry/DUST-RM-Sentry/install/livox_interfaces/share/livox_interfaces/local_setup.sh
[1.067s] -- Up-to-date symlink: /home/rmsentry/DUST-RM-Sentry/install/livox_interfaces/share/livox_interfaces/local_setup.zsh
[1.067s] -- Up-to-date symlink: /home/rmsentry/DUST-RM-Sentry/install/livox_interfaces/share/livox_interfaces/local_setup.dsv
[1.067s] -- Symlinking: /home/rmsentry/DUST-RM-Sentry/install/livox_interfaces/share/livox_interfaces/package.dsv
[1.067s] -- Up-to-date symlink: /home/rmsentry/DUST-RM-Sentry/install/livox_interfaces/share/ament_index/resource_index/packages/livox_interfaces
[1.067s] -- Up-to-date symlink: /home/rmsentry/DUST-RM-Sentry/install/livox_interfaces/share/livox_interfaces/cmake/rosidl_cmake-extras.cmake
[1.068s] -- Up-to-date symlink: /home/rmsentry/DUST-RM-Sentry/install/livox_interfaces/share/livox_interfaces/cmake/ament_cmake_export_dependencies-extras.cmake
[1.072s] -- Up-to-date symlink: /home/rmsentry/DUST-RM-Sentry/install/livox_interfaces/share/livox_interfaces/cmake/ament_cmake_export_include_directories-extras.cmake
[1.072s] -- Up-to-date symlink: /home/rmsentry/DUST-RM-Sentry/install/livox_interfaces/share/livox_interfaces/cmake/ament_cmake_export_libraries-extras.cmake
[1.072s] -- Up-to-date symlink: /home/rmsentry/DUST-RM-Sentry/install/livox_interfaces/share/livox_interfaces/cmake/ament_cmake_export_targets-extras.cmake
[1.072s] -- Up-to-date symlink: /home/rmsentry/DUST-RM-Sentry/install/livox_interfaces/share/livox_interfaces/cmake/rosidl_cmake_export_typesupport_targets-extras.cmake
[1.072s] -- Up-to-date symlink: /home/rmsentry/DUST-RM-Sentry/install/livox_interfaces/share/livox_interfaces/cmake/rosidl_cmake_export_typesupport_libraries-extras.cmake
[1.072s] -- Up-to-date symlink: /home/rmsentry/DUST-RM-Sentry/install/livox_interfaces/share/livox_interfaces/cmake/livox_interfacesConfig.cmake
[1.072s] -- Up-to-date symlink: /home/rmsentry/DUST-RM-Sentry/install/livox_interfaces/share/livox_interfaces/cmake/livox_interfacesConfig-version.cmake
[1.072s] -- Up-to-date symlink: /home/rmsentry/DUST-RM-Sentry/install/livox_interfaces/share/livox_interfaces/package.xml
[1.072s] -- Up-to-date: /home/rmsentry/DUST-RM-Sentry/install/livox_interfaces/lib/liblivox_interfaces__rosidl_generator_c.so
[1.072s] -- Up-to-date: /home/rmsentry/DUST-RM-Sentry/install/livox_interfaces/lib/liblivox_interfaces__rosidl_typesupport_fastrtps_c.so
[1.072s] -- Up-to-date: /home/rmsentry/DUST-RM-Sentry/install/livox_interfaces/lib/liblivox_interfaces__rosidl_typesupport_fastrtps_cpp.so
[1.072s] -- Up-to-date: /home/rmsentry/DUST-RM-Sentry/install/livox_interfaces/lib/liblivox_interfaces__rosidl_typesupport_introspection_c.so
[1.072s] -- Up-to-date: /home/rmsentry/DUST-RM-Sentry/install/livox_interfaces/lib/liblivox_interfaces__rosidl_typesupport_c.so
[1.073s] -- Up-to-date: /home/rmsentry/DUST-RM-Sentry/install/livox_interfaces/lib/liblivox_interfaces__rosidl_typesupport_introspection_cpp.so
[1.073s] -- Up-to-date: /home/rmsentry/DUST-RM-Sentry/install/livox_interfaces/lib/liblivox_interfaces__rosidl_typesupport_cpp.so
[1.128s] Listing '/home/rmsentry/DUST-RM-Sentry/install/livox_interfaces/local/lib/python3.10/dist-packages/livox_interfaces'...
[1.128s] Listing '/home/rmsentry/DUST-RM-Sentry/install/livox_interfaces/local/lib/python3.10/dist-packages/livox_interfaces/msg'...
[1.128s] -- Up-to-date: /home/rmsentry/DUST-RM-Sentry/install/livox_interfaces/lib/liblivox_interfaces__rosidl_generator_py.so
[1.128s] -- Up-to-date: /home/rmsentry/DUST-RM-Sentry/install/livox_interfaces/share/livox_interfaces/cmake/export_livox_interfaces__rosidl_generator_cExport.cmake
[1.128s] -- Up-to-date: /home/rmsentry/DUST-RM-Sentry/install/livox_interfaces/share/livox_interfaces/cmake/export_livox_interfaces__rosidl_generator_cExport-noconfig.cmake
[1.128s] -- Up-to-date: /home/rmsentry/DUST-RM-Sentry/install/livox_interfaces/share/livox_interfaces/cmake/export_livox_interfaces__rosidl_typesupport_fastrtps_cExport.cmake
[1.129s] -- Up-to-date: /home/rmsentry/DUST-RM-Sentry/install/livox_interfaces/share/livox_interfaces/cmake/export_livox_interfaces__rosidl_typesupport_fastrtps_cExport-noconfig.cmake
[1.129s] -- Up-to-date: /home/rmsentry/DUST-RM-Sentry/install/livox_interfaces/share/livox_interfaces/cmake/export_livox_interfaces__rosidl_generator_cppExport.cmake
[1.129s] -- Up-to-date: /home/rmsentry/DUST-RM-Sentry/install/livox_interfaces/share/livox_interfaces/cmake/export_livox_interfaces__rosidl_typesupport_fastrtps_cppExport.cmake
[1.129s] -- Up-to-date: /home/rmsentry/DUST-RM-Sentry/install/livox_interfaces/share/livox_interfaces/cmake/export_livox_interfaces__rosidl_typesupport_fastrtps_cppExport-noconfig.cmake
[1.129s] -- Up-to-date: /home/rmsentry/DUST-RM-Sentry/install/livox_interfaces/share/livox_interfaces/cmake/livox_interfaces__rosidl_typesupport_introspection_cExport.cmake
[1.129s] -- Up-to-date: /home/rmsentry/DUST-RM-Sentry/install/livox_interfaces/share/livox_interfaces/cmake/livox_interfaces__rosidl_typesupport_introspection_cExport-noconfig.cmake
[1.129s] -- Up-to-date: /home/rmsentry/DUST-RM-Sentry/install/livox_interfaces/share/livox_interfaces/cmake/livox_interfaces__rosidl_typesupport_cExport.cmake
[1.129s] -- Up-to-date: /home/rmsentry/DUST-RM-Sentry/install/livox_interfaces/share/livox_interfaces/cmake/livox_interfaces__rosidl_typesupport_cExport-noconfig.cmake
[1.129s] -- Up-to-date: /home/rmsentry/DUST-RM-Sentry/install/livox_interfaces/share/livox_interfaces/cmake/livox_interfaces__rosidl_typesupport_introspection_cppExport.cmake
[1.129s] -- Up-to-date: /home/rmsentry/DUST-RM-Sentry/install/livox_interfaces/share/livox_interfaces/cmake/livox_interfaces__rosidl_typesupport_introspection_cppExport-noconfig.cmake
[1.129s] -- Up-to-date: /home/rmsentry/DUST-RM-Sentry/install/livox_interfaces/share/livox_interfaces/cmake/livox_interfaces__rosidl_typesupport_cppExport.cmake
[1.129s] -- Up-to-date: /home/rmsentry/DUST-RM-Sentry/install/livox_interfaces/share/livox_interfaces/cmake/livox_interfaces__rosidl_typesupport_cppExport-noconfig.cmake
[1.130s] -- Up-to-date: /home/rmsentry/DUST-RM-Sentry/install/livox_interfaces/share/livox_interfaces/cmake/export_livox_interfaces__rosidl_generator_pyExport.cmake
[1.130s] -- Up-to-date: /home/rmsentry/DUST-RM-Sentry/install/livox_interfaces/share/livox_interfaces/cmake/export_livox_interfaces__rosidl_generator_pyExport-noconfig.cmake
[1.184s] Invoked command in '/home/rmsentry/DUST-RM-Sentry/build/livox_interfaces' returned '0': CMAKE_PREFIX_PATH=${CMAKE_PREFIX_PATH}:/home/rmsentry/DUST-RM-Sentry/install/rm_decision:/home/rmsentry/DUST-RM-Sentry/install/fake_msg_publisher:/opt/ros/humble /usr/local/bin/cmake --install /home/rmsentry/DUST-RM-Sentry/build/livox_interfaces
