[0.047s] Invoking command in '/home/rmsentry/DUST-RM-Sentry/build/teb_msgs': CMAKE_PREFIX_PATH=/home/rmsentry/DUST-RM-Sentry/install/costmap_converter_msgs:/home/rmsentry/DUST-RM-Sentry/install/vision_msg:/home/rmsentry/DUST-RM-Sentry/install/teb_local_planner:/home/rmsentry/DUST-RM-Sentry/install/teb_msgs:/home/rmsentry/DUST-RM-Sentry/install/robot_decision:/home/rmsentry/DUST-RM-Sentry/install/rm_bringup:/home/rmsentry/DUST-RM-Sentry/install/rm_serial_driver:/home/rmsentry/DUST-RM-Sentry/install/rm_robot_description:/home/rmsentry/DUST-RM-Sentry/install/rm_navigation:/home/rmsentry/DUST-RM-Sentry/install/rm_gimbal_description:/home/rmsentry/DUST-RM-Sentry/install/rm_decision_interfaces:/home/rmsentry/DUST-RM-Sentry/install/rm_auto_aim:/home/rmsentry/DUST-RM-Sentry/install/pointcloud_to_laserscan:/home/rmsentry/DUST-RM-Sentry/install/pointcloud_merger:/home/rmsentry/DUST-RM-Sentry/install/point_lio:/home/rmsentry/DUST-RM-Sentry/install/livox_ros2_driver:/home/rmsentry/DUST-RM-Sentry/install/livox_sdk_vendor:/home/rmsentry/DUST-RM-Sentry/install/icp_registration:/home/rmsentry/DUST-RM-Sentry/install/fast_lio:/home/rmsentry/DUST-RM-Sentry/install/livox_ros_driver2:/home/rmsentry/DUST-RM-Sentry/install/livox_interfaces:/home/rmsentry/DUST-RM-Sentry/install/linefit_ground_segmentation_ros:/home/rmsentry/DUST-RM-Sentry/install/linefit_ground_segmentation:/home/rmsentry/DUST-RM-Sentry/install/imu_complementary_filter:/home/rmsentry/DUST-RM-Sentry/install/hik_camera_second:/home/rmsentry/DUST-RM-Sentry/install/hik_camera_first:/home/rmsentry/DUST-RM-Sentry/install/hik_camera:/home/rmsentry/DUST-RM-Sentry/install/global_interface:/home/rmsentry/DUST-RM-Sentry/install/costmap_converter:/home/rmsentry/DUST-RM-Sentry/install/armor_tracker:/home/rmsentry/DUST-RM-Sentry/install/armor_solver:/home/rmsentry/DUST-RM-Sentry/install/armor_detector:/home/rmsentry/DUST-RM-Sentry/install/auto_aim_interfaces:/home/rmsentry/DUST-RM-Sentry/install/rm_decision:/home/rmsentry/DUST-RM-Sentry/install/fake_msg_publisher:/opt/ros/humble LD_LIBRARY_PATH=/home/rmsentry/DUST-RM-Sentry/install/costmap_converter_msgs/lib:/home/rmsentry/DUST-RM-Sentry/install/vision_msg/lib:/home/rmsentry/DUST-RM-Sentry/install/teb_local_planner/lib:/home/rmsentry/DUST-RM-Sentry/install/teb_msgs/lib:/home/rmsentry/DUST-RM-Sentry/install/robot_decision/lib:/home/rmsentry/DUST-RM-Sentry/install/rm_serial_driver/lib:/home/rmsentry/DUST-RM-Sentry/install/rm_decision_interfaces/lib:/home/rmsentry/DUST-RM-Sentry/install/pointcloud_to_laserscan/lib:/home/rmsentry/DUST-RM-Sentry/install/livox_ros2_driver/lib:/home/rmsentry/DUST-RM-Sentry/install/icp_registration/lib:/home/rmsentry/DUST-RM-Sentry/install/fast_lio/lib:/home/rmsentry/DUST-RM-Sentry/install/livox_ros_driver2/lib:/home/rmsentry/DUST-RM-Sentry/install/livox_interfaces/lib:/home/rmsentry/DUST-RM-Sentry/install/linefit_ground_segmentation/lib:/home/rmsentry/DUST-RM-Sentry/install/imu_complementary_filter/lib:/home/rmsentry/DUST-RM-Sentry/install/hik_camera_second/lib:/home/rmsentry/DUST-RM-Sentry/install/hik_camera_first/lib:/home/rmsentry/DUST-RM-Sentry/install/hik_camera/lib:/home/rmsentry/DUST-RM-Sentry/install/global_interface/lib:/home/rmsentry/DUST-RM-Sentry/install/costmap_converter/lib:/home/rmsentry/DUST-RM-Sentry/install/armor_tracker/lib:/home/rmsentry/DUST-RM-Sentry/install/armor_solver/lib:/home/rmsentry/DUST-RM-Sentry/install/armor_detector/lib:/home/rmsentry/DUST-RM-Sentry/install/auto_aim_interfaces/lib:/opt/MVS/lib/64:/opt/MVS/lib/32:/usr/local/lib:/opt/MVS/lib/64:/opt/MVS/lib/32:/opt/MVS/lib/64:/opt/MVS/lib/32:/usr/local/lib:/opt/ros/humble/opt/rviz_ogre_vendor/lib:/opt/ros/humble/lib/x86_64-linux-gnu:/opt/ros/humble/lib:/opt/MVS/lib/64:/opt/MVS/lib/32:/opt/MVS/lib/64:/opt/MVS/lib/32:/opt/MVS/lib/64:/opt/MVS/lib/32 /usr/local/bin/cmake --build /home/rmsentry/DUST-RM-Sentry/build/teb_msgs -- -j12 -l12
[0.064s] -- Found ament_cmake: 1.3.12 (/opt/ros/humble/share/ament_cmake/cmake)
[0.280s] -- Override CMake install command with custom implementation using symlinks instead of copying resources
[0.287s] -- Found builtin_interfaces: 1.2.2 (/opt/ros/humble/share/builtin_interfaces/cmake)
[0.310s] -- Found rosidl_generator_c: 3.1.7 (/opt/ros/humble/share/rosidl_generator_c/cmake)
[0.313s] -- Found rosidl_adapter: 3.1.7 (/opt/ros/humble/share/rosidl_adapter/cmake)
[0.320s] -- Found rosidl_generator_cpp: 3.1.7 (/opt/ros/humble/share/rosidl_generator_cpp/cmake)
[0.330s] -- Using all available rosidl_typesupport_c: rosidl_typesupport_fastrtps_c;rosidl_typesupport_introspection_c
[0.358s] -- Using all available rosidl_typesupport_cpp: rosidl_typesupport_fastrtps_cpp;rosidl_typesupport_introspection_cpp
[0.366s] -- Found costmap_converter_msgs: 0.1.2 (/home/rmsentry/DUST-RM-Sentry/install/costmap_converter_msgs/share/costmap_converter_msgs/cmake)
[0.425s] -- Found rosidl_default_generators: 1.2.0 (/opt/ros/humble/share/rosidl_default_generators/cmake)
[1.086s] -- Found ament_cmake_ros: 0.10.0 (/opt/ros/humble/share/ament_cmake_ros/cmake)
[2.058s] -- Using all available rosidl_typesupport_c: rosidl_typesupport_fastrtps_c;rosidl_typesupport_introspection_c
[2.440s] -- Using all available rosidl_typesupport_cpp: rosidl_typesupport_fastrtps_cpp;rosidl_typesupport_introspection_cpp
[2.442s] [33mCMake Warning (dev) at /opt/ros/humble/share/rosidl_generator_py/cmake/rosidl_generator_py_generate_interfaces.cmake:20 (find_package):
[2.442s]   Policy CMP0148 is not set: The FindPythonInterp and FindPythonLibs modules
[2.442s]   are removed.  Run "cmake --help-policy CMP0148" for policy details.  Use
[2.442s]   the cmake_policy command to set the policy and suppress this warning.
[2.442s] 
[2.442s] Call Stack (most recent call first):
[2.442s]   /opt/ros/humble/share/ament_cmake_core/cmake/core/ament_execute_extensions.cmake:48 (include)
[2.442s]   /opt/ros/humble/share/rosidl_cmake/cmake/rosidl_generate_interfaces.cmake:286 (ament_execute_extensions)
[2.442s]   CMakeLists.txt:21 (rosidl_generate_interfaces)
[2.442s] This warning is for project developers.  Use -Wno-dev to suppress it.
[2.442s] [0m
[2.463s] -- Found python_cmake_module: 0.10.0 (/opt/ros/humble/share/python_cmake_module/cmake)
[2.463s] [33mCMake Warning (dev) at /opt/ros/humble/share/python_cmake_module/cmake/Modules/FindPythonExtra.cmake:52 (find_package):
[2.463s]   Policy CMP0148 is not set: The FindPythonInterp and FindPythonLibs modules
[2.463s]   are removed.  Run "cmake --help-policy CMP0148" for policy details.  Use
[2.463s]   the cmake_policy command to set the policy and suppress this warning.
[2.463s] 
[2.463s] Call Stack (most recent call first):
[2.463s]   /opt/ros/humble/share/rosidl_generator_py/cmake/rosidl_generator_py_generate_interfaces.cmake:23 (find_package)
[2.464s]   /opt/ros/humble/share/ament_cmake_core/cmake/core/ament_execute_extensions.cmake:48 (include)
[2.464s]   /opt/ros/humble/share/rosidl_cmake/cmake/rosidl_generate_interfaces.cmake:286 (ament_execute_extensions)
[2.464s]   CMakeLists.txt:21 (rosidl_generate_interfaces)
[2.464s] This warning is for project developers.  Use -Wno-dev to suppress it.
[2.464s] [0m
[2.488s] [33mCMake Warning (dev) at /opt/ros/humble/share/python_cmake_module/cmake/Modules/FindPythonExtra.cmake:140 (find_package):
[2.488s]   Policy CMP0148 is not set: The FindPythonInterp and FindPythonLibs modules
[2.489s]   are removed.  Run "cmake --help-policy CMP0148" for policy details.  Use
[2.489s]   the cmake_policy command to set the policy and suppress this warning.
[2.489s] 
[2.489s] Call Stack (most recent call first):
[2.489s]   /opt/ros/humble/share/rosidl_generator_py/cmake/rosidl_generator_py_generate_interfaces.cmake:23 (find_package)
[2.489s]   /opt/ros/humble/share/ament_cmake_core/cmake/core/ament_execute_extensions.cmake:48 (include)
[2.489s]   /opt/ros/humble/share/rosidl_cmake/cmake/rosidl_generate_interfaces.cmake:286 (ament_execute_extensions)
[2.489s]   CMakeLists.txt:21 (rosidl_generate_interfaces)
[2.489s] This warning is for project developers.  Use -Wno-dev to suppress it.
[2.489s] [0m
[2.490s] -- Using PYTHON_EXECUTABLE: /usr/bin/python3
[2.490s] -- Using PYTHON_INCLUDE_DIRS: /usr/include/python3.10
[2.490s] -- Using PYTHON_LIBRARIES: /usr/lib/x86_64-linux-gnu/libpython3.10.so
[2.569s] -- Configuring done (2.5s)
[2.607s] -- Generating done (0.0s)
[2.616s] -- Build files have been written to: /home/rmsentry/DUST-RM-Sentry/build/teb_msgs
[2.644s] [  2%] Built target teb_msgs__cpp
[2.651s] [  2%] Built target ament_cmake_python_symlink_teb_msgs
[2.657s] [ 12%] Built target teb_msgs__rosidl_generator_c
[2.669s] [ 23%] Built target teb_msgs__rosidl_typesupport_cpp
[2.677s] [ 34%] Built target teb_msgs__rosidl_typesupport_introspection_cpp
[2.677s] [ 44%] Built target teb_msgs__rosidl_typesupport_fastrtps_cpp
[2.677s] [ 55%] Built target teb_msgs__rosidl_typesupport_fastrtps_c
[2.678s] [ 65%] Built target teb_msgs__rosidl_typesupport_introspection_c
[2.690s] [ 76%] Built target teb_msgs__rosidl_typesupport_c
[2.704s] [ 76%] Built target teb_msgs
[2.718s] [ 78%] Built target teb_msgs__py
[2.737s] [ 87%] Built target teb_msgs__rosidl_generator_py
[2.755s] [100%] Built target teb_msgs__rosidl_typesupport_c__pyext
[2.756s] [100%] Built target teb_msgs__rosidl_typesupport_fastrtps_c__pyext
[2.756s] [100%] Built target teb_msgs__rosidl_typesupport_introspection_c__pyext
[2.925s] running egg_info
[2.926s] writing teb_msgs.egg-info/PKG-INFO
[2.926s] writing dependency_links to teb_msgs.egg-info/dependency_links.txt
[2.926s] writing top-level names to teb_msgs.egg-info/top_level.txt
[2.927s] reading manifest file 'teb_msgs.egg-info/SOURCES.txt'
[2.928s] writing manifest file 'teb_msgs.egg-info/SOURCES.txt'
[2.946s] [100%] Built target ament_cmake_python_build_teb_msgs_egg
[2.954s] Invoked command in '/home/rmsentry/DUST-RM-Sentry/build/teb_msgs' returned '0': CMAKE_PREFIX_PATH=/home/rmsentry/DUST-RM-Sentry/install/costmap_converter_msgs:/home/rmsentry/DUST-RM-Sentry/install/vision_msg:/home/rmsentry/DUST-RM-Sentry/install/teb_local_planner:/home/rmsentry/DUST-RM-Sentry/install/teb_msgs:/home/rmsentry/DUST-RM-Sentry/install/robot_decision:/home/rmsentry/DUST-RM-Sentry/install/rm_bringup:/home/rmsentry/DUST-RM-Sentry/install/rm_serial_driver:/home/rmsentry/DUST-RM-Sentry/install/rm_robot_description:/home/rmsentry/DUST-RM-Sentry/install/rm_navigation:/home/rmsentry/DUST-RM-Sentry/install/rm_gimbal_description:/home/rmsentry/DUST-RM-Sentry/install/rm_decision_interfaces:/home/rmsentry/DUST-RM-Sentry/install/rm_auto_aim:/home/rmsentry/DUST-RM-Sentry/install/pointcloud_to_laserscan:/home/rmsentry/DUST-RM-Sentry/install/pointcloud_merger:/home/rmsentry/DUST-RM-Sentry/install/point_lio:/home/rmsentry/DUST-RM-Sentry/install/livox_ros2_driver:/home/rmsentry/DUST-RM-Sentry/install/livox_sdk_vendor:/home/rmsentry/DUST-RM-Sentry/install/icp_registration:/home/rmsentry/DUST-RM-Sentry/install/fast_lio:/home/rmsentry/DUST-RM-Sentry/install/livox_ros_driver2:/home/rmsentry/DUST-RM-Sentry/install/livox_interfaces:/home/rmsentry/DUST-RM-Sentry/install/linefit_ground_segmentation_ros:/home/rmsentry/DUST-RM-Sentry/install/linefit_ground_segmentation:/home/rmsentry/DUST-RM-Sentry/install/imu_complementary_filter:/home/rmsentry/DUST-RM-Sentry/install/hik_camera_second:/home/rmsentry/DUST-RM-Sentry/install/hik_camera_first:/home/rmsentry/DUST-RM-Sentry/install/hik_camera:/home/rmsentry/DUST-RM-Sentry/install/global_interface:/home/rmsentry/DUST-RM-Sentry/install/costmap_converter:/home/rmsentry/DUST-RM-Sentry/install/armor_tracker:/home/rmsentry/DUST-RM-Sentry/install/armor_solver:/home/rmsentry/DUST-RM-Sentry/install/armor_detector:/home/rmsentry/DUST-RM-Sentry/install/auto_aim_interfaces:/home/rmsentry/DUST-RM-Sentry/install/rm_decision:/home/rmsentry/DUST-RM-Sentry/install/fake_msg_publisher:/opt/ros/humble LD_LIBRARY_PATH=/home/rmsentry/DUST-RM-Sentry/install/costmap_converter_msgs/lib:/home/rmsentry/DUST-RM-Sentry/install/vision_msg/lib:/home/rmsentry/DUST-RM-Sentry/install/teb_local_planner/lib:/home/rmsentry/DUST-RM-Sentry/install/teb_msgs/lib:/home/rmsentry/DUST-RM-Sentry/install/robot_decision/lib:/home/rmsentry/DUST-RM-Sentry/install/rm_serial_driver/lib:/home/rmsentry/DUST-RM-Sentry/install/rm_decision_interfaces/lib:/home/rmsentry/DUST-RM-Sentry/install/pointcloud_to_laserscan/lib:/home/rmsentry/DUST-RM-Sentry/install/livox_ros2_driver/lib:/home/rmsentry/DUST-RM-Sentry/install/icp_registration/lib:/home/rmsentry/DUST-RM-Sentry/install/fast_lio/lib:/home/rmsentry/DUST-RM-Sentry/install/livox_ros_driver2/lib:/home/rmsentry/DUST-RM-Sentry/install/livox_interfaces/lib:/home/rmsentry/DUST-RM-Sentry/install/linefit_ground_segmentation/lib:/home/rmsentry/DUST-RM-Sentry/install/imu_complementary_filter/lib:/home/rmsentry/DUST-RM-Sentry/install/hik_camera_second/lib:/home/rmsentry/DUST-RM-Sentry/install/hik_camera_first/lib:/home/rmsentry/DUST-RM-Sentry/install/hik_camera/lib:/home/rmsentry/DUST-RM-Sentry/install/global_interface/lib:/home/rmsentry/DUST-RM-Sentry/install/costmap_converter/lib:/home/rmsentry/DUST-RM-Sentry/install/armor_tracker/lib:/home/rmsentry/DUST-RM-Sentry/install/armor_solver/lib:/home/rmsentry/DUST-RM-Sentry/install/armor_detector/lib:/home/rmsentry/DUST-RM-Sentry/install/auto_aim_interfaces/lib:/opt/MVS/lib/64:/opt/MVS/lib/32:/usr/local/lib:/opt/MVS/lib/64:/opt/MVS/lib/32:/opt/MVS/lib/64:/opt/MVS/lib/32:/usr/local/lib:/opt/ros/humble/opt/rviz_ogre_vendor/lib:/opt/ros/humble/lib/x86_64-linux-gnu:/opt/ros/humble/lib:/opt/MVS/lib/64:/opt/MVS/lib/32:/opt/MVS/lib/64:/opt/MVS/lib/32:/opt/MVS/lib/64:/opt/MVS/lib/32 /usr/local/bin/cmake --build /home/rmsentry/DUST-RM-Sentry/build/teb_msgs -- -j12 -l12
[2.961s] Invoking command in '/home/rmsentry/DUST-RM-Sentry/build/teb_msgs': CMAKE_PREFIX_PATH=/home/rmsentry/DUST-RM-Sentry/install/costmap_converter_msgs:/home/rmsentry/DUST-RM-Sentry/install/vision_msg:/home/rmsentry/DUST-RM-Sentry/install/teb_local_planner:/home/rmsentry/DUST-RM-Sentry/install/teb_msgs:/home/rmsentry/DUST-RM-Sentry/install/robot_decision:/home/rmsentry/DUST-RM-Sentry/install/rm_bringup:/home/rmsentry/DUST-RM-Sentry/install/rm_serial_driver:/home/rmsentry/DUST-RM-Sentry/install/rm_robot_description:/home/rmsentry/DUST-RM-Sentry/install/rm_navigation:/home/rmsentry/DUST-RM-Sentry/install/rm_gimbal_description:/home/rmsentry/DUST-RM-Sentry/install/rm_decision_interfaces:/home/rmsentry/DUST-RM-Sentry/install/rm_auto_aim:/home/rmsentry/DUST-RM-Sentry/install/pointcloud_to_laserscan:/home/rmsentry/DUST-RM-Sentry/install/pointcloud_merger:/home/rmsentry/DUST-RM-Sentry/install/point_lio:/home/rmsentry/DUST-RM-Sentry/install/livox_ros2_driver:/home/rmsentry/DUST-RM-Sentry/install/livox_sdk_vendor:/home/rmsentry/DUST-RM-Sentry/install/icp_registration:/home/rmsentry/DUST-RM-Sentry/install/fast_lio:/home/rmsentry/DUST-RM-Sentry/install/livox_ros_driver2:/home/rmsentry/DUST-RM-Sentry/install/livox_interfaces:/home/rmsentry/DUST-RM-Sentry/install/linefit_ground_segmentation_ros:/home/rmsentry/DUST-RM-Sentry/install/linefit_ground_segmentation:/home/rmsentry/DUST-RM-Sentry/install/imu_complementary_filter:/home/rmsentry/DUST-RM-Sentry/install/hik_camera_second:/home/rmsentry/DUST-RM-Sentry/install/hik_camera_first:/home/rmsentry/DUST-RM-Sentry/install/hik_camera:/home/rmsentry/DUST-RM-Sentry/install/global_interface:/home/rmsentry/DUST-RM-Sentry/install/costmap_converter:/home/rmsentry/DUST-RM-Sentry/install/armor_tracker:/home/rmsentry/DUST-RM-Sentry/install/armor_solver:/home/rmsentry/DUST-RM-Sentry/install/armor_detector:/home/rmsentry/DUST-RM-Sentry/install/auto_aim_interfaces:/home/rmsentry/DUST-RM-Sentry/install/rm_decision:/home/rmsentry/DUST-RM-Sentry/install/fake_msg_publisher:/opt/ros/humble LD_LIBRARY_PATH=/home/rmsentry/DUST-RM-Sentry/install/costmap_converter_msgs/lib:/home/rmsentry/DUST-RM-Sentry/install/vision_msg/lib:/home/rmsentry/DUST-RM-Sentry/install/teb_local_planner/lib:/home/rmsentry/DUST-RM-Sentry/install/teb_msgs/lib:/home/rmsentry/DUST-RM-Sentry/install/robot_decision/lib:/home/rmsentry/DUST-RM-Sentry/install/rm_serial_driver/lib:/home/rmsentry/DUST-RM-Sentry/install/rm_decision_interfaces/lib:/home/rmsentry/DUST-RM-Sentry/install/pointcloud_to_laserscan/lib:/home/rmsentry/DUST-RM-Sentry/install/livox_ros2_driver/lib:/home/rmsentry/DUST-RM-Sentry/install/icp_registration/lib:/home/rmsentry/DUST-RM-Sentry/install/fast_lio/lib:/home/rmsentry/DUST-RM-Sentry/install/livox_ros_driver2/lib:/home/rmsentry/DUST-RM-Sentry/install/livox_interfaces/lib:/home/rmsentry/DUST-RM-Sentry/install/linefit_ground_segmentation/lib:/home/rmsentry/DUST-RM-Sentry/install/imu_complementary_filter/lib:/home/rmsentry/DUST-RM-Sentry/install/hik_camera_second/lib:/home/rmsentry/DUST-RM-Sentry/install/hik_camera_first/lib:/home/rmsentry/DUST-RM-Sentry/install/hik_camera/lib:/home/rmsentry/DUST-RM-Sentry/install/global_interface/lib:/home/rmsentry/DUST-RM-Sentry/install/costmap_converter/lib:/home/rmsentry/DUST-RM-Sentry/install/armor_tracker/lib:/home/rmsentry/DUST-RM-Sentry/install/armor_solver/lib:/home/rmsentry/DUST-RM-Sentry/install/armor_detector/lib:/home/rmsentry/DUST-RM-Sentry/install/auto_aim_interfaces/lib:/opt/MVS/lib/64:/opt/MVS/lib/32:/usr/local/lib:/opt/MVS/lib/64:/opt/MVS/lib/32:/opt/MVS/lib/64:/opt/MVS/lib/32:/usr/local/lib:/opt/ros/humble/opt/rviz_ogre_vendor/lib:/opt/ros/humble/lib/x86_64-linux-gnu:/opt/ros/humble/lib:/opt/MVS/lib/64:/opt/MVS/lib/32:/opt/MVS/lib/64:/opt/MVS/lib/32:/opt/MVS/lib/64:/opt/MVS/lib/32 /usr/local/bin/cmake --install /home/rmsentry/DUST-RM-Sentry/build/teb_msgs
[2.967s] -- Install configuration: ""
[2.967s] -- Execute custom install script
[2.967s] -- Up-to-date symlink: /home/rmsentry/DUST-RM-Sentry/install/teb_msgs/share/ament_index/resource_index/rosidl_interfaces/teb_msgs
[2.967s] -- Up-to-date symlink: /home/rmsentry/DUST-RM-Sentry/install/teb_msgs/include/teb_msgs/teb_msgs/msg/detail/feedback_msg__functions.h
[2.967s] -- Up-to-date symlink: /home/rmsentry/DUST-RM-Sentry/install/teb_msgs/include/teb_msgs/teb_msgs/msg/detail/feedback_msg__struct.h
[2.967s] -- Up-to-date symlink: /home/rmsentry/DUST-RM-Sentry/install/teb_msgs/include/teb_msgs/teb_msgs/msg/detail/feedback_msg__type_support.h
[2.967s] -- Up-to-date symlink: /home/rmsentry/DUST-RM-Sentry/install/teb_msgs/include/teb_msgs/teb_msgs/msg/detail/trajectory_msg__functions.h
[2.967s] -- Up-to-date symlink: /home/rmsentry/DUST-RM-Sentry/install/teb_msgs/include/teb_msgs/teb_msgs/msg/detail/trajectory_msg__struct.h
[2.967s] -- Up-to-date symlink: /home/rmsentry/DUST-RM-Sentry/install/teb_msgs/include/teb_msgs/teb_msgs/msg/detail/trajectory_msg__type_support.h
[2.967s] -- Up-to-date symlink: /home/rmsentry/DUST-RM-Sentry/install/teb_msgs/include/teb_msgs/teb_msgs/msg/detail/trajectory_point_msg__functions.h
[2.967s] -- Up-to-date symlink: /home/rmsentry/DUST-RM-Sentry/install/teb_msgs/include/teb_msgs/teb_msgs/msg/detail/trajectory_point_msg__struct.h
[2.967s] -- Up-to-date symlink: /home/rmsentry/DUST-RM-Sentry/install/teb_msgs/include/teb_msgs/teb_msgs/msg/detail/trajectory_point_msg__type_support.h
[2.968s] -- Up-to-date symlink: /home/rmsentry/DUST-RM-Sentry/install/teb_msgs/include/teb_msgs/teb_msgs/msg/feedback_msg.h
[2.968s] -- Up-to-date symlink: /home/rmsentry/DUST-RM-Sentry/install/teb_msgs/include/teb_msgs/teb_msgs/msg/rosidl_generator_c__visibility_control.h
[2.968s] -- Up-to-date symlink: /home/rmsentry/DUST-RM-Sentry/install/teb_msgs/include/teb_msgs/teb_msgs/msg/trajectory_msg.h
[2.968s] -- Up-to-date symlink: /home/rmsentry/DUST-RM-Sentry/install/teb_msgs/include/teb_msgs/teb_msgs/msg/trajectory_point_msg.h
[2.968s] -- Up-to-date symlink: /home/rmsentry/DUST-RM-Sentry/install/teb_msgs/share/teb_msgs/environment/library_path.sh
[2.968s] -- Up-to-date symlink: /home/rmsentry/DUST-RM-Sentry/install/teb_msgs/share/teb_msgs/environment/library_path.dsv
[2.968s] -- Up-to-date symlink: /home/rmsentry/DUST-RM-Sentry/install/teb_msgs/include/teb_msgs/teb_msgs/msg/detail/feedback_msg__rosidl_typesupport_fastrtps_c.h
[2.968s] -- Up-to-date symlink: /home/rmsentry/DUST-RM-Sentry/install/teb_msgs/include/teb_msgs/teb_msgs/msg/detail/trajectory_msg__rosidl_typesupport_fastrtps_c.h
[2.968s] -- Up-to-date symlink: /home/rmsentry/DUST-RM-Sentry/install/teb_msgs/include/teb_msgs/teb_msgs/msg/detail/trajectory_point_msg__rosidl_typesupport_fastrtps_c.h
[2.968s] -- Up-to-date symlink: /home/rmsentry/DUST-RM-Sentry/install/teb_msgs/include/teb_msgs/teb_msgs/msg/rosidl_typesupport_fastrtps_c__visibility_control.h
[2.968s] -- Up-to-date symlink: /home/rmsentry/DUST-RM-Sentry/install/teb_msgs/include/teb_msgs/teb_msgs/msg/detail/feedback_msg__builder.hpp
[2.968s] -- Up-to-date symlink: /home/rmsentry/DUST-RM-Sentry/install/teb_msgs/include/teb_msgs/teb_msgs/msg/detail/feedback_msg__struct.hpp
[2.968s] -- Up-to-date symlink: /home/rmsentry/DUST-RM-Sentry/install/teb_msgs/include/teb_msgs/teb_msgs/msg/detail/feedback_msg__traits.hpp
[2.968s] -- Up-to-date symlink: /home/rmsentry/DUST-RM-Sentry/install/teb_msgs/include/teb_msgs/teb_msgs/msg/detail/feedback_msg__type_support.hpp
[2.968s] -- Up-to-date symlink: /home/rmsentry/DUST-RM-Sentry/install/teb_msgs/include/teb_msgs/teb_msgs/msg/detail/trajectory_msg__builder.hpp
[2.969s] -- Up-to-date symlink: /home/rmsentry/DUST-RM-Sentry/install/teb_msgs/include/teb_msgs/teb_msgs/msg/detail/trajectory_msg__struct.hpp
[2.969s] -- Up-to-date symlink: /home/rmsentry/DUST-RM-Sentry/install/teb_msgs/include/teb_msgs/teb_msgs/msg/detail/trajectory_msg__traits.hpp
[2.969s] -- Up-to-date symlink: /home/rmsentry/DUST-RM-Sentry/install/teb_msgs/include/teb_msgs/teb_msgs/msg/detail/trajectory_msg__type_support.hpp
[2.969s] -- Up-to-date symlink: /home/rmsentry/DUST-RM-Sentry/install/teb_msgs/include/teb_msgs/teb_msgs/msg/detail/trajectory_point_msg__builder.hpp
[2.969s] -- Up-to-date symlink: /home/rmsentry/DUST-RM-Sentry/install/teb_msgs/include/teb_msgs/teb_msgs/msg/detail/trajectory_point_msg__struct.hpp
[2.969s] -- Up-to-date symlink: /home/rmsentry/DUST-RM-Sentry/install/teb_msgs/include/teb_msgs/teb_msgs/msg/detail/trajectory_point_msg__traits.hpp
[2.969s] -- Up-to-date symlink: /home/rmsentry/DUST-RM-Sentry/install/teb_msgs/include/teb_msgs/teb_msgs/msg/detail/trajectory_point_msg__type_support.hpp
[2.969s] -- Up-to-date symlink: /home/rmsentry/DUST-RM-Sentry/install/teb_msgs/include/teb_msgs/teb_msgs/msg/feedback_msg.hpp
[2.969s] -- Up-to-date symlink: /home/rmsentry/DUST-RM-Sentry/install/teb_msgs/include/teb_msgs/teb_msgs/msg/rosidl_generator_cpp__visibility_control.hpp
[2.969s] -- Up-to-date symlink: /home/rmsentry/DUST-RM-Sentry/install/teb_msgs/include/teb_msgs/teb_msgs/msg/trajectory_msg.hpp
[2.969s] -- Up-to-date symlink: /home/rmsentry/DUST-RM-Sentry/install/teb_msgs/include/teb_msgs/teb_msgs/msg/trajectory_point_msg.hpp
[2.969s] -- Up-to-date symlink: /home/rmsentry/DUST-RM-Sentry/install/teb_msgs/include/teb_msgs/teb_msgs/msg/detail/feedback_msg__rosidl_typesupport_fastrtps_cpp.hpp
[2.969s] -- Up-to-date symlink: /home/rmsentry/DUST-RM-Sentry/install/teb_msgs/include/teb_msgs/teb_msgs/msg/detail/trajectory_msg__rosidl_typesupport_fastrtps_cpp.hpp
[2.969s] -- Up-to-date symlink: /home/rmsentry/DUST-RM-Sentry/install/teb_msgs/include/teb_msgs/teb_msgs/msg/detail/trajectory_point_msg__rosidl_typesupport_fastrtps_cpp.hpp
[2.969s] -- Up-to-date symlink: /home/rmsentry/DUST-RM-Sentry/install/teb_msgs/include/teb_msgs/teb_msgs/msg/rosidl_typesupport_fastrtps_cpp__visibility_control.h
[2.969s] -- Up-to-date symlink: /home/rmsentry/DUST-RM-Sentry/install/teb_msgs/include/teb_msgs/teb_msgs/msg/detail/feedback_msg__rosidl_typesupport_introspection_c.h
[2.969s] -- Up-to-date symlink: /home/rmsentry/DUST-RM-Sentry/install/teb_msgs/include/teb_msgs/teb_msgs/msg/detail/trajectory_msg__rosidl_typesupport_introspection_c.h
[2.969s] -- Up-to-date symlink: /home/rmsentry/DUST-RM-Sentry/install/teb_msgs/include/teb_msgs/teb_msgs/msg/detail/trajectory_point_msg__rosidl_typesupport_introspection_c.h
[2.969s] -- Up-to-date symlink: /home/rmsentry/DUST-RM-Sentry/install/teb_msgs/include/teb_msgs/teb_msgs/msg/rosidl_typesupport_introspection_c__visibility_control.h
[2.970s] -- Up-to-date symlink: /home/rmsentry/DUST-RM-Sentry/install/teb_msgs/include/teb_msgs/teb_msgs/msg/detail/feedback_msg__rosidl_typesupport_introspection_cpp.hpp
[2.970s] -- Up-to-date symlink: /home/rmsentry/DUST-RM-Sentry/install/teb_msgs/include/teb_msgs/teb_msgs/msg/detail/trajectory_msg__rosidl_typesupport_introspection_cpp.hpp
[2.970s] -- Up-to-date symlink: /home/rmsentry/DUST-RM-Sentry/install/teb_msgs/include/teb_msgs/teb_msgs/msg/detail/trajectory_point_msg__rosidl_typesupport_introspection_cpp.hpp
[2.970s] -- Up-to-date symlink: /home/rmsentry/DUST-RM-Sentry/install/teb_msgs/share/teb_msgs/environment/pythonpath.sh
[2.970s] -- Up-to-date symlink: /home/rmsentry/DUST-RM-Sentry/install/teb_msgs/share/teb_msgs/environment/pythonpath.dsv
[2.970s] -- Up-to-date symlink: /home/rmsentry/DUST-RM-Sentry/install/teb_msgs/local/lib/python3.10/dist-packages/teb_msgs-0.0.1-py3.10.egg-info/PKG-INFO
[2.970s] -- Up-to-date symlink: /home/rmsentry/DUST-RM-Sentry/install/teb_msgs/local/lib/python3.10/dist-packages/teb_msgs-0.0.1-py3.10.egg-info/SOURCES.txt
[2.970s] -- Up-to-date symlink: /home/rmsentry/DUST-RM-Sentry/install/teb_msgs/local/lib/python3.10/dist-packages/teb_msgs-0.0.1-py3.10.egg-info/dependency_links.txt
[2.970s] -- Up-to-date symlink: /home/rmsentry/DUST-RM-Sentry/install/teb_msgs/local/lib/python3.10/dist-packages/teb_msgs-0.0.1-py3.10.egg-info/top_level.txt
[2.970s] -- Up-to-date symlink: /home/rmsentry/DUST-RM-Sentry/install/teb_msgs/local/lib/python3.10/dist-packages/teb_msgs/__init__.py
[2.970s] -- Up-to-date symlink: /home/rmsentry/DUST-RM-Sentry/install/teb_msgs/local/lib/python3.10/dist-packages/teb_msgs/_teb_msgs_s.ep.rosidl_typesupport_c.c
[2.970s] -- Up-to-date symlink: /home/rmsentry/DUST-RM-Sentry/install/teb_msgs/local/lib/python3.10/dist-packages/teb_msgs/_teb_msgs_s.ep.rosidl_typesupport_fastrtps_c.c
[2.970s] -- Up-to-date symlink: /home/rmsentry/DUST-RM-Sentry/install/teb_msgs/local/lib/python3.10/dist-packages/teb_msgs/_teb_msgs_s.ep.rosidl_typesupport_introspection_c.c
[2.970s] -- Up-to-date symlink: /home/rmsentry/DUST-RM-Sentry/install/teb_msgs/local/lib/python3.10/dist-packages/teb_msgs/libteb_msgs__rosidl_generator_py.so
[2.970s] -- Up-to-date symlink: /home/rmsentry/DUST-RM-Sentry/install/teb_msgs/local/lib/python3.10/dist-packages/teb_msgs/msg/__init__.py
[2.970s] -- Up-to-date symlink: /home/rmsentry/DUST-RM-Sentry/install/teb_msgs/local/lib/python3.10/dist-packages/teb_msgs/msg/_feedback_msg.py
[2.970s] -- Up-to-date symlink: /home/rmsentry/DUST-RM-Sentry/install/teb_msgs/local/lib/python3.10/dist-packages/teb_msgs/msg/_feedback_msg_s.c
[2.971s] -- Up-to-date symlink: /home/rmsentry/DUST-RM-Sentry/install/teb_msgs/local/lib/python3.10/dist-packages/teb_msgs/msg/_trajectory_msg.py
[2.971s] -- Up-to-date symlink: /home/rmsentry/DUST-RM-Sentry/install/teb_msgs/local/lib/python3.10/dist-packages/teb_msgs/msg/_trajectory_msg_s.c
[2.971s] -- Up-to-date symlink: /home/rmsentry/DUST-RM-Sentry/install/teb_msgs/local/lib/python3.10/dist-packages/teb_msgs/msg/_trajectory_point_msg.py
[2.971s] -- Up-to-date symlink: /home/rmsentry/DUST-RM-Sentry/install/teb_msgs/local/lib/python3.10/dist-packages/teb_msgs/msg/_trajectory_point_msg_s.c
[2.971s] -- Up-to-date symlink: /home/rmsentry/DUST-RM-Sentry/install/teb_msgs/local/lib/python3.10/dist-packages/teb_msgs/teb_msgs_s__rosidl_typesupport_c.cpython-310-x86_64-linux-gnu.so
[2.971s] -- Up-to-date symlink: /home/rmsentry/DUST-RM-Sentry/install/teb_msgs/local/lib/python3.10/dist-packages/teb_msgs/teb_msgs_s__rosidl_typesupport_fastrtps_c.cpython-310-x86_64-linux-gnu.so
[2.971s] -- Up-to-date symlink: /home/rmsentry/DUST-RM-Sentry/install/teb_msgs/local/lib/python3.10/dist-packages/teb_msgs/teb_msgs_s__rosidl_typesupport_introspection_c.cpython-310-x86_64-linux-gnu.so
[2.971s] -- Up-to-date symlink: /home/rmsentry/DUST-RM-Sentry/install/teb_msgs/local/lib/python3.10/dist-packages/teb_msgs/teb_msgs_s__rosidl_typesupport_fastrtps_c.cpython-310-x86_64-linux-gnu.so
[2.971s] -- Up-to-date symlink: /home/rmsentry/DUST-RM-Sentry/install/teb_msgs/local/lib/python3.10/dist-packages/teb_msgs/teb_msgs_s__rosidl_typesupport_introspection_c.cpython-310-x86_64-linux-gnu.so
[2.971s] -- Up-to-date symlink: /home/rmsentry/DUST-RM-Sentry/install/teb_msgs/local/lib/python3.10/dist-packages/teb_msgs/teb_msgs_s__rosidl_typesupport_c.cpython-310-x86_64-linux-gnu.so
[2.971s] -- Up-to-date symlink: /home/rmsentry/DUST-RM-Sentry/install/teb_msgs/share/teb_msgs/msg/FeedbackMsg.idl
[2.971s] -- Up-to-date symlink: /home/rmsentry/DUST-RM-Sentry/install/teb_msgs/share/teb_msgs/msg/TrajectoryMsg.idl
[2.971s] -- Up-to-date symlink: /home/rmsentry/DUST-RM-Sentry/install/teb_msgs/share/teb_msgs/msg/TrajectoryPointMsg.idl
[2.971s] -- Up-to-date symlink: /home/rmsentry/DUST-RM-Sentry/install/teb_msgs/share/teb_msgs/msg/FeedbackMsg.msg
[2.971s] -- Up-to-date symlink: /home/rmsentry/DUST-RM-Sentry/install/teb_msgs/share/teb_msgs/msg/TrajectoryMsg.msg
[2.971s] -- Up-to-date symlink: /home/rmsentry/DUST-RM-Sentry/install/teb_msgs/share/teb_msgs/msg/TrajectoryPointMsg.msg
[2.971s] -- Up-to-date symlink: /home/rmsentry/DUST-RM-Sentry/install/teb_msgs/share/ament_index/resource_index/package_run_dependencies/teb_msgs
[2.971s] -- Up-to-date symlink: /home/rmsentry/DUST-RM-Sentry/install/teb_msgs/share/ament_index/resource_index/parent_prefix_path/teb_msgs
[2.971s] -- Up-to-date symlink: /home/rmsentry/DUST-RM-Sentry/install/teb_msgs/share/teb_msgs/environment/ament_prefix_path.sh
[2.972s] -- Up-to-date symlink: /home/rmsentry/DUST-RM-Sentry/install/teb_msgs/share/teb_msgs/environment/ament_prefix_path.dsv
[2.972s] -- Up-to-date symlink: /home/rmsentry/DUST-RM-Sentry/install/teb_msgs/share/teb_msgs/environment/path.sh
[2.972s] -- Up-to-date symlink: /home/rmsentry/DUST-RM-Sentry/install/teb_msgs/share/teb_msgs/environment/path.dsv
[2.972s] -- Up-to-date symlink: /home/rmsentry/DUST-RM-Sentry/install/teb_msgs/share/teb_msgs/local_setup.bash
[2.972s] -- Up-to-date symlink: /home/rmsentry/DUST-RM-Sentry/install/teb_msgs/share/teb_msgs/local_setup.sh
[2.972s] -- Up-to-date symlink: /home/rmsentry/DUST-RM-Sentry/install/teb_msgs/share/teb_msgs/local_setup.zsh
[2.972s] -- Up-to-date symlink: /home/rmsentry/DUST-RM-Sentry/install/teb_msgs/share/teb_msgs/local_setup.dsv
[2.972s] -- Symlinking: /home/rmsentry/DUST-RM-Sentry/install/teb_msgs/share/teb_msgs/package.dsv
[2.980s] -- Up-to-date symlink: /home/rmsentry/DUST-RM-Sentry/install/teb_msgs/share/ament_index/resource_index/packages/teb_msgs
[2.980s] -- Up-to-date symlink: /home/rmsentry/DUST-RM-Sentry/install/teb_msgs/share/teb_msgs/cmake/rosidl_cmake-extras.cmake
[2.980s] -- Up-to-date symlink: /home/rmsentry/DUST-RM-Sentry/install/teb_msgs/share/teb_msgs/cmake/ament_cmake_export_dependencies-extras.cmake
[2.980s] -- Up-to-date symlink: /home/rmsentry/DUST-RM-Sentry/install/teb_msgs/share/teb_msgs/cmake/ament_cmake_export_include_directories-extras.cmake
[2.980s] -- Up-to-date symlink: /home/rmsentry/DUST-RM-Sentry/install/teb_msgs/share/teb_msgs/cmake/ament_cmake_export_libraries-extras.cmake
[2.980s] -- Up-to-date symlink: /home/rmsentry/DUST-RM-Sentry/install/teb_msgs/share/teb_msgs/cmake/ament_cmake_export_targets-extras.cmake
[2.980s] -- Up-to-date symlink: /home/rmsentry/DUST-RM-Sentry/install/teb_msgs/share/teb_msgs/cmake/rosidl_cmake_export_typesupport_targets-extras.cmake
[2.980s] -- Up-to-date symlink: /home/rmsentry/DUST-RM-Sentry/install/teb_msgs/share/teb_msgs/cmake/rosidl_cmake_export_typesupport_libraries-extras.cmake
[2.980s] -- Up-to-date symlink: /home/rmsentry/DUST-RM-Sentry/install/teb_msgs/share/teb_msgs/cmake/teb_msgsConfig.cmake
[2.980s] -- Up-to-date symlink: /home/rmsentry/DUST-RM-Sentry/install/teb_msgs/share/teb_msgs/cmake/teb_msgsConfig-version.cmake
[2.981s] -- Up-to-date symlink: /home/rmsentry/DUST-RM-Sentry/install/teb_msgs/share/teb_msgs/package.xml
[2.981s] -- Up-to-date: /home/rmsentry/DUST-RM-Sentry/install/teb_msgs/lib/libteb_msgs__rosidl_generator_c.so
[2.981s] -- Up-to-date: /home/rmsentry/DUST-RM-Sentry/install/teb_msgs/lib/libteb_msgs__rosidl_typesupport_fastrtps_c.so
[2.981s] -- Up-to-date: /home/rmsentry/DUST-RM-Sentry/install/teb_msgs/lib/libteb_msgs__rosidl_typesupport_fastrtps_cpp.so
[2.981s] -- Up-to-date: /home/rmsentry/DUST-RM-Sentry/install/teb_msgs/lib/libteb_msgs__rosidl_typesupport_introspection_c.so
[2.981s] -- Up-to-date: /home/rmsentry/DUST-RM-Sentry/install/teb_msgs/lib/libteb_msgs__rosidl_typesupport_c.so
[2.981s] -- Up-to-date: /home/rmsentry/DUST-RM-Sentry/install/teb_msgs/lib/libteb_msgs__rosidl_typesupport_introspection_cpp.so
[2.981s] -- Up-to-date: /home/rmsentry/DUST-RM-Sentry/install/teb_msgs/lib/libteb_msgs__rosidl_typesupport_cpp.so
[3.023s] Listing '/home/rmsentry/DUST-RM-Sentry/install/teb_msgs/local/lib/python3.10/dist-packages/teb_msgs'...
[3.023s] Compiling '/home/rmsentry/DUST-RM-Sentry/install/teb_msgs/local/lib/python3.10/dist-packages/teb_msgs/__init__.py'...
[3.023s] Listing '/home/rmsentry/DUST-RM-Sentry/install/teb_msgs/local/lib/python3.10/dist-packages/teb_msgs/msg'...
[3.023s] Compiling '/home/rmsentry/DUST-RM-Sentry/install/teb_msgs/local/lib/python3.10/dist-packages/teb_msgs/msg/__init__.py'...
[3.023s] Compiling '/home/rmsentry/DUST-RM-Sentry/install/teb_msgs/local/lib/python3.10/dist-packages/teb_msgs/msg/_feedback_msg.py'...
[3.023s] Compiling '/home/rmsentry/DUST-RM-Sentry/install/teb_msgs/local/lib/python3.10/dist-packages/teb_msgs/msg/_trajectory_msg.py'...
[3.023s] Compiling '/home/rmsentry/DUST-RM-Sentry/install/teb_msgs/local/lib/python3.10/dist-packages/teb_msgs/msg/_trajectory_point_msg.py'...
[3.028s] -- Up-to-date: /home/rmsentry/DUST-RM-Sentry/install/teb_msgs/lib/libteb_msgs__rosidl_generator_py.so
[3.028s] -- Up-to-date: /home/rmsentry/DUST-RM-Sentry/install/teb_msgs/share/teb_msgs/cmake/export_teb_msgs__rosidl_generator_cExport.cmake
[3.028s] -- Up-to-date: /home/rmsentry/DUST-RM-Sentry/install/teb_msgs/share/teb_msgs/cmake/export_teb_msgs__rosidl_generator_cExport-noconfig.cmake
[3.028s] -- Up-to-date: /home/rmsentry/DUST-RM-Sentry/install/teb_msgs/share/teb_msgs/cmake/export_teb_msgs__rosidl_typesupport_fastrtps_cExport.cmake
[3.030s] -- Up-to-date: /home/rmsentry/DUST-RM-Sentry/install/teb_msgs/share/teb_msgs/cmake/export_teb_msgs__rosidl_typesupport_fastrtps_cExport-noconfig.cmake
[3.030s] -- Up-to-date: /home/rmsentry/DUST-RM-Sentry/install/teb_msgs/share/teb_msgs/cmake/export_teb_msgs__rosidl_generator_cppExport.cmake
[3.030s] -- Up-to-date: /home/rmsentry/DUST-RM-Sentry/install/teb_msgs/share/teb_msgs/cmake/export_teb_msgs__rosidl_typesupport_fastrtps_cppExport.cmake
[3.030s] -- Up-to-date: /home/rmsentry/DUST-RM-Sentry/install/teb_msgs/share/teb_msgs/cmake/export_teb_msgs__rosidl_typesupport_fastrtps_cppExport-noconfig.cmake
[3.030s] -- Up-to-date: /home/rmsentry/DUST-RM-Sentry/install/teb_msgs/share/teb_msgs/cmake/teb_msgs__rosidl_typesupport_introspection_cExport.cmake
[3.030s] -- Up-to-date: /home/rmsentry/DUST-RM-Sentry/install/teb_msgs/share/teb_msgs/cmake/teb_msgs__rosidl_typesupport_introspection_cExport-noconfig.cmake
[3.030s] -- Up-to-date: /home/rmsentry/DUST-RM-Sentry/install/teb_msgs/share/teb_msgs/cmake/teb_msgs__rosidl_typesupport_cExport.cmake
[3.030s] -- Up-to-date: /home/rmsentry/DUST-RM-Sentry/install/teb_msgs/share/teb_msgs/cmake/teb_msgs__rosidl_typesupport_cExport-noconfig.cmake
[3.030s] -- Up-to-date: /home/rmsentry/DUST-RM-Sentry/install/teb_msgs/share/teb_msgs/cmake/teb_msgs__rosidl_typesupport_introspection_cppExport.cmake
[3.030s] -- Up-to-date: /home/rmsentry/DUST-RM-Sentry/install/teb_msgs/share/teb_msgs/cmake/teb_msgs__rosidl_typesupport_introspection_cppExport-noconfig.cmake
[3.030s] -- Up-to-date: /home/rmsentry/DUST-RM-Sentry/install/teb_msgs/share/teb_msgs/cmake/teb_msgs__rosidl_typesupport_cppExport.cmake
[3.030s] -- Up-to-date: /home/rmsentry/DUST-RM-Sentry/install/teb_msgs/share/teb_msgs/cmake/teb_msgs__rosidl_typesupport_cppExport-noconfig.cmake
[3.030s] -- Up-to-date: /home/rmsentry/DUST-RM-Sentry/install/teb_msgs/share/teb_msgs/cmake/export_teb_msgs__rosidl_generator_pyExport.cmake
[3.030s] -- Up-to-date: /home/rmsentry/DUST-RM-Sentry/install/teb_msgs/share/teb_msgs/cmake/export_teb_msgs__rosidl_generator_pyExport-noconfig.cmake
[3.032s] Invoked command in '/home/rmsentry/DUST-RM-Sentry/build/teb_msgs' returned '0': CMAKE_PREFIX_PATH=/home/rmsentry/DUST-RM-Sentry/install/costmap_converter_msgs:/home/rmsentry/DUST-RM-Sentry/install/vision_msg:/home/rmsentry/DUST-RM-Sentry/install/teb_local_planner:/home/rmsentry/DUST-RM-Sentry/install/teb_msgs:/home/rmsentry/DUST-RM-Sentry/install/robot_decision:/home/rmsentry/DUST-RM-Sentry/install/rm_bringup:/home/rmsentry/DUST-RM-Sentry/install/rm_serial_driver:/home/rmsentry/DUST-RM-Sentry/install/rm_robot_description:/home/rmsentry/DUST-RM-Sentry/install/rm_navigation:/home/rmsentry/DUST-RM-Sentry/install/rm_gimbal_description:/home/rmsentry/DUST-RM-Sentry/install/rm_decision_interfaces:/home/rmsentry/DUST-RM-Sentry/install/rm_auto_aim:/home/rmsentry/DUST-RM-Sentry/install/pointcloud_to_laserscan:/home/rmsentry/DUST-RM-Sentry/install/pointcloud_merger:/home/rmsentry/DUST-RM-Sentry/install/point_lio:/home/rmsentry/DUST-RM-Sentry/install/livox_ros2_driver:/home/rmsentry/DUST-RM-Sentry/install/livox_sdk_vendor:/home/rmsentry/DUST-RM-Sentry/install/icp_registration:/home/rmsentry/DUST-RM-Sentry/install/fast_lio:/home/rmsentry/DUST-RM-Sentry/install/livox_ros_driver2:/home/rmsentry/DUST-RM-Sentry/install/livox_interfaces:/home/rmsentry/DUST-RM-Sentry/install/linefit_ground_segmentation_ros:/home/rmsentry/DUST-RM-Sentry/install/linefit_ground_segmentation:/home/rmsentry/DUST-RM-Sentry/install/imu_complementary_filter:/home/rmsentry/DUST-RM-Sentry/install/hik_camera_second:/home/rmsentry/DUST-RM-Sentry/install/hik_camera_first:/home/rmsentry/DUST-RM-Sentry/install/hik_camera:/home/rmsentry/DUST-RM-Sentry/install/global_interface:/home/rmsentry/DUST-RM-Sentry/install/costmap_converter:/home/rmsentry/DUST-RM-Sentry/install/armor_tracker:/home/rmsentry/DUST-RM-Sentry/install/armor_solver:/home/rmsentry/DUST-RM-Sentry/install/armor_detector:/home/rmsentry/DUST-RM-Sentry/install/auto_aim_interfaces:/home/rmsentry/DUST-RM-Sentry/install/rm_decision:/home/rmsentry/DUST-RM-Sentry/install/fake_msg_publisher:/opt/ros/humble LD_LIBRARY_PATH=/home/rmsentry/DUST-RM-Sentry/install/costmap_converter_msgs/lib:/home/rmsentry/DUST-RM-Sentry/install/vision_msg/lib:/home/rmsentry/DUST-RM-Sentry/install/teb_local_planner/lib:/home/rmsentry/DUST-RM-Sentry/install/teb_msgs/lib:/home/rmsentry/DUST-RM-Sentry/install/robot_decision/lib:/home/rmsentry/DUST-RM-Sentry/install/rm_serial_driver/lib:/home/rmsentry/DUST-RM-Sentry/install/rm_decision_interfaces/lib:/home/rmsentry/DUST-RM-Sentry/install/pointcloud_to_laserscan/lib:/home/rmsentry/DUST-RM-Sentry/install/livox_ros2_driver/lib:/home/rmsentry/DUST-RM-Sentry/install/icp_registration/lib:/home/rmsentry/DUST-RM-Sentry/install/fast_lio/lib:/home/rmsentry/DUST-RM-Sentry/install/livox_ros_driver2/lib:/home/rmsentry/DUST-RM-Sentry/install/livox_interfaces/lib:/home/rmsentry/DUST-RM-Sentry/install/linefit_ground_segmentation/lib:/home/rmsentry/DUST-RM-Sentry/install/imu_complementary_filter/lib:/home/rmsentry/DUST-RM-Sentry/install/hik_camera_second/lib:/home/rmsentry/DUST-RM-Sentry/install/hik_camera_first/lib:/home/rmsentry/DUST-RM-Sentry/install/hik_camera/lib:/home/rmsentry/DUST-RM-Sentry/install/global_interface/lib:/home/rmsentry/DUST-RM-Sentry/install/costmap_converter/lib:/home/rmsentry/DUST-RM-Sentry/install/armor_tracker/lib:/home/rmsentry/DUST-RM-Sentry/install/armor_solver/lib:/home/rmsentry/DUST-RM-Sentry/install/armor_detector/lib:/home/rmsentry/DUST-RM-Sentry/install/auto_aim_interfaces/lib:/opt/MVS/lib/64:/opt/MVS/lib/32:/usr/local/lib:/opt/MVS/lib/64:/opt/MVS/lib/32:/opt/MVS/lib/64:/opt/MVS/lib/32:/usr/local/lib:/opt/ros/humble/opt/rviz_ogre_vendor/lib:/opt/ros/humble/lib/x86_64-linux-gnu:/opt/ros/humble/lib:/opt/MVS/lib/64:/opt/MVS/lib/32:/opt/MVS/lib/64:/opt/MVS/lib/32:/opt/MVS/lib/64:/opt/MVS/lib/32 /usr/local/bin/cmake --install /home/rmsentry/DUST-RM-Sentry/build/teb_msgs
