[0.040s] Invoking command in '/home/rmsentry/DUST-RM-Sentry/build/hik_camera_first': CMAKE_PREFIX_PATH=${CMAKE_PREFIX_PATH}:/home/rmsentry/DUST-RM-Sentry/install/rm_decision:/home/rmsentry/DUST-RM-Sentry/install/fake_msg_publisher:/opt/ros/humble /usr/local/bin/cmake --build /home/rmsentry/DUST-RM-Sentry/build/hik_camera_first -- -j12 -l12
[0.188s] [ 50%] Built target hik_camera_first_node
[0.188s] [100%] Built target hik_camera_first
[0.218s] Invoked command in '/home/rmsentry/DUST-RM-Sentry/build/hik_camera_first' returned '0': CMAKE_PREFIX_PATH=${CMAKE_PREFIX_PATH}:/home/rmsentry/DUST-RM-Sentry/install/rm_decision:/home/rmsentry/DUST-RM-Sentry/install/fake_msg_publisher:/opt/ros/humble /usr/local/bin/cmake --build /home/rmsentry/DUST-RM-Sentry/build/hik_camera_first -- -j12 -l12
[0.227s] Invoking command in '/home/rmsentry/DUST-RM-Sentry/build/hik_camera_first': CMAKE_PREFIX_PATH=${CMAKE_PREFIX_PATH}:/home/rmsentry/DUST-RM-Sentry/install/rm_decision:/home/rmsentry/DUST-RM-Sentry/install/fake_msg_publisher:/opt/ros/humble /usr/local/bin/cmake --install /home/rmsentry/DUST-RM-Sentry/build/hik_camera_first
[0.275s] -- Install configuration: ""
[0.275s] -- Execute custom install script
[0.275s] -- Up-to-date symlink: /home/rmsentry/DUST-RM-Sentry/install/hik_camera_first/lib/libFormatConversion.so
[0.275s] -- Up-to-date symlink: /home/rmsentry/DUST-RM-Sentry/install/hik_camera_first/lib/libMVRender.so
[0.275s] -- Up-to-date symlink: /home/rmsentry/DUST-RM-Sentry/install/hik_camera_first/lib/libMediaProcess.so
[0.275s] -- Up-to-date symlink: /home/rmsentry/DUST-RM-Sentry/install/hik_camera_first/lib/libMvCameraControl.so
[0.275s] -- Up-to-date symlink: /home/rmsentry/DUST-RM-Sentry/install/hik_camera_first/lib/libMvUsb3vTL.so
[0.275s] -- Up-to-date symlink: /home/rmsentry/DUST-RM-Sentry/install/hik_camera_first/lib/hik_camera_first/hik_camera_first_node
[0.275s] -- Up-to-date symlink: /home/rmsentry/DUST-RM-Sentry/install/hik_camera_first/share/hik_camera_first/environment/library_path.sh
[0.275s] -- Up-to-date symlink: /home/rmsentry/DUST-RM-Sentry/install/hik_camera_first/share/hik_camera_first/environment/library_path.dsv
[0.275s] -- Up-to-date symlink: /home/rmsentry/DUST-RM-Sentry/install/hik_camera_first/lib/libhik_camera_first.so
[0.275s] -- Up-to-date symlink: /home/rmsentry/DUST-RM-Sentry/install/hik_camera_first/share/hik_camera_first/config/camera_info.yaml
[0.275s] -- Up-to-date symlink: /home/rmsentry/DUST-RM-Sentry/install/hik_camera_first/share/hik_camera_first/config/camera_params.yaml
[0.276s] -- Up-to-date symlink: /home/rmsentry/DUST-RM-Sentry/install/hik_camera_first/share/hik_camera_first/launch/hik_camera.launch.py
[0.276s] -- Up-to-date symlink: /home/rmsentry/DUST-RM-Sentry/install/hik_camera_first/share/ament_index/resource_index/package_run_dependencies/hik_camera_first
[0.276s] -- Up-to-date symlink: /home/rmsentry/DUST-RM-Sentry/install/hik_camera_first/share/ament_index/resource_index/parent_prefix_path/hik_camera_first
[0.276s] -- Up-to-date symlink: /home/rmsentry/DUST-RM-Sentry/install/hik_camera_first/share/hik_camera_first/environment/ament_prefix_path.sh
[0.276s] -- Up-to-date symlink: /home/rmsentry/DUST-RM-Sentry/install/hik_camera_first/share/hik_camera_first/environment/ament_prefix_path.dsv
[0.276s] -- Up-to-date symlink: /home/rmsentry/DUST-RM-Sentry/install/hik_camera_first/share/hik_camera_first/environment/path.sh
[0.276s] -- Up-to-date symlink: /home/rmsentry/DUST-RM-Sentry/install/hik_camera_first/share/hik_camera_first/environment/path.dsv
[0.276s] -- Up-to-date symlink: /home/rmsentry/DUST-RM-Sentry/install/hik_camera_first/share/hik_camera_first/local_setup.bash
[0.276s] -- Up-to-date symlink: /home/rmsentry/DUST-RM-Sentry/install/hik_camera_first/share/hik_camera_first/local_setup.sh
[0.276s] -- Up-to-date symlink: /home/rmsentry/DUST-RM-Sentry/install/hik_camera_first/share/hik_camera_first/local_setup.zsh
[0.283s] -- Up-to-date symlink: /home/rmsentry/DUST-RM-Sentry/install/hik_camera_first/share/hik_camera_first/local_setup.dsv
[0.283s] -- Symlinking: /home/rmsentry/DUST-RM-Sentry/install/hik_camera_first/share/hik_camera_first/package.dsv
[0.283s] -- Up-to-date symlink: /home/rmsentry/DUST-RM-Sentry/install/hik_camera_first/share/ament_index/resource_index/packages/hik_camera_first
[0.284s] -- Up-to-date symlink: /home/rmsentry/DUST-RM-Sentry/install/hik_camera_first/share/ament_index/resource_index/rclcpp_components/hik_camera_first
[0.284s] -- Up-to-date symlink: /home/rmsentry/DUST-RM-Sentry/install/hik_camera_first/share/hik_camera_first/cmake/ament_cmake_export_dependencies-extras.cmake
[0.284s] -- Up-to-date symlink: /home/rmsentry/DUST-RM-Sentry/install/hik_camera_first/share/hik_camera_first/cmake/ament_cmake_export_libraries-extras.cmake
[0.284s] -- Up-to-date symlink: /home/rmsentry/DUST-RM-Sentry/install/hik_camera_first/share/hik_camera_first/cmake/hik_camera_firstConfig.cmake
[0.284s] -- Up-to-date symlink: /home/rmsentry/DUST-RM-Sentry/install/hik_camera_first/share/hik_camera_first/cmake/hik_camera_firstConfig-version.cmake
[0.284s] -- Up-to-date symlink: /home/rmsentry/DUST-RM-Sentry/install/hik_camera_first/share/hik_camera_first/package.xml
[0.435s] Invoked command in '/home/rmsentry/DUST-RM-Sentry/build/hik_camera_first' returned '0': CMAKE_PREFIX_PATH=${CMAKE_PREFIX_PATH}:/home/rmsentry/DUST-RM-Sentry/install/rm_decision:/home/rmsentry/DUST-RM-Sentry/install/fake_msg_publisher:/opt/ros/humble /usr/local/bin/cmake --install /home/rmsentry/DUST-RM-Sentry/build/hik_camera_first
