[0.241s] Invoking command in '/home/rmsentry/DUST-RM-Sentry/build/hik_camera_second': CMAKE_PREFIX_PATH=${CMAKE_PREFIX_PATH}:/home/rmsentry/DUST-RM-Sentry/install/rm_decision:/home/rmsentry/DUST-RM-Sentry/install/fake_msg_publisher:/opt/ros/humble /usr/local/bin/cmake --build /home/rmsentry/DUST-RM-Sentry/build/hik_camera_second -- -j12 -l12
[1.136s] -- Found ament_cmake_auto: 1.3.12 (/opt/ros/humble/share/ament_cmake_auto/cmake)
[1.136s] -- Override CMake install command with custom implementation using symlinks instead of copying resources
[1.136s] -- Found rosidl_generator_c: 3.1.7 (/opt/ros/humble/share/rosidl_generator_c/cmake)
[1.136s] -- Found rosidl_adapter: 3.1.7 (/opt/ros/humble/share/rosidl_adapter/cmake)
[1.136s] -- Found rosidl_generator_cpp: 3.1.7 (/opt/ros/humble/share/rosidl_generator_cpp/cmake)
[1.136s] -- Using all available rosidl_typesupport_c: rosidl_typesupport_fastrtps_c;rosidl_typesupport_introspection_c
[1.136s] -- Using all available rosidl_typesupport_cpp: rosidl_typesupport_fastrtps_cpp;rosidl_typesupport_introspection_cpp
[1.137s] -- Found rmw_implementation_cmake: 6.1.2 (/opt/ros/humble/share/rmw_implementation_cmake/cmake)
[1.137s] -- Found rmw_fastrtps_cpp: 6.2.8 (/opt/ros/humble/share/rmw_fastrtps_cpp/cmake)
[1.137s] -- Using RMW implementation 'rmw_fastrtps_cpp' as default
[1.137s] -- Found ament_lint_auto: 0.12.14 (/opt/ros/humble/share/ament_lint_auto/cmake)
[1.137s] -- Added test 'cppcheck' to perform static code analysis on C / C++ code
[1.137s] -- Configured cppcheck include dirs: /home/rmsentry/DUST-RM-Sentry/src/rm_hardware_driver/ros2-hik-camera_second/hikSDK/include
[1.137s] -- Configured cppcheck exclude dirs and/or files: 
[1.138s] -- Added test 'flake8' to check Python code syntax and style conventions
[1.138s] -- Added test 'lint_cmake' to check CMake code style
[1.138s] -- Added test 'pep257' to check Python code against some of the docstring style conventions in PEP 257
[1.138s] -- Added test 'xmllint' to check XML markup files
[1.138s] -- Configuring done (0.8s)
[1.138s] -- Generating done (0.0s)
[1.138s] -- Build files have been written to: /home/rmsentry/DUST-RM-Sentry/build/hik_camera_second
[1.138s] [ 50%] Built target hik_camera_second
[1.138s] [100%] Built target hik_camera_second_node
[1.144s] Invoked command in '/home/rmsentry/DUST-RM-Sentry/build/hik_camera_second' returned '0': CMAKE_PREFIX_PATH=${CMAKE_PREFIX_PATH}:/home/rmsentry/DUST-RM-Sentry/install/rm_decision:/home/rmsentry/DUST-RM-Sentry/install/fake_msg_publisher:/opt/ros/humble /usr/local/bin/cmake --build /home/rmsentry/DUST-RM-Sentry/build/hik_camera_second -- -j12 -l12
[1.145s] Invoking command in '/home/rmsentry/DUST-RM-Sentry/build/hik_camera_second': CMAKE_PREFIX_PATH=${CMAKE_PREFIX_PATH}:/home/rmsentry/DUST-RM-Sentry/install/rm_decision:/home/rmsentry/DUST-RM-Sentry/install/fake_msg_publisher:/opt/ros/humble /usr/local/bin/cmake --install /home/rmsentry/DUST-RM-Sentry/build/hik_camera_second
[1.188s] -- Install configuration: ""
[1.188s] -- Execute custom install script
[1.188s] -- Up-to-date symlink: /home/rmsentry/DUST-RM-Sentry/install/hik_camera_second/lib/libFormatConversion.so
[1.188s] -- Up-to-date symlink: /home/rmsentry/DUST-RM-Sentry/install/hik_camera_second/lib/libMVRender.so
[1.188s] -- Up-to-date symlink: /home/rmsentry/DUST-RM-Sentry/install/hik_camera_second/lib/libMediaProcess.so
[1.188s] -- Up-to-date symlink: /home/rmsentry/DUST-RM-Sentry/install/hik_camera_second/lib/libMvCameraControl.so
[1.189s] -- Up-to-date symlink: /home/rmsentry/DUST-RM-Sentry/install/hik_camera_second/lib/libMvUsb3vTL.so
[1.189s] -- Up-to-date symlink: /home/rmsentry/DUST-RM-Sentry/install/hik_camera_second/lib/hik_camera_second/hik_camera_second_node
[1.189s] -- Up-to-date symlink: /home/rmsentry/DUST-RM-Sentry/install/hik_camera_second/share/hik_camera_second/environment/library_path.sh
[1.189s] -- Up-to-date symlink: /home/rmsentry/DUST-RM-Sentry/install/hik_camera_second/share/hik_camera_second/environment/library_path.dsv
[1.189s] -- Up-to-date symlink: /home/rmsentry/DUST-RM-Sentry/install/hik_camera_second/lib/libhik_camera_second.so
[1.189s] -- Up-to-date symlink: /home/rmsentry/DUST-RM-Sentry/install/hik_camera_second/share/hik_camera_second/config/camera_info.yaml
[1.189s] -- Up-to-date symlink: /home/rmsentry/DUST-RM-Sentry/install/hik_camera_second/share/hik_camera_second/config/camera_params.yaml
[1.189s] -- Up-to-date symlink: /home/rmsentry/DUST-RM-Sentry/install/hik_camera_second/share/hik_camera_second/launch/hik_camera.launch.py
[1.189s] -- Up-to-date symlink: /home/rmsentry/DUST-RM-Sentry/install/hik_camera_second/share/ament_index/resource_index/package_run_dependencies/hik_camera_second
[1.189s] -- Up-to-date symlink: /home/rmsentry/DUST-RM-Sentry/install/hik_camera_second/share/ament_index/resource_index/parent_prefix_path/hik_camera_second
[1.189s] -- Up-to-date symlink: /home/rmsentry/DUST-RM-Sentry/install/hik_camera_second/share/hik_camera_second/environment/ament_prefix_path.sh
[1.189s] -- Up-to-date symlink: /home/rmsentry/DUST-RM-Sentry/install/hik_camera_second/share/hik_camera_second/environment/ament_prefix_path.dsv
[1.189s] -- Up-to-date symlink: /home/rmsentry/DUST-RM-Sentry/install/hik_camera_second/share/hik_camera_second/environment/path.sh
[1.189s] -- Up-to-date symlink: /home/rmsentry/DUST-RM-Sentry/install/hik_camera_second/share/hik_camera_second/environment/path.dsv
[1.189s] -- Up-to-date symlink: /home/rmsentry/DUST-RM-Sentry/install/hik_camera_second/share/hik_camera_second/local_setup.bash
[1.189s] -- Up-to-date symlink: /home/rmsentry/DUST-RM-Sentry/install/hik_camera_second/share/hik_camera_second/local_setup.sh
[1.189s] -- Up-to-date symlink: /home/rmsentry/DUST-RM-Sentry/install/hik_camera_second/share/hik_camera_second/local_setup.zsh
[1.190s] -- Up-to-date symlink: /home/rmsentry/DUST-RM-Sentry/install/hik_camera_second/share/hik_camera_second/local_setup.dsv
[1.190s] -- Symlinking: /home/rmsentry/DUST-RM-Sentry/install/hik_camera_second/share/hik_camera_second/package.dsv
[1.190s] -- Up-to-date symlink: /home/rmsentry/DUST-RM-Sentry/install/hik_camera_second/share/ament_index/resource_index/packages/hik_camera_second
[1.190s] -- Up-to-date symlink: /home/rmsentry/DUST-RM-Sentry/install/hik_camera_second/share/ament_index/resource_index/rclcpp_components/hik_camera_second
[1.190s] -- Up-to-date symlink: /home/rmsentry/DUST-RM-Sentry/install/hik_camera_second/share/hik_camera_second/cmake/ament_cmake_export_dependencies-extras.cmake
[1.190s] -- Up-to-date symlink: /home/rmsentry/DUST-RM-Sentry/install/hik_camera_second/share/hik_camera_second/cmake/ament_cmake_export_libraries-extras.cmake
[1.190s] -- Up-to-date symlink: /home/rmsentry/DUST-RM-Sentry/install/hik_camera_second/share/hik_camera_second/cmake/hik_camera_secondConfig.cmake
[1.190s] -- Up-to-date symlink: /home/rmsentry/DUST-RM-Sentry/install/hik_camera_second/share/hik_camera_second/cmake/hik_camera_secondConfig-version.cmake
[1.190s] -- Up-to-date symlink: /home/rmsentry/DUST-RM-Sentry/install/hik_camera_second/share/hik_camera_second/package.xml
[1.218s] Invoked command in '/home/rmsentry/DUST-RM-Sentry/build/hik_camera_second' returned '0': CMAKE_PREFIX_PATH=${CMAKE_PREFIX_PATH}:/home/rmsentry/DUST-RM-Sentry/install/rm_decision:/home/rmsentry/DUST-RM-Sentry/install/fake_msg_publisher:/opt/ros/humble /usr/local/bin/cmake --install /home/rmsentry/DUST-RM-Sentry/build/hik_camera_second
