[0.034s] Invoking command in '/home/rmsentry/DUST-RM-Sentry/build/livox_interfaces': CMAKE_PREFIX_PATH=${CMAKE_PREFIX_PATH}:/home/rmsentry/DUST-RM-Sentry/install/rm_decision:/home/rmsentry/DUST-RM-Sentry/install/fake_msg_publisher:/opt/ros/humble /usr/local/bin/cmake --build /home/rmsentry/DUST-RM-Sentry/build/livox_interfaces -- -j12 -l12
[0.094s] [  2%] Built target livox_interfaces__cpp
[0.095s] [ 12%] Built target livox_interfaces__rosidl_generator_c
[0.114s] [ 12%] Built target ament_cmake_python_symlink_livox_interfaces
[0.152s] [ 23%] Built target livox_interfaces__rosidl_typesupport_cpp
[0.152s] [ 33%] Built target livox_interfaces__rosidl_typesupport_fastrtps_cpp
[0.157s] [ 43%] Built target livox_interfaces__rosidl_typesupport_introspection_cpp
[0.172s] [ 53%] Built target livox_interfaces__rosidl_typesupport_c
[0.172s] [ 64%] Built target livox_interfaces__rosidl_typesupport_introspection_c
[0.173s] [ 74%] Built target livox_interfaces__rosidl_typesupport_fastrtps_c
[0.211s] [ 74%] Built target livox_interfaces
[0.235s] [ 76%] Built target livox_interfaces__py
[0.268s] [ 84%] Built target livox_interfaces__rosidl_generator_py
[0.298s] [ 94%] Built target livox_interfaces__rosidl_typesupport_introspection_c__pyext
[0.300s] [ 94%] Built target livox_interfaces__rosidl_typesupport_fastrtps_c__pyext
[0.315s] [100%] Built target livox_interfaces__rosidl_typesupport_c__pyext
[0.447s] running egg_info
[0.450s] writing livox_interfaces.egg-info/PKG-INFO
[0.450s] writing dependency_links to livox_interfaces.egg-info/dependency_links.txt
[0.450s] writing top-level names to livox_interfaces.egg-info/top_level.txt
[0.450s] reading manifest file 'livox_interfaces.egg-info/SOURCES.txt'
[0.453s] writing manifest file 'livox_interfaces.egg-info/SOURCES.txt'
[0.483s] [100%] Built target ament_cmake_python_build_livox_interfaces_egg
[0.537s] Invoked command in '/home/rmsentry/DUST-RM-Sentry/build/livox_interfaces' returned '0': CMAKE_PREFIX_PATH=${CMAKE_PREFIX_PATH}:/home/rmsentry/DUST-RM-Sentry/install/rm_decision:/home/rmsentry/DUST-RM-Sentry/install/fake_msg_publisher:/opt/ros/humble /usr/local/bin/cmake --build /home/rmsentry/DUST-RM-Sentry/build/livox_interfaces -- -j12 -l12
[0.539s] Invoking command in '/home/rmsentry/DUST-RM-Sentry/build/livox_interfaces': CMAKE_PREFIX_PATH=${CMAKE_PREFIX_PATH}:/home/rmsentry/DUST-RM-Sentry/install/rm_decision:/home/rmsentry/DUST-RM-Sentry/install/fake_msg_publisher:/opt/ros/humble /usr/local/bin/cmake --install /home/rmsentry/DUST-RM-Sentry/build/livox_interfaces
[0.580s] -- Install configuration: ""
[0.580s] -- Execute custom install script
[0.580s] -- Up-to-date symlink: /home/rmsentry/DUST-RM-Sentry/install/livox_interfaces/share/ament_index/resource_index/rosidl_interfaces/livox_interfaces
[0.581s] -- Up-to-date symlink: /home/rmsentry/DUST-RM-Sentry/install/livox_interfaces/include/livox_interfaces/livox_interfaces/msg/custom_msg.h
[0.581s] -- Up-to-date symlink: /home/rmsentry/DUST-RM-Sentry/install/livox_interfaces/include/livox_interfaces/livox_interfaces/msg/custom_point.h
[0.581s] -- Up-to-date symlink: /home/rmsentry/DUST-RM-Sentry/install/livox_interfaces/include/livox_interfaces/livox_interfaces/msg/detail/custom_msg__functions.h
[0.581s] -- Up-to-date symlink: /home/rmsentry/DUST-RM-Sentry/install/livox_interfaces/include/livox_interfaces/livox_interfaces/msg/detail/custom_msg__struct.h
[0.581s] -- Up-to-date symlink: /home/rmsentry/DUST-RM-Sentry/install/livox_interfaces/include/livox_interfaces/livox_interfaces/msg/detail/custom_msg__type_support.h
[0.581s] -- Up-to-date symlink: /home/rmsentry/DUST-RM-Sentry/install/livox_interfaces/include/livox_interfaces/livox_interfaces/msg/detail/custom_point__functions.h
[0.581s] -- Up-to-date symlink: /home/rmsentry/DUST-RM-Sentry/install/livox_interfaces/include/livox_interfaces/livox_interfaces/msg/detail/custom_point__struct.h
[0.581s] -- Up-to-date symlink: /home/rmsentry/DUST-RM-Sentry/install/livox_interfaces/include/livox_interfaces/livox_interfaces/msg/detail/custom_point__type_support.h
[0.581s] -- Up-to-date symlink: /home/rmsentry/DUST-RM-Sentry/install/livox_interfaces/include/livox_interfaces/livox_interfaces/msg/rosidl_generator_c__visibility_control.h
[0.581s] -- Up-to-date symlink: /home/rmsentry/DUST-RM-Sentry/install/livox_interfaces/share/livox_interfaces/environment/library_path.sh
[0.581s] -- Up-to-date symlink: /home/rmsentry/DUST-RM-Sentry/install/livox_interfaces/share/livox_interfaces/environment/library_path.dsv
[0.581s] -- Up-to-date symlink: /home/rmsentry/DUST-RM-Sentry/install/livox_interfaces/include/livox_interfaces/livox_interfaces/msg/detail/custom_msg__rosidl_typesupport_fastrtps_c.h
[0.581s] -- Up-to-date symlink: /home/rmsentry/DUST-RM-Sentry/install/livox_interfaces/include/livox_interfaces/livox_interfaces/msg/detail/custom_point__rosidl_typesupport_fastrtps_c.h
[0.581s] -- Up-to-date symlink: /home/rmsentry/DUST-RM-Sentry/install/livox_interfaces/include/livox_interfaces/livox_interfaces/msg/rosidl_typesupport_fastrtps_c__visibility_control.h
[0.581s] -- Up-to-date symlink: /home/rmsentry/DUST-RM-Sentry/install/livox_interfaces/include/livox_interfaces/livox_interfaces/msg/custom_msg.hpp
[0.581s] -- Up-to-date symlink: /home/rmsentry/DUST-RM-Sentry/install/livox_interfaces/include/livox_interfaces/livox_interfaces/msg/custom_point.hpp
[0.581s] -- Up-to-date symlink: /home/rmsentry/DUST-RM-Sentry/install/livox_interfaces/include/livox_interfaces/livox_interfaces/msg/detail/custom_msg__builder.hpp
[0.582s] -- Up-to-date symlink: /home/rmsentry/DUST-RM-Sentry/install/livox_interfaces/include/livox_interfaces/livox_interfaces/msg/detail/custom_msg__struct.hpp
[0.582s] -- Up-to-date symlink: /home/rmsentry/DUST-RM-Sentry/install/livox_interfaces/include/livox_interfaces/livox_interfaces/msg/detail/custom_msg__traits.hpp
[0.582s] -- Up-to-date symlink: /home/rmsentry/DUST-RM-Sentry/install/livox_interfaces/include/livox_interfaces/livox_interfaces/msg/detail/custom_msg__type_support.hpp
[0.582s] -- Up-to-date symlink: /home/rmsentry/DUST-RM-Sentry/install/livox_interfaces/include/livox_interfaces/livox_interfaces/msg/detail/custom_point__builder.hpp
[0.582s] -- Up-to-date symlink: /home/rmsentry/DUST-RM-Sentry/install/livox_interfaces/include/livox_interfaces/livox_interfaces/msg/detail/custom_point__struct.hpp
[0.582s] -- Up-to-date symlink: /home/rmsentry/DUST-RM-Sentry/install/livox_interfaces/include/livox_interfaces/livox_interfaces/msg/detail/custom_point__traits.hpp
[0.582s] -- Up-to-date symlink: /home/rmsentry/DUST-RM-Sentry/install/livox_interfaces/include/livox_interfaces/livox_interfaces/msg/detail/custom_point__type_support.hpp
[0.582s] -- Up-to-date symlink: /home/rmsentry/DUST-RM-Sentry/install/livox_interfaces/include/livox_interfaces/livox_interfaces/msg/rosidl_generator_cpp__visibility_control.hpp
[0.582s] -- Up-to-date symlink: /home/rmsentry/DUST-RM-Sentry/install/livox_interfaces/include/livox_interfaces/livox_interfaces/msg/detail/custom_msg__rosidl_typesupport_fastrtps_cpp.hpp
[0.582s] -- Up-to-date symlink: /home/rmsentry/DUST-RM-Sentry/install/livox_interfaces/include/livox_interfaces/livox_interfaces/msg/detail/custom_point__rosidl_typesupport_fastrtps_cpp.hpp
[0.582s] -- Up-to-date symlink: /home/rmsentry/DUST-RM-Sentry/install/livox_interfaces/include/livox_interfaces/livox_interfaces/msg/rosidl_typesupport_fastrtps_cpp__visibility_control.h
[0.582s] -- Up-to-date symlink: /home/rmsentry/DUST-RM-Sentry/install/livox_interfaces/include/livox_interfaces/livox_interfaces/msg/detail/custom_msg__rosidl_typesupport_introspection_c.h
[0.582s] -- Up-to-date symlink: /home/rmsentry/DUST-RM-Sentry/install/livox_interfaces/include/livox_interfaces/livox_interfaces/msg/detail/custom_point__rosidl_typesupport_introspection_c.h
[0.582s] -- Up-to-date symlink: /home/rmsentry/DUST-RM-Sentry/install/livox_interfaces/include/livox_interfaces/livox_interfaces/msg/rosidl_typesupport_introspection_c__visibility_control.h
[0.582s] -- Up-to-date symlink: /home/rmsentry/DUST-RM-Sentry/install/livox_interfaces/include/livox_interfaces/livox_interfaces/msg/detail/custom_msg__rosidl_typesupport_introspection_cpp.hpp
[0.582s] -- Up-to-date symlink: /home/rmsentry/DUST-RM-Sentry/install/livox_interfaces/include/livox_interfaces/livox_interfaces/msg/detail/custom_point__rosidl_typesupport_introspection_cpp.hpp
[0.582s] -- Up-to-date symlink: /home/rmsentry/DUST-RM-Sentry/install/livox_interfaces/share/livox_interfaces/environment/pythonpath.sh
[0.582s] -- Up-to-date symlink: /home/rmsentry/DUST-RM-Sentry/install/livox_interfaces/share/livox_interfaces/environment/pythonpath.dsv
[0.582s] -- Up-to-date symlink: /home/rmsentry/DUST-RM-Sentry/install/livox_interfaces/local/lib/python3.10/dist-packages/livox_interfaces-0.0.1-py3.10.egg-info/PKG-INFO
[0.582s] -- Up-to-date symlink: /home/rmsentry/DUST-RM-Sentry/install/livox_interfaces/local/lib/python3.10/dist-packages/livox_interfaces-0.0.1-py3.10.egg-info/SOURCES.txt
[0.583s] -- Up-to-date symlink: /home/rmsentry/DUST-RM-Sentry/install/livox_interfaces/local/lib/python3.10/dist-packages/livox_interfaces-0.0.1-py3.10.egg-info/dependency_links.txt
[0.583s] -- Up-to-date symlink: /home/rmsentry/DUST-RM-Sentry/install/livox_interfaces/local/lib/python3.10/dist-packages/livox_interfaces-0.0.1-py3.10.egg-info/top_level.txt
[0.583s] -- Up-to-date symlink: /home/rmsentry/DUST-RM-Sentry/install/livox_interfaces/local/lib/python3.10/dist-packages/livox_interfaces/__init__.py
[0.583s] -- Up-to-date symlink: /home/rmsentry/DUST-RM-Sentry/install/livox_interfaces/local/lib/python3.10/dist-packages/livox_interfaces/_livox_interfaces_s.ep.rosidl_typesupport_c.c
[0.583s] -- Up-to-date symlink: /home/rmsentry/DUST-RM-Sentry/install/livox_interfaces/local/lib/python3.10/dist-packages/livox_interfaces/_livox_interfaces_s.ep.rosidl_typesupport_fastrtps_c.c
[0.583s] -- Up-to-date symlink: /home/rmsentry/DUST-RM-Sentry/install/livox_interfaces/local/lib/python3.10/dist-packages/livox_interfaces/_livox_interfaces_s.ep.rosidl_typesupport_introspection_c.c
[0.583s] -- Up-to-date symlink: /home/rmsentry/DUST-RM-Sentry/install/livox_interfaces/local/lib/python3.10/dist-packages/livox_interfaces/liblivox_interfaces__rosidl_generator_py.so
[0.583s] -- Up-to-date symlink: /home/rmsentry/DUST-RM-Sentry/install/livox_interfaces/local/lib/python3.10/dist-packages/livox_interfaces/livox_interfaces_s__rosidl_typesupport_c.cpython-310-x86_64-linux-gnu.so
[0.583s] -- Up-to-date symlink: /home/rmsentry/DUST-RM-Sentry/install/livox_interfaces/local/lib/python3.10/dist-packages/livox_interfaces/livox_interfaces_s__rosidl_typesupport_fastrtps_c.cpython-310-x86_64-linux-gnu.so
[0.583s] -- Up-to-date symlink: /home/rmsentry/DUST-RM-Sentry/install/livox_interfaces/local/lib/python3.10/dist-packages/livox_interfaces/livox_interfaces_s__rosidl_typesupport_introspection_c.cpython-310-x86_64-linux-gnu.so
[0.583s] -- Up-to-date symlink: /home/rmsentry/DUST-RM-Sentry/install/livox_interfaces/local/lib/python3.10/dist-packages/livox_interfaces/msg/__init__.py
[0.585s] -- Up-to-date symlink: /home/rmsentry/DUST-RM-Sentry/install/livox_interfaces/local/lib/python3.10/dist-packages/livox_interfaces/msg/_custom_msg.py
[0.585s] -- Up-to-date symlink: /home/rmsentry/DUST-RM-Sentry/install/livox_interfaces/local/lib/python3.10/dist-packages/livox_interfaces/msg/_custom_msg_s.c
[0.585s] -- Up-to-date symlink: /home/rmsentry/DUST-RM-Sentry/install/livox_interfaces/local/lib/python3.10/dist-packages/livox_interfaces/msg/_custom_point.py
[0.585s] -- Up-to-date symlink: /home/rmsentry/DUST-RM-Sentry/install/livox_interfaces/local/lib/python3.10/dist-packages/livox_interfaces/msg/_custom_point_s.c
[0.585s] -- Up-to-date symlink: /home/rmsentry/DUST-RM-Sentry/install/livox_interfaces/local/lib/python3.10/dist-packages/livox_interfaces/livox_interfaces_s__rosidl_typesupport_fastrtps_c.cpython-310-x86_64-linux-gnu.so
[0.585s] -- Up-to-date symlink: /home/rmsentry/DUST-RM-Sentry/install/livox_interfaces/local/lib/python3.10/dist-packages/livox_interfaces/livox_interfaces_s__rosidl_typesupport_introspection_c.cpython-310-x86_64-linux-gnu.so
[0.585s] -- Up-to-date symlink: /home/rmsentry/DUST-RM-Sentry/install/livox_interfaces/local/lib/python3.10/dist-packages/livox_interfaces/livox_interfaces_s__rosidl_typesupport_c.cpython-310-x86_64-linux-gnu.so
[0.586s] -- Up-to-date symlink: /home/rmsentry/DUST-RM-Sentry/install/livox_interfaces/share/livox_interfaces/msg/CustomPoint.idl
[0.586s] -- Up-to-date symlink: /home/rmsentry/DUST-RM-Sentry/install/livox_interfaces/share/livox_interfaces/msg/CustomMsg.idl
[0.586s] -- Up-to-date symlink: /home/rmsentry/DUST-RM-Sentry/install/livox_interfaces/share/livox_interfaces/msg/CustomPoint.msg
[0.586s] -- Up-to-date symlink: /home/rmsentry/DUST-RM-Sentry/install/livox_interfaces/share/livox_interfaces/msg/CustomMsg.msg
[0.586s] -- Up-to-date symlink: /home/rmsentry/DUST-RM-Sentry/install/livox_interfaces/share/ament_index/resource_index/package_run_dependencies/livox_interfaces
[0.586s] -- Up-to-date symlink: /home/rmsentry/DUST-RM-Sentry/install/livox_interfaces/share/ament_index/resource_index/parent_prefix_path/livox_interfaces
[0.586s] -- Up-to-date symlink: /home/rmsentry/DUST-RM-Sentry/install/livox_interfaces/share/livox_interfaces/environment/ament_prefix_path.sh
[0.586s] -- Up-to-date symlink: /home/rmsentry/DUST-RM-Sentry/install/livox_interfaces/share/livox_interfaces/environment/ament_prefix_path.dsv
[0.586s] -- Up-to-date symlink: /home/rmsentry/DUST-RM-Sentry/install/livox_interfaces/share/livox_interfaces/environment/path.sh
[0.586s] -- Up-to-date symlink: /home/rmsentry/DUST-RM-Sentry/install/livox_interfaces/share/livox_interfaces/environment/path.dsv
[0.586s] -- Up-to-date symlink: /home/rmsentry/DUST-RM-Sentry/install/livox_interfaces/share/livox_interfaces/local_setup.bash
[0.586s] -- Up-to-date symlink: /home/rmsentry/DUST-RM-Sentry/install/livox_interfaces/share/livox_interfaces/local_setup.sh
[0.586s] -- Up-to-date symlink: /home/rmsentry/DUST-RM-Sentry/install/livox_interfaces/share/livox_interfaces/local_setup.zsh
[0.586s] -- Up-to-date symlink: /home/rmsentry/DUST-RM-Sentry/install/livox_interfaces/share/livox_interfaces/local_setup.dsv
[0.586s] -- Symlinking: /home/rmsentry/DUST-RM-Sentry/install/livox_interfaces/share/livox_interfaces/package.dsv
[0.586s] -- Up-to-date symlink: /home/rmsentry/DUST-RM-Sentry/install/livox_interfaces/share/ament_index/resource_index/packages/livox_interfaces
[0.586s] -- Up-to-date symlink: /home/rmsentry/DUST-RM-Sentry/install/livox_interfaces/share/livox_interfaces/cmake/rosidl_cmake-extras.cmake
[0.586s] -- Up-to-date symlink: /home/rmsentry/DUST-RM-Sentry/install/livox_interfaces/share/livox_interfaces/cmake/ament_cmake_export_dependencies-extras.cmake
[0.586s] -- Up-to-date symlink: /home/rmsentry/DUST-RM-Sentry/install/livox_interfaces/share/livox_interfaces/cmake/ament_cmake_export_include_directories-extras.cmake
[0.586s] -- Up-to-date symlink: /home/rmsentry/DUST-RM-Sentry/install/livox_interfaces/share/livox_interfaces/cmake/ament_cmake_export_libraries-extras.cmake
[0.587s] -- Up-to-date symlink: /home/rmsentry/DUST-RM-Sentry/install/livox_interfaces/share/livox_interfaces/cmake/ament_cmake_export_targets-extras.cmake
[0.588s] -- Up-to-date symlink: /home/rmsentry/DUST-RM-Sentry/install/livox_interfaces/share/livox_interfaces/cmake/rosidl_cmake_export_typesupport_targets-extras.cmake
[0.588s] -- Up-to-date symlink: /home/rmsentry/DUST-RM-Sentry/install/livox_interfaces/share/livox_interfaces/cmake/rosidl_cmake_export_typesupport_libraries-extras.cmake
[0.588s] -- Up-to-date symlink: /home/rmsentry/DUST-RM-Sentry/install/livox_interfaces/share/livox_interfaces/cmake/livox_interfacesConfig.cmake
[0.588s] -- Up-to-date symlink: /home/rmsentry/DUST-RM-Sentry/install/livox_interfaces/share/livox_interfaces/cmake/livox_interfacesConfig-version.cmake
[0.588s] -- Up-to-date symlink: /home/rmsentry/DUST-RM-Sentry/install/livox_interfaces/share/livox_interfaces/package.xml
[0.588s] -- Up-to-date: /home/rmsentry/DUST-RM-Sentry/install/livox_interfaces/lib/liblivox_interfaces__rosidl_generator_c.so
[0.589s] -- Up-to-date: /home/rmsentry/DUST-RM-Sentry/install/livox_interfaces/lib/liblivox_interfaces__rosidl_typesupport_fastrtps_c.so
[0.589s] -- Up-to-date: /home/rmsentry/DUST-RM-Sentry/install/livox_interfaces/lib/liblivox_interfaces__rosidl_typesupport_fastrtps_cpp.so
[0.589s] -- Up-to-date: /home/rmsentry/DUST-RM-Sentry/install/livox_interfaces/lib/liblivox_interfaces__rosidl_typesupport_introspection_c.so
[0.589s] -- Up-to-date: /home/rmsentry/DUST-RM-Sentry/install/livox_interfaces/lib/liblivox_interfaces__rosidl_typesupport_c.so
[0.589s] -- Up-to-date: /home/rmsentry/DUST-RM-Sentry/install/livox_interfaces/lib/liblivox_interfaces__rosidl_typesupport_introspection_cpp.so
[0.589s] -- Up-to-date: /home/rmsentry/DUST-RM-Sentry/install/livox_interfaces/lib/liblivox_interfaces__rosidl_typesupport_cpp.so
[0.628s] Listing '/home/rmsentry/DUST-RM-Sentry/install/livox_interfaces/local/lib/python3.10/dist-packages/livox_interfaces'...
[0.628s] Listing '/home/rmsentry/DUST-RM-Sentry/install/livox_interfaces/local/lib/python3.10/dist-packages/livox_interfaces/msg'...
[0.628s] -- Up-to-date: /home/rmsentry/DUST-RM-Sentry/install/livox_interfaces/lib/liblivox_interfaces__rosidl_generator_py.so
[0.628s] -- Up-to-date: /home/rmsentry/DUST-RM-Sentry/install/livox_interfaces/share/livox_interfaces/cmake/export_livox_interfaces__rosidl_generator_cExport.cmake
[0.628s] -- Up-to-date: /home/rmsentry/DUST-RM-Sentry/install/livox_interfaces/share/livox_interfaces/cmake/export_livox_interfaces__rosidl_generator_cExport-noconfig.cmake
[0.628s] -- Up-to-date: /home/rmsentry/DUST-RM-Sentry/install/livox_interfaces/share/livox_interfaces/cmake/export_livox_interfaces__rosidl_typesupport_fastrtps_cExport.cmake
[0.628s] -- Up-to-date: /home/rmsentry/DUST-RM-Sentry/install/livox_interfaces/share/livox_interfaces/cmake/export_livox_interfaces__rosidl_typesupport_fastrtps_cExport-noconfig.cmake
[0.628s] -- Up-to-date: /home/rmsentry/DUST-RM-Sentry/install/livox_interfaces/share/livox_interfaces/cmake/export_livox_interfaces__rosidl_generator_cppExport.cmake
[0.628s] -- Up-to-date: /home/rmsentry/DUST-RM-Sentry/install/livox_interfaces/share/livox_interfaces/cmake/export_livox_interfaces__rosidl_typesupport_fastrtps_cppExport.cmake
[0.628s] -- Up-to-date: /home/rmsentry/DUST-RM-Sentry/install/livox_interfaces/share/livox_interfaces/cmake/export_livox_interfaces__rosidl_typesupport_fastrtps_cppExport-noconfig.cmake
[0.628s] -- Up-to-date: /home/rmsentry/DUST-RM-Sentry/install/livox_interfaces/share/livox_interfaces/cmake/livox_interfaces__rosidl_typesupport_introspection_cExport.cmake
[0.628s] -- Up-to-date: /home/rmsentry/DUST-RM-Sentry/install/livox_interfaces/share/livox_interfaces/cmake/livox_interfaces__rosidl_typesupport_introspection_cExport-noconfig.cmake
[0.628s] -- Up-to-date: /home/rmsentry/DUST-RM-Sentry/install/livox_interfaces/share/livox_interfaces/cmake/livox_interfaces__rosidl_typesupport_cExport.cmake
[0.628s] -- Up-to-date: /home/rmsentry/DUST-RM-Sentry/install/livox_interfaces/share/livox_interfaces/cmake/livox_interfaces__rosidl_typesupport_cExport-noconfig.cmake
[0.628s] -- Up-to-date: /home/rmsentry/DUST-RM-Sentry/install/livox_interfaces/share/livox_interfaces/cmake/livox_interfaces__rosidl_typesupport_introspection_cppExport.cmake
[0.628s] -- Up-to-date: /home/rmsentry/DUST-RM-Sentry/install/livox_interfaces/share/livox_interfaces/cmake/livox_interfaces__rosidl_typesupport_introspection_cppExport-noconfig.cmake
[0.628s] -- Up-to-date: /home/rmsentry/DUST-RM-Sentry/install/livox_interfaces/share/livox_interfaces/cmake/livox_interfaces__rosidl_typesupport_cppExport.cmake
[0.628s] -- Up-to-date: /home/rmsentry/DUST-RM-Sentry/install/livox_interfaces/share/livox_interfaces/cmake/livox_interfaces__rosidl_typesupport_cppExport-noconfig.cmake
[0.628s] -- Up-to-date: /home/rmsentry/DUST-RM-Sentry/install/livox_interfaces/share/livox_interfaces/cmake/export_livox_interfaces__rosidl_generator_pyExport.cmake
[0.628s] -- Up-to-date: /home/rmsentry/DUST-RM-Sentry/install/livox_interfaces/share/livox_interfaces/cmake/export_livox_interfaces__rosidl_generator_pyExport-noconfig.cmake
[0.650s] Invoked command in '/home/rmsentry/DUST-RM-Sentry/build/livox_interfaces' returned '0': CMAKE_PREFIX_PATH=${CMAKE_PREFIX_PATH}:/home/rmsentry/DUST-RM-Sentry/install/rm_decision:/home/rmsentry/DUST-RM-Sentry/install/fake_msg_publisher:/opt/ros/humble /usr/local/bin/cmake --install /home/rmsentry/DUST-RM-Sentry/build/livox_interfaces
