[0.008s] Invoking command in '/home/rmsentry/DUST-RM-Sentry/build/armor_detector': AMENT_PREFIX_PATH=/home/rmsentry/DUST-RM-Sentry/install/auto_aim_interfaces:${AMENT_PREFIX_PATH} CMAKE_PREFIX_PATH=/home/rmsentry/DUST-RM-Sentry/install/auto_aim_interfaces:/opt/ros/humble LD_LIBRARY_PATH=/home/rmsentry/DUST-RM-Sentry/install/auto_aim_interfaces/lib:/opt/MVS/lib/64:/opt/MVS/lib/32:/usr/local/lib:/opt/MVS/lib/64:/opt/MVS/lib/32:/opt/MVS/lib/64:/opt/MVS/lib/32:/usr/local/lib:/opt/ros/humble/opt/rviz_ogre_vendor/lib:/opt/ros/humble/lib/x86_64-linux-gnu:/opt/ros/humble/lib:/opt/MVS/lib/64:/opt/MVS/lib/32:/opt/MVS/lib/64:/opt/MVS/lib/32:/opt/MVS/lib/64:/opt/MVS/lib/32 PYTHONPATH=/home/rmsentry/DUST-RM-Sentry/install/auto_aim_interfaces/local/lib/python3.10/dist-packages:${PYTHONPATH} /usr/local/bin/cmake /home/rmsentry/DUST-RM-Sentry/src/rm_auto_aim/armor_detector -DCMAKE_BUILD_TYPE=RelWithDebInfo -DAMENT_CMAKE_SYMLINK_INSTALL=1 -DCMAKE_INSTALL_PREFIX=/home/rmsentry/DUST-RM-Sentry/install/armor_detector
[0.021s] -- Found ament_cmake_auto: 1.3.12 (/opt/ros/humble/share/ament_cmake_auto/cmake)
[0.140s] -- Override CMake install command with custom implementation using symlinks instead of copying resources
[0.155s] -- Searching for g2o ...
[0.155s] -- Found g2o headers in: /opt/ros/humble/include/g2o
[0.155s] -- Found libg2o: /opt/ros/humble/lib/x86_64-linux-gnu/libg2o_core.so;/opt/ros/humble/lib/x86_64-linux-gnu/libg2o_stuff.so;/opt/ros/humble/lib/x86_64-linux-gnu/libg2o_types_slam2d.so;/opt/ros/humble/lib/x86_64-linux-gnu/libg2o_types_slam3d.so;/opt/ros/humble/lib/x86_64-linux-gnu/libg2o_solver_dense.so;/opt/ros/humble/lib/x86_64-linux-gnu/libg2o_solver_eigen.so
[0.240s] -- Found rosidl_generator_c: 3.1.7 (/opt/ros/humble/share/rosidl_generator_c/cmake)
[0.242s] -- Found rosidl_adapter: 3.1.7 (/opt/ros/humble/share/rosidl_adapter/cmake)
[0.247s] -- Found rosidl_generator_cpp: 3.1.7 (/opt/ros/humble/share/rosidl_generator_cpp/cmake)
[0.254s] -- Using all available rosidl_typesupport_c: rosidl_typesupport_fastrtps_c;rosidl_typesupport_introspection_c
[0.264s] -- Using all available rosidl_typesupport_cpp: rosidl_typesupport_fastrtps_cpp;rosidl_typesupport_introspection_cpp
[0.290s] -- Found rmw_implementation_cmake: 6.1.2 (/opt/ros/humble/share/rmw_implementation_cmake/cmake)
[0.292s] -- Found rmw_fastrtps_cpp: 6.2.8 (/opt/ros/humble/share/rmw_fastrtps_cpp/cmake)
[0.359s] -- Using RMW implementation 'rmw_fastrtps_cpp' as default
[0.497s] -- Found eigen3_cmake_module: 0.1.1 (/opt/ros/humble/share/eigen3_cmake_module/cmake)
[0.498s] -- Ensuring Eigen3 include directory is part of orocos-kdl CMake target
[0.557s] -- Found ament_lint_auto: 0.12.14 (/opt/ros/humble/share/ament_lint_auto/cmake)
[0.583s] -- Found ament_cmake_gtest: 1.3.12 (/opt/ros/humble/share/ament_cmake_gtest/cmake)
[0.584s] -- Found gtest sources under '/opt/ros/humble/src/gtest_vendor': C++ tests using 'Google Test' will be built
[0.588s] [0mIn this package, headers install destination is set to `include` by ament_auto_package. It is recommended to install `include/armor_detector` instead and will be the default behavior of ament_auto_package from ROS 2 Kilted Kaiju. On distributions before Kilted, ament_auto_package behaves the same way when you use USE_SCOPED_HEADER_INSTALL_DIR option.[0m
[0.593s] -- Added test 'cppcheck' to perform static code analysis on C / C++ code
[0.593s] -- Configured cppcheck include dirs: /home/rmsentry/DUST-RM-Sentry/src/rm_auto_aim/armor_detector/include
[0.593s] -- Configured cppcheck exclude dirs and/or files: 
[0.594s] -- Added test 'lint_cmake' to check CMake code style
[0.594s] -- Added test 'xmllint' to check XML markup files
[0.595s] -- Added test 'clang_format' to check C / C++ code style
[0.597s] -- Configuring done (0.6s)
[0.629s] -- Generating done (0.0s)
[0.636s] -- Build files have been written to: /home/rmsentry/DUST-RM-Sentry/build/armor_detector
[0.642s] Invoked command in '/home/rmsentry/DUST-RM-Sentry/build/armor_detector' returned '0': AMENT_PREFIX_PATH=/home/rmsentry/DUST-RM-Sentry/install/auto_aim_interfaces:${AMENT_PREFIX_PATH} CMAKE_PREFIX_PATH=/home/rmsentry/DUST-RM-Sentry/install/auto_aim_interfaces:/opt/ros/humble LD_LIBRARY_PATH=/home/rmsentry/DUST-RM-Sentry/install/auto_aim_interfaces/lib:/opt/MVS/lib/64:/opt/MVS/lib/32:/usr/local/lib:/opt/MVS/lib/64:/opt/MVS/lib/32:/opt/MVS/lib/64:/opt/MVS/lib/32:/usr/local/lib:/opt/ros/humble/opt/rviz_ogre_vendor/lib:/opt/ros/humble/lib/x86_64-linux-gnu:/opt/ros/humble/lib:/opt/MVS/lib/64:/opt/MVS/lib/32:/opt/MVS/lib/64:/opt/MVS/lib/32:/opt/MVS/lib/64:/opt/MVS/lib/32 PYTHONPATH=/home/rmsentry/DUST-RM-Sentry/install/auto_aim_interfaces/local/lib/python3.10/dist-packages:${PYTHONPATH} /usr/local/bin/cmake /home/rmsentry/DUST-RM-Sentry/src/rm_auto_aim/armor_detector -DCMAKE_BUILD_TYPE=RelWithDebInfo -DAMENT_CMAKE_SYMLINK_INSTALL=1 -DCMAKE_INSTALL_PREFIX=/home/rmsentry/DUST-RM-Sentry/install/armor_detector
[0.644s] Invoking command in '/home/rmsentry/DUST-RM-Sentry/build/armor_detector': AMENT_PREFIX_PATH=/home/rmsentry/DUST-RM-Sentry/install/auto_aim_interfaces:${AMENT_PREFIX_PATH} CMAKE_PREFIX_PATH=/home/rmsentry/DUST-RM-Sentry/install/auto_aim_interfaces:/opt/ros/humble LD_LIBRARY_PATH=/home/rmsentry/DUST-RM-Sentry/install/auto_aim_interfaces/lib:/opt/MVS/lib/64:/opt/MVS/lib/32:/usr/local/lib:/opt/MVS/lib/64:/opt/MVS/lib/32:/opt/MVS/lib/64:/opt/MVS/lib/32:/usr/local/lib:/opt/ros/humble/opt/rviz_ogre_vendor/lib:/opt/ros/humble/lib/x86_64-linux-gnu:/opt/ros/humble/lib:/opt/MVS/lib/64:/opt/MVS/lib/32:/opt/MVS/lib/64:/opt/MVS/lib/32:/opt/MVS/lib/64:/opt/MVS/lib/32 PYTHONPATH=/home/rmsentry/DUST-RM-Sentry/install/auto_aim_interfaces/local/lib/python3.10/dist-packages:${PYTHONPATH} /usr/local/bin/cmake --build /home/rmsentry/DUST-RM-Sentry/build/armor_detector -- -j12 -l12
[0.663s] [ 12%] Built target gtest_main
[0.664s] [ 25%] Built target gtest
[0.666s] [ 37%] Built target armor_detector_node
[0.677s] [ 43%] [32mBuilding CXX object CMakeFiles/armor_detector.dir/src/detector_node.cpp.o[0m
[32.150s] [ 50%] [32m[1mLinking CXX shared library libarmor_detector.so[0m
[32.932s] [ 75%] Built target armor_detector
[32.943s] [ 81%] [32m[1mLinking CXX executable test_number_cls[0m
[32.948s] [ 87%] [32mBuilding CXX object CMakeFiles/test_node_startup.dir/test/test_node_startup.cpp.o[0m
[33.252s] [ 93%] Built target test_number_cls
[43.867s] [100%] [32m[1mLinking CXX executable test_node_startup[0m
[44.243s] [100%] Built target test_node_startup
[44.247s] Invoked command in '/home/rmsentry/DUST-RM-Sentry/build/armor_detector' returned '0': AMENT_PREFIX_PATH=/home/rmsentry/DUST-RM-Sentry/install/auto_aim_interfaces:${AMENT_PREFIX_PATH} CMAKE_PREFIX_PATH=/home/rmsentry/DUST-RM-Sentry/install/auto_aim_interfaces:/opt/ros/humble LD_LIBRARY_PATH=/home/rmsentry/DUST-RM-Sentry/install/auto_aim_interfaces/lib:/opt/MVS/lib/64:/opt/MVS/lib/32:/usr/local/lib:/opt/MVS/lib/64:/opt/MVS/lib/32:/opt/MVS/lib/64:/opt/MVS/lib/32:/usr/local/lib:/opt/ros/humble/opt/rviz_ogre_vendor/lib:/opt/ros/humble/lib/x86_64-linux-gnu:/opt/ros/humble/lib:/opt/MVS/lib/64:/opt/MVS/lib/32:/opt/MVS/lib/64:/opt/MVS/lib/32:/opt/MVS/lib/64:/opt/MVS/lib/32 PYTHONPATH=/home/rmsentry/DUST-RM-Sentry/install/auto_aim_interfaces/local/lib/python3.10/dist-packages:${PYTHONPATH} /usr/local/bin/cmake --build /home/rmsentry/DUST-RM-Sentry/build/armor_detector -- -j12 -l12
[44.251s] Invoking command in '/home/rmsentry/DUST-RM-Sentry/build/armor_detector': AMENT_PREFIX_PATH=/home/rmsentry/DUST-RM-Sentry/install/auto_aim_interfaces:${AMENT_PREFIX_PATH} CMAKE_PREFIX_PATH=/home/rmsentry/DUST-RM-Sentry/install/auto_aim_interfaces:/opt/ros/humble LD_LIBRARY_PATH=/home/rmsentry/DUST-RM-Sentry/install/auto_aim_interfaces/lib:/opt/MVS/lib/64:/opt/MVS/lib/32:/usr/local/lib:/opt/MVS/lib/64:/opt/MVS/lib/32:/opt/MVS/lib/64:/opt/MVS/lib/32:/usr/local/lib:/opt/ros/humble/opt/rviz_ogre_vendor/lib:/opt/ros/humble/lib/x86_64-linux-gnu:/opt/ros/humble/lib:/opt/MVS/lib/64:/opt/MVS/lib/32:/opt/MVS/lib/64:/opt/MVS/lib/32:/opt/MVS/lib/64:/opt/MVS/lib/32 PYTHONPATH=/home/rmsentry/DUST-RM-Sentry/install/auto_aim_interfaces/local/lib/python3.10/dist-packages:${PYTHONPATH} /usr/local/bin/cmake --install /home/rmsentry/DUST-RM-Sentry/build/armor_detector
[44.252s] -- Install configuration: "RelWithDebInfo"
[44.253s] -- Execute custom install script
[44.253s] -- Up-to-date symlink: /home/rmsentry/DUST-RM-Sentry/install/armor_detector/lib/armor_detector/armor_detector_node
[44.253s] -- Up-to-date symlink: /home/rmsentry/DUST-RM-Sentry/install/armor_detector/include/armor_detector/armor.hpp
[44.253s] -- Up-to-date symlink: /home/rmsentry/DUST-RM-Sentry/install/armor_detector/include/armor_detector/ba_optimizer.hpp
[44.253s] -- Up-to-date symlink: /home/rmsentry/DUST-RM-Sentry/install/armor_detector/include/armor_detector/detector.hpp
[44.253s] -- Up-to-date symlink: /home/rmsentry/DUST-RM-Sentry/install/armor_detector/include/armor_detector/detector_node.hpp
[44.253s] -- Up-to-date symlink: /home/rmsentry/DUST-RM-Sentry/install/armor_detector/include/armor_detector/number_classifier.hpp
[44.253s] -- Up-to-date symlink: /home/rmsentry/DUST-RM-Sentry/install/armor_detector/include/armor_detector/pnp_solver.hpp
[44.253s] -- Up-to-date symlink: /home/rmsentry/DUST-RM-Sentry/install/armor_detector/include/armor_detector/utils.hpp
[44.254s] -- Up-to-date symlink: /home/rmsentry/DUST-RM-Sentry/install/armor_detector/share/armor_detector/environment/library_path.sh
[44.254s] -- Up-to-date symlink: /home/rmsentry/DUST-RM-Sentry/install/armor_detector/share/armor_detector/environment/library_path.dsv
[44.254s] -- Up-to-date symlink: /home/rmsentry/DUST-RM-Sentry/install/armor_detector/lib/libarmor_detector.so
[44.254s] -- Up-to-date symlink: /home/rmsentry/DUST-RM-Sentry/install/armor_detector/share/armor_detector/model/label.txt
[44.254s] -- Up-to-date symlink: /home/rmsentry/DUST-RM-Sentry/install/armor_detector/share/armor_detector/model/mlp.onnx
[44.254s] -- Up-to-date symlink: /home/rmsentry/DUST-RM-Sentry/install/armor_detector/share/ament_index/resource_index/package_run_dependencies/armor_detector
[44.254s] -- Up-to-date symlink: /home/rmsentry/DUST-RM-Sentry/install/armor_detector/share/ament_index/resource_index/parent_prefix_path/armor_detector
[44.254s] -- Up-to-date symlink: /home/rmsentry/DUST-RM-Sentry/install/armor_detector/share/armor_detector/environment/ament_prefix_path.sh
[44.254s] -- Up-to-date symlink: /home/rmsentry/DUST-RM-Sentry/install/armor_detector/share/armor_detector/environment/ament_prefix_path.dsv
[44.254s] -- Up-to-date symlink: /home/rmsentry/DUST-RM-Sentry/install/armor_detector/share/armor_detector/environment/path.sh
[44.255s] -- Up-to-date symlink: /home/rmsentry/DUST-RM-Sentry/install/armor_detector/share/armor_detector/environment/path.dsv
[44.255s] -- Up-to-date symlink: /home/rmsentry/DUST-RM-Sentry/install/armor_detector/share/armor_detector/local_setup.bash
[44.255s] -- Up-to-date symlink: /home/rmsentry/DUST-RM-Sentry/install/armor_detector/share/armor_detector/local_setup.sh
[44.255s] -- Up-to-date symlink: /home/rmsentry/DUST-RM-Sentry/install/armor_detector/share/armor_detector/local_setup.zsh
[44.255s] -- Up-to-date symlink: /home/rmsentry/DUST-RM-Sentry/install/armor_detector/share/armor_detector/local_setup.dsv
[44.255s] -- Symlinking: /home/rmsentry/DUST-RM-Sentry/install/armor_detector/share/armor_detector/package.dsv
[44.257s] -- Up-to-date symlink: /home/rmsentry/DUST-RM-Sentry/install/armor_detector/share/ament_index/resource_index/packages/armor_detector
[44.257s] -- Up-to-date symlink: /home/rmsentry/DUST-RM-Sentry/install/armor_detector/share/ament_index/resource_index/rclcpp_components/armor_detector
[44.257s] -- Up-to-date symlink: /home/rmsentry/DUST-RM-Sentry/install/armor_detector/share/armor_detector/cmake/ament_cmake_export_dependencies-extras.cmake
[44.257s] -- Up-to-date symlink: /home/rmsentry/DUST-RM-Sentry/install/armor_detector/share/armor_detector/cmake/ament_cmake_export_include_directories-extras.cmake
[44.257s] -- Up-to-date symlink: /home/rmsentry/DUST-RM-Sentry/install/armor_detector/share/armor_detector/cmake/ament_cmake_export_libraries-extras.cmake
[44.258s] -- Up-to-date symlink: /home/rmsentry/DUST-RM-Sentry/install/armor_detector/share/armor_detector/cmake/armor_detectorConfig.cmake
[44.258s] -- Up-to-date symlink: /home/rmsentry/DUST-RM-Sentry/install/armor_detector/share/armor_detector/cmake/armor_detectorConfig-version.cmake
[44.258s] -- Up-to-date symlink: /home/rmsentry/DUST-RM-Sentry/install/armor_detector/share/armor_detector/package.xml
[44.259s] Invoked command in '/home/rmsentry/DUST-RM-Sentry/build/armor_detector' returned '0': AMENT_PREFIX_PATH=/home/rmsentry/DUST-RM-Sentry/install/auto_aim_interfaces:${AMENT_PREFIX_PATH} CMAKE_PREFIX_PATH=/home/rmsentry/DUST-RM-Sentry/install/auto_aim_interfaces:/opt/ros/humble LD_LIBRARY_PATH=/home/rmsentry/DUST-RM-Sentry/install/auto_aim_interfaces/lib:/opt/MVS/lib/64:/opt/MVS/lib/32:/usr/local/lib:/opt/MVS/lib/64:/opt/MVS/lib/32:/opt/MVS/lib/64:/opt/MVS/lib/32:/usr/local/lib:/opt/ros/humble/opt/rviz_ogre_vendor/lib:/opt/ros/humble/lib/x86_64-linux-gnu:/opt/ros/humble/lib:/opt/MVS/lib/64:/opt/MVS/lib/32:/opt/MVS/lib/64:/opt/MVS/lib/32:/opt/MVS/lib/64:/opt/MVS/lib/32 PYTHONPATH=/home/rmsentry/DUST-RM-Sentry/install/auto_aim_interfaces/local/lib/python3.10/dist-packages:${PYTHONPATH} /usr/local/bin/cmake --install /home/rmsentry/DUST-RM-Sentry/build/armor_detector
