[0.032s] Invoking command in '/home/rmsentry/DUST-RM-Sentry/build/livox_sdk_vendor': CMAKE_PREFIX_PATH=${CMAKE_PREFIX_PATH}:/home/rmsentry/DUST-RM-Sentry/install/rm_decision:/home/rmsentry/DUST-RM-Sentry/install/fake_msg_publisher:/opt/ros/humble /usr/local/bin/cmake --build /home/rmsentry/DUST-RM-Sentry/build/livox_sdk_vendor -- -j12 -l12
[0.248s] -- Found ament_cmake: 1.3.12 (/opt/ros/humble/share/ament_cmake/cmake)
[0.265s] -- Override CMake install command with custom implementation using symlinks instead of copying resources
[0.355s] -- Configuring done (0.3s)
[0.358s] -- Generating done (0.0s)
[0.360s] -- Build files have been written to: /home/rmsentry/DUST-RM-Sentry/build/livox_sdk_vendor
[0.377s] Invoked command in '/home/rmsentry/DUST-RM-Sentry/build/livox_sdk_vendor' returned '0': CMAKE_PREFIX_PATH=${CMAKE_PREFIX_PATH}:/home/rmsentry/DUST-RM-Sentry/install/rm_decision:/home/rmsentry/DUST-RM-Sentry/install/fake_msg_publisher:/opt/ros/humble /usr/local/bin/cmake --build /home/rmsentry/DUST-RM-Sentry/build/livox_sdk_vendor -- -j12 -l12
[0.383s] Invoking command in '/home/rmsentry/DUST-RM-Sentry/build/livox_sdk_vendor': CMAKE_PREFIX_PATH=${CMAKE_PREFIX_PATH}:/home/rmsentry/DUST-RM-Sentry/install/rm_decision:/home/rmsentry/DUST-RM-Sentry/install/fake_msg_publisher:/opt/ros/humble /usr/local/bin/cmake --install /home/rmsentry/DUST-RM-Sentry/build/livox_sdk_vendor
[1.152s] -- Install configuration: ""
[1.152s] -- Execute custom install script
[1.152s] -- Up-to-date symlink: /home/rmsentry/DUST-RM-Sentry/install/livox_sdk_vendor/share/livox_sdk_vendor/cmake/Modules/Findlivox_sdk.cmake
[1.152s] -- Up-to-date symlink: /home/rmsentry/DUST-RM-Sentry/install/livox_sdk_vendor/share/ament_index/resource_index/package_run_dependencies/livox_sdk_vendor
[1.152s] -- Up-to-date symlink: /home/rmsentry/DUST-RM-Sentry/install/livox_sdk_vendor/share/ament_index/resource_index/parent_prefix_path/livox_sdk_vendor
[1.152s] -- Up-to-date symlink: /home/rmsentry/DUST-RM-Sentry/install/livox_sdk_vendor/share/livox_sdk_vendor/environment/ament_prefix_path.sh
[1.152s] -- Up-to-date symlink: /home/rmsentry/DUST-RM-Sentry/install/livox_sdk_vendor/share/livox_sdk_vendor/environment/ament_prefix_path.dsv
[1.152s] -- Up-to-date symlink: /home/rmsentry/DUST-RM-Sentry/install/livox_sdk_vendor/share/livox_sdk_vendor/environment/path.sh
[1.152s] -- Up-to-date symlink: /home/rmsentry/DUST-RM-Sentry/install/livox_sdk_vendor/share/livox_sdk_vendor/environment/path.dsv
[1.153s] -- Up-to-date symlink: /home/rmsentry/DUST-RM-Sentry/install/livox_sdk_vendor/share/livox_sdk_vendor/local_setup.bash
[1.153s] -- Up-to-date symlink: /home/rmsentry/DUST-RM-Sentry/install/livox_sdk_vendor/share/livox_sdk_vendor/local_setup.sh
[1.153s] -- Up-to-date symlink: /home/rmsentry/DUST-RM-Sentry/install/livox_sdk_vendor/share/livox_sdk_vendor/local_setup.zsh
[1.153s] -- Up-to-date symlink: /home/rmsentry/DUST-RM-Sentry/install/livox_sdk_vendor/share/livox_sdk_vendor/local_setup.dsv
[1.153s] -- Symlinking: /home/rmsentry/DUST-RM-Sentry/install/livox_sdk_vendor/share/livox_sdk_vendor/package.dsv
[1.153s] -- Up-to-date symlink: /home/rmsentry/DUST-RM-Sentry/install/livox_sdk_vendor/share/ament_index/resource_index/packages/livox_sdk_vendor
[1.153s] -- Up-to-date symlink: /home/rmsentry/DUST-RM-Sentry/install/livox_sdk_vendor/share/livox_sdk_vendor/cmake/livox_sdk_vendor-extras.cmake
[1.153s] -- Up-to-date symlink: /home/rmsentry/DUST-RM-Sentry/install/livox_sdk_vendor/share/livox_sdk_vendor/cmake/livox_sdk_vendorConfig.cmake
[1.153s] -- Up-to-date symlink: /home/rmsentry/DUST-RM-Sentry/install/livox_sdk_vendor/share/livox_sdk_vendor/cmake/livox_sdk_vendorConfig-version.cmake
[1.153s] -- Up-to-date symlink: /home/rmsentry/DUST-RM-Sentry/install/livox_sdk_vendor/share/livox_sdk_vendor/package.xml
[1.164s] Invoked command in '/home/rmsentry/DUST-RM-Sentry/build/livox_sdk_vendor' returned '0': CMAKE_PREFIX_PATH=${CMAKE_PREFIX_PATH}:/home/rmsentry/DUST-RM-Sentry/install/rm_decision:/home/rmsentry/DUST-RM-Sentry/install/fake_msg_publisher:/opt/ros/humble /usr/local/bin/cmake --install /home/rmsentry/DUST-RM-Sentry/build/livox_sdk_vendor
