[0.030s] Invoking command in '/home/rmsentry/DUST-RM-Sentry/build/hik_camera': CMAKE_PREFIX_PATH=${CMAKE_PREFIX_PATH}:/home/rmsentry/DUST-RM-Sentry/install/rm_decision:/home/rmsentry/DUST-RM-Sentry/install/fake_msg_publisher:/opt/ros/humble /usr/local/bin/cmake --build /home/rmsentry/DUST-RM-Sentry/build/hik_camera -- -j12 -l12
[0.114s] [ 25%] Built target hik_camera_node
[0.123s] [ 50%] Built target video_player_node
[0.151s] [ 62%] [32mBuilding CXX object CMakeFiles/hik_camera.dir/src/hik_camera_node.cpp.o[0m
[2.733s] [ 75%] [32m[1mLinking CXX shared library libhik_camera.so[0m
[2.922s] [100%] Built target hik_camera
[2.927s] Invoked command in '/home/rmsentry/DUST-RM-Sentry/build/hik_camera' returned '0': CMAKE_PREFIX_PATH=${CMAKE_PREFIX_PATH}:/home/rmsentry/DUST-RM-Sentry/install/rm_decision:/home/rmsentry/DUST-RM-Sentry/install/fake_msg_publisher:/opt/ros/humble /usr/local/bin/cmake --build /home/rmsentry/DUST-RM-Sentry/build/hik_camera -- -j12 -l12
[2.928s] Invoking command in '/home/rmsentry/DUST-RM-Sentry/build/hik_camera': CMAKE_PREFIX_PATH=${CMAKE_PREFIX_PATH}:/home/rmsentry/DUST-RM-Sentry/install/rm_decision:/home/rmsentry/DUST-RM-Sentry/install/fake_msg_publisher:/opt/ros/humble /usr/local/bin/cmake --install /home/rmsentry/DUST-RM-Sentry/build/hik_camera
[2.931s] -- Install configuration: ""
[2.932s] -- Execute custom install script
[2.932s] -- Up-to-date symlink: /home/rmsentry/DUST-RM-Sentry/install/hik_camera/lib/libFormatConversion.so
[2.932s] -- Up-to-date symlink: /home/rmsentry/DUST-RM-Sentry/install/hik_camera/lib/libMVRender.so
[2.932s] -- Up-to-date symlink: /home/rmsentry/DUST-RM-Sentry/install/hik_camera/lib/libMediaProcess.so
[2.932s] -- Up-to-date symlink: /home/rmsentry/DUST-RM-Sentry/install/hik_camera/lib/libMvCameraControl.so
[2.932s] -- Up-to-date symlink: /home/rmsentry/DUST-RM-Sentry/install/hik_camera/lib/libMvUsb3vTL.so
[2.933s] -- Up-to-date symlink: /home/rmsentry/DUST-RM-Sentry/install/hik_camera/lib/hik_camera/hik_camera_node
[2.933s] -- Up-to-date symlink: /home/rmsentry/DUST-RM-Sentry/install/hik_camera/lib/hik_camera/video_player_node
[2.933s] -- Up-to-date symlink: /home/rmsentry/DUST-RM-Sentry/install/hik_camera/include/hik_camera/hik_camera_node.hpp
[2.933s] -- Up-to-date symlink: /home/rmsentry/DUST-RM-Sentry/install/hik_camera/include/hik_camera/recorder.hpp
[2.933s] -- Up-to-date symlink: /home/rmsentry/DUST-RM-Sentry/install/hik_camera/include/hik_camera/video_player_node.hpp
[2.933s] -- Up-to-date symlink: /home/rmsentry/DUST-RM-Sentry/install/hik_camera/share/hik_camera/environment/library_path.sh
[2.934s] -- Up-to-date symlink: /home/rmsentry/DUST-RM-Sentry/install/hik_camera/share/hik_camera/environment/library_path.dsv
[2.934s] -- Up-to-date symlink: /home/rmsentry/DUST-RM-Sentry/install/hik_camera/lib/libhik_camera.so
[2.934s] -- Up-to-date symlink: /home/rmsentry/DUST-RM-Sentry/install/hik_camera/share/hik_camera/launch/hik_camera_launch.py
[2.934s] -- Up-to-date symlink: /home/rmsentry/DUST-RM-Sentry/install/hik_camera/share/hik_camera/launch/video_player_launch.py
[2.934s] -- Up-to-date symlink: /home/rmsentry/DUST-RM-Sentry/install/hik_camera/share/hik_camera/config/camera_info.yaml
[2.934s] -- Up-to-date symlink: /home/rmsentry/DUST-RM-Sentry/install/hik_camera/share/hik_camera/config/camera_params.yaml
[2.935s] -- Up-to-date symlink: /home/rmsentry/DUST-RM-Sentry/install/hik_camera/share/ament_index/resource_index/package_run_dependencies/hik_camera
[2.935s] -- Up-to-date symlink: /home/rmsentry/DUST-RM-Sentry/install/hik_camera/share/ament_index/resource_index/parent_prefix_path/hik_camera
[2.935s] -- Up-to-date symlink: /home/rmsentry/DUST-RM-Sentry/install/hik_camera/share/hik_camera/environment/ament_prefix_path.sh
[2.935s] -- Up-to-date symlink: /home/rmsentry/DUST-RM-Sentry/install/hik_camera/share/hik_camera/environment/ament_prefix_path.dsv
[2.935s] -- Up-to-date symlink: /home/rmsentry/DUST-RM-Sentry/install/hik_camera/share/hik_camera/environment/path.sh
[2.935s] -- Up-to-date symlink: /home/rmsentry/DUST-RM-Sentry/install/hik_camera/share/hik_camera/environment/path.dsv
[2.935s] -- Up-to-date symlink: /home/rmsentry/DUST-RM-Sentry/install/hik_camera/share/hik_camera/local_setup.bash
[2.935s] -- Up-to-date symlink: /home/rmsentry/DUST-RM-Sentry/install/hik_camera/share/hik_camera/local_setup.sh
[2.935s] -- Up-to-date symlink: /home/rmsentry/DUST-RM-Sentry/install/hik_camera/share/hik_camera/local_setup.zsh
[2.935s] -- Up-to-date symlink: /home/rmsentry/DUST-RM-Sentry/install/hik_camera/share/hik_camera/local_setup.dsv
[2.936s] -- Symlinking: /home/rmsentry/DUST-RM-Sentry/install/hik_camera/share/hik_camera/package.dsv
[2.939s] -- Up-to-date symlink: /home/rmsentry/DUST-RM-Sentry/install/hik_camera/share/ament_index/resource_index/packages/hik_camera
[2.940s] -- Up-to-date symlink: /home/rmsentry/DUST-RM-Sentry/install/hik_camera/share/ament_index/resource_index/rclcpp_components/hik_camera
[2.940s] -- Up-to-date symlink: /home/rmsentry/DUST-RM-Sentry/install/hik_camera/share/hik_camera/cmake/ament_cmake_export_dependencies-extras.cmake
[2.940s] -- Up-to-date symlink: /home/rmsentry/DUST-RM-Sentry/install/hik_camera/share/hik_camera/cmake/ament_cmake_export_include_directories-extras.cmake
[2.940s] -- Up-to-date symlink: /home/rmsentry/DUST-RM-Sentry/install/hik_camera/share/hik_camera/cmake/ament_cmake_export_libraries-extras.cmake
[2.940s] -- Up-to-date symlink: /home/rmsentry/DUST-RM-Sentry/install/hik_camera/share/hik_camera/cmake/hik_cameraConfig.cmake
[2.940s] -- Up-to-date symlink: /home/rmsentry/DUST-RM-Sentry/install/hik_camera/share/hik_camera/cmake/hik_cameraConfig-version.cmake
[2.940s] -- Up-to-date symlink: /home/rmsentry/DUST-RM-Sentry/install/hik_camera/share/hik_camera/package.xml
[2.942s] Invoked command in '/home/rmsentry/DUST-RM-Sentry/build/hik_camera' returned '0': CMAKE_PREFIX_PATH=${CMAKE_PREFIX_PATH}:/home/rmsentry/DUST-RM-Sentry/install/rm_decision:/home/rmsentry/DUST-RM-Sentry/install/fake_msg_publisher:/opt/ros/humble /usr/local/bin/cmake --install /home/rmsentry/DUST-RM-Sentry/build/hik_camera
