[0.094s] Invoking command in '/home/rmsentry/DUST-RM-Sentry/build/rm_serial_driver': CMAKE_PREFIX_PATH=/home/rmsentry/DUST-RM-Sentry/install/auto_aim_interfaces:/home/rmsentry/DUST-RM-Sentry/install/vision_msg:/home/rmsentry/DUST-RM-Sentry/install/teb_local_planner:/home/rmsentry/DUST-RM-Sentry/install/teb_msgs:/home/rmsentry/DUST-RM-Sentry/install/robot_decision:/home/rmsentry/DUST-RM-Sentry/install/rm_bringup:/home/rmsentry/DUST-RM-Sentry/install/rm_serial_driver:/home/rmsentry/DUST-RM-Sentry/install/rm_robot_description:/home/rmsentry/DUST-RM-Sentry/install/rm_navigation:/home/rmsentry/DUST-RM-Sentry/install/rm_gimbal_description:/home/rmsentry/DUST-RM-Sentry/install/rm_decision_interfaces:/home/rmsentry/DUST-RM-Sentry/install/rm_auto_aim:/home/rmsentry/DUST-RM-Sentry/install/pointcloud_to_laserscan:/home/rmsentry/DUST-RM-Sentry/install/pointcloud_merger:/home/rmsentry/DUST-RM-Sentry/install/point_lio:/home/rmsentry/DUST-RM-Sentry/install/livox_ros2_driver:/home/rmsentry/DUST-RM-Sentry/install/livox_sdk_vendor:/home/rmsentry/DUST-RM-Sentry/install/icp_registration:/home/rmsentry/DUST-RM-Sentry/install/fast_lio:/home/rmsentry/DUST-RM-Sentry/install/livox_ros_driver2:/home/rmsentry/DUST-RM-Sentry/install/livox_interfaces:/home/rmsentry/DUST-RM-Sentry/install/linefit_ground_segmentation_ros:/home/rmsentry/DUST-RM-Sentry/install/linefit_ground_segmentation:/home/rmsentry/DUST-RM-Sentry/install/imu_complementary_filter:/home/rmsentry/DUST-RM-Sentry/install/hik_camera_second:/home/rmsentry/DUST-RM-Sentry/install/hik_camera_first:/home/rmsentry/DUST-RM-Sentry/install/hik_camera:/home/rmsentry/DUST-RM-Sentry/install/global_interface:/home/rmsentry/DUST-RM-Sentry/install/costmap_converter:/home/rmsentry/DUST-RM-Sentry/install/costmap_converter_msgs:/home/rmsentry/DUST-RM-Sentry/install/armor_tracker:/home/rmsentry/DUST-RM-Sentry/install/armor_solver:/home/rmsentry/DUST-RM-Sentry/install/armor_detector:/home/rmsentry/DUST-RM-Sentry/install/rm_decision:/home/rmsentry/DUST-RM-Sentry/install/fake_msg_publisher:/opt/ros/humble LD_LIBRARY_PATH=/home/rmsentry/DUST-RM-Sentry/install/auto_aim_interfaces/lib:/home/rmsentry/DUST-RM-Sentry/install/vision_msg/lib:/home/rmsentry/DUST-RM-Sentry/install/teb_local_planner/lib:/home/rmsentry/DUST-RM-Sentry/install/teb_msgs/lib:/home/rmsentry/DUST-RM-Sentry/install/robot_decision/lib:/home/rmsentry/DUST-RM-Sentry/install/rm_serial_driver/lib:/home/rmsentry/DUST-RM-Sentry/install/rm_decision_interfaces/lib:/home/rmsentry/DUST-RM-Sentry/install/pointcloud_to_laserscan/lib:/home/rmsentry/DUST-RM-Sentry/install/livox_ros2_driver/lib:/home/rmsentry/DUST-RM-Sentry/install/icp_registration/lib:/home/rmsentry/DUST-RM-Sentry/install/fast_lio/lib:/home/rmsentry/DUST-RM-Sentry/install/livox_ros_driver2/lib:/home/rmsentry/DUST-RM-Sentry/install/livox_interfaces/lib:/home/rmsentry/DUST-RM-Sentry/install/linefit_ground_segmentation/lib:/home/rmsentry/DUST-RM-Sentry/install/imu_complementary_filter/lib:/home/rmsentry/DUST-RM-Sentry/install/hik_camera_second/lib:/home/rmsentry/DUST-RM-Sentry/install/hik_camera_first/lib:/home/rmsentry/DUST-RM-Sentry/install/hik_camera/lib:/home/rmsentry/DUST-RM-Sentry/install/global_interface/lib:/home/rmsentry/DUST-RM-Sentry/install/costmap_converter/lib:/home/rmsentry/DUST-RM-Sentry/install/costmap_converter_msgs/lib:/home/rmsentry/DUST-RM-Sentry/install/armor_tracker/lib:/home/rmsentry/DUST-RM-Sentry/install/armor_solver/lib:/home/rmsentry/DUST-RM-Sentry/install/armor_detector/lib:/opt/MVS/lib/64:/opt/MVS/lib/32:/usr/local/lib:/opt/MVS/lib/64:/opt/MVS/lib/32:/opt/MVS/lib/64:/opt/MVS/lib/32:/usr/local/lib:/opt/ros/humble/opt/rviz_ogre_vendor/lib:/opt/ros/humble/lib/x86_64-linux-gnu:/opt/ros/humble/lib:/opt/MVS/lib/64:/opt/MVS/lib/32:/opt/MVS/lib/64:/opt/MVS/lib/32:/opt/MVS/lib/64:/opt/MVS/lib/32 /usr/local/bin/cmake --build /home/rmsentry/DUST-RM-Sentry/build/rm_serial_driver -- -j12 -l12
[0.132s] [ 40%] Built target rm_serial_driver_node
[0.136s] [ 60%] [32mBuilding CXX object CMakeFiles/rm_serial_driver.dir/src/rm_serial_driver.cpp.o[0m
[2.140s] [01m[K/home/rmsentry/DUST-RM-Sentry/src/rm_serial_driver/src/rm_serial_driver.cpp:[m[K In constructor ‘[01m[Krm_serial_driver::RMSerialDriver::RMSerialDriver(const rclcpp::NodeOptions&)[m[K’:
[2.140s] [01m[K/home/rmsentry/DUST-RM-Sentry/src/rm_serial_driver/src/rm_serial_driver.cpp:54:3:[m[K [01;31m[Kerror: [m[K‘[01m[Kdetector_nodes_[m[K’ was not declared in this scope
[2.140s]    54 |   [01;31m[Kdetector_nodes_[m[K = this->declare_parameter<std::vector<std::string>>(
[2.140s]       |   [01;31m[K^~~~~~~~~~~~~~~[m[K
[2.144s] [01m[K/home/rmsentry/DUST-RM-Sentry/src/rm_serial_driver/src/rm_serial_driver.cpp:57:5:[m[K [01;31m[Kerror: [m[K‘[01m[Kdetector_param_clients_[m[K’ was not declared in this scope; did you mean ‘[01m[Kdetector_param_client_[m[K’?
[2.144s]    57 |     [01;31m[Kdetector_param_clients_[m[K.emplace_back(std::make_shared<rclcpp::AsyncParametersClient>(this, name));
[2.144s]       |     [01;31m[K^~~~~~~~~~~~~~~~~~~~~~~[m[K
[2.144s]       |     [32m[Kdetector_param_client_[m[K
[2.365s] [01m[K/home/rmsentry/DUST-RM-Sentry/src/rm_serial_driver/src/rm_serial_driver.cpp:[m[K In member function ‘[01m[Kvoid rm_serial_driver::RMSerialDriver::setParam(const rclcpp::Parameter&)[m[K’:
[2.365s] [01m[K/home/rmsentry/DUST-RM-Sentry/src/rm_serial_driver/src/rm_serial_driver.cpp:405:26:[m[K [01;31m[Kerror: [m[K‘[01m[Kdetector_param_clients_[m[K’ was not declared in this scope; did you mean ‘[01m[Kdetector_param_client_[m[K’?
[2.365s]   405 |   for (size_t i = 0; i < [01;31m[Kdetector_param_clients_[m[K.size(); ++i) {
[2.365s]       |                          [01;31m[K^~~~~~~~~~~~~~~~~~~~~~~[m[K
[2.365s]       |                          [32m[Kdetector_param_client_[m[K
[2.371s] [01m[K/home/rmsentry/DUST-RM-Sentry/src/rm_serial_driver/src/rm_serial_driver.cpp:407:32:[m[K [01;31m[Kerror: [m[K‘[01m[Kdetector_nodes_[m[K’ was not declared in this scope
[2.371s]   407 |     const auto & target_name = [01;31m[Kdetector_nodes_[m[K[i];
[2.371s]       |                                [01;31m[K^~~~~~~~~~~~~~~[m[K
[2.373s] In file included from [01m[K/opt/ros/humble/include/rclcpp/rclcpp/logging.hpp:24[m[K,
[2.373s]                  from [01m[K/home/rmsentry/DUST-RM-Sentry/src/rm_serial_driver/src/rm_serial_driver.cpp:7[m[K:
[2.373s] [01m[K/home/rmsentry/DUST-RM-Sentry/src/rm_serial_driver/src/rm_serial_driver.cpp:[m[K In lambda function:
[2.373s] [01m[K/home/rmsentry/DUST-RM-Sentry/src/rm_serial_driver/src/rm_serial_driver.cpp:419:96:[m[K [01;31m[Kerror: [m[K‘[01m[Ktarget_name[m[K’ is not captured
[2.373s]   419 |             RCLCPP_ERROR(get_logger(), "Failed to set %s on %s: %s", param.get_name().c_str(), [01;31m[Ktarget_name[m[K.c_str(), result.reason.c_str());
[2.373s]       |                                                                                                [01;31m[K^~~~~~~~~~~[m[K
[2.373s] [01m[K/home/rmsentry/DUST-RM-Sentry/src/rm_serial_driver/src/rm_serial_driver.cpp:416:41:[m[K [01;36m[Knote: [m[Kthe lambda has no capture-default
[2.373s]   416 |       {param}, [this, target_name, param[01;36m[K][m[K(const ResultFuturePtr & results) {
[2.373s]       |                                         [01;36m[K^[m[K
[2.373s] [01m[K/home/rmsentry/DUST-RM-Sentry/src/rm_serial_driver/src/rm_serial_driver.cpp:407:18:[m[K [01;36m[Knote: [m[K‘[01m[K<typeprefixerror>target_name[m[K’ declared here
[2.373s]   407 |     const auto & [01;36m[Ktarget_name[m[K = detector_nodes_[i];
[2.373s]       |                  [01;36m[K^~~~~~~~~~~[m[K
[2.373s] In file included from [01m[K/opt/ros/humble/include/rclcpp/rclcpp/logging.hpp:24[m[K,
[2.373s]                  from [01m[K/home/rmsentry/DUST-RM-Sentry/src/rm_serial_driver/src/rm_serial_driver.cpp:7[m[K:
[2.373s] [01m[K/home/rmsentry/DUST-RM-Sentry/src/rm_serial_driver/src/rm_serial_driver.cpp:423:84:[m[K [01;31m[Kerror: [m[K‘[01m[Ktarget_name[m[K’ is not captured
[2.373s]   423 |         RCLCPP_INFO(get_logger(), "Set %s on %s to %ld", param.get_name().c_str(), [01;31m[Ktarget_name[m[K.c_str(), param.as_int());
[2.373s]       |                                                                                    [01;31m[K^~~~~~~~~~~[m[K
[2.373s] [01m[K/home/rmsentry/DUST-RM-Sentry/src/rm_serial_driver/src/rm_serial_driver.cpp:416:41:[m[K [01;36m[Knote: [m[Kthe lambda has no capture-default
[2.373s]   416 |       {param}, [this, target_name, param[01;36m[K][m[K(const ResultFuturePtr & results) {
[2.373s]       |                                         [01;36m[K^[m[K
[2.373s] [01m[K/home/rmsentry/DUST-RM-Sentry/src/rm_serial_driver/src/rm_serial_driver.cpp:407:18:[m[K [01;36m[Knote: [m[K‘[01m[K<typeprefixerror>target_name[m[K’ declared here
[2.373s]   407 |     const auto & [01;36m[Ktarget_name[m[K = detector_nodes_[i];
[2.373s]       |                  [01;36m[K^~~~~~~~~~~[m[K
[4.693s] gmake[2]: *** [CMakeFiles/rm_serial_driver.dir/build.make:76：CMakeFiles/rm_serial_driver.dir/src/rm_serial_driver.cpp.o] 错误 1
[4.693s] gmake[1]: *** [CMakeFiles/Makefile2:139：CMakeFiles/rm_serial_driver.dir/all] 错误 2
[4.693s] gmake: *** [Makefile:146：all] 错误 2
[4.694s] Invoked command in '/home/rmsentry/DUST-RM-Sentry/build/rm_serial_driver' returned '2': CMAKE_PREFIX_PATH=/home/rmsentry/DUST-RM-Sentry/install/auto_aim_interfaces:/home/rmsentry/DUST-RM-Sentry/install/vision_msg:/home/rmsentry/DUST-RM-Sentry/install/teb_local_planner:/home/rmsentry/DUST-RM-Sentry/install/teb_msgs:/home/rmsentry/DUST-RM-Sentry/install/robot_decision:/home/rmsentry/DUST-RM-Sentry/install/rm_bringup:/home/rmsentry/DUST-RM-Sentry/install/rm_serial_driver:/home/rmsentry/DUST-RM-Sentry/install/rm_robot_description:/home/rmsentry/DUST-RM-Sentry/install/rm_navigation:/home/rmsentry/DUST-RM-Sentry/install/rm_gimbal_description:/home/rmsentry/DUST-RM-Sentry/install/rm_decision_interfaces:/home/rmsentry/DUST-RM-Sentry/install/rm_auto_aim:/home/rmsentry/DUST-RM-Sentry/install/pointcloud_to_laserscan:/home/rmsentry/DUST-RM-Sentry/install/pointcloud_merger:/home/rmsentry/DUST-RM-Sentry/install/point_lio:/home/rmsentry/DUST-RM-Sentry/install/livox_ros2_driver:/home/rmsentry/DUST-RM-Sentry/install/livox_sdk_vendor:/home/rmsentry/DUST-RM-Sentry/install/icp_registration:/home/rmsentry/DUST-RM-Sentry/install/fast_lio:/home/rmsentry/DUST-RM-Sentry/install/livox_ros_driver2:/home/rmsentry/DUST-RM-Sentry/install/livox_interfaces:/home/rmsentry/DUST-RM-Sentry/install/linefit_ground_segmentation_ros:/home/rmsentry/DUST-RM-Sentry/install/linefit_ground_segmentation:/home/rmsentry/DUST-RM-Sentry/install/imu_complementary_filter:/home/rmsentry/DUST-RM-Sentry/install/hik_camera_second:/home/rmsentry/DUST-RM-Sentry/install/hik_camera_first:/home/rmsentry/DUST-RM-Sentry/install/hik_camera:/home/rmsentry/DUST-RM-Sentry/install/global_interface:/home/rmsentry/DUST-RM-Sentry/install/costmap_converter:/home/rmsentry/DUST-RM-Sentry/install/costmap_converter_msgs:/home/rmsentry/DUST-RM-Sentry/install/armor_tracker:/home/rmsentry/DUST-RM-Sentry/install/armor_solver:/home/rmsentry/DUST-RM-Sentry/install/armor_detector:/home/rmsentry/DUST-RM-Sentry/install/rm_decision:/home/rmsentry/DUST-RM-Sentry/install/fake_msg_publisher:/opt/ros/humble LD_LIBRARY_PATH=/home/rmsentry/DUST-RM-Sentry/install/auto_aim_interfaces/lib:/home/rmsentry/DUST-RM-Sentry/install/vision_msg/lib:/home/rmsentry/DUST-RM-Sentry/install/teb_local_planner/lib:/home/rmsentry/DUST-RM-Sentry/install/teb_msgs/lib:/home/rmsentry/DUST-RM-Sentry/install/robot_decision/lib:/home/rmsentry/DUST-RM-Sentry/install/rm_serial_driver/lib:/home/rmsentry/DUST-RM-Sentry/install/rm_decision_interfaces/lib:/home/rmsentry/DUST-RM-Sentry/install/pointcloud_to_laserscan/lib:/home/rmsentry/DUST-RM-Sentry/install/livox_ros2_driver/lib:/home/rmsentry/DUST-RM-Sentry/install/icp_registration/lib:/home/rmsentry/DUST-RM-Sentry/install/fast_lio/lib:/home/rmsentry/DUST-RM-Sentry/install/livox_ros_driver2/lib:/home/rmsentry/DUST-RM-Sentry/install/livox_interfaces/lib:/home/rmsentry/DUST-RM-Sentry/install/linefit_ground_segmentation/lib:/home/rmsentry/DUST-RM-Sentry/install/imu_complementary_filter/lib:/home/rmsentry/DUST-RM-Sentry/install/hik_camera_second/lib:/home/rmsentry/DUST-RM-Sentry/install/hik_camera_first/lib:/home/rmsentry/DUST-RM-Sentry/install/hik_camera/lib:/home/rmsentry/DUST-RM-Sentry/install/global_interface/lib:/home/rmsentry/DUST-RM-Sentry/install/costmap_converter/lib:/home/rmsentry/DUST-RM-Sentry/install/costmap_converter_msgs/lib:/home/rmsentry/DUST-RM-Sentry/install/armor_tracker/lib:/home/rmsentry/DUST-RM-Sentry/install/armor_solver/lib:/home/rmsentry/DUST-RM-Sentry/install/armor_detector/lib:/opt/MVS/lib/64:/opt/MVS/lib/32:/usr/local/lib:/opt/MVS/lib/64:/opt/MVS/lib/32:/opt/MVS/lib/64:/opt/MVS/lib/32:/usr/local/lib:/opt/ros/humble/opt/rviz_ogre_vendor/lib:/opt/ros/humble/lib/x86_64-linux-gnu:/opt/ros/humble/lib:/opt/MVS/lib/64:/opt/MVS/lib/32:/opt/MVS/lib/64:/opt/MVS/lib/32:/opt/MVS/lib/64:/opt/MVS/lib/32 /usr/local/bin/cmake --build /home/rmsentry/DUST-RM-Sentry/build/rm_serial_driver -- -j12 -l12
