[0.049s] Invoking command in '/home/rmsentry/DUST-RM-Sentry/build/hik_camera_first': CMAKE_PREFIX_PATH=${CMAKE_PREFIX_PATH}:/home/rmsentry/DUST-RM-Sentry/install/rm_decision:/home/rmsentry/DUST-RM-Sentry/install/fake_msg_publisher:/opt/ros/humble /usr/local/bin/cmake --build /home/rmsentry/DUST-RM-Sentry/build/hik_camera_first -- -j12 -l12
[0.210s] [ 50%] Built target hik_camera_first_node
[0.210s] [ 75%] [32mBuilding CXX object CMakeFiles/hik_camera_first.dir/src/hik_camera_first_node.cpp.o[0m
[5.237s] [100%] [32m[1mLinking CXX shared library libhik_camera_first.so[0m
[5.372s] [100%] Built target hik_camera_first
[5.379s] Invoked command in '/home/rmsentry/DUST-RM-Sentry/build/hik_camera_first' returned '0': CMAKE_PREFIX_PATH=${CMAKE_PREFIX_PATH}:/home/rmsentry/DUST-RM-Sentry/install/rm_decision:/home/rmsentry/DUST-RM-Sentry/install/fake_msg_publisher:/opt/ros/humble /usr/local/bin/cmake --build /home/rmsentry/DUST-RM-Sentry/build/hik_camera_first -- -j12 -l12
[5.380s] Invoking command in '/home/rmsentry/DUST-RM-Sentry/build/hik_camera_first': CMAKE_PREFIX_PATH=${CMAKE_PREFIX_PATH}:/home/rmsentry/DUST-RM-Sentry/install/rm_decision:/home/rmsentry/DUST-RM-Sentry/install/fake_msg_publisher:/opt/ros/humble /usr/local/bin/cmake --install /home/rmsentry/DUST-RM-Sentry/build/hik_camera_first
[5.393s] -- Install configuration: ""
[5.393s] -- Execute custom install script
[5.393s] -- Up-to-date symlink: /home/rmsentry/DUST-RM-Sentry/install/hik_camera_first/lib/libFormatConversion.so
[5.393s] -- Up-to-date symlink: /home/rmsentry/DUST-RM-Sentry/install/hik_camera_first/lib/libMVRender.so
[5.393s] -- Up-to-date symlink: /home/rmsentry/DUST-RM-Sentry/install/hik_camera_first/lib/libMediaProcess.so
[5.393s] -- Up-to-date symlink: /home/rmsentry/DUST-RM-Sentry/install/hik_camera_first/lib/libMvCameraControl.so
[5.393s] -- Up-to-date symlink: /home/rmsentry/DUST-RM-Sentry/install/hik_camera_first/lib/libMvUsb3vTL.so
[5.393s] -- Up-to-date symlink: /home/rmsentry/DUST-RM-Sentry/install/hik_camera_first/lib/hik_camera_first/hik_camera_first_node
[5.393s] -- Up-to-date symlink: /home/rmsentry/DUST-RM-Sentry/install/hik_camera_first/share/hik_camera_first/environment/library_path.sh
[5.394s] -- Up-to-date symlink: /home/rmsentry/DUST-RM-Sentry/install/hik_camera_first/share/hik_camera_first/environment/library_path.dsv
[5.394s] -- Up-to-date symlink: /home/rmsentry/DUST-RM-Sentry/install/hik_camera_first/lib/libhik_camera_first.so
[5.394s] -- Up-to-date symlink: /home/rmsentry/DUST-RM-Sentry/install/hik_camera_first/share/hik_camera_first/config/camera_info.yaml
[5.394s] -- Up-to-date symlink: /home/rmsentry/DUST-RM-Sentry/install/hik_camera_first/share/hik_camera_first/config/camera_params.yaml
[5.394s] -- Up-to-date symlink: /home/rmsentry/DUST-RM-Sentry/install/hik_camera_first/share/hik_camera_first/launch/hik_camera.launch.py
[5.394s] -- Up-to-date symlink: /home/rmsentry/DUST-RM-Sentry/install/hik_camera_first/share/ament_index/resource_index/package_run_dependencies/hik_camera_first
[5.394s] -- Up-to-date symlink: /home/rmsentry/DUST-RM-Sentry/install/hik_camera_first/share/ament_index/resource_index/parent_prefix_path/hik_camera_first
[5.394s] -- Up-to-date symlink: /home/rmsentry/DUST-RM-Sentry/install/hik_camera_first/share/hik_camera_first/environment/ament_prefix_path.sh
[5.394s] -- Up-to-date symlink: /home/rmsentry/DUST-RM-Sentry/install/hik_camera_first/share/hik_camera_first/environment/ament_prefix_path.dsv
[5.394s] -- Up-to-date symlink: /home/rmsentry/DUST-RM-Sentry/install/hik_camera_first/share/hik_camera_first/environment/path.sh
[5.394s] -- Up-to-date symlink: /home/rmsentry/DUST-RM-Sentry/install/hik_camera_first/share/hik_camera_first/environment/path.dsv
[5.394s] -- Up-to-date symlink: /home/rmsentry/DUST-RM-Sentry/install/hik_camera_first/share/hik_camera_first/local_setup.bash
[5.394s] -- Up-to-date symlink: /home/rmsentry/DUST-RM-Sentry/install/hik_camera_first/share/hik_camera_first/local_setup.sh
[5.394s] -- Up-to-date symlink: /home/rmsentry/DUST-RM-Sentry/install/hik_camera_first/share/hik_camera_first/local_setup.zsh
[5.394s] -- Up-to-date symlink: /home/rmsentry/DUST-RM-Sentry/install/hik_camera_first/share/hik_camera_first/local_setup.dsv
[5.394s] -- Symlinking: /home/rmsentry/DUST-RM-Sentry/install/hik_camera_first/share/hik_camera_first/package.dsv
[5.399s] -- Up-to-date symlink: /home/rmsentry/DUST-RM-Sentry/install/hik_camera_first/share/ament_index/resource_index/packages/hik_camera_first
[5.400s] -- Up-to-date symlink: /home/rmsentry/DUST-RM-Sentry/install/hik_camera_first/share/ament_index/resource_index/rclcpp_components/hik_camera_first
[5.401s] -- Up-to-date symlink: /home/rmsentry/DUST-RM-Sentry/install/hik_camera_first/share/hik_camera_first/cmake/ament_cmake_export_dependencies-extras.cmake
[5.401s] -- Up-to-date symlink: /home/rmsentry/DUST-RM-Sentry/install/hik_camera_first/share/hik_camera_first/cmake/ament_cmake_export_libraries-extras.cmake
[5.402s] -- Up-to-date symlink: /home/rmsentry/DUST-RM-Sentry/install/hik_camera_first/share/hik_camera_first/cmake/hik_camera_firstConfig.cmake
[5.402s] -- Up-to-date symlink: /home/rmsentry/DUST-RM-Sentry/install/hik_camera_first/share/hik_camera_first/cmake/hik_camera_firstConfig-version.cmake
[5.403s] -- Up-to-date symlink: /home/rmsentry/DUST-RM-Sentry/install/hik_camera_first/share/hik_camera_first/package.xml
[5.407s] Invoked command in '/home/rmsentry/DUST-RM-Sentry/build/hik_camera_first' returned '0': CMAKE_PREFIX_PATH=${CMAKE_PREFIX_PATH}:/home/rmsentry/DUST-RM-Sentry/install/rm_decision:/home/rmsentry/DUST-RM-Sentry/install/fake_msg_publisher:/opt/ros/humble /usr/local/bin/cmake --install /home/rmsentry/DUST-RM-Sentry/build/hik_camera_first
