-- Found ament_cmake_auto: 1.3.12 (/opt/ros/humble/share/ament_cmake_auto/cmake)
-- Override CMake install command with custom implementation using symlinks instead of copying resources
-- Eigen found (include: /usr/include/eigen3, version: 3.4.0)
[33mCMake Warning (dev) at /usr/lib/x86_64-linux-gnu/cmake/pcl/PCLConfig.cmake:146 (find_package):
  Policy CMP0144 is not set: find_package uses upper-case <PACKAGENAME>_ROOT
  variables.  Run "cmake --help-policy CMP0144" for policy details.  Use the
  cmake_policy command to set the policy and suppress this warning.

  CMake variable EIGEN_ROOT is set to:

    /usr/include/eigen3

  For compatibility, find_package is ignoring the variable, but code in a
  .cmake module might still use it.
Call Stack (most recent call first):
  /usr/lib/x86_64-linux-gnu/cmake/pcl/PCLConfig.cmake:299 (find_eigen)
  /usr/lib/x86_64-linux-gnu/cmake/pcl/PCLConfig.cmake:543 (find_external_library)
  CMakeLists.txt:12 (find_package)
This warning is for project developers.  Use -Wno-dev to suppress it.
[0m
[33mCMake Warning (dev) at /usr/lib/x86_64-linux-gnu/cmake/pcl/Modules/FindFLANN.cmake:44 (find_package):
  Policy CMP0144 is not set: find_package uses upper-case <PACKAGENAME>_ROOT
  variables.  Run "cmake --help-policy CMP0144" for policy details.  Use the
  cmake_policy command to set the policy and suppress this warning.

  CMake variable FLANN_ROOT is set to:

    /usr

  For compatibility, find_package is ignoring the variable, but code in a
  .cmake module might still use it.
Call Stack (most recent call first):
  /usr/lib/x86_64-linux-gnu/cmake/pcl/PCLConfig.cmake:256 (find_package)
  /usr/lib/x86_64-linux-gnu/cmake/pcl/PCLConfig.cmake:301 (find_flann)
  /usr/lib/x86_64-linux-gnu/cmake/pcl/PCLConfig.cmake:543 (find_external_library)
  CMakeLists.txt:12 (find_package)
This warning is for project developers.  Use -Wno-dev to suppress it.
[0m
-- FLANN found (include: /usr/include, lib: /usr/lib/x86_64-linux-gnu/libflann_cpp.so)
-- Found Eigen3: /usr/include/eigen3 (found version "3.4.0")
-- OpenNI found (version: 1.5.4.0, include: /usr/include/ni, lib: /usr/lib/libOpenNI.so;libusb::libusb)
-- OpenNI2 found (version: 2.2.0.33, include: /usr/include/openni2, lib: /usr/lib/x86_64-linux-gnu/libOpenNI2.so;libusb::libusb)
[0m** WARNING ** io features related to pcap will be disabled[0m
-- Eigen found (include: /usr/include/eigen3, version: 3.4.0)
-- OpenNI found (version: 1.5.4.0, include: /usr/include/ni, lib: /usr/lib/libOpenNI.so;libusb::libusb)
-- OpenNI2 found (version: 2.2.0.33, include: /usr/include/openni2, lib: /usr/lib/x86_64-linux-gnu/libOpenNI2.so;libusb::libusb)
-- Found Qhull version 8.0.2
-- OpenNI found (version: 1.5.4.0, include: /usr/include/ni, lib: /usr/lib/libOpenNI.so;libusb::libusb)
-- looking for PCL_COMMON
-- looking for PCL_KDTREE
-- looking for PCL_OCTREE
-- looking for PCL_SEARCH
-- looking for PCL_SAMPLE_CONSENSUS
-- looking for PCL_FILTERS
-- looking for PCL_2D
-- looking for PCL_GEOMETRY
-- looking for PCL_IO
-- looking for PCL_FEATURES
-- looking for PCL_ML
-- looking for PCL_SEGMENTATION
-- looking for PCL_VISUALIZATION
-- looking for PCL_SURFACE
-- looking for PCL_REGISTRATION
-- looking for PCL_KEYPOINTS
-- looking for PCL_TRACKING
-- looking for PCL_RECOGNITION
-- looking for PCL_STEREO
-- looking for PCL_APPS
-- looking for PCL_IN_HAND_SCANNER
-- looking for PCL_MODELER
-- looking for PCL_POINT_CLOUD_EDITOR
-- looking for PCL_OUTOFCORE
-- looking for PCL_PEOPLE
-- Found rosidl_generator_c: 3.1.7 (/opt/ros/humble/share/rosidl_generator_c/cmake)
-- Found rosidl_adapter: 3.1.7 (/opt/ros/humble/share/rosidl_adapter/cmake)
-- Found rosidl_generator_cpp: 3.1.7 (/opt/ros/humble/share/rosidl_generator_cpp/cmake)
-- Using all available rosidl_typesupport_c: rosidl_typesupport_fastrtps_c;rosidl_typesupport_introspection_c
-- Using all available rosidl_typesupport_cpp: rosidl_typesupport_fastrtps_cpp;rosidl_typesupport_introspection_cpp
-- Found rmw_implementation_cmake: 6.1.2 (/opt/ros/humble/share/rmw_implementation_cmake/cmake)
-- Found rmw_fastrtps_cpp: 6.2.8 (/opt/ros/humble/share/rmw_fastrtps_cpp/cmake)
-- Using RMW implementation 'rmw_fastrtps_cpp' as default
-- Found eigen3_cmake_module: 0.1.1 (/opt/ros/humble/share/eigen3_cmake_module/cmake)
-- Found Eigen3: TRUE (found version "3.4.0")
-- Ensuring Eigen3 include directory is part of orocos-kdl CMake target
-- Found ament_lint_auto: 0.12.14 (/opt/ros/humble/share/ament_lint_auto/cmake)
[0mIn this package, headers install destination is set to `include` by ament_auto_package. It is recommended to install `include/icp_registration` instead and will be the default behavior of ament_auto_package from ROS 2 Kilted Kaiju. On distributions before Kilted, ament_auto_package behaves the same way when you use USE_SCOPED_HEADER_INSTALL_DIR option.[0m
-- Added test 'cppcheck' to perform static code analysis on C / C++ code
-- Configured cppcheck include dirs: /home/rmsentry/DUST-RM-Sentry/src/rm_localization/icp_registration/include
-- Configured cppcheck exclude dirs and/or files: 
-- Added test 'flake8' to check Python code syntax and style conventions
-- Added test 'lint_cmake' to check CMake code style
-- Added test 'pep257' to check Python code against some of the docstring style conventions in PEP 257
-- Added test 'uncrustify' to check C / C++ code style
-- Configured uncrustify additional arguments: 
-- Added test 'xmllint' to check XML markup files
-- Configuring done (2.3s)
-- Generating done (0.0s)
-- Build files have been written to: /home/rmsentry/DUST-RM-Sentry/build/icp_registration
[ 50%] Built target icp_registration_node
[100%] Built target icp_registration
-- Install configuration: ""
-- Execute custom install script
-- Up-to-date symlink: /home/rmsentry/DUST-RM-Sentry/install/icp_registration/lib/icp_registration/icp_registration_node
-- Up-to-date symlink: /home/rmsentry/DUST-RM-Sentry/install/icp_registration/include/icp_registration/icp_registration.hpp
-- Up-to-date symlink: /home/rmsentry/DUST-RM-Sentry/install/icp_registration/share/icp_registration/environment/library_path.sh
-- Up-to-date symlink: /home/rmsentry/DUST-RM-Sentry/install/icp_registration/share/icp_registration/environment/library_path.dsv
-- Up-to-date symlink: /home/rmsentry/DUST-RM-Sentry/install/icp_registration/lib/libicp_registration.so
-- Up-to-date symlink: /home/rmsentry/DUST-RM-Sentry/install/icp_registration/share/icp_registration/launch/icp.launch.py
-- Up-to-date symlink: /home/rmsentry/DUST-RM-Sentry/install/icp_registration/share/icp_registration/config/icp.yaml
-- Up-to-date symlink: /home/rmsentry/DUST-RM-Sentry/install/icp_registration/share/ament_index/resource_index/package_run_dependencies/icp_registration
-- Up-to-date symlink: /home/rmsentry/DUST-RM-Sentry/install/icp_registration/share/ament_index/resource_index/parent_prefix_path/icp_registration
-- Up-to-date symlink: /home/rmsentry/DUST-RM-Sentry/install/icp_registration/share/icp_registration/environment/ament_prefix_path.sh
-- Up-to-date symlink: /home/rmsentry/DUST-RM-Sentry/install/icp_registration/share/icp_registration/environment/ament_prefix_path.dsv
-- Up-to-date symlink: /home/rmsentry/DUST-RM-Sentry/install/icp_registration/share/icp_registration/environment/path.sh
-- Up-to-date symlink: /home/rmsentry/DUST-RM-Sentry/install/icp_registration/share/icp_registration/environment/path.dsv
-- Up-to-date symlink: /home/rmsentry/DUST-RM-Sentry/install/icp_registration/share/icp_registration/local_setup.bash
-- Up-to-date symlink: /home/rmsentry/DUST-RM-Sentry/install/icp_registration/share/icp_registration/local_setup.sh
-- Up-to-date symlink: /home/rmsentry/DUST-RM-Sentry/install/icp_registration/share/icp_registration/local_setup.zsh
-- Up-to-date symlink: /home/rmsentry/DUST-RM-Sentry/install/icp_registration/share/icp_registration/local_setup.dsv
-- Symlinking: /home/rmsentry/DUST-RM-Sentry/install/icp_registration/share/icp_registration/package.dsv
-- Up-to-date symlink: /home/rmsentry/DUST-RM-Sentry/install/icp_registration/share/ament_index/resource_index/packages/icp_registration
-- Up-to-date symlink: /home/rmsentry/DUST-RM-Sentry/install/icp_registration/share/ament_index/resource_index/rclcpp_components/icp_registration
-- Up-to-date symlink: /home/rmsentry/DUST-RM-Sentry/install/icp_registration/share/icp_registration/cmake/ament_cmake_export_dependencies-extras.cmake
-- Up-to-date symlink: /home/rmsentry/DUST-RM-Sentry/install/icp_registration/share/icp_registration/cmake/ament_cmake_export_include_directories-extras.cmake
-- Up-to-date symlink: /home/rmsentry/DUST-RM-Sentry/install/icp_registration/share/icp_registration/cmake/ament_cmake_export_libraries-extras.cmake
-- Up-to-date symlink: /home/rmsentry/DUST-RM-Sentry/install/icp_registration/share/icp_registration/cmake/icp_registrationConfig.cmake
-- Up-to-date symlink: /home/rmsentry/DUST-RM-Sentry/install/icp_registration/share/icp_registration/cmake/icp_registrationConfig-version.cmake
-- Up-to-date symlink: /home/rmsentry/DUST-RM-Sentry/install/icp_registration/share/icp_registration/package.xml
