-- Found ament_cmake: 1.3.12 (/opt/ros/humble/share/ament_cmake/cmake)
-- Override CMake install command with custom implementation using symlinks instead of copying resources
-- Found rosidl_default_generators: 1.2.0 (/opt/ros/humble/share/rosidl_default_generators/cmake)
-- Using all available rosidl_typesupport_c: rosidl_typesupport_fastrtps_c;rosidl_typesupport_introspection_c
-- Found rosidl_adapter: 3.1.7 (/opt/ros/humble/share/rosidl_adapter/cmake)
-- Using all available rosidl_typesupport_cpp: rosidl_typesupport_fastrtps_cpp;rosidl_typesupport_introspection_cpp
-- Found std_msgs: 4.9.0 (/opt/ros/humble/share/std_msgs/cmake)
-- Found ament_lint_auto: 0.12.14 (/opt/ros/humble/share/ament_lint_auto/cmake)
-- Found ament_cmake_ros: 0.10.0 (/opt/ros/humble/share/ament_cmake_ros/cmake)
-- Using all available rosidl_typesupport_c: rosidl_typesupport_fastrtps_c;rosidl_typesupport_introspection_c
-- Using all available rosidl_typesupport_cpp: rosidl_typesupport_fastrtps_cpp;rosidl_typesupport_introspection_cpp
[33mCMake Warning (dev) at /opt/ros/humble/share/rosidl_generator_py/cmake/rosidl_generator_py_generate_interfaces.cmake:20 (find_package):
  Policy CMP0148 is not set: The FindPythonInterp and FindPythonLibs modules
  are removed.  Run "cmake --help-policy CMP0148" for policy details.  Use
  the cmake_policy command to set the policy and suppress this warning.

Call Stack (most recent call first):
  /opt/ros/humble/share/ament_cmake_core/cmake/core/ament_execute_extensions.cmake:48 (include)
  /opt/ros/humble/share/rosidl_cmake/cmake/rosidl_generate_interfaces.cmake:286 (ament_execute_extensions)
  CMakeLists.txt:37 (rosidl_generate_interfaces)
This warning is for project developers.  Use -Wno-dev to suppress it.
[0m
[33mCMake Warning (dev) at /opt/ros/humble/share/python_cmake_module/cmake/Modules/FindPythonExtra.cmake:52 (find_package):
  Policy CMP0148 is not set: The FindPythonInterp and FindPythonLibs modules
  are removed.  Run "cmake --help-policy CMP0148" for policy details.  Use
  the cmake_policy command to set the policy and suppress this warning.

Call Stack (most recent call first):
  /opt/ros/humble/share/rosidl_generator_py/cmake/rosidl_generator_py_generate_interfaces.cmake:23 (find_package)
  /opt/ros/humble/share/ament_cmake_core/cmake/core/ament_execute_extensions.cmake:48 (include)
  /opt/ros/humble/share/rosidl_cmake/cmake/rosidl_generate_interfaces.cmake:286 (ament_execute_extensions)
  CMakeLists.txt:37 (rosidl_generate_interfaces)
This warning is for project developers.  Use -Wno-dev to suppress it.
[0m
-- Found python_cmake_module: 0.10.0 (/opt/ros/humble/share/python_cmake_module/cmake)
[33mCMake Warning (dev) at /opt/ros/humble/share/python_cmake_module/cmake/Modules/FindPythonExtra.cmake:140 (find_package):
  Policy CMP0148 is not set: The FindPythonInterp and FindPythonLibs modules
  are removed.  Run "cmake --help-policy CMP0148" for policy details.  Use
  the cmake_policy command to set the policy and suppress this warning.

Call Stack (most recent call first):
  /opt/ros/humble/share/rosidl_generator_py/cmake/rosidl_generator_py_generate_interfaces.cmake:23 (find_package)
  /opt/ros/humble/share/ament_cmake_core/cmake/core/ament_execute_extensions.cmake:48 (include)
  /opt/ros/humble/share/rosidl_cmake/cmake/rosidl_generate_interfaces.cmake:286 (ament_execute_extensions)
  CMakeLists.txt:37 (rosidl_generate_interfaces)
This warning is for project developers.  Use -Wno-dev to suppress it.
[0m
-- Using PYTHON_EXECUTABLE: /usr/bin/python3
-- Using PYTHON_INCLUDE_DIRS: /usr/include/python3.10
-- Using PYTHON_LIBRARIES: /usr/lib/x86_64-linux-gnu/libpython3.10.so
-- Added test 'copyright' to check source files copyright and LICENSE
-- Added test 'lint_cmake' to check CMake code style
-- Added test 'xmllint' to check XML markup files
-- Configuring done (2.3s)
-- Generating done (0.0s)
-- Build files have been written to: /home/rmsentry/DUST-RM-Sentry/build/vision_msg
[  2%] Built target vision_msg__cpp
[ 12%] Built target vision_msg__rosidl_generator_c
[ 12%] Built target ament_cmake_python_symlink_vision_msg
[ 23%] Built target vision_msg__rosidl_typesupport_cpp
[ 34%] Built target vision_msg__rosidl_typesupport_introspection_cpp
[ 44%] Built target vision_msg__rosidl_typesupport_fastrtps_cpp
[ 55%] Built target vision_msg__rosidl_typesupport_introspection_c
[ 65%] Built target vision_msg__rosidl_typesupport_c
[ 76%] Built target vision_msg__rosidl_typesupport_fastrtps_c
[ 76%] Built target vision_msg
[ 78%] Built target vision_msg__py
[ 87%] Built target vision_msg__rosidl_generator_py
[ 91%] Built target vision_msg__rosidl_typesupport_fastrtps_c__pyext
[ 95%] Built target vision_msg__rosidl_typesupport_c__pyext
[100%] Built target vision_msg__rosidl_typesupport_introspection_c__pyext
running egg_info
writing vision_msg.egg-info/PKG-INFO
writing dependency_links to vision_msg.egg-info/dependency_links.txt
writing top-level names to vision_msg.egg-info/top_level.txt
reading manifest file 'vision_msg.egg-info/SOURCES.txt'
writing manifest file 'vision_msg.egg-info/SOURCES.txt'
[100%] Built target ament_cmake_python_build_vision_msg_egg
-- Install configuration: ""
-- Execute custom install script
-- Up-to-date symlink: /home/rmsentry/DUST-RM-Sentry/install/vision_msg/share/ament_index/resource_index/rosidl_interfaces/vision_msg
-- Up-to-date symlink: /home/rmsentry/DUST-RM-Sentry/install/vision_msg/include/vision_msg/vision_msg/msg/detail/detected_id__functions.h
-- Up-to-date symlink: /home/rmsentry/DUST-RM-Sentry/install/vision_msg/include/vision_msg/vision_msg/msg/detail/detected_id__struct.h
-- Up-to-date symlink: /home/rmsentry/DUST-RM-Sentry/install/vision_msg/include/vision_msg/vision_msg/msg/detail/detected_id__type_support.h
-- Up-to-date symlink: /home/rmsentry/DUST-RM-Sentry/install/vision_msg/include/vision_msg/vision_msg/msg/detail/gimble_position__functions.h
-- Up-to-date symlink: /home/rmsentry/DUST-RM-Sentry/install/vision_msg/include/vision_msg/vision_msg/msg/detail/gimble_position__struct.h
-- Up-to-date symlink: /home/rmsentry/DUST-RM-Sentry/install/vision_msg/include/vision_msg/vision_msg/msg/detail/gimble_position__type_support.h
-- Up-to-date symlink: /home/rmsentry/DUST-RM-Sentry/install/vision_msg/include/vision_msg/vision_msg/msg/detail/selected_id__functions.h
-- Up-to-date symlink: /home/rmsentry/DUST-RM-Sentry/install/vision_msg/include/vision_msg/vision_msg/msg/detail/selected_id__struct.h
-- Up-to-date symlink: /home/rmsentry/DUST-RM-Sentry/install/vision_msg/include/vision_msg/vision_msg/msg/detail/selected_id__type_support.h
-- Up-to-date symlink: /home/rmsentry/DUST-RM-Sentry/install/vision_msg/include/vision_msg/vision_msg/msg/detected_id.h
-- Up-to-date symlink: /home/rmsentry/DUST-RM-Sentry/install/vision_msg/include/vision_msg/vision_msg/msg/gimble_position.h
-- Up-to-date symlink: /home/rmsentry/DUST-RM-Sentry/install/vision_msg/include/vision_msg/vision_msg/msg/rosidl_generator_c__visibility_control.h
-- Up-to-date symlink: /home/rmsentry/DUST-RM-Sentry/install/vision_msg/include/vision_msg/vision_msg/msg/selected_id.h
-- Up-to-date symlink: /home/rmsentry/DUST-RM-Sentry/install/vision_msg/share/vision_msg/environment/library_path.sh
-- Up-to-date symlink: /home/rmsentry/DUST-RM-Sentry/install/vision_msg/share/vision_msg/environment/library_path.dsv
-- Up-to-date symlink: /home/rmsentry/DUST-RM-Sentry/install/vision_msg/include/vision_msg/vision_msg/msg/detail/detected_id__rosidl_typesupport_fastrtps_c.h
-- Up-to-date symlink: /home/rmsentry/DUST-RM-Sentry/install/vision_msg/include/vision_msg/vision_msg/msg/detail/gimble_position__rosidl_typesupport_fastrtps_c.h
-- Up-to-date symlink: /home/rmsentry/DUST-RM-Sentry/install/vision_msg/include/vision_msg/vision_msg/msg/detail/selected_id__rosidl_typesupport_fastrtps_c.h
-- Up-to-date symlink: /home/rmsentry/DUST-RM-Sentry/install/vision_msg/include/vision_msg/vision_msg/msg/rosidl_typesupport_fastrtps_c__visibility_control.h
-- Up-to-date symlink: /home/rmsentry/DUST-RM-Sentry/install/vision_msg/include/vision_msg/vision_msg/msg/detail/detected_id__rosidl_typesupport_introspection_c.h
-- Up-to-date symlink: /home/rmsentry/DUST-RM-Sentry/install/vision_msg/include/vision_msg/vision_msg/msg/detail/gimble_position__rosidl_typesupport_introspection_c.h
-- Up-to-date symlink: /home/rmsentry/DUST-RM-Sentry/install/vision_msg/include/vision_msg/vision_msg/msg/detail/selected_id__rosidl_typesupport_introspection_c.h
-- Up-to-date symlink: /home/rmsentry/DUST-RM-Sentry/install/vision_msg/include/vision_msg/vision_msg/msg/rosidl_typesupport_introspection_c__visibility_control.h
-- Up-to-date symlink: /home/rmsentry/DUST-RM-Sentry/install/vision_msg/include/vision_msg/vision_msg/msg/detail/detected_id__builder.hpp
-- Up-to-date symlink: /home/rmsentry/DUST-RM-Sentry/install/vision_msg/include/vision_msg/vision_msg/msg/detail/detected_id__struct.hpp
-- Up-to-date symlink: /home/rmsentry/DUST-RM-Sentry/install/vision_msg/include/vision_msg/vision_msg/msg/detail/detected_id__traits.hpp
-- Up-to-date symlink: /home/rmsentry/DUST-RM-Sentry/install/vision_msg/include/vision_msg/vision_msg/msg/detail/detected_id__type_support.hpp
-- Up-to-date symlink: /home/rmsentry/DUST-RM-Sentry/install/vision_msg/include/vision_msg/vision_msg/msg/detail/gimble_position__builder.hpp
-- Up-to-date symlink: /home/rmsentry/DUST-RM-Sentry/install/vision_msg/include/vision_msg/vision_msg/msg/detail/gimble_position__struct.hpp
-- Up-to-date symlink: /home/rmsentry/DUST-RM-Sentry/install/vision_msg/include/vision_msg/vision_msg/msg/detail/gimble_position__traits.hpp
-- Up-to-date symlink: /home/rmsentry/DUST-RM-Sentry/install/vision_msg/include/vision_msg/vision_msg/msg/detail/gimble_position__type_support.hpp
-- Up-to-date symlink: /home/rmsentry/DUST-RM-Sentry/install/vision_msg/include/vision_msg/vision_msg/msg/detail/selected_id__builder.hpp
-- Up-to-date symlink: /home/rmsentry/DUST-RM-Sentry/install/vision_msg/include/vision_msg/vision_msg/msg/detail/selected_id__struct.hpp
-- Up-to-date symlink: /home/rmsentry/DUST-RM-Sentry/install/vision_msg/include/vision_msg/vision_msg/msg/detail/selected_id__traits.hpp
-- Up-to-date symlink: /home/rmsentry/DUST-RM-Sentry/install/vision_msg/include/vision_msg/vision_msg/msg/detail/selected_id__type_support.hpp
-- Up-to-date symlink: /home/rmsentry/DUST-RM-Sentry/install/vision_msg/include/vision_msg/vision_msg/msg/detected_id.hpp
-- Up-to-date symlink: /home/rmsentry/DUST-RM-Sentry/install/vision_msg/include/vision_msg/vision_msg/msg/gimble_position.hpp
-- Up-to-date symlink: /home/rmsentry/DUST-RM-Sentry/install/vision_msg/include/vision_msg/vision_msg/msg/rosidl_generator_cpp__visibility_control.hpp
-- Up-to-date symlink: /home/rmsentry/DUST-RM-Sentry/install/vision_msg/include/vision_msg/vision_msg/msg/selected_id.hpp
-- Up-to-date symlink: /home/rmsentry/DUST-RM-Sentry/install/vision_msg/include/vision_msg/vision_msg/msg/detail/detected_id__rosidl_typesupport_fastrtps_cpp.hpp
-- Up-to-date symlink: /home/rmsentry/DUST-RM-Sentry/install/vision_msg/include/vision_msg/vision_msg/msg/detail/gimble_position__rosidl_typesupport_fastrtps_cpp.hpp
-- Up-to-date symlink: /home/rmsentry/DUST-RM-Sentry/install/vision_msg/include/vision_msg/vision_msg/msg/detail/selected_id__rosidl_typesupport_fastrtps_cpp.hpp
-- Up-to-date symlink: /home/rmsentry/DUST-RM-Sentry/install/vision_msg/include/vision_msg/vision_msg/msg/rosidl_typesupport_fastrtps_cpp__visibility_control.h
-- Up-to-date symlink: /home/rmsentry/DUST-RM-Sentry/install/vision_msg/include/vision_msg/vision_msg/msg/detail/detected_id__rosidl_typesupport_introspection_cpp.hpp
-- Up-to-date symlink: /home/rmsentry/DUST-RM-Sentry/install/vision_msg/include/vision_msg/vision_msg/msg/detail/gimble_position__rosidl_typesupport_introspection_cpp.hpp
-- Up-to-date symlink: /home/rmsentry/DUST-RM-Sentry/install/vision_msg/include/vision_msg/vision_msg/msg/detail/selected_id__rosidl_typesupport_introspection_cpp.hpp
-- Up-to-date symlink: /home/rmsentry/DUST-RM-Sentry/install/vision_msg/share/vision_msg/environment/pythonpath.sh
-- Up-to-date symlink: /home/rmsentry/DUST-RM-Sentry/install/vision_msg/share/vision_msg/environment/pythonpath.dsv
-- Up-to-date symlink: /home/rmsentry/DUST-RM-Sentry/install/vision_msg/local/lib/python3.10/dist-packages/vision_msg-0.0.0-py3.10.egg-info/PKG-INFO
-- Up-to-date symlink: /home/rmsentry/DUST-RM-Sentry/install/vision_msg/local/lib/python3.10/dist-packages/vision_msg-0.0.0-py3.10.egg-info/SOURCES.txt
-- Up-to-date symlink: /home/rmsentry/DUST-RM-Sentry/install/vision_msg/local/lib/python3.10/dist-packages/vision_msg-0.0.0-py3.10.egg-info/dependency_links.txt
-- Up-to-date symlink: /home/rmsentry/DUST-RM-Sentry/install/vision_msg/local/lib/python3.10/dist-packages/vision_msg-0.0.0-py3.10.egg-info/top_level.txt
-- Up-to-date symlink: /home/rmsentry/DUST-RM-Sentry/install/vision_msg/local/lib/python3.10/dist-packages/vision_msg/__init__.py
-- Up-to-date symlink: /home/rmsentry/DUST-RM-Sentry/install/vision_msg/local/lib/python3.10/dist-packages/vision_msg/_vision_msg_s.ep.rosidl_typesupport_c.c
-- Up-to-date symlink: /home/rmsentry/DUST-RM-Sentry/install/vision_msg/local/lib/python3.10/dist-packages/vision_msg/_vision_msg_s.ep.rosidl_typesupport_fastrtps_c.c
-- Up-to-date symlink: /home/rmsentry/DUST-RM-Sentry/install/vision_msg/local/lib/python3.10/dist-packages/vision_msg/_vision_msg_s.ep.rosidl_typesupport_introspection_c.c
-- Up-to-date symlink: /home/rmsentry/DUST-RM-Sentry/install/vision_msg/local/lib/python3.10/dist-packages/vision_msg/libvision_msg__rosidl_generator_py.so
-- Up-to-date symlink: /home/rmsentry/DUST-RM-Sentry/install/vision_msg/local/lib/python3.10/dist-packages/vision_msg/msg/__init__.py
-- Up-to-date symlink: /home/rmsentry/DUST-RM-Sentry/install/vision_msg/local/lib/python3.10/dist-packages/vision_msg/msg/_detected_id.py
-- Up-to-date symlink: /home/rmsentry/DUST-RM-Sentry/install/vision_msg/local/lib/python3.10/dist-packages/vision_msg/msg/_detected_id_s.c
-- Up-to-date symlink: /home/rmsentry/DUST-RM-Sentry/install/vision_msg/local/lib/python3.10/dist-packages/vision_msg/msg/_gimble_position.py
-- Up-to-date symlink: /home/rmsentry/DUST-RM-Sentry/install/vision_msg/local/lib/python3.10/dist-packages/vision_msg/msg/_gimble_position_s.c
-- Up-to-date symlink: /home/rmsentry/DUST-RM-Sentry/install/vision_msg/local/lib/python3.10/dist-packages/vision_msg/msg/_selected_id.py
-- Up-to-date symlink: /home/rmsentry/DUST-RM-Sentry/install/vision_msg/local/lib/python3.10/dist-packages/vision_msg/msg/_selected_id_s.c
-- Up-to-date symlink: /home/rmsentry/DUST-RM-Sentry/install/vision_msg/local/lib/python3.10/dist-packages/vision_msg/vision_msg_s__rosidl_typesupport_c.cpython-310-x86_64-linux-gnu.so
-- Up-to-date symlink: /home/rmsentry/DUST-RM-Sentry/install/vision_msg/local/lib/python3.10/dist-packages/vision_msg/vision_msg_s__rosidl_typesupport_fastrtps_c.cpython-310-x86_64-linux-gnu.so
-- Up-to-date symlink: /home/rmsentry/DUST-RM-Sentry/install/vision_msg/local/lib/python3.10/dist-packages/vision_msg/vision_msg_s__rosidl_typesupport_introspection_c.cpython-310-x86_64-linux-gnu.so
-- Up-to-date symlink: /home/rmsentry/DUST-RM-Sentry/install/vision_msg/local/lib/python3.10/dist-packages/vision_msg/vision_msg_s__rosidl_typesupport_fastrtps_c.cpython-310-x86_64-linux-gnu.so
-- Up-to-date symlink: /home/rmsentry/DUST-RM-Sentry/install/vision_msg/local/lib/python3.10/dist-packages/vision_msg/vision_msg_s__rosidl_typesupport_introspection_c.cpython-310-x86_64-linux-gnu.so
-- Up-to-date symlink: /home/rmsentry/DUST-RM-Sentry/install/vision_msg/local/lib/python3.10/dist-packages/vision_msg/vision_msg_s__rosidl_typesupport_c.cpython-310-x86_64-linux-gnu.so
-- Up-to-date symlink: /home/rmsentry/DUST-RM-Sentry/install/vision_msg/share/vision_msg/msg/GimblePosition.idl
-- Up-to-date symlink: /home/rmsentry/DUST-RM-Sentry/install/vision_msg/share/vision_msg/msg/DetectedId.idl
-- Up-to-date symlink: /home/rmsentry/DUST-RM-Sentry/install/vision_msg/share/vision_msg/msg/SelectedId.idl
-- Up-to-date symlink: /home/rmsentry/DUST-RM-Sentry/install/vision_msg/share/vision_msg/msg/GimblePosition.msg
-- Up-to-date symlink: /home/rmsentry/DUST-RM-Sentry/install/vision_msg/share/vision_msg/msg/DetectedId.msg
-- Up-to-date symlink: /home/rmsentry/DUST-RM-Sentry/install/vision_msg/share/vision_msg/msg/SelectedId.msg
-- Up-to-date symlink: /home/rmsentry/DUST-RM-Sentry/install/vision_msg/share/ament_index/resource_index/package_run_dependencies/vision_msg
-- Up-to-date symlink: /home/rmsentry/DUST-RM-Sentry/install/vision_msg/share/ament_index/resource_index/parent_prefix_path/vision_msg
-- Up-to-date symlink: /home/rmsentry/DUST-RM-Sentry/install/vision_msg/share/vision_msg/environment/ament_prefix_path.sh
-- Up-to-date symlink: /home/rmsentry/DUST-RM-Sentry/install/vision_msg/share/vision_msg/environment/ament_prefix_path.dsv
-- Up-to-date symlink: /home/rmsentry/DUST-RM-Sentry/install/vision_msg/share/vision_msg/environment/path.sh
-- Up-to-date symlink: /home/rmsentry/DUST-RM-Sentry/install/vision_msg/share/vision_msg/environment/path.dsv
-- Up-to-date symlink: /home/rmsentry/DUST-RM-Sentry/install/vision_msg/share/vision_msg/local_setup.bash
-- Up-to-date symlink: /home/rmsentry/DUST-RM-Sentry/install/vision_msg/share/vision_msg/local_setup.sh
-- Up-to-date symlink: /home/rmsentry/DUST-RM-Sentry/install/vision_msg/share/vision_msg/local_setup.zsh
-- Up-to-date symlink: /home/rmsentry/DUST-RM-Sentry/install/vision_msg/share/vision_msg/local_setup.dsv
-- Symlinking: /home/rmsentry/DUST-RM-Sentry/install/vision_msg/share/vision_msg/package.dsv
-- Up-to-date symlink: /home/rmsentry/DUST-RM-Sentry/install/vision_msg/share/ament_index/resource_index/packages/vision_msg
-- Up-to-date symlink: /home/rmsentry/DUST-RM-Sentry/install/vision_msg/share/vision_msg/cmake/rosidl_cmake-extras.cmake
-- Up-to-date symlink: /home/rmsentry/DUST-RM-Sentry/install/vision_msg/share/vision_msg/cmake/ament_cmake_export_dependencies-extras.cmake
-- Up-to-date symlink: /home/rmsentry/DUST-RM-Sentry/install/vision_msg/share/vision_msg/cmake/ament_cmake_export_include_directories-extras.cmake
-- Up-to-date symlink: /home/rmsentry/DUST-RM-Sentry/install/vision_msg/share/vision_msg/cmake/ament_cmake_export_libraries-extras.cmake
-- Up-to-date symlink: /home/rmsentry/DUST-RM-Sentry/install/vision_msg/share/vision_msg/cmake/ament_cmake_export_targets-extras.cmake
-- Up-to-date symlink: /home/rmsentry/DUST-RM-Sentry/install/vision_msg/share/vision_msg/cmake/rosidl_cmake_export_typesupport_targets-extras.cmake
-- Up-to-date symlink: /home/rmsentry/DUST-RM-Sentry/install/vision_msg/share/vision_msg/cmake/rosidl_cmake_export_typesupport_libraries-extras.cmake
-- Up-to-date symlink: /home/rmsentry/DUST-RM-Sentry/install/vision_msg/share/vision_msg/cmake/vision_msgConfig.cmake
-- Up-to-date symlink: /home/rmsentry/DUST-RM-Sentry/install/vision_msg/share/vision_msg/cmake/vision_msgConfig-version.cmake
-- Up-to-date symlink: /home/rmsentry/DUST-RM-Sentry/install/vision_msg/share/vision_msg/package.xml
-- Up-to-date: /home/rmsentry/DUST-RM-Sentry/install/vision_msg/lib/libvision_msg__rosidl_generator_c.so
-- Up-to-date: /home/rmsentry/DUST-RM-Sentry/install/vision_msg/lib/libvision_msg__rosidl_typesupport_fastrtps_c.so
-- Up-to-date: /home/rmsentry/DUST-RM-Sentry/install/vision_msg/lib/libvision_msg__rosidl_typesupport_introspection_c.so
-- Up-to-date: /home/rmsentry/DUST-RM-Sentry/install/vision_msg/lib/libvision_msg__rosidl_typesupport_c.so
-- Up-to-date: /home/rmsentry/DUST-RM-Sentry/install/vision_msg/lib/libvision_msg__rosidl_typesupport_fastrtps_cpp.so
-- Up-to-date: /home/rmsentry/DUST-RM-Sentry/install/vision_msg/lib/libvision_msg__rosidl_typesupport_introspection_cpp.so
-- Up-to-date: /home/rmsentry/DUST-RM-Sentry/install/vision_msg/lib/libvision_msg__rosidl_typesupport_cpp.so
Listing '/home/rmsentry/DUST-RM-Sentry/install/vision_msg/local/lib/python3.10/dist-packages/vision_msg'...
Compiling '/home/rmsentry/DUST-RM-Sentry/install/vision_msg/local/lib/python3.10/dist-packages/vision_msg/__init__.py'...
Listing '/home/rmsentry/DUST-RM-Sentry/install/vision_msg/local/lib/python3.10/dist-packages/vision_msg/msg'...
Compiling '/home/rmsentry/DUST-RM-Sentry/install/vision_msg/local/lib/python3.10/dist-packages/vision_msg/msg/__init__.py'...
Compiling '/home/rmsentry/DUST-RM-Sentry/install/vision_msg/local/lib/python3.10/dist-packages/vision_msg/msg/_detected_id.py'...
Compiling '/home/rmsentry/DUST-RM-Sentry/install/vision_msg/local/lib/python3.10/dist-packages/vision_msg/msg/_gimble_position.py'...
Compiling '/home/rmsentry/DUST-RM-Sentry/install/vision_msg/local/lib/python3.10/dist-packages/vision_msg/msg/_selected_id.py'...
-- Up-to-date: /home/rmsentry/DUST-RM-Sentry/install/vision_msg/lib/libvision_msg__rosidl_generator_py.so
-- Up-to-date: /home/rmsentry/DUST-RM-Sentry/install/vision_msg/share/vision_msg/cmake/export_vision_msg__rosidl_generator_cExport.cmake
-- Up-to-date: /home/rmsentry/DUST-RM-Sentry/install/vision_msg/share/vision_msg/cmake/export_vision_msg__rosidl_generator_cExport-noconfig.cmake
-- Up-to-date: /home/rmsentry/DUST-RM-Sentry/install/vision_msg/share/vision_msg/cmake/export_vision_msg__rosidl_typesupport_fastrtps_cExport.cmake
-- Up-to-date: /home/rmsentry/DUST-RM-Sentry/install/vision_msg/share/vision_msg/cmake/export_vision_msg__rosidl_typesupport_fastrtps_cExport-noconfig.cmake
-- Up-to-date: /home/rmsentry/DUST-RM-Sentry/install/vision_msg/share/vision_msg/cmake/vision_msg__rosidl_typesupport_introspection_cExport.cmake
-- Up-to-date: /home/rmsentry/DUST-RM-Sentry/install/vision_msg/share/vision_msg/cmake/vision_msg__rosidl_typesupport_introspection_cExport-noconfig.cmake
-- Up-to-date: /home/rmsentry/DUST-RM-Sentry/install/vision_msg/share/vision_msg/cmake/vision_msg__rosidl_typesupport_cExport.cmake
-- Up-to-date: /home/rmsentry/DUST-RM-Sentry/install/vision_msg/share/vision_msg/cmake/vision_msg__rosidl_typesupport_cExport-noconfig.cmake
-- Up-to-date: /home/rmsentry/DUST-RM-Sentry/install/vision_msg/share/vision_msg/cmake/export_vision_msg__rosidl_generator_cppExport.cmake
-- Up-to-date: /home/rmsentry/DUST-RM-Sentry/install/vision_msg/share/vision_msg/cmake/export_vision_msg__rosidl_typesupport_fastrtps_cppExport.cmake
-- Up-to-date: /home/rmsentry/DUST-RM-Sentry/install/vision_msg/share/vision_msg/cmake/export_vision_msg__rosidl_typesupport_fastrtps_cppExport-noconfig.cmake
-- Up-to-date: /home/rmsentry/DUST-RM-Sentry/install/vision_msg/share/vision_msg/cmake/vision_msg__rosidl_typesupport_introspection_cppExport.cmake
-- Up-to-date: /home/rmsentry/DUST-RM-Sentry/install/vision_msg/share/vision_msg/cmake/vision_msg__rosidl_typesupport_introspection_cppExport-noconfig.cmake
-- Up-to-date: /home/rmsentry/DUST-RM-Sentry/install/vision_msg/share/vision_msg/cmake/vision_msg__rosidl_typesupport_cppExport.cmake
-- Up-to-date: /home/rmsentry/DUST-RM-Sentry/install/vision_msg/share/vision_msg/cmake/vision_msg__rosidl_typesupport_cppExport-noconfig.cmake
-- Up-to-date: /home/rmsentry/DUST-RM-Sentry/install/vision_msg/share/vision_msg/cmake/export_vision_msg__rosidl_generator_pyExport.cmake
-- Up-to-date: /home/rmsentry/DUST-RM-Sentry/install/vision_msg/share/vision_msg/cmake/export_vision_msg__rosidl_generator_pyExport-noconfig.cmake
