[0.031s] Invoking command in '/home/rmsentry/DUST-RM-Sentry/build/rm_decision_interfaces': CMAKE_PREFIX_PATH=${CMAKE_PREFIX_PATH}:/home/rmsentry/DUST-RM-Sentry/install/rm_decision:/home/rmsentry/DUST-RM-Sentry/install/fake_msg_publisher:/opt/ros/humble /usr/local/bin/cmake --build /home/rmsentry/DUST-RM-Sentry/build/rm_decision_interfaces -- -j12 -l12
[0.251s] -- Found ament_cmake: 1.3.12 (/opt/ros/humble/share/ament_cmake/cmake)
[0.251s] -- Override CMake install command with custom implementation using symlinks instead of copying resources
[0.252s] -- Found rosidl_default_generators: 1.2.0 (/opt/ros/humble/share/rosidl_default_generators/cmake)
[0.259s] -- Using all available rosidl_typesupport_c: rosidl_typesupport_fastrtps_c;rosidl_typesupport_introspection_c
[0.262s] -- Found rosidl_adapter: 3.1.7 (/opt/ros/humble/share/rosidl_adapter/cmake)
[0.302s] -- Using all available rosidl_typesupport_cpp: rosidl_typesupport_fastrtps_cpp;rosidl_typesupport_introspection_cpp
[0.335s] -- Found geometry_msgs: 4.9.0 (/opt/ros/humble/share/geometry_msgs/cmake)
[0.402s] -- Found ament_lint_auto: 0.12.14 (/opt/ros/humble/share/ament_lint_auto/cmake)
[0.946s] -- Found ament_cmake_ros: 0.10.0 (/opt/ros/humble/share/ament_cmake_ros/cmake)
[1.518s] -- Using all available rosidl_typesupport_c: rosidl_typesupport_fastrtps_c;rosidl_typesupport_introspection_c
[2.293s] -- Using all available rosidl_typesupport_cpp: rosidl_typesupport_fastrtps_cpp;rosidl_typesupport_introspection_cpp
[2.295s] [33mCMake Warning (dev) at /opt/ros/humble/share/rosidl_generator_py/cmake/rosidl_generator_py_generate_interfaces.cmake:20 (find_package):
[2.295s]   Policy CMP0148 is not set: The FindPythonInterp and FindPythonLibs modules
[2.295s]   are removed.  Run "cmake --help-policy CMP0148" for policy details.  Use
[2.295s]   the cmake_policy command to set the policy and suppress this warning.
[2.295s] 
[2.296s] Call Stack (most recent call first):
[2.296s]   /opt/ros/humble/share/ament_cmake_core/cmake/core/ament_execute_extensions.cmake:48 (include)
[2.296s]   /opt/ros/humble/share/rosidl_cmake/cmake/rosidl_generate_interfaces.cmake:286 (ament_execute_extensions)
[2.296s]   CMakeLists.txt:25 (rosidl_generate_interfaces)
[2.296s] This warning is for project developers.  Use -Wno-dev to suppress it.
[2.296s] [0m
[2.321s] -- Found python_cmake_module: 0.10.0 (/opt/ros/humble/share/python_cmake_module/cmake)
[2.321s] [33mCMake Warning (dev) at /opt/ros/humble/share/python_cmake_module/cmake/Modules/FindPythonExtra.cmake:52 (find_package):
[2.321s]   Policy CMP0148 is not set: The FindPythonInterp and FindPythonLibs modules
[2.321s]   are removed.  Run "cmake --help-policy CMP0148" for policy details.  Use
[2.321s]   the cmake_policy command to set the policy and suppress this warning.
[2.321s] 
[2.321s] Call Stack (most recent call first):
[2.321s]   /opt/ros/humble/share/rosidl_generator_py/cmake/rosidl_generator_py_generate_interfaces.cmake:23 (find_package)
[2.321s]   /opt/ros/humble/share/ament_cmake_core/cmake/core/ament_execute_extensions.cmake:48 (include)
[2.322s]   /opt/ros/humble/share/rosidl_cmake/cmake/rosidl_generate_interfaces.cmake:286 (ament_execute_extensions)
[2.322s]   CMakeLists.txt:25 (rosidl_generate_interfaces)
[2.322s] This warning is for project developers.  Use -Wno-dev to suppress it.
[2.322s] [0m
[2.348s] [33mCMake Warning (dev) at /opt/ros/humble/share/python_cmake_module/cmake/Modules/FindPythonExtra.cmake:140 (find_package):
[2.348s]   Policy CMP0148 is not set: The FindPythonInterp and FindPythonLibs modules
[2.348s]   are removed.  Run "cmake --help-policy CMP0148" for policy details.  Use
[2.348s]   the cmake_policy command to set the policy and suppress this warning.
[2.348s] 
[2.348s] Call Stack (most recent call first):
[2.348s]   /opt/ros/humble/share/rosidl_generator_py/cmake/rosidl_generator_py_generate_interfaces.cmake:23 (find_package)
[2.348s]   /opt/ros/humble/share/ament_cmake_core/cmake/core/ament_execute_extensions.cmake:48 (include)
[2.348s]   /opt/ros/humble/share/rosidl_cmake/cmake/rosidl_generate_interfaces.cmake:286 (ament_execute_extensions)
[2.348s]   CMakeLists.txt:25 (rosidl_generate_interfaces)
[2.348s] This warning is for project developers.  Use -Wno-dev to suppress it.
[2.349s] [0m
[2.349s] -- Using PYTHON_EXECUTABLE: /usr/bin/python3
[2.349s] -- Using PYTHON_INCLUDE_DIRS: /usr/include/python3.10
[2.349s] -- Using PYTHON_LIBRARIES: /usr/lib/x86_64-linux-gnu/libpython3.10.so
[2.441s] -- Added test 'lint_cmake' to check CMake code style
[2.442s] -- Added test 'xmllint' to check XML markup files
[2.447s] -- Configuring done (2.4s)
[2.487s] -- Generating done (0.0s)
[2.495s] -- Build files have been written to: /home/rmsentry/DUST-RM-Sentry/build/rm_decision_interfaces
[2.523s] [  3%] Built target rm_decision_interfaces__cpp
[2.530s] [ 12%] Built target rm_decision_interfaces__rosidl_generator_c
[2.534s] [ 12%] Built target ament_cmake_python_symlink_rm_decision_interfaces
[2.561s] [ 22%] Built target rm_decision_interfaces__rosidl_typesupport_introspection_cpp
[2.566s] [ 32%] Built target rm_decision_interfaces__rosidl_typesupport_cpp
[2.570s] [ 41%] Built target rm_decision_interfaces__rosidl_typesupport_fastrtps_cpp
[2.579s] [ 51%] Built target rm_decision_interfaces__rosidl_typesupport_c
[2.580s] [ 61%] Built target rm_decision_interfaces__rosidl_typesupport_fastrtps_c
[2.582s] [ 70%] Built target rm_decision_interfaces__rosidl_typesupport_introspection_c
[2.604s] [ 70%] Built target rm_decision_interfaces
[2.620s] [ 74%] Built target rm_decision_interfaces__py
[2.644s] [ 80%] Built target rm_decision_interfaces__rosidl_generator_py
[2.678s] [ 87%] Built target rm_decision_interfaces__rosidl_typesupport_introspection_c__pyext
[2.680s] [ 93%] Built target rm_decision_interfaces__rosidl_typesupport_c__pyext
[2.681s] [100%] Built target rm_decision_interfaces__rosidl_typesupport_fastrtps_c__pyext
[2.836s] running egg_info
[2.836s] writing rm_decision_interfaces.egg-info/PKG-INFO
[2.836s] writing dependency_links to rm_decision_interfaces.egg-info/dependency_links.txt
[2.836s] writing top-level names to rm_decision_interfaces.egg-info/top_level.txt
[2.839s] reading manifest file 'rm_decision_interfaces.egg-info/SOURCES.txt'
[2.841s] writing manifest file 'rm_decision_interfaces.egg-info/SOURCES.txt'
[2.858s] [100%] Built target ament_cmake_python_build_rm_decision_interfaces_egg
[2.870s] Invoked command in '/home/rmsentry/DUST-RM-Sentry/build/rm_decision_interfaces' returned '0': CMAKE_PREFIX_PATH=${CMAKE_PREFIX_PATH}:/home/rmsentry/DUST-RM-Sentry/install/rm_decision:/home/rmsentry/DUST-RM-Sentry/install/fake_msg_publisher:/opt/ros/humble /usr/local/bin/cmake --build /home/rmsentry/DUST-RM-Sentry/build/rm_decision_interfaces -- -j12 -l12
[2.872s] Invoking command in '/home/rmsentry/DUST-RM-Sentry/build/rm_decision_interfaces': CMAKE_PREFIX_PATH=${CMAKE_PREFIX_PATH}:/home/rmsentry/DUST-RM-Sentry/install/rm_decision:/home/rmsentry/DUST-RM-Sentry/install/fake_msg_publisher:/opt/ros/humble /usr/local/bin/cmake --install /home/rmsentry/DUST-RM-Sentry/build/rm_decision_interfaces
[3.074s] -- Install configuration: ""
[3.074s] -- Execute custom install script
[3.074s] -- Up-to-date symlink: /home/rmsentry/DUST-RM-Sentry/install/rm_decision_interfaces/share/ament_index/resource_index/rosidl_interfaces/rm_decision_interfaces
[3.075s] -- Up-to-date symlink: /home/rmsentry/DUST-RM-Sentry/install/rm_decision_interfaces/include/rm_decision_interfaces/rm_decision_interfaces/msg/detail/refree__functions.h
[3.075s] -- Up-to-date symlink: /home/rmsentry/DUST-RM-Sentry/install/rm_decision_interfaces/include/rm_decision_interfaces/rm_decision_interfaces/msg/detail/refree__struct.h
[3.075s] -- Up-to-date symlink: /home/rmsentry/DUST-RM-Sentry/install/rm_decision_interfaces/include/rm_decision_interfaces/rm_decision_interfaces/msg/detail/refree__type_support.h
[3.075s] -- Up-to-date symlink: /home/rmsentry/DUST-RM-Sentry/install/rm_decision_interfaces/include/rm_decision_interfaces/rm_decision_interfaces/msg/refree.h
[3.075s] -- Up-to-date symlink: /home/rmsentry/DUST-RM-Sentry/install/rm_decision_interfaces/include/rm_decision_interfaces/rm_decision_interfaces/msg/rosidl_generator_c__visibility_control.h
[3.075s] -- Up-to-date symlink: /home/rmsentry/DUST-RM-Sentry/install/rm_decision_interfaces/share/rm_decision_interfaces/environment/library_path.sh
[3.075s] -- Up-to-date symlink: /home/rmsentry/DUST-RM-Sentry/install/rm_decision_interfaces/share/rm_decision_interfaces/environment/library_path.dsv
[3.075s] -- Up-to-date symlink: /home/rmsentry/DUST-RM-Sentry/install/rm_decision_interfaces/include/rm_decision_interfaces/rm_decision_interfaces/msg/detail/refree__rosidl_typesupport_fastrtps_c.h
[3.075s] -- Up-to-date symlink: /home/rmsentry/DUST-RM-Sentry/install/rm_decision_interfaces/include/rm_decision_interfaces/rm_decision_interfaces/msg/rosidl_typesupport_fastrtps_c__visibility_control.h
[3.075s] -- Up-to-date symlink: /home/rmsentry/DUST-RM-Sentry/install/rm_decision_interfaces/include/rm_decision_interfaces/rm_decision_interfaces/msg/detail/refree__rosidl_typesupport_introspection_c.h
[3.075s] -- Up-to-date symlink: /home/rmsentry/DUST-RM-Sentry/install/rm_decision_interfaces/include/rm_decision_interfaces/rm_decision_interfaces/msg/rosidl_typesupport_introspection_c__visibility_control.h
[3.075s] -- Up-to-date symlink: /home/rmsentry/DUST-RM-Sentry/install/rm_decision_interfaces/include/rm_decision_interfaces/rm_decision_interfaces/msg/detail/refree__builder.hpp
[3.075s] -- Up-to-date symlink: /home/rmsentry/DUST-RM-Sentry/install/rm_decision_interfaces/include/rm_decision_interfaces/rm_decision_interfaces/msg/detail/refree__struct.hpp
[3.075s] -- Up-to-date symlink: /home/rmsentry/DUST-RM-Sentry/install/rm_decision_interfaces/include/rm_decision_interfaces/rm_decision_interfaces/msg/detail/refree__traits.hpp
[3.075s] -- Up-to-date symlink: /home/rmsentry/DUST-RM-Sentry/install/rm_decision_interfaces/include/rm_decision_interfaces/rm_decision_interfaces/msg/detail/refree__type_support.hpp
[3.076s] -- Up-to-date symlink: /home/rmsentry/DUST-RM-Sentry/install/rm_decision_interfaces/include/rm_decision_interfaces/rm_decision_interfaces/msg/refree.hpp
[3.076s] -- Up-to-date symlink: /home/rmsentry/DUST-RM-Sentry/install/rm_decision_interfaces/include/rm_decision_interfaces/rm_decision_interfaces/msg/rosidl_generator_cpp__visibility_control.hpp
[3.076s] -- Up-to-date symlink: /home/rmsentry/DUST-RM-Sentry/install/rm_decision_interfaces/include/rm_decision_interfaces/rm_decision_interfaces/msg/detail/refree__rosidl_typesupport_fastrtps_cpp.hpp
[3.076s] -- Up-to-date symlink: /home/rmsentry/DUST-RM-Sentry/install/rm_decision_interfaces/include/rm_decision_interfaces/rm_decision_interfaces/msg/rosidl_typesupport_fastrtps_cpp__visibility_control.h
[3.076s] -- Up-to-date symlink: /home/rmsentry/DUST-RM-Sentry/install/rm_decision_interfaces/include/rm_decision_interfaces/rm_decision_interfaces/msg/detail/refree__rosidl_typesupport_introspection_cpp.hpp
[3.076s] -- Up-to-date symlink: /home/rmsentry/DUST-RM-Sentry/install/rm_decision_interfaces/share/rm_decision_interfaces/environment/pythonpath.sh
[3.076s] -- Up-to-date symlink: /home/rmsentry/DUST-RM-Sentry/install/rm_decision_interfaces/share/rm_decision_interfaces/environment/pythonpath.dsv
[3.076s] -- Up-to-date symlink: /home/rmsentry/DUST-RM-Sentry/install/rm_decision_interfaces/local/lib/python3.10/dist-packages/rm_decision_interfaces-0.0.0-py3.10.egg-info/PKG-INFO
[3.076s] -- Up-to-date symlink: /home/rmsentry/DUST-RM-Sentry/install/rm_decision_interfaces/local/lib/python3.10/dist-packages/rm_decision_interfaces-0.0.0-py3.10.egg-info/SOURCES.txt
[3.076s] -- Up-to-date symlink: /home/rmsentry/DUST-RM-Sentry/install/rm_decision_interfaces/local/lib/python3.10/dist-packages/rm_decision_interfaces-0.0.0-py3.10.egg-info/dependency_links.txt
[3.077s] -- Up-to-date symlink: /home/rmsentry/DUST-RM-Sentry/install/rm_decision_interfaces/local/lib/python3.10/dist-packages/rm_decision_interfaces-0.0.0-py3.10.egg-info/top_level.txt
[3.077s] -- Up-to-date symlink: /home/rmsentry/DUST-RM-Sentry/install/rm_decision_interfaces/local/lib/python3.10/dist-packages/rm_decision_interfaces/__init__.py
[3.077s] -- Up-to-date symlink: /home/rmsentry/DUST-RM-Sentry/install/rm_decision_interfaces/local/lib/python3.10/dist-packages/rm_decision_interfaces/_rm_decision_interfaces_s.ep.rosidl_typesupport_c.c
[3.077s] -- Up-to-date symlink: /home/rmsentry/DUST-RM-Sentry/install/rm_decision_interfaces/local/lib/python3.10/dist-packages/rm_decision_interfaces/_rm_decision_interfaces_s.ep.rosidl_typesupport_fastrtps_c.c
[3.077s] -- Up-to-date symlink: /home/rmsentry/DUST-RM-Sentry/install/rm_decision_interfaces/local/lib/python3.10/dist-packages/rm_decision_interfaces/_rm_decision_interfaces_s.ep.rosidl_typesupport_introspection_c.c
[3.077s] -- Up-to-date symlink: /home/rmsentry/DUST-RM-Sentry/install/rm_decision_interfaces/local/lib/python3.10/dist-packages/rm_decision_interfaces/librm_decision_interfaces__rosidl_generator_py.so
[3.077s] -- Up-to-date symlink: /home/rmsentry/DUST-RM-Sentry/install/rm_decision_interfaces/local/lib/python3.10/dist-packages/rm_decision_interfaces/msg/__init__.py
[3.077s] -- Up-to-date symlink: /home/rmsentry/DUST-RM-Sentry/install/rm_decision_interfaces/local/lib/python3.10/dist-packages/rm_decision_interfaces/msg/_refree.py
[3.077s] -- Up-to-date symlink: /home/rmsentry/DUST-RM-Sentry/install/rm_decision_interfaces/local/lib/python3.10/dist-packages/rm_decision_interfaces/msg/_refree_s.c
[3.077s] -- Up-to-date symlink: /home/rmsentry/DUST-RM-Sentry/install/rm_decision_interfaces/local/lib/python3.10/dist-packages/rm_decision_interfaces/rm_decision_interfaces_s__rosidl_typesupport_c.cpython-310-x86_64-linux-gnu.so
[3.077s] -- Up-to-date symlink: /home/rmsentry/DUST-RM-Sentry/install/rm_decision_interfaces/local/lib/python3.10/dist-packages/rm_decision_interfaces/rm_decision_interfaces_s__rosidl_typesupport_fastrtps_c.cpython-310-x86_64-linux-gnu.so
[3.077s] -- Up-to-date symlink: /home/rmsentry/DUST-RM-Sentry/install/rm_decision_interfaces/local/lib/python3.10/dist-packages/rm_decision_interfaces/rm_decision_interfaces_s__rosidl_typesupport_introspection_c.cpython-310-x86_64-linux-gnu.so
[3.077s] -- Up-to-date symlink: /home/rmsentry/DUST-RM-Sentry/install/rm_decision_interfaces/local/lib/python3.10/dist-packages/rm_decision_interfaces/rm_decision_interfaces_s__rosidl_typesupport_fastrtps_c.cpython-310-x86_64-linux-gnu.so
[3.077s] -- Up-to-date symlink: /home/rmsentry/DUST-RM-Sentry/install/rm_decision_interfaces/local/lib/python3.10/dist-packages/rm_decision_interfaces/rm_decision_interfaces_s__rosidl_typesupport_introspection_c.cpython-310-x86_64-linux-gnu.so
[3.077s] -- Up-to-date symlink: /home/rmsentry/DUST-RM-Sentry/install/rm_decision_interfaces/local/lib/python3.10/dist-packages/rm_decision_interfaces/rm_decision_interfaces_s__rosidl_typesupport_c.cpython-310-x86_64-linux-gnu.so
[3.077s] -- Up-to-date symlink: /home/rmsentry/DUST-RM-Sentry/install/rm_decision_interfaces/share/rm_decision_interfaces/msg/Refree.idl
[3.077s] -- Up-to-date symlink: /home/rmsentry/DUST-RM-Sentry/install/rm_decision_interfaces/share/rm_decision_interfaces/msg/Refree.msg
[3.078s] -- Up-to-date symlink: /home/rmsentry/DUST-RM-Sentry/install/rm_decision_interfaces/share/ament_index/resource_index/package_run_dependencies/rm_decision_interfaces
[3.078s] -- Up-to-date symlink: /home/rmsentry/DUST-RM-Sentry/install/rm_decision_interfaces/share/ament_index/resource_index/parent_prefix_path/rm_decision_interfaces
[3.078s] -- Up-to-date symlink: /home/rmsentry/DUST-RM-Sentry/install/rm_decision_interfaces/share/rm_decision_interfaces/environment/ament_prefix_path.sh
[3.078s] -- Up-to-date symlink: /home/rmsentry/DUST-RM-Sentry/install/rm_decision_interfaces/share/rm_decision_interfaces/environment/ament_prefix_path.dsv
[3.078s] -- Up-to-date symlink: /home/rmsentry/DUST-RM-Sentry/install/rm_decision_interfaces/share/rm_decision_interfaces/environment/path.sh
[3.078s] -- Up-to-date symlink: /home/rmsentry/DUST-RM-Sentry/install/rm_decision_interfaces/share/rm_decision_interfaces/environment/path.dsv
[3.078s] -- Up-to-date symlink: /home/rmsentry/DUST-RM-Sentry/install/rm_decision_interfaces/share/rm_decision_interfaces/local_setup.bash
[3.078s] -- Up-to-date symlink: /home/rmsentry/DUST-RM-Sentry/install/rm_decision_interfaces/share/rm_decision_interfaces/local_setup.sh
[3.079s] -- Up-to-date symlink: /home/rmsentry/DUST-RM-Sentry/install/rm_decision_interfaces/share/rm_decision_interfaces/local_setup.zsh
[3.079s] -- Up-to-date symlink: /home/rmsentry/DUST-RM-Sentry/install/rm_decision_interfaces/share/rm_decision_interfaces/local_setup.dsv
[3.079s] -- Symlinking: /home/rmsentry/DUST-RM-Sentry/install/rm_decision_interfaces/share/rm_decision_interfaces/package.dsv
[3.079s] -- Up-to-date symlink: /home/rmsentry/DUST-RM-Sentry/install/rm_decision_interfaces/share/ament_index/resource_index/packages/rm_decision_interfaces
[3.079s] -- Up-to-date symlink: /home/rmsentry/DUST-RM-Sentry/install/rm_decision_interfaces/share/rm_decision_interfaces/cmake/rosidl_cmake-extras.cmake
[3.079s] -- Up-to-date symlink: /home/rmsentry/DUST-RM-Sentry/install/rm_decision_interfaces/share/rm_decision_interfaces/cmake/ament_cmake_export_dependencies-extras.cmake
[3.079s] -- Up-to-date symlink: /home/rmsentry/DUST-RM-Sentry/install/rm_decision_interfaces/share/rm_decision_interfaces/cmake/ament_cmake_export_include_directories-extras.cmake
[3.079s] -- Up-to-date symlink: /home/rmsentry/DUST-RM-Sentry/install/rm_decision_interfaces/share/rm_decision_interfaces/cmake/ament_cmake_export_libraries-extras.cmake
[3.079s] -- Up-to-date symlink: /home/rmsentry/DUST-RM-Sentry/install/rm_decision_interfaces/share/rm_decision_interfaces/cmake/ament_cmake_export_targets-extras.cmake
[3.079s] -- Up-to-date symlink: /home/rmsentry/DUST-RM-Sentry/install/rm_decision_interfaces/share/rm_decision_interfaces/cmake/rosidl_cmake_export_typesupport_targets-extras.cmake
[3.079s] -- Up-to-date symlink: /home/rmsentry/DUST-RM-Sentry/install/rm_decision_interfaces/share/rm_decision_interfaces/cmake/rosidl_cmake_export_typesupport_libraries-extras.cmake
[3.079s] -- Up-to-date symlink: /home/rmsentry/DUST-RM-Sentry/install/rm_decision_interfaces/share/rm_decision_interfaces/cmake/rm_decision_interfacesConfig.cmake
[3.079s] -- Up-to-date symlink: /home/rmsentry/DUST-RM-Sentry/install/rm_decision_interfaces/share/rm_decision_interfaces/cmake/rm_decision_interfacesConfig-version.cmake
[3.079s] -- Up-to-date symlink: /home/rmsentry/DUST-RM-Sentry/install/rm_decision_interfaces/share/rm_decision_interfaces/package.xml
[3.079s] -- Up-to-date: /home/rmsentry/DUST-RM-Sentry/install/rm_decision_interfaces/lib/librm_decision_interfaces__rosidl_generator_c.so
[3.080s] -- Up-to-date: /home/rmsentry/DUST-RM-Sentry/install/rm_decision_interfaces/lib/librm_decision_interfaces__rosidl_typesupport_fastrtps_c.so
[3.080s] -- Up-to-date: /home/rmsentry/DUST-RM-Sentry/install/rm_decision_interfaces/lib/librm_decision_interfaces__rosidl_typesupport_introspection_c.so
[3.080s] -- Up-to-date: /home/rmsentry/DUST-RM-Sentry/install/rm_decision_interfaces/lib/librm_decision_interfaces__rosidl_typesupport_c.so
[3.080s] -- Up-to-date: /home/rmsentry/DUST-RM-Sentry/install/rm_decision_interfaces/lib/librm_decision_interfaces__rosidl_typesupport_fastrtps_cpp.so
[3.080s] -- Up-to-date: /home/rmsentry/DUST-RM-Sentry/install/rm_decision_interfaces/lib/librm_decision_interfaces__rosidl_typesupport_introspection_cpp.so
[3.080s] -- Up-to-date: /home/rmsentry/DUST-RM-Sentry/install/rm_decision_interfaces/lib/librm_decision_interfaces__rosidl_typesupport_cpp.so
[3.080s] Listing '/home/rmsentry/DUST-RM-Sentry/install/rm_decision_interfaces/local/lib/python3.10/dist-packages/rm_decision_interfaces'...
[3.080s] Compiling '/home/rmsentry/DUST-RM-Sentry/install/rm_decision_interfaces/local/lib/python3.10/dist-packages/rm_decision_interfaces/__init__.py'...
[3.080s] Listing '/home/rmsentry/DUST-RM-Sentry/install/rm_decision_interfaces/local/lib/python3.10/dist-packages/rm_decision_interfaces/msg'...
[3.080s] Compiling '/home/rmsentry/DUST-RM-Sentry/install/rm_decision_interfaces/local/lib/python3.10/dist-packages/rm_decision_interfaces/msg/__init__.py'...
[3.080s] Compiling '/home/rmsentry/DUST-RM-Sentry/install/rm_decision_interfaces/local/lib/python3.10/dist-packages/rm_decision_interfaces/msg/_refree.py'...
[3.080s] -- Up-to-date: /home/rmsentry/DUST-RM-Sentry/install/rm_decision_interfaces/lib/librm_decision_interfaces__rosidl_generator_py.so
[3.080s] -- Up-to-date: /home/rmsentry/DUST-RM-Sentry/install/rm_decision_interfaces/share/rm_decision_interfaces/cmake/export_rm_decision_interfaces__rosidl_generator_cExport.cmake
[3.080s] -- Up-to-date: /home/rmsentry/DUST-RM-Sentry/install/rm_decision_interfaces/share/rm_decision_interfaces/cmake/export_rm_decision_interfaces__rosidl_generator_cExport-noconfig.cmake
[3.080s] -- Up-to-date: /home/rmsentry/DUST-RM-Sentry/install/rm_decision_interfaces/share/rm_decision_interfaces/cmake/export_rm_decision_interfaces__rosidl_typesupport_fastrtps_cExport.cmake
[3.080s] -- Up-to-date: /home/rmsentry/DUST-RM-Sentry/install/rm_decision_interfaces/share/rm_decision_interfaces/cmake/export_rm_decision_interfaces__rosidl_typesupport_fastrtps_cExport-noconfig.cmake
[3.080s] -- Up-to-date: /home/rmsentry/DUST-RM-Sentry/install/rm_decision_interfaces/share/rm_decision_interfaces/cmake/rm_decision_interfaces__rosidl_typesupport_introspection_cExport.cmake
[3.081s] -- Up-to-date: /home/rmsentry/DUST-RM-Sentry/install/rm_decision_interfaces/share/rm_decision_interfaces/cmake/rm_decision_interfaces__rosidl_typesupport_introspection_cExport-noconfig.cmake
[3.081s] -- Up-to-date: /home/rmsentry/DUST-RM-Sentry/install/rm_decision_interfaces/share/rm_decision_interfaces/cmake/rm_decision_interfaces__rosidl_typesupport_cExport.cmake
[3.081s] -- Up-to-date: /home/rmsentry/DUST-RM-Sentry/install/rm_decision_interfaces/share/rm_decision_interfaces/cmake/rm_decision_interfaces__rosidl_typesupport_cExport-noconfig.cmake
[3.081s] -- Up-to-date: /home/rmsentry/DUST-RM-Sentry/install/rm_decision_interfaces/share/rm_decision_interfaces/cmake/export_rm_decision_interfaces__rosidl_generator_cppExport.cmake
[3.081s] -- Up-to-date: /home/rmsentry/DUST-RM-Sentry/install/rm_decision_interfaces/share/rm_decision_interfaces/cmake/export_rm_decision_interfaces__rosidl_typesupport_fastrtps_cppExport.cmake
[3.081s] -- Up-to-date: /home/rmsentry/DUST-RM-Sentry/install/rm_decision_interfaces/share/rm_decision_interfaces/cmake/export_rm_decision_interfaces__rosidl_typesupport_fastrtps_cppExport-noconfig.cmake
[3.081s] -- Up-to-date: /home/rmsentry/DUST-RM-Sentry/install/rm_decision_interfaces/share/rm_decision_interfaces/cmake/rm_decision_interfaces__rosidl_typesupport_introspection_cppExport.cmake
[3.081s] -- Up-to-date: /home/rmsentry/DUST-RM-Sentry/install/rm_decision_interfaces/share/rm_decision_interfaces/cmake/rm_decision_interfaces__rosidl_typesupport_introspection_cppExport-noconfig.cmake
[3.081s] -- Up-to-date: /home/rmsentry/DUST-RM-Sentry/install/rm_decision_interfaces/share/rm_decision_interfaces/cmake/rm_decision_interfaces__rosidl_typesupport_cppExport.cmake
[3.081s] -- Up-to-date: /home/rmsentry/DUST-RM-Sentry/install/rm_decision_interfaces/share/rm_decision_interfaces/cmake/rm_decision_interfaces__rosidl_typesupport_cppExport-noconfig.cmake
[3.081s] -- Up-to-date: /home/rmsentry/DUST-RM-Sentry/install/rm_decision_interfaces/share/rm_decision_interfaces/cmake/export_rm_decision_interfaces__rosidl_generator_pyExport.cmake
[3.081s] -- Up-to-date: /home/rmsentry/DUST-RM-Sentry/install/rm_decision_interfaces/share/rm_decision_interfaces/cmake/export_rm_decision_interfaces__rosidl_generator_pyExport-noconfig.cmake
[3.143s] Invoked command in '/home/rmsentry/DUST-RM-Sentry/build/rm_decision_interfaces' returned '0': CMAKE_PREFIX_PATH=${CMAKE_PREFIX_PATH}:/home/rmsentry/DUST-RM-Sentry/install/rm_decision:/home/rmsentry/DUST-RM-Sentry/install/fake_msg_publisher:/opt/ros/humble /usr/local/bin/cmake --install /home/rmsentry/DUST-RM-Sentry/build/rm_decision_interfaces
