[0.054s] Invoking command in '/home/rmsentry/DUST-RM-Sentry/build/rm_robot_description': CMAKE_PREFIX_PATH=${CMAKE_PREFIX_PATH}:/home/rmsentry/DUST-RM-Sentry/install/rm_decision:/home/rmsentry/DUST-RM-Sentry/install/fake_msg_publisher:/opt/ros/humble /usr/local/bin/cmake --build /home/rmsentry/DUST-RM-Sentry/build/rm_robot_description -- -j12 -l12
[0.098s] Invoked command in '/home/rmsentry/DUST-RM-Sentry/build/rm_robot_description' returned '0': CMAKE_PREFIX_PATH=${CMAKE_PREFIX_PATH}:/home/rmsentry/DUST-RM-Sentry/install/rm_decision:/home/rmsentry/DUST-RM-Sentry/install/fake_msg_publisher:/opt/ros/humble /usr/local/bin/cmake --build /home/rmsentry/DUST-RM-Sentry/build/rm_robot_description -- -j12 -l12
[0.098s] Invoking command in '/home/rmsentry/DUST-RM-Sentry/build/rm_robot_description': CMAKE_PREFIX_PATH=${CMAKE_PREFIX_PATH}:/home/rmsentry/DUST-RM-Sentry/install/rm_decision:/home/rmsentry/DUST-RM-Sentry/install/fake_msg_publisher:/opt/ros/humble /usr/local/bin/cmake --install /home/rmsentry/DUST-RM-Sentry/build/rm_robot_description
[0.140s] -- Install configuration: ""
[0.140s] -- Execute custom install script
[0.140s] -- Up-to-date symlink: /home/rmsentry/DUST-RM-Sentry/install/rm_robot_description/share/rm_robot_description/urdf/sentry.urdf.xacro
[0.140s] -- Up-to-date symlink: /home/rmsentry/DUST-RM-Sentry/install/rm_robot_description/share/ament_index/resource_index/package_run_dependencies/rm_robot_description
[0.140s] -- Up-to-date symlink: /home/rmsentry/DUST-RM-Sentry/install/rm_robot_description/share/ament_index/resource_index/parent_prefix_path/rm_robot_description
[0.140s] -- Up-to-date symlink: /home/rmsentry/DUST-RM-Sentry/install/rm_robot_description/share/rm_robot_description/environment/ament_prefix_path.sh
[0.140s] -- Up-to-date symlink: /home/rmsentry/DUST-RM-Sentry/install/rm_robot_description/share/rm_robot_description/environment/ament_prefix_path.dsv
[0.140s] -- Up-to-date symlink: /home/rmsentry/DUST-RM-Sentry/install/rm_robot_description/share/rm_robot_description/environment/path.sh
[0.140s] -- Up-to-date symlink: /home/rmsentry/DUST-RM-Sentry/install/rm_robot_description/share/rm_robot_description/environment/path.dsv
[0.140s] -- Up-to-date symlink: /home/rmsentry/DUST-RM-Sentry/install/rm_robot_description/share/rm_robot_description/local_setup.bash
[0.140s] -- Up-to-date symlink: /home/rmsentry/DUST-RM-Sentry/install/rm_robot_description/share/rm_robot_description/local_setup.sh
[0.140s] -- Up-to-date symlink: /home/rmsentry/DUST-RM-Sentry/install/rm_robot_description/share/rm_robot_description/local_setup.zsh
[0.140s] -- Up-to-date symlink: /home/rmsentry/DUST-RM-Sentry/install/rm_robot_description/share/rm_robot_description/local_setup.dsv
[0.140s] -- Symlinking: /home/rmsentry/DUST-RM-Sentry/install/rm_robot_description/share/rm_robot_description/package.dsv
[0.141s] -- Up-to-date symlink: /home/rmsentry/DUST-RM-Sentry/install/rm_robot_description/share/ament_index/resource_index/packages/rm_robot_description
[0.141s] -- Up-to-date symlink: /home/rmsentry/DUST-RM-Sentry/install/rm_robot_description/share/rm_robot_description/cmake/rm_robot_descriptionConfig.cmake
[0.141s] -- Up-to-date symlink: /home/rmsentry/DUST-RM-Sentry/install/rm_robot_description/share/rm_robot_description/cmake/rm_robot_descriptionConfig-version.cmake
[0.141s] -- Up-to-date symlink: /home/rmsentry/DUST-RM-Sentry/install/rm_robot_description/share/rm_robot_description/package.xml
[0.162s] Invoked command in '/home/rmsentry/DUST-RM-Sentry/build/rm_robot_description' returned '0': CMAKE_PREFIX_PATH=${CMAKE_PREFIX_PATH}:/home/rmsentry/DUST-RM-Sentry/install/rm_decision:/home/rmsentry/DUST-RM-Sentry/install/fake_msg_publisher:/opt/ros/humble /usr/local/bin/cmake --install /home/rmsentry/DUST-RM-Sentry/build/rm_robot_description
