[0.033s] Invoking command in '/home/rmsentry/DUST-RM-Sentry/build/linefit_ground_segmentation': CMAKE_PREFIX_PATH=${CMAKE_PREFIX_PATH}:/home/rmsentry/DUST-RM-Sentry/install/rm_decision:/home/rmsentry/DUST-RM-Sentry/install/fake_msg_publisher:/opt/ros/humble /usr/local/bin/cmake --build /home/rmsentry/DUST-RM-Sentry/build/linefit_ground_segmentation -- -j12 -l12
[0.242s] -- Found ament_cmake_auto: 1.3.12 (/opt/ros/humble/share/ament_cmake_auto/cmake)
[0.242s] -- Override CMake install command with custom implementation using symlinks instead of copying resources
[0.402s] -- Found rosidl_generator_c: 3.1.7 (/opt/ros/humble/share/rosidl_generator_c/cmake)
[0.405s] -- Found rosidl_adapter: 3.1.7 (/opt/ros/humble/share/rosidl_adapter/cmake)
[0.413s] -- Found rosidl_generator_cpp: 3.1.7 (/opt/ros/humble/share/rosidl_generator_cpp/cmake)
[0.429s] -- Using all available rosidl_typesupport_c: rosidl_typesupport_fastrtps_c;rosidl_typesupport_introspection_c
[0.451s] -- Using all available rosidl_typesupport_cpp: rosidl_typesupport_fastrtps_cpp;rosidl_typesupport_introspection_cpp
[0.527s] -- Found rmw_implementation_cmake: 6.1.2 (/opt/ros/humble/share/rmw_implementation_cmake/cmake)
[0.530s] -- Found rmw_fastrtps_cpp: 6.2.8 (/opt/ros/humble/share/rmw_fastrtps_cpp/cmake)
[0.659s] -- Using RMW implementation 'rmw_fastrtps_cpp' as default
[0.827s] [33mCMake Warning (dev) at /usr/lib/x86_64-linux-gnu/cmake/pcl/PCLConfig.cmake:146 (find_package):
[0.827s]   Policy CMP0144 is not set: find_package uses upper-case <PACKAGENAME>_ROOT
[0.827s]   variables.  Run "cmake --help-policy CMP0144" for policy details.  Use the
[0.828s]   cmake_policy command to set the policy and suppress this warning.
[0.828s] 
[0.828s]   CMake variable EIGEN_ROOT is set to:
[0.828s] 
[0.829s]     /usr/include/eigen3
[0.829s] 
[0.829s]   For compatibility, find_package is ignoring the variable, but code in a
[0.829s]   .cmake module might still use it.
[0.829s] Call Stack (most recent call first):
[0.829s]   /usr/lib/x86_64-linux-gnu/cmake/pcl/PCLConfig.cmake:299 (find_eigen)
[0.829s]   /usr/lib/x86_64-linux-gnu/cmake/pcl/PCLConfig.cmake:543 (find_external_library)
[0.831s]   /opt/ros/humble/share/pcl_conversions/cmake/ament_cmake_export_dependencies-extras.cmake:21 (find_package)
[0.832s]   /opt/ros/humble/share/pcl_conversions/cmake/pcl_conversionsConfig.cmake:41 (include)
[0.832s]   /opt/ros/humble/share/pcl_ros/cmake/ament_cmake_export_dependencies-extras.cmake:21 (find_package)
[0.832s]   /opt/ros/humble/share/pcl_ros/cmake/pcl_rosConfig.cmake:41 (include)
[0.832s]   /opt/ros/humble/share/ament_cmake_auto/cmake/ament_auto_find_build_dependencies.cmake:67 (find_package)
[0.832s]   CMakeLists.txt:10 (ament_auto_find_build_dependencies)
[0.832s] This warning is for project developers.  Use -Wno-dev to suppress it.
[0.832s] [0m
[0.833s] -- Eigen found (include: /usr/include/eigen3, version: 3.4.0)
[0.849s] [33mCMake Warning (dev) at /usr/lib/x86_64-linux-gnu/cmake/pcl/Modules/FindFLANN.cmake:44 (find_package):
[0.849s]   Policy CMP0144 is not set: find_package uses upper-case <PACKAGENAME>_ROOT
[0.849s]   variables.  Run "cmake --help-policy CMP0144" for policy details.  Use the
[0.849s]   cmake_policy command to set the policy and suppress this warning.
[0.849s] 
[0.849s]   CMake variable FLANN_ROOT is set to:
[0.849s] 
[0.850s]     /usr
[0.850s] 
[0.850s]   For compatibility, find_package is ignoring the variable, but code in a
[0.850s]   .cmake module might still use it.
[0.850s] Call Stack (most recent call first):
[0.850s]   /usr/lib/x86_64-linux-gnu/cmake/pcl/PCLConfig.cmake:256 (find_package)
[0.850s]   /usr/lib/x86_64-linux-gnu/cmake/pcl/PCLConfig.cmake:301 (find_flann)
[0.850s]   /usr/lib/x86_64-linux-gnu/cmake/pcl/PCLConfig.cmake:543 (find_external_library)
[0.850s]   /opt/ros/humble/share/pcl_conversions/cmake/ament_cmake_export_dependencies-extras.cmake:21 (find_package)
[0.850s]   /opt/ros/humble/share/pcl_conversions/cmake/pcl_conversionsConfig.cmake:41 (include)
[0.850s]   /opt/ros/humble/share/pcl_ros/cmake/ament_cmake_export_dependencies-extras.cmake:21 (find_package)
[0.850s]   /opt/ros/humble/share/pcl_ros/cmake/pcl_rosConfig.cmake:41 (include)
[0.850s]   /opt/ros/humble/share/ament_cmake_auto/cmake/ament_auto_find_build_dependencies.cmake:67 (find_package)
[0.850s]   CMakeLists.txt:10 (ament_auto_find_build_dependencies)
[0.850s] This warning is for project developers.  Use -Wno-dev to suppress it.
[0.850s] [0m
[0.877s] -- FLANN found (include: /usr/include, lib: /usr/lib/x86_64-linux-gnu/libflann_cpp.so)
[1.418s] -- OpenNI found (version: 1.5.4.0, include: /usr/include/ni, lib: /usr/lib/libOpenNI.so;libusb::libusb)
[1.425s] -- OpenNI2 found (version: 2.2.0.33, include: /usr/include/openni2, lib: /usr/lib/x86_64-linux-gnu/libOpenNI2.so;libusb::libusb)
[1.791s] -- Eigen found (include: /usr/include/eigen3, version: 3.4.0)
[1.802s] -- OpenNI found (version: 1.5.4.0, include: /usr/include/ni, lib: /usr/lib/libOpenNI.so;libusb::libusb)
[1.807s] -- OpenNI2 found (version: 2.2.0.33, include: /usr/include/openni2, lib: /usr/lib/x86_64-linux-gnu/libOpenNI2.so;libusb::libusb)
[2.145s] -- Found Qhull version 8.0.2
[2.460s] -- OpenNI found (version: 1.5.4.0, include: /usr/include/ni, lib: /usr/lib/libOpenNI.so;libusb::libusb)
[2.833s] -- Found eigen3_cmake_module: 0.1.1 (/opt/ros/humble/share/eigen3_cmake_module/cmake)
[2.834s] -- Ensuring Eigen3 include directory is part of orocos-kdl CMake target
[2.984s] [0mIn this package, headers install destination is set to `include` by ament_auto_package. It is recommended to install `include/linefit_ground_segmentation` instead and will be the default behavior of ament_auto_package from ROS 2 Kilted Kaiju. On distributions before Kilted, ament_auto_package behaves the same way when you use USE_SCOPED_HEADER_INSTALL_DIR option.[0m
[2.988s] -- Configuring done (2.9s)
[3.022s] -- Generating done (0.0s)
[3.030s] -- Build files have been written to: /home/rmsentry/DUST-RM-Sentry/build/linefit_ground_segmentation
[3.097s] [100%] Built target linefit_ground_segmentation
[3.175s] Invoked command in '/home/rmsentry/DUST-RM-Sentry/build/linefit_ground_segmentation' returned '0': CMAKE_PREFIX_PATH=${CMAKE_PREFIX_PATH}:/home/rmsentry/DUST-RM-Sentry/install/rm_decision:/home/rmsentry/DUST-RM-Sentry/install/fake_msg_publisher:/opt/ros/humble /usr/local/bin/cmake --build /home/rmsentry/DUST-RM-Sentry/build/linefit_ground_segmentation -- -j12 -l12
[3.176s] Invoking command in '/home/rmsentry/DUST-RM-Sentry/build/linefit_ground_segmentation': CMAKE_PREFIX_PATH=${CMAKE_PREFIX_PATH}:/home/rmsentry/DUST-RM-Sentry/install/rm_decision:/home/rmsentry/DUST-RM-Sentry/install/fake_msg_publisher:/opt/ros/humble /usr/local/bin/cmake --install /home/rmsentry/DUST-RM-Sentry/build/linefit_ground_segmentation
[3.180s] -- Install configuration: ""
[3.180s] -- Execute custom install script
[3.180s] -- Up-to-date symlink: /home/rmsentry/DUST-RM-Sentry/install/linefit_ground_segmentation/include/ground_segmentation/bin.h
[3.180s] -- Up-to-date symlink: /home/rmsentry/DUST-RM-Sentry/install/linefit_ground_segmentation/include/ground_segmentation/ground_segmentation.h
[3.180s] -- Up-to-date symlink: /home/rmsentry/DUST-RM-Sentry/install/linefit_ground_segmentation/include/ground_segmentation/segment.h
[3.181s] -- Up-to-date symlink: /home/rmsentry/DUST-RM-Sentry/install/linefit_ground_segmentation/include/ground_segmentation/typedefs.h
[3.181s] -- Up-to-date symlink: /home/rmsentry/DUST-RM-Sentry/install/linefit_ground_segmentation/include/ground_segmentation/viewer.h
[3.181s] -- Up-to-date symlink: /home/rmsentry/DUST-RM-Sentry/install/linefit_ground_segmentation/share/linefit_ground_segmentation/environment/library_path.sh
[3.181s] -- Up-to-date symlink: /home/rmsentry/DUST-RM-Sentry/install/linefit_ground_segmentation/share/linefit_ground_segmentation/environment/library_path.dsv
[3.181s] -- Up-to-date symlink: /home/rmsentry/DUST-RM-Sentry/install/linefit_ground_segmentation/lib/liblinefit_ground_segmentation.so
[3.181s] -- Up-to-date symlink: /home/rmsentry/DUST-RM-Sentry/install/linefit_ground_segmentation/share/ament_index/resource_index/package_run_dependencies/linefit_ground_segmentation
[3.181s] -- Up-to-date symlink: /home/rmsentry/DUST-RM-Sentry/install/linefit_ground_segmentation/share/ament_index/resource_index/parent_prefix_path/linefit_ground_segmentation
[3.181s] -- Up-to-date symlink: /home/rmsentry/DUST-RM-Sentry/install/linefit_ground_segmentation/share/linefit_ground_segmentation/environment/ament_prefix_path.sh
[3.181s] -- Up-to-date symlink: /home/rmsentry/DUST-RM-Sentry/install/linefit_ground_segmentation/share/linefit_ground_segmentation/environment/ament_prefix_path.dsv
[3.181s] -- Up-to-date symlink: /home/rmsentry/DUST-RM-Sentry/install/linefit_ground_segmentation/share/linefit_ground_segmentation/environment/path.sh
[3.181s] -- Up-to-date symlink: /home/rmsentry/DUST-RM-Sentry/install/linefit_ground_segmentation/share/linefit_ground_segmentation/environment/path.dsv
[3.181s] -- Up-to-date symlink: /home/rmsentry/DUST-RM-Sentry/install/linefit_ground_segmentation/share/linefit_ground_segmentation/local_setup.bash
[3.181s] -- Up-to-date symlink: /home/rmsentry/DUST-RM-Sentry/install/linefit_ground_segmentation/share/linefit_ground_segmentation/local_setup.sh
[3.182s] -- Up-to-date symlink: /home/rmsentry/DUST-RM-Sentry/install/linefit_ground_segmentation/share/linefit_ground_segmentation/local_setup.zsh
[3.182s] -- Up-to-date symlink: /home/rmsentry/DUST-RM-Sentry/install/linefit_ground_segmentation/share/linefit_ground_segmentation/local_setup.dsv
[3.182s] -- Symlinking: /home/rmsentry/DUST-RM-Sentry/install/linefit_ground_segmentation/share/linefit_ground_segmentation/package.dsv
[3.184s] -- Up-to-date symlink: /home/rmsentry/DUST-RM-Sentry/install/linefit_ground_segmentation/share/ament_index/resource_index/packages/linefit_ground_segmentation
[3.184s] -- Up-to-date symlink: /home/rmsentry/DUST-RM-Sentry/install/linefit_ground_segmentation/share/linefit_ground_segmentation/cmake/ament_cmake_export_dependencies-extras.cmake
[3.184s] -- Up-to-date symlink: /home/rmsentry/DUST-RM-Sentry/install/linefit_ground_segmentation/share/linefit_ground_segmentation/cmake/ament_cmake_export_include_directories-extras.cmake
[3.184s] -- Up-to-date symlink: /home/rmsentry/DUST-RM-Sentry/install/linefit_ground_segmentation/share/linefit_ground_segmentation/cmake/ament_cmake_export_libraries-extras.cmake
[3.184s] -- Up-to-date symlink: /home/rmsentry/DUST-RM-Sentry/install/linefit_ground_segmentation/share/linefit_ground_segmentation/cmake/linefit_ground_segmentationConfig.cmake
[3.184s] -- Up-to-date symlink: /home/rmsentry/DUST-RM-Sentry/install/linefit_ground_segmentation/share/linefit_ground_segmentation/cmake/linefit_ground_segmentationConfig-version.cmake
[3.185s] -- Up-to-date symlink: /home/rmsentry/DUST-RM-Sentry/install/linefit_ground_segmentation/share/linefit_ground_segmentation/package.xml
[3.413s] Invoked command in '/home/rmsentry/DUST-RM-Sentry/build/linefit_ground_segmentation' returned '0': CMAKE_PREFIX_PATH=${CMAKE_PREFIX_PATH}:/home/rmsentry/DUST-RM-Sentry/install/rm_decision:/home/rmsentry/DUST-RM-Sentry/install/fake_msg_publisher:/opt/ros/humble /usr/local/bin/cmake --install /home/rmsentry/DUST-RM-Sentry/build/linefit_ground_segmentation
