[0.047s] Invoking command in '/home/rmsentry/DUST-RM-Sentry/build/livox_interfaces': CMAKE_PREFIX_PATH=${CMAKE_PREFIX_PATH}:/home/rmsentry/DUST-RM-Sentry/install/rm_decision:/home/rmsentry/DUST-RM-Sentry/install/fake_msg_publisher:/opt/ros/humble /usr/local/bin/cmake --build /home/rmsentry/DUST-RM-Sentry/build/livox_interfaces -- -j12 -l12
[0.111s] [  2%] Built target ament_cmake_python_symlink_livox_interfaces
[0.111s] [ 10%] Built target livox_interfaces__rosidl_generator_c
[0.111s] [ 12%] Built target livox_interfaces__cpp
[0.190s] [ 23%] Built target livox_interfaces__rosidl_typesupport_introspection_c
[0.198s] [ 33%] Built target livox_interfaces__rosidl_typesupport_c
[0.198s] [ 43%] Built target livox_interfaces__rosidl_typesupport_fastrtps_c
[0.215s] [ 53%] Built target livox_interfaces__rosidl_typesupport_introspection_cpp
[0.224s] [ 64%] Built target livox_interfaces__rosidl_typesupport_cpp
[0.266s] [ 74%] Built target livox_interfaces__rosidl_typesupport_fastrtps_cpp
[0.291s] [ 74%] Built target livox_interfaces
[0.347s] [ 76%] Built target livox_interfaces__py
[0.393s] [ 84%] Built target livox_interfaces__rosidl_generator_py
[0.425s] [ 89%] Built target livox_interfaces__rosidl_typesupport_fastrtps_c__pyext
[0.427s] [ 94%] Built target livox_interfaces__rosidl_typesupport_introspection_c__pyext
[0.427s] [100%] Built target livox_interfaces__rosidl_typesupport_c__pyext
[0.617s] running egg_info
[0.619s] writing livox_interfaces.egg-info/PKG-INFO
[0.619s] writing dependency_links to livox_interfaces.egg-info/dependency_links.txt
[0.619s] writing top-level names to livox_interfaces.egg-info/top_level.txt
[0.623s] reading manifest file 'livox_interfaces.egg-info/SOURCES.txt'
[0.623s] writing manifest file 'livox_interfaces.egg-info/SOURCES.txt'
[0.709s] [100%] Built target ament_cmake_python_build_livox_interfaces_egg
[0.880s] Invoked command in '/home/rmsentry/DUST-RM-Sentry/build/livox_interfaces' returned '0': CMAKE_PREFIX_PATH=${CMAKE_PREFIX_PATH}:/home/rmsentry/DUST-RM-Sentry/install/rm_decision:/home/rmsentry/DUST-RM-Sentry/install/fake_msg_publisher:/opt/ros/humble /usr/local/bin/cmake --build /home/rmsentry/DUST-RM-Sentry/build/livox_interfaces -- -j12 -l12
[0.882s] Invoking command in '/home/rmsentry/DUST-RM-Sentry/build/livox_interfaces': CMAKE_PREFIX_PATH=${CMAKE_PREFIX_PATH}:/home/rmsentry/DUST-RM-Sentry/install/rm_decision:/home/rmsentry/DUST-RM-Sentry/install/fake_msg_publisher:/opt/ros/humble /usr/local/bin/cmake --install /home/rmsentry/DUST-RM-Sentry/build/livox_interfaces
[0.885s] -- Install configuration: ""
[0.885s] -- Execute custom install script
[0.886s] -- Up-to-date symlink: /home/rmsentry/DUST-RM-Sentry/install/livox_interfaces/share/ament_index/resource_index/rosidl_interfaces/livox_interfaces
[0.886s] -- Up-to-date symlink: /home/rmsentry/DUST-RM-Sentry/install/livox_interfaces/include/livox_interfaces/livox_interfaces/msg/custom_msg.h
[0.886s] -- Up-to-date symlink: /home/rmsentry/DUST-RM-Sentry/install/livox_interfaces/include/livox_interfaces/livox_interfaces/msg/custom_point.h
[0.886s] -- Up-to-date symlink: /home/rmsentry/DUST-RM-Sentry/install/livox_interfaces/include/livox_interfaces/livox_interfaces/msg/detail/custom_msg__functions.h
[0.886s] -- Up-to-date symlink: /home/rmsentry/DUST-RM-Sentry/install/livox_interfaces/include/livox_interfaces/livox_interfaces/msg/detail/custom_msg__struct.h
[0.886s] -- Up-to-date symlink: /home/rmsentry/DUST-RM-Sentry/install/livox_interfaces/include/livox_interfaces/livox_interfaces/msg/detail/custom_msg__type_support.h
[0.886s] -- Up-to-date symlink: /home/rmsentry/DUST-RM-Sentry/install/livox_interfaces/include/livox_interfaces/livox_interfaces/msg/detail/custom_point__functions.h
[0.886s] -- Up-to-date symlink: /home/rmsentry/DUST-RM-Sentry/install/livox_interfaces/include/livox_interfaces/livox_interfaces/msg/detail/custom_point__struct.h
[0.886s] -- Up-to-date symlink: /home/rmsentry/DUST-RM-Sentry/install/livox_interfaces/include/livox_interfaces/livox_interfaces/msg/detail/custom_point__type_support.h
[0.886s] -- Up-to-date symlink: /home/rmsentry/DUST-RM-Sentry/install/livox_interfaces/include/livox_interfaces/livox_interfaces/msg/rosidl_generator_c__visibility_control.h
[0.889s] -- Up-to-date symlink: /home/rmsentry/DUST-RM-Sentry/install/livox_interfaces/share/livox_interfaces/environment/library_path.sh
[0.890s] -- Up-to-date symlink: /home/rmsentry/DUST-RM-Sentry/install/livox_interfaces/share/livox_interfaces/environment/library_path.dsv
[0.892s] -- Up-to-date symlink: /home/rmsentry/DUST-RM-Sentry/install/livox_interfaces/include/livox_interfaces/livox_interfaces/msg/detail/custom_msg__rosidl_typesupport_fastrtps_c.h
[0.892s] -- Up-to-date symlink: /home/rmsentry/DUST-RM-Sentry/install/livox_interfaces/include/livox_interfaces/livox_interfaces/msg/detail/custom_point__rosidl_typesupport_fastrtps_c.h
[0.892s] -- Up-to-date symlink: /home/rmsentry/DUST-RM-Sentry/install/livox_interfaces/include/livox_interfaces/livox_interfaces/msg/rosidl_typesupport_fastrtps_c__visibility_control.h
[0.892s] -- Up-to-date symlink: /home/rmsentry/DUST-RM-Sentry/install/livox_interfaces/include/livox_interfaces/livox_interfaces/msg/custom_msg.hpp
[0.892s] -- Up-to-date symlink: /home/rmsentry/DUST-RM-Sentry/install/livox_interfaces/include/livox_interfaces/livox_interfaces/msg/custom_point.hpp
[0.892s] -- Up-to-date symlink: /home/rmsentry/DUST-RM-Sentry/install/livox_interfaces/include/livox_interfaces/livox_interfaces/msg/detail/custom_msg__builder.hpp
[0.892s] -- Up-to-date symlink: /home/rmsentry/DUST-RM-Sentry/install/livox_interfaces/include/livox_interfaces/livox_interfaces/msg/detail/custom_msg__struct.hpp
[0.893s] -- Up-to-date symlink: /home/rmsentry/DUST-RM-Sentry/install/livox_interfaces/include/livox_interfaces/livox_interfaces/msg/detail/custom_msg__traits.hpp
[0.893s] -- Up-to-date symlink: /home/rmsentry/DUST-RM-Sentry/install/livox_interfaces/include/livox_interfaces/livox_interfaces/msg/detail/custom_msg__type_support.hpp
[0.893s] -- Up-to-date symlink: /home/rmsentry/DUST-RM-Sentry/install/livox_interfaces/include/livox_interfaces/livox_interfaces/msg/detail/custom_point__builder.hpp
[0.893s] -- Up-to-date symlink: /home/rmsentry/DUST-RM-Sentry/install/livox_interfaces/include/livox_interfaces/livox_interfaces/msg/detail/custom_point__struct.hpp
[0.904s] -- Up-to-date symlink: /home/rmsentry/DUST-RM-Sentry/install/livox_interfaces/include/livox_interfaces/livox_interfaces/msg/detail/custom_point__traits.hpp
[0.904s] -- Up-to-date symlink: /home/rmsentry/DUST-RM-Sentry/install/livox_interfaces/include/livox_interfaces/livox_interfaces/msg/detail/custom_point__type_support.hpp
[0.904s] -- Up-to-date symlink: /home/rmsentry/DUST-RM-Sentry/install/livox_interfaces/include/livox_interfaces/livox_interfaces/msg/rosidl_generator_cpp__visibility_control.hpp
[0.904s] -- Up-to-date symlink: /home/rmsentry/DUST-RM-Sentry/install/livox_interfaces/include/livox_interfaces/livox_interfaces/msg/detail/custom_msg__rosidl_typesupport_fastrtps_cpp.hpp
[0.904s] -- Up-to-date symlink: /home/rmsentry/DUST-RM-Sentry/install/livox_interfaces/include/livox_interfaces/livox_interfaces/msg/detail/custom_point__rosidl_typesupport_fastrtps_cpp.hpp
[0.904s] -- Up-to-date symlink: /home/rmsentry/DUST-RM-Sentry/install/livox_interfaces/include/livox_interfaces/livox_interfaces/msg/rosidl_typesupport_fastrtps_cpp__visibility_control.h
[0.904s] -- Up-to-date symlink: /home/rmsentry/DUST-RM-Sentry/install/livox_interfaces/include/livox_interfaces/livox_interfaces/msg/detail/custom_msg__rosidl_typesupport_introspection_c.h
[0.904s] -- Up-to-date symlink: /home/rmsentry/DUST-RM-Sentry/install/livox_interfaces/include/livox_interfaces/livox_interfaces/msg/detail/custom_point__rosidl_typesupport_introspection_c.h
[0.904s] -- Up-to-date symlink: /home/rmsentry/DUST-RM-Sentry/install/livox_interfaces/include/livox_interfaces/livox_interfaces/msg/rosidl_typesupport_introspection_c__visibility_control.h
[0.904s] -- Up-to-date symlink: /home/rmsentry/DUST-RM-Sentry/install/livox_interfaces/include/livox_interfaces/livox_interfaces/msg/detail/custom_msg__rosidl_typesupport_introspection_cpp.hpp
[0.904s] -- Up-to-date symlink: /home/rmsentry/DUST-RM-Sentry/install/livox_interfaces/include/livox_interfaces/livox_interfaces/msg/detail/custom_point__rosidl_typesupport_introspection_cpp.hpp
[0.908s] -- Up-to-date symlink: /home/rmsentry/DUST-RM-Sentry/install/livox_interfaces/share/livox_interfaces/environment/pythonpath.sh
[0.910s] -- Up-to-date symlink: /home/rmsentry/DUST-RM-Sentry/install/livox_interfaces/share/livox_interfaces/environment/pythonpath.dsv
[0.910s] -- Up-to-date symlink: /home/rmsentry/DUST-RM-Sentry/install/livox_interfaces/local/lib/python3.10/dist-packages/livox_interfaces-0.0.1-py3.10.egg-info/PKG-INFO
[0.910s] -- Up-to-date symlink: /home/rmsentry/DUST-RM-Sentry/install/livox_interfaces/local/lib/python3.10/dist-packages/livox_interfaces-0.0.1-py3.10.egg-info/SOURCES.txt
[0.910s] -- Up-to-date symlink: /home/rmsentry/DUST-RM-Sentry/install/livox_interfaces/local/lib/python3.10/dist-packages/livox_interfaces-0.0.1-py3.10.egg-info/dependency_links.txt
[0.911s] -- Up-to-date symlink: /home/rmsentry/DUST-RM-Sentry/install/livox_interfaces/local/lib/python3.10/dist-packages/livox_interfaces-0.0.1-py3.10.egg-info/top_level.txt
[0.911s] -- Up-to-date symlink: /home/rmsentry/DUST-RM-Sentry/install/livox_interfaces/local/lib/python3.10/dist-packages/livox_interfaces/__init__.py
[0.911s] -- Up-to-date symlink: /home/rmsentry/DUST-RM-Sentry/install/livox_interfaces/local/lib/python3.10/dist-packages/livox_interfaces/_livox_interfaces_s.ep.rosidl_typesupport_c.c
[0.911s] -- Up-to-date symlink: /home/rmsentry/DUST-RM-Sentry/install/livox_interfaces/local/lib/python3.10/dist-packages/livox_interfaces/_livox_interfaces_s.ep.rosidl_typesupport_fastrtps_c.c
[0.911s] -- Up-to-date symlink: /home/rmsentry/DUST-RM-Sentry/install/livox_interfaces/local/lib/python3.10/dist-packages/livox_interfaces/_livox_interfaces_s.ep.rosidl_typesupport_introspection_c.c
[0.911s] -- Up-to-date symlink: /home/rmsentry/DUST-RM-Sentry/install/livox_interfaces/local/lib/python3.10/dist-packages/livox_interfaces/liblivox_interfaces__rosidl_generator_py.so
[0.911s] -- Up-to-date symlink: /home/rmsentry/DUST-RM-Sentry/install/livox_interfaces/local/lib/python3.10/dist-packages/livox_interfaces/livox_interfaces_s__rosidl_typesupport_c.cpython-310-x86_64-linux-gnu.so
[0.911s] -- Up-to-date symlink: /home/rmsentry/DUST-RM-Sentry/install/livox_interfaces/local/lib/python3.10/dist-packages/livox_interfaces/livox_interfaces_s__rosidl_typesupport_fastrtps_c.cpython-310-x86_64-linux-gnu.so
[0.911s] -- Up-to-date symlink: /home/rmsentry/DUST-RM-Sentry/install/livox_interfaces/local/lib/python3.10/dist-packages/livox_interfaces/livox_interfaces_s__rosidl_typesupport_introspection_c.cpython-310-x86_64-linux-gnu.so
[0.911s] -- Up-to-date symlink: /home/rmsentry/DUST-RM-Sentry/install/livox_interfaces/local/lib/python3.10/dist-packages/livox_interfaces/msg/__init__.py
[0.911s] -- Up-to-date symlink: /home/rmsentry/DUST-RM-Sentry/install/livox_interfaces/local/lib/python3.10/dist-packages/livox_interfaces/msg/_custom_msg.py
[0.911s] -- Up-to-date symlink: /home/rmsentry/DUST-RM-Sentry/install/livox_interfaces/local/lib/python3.10/dist-packages/livox_interfaces/msg/_custom_msg_s.c
[0.913s] -- Up-to-date symlink: /home/rmsentry/DUST-RM-Sentry/install/livox_interfaces/local/lib/python3.10/dist-packages/livox_interfaces/msg/_custom_point.py
[0.914s] -- Up-to-date symlink: /home/rmsentry/DUST-RM-Sentry/install/livox_interfaces/local/lib/python3.10/dist-packages/livox_interfaces/msg/_custom_point_s.c
[0.914s] -- Up-to-date symlink: /home/rmsentry/DUST-RM-Sentry/install/livox_interfaces/local/lib/python3.10/dist-packages/livox_interfaces/livox_interfaces_s__rosidl_typesupport_fastrtps_c.cpython-310-x86_64-linux-gnu.so
[0.914s] -- Up-to-date symlink: /home/rmsentry/DUST-RM-Sentry/install/livox_interfaces/local/lib/python3.10/dist-packages/livox_interfaces/livox_interfaces_s__rosidl_typesupport_introspection_c.cpython-310-x86_64-linux-gnu.so
[0.914s] -- Up-to-date symlink: /home/rmsentry/DUST-RM-Sentry/install/livox_interfaces/local/lib/python3.10/dist-packages/livox_interfaces/livox_interfaces_s__rosidl_typesupport_c.cpython-310-x86_64-linux-gnu.so
[0.914s] -- Up-to-date symlink: /home/rmsentry/DUST-RM-Sentry/install/livox_interfaces/share/livox_interfaces/msg/CustomPoint.idl
[0.914s] -- Up-to-date symlink: /home/rmsentry/DUST-RM-Sentry/install/livox_interfaces/share/livox_interfaces/msg/CustomMsg.idl
[0.914s] -- Up-to-date symlink: /home/rmsentry/DUST-RM-Sentry/install/livox_interfaces/share/livox_interfaces/msg/CustomPoint.msg
[0.914s] -- Up-to-date symlink: /home/rmsentry/DUST-RM-Sentry/install/livox_interfaces/share/livox_interfaces/msg/CustomMsg.msg
[0.914s] -- Up-to-date symlink: /home/rmsentry/DUST-RM-Sentry/install/livox_interfaces/share/ament_index/resource_index/package_run_dependencies/livox_interfaces
[0.915s] -- Up-to-date symlink: /home/rmsentry/DUST-RM-Sentry/install/livox_interfaces/share/ament_index/resource_index/parent_prefix_path/livox_interfaces
[0.915s] -- Up-to-date symlink: /home/rmsentry/DUST-RM-Sentry/install/livox_interfaces/share/livox_interfaces/environment/ament_prefix_path.sh
[0.915s] -- Up-to-date symlink: /home/rmsentry/DUST-RM-Sentry/install/livox_interfaces/share/livox_interfaces/environment/ament_prefix_path.dsv
[0.915s] -- Up-to-date symlink: /home/rmsentry/DUST-RM-Sentry/install/livox_interfaces/share/livox_interfaces/environment/path.sh
[0.915s] -- Up-to-date symlink: /home/rmsentry/DUST-RM-Sentry/install/livox_interfaces/share/livox_interfaces/environment/path.dsv
[0.915s] -- Up-to-date symlink: /home/rmsentry/DUST-RM-Sentry/install/livox_interfaces/share/livox_interfaces/local_setup.bash
[0.915s] -- Up-to-date symlink: /home/rmsentry/DUST-RM-Sentry/install/livox_interfaces/share/livox_interfaces/local_setup.sh
[0.915s] -- Up-to-date symlink: /home/rmsentry/DUST-RM-Sentry/install/livox_interfaces/share/livox_interfaces/local_setup.zsh
[0.915s] -- Up-to-date symlink: /home/rmsentry/DUST-RM-Sentry/install/livox_interfaces/share/livox_interfaces/local_setup.dsv
[0.915s] -- Symlinking: /home/rmsentry/DUST-RM-Sentry/install/livox_interfaces/share/livox_interfaces/package.dsv
[0.923s] -- Up-to-date symlink: /home/rmsentry/DUST-RM-Sentry/install/livox_interfaces/share/ament_index/resource_index/packages/livox_interfaces
[0.923s] -- Up-to-date symlink: /home/rmsentry/DUST-RM-Sentry/install/livox_interfaces/share/livox_interfaces/cmake/rosidl_cmake-extras.cmake
[0.923s] -- Up-to-date symlink: /home/rmsentry/DUST-RM-Sentry/install/livox_interfaces/share/livox_interfaces/cmake/ament_cmake_export_dependencies-extras.cmake
[0.923s] -- Up-to-date symlink: /home/rmsentry/DUST-RM-Sentry/install/livox_interfaces/share/livox_interfaces/cmake/ament_cmake_export_include_directories-extras.cmake
[0.923s] -- Up-to-date symlink: /home/rmsentry/DUST-RM-Sentry/install/livox_interfaces/share/livox_interfaces/cmake/ament_cmake_export_libraries-extras.cmake
[0.923s] -- Up-to-date symlink: /home/rmsentry/DUST-RM-Sentry/install/livox_interfaces/share/livox_interfaces/cmake/ament_cmake_export_targets-extras.cmake
[0.923s] -- Up-to-date symlink: /home/rmsentry/DUST-RM-Sentry/install/livox_interfaces/share/livox_interfaces/cmake/rosidl_cmake_export_typesupport_targets-extras.cmake
[0.923s] -- Up-to-date symlink: /home/rmsentry/DUST-RM-Sentry/install/livox_interfaces/share/livox_interfaces/cmake/rosidl_cmake_export_typesupport_libraries-extras.cmake
[0.923s] -- Up-to-date symlink: /home/rmsentry/DUST-RM-Sentry/install/livox_interfaces/share/livox_interfaces/cmake/livox_interfacesConfig.cmake
[0.923s] -- Up-to-date symlink: /home/rmsentry/DUST-RM-Sentry/install/livox_interfaces/share/livox_interfaces/cmake/livox_interfacesConfig-version.cmake
[0.923s] -- Up-to-date symlink: /home/rmsentry/DUST-RM-Sentry/install/livox_interfaces/share/livox_interfaces/package.xml
[0.923s] -- Installing: /home/rmsentry/DUST-RM-Sentry/install/livox_interfaces/lib/liblivox_interfaces__rosidl_generator_c.so
[0.923s] -- Set non-toolchain portion of runtime path of "/home/rmsentry/DUST-RM-Sentry/install/livox_interfaces/lib/liblivox_interfaces__rosidl_generator_c.so" to ""
[0.923s] -- Installing: /home/rmsentry/DUST-RM-Sentry/install/livox_interfaces/lib/liblivox_interfaces__rosidl_typesupport_fastrtps_c.so
[0.924s] -- Set non-toolchain portion of runtime path of "/home/rmsentry/DUST-RM-Sentry/install/livox_interfaces/lib/liblivox_interfaces__rosidl_typesupport_fastrtps_c.so" to ""
[0.924s] -- Installing: /home/rmsentry/DUST-RM-Sentry/install/livox_interfaces/lib/liblivox_interfaces__rosidl_typesupport_fastrtps_cpp.so
[0.926s] -- Set non-toolchain portion of runtime path of "/home/rmsentry/DUST-RM-Sentry/install/livox_interfaces/lib/liblivox_interfaces__rosidl_typesupport_fastrtps_cpp.so" to ""
[0.926s] -- Installing: /home/rmsentry/DUST-RM-Sentry/install/livox_interfaces/lib/liblivox_interfaces__rosidl_typesupport_introspection_c.so
[0.926s] -- Set non-toolchain portion of runtime path of "/home/rmsentry/DUST-RM-Sentry/install/livox_interfaces/lib/liblivox_interfaces__rosidl_typesupport_introspection_c.so" to ""
[0.926s] -- Installing: /home/rmsentry/DUST-RM-Sentry/install/livox_interfaces/lib/liblivox_interfaces__rosidl_typesupport_c.so
[0.926s] -- Set non-toolchain portion of runtime path of "/home/rmsentry/DUST-RM-Sentry/install/livox_interfaces/lib/liblivox_interfaces__rosidl_typesupport_c.so" to ""
[0.926s] -- Installing: /home/rmsentry/DUST-RM-Sentry/install/livox_interfaces/lib/liblivox_interfaces__rosidl_typesupport_introspection_cpp.so
[0.927s] -- Set non-toolchain portion of runtime path of "/home/rmsentry/DUST-RM-Sentry/install/livox_interfaces/lib/liblivox_interfaces__rosidl_typesupport_introspection_cpp.so" to ""
[0.927s] -- Installing: /home/rmsentry/DUST-RM-Sentry/install/livox_interfaces/lib/liblivox_interfaces__rosidl_typesupport_cpp.so
[0.927s] -- Set non-toolchain portion of runtime path of "/home/rmsentry/DUST-RM-Sentry/install/livox_interfaces/lib/liblivox_interfaces__rosidl_typesupport_cpp.so" to ""
[0.952s] Listing '/home/rmsentry/DUST-RM-Sentry/install/livox_interfaces/local/lib/python3.10/dist-packages/livox_interfaces'...
[0.953s] Listing '/home/rmsentry/DUST-RM-Sentry/install/livox_interfaces/local/lib/python3.10/dist-packages/livox_interfaces/msg'...
[0.957s] -- Installing: /home/rmsentry/DUST-RM-Sentry/install/livox_interfaces/lib/liblivox_interfaces__rosidl_generator_py.so
[0.957s] -- Set non-toolchain portion of runtime path of "/home/rmsentry/DUST-RM-Sentry/install/livox_interfaces/lib/liblivox_interfaces__rosidl_generator_py.so" to ""
[0.958s] -- Installing: /home/rmsentry/DUST-RM-Sentry/install/livox_interfaces/share/livox_interfaces/cmake/export_livox_interfaces__rosidl_generator_cExport.cmake
[0.958s] -- Installing: /home/rmsentry/DUST-RM-Sentry/install/livox_interfaces/share/livox_interfaces/cmake/export_livox_interfaces__rosidl_generator_cExport-noconfig.cmake
[0.958s] -- Installing: /home/rmsentry/DUST-RM-Sentry/install/livox_interfaces/share/livox_interfaces/cmake/export_livox_interfaces__rosidl_typesupport_fastrtps_cExport.cmake
[0.958s] -- Installing: /home/rmsentry/DUST-RM-Sentry/install/livox_interfaces/share/livox_interfaces/cmake/export_livox_interfaces__rosidl_typesupport_fastrtps_cExport-noconfig.cmake
[0.958s] -- Installing: /home/rmsentry/DUST-RM-Sentry/install/livox_interfaces/share/livox_interfaces/cmake/export_livox_interfaces__rosidl_generator_cppExport.cmake
[0.959s] -- Installing: /home/rmsentry/DUST-RM-Sentry/install/livox_interfaces/share/livox_interfaces/cmake/export_livox_interfaces__rosidl_typesupport_fastrtps_cppExport.cmake
[0.959s] -- Installing: /home/rmsentry/DUST-RM-Sentry/install/livox_interfaces/share/livox_interfaces/cmake/export_livox_interfaces__rosidl_typesupport_fastrtps_cppExport-noconfig.cmake
[0.959s] -- Installing: /home/rmsentry/DUST-RM-Sentry/install/livox_interfaces/share/livox_interfaces/cmake/livox_interfaces__rosidl_typesupport_introspection_cExport.cmake
[0.959s] -- Installing: /home/rmsentry/DUST-RM-Sentry/install/livox_interfaces/share/livox_interfaces/cmake/livox_interfaces__rosidl_typesupport_introspection_cExport-noconfig.cmake
[0.959s] -- Installing: /home/rmsentry/DUST-RM-Sentry/install/livox_interfaces/share/livox_interfaces/cmake/livox_interfaces__rosidl_typesupport_cExport.cmake
[0.959s] -- Installing: /home/rmsentry/DUST-RM-Sentry/install/livox_interfaces/share/livox_interfaces/cmake/livox_interfaces__rosidl_typesupport_cExport-noconfig.cmake
[0.959s] -- Installing: /home/rmsentry/DUST-RM-Sentry/install/livox_interfaces/share/livox_interfaces/cmake/livox_interfaces__rosidl_typesupport_introspection_cppExport.cmake
[0.959s] -- Installing: /home/rmsentry/DUST-RM-Sentry/install/livox_interfaces/share/livox_interfaces/cmake/livox_interfaces__rosidl_typesupport_introspection_cppExport-noconfig.cmake
[0.959s] -- Installing: /home/rmsentry/DUST-RM-Sentry/install/livox_interfaces/share/livox_interfaces/cmake/livox_interfaces__rosidl_typesupport_cppExport.cmake
[0.960s] -- Installing: /home/rmsentry/DUST-RM-Sentry/install/livox_interfaces/share/livox_interfaces/cmake/livox_interfaces__rosidl_typesupport_cppExport-noconfig.cmake
[0.960s] -- Installing: /home/rmsentry/DUST-RM-Sentry/install/livox_interfaces/share/livox_interfaces/cmake/export_livox_interfaces__rosidl_generator_pyExport.cmake
[0.960s] -- Installing: /home/rmsentry/DUST-RM-Sentry/install/livox_interfaces/share/livox_interfaces/cmake/export_livox_interfaces__rosidl_generator_pyExport-noconfig.cmake
[1.063s] Invoked command in '/home/rmsentry/DUST-RM-Sentry/build/livox_interfaces' returned '0': CMAKE_PREFIX_PATH=${CMAKE_PREFIX_PATH}:/home/rmsentry/DUST-RM-Sentry/install/rm_decision:/home/rmsentry/DUST-RM-Sentry/install/fake_msg_publisher:/opt/ros/humble /usr/local/bin/cmake --install /home/rmsentry/DUST-RM-Sentry/build/livox_interfaces
