[0.032s] Invoking command in '/home/rmsentry/DUST-RM-Sentry/build/hik_camera': CMAKE_PREFIX_PATH=${CMAKE_PREFIX_PATH}:/home/rmsentry/DUST-RM-Sentry/install/rm_decision:/home/rmsentry/DUST-RM-Sentry/install/fake_msg_publisher:/opt/ros/humble /usr/local/bin/cmake --build /home/rmsentry/DUST-RM-Sentry/build/hik_camera -- -j12 -l12
[0.154s] [ 25%] Built target video_player_node
[0.160s] [ 75%] Built target hik_camera
[0.168s] [100%] Built target hik_camera_node
[0.196s] Invoked command in '/home/rmsentry/DUST-RM-Sentry/build/hik_camera' returned '0': CMAKE_PREFIX_PATH=${CMAKE_PREFIX_PATH}:/home/rmsentry/DUST-RM-Sentry/install/rm_decision:/home/rmsentry/DUST-RM-Sentry/install/fake_msg_publisher:/opt/ros/humble /usr/local/bin/cmake --build /home/rmsentry/DUST-RM-Sentry/build/hik_camera -- -j12 -l12
[0.200s] Invoking command in '/home/rmsentry/DUST-RM-Sentry/build/hik_camera': CMAKE_PREFIX_PATH=${CMAKE_PREFIX_PATH}:/home/rmsentry/DUST-RM-Sentry/install/rm_decision:/home/rmsentry/DUST-RM-Sentry/install/fake_msg_publisher:/opt/ros/humble /usr/local/bin/cmake --install /home/rmsentry/DUST-RM-Sentry/build/hik_camera
[0.287s] -- Install configuration: ""
[0.287s] -- Execute custom install script
[0.287s] -- Up-to-date symlink: /home/rmsentry/DUST-RM-Sentry/install/hik_camera/lib/libFormatConversion.so
[0.287s] -- Up-to-date symlink: /home/rmsentry/DUST-RM-Sentry/install/hik_camera/lib/libMVRender.so
[0.287s] -- Up-to-date symlink: /home/rmsentry/DUST-RM-Sentry/install/hik_camera/lib/libMediaProcess.so
[0.287s] -- Up-to-date symlink: /home/rmsentry/DUST-RM-Sentry/install/hik_camera/lib/libMvCameraControl.so
[0.287s] -- Up-to-date symlink: /home/rmsentry/DUST-RM-Sentry/install/hik_camera/lib/libMvUsb3vTL.so
[0.287s] -- Up-to-date symlink: /home/rmsentry/DUST-RM-Sentry/install/hik_camera/lib/hik_camera/hik_camera_node
[0.287s] -- Up-to-date symlink: /home/rmsentry/DUST-RM-Sentry/install/hik_camera/lib/hik_camera/video_player_node
[0.287s] -- Up-to-date symlink: /home/rmsentry/DUST-RM-Sentry/install/hik_camera/include/hik_camera/hik_camera_node.hpp
[0.287s] -- Up-to-date symlink: /home/rmsentry/DUST-RM-Sentry/install/hik_camera/include/hik_camera/recorder.hpp
[0.288s] -- Up-to-date symlink: /home/rmsentry/DUST-RM-Sentry/install/hik_camera/include/hik_camera/video_player_node.hpp
[0.288s] -- Up-to-date symlink: /home/rmsentry/DUST-RM-Sentry/install/hik_camera/share/hik_camera/environment/library_path.sh
[0.288s] -- Up-to-date symlink: /home/rmsentry/DUST-RM-Sentry/install/hik_camera/share/hik_camera/environment/library_path.dsv
[0.288s] -- Up-to-date symlink: /home/rmsentry/DUST-RM-Sentry/install/hik_camera/lib/libhik_camera.so
[0.288s] -- Up-to-date symlink: /home/rmsentry/DUST-RM-Sentry/install/hik_camera/share/hik_camera/launch/hik_camera_launch.py
[0.288s] -- Up-to-date symlink: /home/rmsentry/DUST-RM-Sentry/install/hik_camera/share/hik_camera/launch/video_player_launch.py
[0.288s] -- Up-to-date symlink: /home/rmsentry/DUST-RM-Sentry/install/hik_camera/share/hik_camera/config/camera_info.yaml
[0.288s] -- Up-to-date symlink: /home/rmsentry/DUST-RM-Sentry/install/hik_camera/share/hik_camera/config/camera_params.yaml
[0.288s] -- Up-to-date symlink: /home/rmsentry/DUST-RM-Sentry/install/hik_camera/share/ament_index/resource_index/package_run_dependencies/hik_camera
[0.288s] -- Up-to-date symlink: /home/rmsentry/DUST-RM-Sentry/install/hik_camera/share/ament_index/resource_index/parent_prefix_path/hik_camera
[0.289s] -- Up-to-date symlink: /home/rmsentry/DUST-RM-Sentry/install/hik_camera/share/hik_camera/environment/ament_prefix_path.sh
[0.289s] -- Up-to-date symlink: /home/rmsentry/DUST-RM-Sentry/install/hik_camera/share/hik_camera/environment/ament_prefix_path.dsv
[0.289s] -- Up-to-date symlink: /home/rmsentry/DUST-RM-Sentry/install/hik_camera/share/hik_camera/environment/path.sh
[0.289s] -- Up-to-date symlink: /home/rmsentry/DUST-RM-Sentry/install/hik_camera/share/hik_camera/environment/path.dsv
[0.289s] -- Up-to-date symlink: /home/rmsentry/DUST-RM-Sentry/install/hik_camera/share/hik_camera/local_setup.bash
[0.289s] -- Up-to-date symlink: /home/rmsentry/DUST-RM-Sentry/install/hik_camera/share/hik_camera/local_setup.sh
[0.289s] -- Up-to-date symlink: /home/rmsentry/DUST-RM-Sentry/install/hik_camera/share/hik_camera/local_setup.zsh
[0.289s] -- Up-to-date symlink: /home/rmsentry/DUST-RM-Sentry/install/hik_camera/share/hik_camera/local_setup.dsv
[0.289s] -- Symlinking: /home/rmsentry/DUST-RM-Sentry/install/hik_camera/share/hik_camera/package.dsv
[0.289s] -- Up-to-date symlink: /home/rmsentry/DUST-RM-Sentry/install/hik_camera/share/ament_index/resource_index/packages/hik_camera
[0.289s] -- Up-to-date symlink: /home/rmsentry/DUST-RM-Sentry/install/hik_camera/share/ament_index/resource_index/rclcpp_components/hik_camera
[0.289s] -- Up-to-date symlink: /home/rmsentry/DUST-RM-Sentry/install/hik_camera/share/hik_camera/cmake/ament_cmake_export_dependencies-extras.cmake
[0.289s] -- Up-to-date symlink: /home/rmsentry/DUST-RM-Sentry/install/hik_camera/share/hik_camera/cmake/ament_cmake_export_include_directories-extras.cmake
[0.290s] -- Up-to-date symlink: /home/rmsentry/DUST-RM-Sentry/install/hik_camera/share/hik_camera/cmake/ament_cmake_export_libraries-extras.cmake
[0.292s] -- Up-to-date symlink: /home/rmsentry/DUST-RM-Sentry/install/hik_camera/share/hik_camera/cmake/hik_cameraConfig.cmake
[0.292s] -- Up-to-date symlink: /home/rmsentry/DUST-RM-Sentry/install/hik_camera/share/hik_camera/cmake/hik_cameraConfig-version.cmake
[0.292s] -- Up-to-date symlink: /home/rmsentry/DUST-RM-Sentry/install/hik_camera/share/hik_camera/package.xml
[0.355s] Invoked command in '/home/rmsentry/DUST-RM-Sentry/build/hik_camera' returned '0': CMAKE_PREFIX_PATH=${CMAKE_PREFIX_PATH}:/home/rmsentry/DUST-RM-Sentry/install/rm_decision:/home/rmsentry/DUST-RM-Sentry/install/fake_msg_publisher:/opt/ros/humble /usr/local/bin/cmake --install /home/rmsentry/DUST-RM-Sentry/build/hik_camera
