[0.047s] Invoking command in '/home/rmsentry/DUST-RM-Sentry/build/hik_camera': CMAKE_PREFIX_PATH=${CMAKE_PREFIX_PATH}:/home/rmsentry/DUST-RM-Sentry/install/rm_decision:/home/rmsentry/DUST-RM-Sentry/install/fake_msg_publisher:/opt/ros/humble /usr/local/bin/cmake --build /home/rmsentry/DUST-RM-Sentry/build/hik_camera -- -j12 -l12
[0.208s] [ 25%] Built target hik_camera_node
[0.215s] [ 37%] [32mBuilding CXX object CMakeFiles/hik_camera.dir/src/hik_camera_node.cpp.o[0m
[0.266s] [ 62%] Built target video_player_node
[4.603s] [ 75%] [32m[1mLinking CXX shared library libhik_camera.so[0m
[4.837s] [100%] Built target hik_camera
[4.845s] Invoked command in '/home/rmsentry/DUST-RM-Sentry/build/hik_camera' returned '0': CMAKE_PREFIX_PATH=${CMAKE_PREFIX_PATH}:/home/rmsentry/DUST-RM-Sentry/install/rm_decision:/home/rmsentry/DUST-RM-Sentry/install/fake_msg_publisher:/opt/ros/humble /usr/local/bin/cmake --build /home/rmsentry/DUST-RM-Sentry/build/hik_camera -- -j12 -l12
[4.846s] Invoking command in '/home/rmsentry/DUST-RM-Sentry/build/hik_camera': CMAKE_PREFIX_PATH=${CMAKE_PREFIX_PATH}:/home/rmsentry/DUST-RM-Sentry/install/rm_decision:/home/rmsentry/DUST-RM-Sentry/install/fake_msg_publisher:/opt/ros/humble /usr/local/bin/cmake --install /home/rmsentry/DUST-RM-Sentry/build/hik_camera
[4.852s] -- Install configuration: ""
[4.853s] -- Execute custom install script
[4.853s] -- Up-to-date symlink: /home/rmsentry/DUST-RM-Sentry/install/hik_camera/lib/libFormatConversion.so
[4.853s] -- Up-to-date symlink: /home/rmsentry/DUST-RM-Sentry/install/hik_camera/lib/libMVRender.so
[4.853s] -- Up-to-date symlink: /home/rmsentry/DUST-RM-Sentry/install/hik_camera/lib/libMediaProcess.so
[4.853s] -- Up-to-date symlink: /home/rmsentry/DUST-RM-Sentry/install/hik_camera/lib/libMvCameraControl.so
[4.853s] -- Up-to-date symlink: /home/rmsentry/DUST-RM-Sentry/install/hik_camera/lib/libMvUsb3vTL.so
[4.854s] -- Up-to-date symlink: /home/rmsentry/DUST-RM-Sentry/install/hik_camera/lib/hik_camera/hik_camera_node
[4.854s] -- Up-to-date symlink: /home/rmsentry/DUST-RM-Sentry/install/hik_camera/lib/hik_camera/video_player_node
[4.855s] -- Up-to-date symlink: /home/rmsentry/DUST-RM-Sentry/install/hik_camera/include/hik_camera/hik_camera_node.hpp
[4.855s] -- Up-to-date symlink: /home/rmsentry/DUST-RM-Sentry/install/hik_camera/include/hik_camera/recorder.hpp
[4.855s] -- Up-to-date symlink: /home/rmsentry/DUST-RM-Sentry/install/hik_camera/include/hik_camera/video_player_node.hpp
[4.855s] -- Up-to-date symlink: /home/rmsentry/DUST-RM-Sentry/install/hik_camera/share/hik_camera/environment/library_path.sh
[4.855s] -- Up-to-date symlink: /home/rmsentry/DUST-RM-Sentry/install/hik_camera/share/hik_camera/environment/library_path.dsv
[4.855s] -- Up-to-date symlink: /home/rmsentry/DUST-RM-Sentry/install/hik_camera/lib/libhik_camera.so
[4.856s] -- Up-to-date symlink: /home/rmsentry/DUST-RM-Sentry/install/hik_camera/share/hik_camera/launch/hik_camera_launch.py
[4.856s] -- Up-to-date symlink: /home/rmsentry/DUST-RM-Sentry/install/hik_camera/share/hik_camera/launch/video_player_launch.py
[4.857s] -- Up-to-date symlink: /home/rmsentry/DUST-RM-Sentry/install/hik_camera/share/hik_camera/config/camera_info.yaml
[4.857s] -- Up-to-date symlink: /home/rmsentry/DUST-RM-Sentry/install/hik_camera/share/hik_camera/config/camera_params.yaml
[4.857s] -- Up-to-date symlink: /home/rmsentry/DUST-RM-Sentry/install/hik_camera/share/ament_index/resource_index/package_run_dependencies/hik_camera
[4.857s] -- Up-to-date symlink: /home/rmsentry/DUST-RM-Sentry/install/hik_camera/share/ament_index/resource_index/parent_prefix_path/hik_camera
[4.857s] -- Up-to-date symlink: /home/rmsentry/DUST-RM-Sentry/install/hik_camera/share/hik_camera/environment/ament_prefix_path.sh
[4.857s] -- Up-to-date symlink: /home/rmsentry/DUST-RM-Sentry/install/hik_camera/share/hik_camera/environment/ament_prefix_path.dsv
[4.857s] -- Up-to-date symlink: /home/rmsentry/DUST-RM-Sentry/install/hik_camera/share/hik_camera/environment/path.sh
[4.858s] -- Up-to-date symlink: /home/rmsentry/DUST-RM-Sentry/install/hik_camera/share/hik_camera/environment/path.dsv
[4.858s] -- Up-to-date symlink: /home/rmsentry/DUST-RM-Sentry/install/hik_camera/share/hik_camera/local_setup.bash
[4.858s] -- Up-to-date symlink: /home/rmsentry/DUST-RM-Sentry/install/hik_camera/share/hik_camera/local_setup.sh
[4.858s] -- Up-to-date symlink: /home/rmsentry/DUST-RM-Sentry/install/hik_camera/share/hik_camera/local_setup.zsh
[4.858s] -- Up-to-date symlink: /home/rmsentry/DUST-RM-Sentry/install/hik_camera/share/hik_camera/local_setup.dsv
[4.858s] -- Symlinking: /home/rmsentry/DUST-RM-Sentry/install/hik_camera/share/hik_camera/package.dsv
[4.865s] -- Up-to-date symlink: /home/rmsentry/DUST-RM-Sentry/install/hik_camera/share/ament_index/resource_index/packages/hik_camera
[4.866s] -- Up-to-date symlink: /home/rmsentry/DUST-RM-Sentry/install/hik_camera/share/ament_index/resource_index/rclcpp_components/hik_camera
[4.866s] -- Up-to-date symlink: /home/rmsentry/DUST-RM-Sentry/install/hik_camera/share/hik_camera/cmake/ament_cmake_export_dependencies-extras.cmake
[4.866s] -- Up-to-date symlink: /home/rmsentry/DUST-RM-Sentry/install/hik_camera/share/hik_camera/cmake/ament_cmake_export_include_directories-extras.cmake
[4.866s] -- Up-to-date symlink: /home/rmsentry/DUST-RM-Sentry/install/hik_camera/share/hik_camera/cmake/ament_cmake_export_libraries-extras.cmake
[4.868s] -- Up-to-date symlink: /home/rmsentry/DUST-RM-Sentry/install/hik_camera/share/hik_camera/cmake/hik_cameraConfig.cmake
[4.869s] -- Up-to-date symlink: /home/rmsentry/DUST-RM-Sentry/install/hik_camera/share/hik_camera/cmake/hik_cameraConfig-version.cmake
[4.869s] -- Up-to-date symlink: /home/rmsentry/DUST-RM-Sentry/install/hik_camera/share/hik_camera/package.xml
[4.869s] Invoked command in '/home/rmsentry/DUST-RM-Sentry/build/hik_camera' returned '0': CMAKE_PREFIX_PATH=${CMAKE_PREFIX_PATH}:/home/rmsentry/DUST-RM-Sentry/install/rm_decision:/home/rmsentry/DUST-RM-Sentry/install/fake_msg_publisher:/opt/ros/humble /usr/local/bin/cmake --install /home/rmsentry/DUST-RM-Sentry/build/hik_camera
