[0.031s] Invoking command in '/home/rmsentry/DUST-RM-Sentry/build/hik_camera_first': CMAKE_PREFIX_PATH=${CMAKE_PREFIX_PATH}:/home/rmsentry/DUST-RM-Sentry/install/rm_decision:/home/rmsentry/DUST-RM-Sentry/install/fake_msg_publisher:/opt/ros/humble /usr/local/bin/cmake --build /home/rmsentry/DUST-RM-Sentry/build/hik_camera_first -- -j12 -l12
[0.124s] [ 50%] Built target hik_camera_first_node
[0.124s] [ 75%] [32mBuilding CXX object CMakeFiles/hik_camera_first.dir/src/hik_camera_first_node.cpp.o[0m
[2.973s] [100%] [32m[1mLinking CXX shared library libhik_camera_first.so[0m
[3.065s] [100%] Built target hik_camera_first
[3.070s] Invoked command in '/home/rmsentry/DUST-RM-Sentry/build/hik_camera_first' returned '0': CMAKE_PREFIX_PATH=${CMAKE_PREFIX_PATH}:/home/rmsentry/DUST-RM-Sentry/install/rm_decision:/home/rmsentry/DUST-RM-Sentry/install/fake_msg_publisher:/opt/ros/humble /usr/local/bin/cmake --build /home/rmsentry/DUST-RM-Sentry/build/hik_camera_first -- -j12 -l12
[3.071s] Invoking command in '/home/rmsentry/DUST-RM-Sentry/build/hik_camera_first': CMAKE_PREFIX_PATH=${CMAKE_PREFIX_PATH}:/home/rmsentry/DUST-RM-Sentry/install/rm_decision:/home/rmsentry/DUST-RM-Sentry/install/fake_msg_publisher:/opt/ros/humble /usr/local/bin/cmake --install /home/rmsentry/DUST-RM-Sentry/build/hik_camera_first
[3.074s] -- Install configuration: ""
[3.074s] -- Execute custom install script
[3.074s] -- Up-to-date symlink: /home/rmsentry/DUST-RM-Sentry/install/hik_camera_first/lib/libFormatConversion.so
[3.074s] -- Up-to-date symlink: /home/rmsentry/DUST-RM-Sentry/install/hik_camera_first/lib/libMVRender.so
[3.075s] -- Up-to-date symlink: /home/rmsentry/DUST-RM-Sentry/install/hik_camera_first/lib/libMediaProcess.so
[3.075s] -- Up-to-date symlink: /home/rmsentry/DUST-RM-Sentry/install/hik_camera_first/lib/libMvCameraControl.so
[3.075s] -- Up-to-date symlink: /home/rmsentry/DUST-RM-Sentry/install/hik_camera_first/lib/libMvUsb3vTL.so
[3.075s] -- Up-to-date symlink: /home/rmsentry/DUST-RM-Sentry/install/hik_camera_first/lib/hik_camera_first/hik_camera_first_node
[3.075s] -- Up-to-date symlink: /home/rmsentry/DUST-RM-Sentry/install/hik_camera_first/share/hik_camera_first/environment/library_path.sh
[3.075s] -- Up-to-date symlink: /home/rmsentry/DUST-RM-Sentry/install/hik_camera_first/share/hik_camera_first/environment/library_path.dsv
[3.075s] -- Up-to-date symlink: /home/rmsentry/DUST-RM-Sentry/install/hik_camera_first/lib/libhik_camera_first.so
[3.076s] -- Up-to-date symlink: /home/rmsentry/DUST-RM-Sentry/install/hik_camera_first/share/hik_camera_first/config/camera_info.yaml
[3.076s] -- Up-to-date symlink: /home/rmsentry/DUST-RM-Sentry/install/hik_camera_first/share/hik_camera_first/config/camera_params.yaml
[3.076s] -- Up-to-date symlink: /home/rmsentry/DUST-RM-Sentry/install/hik_camera_first/share/hik_camera_first/launch/hik_camera.launch.py
[3.076s] -- Up-to-date symlink: /home/rmsentry/DUST-RM-Sentry/install/hik_camera_first/share/ament_index/resource_index/package_run_dependencies/hik_camera_first
[3.076s] -- Up-to-date symlink: /home/rmsentry/DUST-RM-Sentry/install/hik_camera_first/share/ament_index/resource_index/parent_prefix_path/hik_camera_first
[3.076s] -- Up-to-date symlink: /home/rmsentry/DUST-RM-Sentry/install/hik_camera_first/share/hik_camera_first/environment/ament_prefix_path.sh
[3.076s] -- Up-to-date symlink: /home/rmsentry/DUST-RM-Sentry/install/hik_camera_first/share/hik_camera_first/environment/ament_prefix_path.dsv
[3.076s] -- Up-to-date symlink: /home/rmsentry/DUST-RM-Sentry/install/hik_camera_first/share/hik_camera_first/environment/path.sh
[3.076s] -- Up-to-date symlink: /home/rmsentry/DUST-RM-Sentry/install/hik_camera_first/share/hik_camera_first/environment/path.dsv
[3.076s] -- Up-to-date symlink: /home/rmsentry/DUST-RM-Sentry/install/hik_camera_first/share/hik_camera_first/local_setup.bash
[3.076s] -- Up-to-date symlink: /home/rmsentry/DUST-RM-Sentry/install/hik_camera_first/share/hik_camera_first/local_setup.sh
[3.076s] -- Up-to-date symlink: /home/rmsentry/DUST-RM-Sentry/install/hik_camera_first/share/hik_camera_first/local_setup.zsh
[3.076s] -- Up-to-date symlink: /home/rmsentry/DUST-RM-Sentry/install/hik_camera_first/share/hik_camera_first/local_setup.dsv
[3.077s] -- Symlinking: /home/rmsentry/DUST-RM-Sentry/install/hik_camera_first/share/hik_camera_first/package.dsv
[3.080s] -- Up-to-date symlink: /home/rmsentry/DUST-RM-Sentry/install/hik_camera_first/share/ament_index/resource_index/packages/hik_camera_first
[3.080s] -- Up-to-date symlink: /home/rmsentry/DUST-RM-Sentry/install/hik_camera_first/share/ament_index/resource_index/rclcpp_components/hik_camera_first
[3.081s] -- Up-to-date symlink: /home/rmsentry/DUST-RM-Sentry/install/hik_camera_first/share/hik_camera_first/cmake/ament_cmake_export_dependencies-extras.cmake
[3.081s] -- Up-to-date symlink: /home/rmsentry/DUST-RM-Sentry/install/hik_camera_first/share/hik_camera_first/cmake/ament_cmake_export_libraries-extras.cmake
[3.081s] -- Up-to-date symlink: /home/rmsentry/DUST-RM-Sentry/install/hik_camera_first/share/hik_camera_first/cmake/hik_camera_firstConfig.cmake
[3.081s] -- Up-to-date symlink: /home/rmsentry/DUST-RM-Sentry/install/hik_camera_first/share/hik_camera_first/cmake/hik_camera_firstConfig-version.cmake
[3.081s] -- Up-to-date symlink: /home/rmsentry/DUST-RM-Sentry/install/hik_camera_first/share/hik_camera_first/package.xml
[3.082s] Invoked command in '/home/rmsentry/DUST-RM-Sentry/build/hik_camera_first' returned '0': CMAKE_PREFIX_PATH=${CMAKE_PREFIX_PATH}:/home/rmsentry/DUST-RM-Sentry/install/rm_decision:/home/rmsentry/DUST-RM-Sentry/install/fake_msg_publisher:/opt/ros/humble /usr/local/bin/cmake --install /home/rmsentry/DUST-RM-Sentry/build/hik_camera_first
