-- The C compiler identification is GNU 11.4.0
-- The CXX compiler identification is GNU 11.4.0
-- Detecting C compiler ABI info
-- Detecting C compiler ABI info - done
-- Check for working C compiler: /usr/bin/cc - skipped
-- Detecting C compile features
-- Detecting C compile features - done
-- Detecting CXX compiler ABI info
-- Detecting CXX compiler ABI info - done
-- Check for working CXX compiler: /usr/bin/c++ - skipped
-- Detecting CXX compile features
-- Detecting CXX compile features - done
-- Found ament_cmake: 1.3.12 (/opt/ros/humble/share/ament_cmake/cmake)
-- Found Python3: /usr/bin/python3 (found version "3.10.12") found components: Interpreter
-- Override CMake install command with custom implementation using symlinks instead of copying resources
-- Found rclcpp: 16.0.14 (/opt/ros/humble/share/rclcpp/cmake)
-- Found rosidl_generator_c: 3.1.7 (/opt/ros/humble/share/rosidl_generator_c/cmake)
-- Found rosidl_adapter: 3.1.7 (/opt/ros/humble/share/rosidl_adapter/cmake)
-- Found rosidl_generator_cpp: 3.1.7 (/opt/ros/humble/share/rosidl_generator_cpp/cmake)
-- Using all available rosidl_typesupport_c: rosidl_typesupport_fastrtps_c;rosidl_typesupport_introspection_c
-- Using all available rosidl_typesupport_cpp: rosidl_typesupport_fastrtps_cpp;rosidl_typesupport_introspection_cpp
-- Found rmw_implementation_cmake: 6.1.2 (/opt/ros/humble/share/rmw_implementation_cmake/cmake)
-- Found rmw_fastrtps_cpp: 6.2.8 (/opt/ros/humble/share/rmw_fastrtps_cpp/cmake)
-- Found OpenSSL: /usr/lib/x86_64-linux-gnu/libcrypto.so (found version "3.0.2")
-- Found FastRTPS: /opt/ros/humble/include
-- Using RMW implementation 'rmw_fastrtps_cpp' as default
-- Performing Test CMAKE_HAVE_LIBC_PTHREAD
-- Performing Test CMAKE_HAVE_LIBC_PTHREAD - Success
-- Found Threads: TRUE
-- Found sensor_msgs: 4.9.0 (/opt/ros/humble/share/sensor_msgs/cmake)
-- Found pcl_conversions: 2.4.5 (/opt/ros/humble/share/pcl_conversions/cmake)
-- Checking for module 'eigen3'
--   Found eigen3, version 3.4.0
-- Found Eigen: /usr/include/eigen3 (Required is at least version "3.1")
-- Eigen found (include: /usr/include/eigen3, version: 3.4.0)
-- Checking for module 'flann'
--   Found flann, version 1.9.1
-- Found FLANN: /usr/lib/x86_64-linux-gnu/libflann_cpp.so
-- FLANN found (include: /usr/include, lib: /usr/lib/x86_64-linux-gnu/libflann_cpp.so)
-- Checking for module 'libusb-1.0'
--   Found libusb-1.0, version 1.0.26
-- Found libusb: /usr/local/lib/libusb-1.0.so
-- OpenNI found (version: 1.5.4.0, include: /usr/include/ni, lib: /usr/lib/libOpenNI.so;libusb::libusb)
-- OpenNI2 found (version: 2.2.0.33, include: /usr/include/openni2, lib: /usr/lib/x86_64-linux-gnu/libOpenNI2.so;libusb::libusb)
[33mCMake Warning (dev) at /usr/lib/x86_64-linux-gnu/cmake/pcl/PCLConfig.cmake:146 (find_package):
  Policy CMP0144 is not set: find_package uses upper-case <PACKAGENAME>_ROOT
  variables.  Run "cmake --help-policy CMP0144" for policy details.  Use the
  cmake_policy command to set the policy and suppress this warning.

  CMake variable EIGEN_ROOT is set to:

    /usr/include/eigen3

  For compatibility, find_package is ignoring the variable, but code in a
  .cmake module might still use it.
Call Stack (most recent call first):
  /usr/lib/x86_64-linux-gnu/cmake/pcl/PCLConfig.cmake:299 (find_eigen)
  /usr/lib/x86_64-linux-gnu/cmake/pcl/PCLConfig.cmake:543 (find_external_library)
  /opt/ros/humble/share/pcl_conversions/cmake/ament_cmake_export_dependencies-extras.cmake:21 (find_package)
  /opt/ros/humble/share/pcl_conversions/cmake/pcl_conversionsConfig.cmake:41 (include)
  CMakeLists.txt:12 (find_package)
This warning is for project developers.  Use -Wno-dev to suppress it.
[0m
[33mCMake Warning (dev) at /usr/lib/x86_64-linux-gnu/cmake/pcl/Modules/FindFLANN.cmake:44 (find_package):
  Policy CMP0144 is not set: find_package uses upper-case <PACKAGENAME>_ROOT
  variables.  Run "cmake --help-policy CMP0144" for policy details.  Use the
  cmake_policy command to set the policy and suppress this warning.

  CMake variable FLANN_ROOT is set to:

    /usr

  For compatibility, find_package is ignoring the variable, but code in a
  .cmake module might still use it.
Call Stack (most recent call first):
  /usr/lib/x86_64-linux-gnu/cmake/pcl/PCLConfig.cmake:256 (find_package)
  /usr/lib/x86_64-linux-gnu/cmake/pcl/PCLConfig.cmake:301 (find_flann)
  /usr/lib/x86_64-linux-gnu/cmake/pcl/PCLConfig.cmake:543 (find_external_library)
  /opt/ros/humble/share/pcl_conversions/cmake/ament_cmake_export_dependencies-extras.cmake:21 (find_package)
  /opt/ros/humble/share/pcl_conversions/cmake/pcl_conversionsConfig.cmake:41 (include)
  CMakeLists.txt:12 (find_package)
This warning is for project developers.  Use -Wno-dev to suppress it.
[0m
-- Eigen found (include: /usr/include/eigen3, version: 3.4.0)
-- OpenNI found (version: 1.5.4.0, include: /usr/include/ni, lib: /usr/lib/libOpenNI.so;libusb::libusb)
-- OpenNI2 found (version: 2.2.0.33, include: /usr/include/openni2, lib: /usr/lib/x86_64-linux-gnu/libOpenNI2.so;libusb::libusb)
-- Found Qhull version 8.0.2
-- OpenNI found (version: 1.5.4.0, include: /usr/include/ni, lib: /usr/lib/libOpenNI.so;libusb::libusb)
-- Found PCL_COMMON: /usr/lib/x86_64-linux-gnu/libpcl_common.so
-- Found PCL_KDTREE: /usr/lib/x86_64-linux-gnu/libpcl_kdtree.so
-- Found PCL_OCTREE: /usr/lib/x86_64-linux-gnu/libpcl_octree.so
-- Found PCL_SEARCH: /usr/lib/x86_64-linux-gnu/libpcl_search.so
-- Found PCL_SAMPLE_CONSENSUS: /usr/lib/x86_64-linux-gnu/libpcl_sample_consensus.so
-- Found PCL_FILTERS: /usr/lib/x86_64-linux-gnu/libpcl_filters.so
-- Found PCL_2D: /usr/include/pcl-1.12
-- Found PCL_GEOMETRY: /usr/include/pcl-1.12
-- Found PCL_IO: /usr/lib/x86_64-linux-gnu/libpcl_io.so
-- Found PCL_FEATURES: /usr/lib/x86_64-linux-gnu/libpcl_features.so
-- Found PCL_ML: /usr/lib/x86_64-linux-gnu/libpcl_ml.so
-- Found PCL_SEGMENTATION: /usr/lib/x86_64-linux-gnu/libpcl_segmentation.so
-- Found PCL_VISUALIZATION: /usr/lib/x86_64-linux-gnu/libpcl_visualization.so
-- Found PCL_SURFACE: /usr/lib/x86_64-linux-gnu/libpcl_surface.so
-- Found PCL_REGISTRATION: /usr/lib/x86_64-linux-gnu/libpcl_registration.so
-- Found PCL_KEYPOINTS: /usr/lib/x86_64-linux-gnu/libpcl_keypoints.so
-- Found PCL_TRACKING: /usr/lib/x86_64-linux-gnu/libpcl_tracking.so
-- Found PCL_RECOGNITION: /usr/lib/x86_64-linux-gnu/libpcl_recognition.so
-- Found PCL_STEREO: /usr/lib/x86_64-linux-gnu/libpcl_stereo.so
-- Found PCL_APPS: /usr/lib/x86_64-linux-gnu/libpcl_apps.so
-- Found PCL_IN_HAND_SCANNER: /usr/include/pcl-1.12
-- Found PCL_MODELER: /usr/include/pcl-1.12
-- Found PCL_POINT_CLOUD_EDITOR: /usr/include/pcl-1.12
-- Found PCL_OUTOFCORE: /usr/lib/x86_64-linux-gnu/libpcl_outofcore.so
-- Found PCL_PEOPLE: /usr/lib/x86_64-linux-gnu/libpcl_people.so
-- Found ament_lint_auto: 0.12.14 (/opt/ros/humble/share/ament_lint_auto/cmake)
-- Added test 'cppcheck' to perform static code analysis on C / C++ code
-- Configured cppcheck include dirs: 
-- Configured cppcheck exclude dirs and/or files: 
-- Added test 'flake8' to check Python code syntax and style conventions
-- Added test 'lint_cmake' to check CMake code style
-- Added test 'pep257' to check Python code against some of the docstring style conventions in PEP 257
-- Added test 'uncrustify' to check C / C++ code style
-- Configured uncrustify additional arguments: 
-- Added test 'xmllint' to check XML markup files
-- Configuring done (15.1s)
-- Generating done (0.0s)
-- Build files have been written to: /home/rmsentry/DUST-RM-Sentry/build/pointcloud_merger
[ 50%] [32mBuilding CXX object CMakeFiles/pointcloud_merger.dir/src/pointcloud_merger.cpp.o[0m
In file included from [01m[K/opt/ros/humble/include/rclcpp/rclcpp/logging.hpp:24[m[K,
                 from [01m[K/opt/ros/humble/include/rclcpp/rclcpp/client.hpp:40[m[K,
                 from [01m[K/opt/ros/humble/include/rclcpp/rclcpp/callback_group.hpp:24[m[K,
                 from [01m[K/opt/ros/humble/include/rclcpp/rclcpp/any_executable.hpp:20[m[K,
                 from [01m[K/opt/ros/humble/include/rclcpp/rclcpp/memory_strategy.hpp:25[m[K,
                 from [01m[K/opt/ros/humble/include/rclcpp/rclcpp/memory_strategies.hpp:18[m[K,
                 from [01m[K/opt/ros/humble/include/rclcpp/rclcpp/executor_options.hpp:20[m[K,
                 from [01m[K/opt/ros/humble/include/rclcpp/rclcpp/executor.hpp:37[m[K,
                 from [01m[K/opt/ros/humble/include/rclcpp/rclcpp/executors/multi_threaded_executor.hpp:25[m[K,
                 from [01m[K/opt/ros/humble/include/rclcpp/rclcpp/executors.hpp:21[m[K,
                 from [01m[K/opt/ros/humble/include/rclcpp/rclcpp/rclcpp.hpp:155[m[K,
                 from [01m[K/home/rmsentry/DUST-RM-Sentry/src/rm_perception/pointcloud_merger/src/pointcloud_merger.cpp:3[m[K:
[01m[K/home/rmsentry/DUST-RM-Sentry/src/rm_perception/pointcloud_merger/src/pointcloud_merger.cpp:[m[K In member function ‘[01m[Kvoid PointCloudMerger::mergeClouds()[m[K’:
[01m[K/home/rmsentry/DUST-RM-Sentry/src/rm_perception/pointcloud_merger/src/pointcloud_merger.cpp:55:41:[m[K [01;35m[Kwarning: [m[Kformat ‘[01m[K%u[m[K’ expects argument of type ‘[01m[Kunsigned int[m[K’, but argument 5 has type ‘[01m[Kstd::size_t[m[K’ {aka ‘[01m[Klong unsigned int[m[K’} [[01;35m[K]8;;https://gcc.gnu.org/onlinedocs/gcc/Warning-Options.html#index-Wformat=-Wformat=]8;;[m[K]
   55 |         RCLCPP_INFO(this->get_logger(), [01;35m[K"Merged pointcloud published. Total points: %u"[m[K, [32m[Kmerged_pcl.size()[m[K);
      |                                         [01;35m[K^~~~~~~~~~~~~~~~~~~~~~~~~~~~~~~~~~~~~~~~~~~~~~~[m[K  [32m[K~~~~~~~~~~~~~~~~~[m[K
      |                                                                                                         [32m[K|[m[K
      |                                                                                                         [32m[Kstd::size_t {aka long unsigned int}[m[K
[01m[K/home/rmsentry/DUST-RM-Sentry/src/rm_perception/pointcloud_merger/src/pointcloud_merger.cpp:55:86:[m[K [01;36m[Knote: [m[Kformat string is defined here
   55 | (this->get_logger(), "Merged pointcloud published. Total points: [01;36m[K%u[m[K", merged_pcl.size());
      |                                                                  [01;36m[K~^[m[K
      |                                                                   [01;36m[K|[m[K
      |                                                                   [01;36m[Kunsigned int[m[K
      |                                                                  [32m[K%lu[m[K
[100%] [32m[1mLinking CXX executable pointcloud_merger[0m
[100%] Built target pointcloud_merger
-- Install configuration: ""
-- Execute custom install script
-- Symlinking: /home/rmsentry/DUST-RM-Sentry/install/pointcloud_merger/lib/pointcloud_merger/pointcloud_merger
-- Symlinking: /home/rmsentry/DUST-RM-Sentry/install/pointcloud_merger/share/pointcloud_merger//launch/pointcloud_merger.launch.py
-- Symlinking: /home/rmsentry/DUST-RM-Sentry/install/pointcloud_merger/share/ament_index/resource_index/package_run_dependencies/pointcloud_merger
-- Symlinking: /home/rmsentry/DUST-RM-Sentry/install/pointcloud_merger/share/ament_index/resource_index/parent_prefix_path/pointcloud_merger
-- Symlinking: /home/rmsentry/DUST-RM-Sentry/install/pointcloud_merger/share/pointcloud_merger/environment/ament_prefix_path.sh
-- Symlinking: /home/rmsentry/DUST-RM-Sentry/install/pointcloud_merger/share/pointcloud_merger/environment/ament_prefix_path.dsv
-- Symlinking: /home/rmsentry/DUST-RM-Sentry/install/pointcloud_merger/share/pointcloud_merger/environment/path.sh
-- Symlinking: /home/rmsentry/DUST-RM-Sentry/install/pointcloud_merger/share/pointcloud_merger/environment/path.dsv
-- Symlinking: /home/rmsentry/DUST-RM-Sentry/install/pointcloud_merger/share/pointcloud_merger/local_setup.bash
-- Symlinking: /home/rmsentry/DUST-RM-Sentry/install/pointcloud_merger/share/pointcloud_merger/local_setup.sh
-- Symlinking: /home/rmsentry/DUST-RM-Sentry/install/pointcloud_merger/share/pointcloud_merger/local_setup.zsh
-- Symlinking: /home/rmsentry/DUST-RM-Sentry/install/pointcloud_merger/share/pointcloud_merger/local_setup.dsv
-- Symlinking: /home/rmsentry/DUST-RM-Sentry/install/pointcloud_merger/share/pointcloud_merger/package.dsv
-- Symlinking: /home/rmsentry/DUST-RM-Sentry/install/pointcloud_merger/share/ament_index/resource_index/packages/pointcloud_merger
-- Symlinking: /home/rmsentry/DUST-RM-Sentry/install/pointcloud_merger/share/pointcloud_merger/cmake/pointcloud_mergerConfig.cmake
-- Symlinking: /home/rmsentry/DUST-RM-Sentry/install/pointcloud_merger/share/pointcloud_merger/cmake/pointcloud_mergerConfig-version.cmake
-- Symlinking: /home/rmsentry/DUST-RM-Sentry/install/pointcloud_merger/share/pointcloud_merger/package.xml
