[0.065s] Invoking command in '/home/rmsentry/DUST-RM-Sentry/build/pointcloud_merger': CMAKE_PREFIX_PATH=${CMAKE_PREFIX_PATH}:/home/rmsentry/DUST-RM-Sentry/install/rm_decision:/home/rmsentry/DUST-RM-Sentry/install/fake_msg_publisher:/opt/ros/humble /usr/local/bin/cmake /home/rmsentry/DUST-RM-Sentry/src/rm_perception/pointcloud_merger -DAMENT_CMAKE_SYMLINK_INSTALL=1 -DCMAKE_INSTALL_PREFIX=/home/rmsentry/DUST-RM-Sentry/install/pointcloud_merger
[9.961s] -- The C compiler identification is GNU 11.4.0
[9.961s] -- The CXX compiler identification is GNU 11.4.0
[9.961s] -- Detecting C compiler ABI info
[9.961s] -- Detecting C compiler ABI info - done
[9.962s] -- Check for working C compiler: /usr/bin/cc - skipped
[9.962s] -- Detecting C compile features
[9.962s] -- Detecting C compile features - done
[9.962s] -- Detecting CXX compiler ABI info
[9.962s] -- Detecting CXX compiler ABI info - done
[9.962s] -- Check for working CXX compiler: /usr/bin/c++ - skipped
[9.962s] -- Detecting CXX compile features
[9.962s] -- Detecting CXX compile features - done
[9.962s] -- Found ament_cmake: 1.3.12 (/opt/ros/humble/share/ament_cmake/cmake)
[9.962s] -- Found Python3: /usr/bin/python3 (found version "3.10.12") found components: Interpreter
[9.962s] -- Override CMake install command with custom implementation using symlinks instead of copying resources
[9.962s] -- Found rclcpp: 16.0.14 (/opt/ros/humble/share/rclcpp/cmake)
[9.962s] -- Found rosidl_generator_c: 3.1.7 (/opt/ros/humble/share/rosidl_generator_c/cmake)
[9.962s] -- Found rosidl_adapter: 3.1.7 (/opt/ros/humble/share/rosidl_adapter/cmake)
[9.962s] -- Found rosidl_generator_cpp: 3.1.7 (/opt/ros/humble/share/rosidl_generator_cpp/cmake)
[9.962s] -- Using all available rosidl_typesupport_c: rosidl_typesupport_fastrtps_c;rosidl_typesupport_introspection_c
[9.962s] -- Using all available rosidl_typesupport_cpp: rosidl_typesupport_fastrtps_cpp;rosidl_typesupport_introspection_cpp
[9.962s] -- Found rmw_implementation_cmake: 6.1.2 (/opt/ros/humble/share/rmw_implementation_cmake/cmake)
[9.962s] -- Found rmw_fastrtps_cpp: 6.2.8 (/opt/ros/humble/share/rmw_fastrtps_cpp/cmake)
[9.962s] -- Found OpenSSL: /usr/lib/x86_64-linux-gnu/libcrypto.so (found version "3.0.2")
[9.962s] -- Found FastRTPS: /opt/ros/humble/include
[9.963s] -- Using RMW implementation 'rmw_fastrtps_cpp' as default
[9.963s] -- Performing Test CMAKE_HAVE_LIBC_PTHREAD
[9.963s] -- Performing Test CMAKE_HAVE_LIBC_PTHREAD - Success
[9.963s] -- Found Threads: TRUE
[9.963s] -- Found sensor_msgs: 4.9.0 (/opt/ros/humble/share/sensor_msgs/cmake)
[9.963s] -- Found pcl_conversions: 2.4.5 (/opt/ros/humble/share/pcl_conversions/cmake)
[9.963s] -- Checking for module 'eigen3'
[9.963s] --   Found eigen3, version 3.4.0
[9.963s] -- Found Eigen: /usr/include/eigen3 (Required is at least version "3.1")
[9.963s] -- Eigen found (include: /usr/include/eigen3, version: 3.4.0)
[9.963s] -- Checking for module 'flann'
[9.963s] --   Found flann, version 1.9.1
[9.963s] -- Found FLANN: /usr/lib/x86_64-linux-gnu/libflann_cpp.so
[9.963s] -- FLANN found (include: /usr/include, lib: /usr/lib/x86_64-linux-gnu/libflann_cpp.so)
[9.963s] -- Checking for module 'libusb-1.0'
[9.963s] --   Found libusb-1.0, version 1.0.26
[9.963s] -- Found libusb: /usr/local/lib/libusb-1.0.so
[9.963s] -- OpenNI found (version: 1.5.4.0, include: /usr/include/ni, lib: /usr/lib/libOpenNI.so;libusb::libusb)
[9.963s] -- OpenNI2 found (version: 2.2.0.33, include: /usr/include/openni2, lib: /usr/lib/x86_64-linux-gnu/libOpenNI2.so;libusb::libusb)
[9.963s] [33mCMake Warning (dev) at /usr/lib/x86_64-linux-gnu/cmake/pcl/PCLConfig.cmake:146 (find_package):
[9.963s]   Policy CMP0144 is not set: find_package uses upper-case <PACKAGENAME>_ROOT
[9.964s]   variables.  Run "cmake --help-policy CMP0144" for policy details.  Use the
[9.964s]   cmake_policy command to set the policy and suppress this warning.
[9.964s] 
[9.964s]   CMake variable EIGEN_ROOT is set to:
[9.964s] 
[9.964s]     /usr/include/eigen3
[9.964s] 
[9.964s]   For compatibility, find_package is ignoring the variable, but code in a
[9.964s]   .cmake module might still use it.
[9.964s] Call Stack (most recent call first):
[9.964s]   /usr/lib/x86_64-linux-gnu/cmake/pcl/PCLConfig.cmake:299 (find_eigen)
[9.964s]   /usr/lib/x86_64-linux-gnu/cmake/pcl/PCLConfig.cmake:543 (find_external_library)
[9.964s]   /opt/ros/humble/share/pcl_conversions/cmake/ament_cmake_export_dependencies-extras.cmake:21 (find_package)
[9.964s]   /opt/ros/humble/share/pcl_conversions/cmake/pcl_conversionsConfig.cmake:41 (include)
[9.964s]   CMakeLists.txt:12 (find_package)
[9.964s] This warning is for project developers.  Use -Wno-dev to suppress it.
[9.964s] [0m
[9.964s] [33mCMake Warning (dev) at /usr/lib/x86_64-linux-gnu/cmake/pcl/Modules/FindFLANN.cmake:44 (find_package):
[9.964s]   Policy CMP0144 is not set: find_package uses upper-case <PACKAGENAME>_ROOT
[9.964s]   variables.  Run "cmake --help-policy CMP0144" for policy details.  Use the
[9.964s]   cmake_policy command to set the policy and suppress this warning.
[9.965s] 
[9.965s]   CMake variable FLANN_ROOT is set to:
[9.965s] 
[9.965s]     /usr
[9.965s] 
[9.973s]   For compatibility, find_package is ignoring the variable, but code in a
[9.973s]   .cmake module might still use it.
[9.974s] Call Stack (most recent call first):
[9.974s]   /usr/lib/x86_64-linux-gnu/cmake/pcl/PCLConfig.cmake:256 (find_package)
[9.974s]   /usr/lib/x86_64-linux-gnu/cmake/pcl/PCLConfig.cmake:301 (find_flann)
[9.974s]   /usr/lib/x86_64-linux-gnu/cmake/pcl/PCLConfig.cmake:543 (find_external_library)
[9.974s]   /opt/ros/humble/share/pcl_conversions/cmake/ament_cmake_export_dependencies-extras.cmake:21 (find_package)
[9.974s]   /opt/ros/humble/share/pcl_conversions/cmake/pcl_conversionsConfig.cmake:41 (include)
[9.974s]   CMakeLists.txt:12 (find_package)
[9.974s] This warning is for project developers.  Use -Wno-dev to suppress it.
[9.974s] [0m
[10.825s] -- Eigen found (include: /usr/include/eigen3, version: 3.4.0)
[10.847s] -- OpenNI found (version: 1.5.4.0, include: /usr/include/ni, lib: /usr/lib/libOpenNI.so;libusb::libusb)
[10.869s] -- OpenNI2 found (version: 2.2.0.33, include: /usr/include/openni2, lib: /usr/lib/x86_64-linux-gnu/libOpenNI2.so;libusb::libusb)
[12.323s] -- Found Qhull version 8.0.2
[13.755s] -- OpenNI found (version: 1.5.4.0, include: /usr/include/ni, lib: /usr/lib/libOpenNI.so;libusb::libusb)
[14.681s] -- Found PCL_COMMON: /usr/lib/x86_64-linux-gnu/libpcl_common.so
[14.682s] -- Found PCL_KDTREE: /usr/lib/x86_64-linux-gnu/libpcl_kdtree.so
[14.683s] -- Found PCL_OCTREE: /usr/lib/x86_64-linux-gnu/libpcl_octree.so
[14.698s] -- Found PCL_SEARCH: /usr/lib/x86_64-linux-gnu/libpcl_search.so
[14.715s] -- Found PCL_SAMPLE_CONSENSUS: /usr/lib/x86_64-linux-gnu/libpcl_sample_consensus.so
[14.715s] -- Found PCL_FILTERS: /usr/lib/x86_64-linux-gnu/libpcl_filters.so
[14.715s] -- Found PCL_2D: /usr/include/pcl-1.12
[14.715s] -- Found PCL_GEOMETRY: /usr/include/pcl-1.12
[14.715s] -- Found PCL_IO: /usr/lib/x86_64-linux-gnu/libpcl_io.so
[14.717s] -- Found PCL_FEATURES: /usr/lib/x86_64-linux-gnu/libpcl_features.so
[14.725s] -- Found PCL_ML: /usr/lib/x86_64-linux-gnu/libpcl_ml.so
[14.735s] -- Found PCL_SEGMENTATION: /usr/lib/x86_64-linux-gnu/libpcl_segmentation.so
[14.744s] -- Found PCL_VISUALIZATION: /usr/lib/x86_64-linux-gnu/libpcl_visualization.so
[14.747s] -- Found PCL_SURFACE: /usr/lib/x86_64-linux-gnu/libpcl_surface.so
[14.757s] -- Found PCL_REGISTRATION: /usr/lib/x86_64-linux-gnu/libpcl_registration.so
[14.763s] -- Found PCL_KEYPOINTS: /usr/lib/x86_64-linux-gnu/libpcl_keypoints.so
[14.765s] -- Found PCL_TRACKING: /usr/lib/x86_64-linux-gnu/libpcl_tracking.so
[14.767s] -- Found PCL_RECOGNITION: /usr/lib/x86_64-linux-gnu/libpcl_recognition.so
[14.774s] -- Found PCL_STEREO: /usr/lib/x86_64-linux-gnu/libpcl_stereo.so
[14.776s] -- Found PCL_APPS: /usr/lib/x86_64-linux-gnu/libpcl_apps.so
[14.786s] -- Found PCL_IN_HAND_SCANNER: /usr/include/pcl-1.12
[14.786s] -- Found PCL_MODELER: /usr/include/pcl-1.12
[14.788s] -- Found PCL_POINT_CLOUD_EDITOR: /usr/include/pcl-1.12
[14.790s] -- Found PCL_OUTOFCORE: /usr/lib/x86_64-linux-gnu/libpcl_outofcore.so
[14.806s] -- Found PCL_PEOPLE: /usr/lib/x86_64-linux-gnu/libpcl_people.so
[14.881s] -- Found ament_lint_auto: 0.12.14 (/opt/ros/humble/share/ament_lint_auto/cmake)
[15.197s] -- Added test 'cppcheck' to perform static code analysis on C / C++ code
[15.197s] -- Configured cppcheck include dirs: 
[15.198s] -- Configured cppcheck exclude dirs and/or files: 
[15.200s] -- Added test 'flake8' to check Python code syntax and style conventions
[15.202s] -- Added test 'lint_cmake' to check CMake code style
[15.210s] -- Added test 'pep257' to check Python code against some of the docstring style conventions in PEP 257
[15.214s] -- Added test 'uncrustify' to check C / C++ code style
[15.216s] -- Configured uncrustify additional arguments: 
[15.216s] -- Added test 'xmllint' to check XML markup files
[15.222s] -- Configuring done (15.1s)
[15.281s] -- Generating done (0.0s)
[15.294s] -- Build files have been written to: /home/rmsentry/DUST-RM-Sentry/build/pointcloud_merger
[15.358s] Invoked command in '/home/rmsentry/DUST-RM-Sentry/build/pointcloud_merger' returned '0': CMAKE_PREFIX_PATH=${CMAKE_PREFIX_PATH}:/home/rmsentry/DUST-RM-Sentry/install/rm_decision:/home/rmsentry/DUST-RM-Sentry/install/fake_msg_publisher:/opt/ros/humble /usr/local/bin/cmake /home/rmsentry/DUST-RM-Sentry/src/rm_perception/pointcloud_merger -DAMENT_CMAKE_SYMLINK_INSTALL=1 -DCMAKE_INSTALL_PREFIX=/home/rmsentry/DUST-RM-Sentry/install/pointcloud_merger
[15.358s] Invoking command in '/home/rmsentry/DUST-RM-Sentry/build/pointcloud_merger': CMAKE_PREFIX_PATH=${CMAKE_PREFIX_PATH}:/home/rmsentry/DUST-RM-Sentry/install/rm_decision:/home/rmsentry/DUST-RM-Sentry/install/fake_msg_publisher:/opt/ros/humble /usr/local/bin/cmake --build /home/rmsentry/DUST-RM-Sentry/build/pointcloud_merger -- -j12 -l12
[15.991s] [ 50%] [32mBuilding CXX object CMakeFiles/pointcloud_merger.dir/src/pointcloud_merger.cpp.o[0m
[31.833s] In file included from [01m[K/opt/ros/humble/include/rclcpp/rclcpp/logging.hpp:24[m[K,
[31.833s]                  from [01m[K/opt/ros/humble/include/rclcpp/rclcpp/client.hpp:40[m[K,
[31.833s]                  from [01m[K/opt/ros/humble/include/rclcpp/rclcpp/callback_group.hpp:24[m[K,
[31.833s]                  from [01m[K/opt/ros/humble/include/rclcpp/rclcpp/any_executable.hpp:20[m[K,
[31.833s]                  from [01m[K/opt/ros/humble/include/rclcpp/rclcpp/memory_strategy.hpp:25[m[K,
[31.833s]                  from [01m[K/opt/ros/humble/include/rclcpp/rclcpp/memory_strategies.hpp:18[m[K,
[31.833s]                  from [01m[K/opt/ros/humble/include/rclcpp/rclcpp/executor_options.hpp:20[m[K,
[31.833s]                  from [01m[K/opt/ros/humble/include/rclcpp/rclcpp/executor.hpp:37[m[K,
[31.833s]                  from [01m[K/opt/ros/humble/include/rclcpp/rclcpp/executors/multi_threaded_executor.hpp:25[m[K,
[31.833s]                  from [01m[K/opt/ros/humble/include/rclcpp/rclcpp/executors.hpp:21[m[K,
[31.833s]                  from [01m[K/opt/ros/humble/include/rclcpp/rclcpp/rclcpp.hpp:155[m[K,
[31.833s]                  from [01m[K/home/rmsentry/DUST-RM-Sentry/src/rm_perception/pointcloud_merger/src/pointcloud_merger.cpp:3[m[K:
[31.833s] [01m[K/home/rmsentry/DUST-RM-Sentry/src/rm_perception/pointcloud_merger/src/pointcloud_merger.cpp:[m[K In member function ‘[01m[Kvoid PointCloudMerger::mergeClouds()[m[K’:
[31.833s] [01m[K/home/rmsentry/DUST-RM-Sentry/src/rm_perception/pointcloud_merger/src/pointcloud_merger.cpp:55:41:[m[K [01;35m[Kwarning: [m[Kformat ‘[01m[K%u[m[K’ expects argument of type ‘[01m[Kunsigned int[m[K’, but argument 5 has type ‘[01m[Kstd::size_t[m[K’ {aka ‘[01m[Klong unsigned int[m[K’} [[01;35m[K]8;;https://gcc.gnu.org/onlinedocs/gcc/Warning-Options.html#index-Wformat=-Wformat=]8;;[m[K]
[31.833s]    55 |         RCLCPP_INFO(this->get_logger(), [01;35m[K"Merged pointcloud published. Total points: %u"[m[K, [32m[Kmerged_pcl.size()[m[K);
[31.834s]       |                                         [01;35m[K^~~~~~~~~~~~~~~~~~~~~~~~~~~~~~~~~~~~~~~~~~~~~~~[m[K  [32m[K~~~~~~~~~~~~~~~~~[m[K
[31.834s]       |                                                                                                         [32m[K|[m[K
[31.834s]       |                                                                                                         [32m[Kstd::size_t {aka long unsigned int}[m[K
[31.834s] [01m[K/home/rmsentry/DUST-RM-Sentry/src/rm_perception/pointcloud_merger/src/pointcloud_merger.cpp:55:86:[m[K [01;36m[Knote: [m[Kformat string is defined here
[31.834s]    55 | (this->get_logger(), "Merged pointcloud published. Total points: [01;36m[K%u[m[K", merged_pcl.size());
[31.834s]       |                                                                  [01;36m[K~^[m[K
[31.834s]       |                                                                   [01;36m[K|[m[K
[31.834s]       |                                                                   [01;36m[Kunsigned int[m[K
[31.834s]       |                                                                  [32m[K%lu[m[K
[43.911s] [100%] [32m[1mLinking CXX executable pointcloud_merger[0m
[44.969s] [100%] Built target pointcloud_merger
[45.013s] Invoked command in '/home/rmsentry/DUST-RM-Sentry/build/pointcloud_merger' returned '0': CMAKE_PREFIX_PATH=${CMAKE_PREFIX_PATH}:/home/rmsentry/DUST-RM-Sentry/install/rm_decision:/home/rmsentry/DUST-RM-Sentry/install/fake_msg_publisher:/opt/ros/humble /usr/local/bin/cmake --build /home/rmsentry/DUST-RM-Sentry/build/pointcloud_merger -- -j12 -l12
[45.015s] Invoking command in '/home/rmsentry/DUST-RM-Sentry/build/pointcloud_merger': CMAKE_PREFIX_PATH=${CMAKE_PREFIX_PATH}:/home/rmsentry/DUST-RM-Sentry/install/rm_decision:/home/rmsentry/DUST-RM-Sentry/install/fake_msg_publisher:/opt/ros/humble /usr/local/bin/cmake --install /home/rmsentry/DUST-RM-Sentry/build/pointcloud_merger
[56.115s] -- Install configuration: ""
[56.116s] -- Execute custom install script
[56.116s] -- Symlinking: /home/rmsentry/DUST-RM-Sentry/install/pointcloud_merger/lib/pointcloud_merger/pointcloud_merger
[56.116s] -- Symlinking: /home/rmsentry/DUST-RM-Sentry/install/pointcloud_merger/share/pointcloud_merger//launch/pointcloud_merger.launch.py
[56.116s] -- Symlinking: /home/rmsentry/DUST-RM-Sentry/install/pointcloud_merger/share/ament_index/resource_index/package_run_dependencies/pointcloud_merger
[56.116s] -- Symlinking: /home/rmsentry/DUST-RM-Sentry/install/pointcloud_merger/share/ament_index/resource_index/parent_prefix_path/pointcloud_merger
[56.116s] -- Symlinking: /home/rmsentry/DUST-RM-Sentry/install/pointcloud_merger/share/pointcloud_merger/environment/ament_prefix_path.sh
[56.116s] -- Symlinking: /home/rmsentry/DUST-RM-Sentry/install/pointcloud_merger/share/pointcloud_merger/environment/ament_prefix_path.dsv
[56.116s] -- Symlinking: /home/rmsentry/DUST-RM-Sentry/install/pointcloud_merger/share/pointcloud_merger/environment/path.sh
[56.116s] -- Symlinking: /home/rmsentry/DUST-RM-Sentry/install/pointcloud_merger/share/pointcloud_merger/environment/path.dsv
[56.116s] -- Symlinking: /home/rmsentry/DUST-RM-Sentry/install/pointcloud_merger/share/pointcloud_merger/local_setup.bash
[56.116s] -- Symlinking: /home/rmsentry/DUST-RM-Sentry/install/pointcloud_merger/share/pointcloud_merger/local_setup.sh
[56.116s] -- Symlinking: /home/rmsentry/DUST-RM-Sentry/install/pointcloud_merger/share/pointcloud_merger/local_setup.zsh
[56.116s] -- Symlinking: /home/rmsentry/DUST-RM-Sentry/install/pointcloud_merger/share/pointcloud_merger/local_setup.dsv
[56.116s] -- Symlinking: /home/rmsentry/DUST-RM-Sentry/install/pointcloud_merger/share/pointcloud_merger/package.dsv
[56.116s] -- Symlinking: /home/rmsentry/DUST-RM-Sentry/install/pointcloud_merger/share/ament_index/resource_index/packages/pointcloud_merger
[56.116s] -- Symlinking: /home/rmsentry/DUST-RM-Sentry/install/pointcloud_merger/share/pointcloud_merger/cmake/pointcloud_mergerConfig.cmake
[56.117s] -- Symlinking: /home/rmsentry/DUST-RM-Sentry/install/pointcloud_merger/share/pointcloud_merger/cmake/pointcloud_mergerConfig-version.cmake
[56.117s] -- Symlinking: /home/rmsentry/DUST-RM-Sentry/install/pointcloud_merger/share/pointcloud_merger/package.xml
[56.117s] Invoked command in '/home/rmsentry/DUST-RM-Sentry/build/pointcloud_merger' returned '0': CMAKE_PREFIX_PATH=${CMAKE_PREFIX_PATH}:/home/rmsentry/DUST-RM-Sentry/install/rm_decision:/home/rmsentry/DUST-RM-Sentry/install/fake_msg_publisher:/opt/ros/humble /usr/local/bin/cmake --install /home/rmsentry/DUST-RM-Sentry/build/pointcloud_merger
