[0.026s] Invoking command in '/home/rmsentry/DUST-RM-Sentry/build/teb_msgs': CMAKE_PREFIX_PATH=/home/rmsentry/DUST-RM-Sentry/install/costmap_converter_msgs:/home/rmsentry/DUST-RM-Sentry/install/vision_msg:/home/rmsentry/DUST-RM-Sentry/install/teb_local_planner:/home/rmsentry/DUST-RM-Sentry/install/teb_msgs:/home/rmsentry/DUST-RM-Sentry/install/robot_decision:/home/rmsentry/DUST-RM-Sentry/install/rm_bringup:/home/rmsentry/DUST-RM-Sentry/install/rm_serial_driver:/home/rmsentry/DUST-RM-Sentry/install/rm_robot_description:/home/rmsentry/DUST-RM-Sentry/install/rm_navigation:/home/rmsentry/DUST-RM-Sentry/install/rm_gimbal_description:/home/rmsentry/DUST-RM-Sentry/install/rm_decision_interfaces:/home/rmsentry/DUST-RM-Sentry/install/rm_auto_aim:/home/rmsentry/DUST-RM-Sentry/install/pointcloud_to_laserscan:/home/rmsentry/DUST-RM-Sentry/install/pointcloud_merger:/home/rmsentry/DUST-RM-Sentry/install/point_lio:/home/rmsentry/DUST-RM-Sentry/install/livox_ros2_driver:/home/rmsentry/DUST-RM-Sentry/install/livox_sdk_vendor:/home/rmsentry/DUST-RM-Sentry/install/icp_registration:/home/rmsentry/DUST-RM-Sentry/install/fast_lio:/home/rmsentry/DUST-RM-Sentry/install/livox_ros_driver2:/home/rmsentry/DUST-RM-Sentry/install/livox_interfaces:/home/rmsentry/DUST-RM-Sentry/install/linefit_ground_segmentation_ros:/home/rmsentry/DUST-RM-Sentry/install/linefit_ground_segmentation:/home/rmsentry/DUST-RM-Sentry/install/imu_complementary_filter:/home/rmsentry/DUST-RM-Sentry/install/hik_camera_second:/home/rmsentry/DUST-RM-Sentry/install/hik_camera_first:/home/rmsentry/DUST-RM-Sentry/install/hik_camera:/home/rmsentry/DUST-RM-Sentry/install/global_interface:/home/rmsentry/DUST-RM-Sentry/install/costmap_converter:/home/rmsentry/DUST-RM-Sentry/install/armor_tracker:/home/rmsentry/DUST-RM-Sentry/install/armor_solver:/home/rmsentry/DUST-RM-Sentry/install/armor_detector:/home/rmsentry/DUST-RM-Sentry/install/auto_aim_interfaces:/home/rmsentry/DUST-RM-Sentry/install/rm_decision:/home/rmsentry/DUST-RM-Sentry/install/fake_msg_publisher:/opt/ros/humble LD_LIBRARY_PATH=/home/rmsentry/DUST-RM-Sentry/install/costmap_converter_msgs/lib:/home/rmsentry/DUST-RM-Sentry/install/vision_msg/lib:/home/rmsentry/DUST-RM-Sentry/install/teb_local_planner/lib:/home/rmsentry/DUST-RM-Sentry/install/teb_msgs/lib:/home/rmsentry/DUST-RM-Sentry/install/robot_decision/lib:/home/rmsentry/DUST-RM-Sentry/install/rm_serial_driver/lib:/home/rmsentry/DUST-RM-Sentry/install/rm_decision_interfaces/lib:/home/rmsentry/DUST-RM-Sentry/install/pointcloud_to_laserscan/lib:/home/rmsentry/DUST-RM-Sentry/install/livox_ros2_driver/lib:/home/rmsentry/DUST-RM-Sentry/install/icp_registration/lib:/home/rmsentry/DUST-RM-Sentry/install/fast_lio/lib:/home/rmsentry/DUST-RM-Sentry/install/livox_ros_driver2/lib:/home/rmsentry/DUST-RM-Sentry/install/livox_interfaces/lib:/home/rmsentry/DUST-RM-Sentry/install/linefit_ground_segmentation/lib:/home/rmsentry/DUST-RM-Sentry/install/imu_complementary_filter/lib:/home/rmsentry/DUST-RM-Sentry/install/hik_camera_second/lib:/home/rmsentry/DUST-RM-Sentry/install/hik_camera_first/lib:/home/rmsentry/DUST-RM-Sentry/install/hik_camera/lib:/home/rmsentry/DUST-RM-Sentry/install/global_interface/lib:/home/rmsentry/DUST-RM-Sentry/install/costmap_converter/lib:/home/rmsentry/DUST-RM-Sentry/install/armor_tracker/lib:/home/rmsentry/DUST-RM-Sentry/install/armor_solver/lib:/home/rmsentry/DUST-RM-Sentry/install/armor_detector/lib:/home/rmsentry/DUST-RM-Sentry/install/auto_aim_interfaces/lib:/opt/MVS/lib/64:/opt/MVS/lib/32:/usr/local/lib:/opt/MVS/lib/64:/opt/MVS/lib/32:/opt/MVS/lib/64:/opt/MVS/lib/32:/usr/local/lib:/opt/ros/humble/opt/rviz_ogre_vendor/lib:/opt/ros/humble/lib/x86_64-linux-gnu:/opt/ros/humble/lib:/opt/MVS/lib/64:/opt/MVS/lib/32:/opt/MVS/lib/64:/opt/MVS/lib/32:/opt/MVS/lib/64:/opt/MVS/lib/32 /usr/local/bin/cmake /home/rmsentry/DUST-RM-Sentry/src/rm_navigation/third_party/teb_local_planner/teb_msgs -DAMENT_CMAKE_SYMLINK_INSTALL=1 -DCMAKE_INSTALL_PREFIX=/home/rmsentry/DUST-RM-Sentry/install/teb_msgs
[1.745s] -- The C compiler identification is GNU 11.4.0
[1.745s] -- The CXX compiler identification is GNU 11.4.0
[1.745s] -- Detecting C compiler ABI info
[1.745s] -- Detecting C compiler ABI info - done
[1.745s] -- Check for working C compiler: /usr/bin/cc - skipped
[1.745s] -- Detecting C compile features
[1.745s] -- Detecting C compile features - done
[1.745s] -- Detecting CXX compiler ABI info
[1.745s] -- Detecting CXX compiler ABI info - done
[1.745s] -- Check for working CXX compiler: /usr/bin/c++ - skipped
[1.745s] -- Detecting CXX compile features
[1.745s] -- Detecting CXX compile features - done
[1.745s] -- Found ament_cmake: 1.3.12 (/opt/ros/humble/share/ament_cmake/cmake)
[1.745s] -- Found Python3: /usr/bin/python3 (found version "3.10.12") found components: Interpreter
[1.745s] -- Override CMake install command with custom implementation using symlinks instead of copying resources
[1.745s] -- Found builtin_interfaces: 1.2.2 (/opt/ros/humble/share/builtin_interfaces/cmake)
[1.745s] -- Found rosidl_generator_c: 3.1.7 (/opt/ros/humble/share/rosidl_generator_c/cmake)
[1.745s] -- Found rosidl_adapter: 3.1.7 (/opt/ros/humble/share/rosidl_adapter/cmake)
[1.746s] -- Found rosidl_generator_cpp: 3.1.7 (/opt/ros/humble/share/rosidl_generator_cpp/cmake)
[1.746s] -- Using all available rosidl_typesupport_c: rosidl_typesupport_fastrtps_c;rosidl_typesupport_introspection_c
[1.769s] -- Using all available rosidl_typesupport_cpp: rosidl_typesupport_fastrtps_cpp;rosidl_typesupport_introspection_cpp
[1.818s] -- Found costmap_converter_msgs: 0.1.2 (/home/rmsentry/DUST-RM-Sentry/install/costmap_converter_msgs/share/costmap_converter_msgs/cmake)
[1.969s] -- Found rosidl_default_generators: 1.2.0 (/opt/ros/humble/share/rosidl_default_generators/cmake)
[3.247s] -- Found ament_cmake_ros: 0.10.0 (/opt/ros/humble/share/ament_cmake_ros/cmake)
[5.437s] -- Using all available rosidl_typesupport_c: rosidl_typesupport_fastrtps_c;rosidl_typesupport_introspection_c
[6.806s] -- Using all available rosidl_typesupport_cpp: rosidl_typesupport_fastrtps_cpp;rosidl_typesupport_introspection_cpp
[6.809s] [33mCMake Warning (dev) at /opt/ros/humble/share/rosidl_generator_py/cmake/rosidl_generator_py_generate_interfaces.cmake:20 (find_package):
[6.809s]   Policy CMP0148 is not set: The FindPythonInterp and FindPythonLibs modules
[6.809s]   are removed.  Run "cmake --help-policy CMP0148" for policy details.  Use
[6.810s]   the cmake_policy command to set the policy and suppress this warning.
[6.810s] 
[6.810s] Call Stack (most recent call first):
[6.810s]   /opt/ros/humble/share/ament_cmake_core/cmake/core/ament_execute_extensions.cmake:48 (include)
[6.810s]   /opt/ros/humble/share/rosidl_cmake/cmake/rosidl_generate_interfaces.cmake:286 (ament_execute_extensions)
[6.810s]   CMakeLists.txt:21 (rosidl_generate_interfaces)
[6.810s] This warning is for project developers.  Use -Wno-dev to suppress it.
[6.810s] [0m
[6.840s] -- Found PythonInterp: /usr/bin/python3 (found suitable version "3.10.12", minimum required is "3.6")
[6.843s] -- Found python_cmake_module: 0.10.0 (/opt/ros/humble/share/python_cmake_module/cmake)
[6.845s] [33mCMake Warning (dev) at /opt/ros/humble/share/python_cmake_module/cmake/Modules/FindPythonExtra.cmake:52 (find_package):
[6.845s]   Policy CMP0148 is not set: The FindPythonInterp and FindPythonLibs modules
[6.845s]   are removed.  Run "cmake --help-policy CMP0148" for policy details.  Use
[6.845s]   the cmake_policy command to set the policy and suppress this warning.
[6.846s] 
[6.846s] Call Stack (most recent call first):
[6.846s]   /opt/ros/humble/share/rosidl_generator_py/cmake/rosidl_generator_py_generate_interfaces.cmake:23 (find_package)
[6.846s]   /opt/ros/humble/share/ament_cmake_core/cmake/core/ament_execute_extensions.cmake:48 (include)
[6.846s]   /opt/ros/humble/share/rosidl_cmake/cmake/rosidl_generate_interfaces.cmake:286 (ament_execute_extensions)
[6.846s]   CMakeLists.txt:21 (rosidl_generate_interfaces)
[6.846s] This warning is for project developers.  Use -Wno-dev to suppress it.
[6.846s] [0m
[6.872s] [33mCMake Warning (dev) at /opt/ros/humble/share/python_cmake_module/cmake/Modules/FindPythonExtra.cmake:140 (find_package):
[6.874s]   Policy CMP0148 is not set: The FindPythonInterp and FindPythonLibs modules
[6.874s]   are removed.  Run "cmake --help-policy CMP0148" for policy details.  Use
[6.874s]   the cmake_policy command to set the policy and suppress this warning.
[6.874s] 
[6.874s] Call Stack (most recent call first):
[6.874s]   /opt/ros/humble/share/rosidl_generator_py/cmake/rosidl_generator_py_generate_interfaces.cmake:23 (find_package)
[6.874s]   /opt/ros/humble/share/ament_cmake_core/cmake/core/ament_execute_extensions.cmake:48 (include)
[6.874s]   /opt/ros/humble/share/rosidl_cmake/cmake/rosidl_generate_interfaces.cmake:286 (ament_execute_extensions)
[6.874s]   CMakeLists.txt:21 (rosidl_generate_interfaces)
[6.875s] This warning is for project developers.  Use -Wno-dev to suppress it.
[6.875s] [0m
[6.883s] -- Found PythonLibs: /usr/lib/x86_64-linux-gnu/libpython3.10.so (found suitable version "3.10.12", minimum required is "3.5")
[6.884s] -- Using PYTHON_EXECUTABLE: /usr/bin/python3
[6.884s] -- Using PYTHON_INCLUDE_DIRS: /usr/include/python3.10
[6.884s] -- Using PYTHON_LIBRARIES: /usr/lib/x86_64-linux-gnu/libpython3.10.so
[6.913s] -- Found PythonExtra: .so
[7.076s] -- Configuring done (7.0s)
[7.150s] -- Generating done (0.0s)
[7.170s] -- Build files have been written to: /home/rmsentry/DUST-RM-Sentry/build/teb_msgs
[7.199s] Invoked command in '/home/rmsentry/DUST-RM-Sentry/build/teb_msgs' returned '0': CMAKE_PREFIX_PATH=/home/rmsentry/DUST-RM-Sentry/install/costmap_converter_msgs:/home/rmsentry/DUST-RM-Sentry/install/vision_msg:/home/rmsentry/DUST-RM-Sentry/install/teb_local_planner:/home/rmsentry/DUST-RM-Sentry/install/teb_msgs:/home/rmsentry/DUST-RM-Sentry/install/robot_decision:/home/rmsentry/DUST-RM-Sentry/install/rm_bringup:/home/rmsentry/DUST-RM-Sentry/install/rm_serial_driver:/home/rmsentry/DUST-RM-Sentry/install/rm_robot_description:/home/rmsentry/DUST-RM-Sentry/install/rm_navigation:/home/rmsentry/DUST-RM-Sentry/install/rm_gimbal_description:/home/rmsentry/DUST-RM-Sentry/install/rm_decision_interfaces:/home/rmsentry/DUST-RM-Sentry/install/rm_auto_aim:/home/rmsentry/DUST-RM-Sentry/install/pointcloud_to_laserscan:/home/rmsentry/DUST-RM-Sentry/install/pointcloud_merger:/home/rmsentry/DUST-RM-Sentry/install/point_lio:/home/rmsentry/DUST-RM-Sentry/install/livox_ros2_driver:/home/rmsentry/DUST-RM-Sentry/install/livox_sdk_vendor:/home/rmsentry/DUST-RM-Sentry/install/icp_registration:/home/rmsentry/DUST-RM-Sentry/install/fast_lio:/home/rmsentry/DUST-RM-Sentry/install/livox_ros_driver2:/home/rmsentry/DUST-RM-Sentry/install/livox_interfaces:/home/rmsentry/DUST-RM-Sentry/install/linefit_ground_segmentation_ros:/home/rmsentry/DUST-RM-Sentry/install/linefit_ground_segmentation:/home/rmsentry/DUST-RM-Sentry/install/imu_complementary_filter:/home/rmsentry/DUST-RM-Sentry/install/hik_camera_second:/home/rmsentry/DUST-RM-Sentry/install/hik_camera_first:/home/rmsentry/DUST-RM-Sentry/install/hik_camera:/home/rmsentry/DUST-RM-Sentry/install/global_interface:/home/rmsentry/DUST-RM-Sentry/install/costmap_converter:/home/rmsentry/DUST-RM-Sentry/install/armor_tracker:/home/rmsentry/DUST-RM-Sentry/install/armor_solver:/home/rmsentry/DUST-RM-Sentry/install/armor_detector:/home/rmsentry/DUST-RM-Sentry/install/auto_aim_interfaces:/home/rmsentry/DUST-RM-Sentry/install/rm_decision:/home/rmsentry/DUST-RM-Sentry/install/fake_msg_publisher:/opt/ros/humble LD_LIBRARY_PATH=/home/rmsentry/DUST-RM-Sentry/install/costmap_converter_msgs/lib:/home/rmsentry/DUST-RM-Sentry/install/vision_msg/lib:/home/rmsentry/DUST-RM-Sentry/install/teb_local_planner/lib:/home/rmsentry/DUST-RM-Sentry/install/teb_msgs/lib:/home/rmsentry/DUST-RM-Sentry/install/robot_decision/lib:/home/rmsentry/DUST-RM-Sentry/install/rm_serial_driver/lib:/home/rmsentry/DUST-RM-Sentry/install/rm_decision_interfaces/lib:/home/rmsentry/DUST-RM-Sentry/install/pointcloud_to_laserscan/lib:/home/rmsentry/DUST-RM-Sentry/install/livox_ros2_driver/lib:/home/rmsentry/DUST-RM-Sentry/install/icp_registration/lib:/home/rmsentry/DUST-RM-Sentry/install/fast_lio/lib:/home/rmsentry/DUST-RM-Sentry/install/livox_ros_driver2/lib:/home/rmsentry/DUST-RM-Sentry/install/livox_interfaces/lib:/home/rmsentry/DUST-RM-Sentry/install/linefit_ground_segmentation/lib:/home/rmsentry/DUST-RM-Sentry/install/imu_complementary_filter/lib:/home/rmsentry/DUST-RM-Sentry/install/hik_camera_second/lib:/home/rmsentry/DUST-RM-Sentry/install/hik_camera_first/lib:/home/rmsentry/DUST-RM-Sentry/install/hik_camera/lib:/home/rmsentry/DUST-RM-Sentry/install/global_interface/lib:/home/rmsentry/DUST-RM-Sentry/install/costmap_converter/lib:/home/rmsentry/DUST-RM-Sentry/install/armor_tracker/lib:/home/rmsentry/DUST-RM-Sentry/install/armor_solver/lib:/home/rmsentry/DUST-RM-Sentry/install/armor_detector/lib:/home/rmsentry/DUST-RM-Sentry/install/auto_aim_interfaces/lib:/opt/MVS/lib/64:/opt/MVS/lib/32:/usr/local/lib:/opt/MVS/lib/64:/opt/MVS/lib/32:/opt/MVS/lib/64:/opt/MVS/lib/32:/usr/local/lib:/opt/ros/humble/opt/rviz_ogre_vendor/lib:/opt/ros/humble/lib/x86_64-linux-gnu:/opt/ros/humble/lib:/opt/MVS/lib/64:/opt/MVS/lib/32:/opt/MVS/lib/64:/opt/MVS/lib/32:/opt/MVS/lib/64:/opt/MVS/lib/32 /usr/local/bin/cmake /home/rmsentry/DUST-RM-Sentry/src/rm_navigation/third_party/teb_local_planner/teb_msgs -DAMENT_CMAKE_SYMLINK_INSTALL=1 -DCMAKE_INSTALL_PREFIX=/home/rmsentry/DUST-RM-Sentry/install/teb_msgs
[7.200s] Invoking command in '/home/rmsentry/DUST-RM-Sentry/build/teb_msgs': CMAKE_PREFIX_PATH=/home/rmsentry/DUST-RM-Sentry/install/costmap_converter_msgs:/home/rmsentry/DUST-RM-Sentry/install/vision_msg:/home/rmsentry/DUST-RM-Sentry/install/teb_local_planner:/home/rmsentry/DUST-RM-Sentry/install/teb_msgs:/home/rmsentry/DUST-RM-Sentry/install/robot_decision:/home/rmsentry/DUST-RM-Sentry/install/rm_bringup:/home/rmsentry/DUST-RM-Sentry/install/rm_serial_driver:/home/rmsentry/DUST-RM-Sentry/install/rm_robot_description:/home/rmsentry/DUST-RM-Sentry/install/rm_navigation:/home/rmsentry/DUST-RM-Sentry/install/rm_gimbal_description:/home/rmsentry/DUST-RM-Sentry/install/rm_decision_interfaces:/home/rmsentry/DUST-RM-Sentry/install/rm_auto_aim:/home/rmsentry/DUST-RM-Sentry/install/pointcloud_to_laserscan:/home/rmsentry/DUST-RM-Sentry/install/pointcloud_merger:/home/rmsentry/DUST-RM-Sentry/install/point_lio:/home/rmsentry/DUST-RM-Sentry/install/livox_ros2_driver:/home/rmsentry/DUST-RM-Sentry/install/livox_sdk_vendor:/home/rmsentry/DUST-RM-Sentry/install/icp_registration:/home/rmsentry/DUST-RM-Sentry/install/fast_lio:/home/rmsentry/DUST-RM-Sentry/install/livox_ros_driver2:/home/rmsentry/DUST-RM-Sentry/install/livox_interfaces:/home/rmsentry/DUST-RM-Sentry/install/linefit_ground_segmentation_ros:/home/rmsentry/DUST-RM-Sentry/install/linefit_ground_segmentation:/home/rmsentry/DUST-RM-Sentry/install/imu_complementary_filter:/home/rmsentry/DUST-RM-Sentry/install/hik_camera_second:/home/rmsentry/DUST-RM-Sentry/install/hik_camera_first:/home/rmsentry/DUST-RM-Sentry/install/hik_camera:/home/rmsentry/DUST-RM-Sentry/install/global_interface:/home/rmsentry/DUST-RM-Sentry/install/costmap_converter:/home/rmsentry/DUST-RM-Sentry/install/armor_tracker:/home/rmsentry/DUST-RM-Sentry/install/armor_solver:/home/rmsentry/DUST-RM-Sentry/install/armor_detector:/home/rmsentry/DUST-RM-Sentry/install/auto_aim_interfaces:/home/rmsentry/DUST-RM-Sentry/install/rm_decision:/home/rmsentry/DUST-RM-Sentry/install/fake_msg_publisher:/opt/ros/humble LD_LIBRARY_PATH=/home/rmsentry/DUST-RM-Sentry/install/costmap_converter_msgs/lib:/home/rmsentry/DUST-RM-Sentry/install/vision_msg/lib:/home/rmsentry/DUST-RM-Sentry/install/teb_local_planner/lib:/home/rmsentry/DUST-RM-Sentry/install/teb_msgs/lib:/home/rmsentry/DUST-RM-Sentry/install/robot_decision/lib:/home/rmsentry/DUST-RM-Sentry/install/rm_serial_driver/lib:/home/rmsentry/DUST-RM-Sentry/install/rm_decision_interfaces/lib:/home/rmsentry/DUST-RM-Sentry/install/pointcloud_to_laserscan/lib:/home/rmsentry/DUST-RM-Sentry/install/livox_ros2_driver/lib:/home/rmsentry/DUST-RM-Sentry/install/icp_registration/lib:/home/rmsentry/DUST-RM-Sentry/install/fast_lio/lib:/home/rmsentry/DUST-RM-Sentry/install/livox_ros_driver2/lib:/home/rmsentry/DUST-RM-Sentry/install/livox_interfaces/lib:/home/rmsentry/DUST-RM-Sentry/install/linefit_ground_segmentation/lib:/home/rmsentry/DUST-RM-Sentry/install/imu_complementary_filter/lib:/home/rmsentry/DUST-RM-Sentry/install/hik_camera_second/lib:/home/rmsentry/DUST-RM-Sentry/install/hik_camera_first/lib:/home/rmsentry/DUST-RM-Sentry/install/hik_camera/lib:/home/rmsentry/DUST-RM-Sentry/install/global_interface/lib:/home/rmsentry/DUST-RM-Sentry/install/costmap_converter/lib:/home/rmsentry/DUST-RM-Sentry/install/armor_tracker/lib:/home/rmsentry/DUST-RM-Sentry/install/armor_solver/lib:/home/rmsentry/DUST-RM-Sentry/install/armor_detector/lib:/home/rmsentry/DUST-RM-Sentry/install/auto_aim_interfaces/lib:/opt/MVS/lib/64:/opt/MVS/lib/32:/usr/local/lib:/opt/MVS/lib/64:/opt/MVS/lib/32:/opt/MVS/lib/64:/opt/MVS/lib/32:/usr/local/lib:/opt/ros/humble/opt/rviz_ogre_vendor/lib:/opt/ros/humble/lib/x86_64-linux-gnu:/opt/ros/humble/lib:/opt/MVS/lib/64:/opt/MVS/lib/32:/opt/MVS/lib/64:/opt/MVS/lib/32:/opt/MVS/lib/64:/opt/MVS/lib/32 /usr/local/bin/cmake --build /home/rmsentry/DUST-RM-Sentry/build/teb_msgs -- -j12 -l12
[12.237s] [  2%] [34m[1mGenerating C code for ROS interfaces[0m
[12.237s] [  4%] [34m[1mGenerating C++ code for ROS interfaces[0m
[12.237s] [  4%] Built target ament_cmake_python_symlink_teb_msgs
[12.237s] running egg_info
[12.237s] creating teb_msgs.egg-info
[12.237s] writing teb_msgs.egg-info/PKG-INFO
[12.237s] writing dependency_links to teb_msgs.egg-info/dependency_links.txt
[12.237s] writing top-level names to teb_msgs.egg-info/top_level.txt
[12.237s] writing manifest file 'teb_msgs.egg-info/SOURCES.txt'
[12.238s] reading manifest file 'teb_msgs.egg-info/SOURCES.txt'
[12.238s] writing manifest file 'teb_msgs.egg-info/SOURCES.txt'
[12.238s] [  4%] Built target ament_cmake_python_build_teb_msgs_egg
[12.238s] [  4%] Built target teb_msgs__cpp
[12.238s] [  6%] [32mBuilding C object CMakeFiles/teb_msgs__rosidl_generator_c.dir/rosidl_generator_c/teb_msgs/msg/detail/feedback_msg__functions.c.o[0m
[12.238s] [  8%] [32mBuilding C object CMakeFiles/teb_msgs__rosidl_generator_c.dir/rosidl_generator_c/teb_msgs/msg/detail/trajectory_point_msg__functions.c.o[0m
[12.238s] [ 10%] [32mBuilding C object CMakeFiles/teb_msgs__rosidl_generator_c.dir/rosidl_generator_c/teb_msgs/msg/detail/trajectory_msg__functions.c.o[0m
[12.238s] [ 12%] [32m[1mLinking C shared library libteb_msgs__rosidl_generator_c.so[0m
[12.238s] [ 12%] Built target teb_msgs__rosidl_generator_c
[12.238s] [ 14%] [34m[1mGenerating C++ introspection for ROS interfaces[0m
[12.238s] [ 17%] [32mBuilding CXX object CMakeFiles/teb_msgs__rosidl_typesupport_introspection_cpp.dir/rosidl_typesupport_introspection_cpp/teb_msgs/msg/detail/feedback_msg__type_support.cpp.o[0m
[12.621s] [ 19%] [32mBuilding CXX object CMakeFiles/teb_msgs__rosidl_typesupport_introspection_cpp.dir/rosidl_typesupport_introspection_cpp/teb_msgs/msg/detail/trajectory_point_msg__type_support.cpp.o[0m
[13.454s] [ 21%] [32mBuilding CXX object CMakeFiles/teb_msgs__rosidl_typesupport_introspection_cpp.dir/rosidl_typesupport_introspection_cpp/teb_msgs/msg/detail/trajectory_msg__type_support.cpp.o[0m
[14.376s] [ 23%] [32m[1mLinking CXX shared library libteb_msgs__rosidl_typesupport_introspection_cpp.so[0m
[14.520s] [ 23%] Built target teb_msgs__rosidl_typesupport_introspection_cpp
[14.531s] [ 25%] [34m[1mGenerating C type support dispatch for ROS interfaces[0m
[15.287s] [ 27%] [32mBuilding CXX object CMakeFiles/teb_msgs__rosidl_typesupport_c.dir/rosidl_typesupport_c/teb_msgs/msg/feedback_msg__type_support.cpp.o[0m
[15.429s] [ 29%] [32mBuilding CXX object CMakeFiles/teb_msgs__rosidl_typesupport_c.dir/rosidl_typesupport_c/teb_msgs/msg/trajectory_point_msg__type_support.cpp.o[0m
[15.553s] [ 31%] [32mBuilding CXX object CMakeFiles/teb_msgs__rosidl_typesupport_c.dir/rosidl_typesupport_c/teb_msgs/msg/trajectory_msg__type_support.cpp.o[0m
[15.647s] [ 34%] [32m[1mLinking CXX shared library libteb_msgs__rosidl_typesupport_c.so[0m
[15.763s] [ 34%] Built target teb_msgs__rosidl_typesupport_c
[15.801s] [ 36%] [34m[1mGenerating C introspection for ROS interfaces[0m
[17.496s] [ 38%] [32mBuilding C object CMakeFiles/teb_msgs__rosidl_typesupport_introspection_c.dir/rosidl_typesupport_introspection_c/teb_msgs/msg/detail/feedback_msg__type_support.c.o[0m
[17.581s] [ 40%] [32mBuilding C object CMakeFiles/teb_msgs__rosidl_typesupport_introspection_c.dir/rosidl_typesupport_introspection_c/teb_msgs/msg/detail/trajectory_point_msg__type_support.c.o[0m
[17.669s] [ 42%] [32mBuilding C object CMakeFiles/teb_msgs__rosidl_typesupport_introspection_c.dir/rosidl_typesupport_introspection_c/teb_msgs/msg/detail/trajectory_msg__type_support.c.o[0m
[17.735s] [ 44%] [32m[1mLinking C shared library libteb_msgs__rosidl_typesupport_introspection_c.so[0m
[17.821s] [ 44%] Built target teb_msgs__rosidl_typesupport_introspection_c
[17.840s] [ 46%] [34m[1mGenerating C type support for eProsima Fast-RTPS[0m
[18.713s] [ 48%] [32mBuilding CXX object CMakeFiles/teb_msgs__rosidl_typesupport_fastrtps_c.dir/rosidl_typesupport_fastrtps_c/teb_msgs/msg/detail/feedback_msg__type_support_c.cpp.o[0m
[19.448s] [ 51%] [32mBuilding CXX object CMakeFiles/teb_msgs__rosidl_typesupport_fastrtps_c.dir/rosidl_typesupport_fastrtps_c/teb_msgs/msg/detail/trajectory_point_msg__type_support_c.cpp.o[0m
[20.536s] [ 53%] [32mBuilding CXX object CMakeFiles/teb_msgs__rosidl_typesupport_fastrtps_c.dir/rosidl_typesupport_fastrtps_c/teb_msgs/msg/detail/trajectory_msg__type_support_c.cpp.o[0m
[21.284s] [ 55%] [32m[1mLinking CXX shared library libteb_msgs__rosidl_typesupport_fastrtps_c.so[0m
[21.446s] [ 55%] Built target teb_msgs__rosidl_typesupport_fastrtps_c
[21.473s] [ 57%] [34m[1mGenerating C++ type support for eProsima Fast-RTPS[0m
[22.525s] [ 59%] [32mBuilding CXX object CMakeFiles/teb_msgs__rosidl_typesupport_fastrtps_cpp.dir/rosidl_typesupport_fastrtps_cpp/teb_msgs/msg/detail/dds_fastrtps/feedback_msg__type_support.cpp.o[0m
[23.674s] [ 61%] [32mBuilding CXX object CMakeFiles/teb_msgs__rosidl_typesupport_fastrtps_cpp.dir/rosidl_typesupport_fastrtps_cpp/teb_msgs/msg/detail/dds_fastrtps/trajectory_point_msg__type_support.cpp.o[0m
[24.333s] [ 63%] [32mBuilding CXX object CMakeFiles/teb_msgs__rosidl_typesupport_fastrtps_cpp.dir/rosidl_typesupport_fastrtps_cpp/teb_msgs/msg/detail/dds_fastrtps/trajectory_msg__type_support.cpp.o[0m
[25.102s] [ 65%] [32m[1mLinking CXX shared library libteb_msgs__rosidl_typesupport_fastrtps_cpp.so[0m
[25.217s] [ 65%] Built target teb_msgs__rosidl_typesupport_fastrtps_cpp
[25.228s] [ 68%] [34m[1mGenerating C++ type support dispatch for ROS interfaces[0m
[25.757s] [ 70%] [32mBuilding CXX object CMakeFiles/teb_msgs__rosidl_typesupport_cpp.dir/rosidl_typesupport_cpp/teb_msgs/msg/feedback_msg__type_support.cpp.o[0m
[26.110s] [ 72%] [32mBuilding CXX object CMakeFiles/teb_msgs__rosidl_typesupport_cpp.dir/rosidl_typesupport_cpp/teb_msgs/msg/trajectory_point_msg__type_support.cpp.o[0m
[26.467s] [ 74%] [32mBuilding CXX object CMakeFiles/teb_msgs__rosidl_typesupport_cpp.dir/rosidl_typesupport_cpp/teb_msgs/msg/trajectory_msg__type_support.cpp.o[0m
[26.833s] [ 76%] [32m[1mLinking CXX shared library libteb_msgs__rosidl_typesupport_cpp.so[0m
[26.883s] [ 76%] Built target teb_msgs__rosidl_typesupport_cpp
[26.916s] [ 76%] Built target teb_msgs
[26.936s] [ 78%] [34m[1mGenerating Python code for ROS interfaces[0m
[28.136s] [ 78%] Built target teb_msgs__py
[28.180s] [ 80%] [32mBuilding C object CMakeFiles/teb_msgs__rosidl_generator_py.dir/rosidl_generator_py/teb_msgs/msg/_feedback_msg_s.c.o[0m
[28.357s] [ 82%] [32mBuilding C object CMakeFiles/teb_msgs__rosidl_generator_py.dir/rosidl_generator_py/teb_msgs/msg/_trajectory_point_msg_s.c.o[0m
[28.538s] [ 85%] [32mBuilding C object CMakeFiles/teb_msgs__rosidl_generator_py.dir/rosidl_generator_py/teb_msgs/msg/_trajectory_msg_s.c.o[0m
[28.684s] [ 87%] [32m[1mLinking C shared library rosidl_generator_py/teb_msgs/libteb_msgs__rosidl_generator_py.so[0m
[28.732s] [ 87%] Built target teb_msgs__rosidl_generator_py
[28.748s] [ 89%] [32mBuilding C object CMakeFiles/teb_msgs__rosidl_typesupport_fastrtps_c__pyext.dir/rosidl_generator_py/teb_msgs/_teb_msgs_s.ep.rosidl_typesupport_fastrtps_c.c.o[0m
[28.907s] [ 91%] [32m[1mLinking C shared library rosidl_generator_py/teb_msgs/teb_msgs_s__rosidl_typesupport_fastrtps_c.cpython-310-x86_64-linux-gnu.so[0m
[28.978s] [ 91%] Built target teb_msgs__rosidl_typesupport_fastrtps_c__pyext
[29.018s] [ 93%] [32mBuilding C object CMakeFiles/teb_msgs__rosidl_typesupport_c__pyext.dir/rosidl_generator_py/teb_msgs/_teb_msgs_s.ep.rosidl_typesupport_c.c.o[0m
[29.195s] [ 95%] [32m[1mLinking C shared library rosidl_generator_py/teb_msgs/teb_msgs_s__rosidl_typesupport_c.cpython-310-x86_64-linux-gnu.so[0m
[29.261s] [ 95%] Built target teb_msgs__rosidl_typesupport_c__pyext
[29.298s] [ 97%] [32mBuilding C object CMakeFiles/teb_msgs__rosidl_typesupport_introspection_c__pyext.dir/rosidl_generator_py/teb_msgs/_teb_msgs_s.ep.rosidl_typesupport_introspection_c.c.o[0m
[29.494s] [100%] [32m[1mLinking C shared library rosidl_generator_py/teb_msgs/teb_msgs_s__rosidl_typesupport_introspection_c.cpython-310-x86_64-linux-gnu.so[0m
[29.557s] [100%] Built target teb_msgs__rosidl_typesupport_introspection_c__pyext
[29.588s] Invoked command in '/home/rmsentry/DUST-RM-Sentry/build/teb_msgs' returned '0': CMAKE_PREFIX_PATH=/home/rmsentry/DUST-RM-Sentry/install/costmap_converter_msgs:/home/rmsentry/DUST-RM-Sentry/install/vision_msg:/home/rmsentry/DUST-RM-Sentry/install/teb_local_planner:/home/rmsentry/DUST-RM-Sentry/install/teb_msgs:/home/rmsentry/DUST-RM-Sentry/install/robot_decision:/home/rmsentry/DUST-RM-Sentry/install/rm_bringup:/home/rmsentry/DUST-RM-Sentry/install/rm_serial_driver:/home/rmsentry/DUST-RM-Sentry/install/rm_robot_description:/home/rmsentry/DUST-RM-Sentry/install/rm_navigation:/home/rmsentry/DUST-RM-Sentry/install/rm_gimbal_description:/home/rmsentry/DUST-RM-Sentry/install/rm_decision_interfaces:/home/rmsentry/DUST-RM-Sentry/install/rm_auto_aim:/home/rmsentry/DUST-RM-Sentry/install/pointcloud_to_laserscan:/home/rmsentry/DUST-RM-Sentry/install/pointcloud_merger:/home/rmsentry/DUST-RM-Sentry/install/point_lio:/home/rmsentry/DUST-RM-Sentry/install/livox_ros2_driver:/home/rmsentry/DUST-RM-Sentry/install/livox_sdk_vendor:/home/rmsentry/DUST-RM-Sentry/install/icp_registration:/home/rmsentry/DUST-RM-Sentry/install/fast_lio:/home/rmsentry/DUST-RM-Sentry/install/livox_ros_driver2:/home/rmsentry/DUST-RM-Sentry/install/livox_interfaces:/home/rmsentry/DUST-RM-Sentry/install/linefit_ground_segmentation_ros:/home/rmsentry/DUST-RM-Sentry/install/linefit_ground_segmentation:/home/rmsentry/DUST-RM-Sentry/install/imu_complementary_filter:/home/rmsentry/DUST-RM-Sentry/install/hik_camera_second:/home/rmsentry/DUST-RM-Sentry/install/hik_camera_first:/home/rmsentry/DUST-RM-Sentry/install/hik_camera:/home/rmsentry/DUST-RM-Sentry/install/global_interface:/home/rmsentry/DUST-RM-Sentry/install/costmap_converter:/home/rmsentry/DUST-RM-Sentry/install/armor_tracker:/home/rmsentry/DUST-RM-Sentry/install/armor_solver:/home/rmsentry/DUST-RM-Sentry/install/armor_detector:/home/rmsentry/DUST-RM-Sentry/install/auto_aim_interfaces:/home/rmsentry/DUST-RM-Sentry/install/rm_decision:/home/rmsentry/DUST-RM-Sentry/install/fake_msg_publisher:/opt/ros/humble LD_LIBRARY_PATH=/home/rmsentry/DUST-RM-Sentry/install/costmap_converter_msgs/lib:/home/rmsentry/DUST-RM-Sentry/install/vision_msg/lib:/home/rmsentry/DUST-RM-Sentry/install/teb_local_planner/lib:/home/rmsentry/DUST-RM-Sentry/install/teb_msgs/lib:/home/rmsentry/DUST-RM-Sentry/install/robot_decision/lib:/home/rmsentry/DUST-RM-Sentry/install/rm_serial_driver/lib:/home/rmsentry/DUST-RM-Sentry/install/rm_decision_interfaces/lib:/home/rmsentry/DUST-RM-Sentry/install/pointcloud_to_laserscan/lib:/home/rmsentry/DUST-RM-Sentry/install/livox_ros2_driver/lib:/home/rmsentry/DUST-RM-Sentry/install/icp_registration/lib:/home/rmsentry/DUST-RM-Sentry/install/fast_lio/lib:/home/rmsentry/DUST-RM-Sentry/install/livox_ros_driver2/lib:/home/rmsentry/DUST-RM-Sentry/install/livox_interfaces/lib:/home/rmsentry/DUST-RM-Sentry/install/linefit_ground_segmentation/lib:/home/rmsentry/DUST-RM-Sentry/install/imu_complementary_filter/lib:/home/rmsentry/DUST-RM-Sentry/install/hik_camera_second/lib:/home/rmsentry/DUST-RM-Sentry/install/hik_camera_first/lib:/home/rmsentry/DUST-RM-Sentry/install/hik_camera/lib:/home/rmsentry/DUST-RM-Sentry/install/global_interface/lib:/home/rmsentry/DUST-RM-Sentry/install/costmap_converter/lib:/home/rmsentry/DUST-RM-Sentry/install/armor_tracker/lib:/home/rmsentry/DUST-RM-Sentry/install/armor_solver/lib:/home/rmsentry/DUST-RM-Sentry/install/armor_detector/lib:/home/rmsentry/DUST-RM-Sentry/install/auto_aim_interfaces/lib:/opt/MVS/lib/64:/opt/MVS/lib/32:/usr/local/lib:/opt/MVS/lib/64:/opt/MVS/lib/32:/opt/MVS/lib/64:/opt/MVS/lib/32:/usr/local/lib:/opt/ros/humble/opt/rviz_ogre_vendor/lib:/opt/ros/humble/lib/x86_64-linux-gnu:/opt/ros/humble/lib:/opt/MVS/lib/64:/opt/MVS/lib/32:/opt/MVS/lib/64:/opt/MVS/lib/32:/opt/MVS/lib/64:/opt/MVS/lib/32 /usr/local/bin/cmake --build /home/rmsentry/DUST-RM-Sentry/build/teb_msgs -- -j12 -l12
[29.592s] Invoking command in '/home/rmsentry/DUST-RM-Sentry/build/teb_msgs': CMAKE_PREFIX_PATH=/home/rmsentry/DUST-RM-Sentry/install/costmap_converter_msgs:/home/rmsentry/DUST-RM-Sentry/install/vision_msg:/home/rmsentry/DUST-RM-Sentry/install/teb_local_planner:/home/rmsentry/DUST-RM-Sentry/install/teb_msgs:/home/rmsentry/DUST-RM-Sentry/install/robot_decision:/home/rmsentry/DUST-RM-Sentry/install/rm_bringup:/home/rmsentry/DUST-RM-Sentry/install/rm_serial_driver:/home/rmsentry/DUST-RM-Sentry/install/rm_robot_description:/home/rmsentry/DUST-RM-Sentry/install/rm_navigation:/home/rmsentry/DUST-RM-Sentry/install/rm_gimbal_description:/home/rmsentry/DUST-RM-Sentry/install/rm_decision_interfaces:/home/rmsentry/DUST-RM-Sentry/install/rm_auto_aim:/home/rmsentry/DUST-RM-Sentry/install/pointcloud_to_laserscan:/home/rmsentry/DUST-RM-Sentry/install/pointcloud_merger:/home/rmsentry/DUST-RM-Sentry/install/point_lio:/home/rmsentry/DUST-RM-Sentry/install/livox_ros2_driver:/home/rmsentry/DUST-RM-Sentry/install/livox_sdk_vendor:/home/rmsentry/DUST-RM-Sentry/install/icp_registration:/home/rmsentry/DUST-RM-Sentry/install/fast_lio:/home/rmsentry/DUST-RM-Sentry/install/livox_ros_driver2:/home/rmsentry/DUST-RM-Sentry/install/livox_interfaces:/home/rmsentry/DUST-RM-Sentry/install/linefit_ground_segmentation_ros:/home/rmsentry/DUST-RM-Sentry/install/linefit_ground_segmentation:/home/rmsentry/DUST-RM-Sentry/install/imu_complementary_filter:/home/rmsentry/DUST-RM-Sentry/install/hik_camera_second:/home/rmsentry/DUST-RM-Sentry/install/hik_camera_first:/home/rmsentry/DUST-RM-Sentry/install/hik_camera:/home/rmsentry/DUST-RM-Sentry/install/global_interface:/home/rmsentry/DUST-RM-Sentry/install/costmap_converter:/home/rmsentry/DUST-RM-Sentry/install/armor_tracker:/home/rmsentry/DUST-RM-Sentry/install/armor_solver:/home/rmsentry/DUST-RM-Sentry/install/armor_detector:/home/rmsentry/DUST-RM-Sentry/install/auto_aim_interfaces:/home/rmsentry/DUST-RM-Sentry/install/rm_decision:/home/rmsentry/DUST-RM-Sentry/install/fake_msg_publisher:/opt/ros/humble LD_LIBRARY_PATH=/home/rmsentry/DUST-RM-Sentry/install/costmap_converter_msgs/lib:/home/rmsentry/DUST-RM-Sentry/install/vision_msg/lib:/home/rmsentry/DUST-RM-Sentry/install/teb_local_planner/lib:/home/rmsentry/DUST-RM-Sentry/install/teb_msgs/lib:/home/rmsentry/DUST-RM-Sentry/install/robot_decision/lib:/home/rmsentry/DUST-RM-Sentry/install/rm_serial_driver/lib:/home/rmsentry/DUST-RM-Sentry/install/rm_decision_interfaces/lib:/home/rmsentry/DUST-RM-Sentry/install/pointcloud_to_laserscan/lib:/home/rmsentry/DUST-RM-Sentry/install/livox_ros2_driver/lib:/home/rmsentry/DUST-RM-Sentry/install/icp_registration/lib:/home/rmsentry/DUST-RM-Sentry/install/fast_lio/lib:/home/rmsentry/DUST-RM-Sentry/install/livox_ros_driver2/lib:/home/rmsentry/DUST-RM-Sentry/install/livox_interfaces/lib:/home/rmsentry/DUST-RM-Sentry/install/linefit_ground_segmentation/lib:/home/rmsentry/DUST-RM-Sentry/install/imu_complementary_filter/lib:/home/rmsentry/DUST-RM-Sentry/install/hik_camera_second/lib:/home/rmsentry/DUST-RM-Sentry/install/hik_camera_first/lib:/home/rmsentry/DUST-RM-Sentry/install/hik_camera/lib:/home/rmsentry/DUST-RM-Sentry/install/global_interface/lib:/home/rmsentry/DUST-RM-Sentry/install/costmap_converter/lib:/home/rmsentry/DUST-RM-Sentry/install/armor_tracker/lib:/home/rmsentry/DUST-RM-Sentry/install/armor_solver/lib:/home/rmsentry/DUST-RM-Sentry/install/armor_detector/lib:/home/rmsentry/DUST-RM-Sentry/install/auto_aim_interfaces/lib:/opt/MVS/lib/64:/opt/MVS/lib/32:/usr/local/lib:/opt/MVS/lib/64:/opt/MVS/lib/32:/opt/MVS/lib/64:/opt/MVS/lib/32:/usr/local/lib:/opt/ros/humble/opt/rviz_ogre_vendor/lib:/opt/ros/humble/lib/x86_64-linux-gnu:/opt/ros/humble/lib:/opt/MVS/lib/64:/opt/MVS/lib/32:/opt/MVS/lib/64:/opt/MVS/lib/32:/opt/MVS/lib/64:/opt/MVS/lib/32 /usr/local/bin/cmake --install /home/rmsentry/DUST-RM-Sentry/build/teb_msgs
[32.837s] -- Install configuration: ""
[32.837s] -- Execute custom install script
[32.837s] -- Symlinking: /home/rmsentry/DUST-RM-Sentry/install/teb_msgs/share/ament_index/resource_index/rosidl_interfaces/teb_msgs
[32.837s] -- Symlinking: /home/rmsentry/DUST-RM-Sentry/install/teb_msgs/include/teb_msgs/teb_msgs/msg/detail/feedback_msg__functions.h
[32.838s] -- Symlinking: /home/rmsentry/DUST-RM-Sentry/install/teb_msgs/include/teb_msgs/teb_msgs/msg/detail/feedback_msg__struct.h
[32.838s] -- Symlinking: /home/rmsentry/DUST-RM-Sentry/install/teb_msgs/include/teb_msgs/teb_msgs/msg/detail/feedback_msg__type_support.h
[32.838s] -- Symlinking: /home/rmsentry/DUST-RM-Sentry/install/teb_msgs/include/teb_msgs/teb_msgs/msg/detail/trajectory_msg__functions.h
[32.838s] -- Symlinking: /home/rmsentry/DUST-RM-Sentry/install/teb_msgs/include/teb_msgs/teb_msgs/msg/detail/trajectory_msg__struct.h
[32.838s] -- Symlinking: /home/rmsentry/DUST-RM-Sentry/install/teb_msgs/include/teb_msgs/teb_msgs/msg/detail/trajectory_msg__type_support.h
[32.838s] -- Symlinking: /home/rmsentry/DUST-RM-Sentry/install/teb_msgs/include/teb_msgs/teb_msgs/msg/detail/trajectory_point_msg__functions.h
[32.838s] -- Symlinking: /home/rmsentry/DUST-RM-Sentry/install/teb_msgs/include/teb_msgs/teb_msgs/msg/detail/trajectory_point_msg__struct.h
[32.838s] -- Symlinking: /home/rmsentry/DUST-RM-Sentry/install/teb_msgs/include/teb_msgs/teb_msgs/msg/detail/trajectory_point_msg__type_support.h
[32.838s] -- Symlinking: /home/rmsentry/DUST-RM-Sentry/install/teb_msgs/include/teb_msgs/teb_msgs/msg/feedback_msg.h
[32.839s] -- Symlinking: /home/rmsentry/DUST-RM-Sentry/install/teb_msgs/include/teb_msgs/teb_msgs/msg/rosidl_generator_c__visibility_control.h
[32.839s] -- Symlinking: /home/rmsentry/DUST-RM-Sentry/install/teb_msgs/include/teb_msgs/teb_msgs/msg/trajectory_msg.h
[32.839s] -- Symlinking: /home/rmsentry/DUST-RM-Sentry/install/teb_msgs/include/teb_msgs/teb_msgs/msg/trajectory_point_msg.h
[32.839s] -- Symlinking: /home/rmsentry/DUST-RM-Sentry/install/teb_msgs/share/teb_msgs/environment/library_path.sh
[32.839s] -- Symlinking: /home/rmsentry/DUST-RM-Sentry/install/teb_msgs/share/teb_msgs/environment/library_path.dsv
[32.839s] -- Symlinking: /home/rmsentry/DUST-RM-Sentry/install/teb_msgs/include/teb_msgs/teb_msgs/msg/detail/feedback_msg__rosidl_typesupport_fastrtps_c.h
[32.839s] -- Symlinking: /home/rmsentry/DUST-RM-Sentry/install/teb_msgs/include/teb_msgs/teb_msgs/msg/detail/trajectory_msg__rosidl_typesupport_fastrtps_c.h
[32.839s] -- Symlinking: /home/rmsentry/DUST-RM-Sentry/install/teb_msgs/include/teb_msgs/teb_msgs/msg/detail/trajectory_point_msg__rosidl_typesupport_fastrtps_c.h
[32.839s] -- Symlinking: /home/rmsentry/DUST-RM-Sentry/install/teb_msgs/include/teb_msgs/teb_msgs/msg/rosidl_typesupport_fastrtps_c__visibility_control.h
[32.839s] -- Symlinking: /home/rmsentry/DUST-RM-Sentry/install/teb_msgs/include/teb_msgs/teb_msgs/msg/detail/feedback_msg__builder.hpp
[32.840s] -- Symlinking: /home/rmsentry/DUST-RM-Sentry/install/teb_msgs/include/teb_msgs/teb_msgs/msg/detail/feedback_msg__struct.hpp
[32.840s] -- Symlinking: /home/rmsentry/DUST-RM-Sentry/install/teb_msgs/include/teb_msgs/teb_msgs/msg/detail/feedback_msg__traits.hpp
[32.840s] -- Symlinking: /home/rmsentry/DUST-RM-Sentry/install/teb_msgs/include/teb_msgs/teb_msgs/msg/detail/feedback_msg__type_support.hpp
[32.840s] -- Symlinking: /home/rmsentry/DUST-RM-Sentry/install/teb_msgs/include/teb_msgs/teb_msgs/msg/detail/trajectory_msg__builder.hpp
[32.840s] -- Symlinking: /home/rmsentry/DUST-RM-Sentry/install/teb_msgs/include/teb_msgs/teb_msgs/msg/detail/trajectory_msg__struct.hpp
[32.840s] -- Symlinking: /home/rmsentry/DUST-RM-Sentry/install/teb_msgs/include/teb_msgs/teb_msgs/msg/detail/trajectory_msg__traits.hpp
[32.840s] -- Symlinking: /home/rmsentry/DUST-RM-Sentry/install/teb_msgs/include/teb_msgs/teb_msgs/msg/detail/trajectory_msg__type_support.hpp
[32.840s] -- Symlinking: /home/rmsentry/DUST-RM-Sentry/install/teb_msgs/include/teb_msgs/teb_msgs/msg/detail/trajectory_point_msg__builder.hpp
[32.849s] -- Symlinking: /home/rmsentry/DUST-RM-Sentry/install/teb_msgs/include/teb_msgs/teb_msgs/msg/detail/trajectory_point_msg__struct.hpp
[32.849s] -- Symlinking: /home/rmsentry/DUST-RM-Sentry/install/teb_msgs/include/teb_msgs/teb_msgs/msg/detail/trajectory_point_msg__traits.hpp
[32.849s] -- Symlinking: /home/rmsentry/DUST-RM-Sentry/install/teb_msgs/include/teb_msgs/teb_msgs/msg/detail/trajectory_point_msg__type_support.hpp
[32.849s] -- Symlinking: /home/rmsentry/DUST-RM-Sentry/install/teb_msgs/include/teb_msgs/teb_msgs/msg/feedback_msg.hpp
[32.849s] -- Symlinking: /home/rmsentry/DUST-RM-Sentry/install/teb_msgs/include/teb_msgs/teb_msgs/msg/rosidl_generator_cpp__visibility_control.hpp
[32.849s] -- Symlinking: /home/rmsentry/DUST-RM-Sentry/install/teb_msgs/include/teb_msgs/teb_msgs/msg/trajectory_msg.hpp
[32.850s] -- Symlinking: /home/rmsentry/DUST-RM-Sentry/install/teb_msgs/include/teb_msgs/teb_msgs/msg/trajectory_point_msg.hpp
[32.850s] -- Symlinking: /home/rmsentry/DUST-RM-Sentry/install/teb_msgs/include/teb_msgs/teb_msgs/msg/detail/feedback_msg__rosidl_typesupport_fastrtps_cpp.hpp
[32.850s] -- Symlinking: /home/rmsentry/DUST-RM-Sentry/install/teb_msgs/include/teb_msgs/teb_msgs/msg/detail/trajectory_msg__rosidl_typesupport_fastrtps_cpp.hpp
[32.850s] -- Symlinking: /home/rmsentry/DUST-RM-Sentry/install/teb_msgs/include/teb_msgs/teb_msgs/msg/detail/trajectory_point_msg__rosidl_typesupport_fastrtps_cpp.hpp
[32.850s] -- Symlinking: /home/rmsentry/DUST-RM-Sentry/install/teb_msgs/include/teb_msgs/teb_msgs/msg/rosidl_typesupport_fastrtps_cpp__visibility_control.h
[32.850s] -- Symlinking: /home/rmsentry/DUST-RM-Sentry/install/teb_msgs/include/teb_msgs/teb_msgs/msg/detail/feedback_msg__rosidl_typesupport_introspection_c.h
[32.850s] -- Symlinking: /home/rmsentry/DUST-RM-Sentry/install/teb_msgs/include/teb_msgs/teb_msgs/msg/detail/trajectory_msg__rosidl_typesupport_introspection_c.h
[32.850s] -- Symlinking: /home/rmsentry/DUST-RM-Sentry/install/teb_msgs/include/teb_msgs/teb_msgs/msg/detail/trajectory_point_msg__rosidl_typesupport_introspection_c.h
[32.850s] -- Symlinking: /home/rmsentry/DUST-RM-Sentry/install/teb_msgs/include/teb_msgs/teb_msgs/msg/rosidl_typesupport_introspection_c__visibility_control.h
[32.850s] -- Symlinking: /home/rmsentry/DUST-RM-Sentry/install/teb_msgs/include/teb_msgs/teb_msgs/msg/detail/feedback_msg__rosidl_typesupport_introspection_cpp.hpp
[32.850s] -- Symlinking: /home/rmsentry/DUST-RM-Sentry/install/teb_msgs/include/teb_msgs/teb_msgs/msg/detail/trajectory_msg__rosidl_typesupport_introspection_cpp.hpp
[32.850s] -- Symlinking: /home/rmsentry/DUST-RM-Sentry/install/teb_msgs/include/teb_msgs/teb_msgs/msg/detail/trajectory_point_msg__rosidl_typesupport_introspection_cpp.hpp
[32.850s] -- Symlinking: /home/rmsentry/DUST-RM-Sentry/install/teb_msgs/share/teb_msgs/environment/pythonpath.sh
[32.850s] -- Symlinking: /home/rmsentry/DUST-RM-Sentry/install/teb_msgs/share/teb_msgs/environment/pythonpath.dsv
[32.850s] -- Symlinking: /home/rmsentry/DUST-RM-Sentry/install/teb_msgs/local/lib/python3.10/dist-packages/teb_msgs-0.0.1-py3.10.egg-info/PKG-INFO
[32.850s] -- Symlinking: /home/rmsentry/DUST-RM-Sentry/install/teb_msgs/local/lib/python3.10/dist-packages/teb_msgs-0.0.1-py3.10.egg-info/SOURCES.txt
[32.850s] -- Symlinking: /home/rmsentry/DUST-RM-Sentry/install/teb_msgs/local/lib/python3.10/dist-packages/teb_msgs-0.0.1-py3.10.egg-info/dependency_links.txt
[32.850s] -- Symlinking: /home/rmsentry/DUST-RM-Sentry/install/teb_msgs/local/lib/python3.10/dist-packages/teb_msgs-0.0.1-py3.10.egg-info/top_level.txt
[32.851s] -- Symlinking: /home/rmsentry/DUST-RM-Sentry/install/teb_msgs/local/lib/python3.10/dist-packages/teb_msgs/__init__.py
[32.851s] -- Symlinking: /home/rmsentry/DUST-RM-Sentry/install/teb_msgs/local/lib/python3.10/dist-packages/teb_msgs/_teb_msgs_s.ep.rosidl_typesupport_c.c
[32.851s] -- Symlinking: /home/rmsentry/DUST-RM-Sentry/install/teb_msgs/local/lib/python3.10/dist-packages/teb_msgs/_teb_msgs_s.ep.rosidl_typesupport_fastrtps_c.c
[32.860s] -- Symlinking: /home/rmsentry/DUST-RM-Sentry/install/teb_msgs/local/lib/python3.10/dist-packages/teb_msgs/_teb_msgs_s.ep.rosidl_typesupport_introspection_c.c
[32.860s] -- Symlinking: /home/rmsentry/DUST-RM-Sentry/install/teb_msgs/local/lib/python3.10/dist-packages/teb_msgs/libteb_msgs__rosidl_generator_py.so
[32.860s] -- Symlinking: /home/rmsentry/DUST-RM-Sentry/install/teb_msgs/local/lib/python3.10/dist-packages/teb_msgs/msg/__init__.py
[32.860s] -- Symlinking: /home/rmsentry/DUST-RM-Sentry/install/teb_msgs/local/lib/python3.10/dist-packages/teb_msgs/msg/_feedback_msg.py
[32.861s] -- Symlinking: /home/rmsentry/DUST-RM-Sentry/install/teb_msgs/local/lib/python3.10/dist-packages/teb_msgs/msg/_feedback_msg_s.c
[32.861s] -- Symlinking: /home/rmsentry/DUST-RM-Sentry/install/teb_msgs/local/lib/python3.10/dist-packages/teb_msgs/msg/_trajectory_msg.py
[32.861s] -- Symlinking: /home/rmsentry/DUST-RM-Sentry/install/teb_msgs/local/lib/python3.10/dist-packages/teb_msgs/msg/_trajectory_msg_s.c
[32.861s] -- Symlinking: /home/rmsentry/DUST-RM-Sentry/install/teb_msgs/local/lib/python3.10/dist-packages/teb_msgs/msg/_trajectory_point_msg.py
[32.861s] -- Symlinking: /home/rmsentry/DUST-RM-Sentry/install/teb_msgs/local/lib/python3.10/dist-packages/teb_msgs/msg/_trajectory_point_msg_s.c
[32.861s] -- Symlinking: /home/rmsentry/DUST-RM-Sentry/install/teb_msgs/local/lib/python3.10/dist-packages/teb_msgs/teb_msgs_s__rosidl_typesupport_c.cpython-310-x86_64-linux-gnu.so
[32.861s] -- Symlinking: /home/rmsentry/DUST-RM-Sentry/install/teb_msgs/local/lib/python3.10/dist-packages/teb_msgs/teb_msgs_s__rosidl_typesupport_fastrtps_c.cpython-310-x86_64-linux-gnu.so
[32.861s] -- Symlinking: /home/rmsentry/DUST-RM-Sentry/install/teb_msgs/local/lib/python3.10/dist-packages/teb_msgs/teb_msgs_s__rosidl_typesupport_introspection_c.cpython-310-x86_64-linux-gnu.so
[32.861s] -- Up-to-date symlink: /home/rmsentry/DUST-RM-Sentry/install/teb_msgs/local/lib/python3.10/dist-packages/teb_msgs/teb_msgs_s__rosidl_typesupport_fastrtps_c.cpython-310-x86_64-linux-gnu.so
[32.861s] -- Up-to-date symlink: /home/rmsentry/DUST-RM-Sentry/install/teb_msgs/local/lib/python3.10/dist-packages/teb_msgs/teb_msgs_s__rosidl_typesupport_introspection_c.cpython-310-x86_64-linux-gnu.so
[32.861s] -- Up-to-date symlink: /home/rmsentry/DUST-RM-Sentry/install/teb_msgs/local/lib/python3.10/dist-packages/teb_msgs/teb_msgs_s__rosidl_typesupport_c.cpython-310-x86_64-linux-gnu.so
[32.861s] -- Symlinking: /home/rmsentry/DUST-RM-Sentry/install/teb_msgs/share/teb_msgs/msg/FeedbackMsg.idl
[32.861s] -- Symlinking: /home/rmsentry/DUST-RM-Sentry/install/teb_msgs/share/teb_msgs/msg/TrajectoryMsg.idl
[32.861s] -- Symlinking: /home/rmsentry/DUST-RM-Sentry/install/teb_msgs/share/teb_msgs/msg/TrajectoryPointMsg.idl
[32.861s] -- Symlinking: /home/rmsentry/DUST-RM-Sentry/install/teb_msgs/share/teb_msgs/msg/FeedbackMsg.msg
[32.861s] -- Symlinking: /home/rmsentry/DUST-RM-Sentry/install/teb_msgs/share/teb_msgs/msg/TrajectoryMsg.msg
[32.861s] -- Symlinking: /home/rmsentry/DUST-RM-Sentry/install/teb_msgs/share/teb_msgs/msg/TrajectoryPointMsg.msg
[32.862s] -- Symlinking: /home/rmsentry/DUST-RM-Sentry/install/teb_msgs/share/ament_index/resource_index/package_run_dependencies/teb_msgs
[32.862s] -- Symlinking: /home/rmsentry/DUST-RM-Sentry/install/teb_msgs/share/ament_index/resource_index/parent_prefix_path/teb_msgs
[32.862s] -- Symlinking: /home/rmsentry/DUST-RM-Sentry/install/teb_msgs/share/teb_msgs/environment/ament_prefix_path.sh
[32.862s] -- Symlinking: /home/rmsentry/DUST-RM-Sentry/install/teb_msgs/share/teb_msgs/environment/ament_prefix_path.dsv
[32.862s] -- Symlinking: /home/rmsentry/DUST-RM-Sentry/install/teb_msgs/share/teb_msgs/environment/path.sh
[32.862s] -- Symlinking: /home/rmsentry/DUST-RM-Sentry/install/teb_msgs/share/teb_msgs/environment/path.dsv
[32.862s] -- Symlinking: /home/rmsentry/DUST-RM-Sentry/install/teb_msgs/share/teb_msgs/local_setup.bash
[32.862s] -- Symlinking: /home/rmsentry/DUST-RM-Sentry/install/teb_msgs/share/teb_msgs/local_setup.sh
[32.862s] -- Symlinking: /home/rmsentry/DUST-RM-Sentry/install/teb_msgs/share/teb_msgs/local_setup.zsh
[32.862s] -- Symlinking: /home/rmsentry/DUST-RM-Sentry/install/teb_msgs/share/teb_msgs/local_setup.dsv
[32.862s] -- Symlinking: /home/rmsentry/DUST-RM-Sentry/install/teb_msgs/share/teb_msgs/package.dsv
[32.862s] -- Symlinking: /home/rmsentry/DUST-RM-Sentry/install/teb_msgs/share/ament_index/resource_index/packages/teb_msgs
[32.862s] -- Symlinking: /home/rmsentry/DUST-RM-Sentry/install/teb_msgs/share/teb_msgs/cmake/rosidl_cmake-extras.cmake
[32.862s] -- Symlinking: /home/rmsentry/DUST-RM-Sentry/install/teb_msgs/share/teb_msgs/cmake/ament_cmake_export_dependencies-extras.cmake
[32.862s] -- Symlinking: /home/rmsentry/DUST-RM-Sentry/install/teb_msgs/share/teb_msgs/cmake/ament_cmake_export_include_directories-extras.cmake
[32.862s] -- Symlinking: /home/rmsentry/DUST-RM-Sentry/install/teb_msgs/share/teb_msgs/cmake/ament_cmake_export_libraries-extras.cmake
[32.862s] -- Symlinking: /home/rmsentry/DUST-RM-Sentry/install/teb_msgs/share/teb_msgs/cmake/ament_cmake_export_targets-extras.cmake
[32.862s] -- Symlinking: /home/rmsentry/DUST-RM-Sentry/install/teb_msgs/share/teb_msgs/cmake/rosidl_cmake_export_typesupport_targets-extras.cmake
[32.863s] -- Symlinking: /home/rmsentry/DUST-RM-Sentry/install/teb_msgs/share/teb_msgs/cmake/rosidl_cmake_export_typesupport_libraries-extras.cmake
[32.863s] -- Symlinking: /home/rmsentry/DUST-RM-Sentry/install/teb_msgs/share/teb_msgs/cmake/teb_msgsConfig.cmake
[32.863s] -- Symlinking: /home/rmsentry/DUST-RM-Sentry/install/teb_msgs/share/teb_msgs/cmake/teb_msgsConfig-version.cmake
[32.863s] -- Symlinking: /home/rmsentry/DUST-RM-Sentry/install/teb_msgs/share/teb_msgs/package.xml
[32.863s] -- Installing: /home/rmsentry/DUST-RM-Sentry/install/teb_msgs/lib/libteb_msgs__rosidl_generator_c.so
[32.863s] -- Set non-toolchain portion of runtime path of "/home/rmsentry/DUST-RM-Sentry/install/teb_msgs/lib/libteb_msgs__rosidl_generator_c.so" to ""
[32.863s] -- Installing: /home/rmsentry/DUST-RM-Sentry/install/teb_msgs/lib/libteb_msgs__rosidl_typesupport_fastrtps_c.so
[32.863s] -- Set non-toolchain portion of runtime path of "/home/rmsentry/DUST-RM-Sentry/install/teb_msgs/lib/libteb_msgs__rosidl_typesupport_fastrtps_c.so" to ""
[32.863s] -- Installing: /home/rmsentry/DUST-RM-Sentry/install/teb_msgs/lib/libteb_msgs__rosidl_typesupport_fastrtps_cpp.so
[32.863s] -- Set non-toolchain portion of runtime path of "/home/rmsentry/DUST-RM-Sentry/install/teb_msgs/lib/libteb_msgs__rosidl_typesupport_fastrtps_cpp.so" to ""
[32.863s] -- Installing: /home/rmsentry/DUST-RM-Sentry/install/teb_msgs/lib/libteb_msgs__rosidl_typesupport_introspection_c.so
[32.863s] -- Set non-toolchain portion of runtime path of "/home/rmsentry/DUST-RM-Sentry/install/teb_msgs/lib/libteb_msgs__rosidl_typesupport_introspection_c.so" to ""
[32.863s] -- Installing: /home/rmsentry/DUST-RM-Sentry/install/teb_msgs/lib/libteb_msgs__rosidl_typesupport_c.so
[32.863s] -- Set non-toolchain portion of runtime path of "/home/rmsentry/DUST-RM-Sentry/install/teb_msgs/lib/libteb_msgs__rosidl_typesupport_c.so" to ""
[32.863s] -- Installing: /home/rmsentry/DUST-RM-Sentry/install/teb_msgs/lib/libteb_msgs__rosidl_typesupport_introspection_cpp.so
[32.863s] -- Set non-toolchain portion of runtime path of "/home/rmsentry/DUST-RM-Sentry/install/teb_msgs/lib/libteb_msgs__rosidl_typesupport_introspection_cpp.so" to ""
[32.863s] -- Installing: /home/rmsentry/DUST-RM-Sentry/install/teb_msgs/lib/libteb_msgs__rosidl_typesupport_cpp.so
[32.863s] -- Set non-toolchain portion of runtime path of "/home/rmsentry/DUST-RM-Sentry/install/teb_msgs/lib/libteb_msgs__rosidl_typesupport_cpp.so" to ""
[32.864s] Listing '/home/rmsentry/DUST-RM-Sentry/install/teb_msgs/local/lib/python3.10/dist-packages/teb_msgs'...
[32.864s] Compiling '/home/rmsentry/DUST-RM-Sentry/install/teb_msgs/local/lib/python3.10/dist-packages/teb_msgs/__init__.py'...
[32.866s] Listing '/home/rmsentry/DUST-RM-Sentry/install/teb_msgs/local/lib/python3.10/dist-packages/teb_msgs/msg'...
[32.866s] Compiling '/home/rmsentry/DUST-RM-Sentry/install/teb_msgs/local/lib/python3.10/dist-packages/teb_msgs/msg/__init__.py'...
[32.866s] Compiling '/home/rmsentry/DUST-RM-Sentry/install/teb_msgs/local/lib/python3.10/dist-packages/teb_msgs/msg/_feedback_msg.py'...
[32.866s] Compiling '/home/rmsentry/DUST-RM-Sentry/install/teb_msgs/local/lib/python3.10/dist-packages/teb_msgs/msg/_trajectory_msg.py'...
[32.866s] Compiling '/home/rmsentry/DUST-RM-Sentry/install/teb_msgs/local/lib/python3.10/dist-packages/teb_msgs/msg/_trajectory_point_msg.py'...
[32.866s] -- Installing: /home/rmsentry/DUST-RM-Sentry/install/teb_msgs/lib/libteb_msgs__rosidl_generator_py.so
[32.866s] -- Set non-toolchain portion of runtime path of "/home/rmsentry/DUST-RM-Sentry/install/teb_msgs/lib/libteb_msgs__rosidl_generator_py.so" to ""
[32.866s] -- Installing: /home/rmsentry/DUST-RM-Sentry/install/teb_msgs/share/teb_msgs/cmake/export_teb_msgs__rosidl_generator_cExport.cmake
[32.866s] -- Installing: /home/rmsentry/DUST-RM-Sentry/install/teb_msgs/share/teb_msgs/cmake/export_teb_msgs__rosidl_generator_cExport-noconfig.cmake
[32.868s] -- Installing: /home/rmsentry/DUST-RM-Sentry/install/teb_msgs/share/teb_msgs/cmake/export_teb_msgs__rosidl_typesupport_fastrtps_cExport.cmake
[32.869s] -- Installing: /home/rmsentry/DUST-RM-Sentry/install/teb_msgs/share/teb_msgs/cmake/export_teb_msgs__rosidl_typesupport_fastrtps_cExport-noconfig.cmake
[32.869s] -- Installing: /home/rmsentry/DUST-RM-Sentry/install/teb_msgs/share/teb_msgs/cmake/export_teb_msgs__rosidl_generator_cppExport.cmake
[32.869s] -- Installing: /home/rmsentry/DUST-RM-Sentry/install/teb_msgs/share/teb_msgs/cmake/export_teb_msgs__rosidl_typesupport_fastrtps_cppExport.cmake
[32.869s] -- Installing: /home/rmsentry/DUST-RM-Sentry/install/teb_msgs/share/teb_msgs/cmake/export_teb_msgs__rosidl_typesupport_fastrtps_cppExport-noconfig.cmake
[32.869s] -- Installing: /home/rmsentry/DUST-RM-Sentry/install/teb_msgs/share/teb_msgs/cmake/teb_msgs__rosidl_typesupport_introspection_cExport.cmake
[32.869s] -- Installing: /home/rmsentry/DUST-RM-Sentry/install/teb_msgs/share/teb_msgs/cmake/teb_msgs__rosidl_typesupport_introspection_cExport-noconfig.cmake
[32.869s] -- Installing: /home/rmsentry/DUST-RM-Sentry/install/teb_msgs/share/teb_msgs/cmake/teb_msgs__rosidl_typesupport_cExport.cmake
[32.869s] -- Installing: /home/rmsentry/DUST-RM-Sentry/install/teb_msgs/share/teb_msgs/cmake/teb_msgs__rosidl_typesupport_cExport-noconfig.cmake
[32.869s] -- Installing: /home/rmsentry/DUST-RM-Sentry/install/teb_msgs/share/teb_msgs/cmake/teb_msgs__rosidl_typesupport_introspection_cppExport.cmake
[32.869s] -- Installing: /home/rmsentry/DUST-RM-Sentry/install/teb_msgs/share/teb_msgs/cmake/teb_msgs__rosidl_typesupport_introspection_cppExport-noconfig.cmake
[32.869s] -- Installing: /home/rmsentry/DUST-RM-Sentry/install/teb_msgs/share/teb_msgs/cmake/teb_msgs__rosidl_typesupport_cppExport.cmake
[32.869s] -- Installing: /home/rmsentry/DUST-RM-Sentry/install/teb_msgs/share/teb_msgs/cmake/teb_msgs__rosidl_typesupport_cppExport-noconfig.cmake
[32.869s] -- Installing: /home/rmsentry/DUST-RM-Sentry/install/teb_msgs/share/teb_msgs/cmake/export_teb_msgs__rosidl_generator_pyExport.cmake
[32.871s] -- Installing: /home/rmsentry/DUST-RM-Sentry/install/teb_msgs/share/teb_msgs/cmake/export_teb_msgs__rosidl_generator_pyExport-noconfig.cmake
[32.896s] Invoked command in '/home/rmsentry/DUST-RM-Sentry/build/teb_msgs' returned '0': CMAKE_PREFIX_PATH=/home/rmsentry/DUST-RM-Sentry/install/costmap_converter_msgs:/home/rmsentry/DUST-RM-Sentry/install/vision_msg:/home/rmsentry/DUST-RM-Sentry/install/teb_local_planner:/home/rmsentry/DUST-RM-Sentry/install/teb_msgs:/home/rmsentry/DUST-RM-Sentry/install/robot_decision:/home/rmsentry/DUST-RM-Sentry/install/rm_bringup:/home/rmsentry/DUST-RM-Sentry/install/rm_serial_driver:/home/rmsentry/DUST-RM-Sentry/install/rm_robot_description:/home/rmsentry/DUST-RM-Sentry/install/rm_navigation:/home/rmsentry/DUST-RM-Sentry/install/rm_gimbal_description:/home/rmsentry/DUST-RM-Sentry/install/rm_decision_interfaces:/home/rmsentry/DUST-RM-Sentry/install/rm_auto_aim:/home/rmsentry/DUST-RM-Sentry/install/pointcloud_to_laserscan:/home/rmsentry/DUST-RM-Sentry/install/pointcloud_merger:/home/rmsentry/DUST-RM-Sentry/install/point_lio:/home/rmsentry/DUST-RM-Sentry/install/livox_ros2_driver:/home/rmsentry/DUST-RM-Sentry/install/livox_sdk_vendor:/home/rmsentry/DUST-RM-Sentry/install/icp_registration:/home/rmsentry/DUST-RM-Sentry/install/fast_lio:/home/rmsentry/DUST-RM-Sentry/install/livox_ros_driver2:/home/rmsentry/DUST-RM-Sentry/install/livox_interfaces:/home/rmsentry/DUST-RM-Sentry/install/linefit_ground_segmentation_ros:/home/rmsentry/DUST-RM-Sentry/install/linefit_ground_segmentation:/home/rmsentry/DUST-RM-Sentry/install/imu_complementary_filter:/home/rmsentry/DUST-RM-Sentry/install/hik_camera_second:/home/rmsentry/DUST-RM-Sentry/install/hik_camera_first:/home/rmsentry/DUST-RM-Sentry/install/hik_camera:/home/rmsentry/DUST-RM-Sentry/install/global_interface:/home/rmsentry/DUST-RM-Sentry/install/costmap_converter:/home/rmsentry/DUST-RM-Sentry/install/armor_tracker:/home/rmsentry/DUST-RM-Sentry/install/armor_solver:/home/rmsentry/DUST-RM-Sentry/install/armor_detector:/home/rmsentry/DUST-RM-Sentry/install/auto_aim_interfaces:/home/rmsentry/DUST-RM-Sentry/install/rm_decision:/home/rmsentry/DUST-RM-Sentry/install/fake_msg_publisher:/opt/ros/humble LD_LIBRARY_PATH=/home/rmsentry/DUST-RM-Sentry/install/costmap_converter_msgs/lib:/home/rmsentry/DUST-RM-Sentry/install/vision_msg/lib:/home/rmsentry/DUST-RM-Sentry/install/teb_local_planner/lib:/home/rmsentry/DUST-RM-Sentry/install/teb_msgs/lib:/home/rmsentry/DUST-RM-Sentry/install/robot_decision/lib:/home/rmsentry/DUST-RM-Sentry/install/rm_serial_driver/lib:/home/rmsentry/DUST-RM-Sentry/install/rm_decision_interfaces/lib:/home/rmsentry/DUST-RM-Sentry/install/pointcloud_to_laserscan/lib:/home/rmsentry/DUST-RM-Sentry/install/livox_ros2_driver/lib:/home/rmsentry/DUST-RM-Sentry/install/icp_registration/lib:/home/rmsentry/DUST-RM-Sentry/install/fast_lio/lib:/home/rmsentry/DUST-RM-Sentry/install/livox_ros_driver2/lib:/home/rmsentry/DUST-RM-Sentry/install/livox_interfaces/lib:/home/rmsentry/DUST-RM-Sentry/install/linefit_ground_segmentation/lib:/home/rmsentry/DUST-RM-Sentry/install/imu_complementary_filter/lib:/home/rmsentry/DUST-RM-Sentry/install/hik_camera_second/lib:/home/rmsentry/DUST-RM-Sentry/install/hik_camera_first/lib:/home/rmsentry/DUST-RM-Sentry/install/hik_camera/lib:/home/rmsentry/DUST-RM-Sentry/install/global_interface/lib:/home/rmsentry/DUST-RM-Sentry/install/costmap_converter/lib:/home/rmsentry/DUST-RM-Sentry/install/armor_tracker/lib:/home/rmsentry/DUST-RM-Sentry/install/armor_solver/lib:/home/rmsentry/DUST-RM-Sentry/install/armor_detector/lib:/home/rmsentry/DUST-RM-Sentry/install/auto_aim_interfaces/lib:/opt/MVS/lib/64:/opt/MVS/lib/32:/usr/local/lib:/opt/MVS/lib/64:/opt/MVS/lib/32:/opt/MVS/lib/64:/opt/MVS/lib/32:/usr/local/lib:/opt/ros/humble/opt/rviz_ogre_vendor/lib:/opt/ros/humble/lib/x86_64-linux-gnu:/opt/ros/humble/lib:/opt/MVS/lib/64:/opt/MVS/lib/32:/opt/MVS/lib/64:/opt/MVS/lib/32:/opt/MVS/lib/64:/opt/MVS/lib/32 /usr/local/bin/cmake --install /home/rmsentry/DUST-RM-Sentry/build/teb_msgs
