[0.035s] Invoking command in '/home/rmsentry/DUST-RM-Sentry/build/livox_ros_driver2': CMAKE_PREFIX_PATH=${CMAKE_PREFIX_PATH}:/home/rmsentry/DUST-RM-Sentry/install/rm_decision:/home/rmsentry/DUST-RM-Sentry/install/fake_msg_publisher:/opt/ros/humble /usr/local/bin/cmake --build /home/rmsentry/DUST-RM-Sentry/build/livox_ros_driver2 -- -j12 -l12
[0.094s] [  1%] Built target livox_interfaces2__cpp
[0.096s] [  8%] Built target livox_interfaces2__rosidl_generator_c
[0.097s] [  8%] Built target ament_cmake_python_symlink_livox_ros_driver2
[0.137s] [ 12%] Built target livox_ros_driver2_node
[0.147s] [ 19%] Built target livox_interfaces2__rosidl_typesupport_cpp
[0.148s] [ 26%] Built target livox_interfaces2__rosidl_typesupport_fastrtps_c
[0.160s] [ 33%] Built target livox_interfaces2__rosidl_typesupport_fastrtps_cpp
[0.170s] [ 40%] Built target livox_interfaces2__rosidl_typesupport_introspection_cpp
[0.196s] [ 47%] Built target livox_interfaces2__rosidl_typesupport_introspection_c
[0.197s] [ 54%] Built target livox_interfaces2__rosidl_typesupport_c
[0.218s] [ 54%] Built target livox_interfaces2
[0.246s] [ 82%] Built target livox_ros_driver2
[0.251s] [ 84%] Built target livox_interfaces2__py
[0.279s] [ 89%] Built target livox_interfaces2__rosidl_generator_py
[0.319s] [ 92%] Built target livox_ros_driver2__rosidl_typesupport_fastrtps_c__pyext
[0.326s] [ 96%] Built target livox_ros_driver2__rosidl_typesupport_introspection_c__pyext
[0.327s] [100%] Built target livox_ros_driver2__rosidl_typesupport_c__pyext
[0.459s] running egg_info
[0.459s] writing livox_ros_driver2.egg-info/PKG-INFO
[0.459s] writing dependency_links to livox_ros_driver2.egg-info/dependency_links.txt
[0.459s] writing top-level names to livox_ros_driver2.egg-info/top_level.txt
[0.460s] reading manifest file 'livox_ros_driver2.egg-info/SOURCES.txt'
[0.462s] writing manifest file 'livox_ros_driver2.egg-info/SOURCES.txt'
[0.489s] [100%] Built target ament_cmake_python_build_livox_ros_driver2_egg
[0.545s] Invoked command in '/home/rmsentry/DUST-RM-Sentry/build/livox_ros_driver2' returned '0': CMAKE_PREFIX_PATH=${CMAKE_PREFIX_PATH}:/home/rmsentry/DUST-RM-Sentry/install/rm_decision:/home/rmsentry/DUST-RM-Sentry/install/fake_msg_publisher:/opt/ros/humble /usr/local/bin/cmake --build /home/rmsentry/DUST-RM-Sentry/build/livox_ros_driver2 -- -j12 -l12
[0.546s] Invoking command in '/home/rmsentry/DUST-RM-Sentry/build/livox_ros_driver2': CMAKE_PREFIX_PATH=${CMAKE_PREFIX_PATH}:/home/rmsentry/DUST-RM-Sentry/install/rm_decision:/home/rmsentry/DUST-RM-Sentry/install/fake_msg_publisher:/opt/ros/humble /usr/local/bin/cmake --install /home/rmsentry/DUST-RM-Sentry/build/livox_ros_driver2
[0.570s] -- Install configuration: ""
[0.570s] -- Execute custom install script
[0.570s] -- Up-to-date symlink: /home/rmsentry/DUST-RM-Sentry/install/livox_ros_driver2/share/ament_index/resource_index/rosidl_interfaces/livox_ros_driver2
[0.570s] -- Up-to-date symlink: /home/rmsentry/DUST-RM-Sentry/install/livox_ros_driver2/include/livox_ros_driver2/livox_ros_driver2/msg/custom_msg.h
[0.570s] -- Up-to-date symlink: /home/rmsentry/DUST-RM-Sentry/install/livox_ros_driver2/include/livox_ros_driver2/livox_ros_driver2/msg/custom_point.h
[0.570s] -- Up-to-date symlink: /home/rmsentry/DUST-RM-Sentry/install/livox_ros_driver2/include/livox_ros_driver2/livox_ros_driver2/msg/detail/custom_msg__functions.h
[0.570s] -- Up-to-date symlink: /home/rmsentry/DUST-RM-Sentry/install/livox_ros_driver2/include/livox_ros_driver2/livox_ros_driver2/msg/detail/custom_msg__struct.h
[0.570s] -- Up-to-date symlink: /home/rmsentry/DUST-RM-Sentry/install/livox_ros_driver2/include/livox_ros_driver2/livox_ros_driver2/msg/detail/custom_msg__type_support.h
[0.570s] -- Up-to-date symlink: /home/rmsentry/DUST-RM-Sentry/install/livox_ros_driver2/include/livox_ros_driver2/livox_ros_driver2/msg/detail/custom_point__functions.h
[0.570s] -- Up-to-date symlink: /home/rmsentry/DUST-RM-Sentry/install/livox_ros_driver2/include/livox_ros_driver2/livox_ros_driver2/msg/detail/custom_point__struct.h
[0.571s] -- Up-to-date symlink: /home/rmsentry/DUST-RM-Sentry/install/livox_ros_driver2/include/livox_ros_driver2/livox_ros_driver2/msg/detail/custom_point__type_support.h
[0.571s] -- Up-to-date symlink: /home/rmsentry/DUST-RM-Sentry/install/livox_ros_driver2/include/livox_ros_driver2/livox_ros_driver2/msg/rosidl_generator_c__visibility_control.h
[0.571s] -- Up-to-date symlink: /home/rmsentry/DUST-RM-Sentry/install/livox_ros_driver2/share/livox_ros_driver2/environment/library_path.sh
[0.571s] -- Up-to-date symlink: /home/rmsentry/DUST-RM-Sentry/install/livox_ros_driver2/share/livox_ros_driver2/environment/library_path.dsv
[0.571s] -- Up-to-date symlink: /home/rmsentry/DUST-RM-Sentry/install/livox_ros_driver2/include/livox_ros_driver2/livox_ros_driver2/msg/detail/custom_msg__rosidl_typesupport_fastrtps_c.h
[0.571s] -- Up-to-date symlink: /home/rmsentry/DUST-RM-Sentry/install/livox_ros_driver2/include/livox_ros_driver2/livox_ros_driver2/msg/detail/custom_point__rosidl_typesupport_fastrtps_c.h
[0.571s] -- Up-to-date symlink: /home/rmsentry/DUST-RM-Sentry/install/livox_ros_driver2/include/livox_ros_driver2/livox_ros_driver2/msg/rosidl_typesupport_fastrtps_c__visibility_control.h
[0.571s] -- Up-to-date symlink: /home/rmsentry/DUST-RM-Sentry/install/livox_ros_driver2/include/livox_ros_driver2/livox_ros_driver2/msg/detail/custom_msg__rosidl_typesupport_introspection_c.h
[0.571s] -- Up-to-date symlink: /home/rmsentry/DUST-RM-Sentry/install/livox_ros_driver2/include/livox_ros_driver2/livox_ros_driver2/msg/detail/custom_point__rosidl_typesupport_introspection_c.h
[0.571s] -- Up-to-date symlink: /home/rmsentry/DUST-RM-Sentry/install/livox_ros_driver2/include/livox_ros_driver2/livox_ros_driver2/msg/rosidl_typesupport_introspection_c__visibility_control.h
[0.571s] -- Up-to-date symlink: /home/rmsentry/DUST-RM-Sentry/install/livox_ros_driver2/include/livox_ros_driver2/livox_ros_driver2/msg/custom_msg.hpp
[0.571s] -- Up-to-date symlink: /home/rmsentry/DUST-RM-Sentry/install/livox_ros_driver2/include/livox_ros_driver2/livox_ros_driver2/msg/custom_point.hpp
[0.571s] -- Up-to-date symlink: /home/rmsentry/DUST-RM-Sentry/install/livox_ros_driver2/include/livox_ros_driver2/livox_ros_driver2/msg/detail/custom_msg__builder.hpp
[0.571s] -- Up-to-date symlink: /home/rmsentry/DUST-RM-Sentry/install/livox_ros_driver2/include/livox_ros_driver2/livox_ros_driver2/msg/detail/custom_msg__struct.hpp
[0.571s] -- Up-to-date symlink: /home/rmsentry/DUST-RM-Sentry/install/livox_ros_driver2/include/livox_ros_driver2/livox_ros_driver2/msg/detail/custom_msg__traits.hpp
[0.571s] -- Up-to-date symlink: /home/rmsentry/DUST-RM-Sentry/install/livox_ros_driver2/include/livox_ros_driver2/livox_ros_driver2/msg/detail/custom_msg__type_support.hpp
[0.571s] -- Up-to-date symlink: /home/rmsentry/DUST-RM-Sentry/install/livox_ros_driver2/include/livox_ros_driver2/livox_ros_driver2/msg/detail/custom_point__builder.hpp
[0.594s] -- Up-to-date symlink: /home/rmsentry/DUST-RM-Sentry/install/livox_ros_driver2/include/livox_ros_driver2/livox_ros_driver2/msg/detail/custom_point__struct.hpp
[0.594s] -- Up-to-date symlink: /home/rmsentry/DUST-RM-Sentry/install/livox_ros_driver2/include/livox_ros_driver2/livox_ros_driver2/msg/detail/custom_point__traits.hpp
[0.594s] -- Up-to-date symlink: /home/rmsentry/DUST-RM-Sentry/install/livox_ros_driver2/include/livox_ros_driver2/livox_ros_driver2/msg/detail/custom_point__type_support.hpp
[0.594s] -- Up-to-date symlink: /home/rmsentry/DUST-RM-Sentry/install/livox_ros_driver2/include/livox_ros_driver2/livox_ros_driver2/msg/rosidl_generator_cpp__visibility_control.hpp
[0.595s] -- Up-to-date symlink: /home/rmsentry/DUST-RM-Sentry/install/livox_ros_driver2/include/livox_ros_driver2/livox_ros_driver2/msg/detail/custom_msg__rosidl_typesupport_fastrtps_cpp.hpp
[0.595s] -- Up-to-date symlink: /home/rmsentry/DUST-RM-Sentry/install/livox_ros_driver2/include/livox_ros_driver2/livox_ros_driver2/msg/detail/custom_point__rosidl_typesupport_fastrtps_cpp.hpp
[0.595s] -- Up-to-date symlink: /home/rmsentry/DUST-RM-Sentry/install/livox_ros_driver2/include/livox_ros_driver2/livox_ros_driver2/msg/rosidl_typesupport_fastrtps_cpp__visibility_control.h
[0.595s] -- Up-to-date symlink: /home/rmsentry/DUST-RM-Sentry/install/livox_ros_driver2/include/livox_ros_driver2/livox_ros_driver2/msg/detail/custom_msg__rosidl_typesupport_introspection_cpp.hpp
[0.595s] -- Up-to-date symlink: /home/rmsentry/DUST-RM-Sentry/install/livox_ros_driver2/include/livox_ros_driver2/livox_ros_driver2/msg/detail/custom_point__rosidl_typesupport_introspection_cpp.hpp
[0.595s] -- Up-to-date symlink: /home/rmsentry/DUST-RM-Sentry/install/livox_ros_driver2/share/livox_ros_driver2/environment/pythonpath.sh
[0.595s] -- Up-to-date symlink: /home/rmsentry/DUST-RM-Sentry/install/livox_ros_driver2/share/livox_ros_driver2/environment/pythonpath.dsv
[0.595s] -- Up-to-date symlink: /home/rmsentry/DUST-RM-Sentry/install/livox_ros_driver2/local/lib/python3.10/dist-packages/livox_ros_driver2-1.0.0-py3.10.egg-info/PKG-INFO
[0.595s] -- Up-to-date symlink: /home/rmsentry/DUST-RM-Sentry/install/livox_ros_driver2/local/lib/python3.10/dist-packages/livox_ros_driver2-1.0.0-py3.10.egg-info/SOURCES.txt
[0.596s] -- Up-to-date symlink: /home/rmsentry/DUST-RM-Sentry/install/livox_ros_driver2/local/lib/python3.10/dist-packages/livox_ros_driver2-1.0.0-py3.10.egg-info/dependency_links.txt
[0.596s] -- Up-to-date symlink: /home/rmsentry/DUST-RM-Sentry/install/livox_ros_driver2/local/lib/python3.10/dist-packages/livox_ros_driver2-1.0.0-py3.10.egg-info/top_level.txt
[0.596s] -- Up-to-date symlink: /home/rmsentry/DUST-RM-Sentry/install/livox_ros_driver2/local/lib/python3.10/dist-packages/livox_ros_driver2/__init__.py
[0.596s] -- Up-to-date symlink: /home/rmsentry/DUST-RM-Sentry/install/livox_ros_driver2/local/lib/python3.10/dist-packages/livox_ros_driver2/_livox_ros_driver2_s.ep.rosidl_typesupport_c.c
[0.596s] -- Up-to-date symlink: /home/rmsentry/DUST-RM-Sentry/install/livox_ros_driver2/local/lib/python3.10/dist-packages/livox_ros_driver2/_livox_ros_driver2_s.ep.rosidl_typesupport_fastrtps_c.c
[0.596s] -- Up-to-date symlink: /home/rmsentry/DUST-RM-Sentry/install/livox_ros_driver2/local/lib/python3.10/dist-packages/livox_ros_driver2/_livox_ros_driver2_s.ep.rosidl_typesupport_introspection_c.c
[0.596s] -- Up-to-date symlink: /home/rmsentry/DUST-RM-Sentry/install/livox_ros_driver2/local/lib/python3.10/dist-packages/livox_ros_driver2/liblivox_interfaces2__rosidl_generator_py.so
[0.597s] -- Up-to-date symlink: /home/rmsentry/DUST-RM-Sentry/install/livox_ros_driver2/local/lib/python3.10/dist-packages/livox_ros_driver2/livox_ros_driver2_s__rosidl_typesupport_c.cpython-310-x86_64-linux-gnu.so
[0.597s] -- Up-to-date symlink: /home/rmsentry/DUST-RM-Sentry/install/livox_ros_driver2/local/lib/python3.10/dist-packages/livox_ros_driver2/livox_ros_driver2_s__rosidl_typesupport_fastrtps_c.cpython-310-x86_64-linux-gnu.so
[0.598s] -- Up-to-date symlink: /home/rmsentry/DUST-RM-Sentry/install/livox_ros_driver2/local/lib/python3.10/dist-packages/livox_ros_driver2/livox_ros_driver2_s__rosidl_typesupport_introspection_c.cpython-310-x86_64-linux-gnu.so
[0.604s] -- Up-to-date symlink: /home/rmsentry/DUST-RM-Sentry/install/livox_ros_driver2/local/lib/python3.10/dist-packages/livox_ros_driver2/msg/__init__.py
[0.604s] -- Up-to-date symlink: /home/rmsentry/DUST-RM-Sentry/install/livox_ros_driver2/local/lib/python3.10/dist-packages/livox_ros_driver2/msg/_custom_msg.py
[0.604s] -- Up-to-date symlink: /home/rmsentry/DUST-RM-Sentry/install/livox_ros_driver2/local/lib/python3.10/dist-packages/livox_ros_driver2/msg/_custom_msg_s.c
[0.604s] -- Up-to-date symlink: /home/rmsentry/DUST-RM-Sentry/install/livox_ros_driver2/local/lib/python3.10/dist-packages/livox_ros_driver2/msg/_custom_point.py
[0.604s] -- Up-to-date symlink: /home/rmsentry/DUST-RM-Sentry/install/livox_ros_driver2/local/lib/python3.10/dist-packages/livox_ros_driver2/msg/_custom_point_s.c
[0.604s] -- Up-to-date symlink: /home/rmsentry/DUST-RM-Sentry/install/livox_ros_driver2/local/lib/python3.10/dist-packages/livox_ros_driver2/livox_ros_driver2_s__rosidl_typesupport_fastrtps_c.cpython-310-x86_64-linux-gnu.so
[0.604s] -- Up-to-date symlink: /home/rmsentry/DUST-RM-Sentry/install/livox_ros_driver2/local/lib/python3.10/dist-packages/livox_ros_driver2/livox_ros_driver2_s__rosidl_typesupport_introspection_c.cpython-310-x86_64-linux-gnu.so
[0.604s] -- Up-to-date symlink: /home/rmsentry/DUST-RM-Sentry/install/livox_ros_driver2/local/lib/python3.10/dist-packages/livox_ros_driver2/livox_ros_driver2_s__rosidl_typesupport_c.cpython-310-x86_64-linux-gnu.so
[0.606s] -- Up-to-date symlink: /home/rmsentry/DUST-RM-Sentry/install/livox_ros_driver2/share/livox_ros_driver2/msg/CustomPoint.idl
[0.606s] -- Up-to-date symlink: /home/rmsentry/DUST-RM-Sentry/install/livox_ros_driver2/share/livox_ros_driver2/msg/CustomMsg.idl
[0.606s] -- Up-to-date symlink: /home/rmsentry/DUST-RM-Sentry/install/livox_ros_driver2/share/livox_ros_driver2/msg/CustomPoint.msg
[0.606s] -- Up-to-date symlink: /home/rmsentry/DUST-RM-Sentry/install/livox_ros_driver2/share/livox_ros_driver2/msg/CustomMsg.msg
[0.606s] -- Up-to-date symlink: /home/rmsentry/DUST-RM-Sentry/install/livox_ros_driver2/lib/livox_ros_driver2/livox_ros_driver2_node
[0.606s] -- Up-to-date symlink: /home/rmsentry/DUST-RM-Sentry/install/livox_ros_driver2/lib/liblivox_ros_driver2.so
[0.606s] -- Up-to-date symlink: /home/rmsentry/DUST-RM-Sentry/install/livox_ros_driver2/share/livox_ros_driver2/config/HAP_config.json
[0.606s] -- Up-to-date symlink: /home/rmsentry/DUST-RM-Sentry/install/livox_ros_driver2/share/livox_ros_driver2/config/Horizon_config.json
[0.606s] -- Up-to-date symlink: /home/rmsentry/DUST-RM-Sentry/install/livox_ros_driver2/share/livox_ros_driver2/config/MID360_config.json
[0.607s] -- Up-to-date symlink: /home/rmsentry/DUST-RM-Sentry/install/livox_ros_driver2/share/livox_ros_driver2/config/display_point_cloud.rviz
[0.607s] -- Up-to-date symlink: /home/rmsentry/DUST-RM-Sentry/install/livox_ros_driver2/share/livox_ros_driver2/config/mixed_HAP_MID360_config.json
[0.607s] -- Up-to-date symlink: /home/rmsentry/DUST-RM-Sentry/install/livox_ros_driver2/share/livox_ros_driver2/launch/msg_HAP_launch.py
[0.607s] -- Up-to-date symlink: /home/rmsentry/DUST-RM-Sentry/install/livox_ros_driver2/share/livox_ros_driver2/launch/msg_Horizon_launch.py
[0.607s] -- Up-to-date symlink: /home/rmsentry/DUST-RM-Sentry/install/livox_ros_driver2/share/livox_ros_driver2/launch/msg_MID360_launch.py
[0.607s] -- Up-to-date symlink: /home/rmsentry/DUST-RM-Sentry/install/livox_ros_driver2/share/livox_ros_driver2/launch/rviz_HAP_launch.py
[0.607s] -- Up-to-date symlink: /home/rmsentry/DUST-RM-Sentry/install/livox_ros_driver2/share/livox_ros_driver2/launch/rviz_MID360_launch.py
[0.607s] -- Up-to-date symlink: /home/rmsentry/DUST-RM-Sentry/install/livox_ros_driver2/share/livox_ros_driver2/launch/rviz_mixed.py
[0.607s] -- Up-to-date symlink: /home/rmsentry/DUST-RM-Sentry/install/livox_ros_driver2/share/ament_index/resource_index/package_run_dependencies/livox_ros_driver2
[0.607s] -- Up-to-date symlink: /home/rmsentry/DUST-RM-Sentry/install/livox_ros_driver2/share/ament_index/resource_index/parent_prefix_path/livox_ros_driver2
[0.608s] -- Up-to-date symlink: /home/rmsentry/DUST-RM-Sentry/install/livox_ros_driver2/share/livox_ros_driver2/environment/ament_prefix_path.sh
[0.608s] -- Up-to-date symlink: /home/rmsentry/DUST-RM-Sentry/install/livox_ros_driver2/share/livox_ros_driver2/environment/ament_prefix_path.dsv
[0.608s] -- Up-to-date symlink: /home/rmsentry/DUST-RM-Sentry/install/livox_ros_driver2/share/livox_ros_driver2/environment/path.sh
[0.608s] -- Up-to-date symlink: /home/rmsentry/DUST-RM-Sentry/install/livox_ros_driver2/share/livox_ros_driver2/environment/path.dsv
[0.609s] -- Up-to-date symlink: /home/rmsentry/DUST-RM-Sentry/install/livox_ros_driver2/share/livox_ros_driver2/local_setup.bash
[0.609s] -- Up-to-date symlink: /home/rmsentry/DUST-RM-Sentry/install/livox_ros_driver2/share/livox_ros_driver2/local_setup.sh
[0.610s] -- Up-to-date symlink: /home/rmsentry/DUST-RM-Sentry/install/livox_ros_driver2/share/livox_ros_driver2/local_setup.zsh
[0.610s] -- Up-to-date symlink: /home/rmsentry/DUST-RM-Sentry/install/livox_ros_driver2/share/livox_ros_driver2/local_setup.dsv
[0.610s] -- Symlinking: /home/rmsentry/DUST-RM-Sentry/install/livox_ros_driver2/share/livox_ros_driver2/package.dsv
[0.610s] -- Up-to-date symlink: /home/rmsentry/DUST-RM-Sentry/install/livox_ros_driver2/share/ament_index/resource_index/packages/livox_ros_driver2
[0.610s] -- Up-to-date symlink: /home/rmsentry/DUST-RM-Sentry/install/livox_ros_driver2/share/ament_index/resource_index/rclcpp_components/livox_ros_driver2
[0.610s] -- Up-to-date symlink: /home/rmsentry/DUST-RM-Sentry/install/livox_ros_driver2/share/livox_ros_driver2/cmake/rosidl_cmake-extras.cmake
[0.611s] -- Up-to-date symlink: /home/rmsentry/DUST-RM-Sentry/install/livox_ros_driver2/share/livox_ros_driver2/cmake/ament_cmake_export_dependencies-extras.cmake
[0.611s] -- Up-to-date symlink: /home/rmsentry/DUST-RM-Sentry/install/livox_ros_driver2/share/livox_ros_driver2/cmake/ament_cmake_export_include_directories-extras.cmake
[0.611s] -- Up-to-date symlink: /home/rmsentry/DUST-RM-Sentry/install/livox_ros_driver2/share/livox_ros_driver2/cmake/ament_cmake_export_libraries-extras.cmake
[0.611s] -- Up-to-date symlink: /home/rmsentry/DUST-RM-Sentry/install/livox_ros_driver2/share/livox_ros_driver2/cmake/ament_cmake_export_targets-extras.cmake
[0.611s] -- Up-to-date symlink: /home/rmsentry/DUST-RM-Sentry/install/livox_ros_driver2/share/livox_ros_driver2/cmake/rosidl_cmake_export_typesupport_targets-extras.cmake
[0.626s] -- Up-to-date symlink: /home/rmsentry/DUST-RM-Sentry/install/livox_ros_driver2/share/livox_ros_driver2/cmake/rosidl_cmake_export_typesupport_libraries-extras.cmake
[0.626s] -- Up-to-date symlink: /home/rmsentry/DUST-RM-Sentry/install/livox_ros_driver2/share/livox_ros_driver2/cmake/livox_ros_driver2Config.cmake
[0.627s] -- Up-to-date symlink: /home/rmsentry/DUST-RM-Sentry/install/livox_ros_driver2/share/livox_ros_driver2/cmake/livox_ros_driver2Config-version.cmake
[0.627s] -- Up-to-date symlink: /home/rmsentry/DUST-RM-Sentry/install/livox_ros_driver2/share/livox_ros_driver2/package.xml
[0.627s] -- Up-to-date: /home/rmsentry/DUST-RM-Sentry/install/livox_ros_driver2/lib/liblivox_ros_driver2__rosidl_generator_c.so
[0.627s] -- Up-to-date: /home/rmsentry/DUST-RM-Sentry/install/livox_ros_driver2/lib/liblivox_ros_driver2__rosidl_typesupport_fastrtps_c.so
[0.627s] -- Up-to-date: /home/rmsentry/DUST-RM-Sentry/install/livox_ros_driver2/lib/liblivox_ros_driver2__rosidl_typesupport_introspection_c.so
[0.627s] -- Up-to-date: /home/rmsentry/DUST-RM-Sentry/install/livox_ros_driver2/lib/liblivox_ros_driver2__rosidl_typesupport_c.so
[0.627s] -- Up-to-date: /home/rmsentry/DUST-RM-Sentry/install/livox_ros_driver2/lib/liblivox_ros_driver2__rosidl_typesupport_fastrtps_cpp.so
[0.627s] -- Up-to-date: /home/rmsentry/DUST-RM-Sentry/install/livox_ros_driver2/lib/liblivox_ros_driver2__rosidl_typesupport_introspection_cpp.so
[0.627s] -- Up-to-date: /home/rmsentry/DUST-RM-Sentry/install/livox_ros_driver2/lib/liblivox_ros_driver2__rosidl_typesupport_cpp.so
[0.652s] Listing '/home/rmsentry/DUST-RM-Sentry/install/livox_ros_driver2/local/lib/python3.10/dist-packages/livox_ros_driver2'...
[0.652s] Listing '/home/rmsentry/DUST-RM-Sentry/install/livox_ros_driver2/local/lib/python3.10/dist-packages/livox_ros_driver2/msg'...
[0.652s] -- Up-to-date: /home/rmsentry/DUST-RM-Sentry/install/livox_ros_driver2/lib/liblivox_interfaces2__rosidl_generator_py.so
[0.652s] -- Up-to-date: /home/rmsentry/DUST-RM-Sentry/install/livox_ros_driver2/share/livox_ros_driver2/cmake/export_livox_interfaces2__rosidl_generator_cExport.cmake
[0.652s] -- Up-to-date: /home/rmsentry/DUST-RM-Sentry/install/livox_ros_driver2/share/livox_ros_driver2/cmake/export_livox_interfaces2__rosidl_generator_cExport-noconfig.cmake
[0.652s] -- Up-to-date: /home/rmsentry/DUST-RM-Sentry/install/livox_ros_driver2/share/livox_ros_driver2/cmake/export_livox_interfaces2__rosidl_typesupport_fastrtps_cExport.cmake
[0.652s] -- Up-to-date: /home/rmsentry/DUST-RM-Sentry/install/livox_ros_driver2/share/livox_ros_driver2/cmake/export_livox_interfaces2__rosidl_typesupport_fastrtps_cExport-noconfig.cmake
[0.652s] -- Up-to-date: /home/rmsentry/DUST-RM-Sentry/install/livox_ros_driver2/share/livox_ros_driver2/cmake/livox_interfaces2__rosidl_typesupport_introspection_cExport.cmake
[0.652s] -- Up-to-date: /home/rmsentry/DUST-RM-Sentry/install/livox_ros_driver2/share/livox_ros_driver2/cmake/livox_interfaces2__rosidl_typesupport_introspection_cExport-noconfig.cmake
[0.653s] -- Up-to-date: /home/rmsentry/DUST-RM-Sentry/install/livox_ros_driver2/share/livox_ros_driver2/cmake/livox_interfaces2__rosidl_typesupport_cExport.cmake
[0.653s] -- Up-to-date: /home/rmsentry/DUST-RM-Sentry/install/livox_ros_driver2/share/livox_ros_driver2/cmake/livox_interfaces2__rosidl_typesupport_cExport-noconfig.cmake
[0.653s] -- Up-to-date: /home/rmsentry/DUST-RM-Sentry/install/livox_ros_driver2/share/livox_ros_driver2/cmake/export_livox_interfaces2__rosidl_generator_cppExport.cmake
[0.653s] -- Up-to-date: /home/rmsentry/DUST-RM-Sentry/install/livox_ros_driver2/share/livox_ros_driver2/cmake/export_livox_interfaces2__rosidl_typesupport_fastrtps_cppExport.cmake
[0.653s] -- Up-to-date: /home/rmsentry/DUST-RM-Sentry/install/livox_ros_driver2/share/livox_ros_driver2/cmake/export_livox_interfaces2__rosidl_typesupport_fastrtps_cppExport-noconfig.cmake
[0.653s] -- Up-to-date: /home/rmsentry/DUST-RM-Sentry/install/livox_ros_driver2/share/livox_ros_driver2/cmake/livox_interfaces2__rosidl_typesupport_introspection_cppExport.cmake
[0.653s] -- Up-to-date: /home/rmsentry/DUST-RM-Sentry/install/livox_ros_driver2/share/livox_ros_driver2/cmake/livox_interfaces2__rosidl_typesupport_introspection_cppExport-noconfig.cmake
[0.653s] -- Up-to-date: /home/rmsentry/DUST-RM-Sentry/install/livox_ros_driver2/share/livox_ros_driver2/cmake/livox_interfaces2__rosidl_typesupport_cppExport.cmake
[0.653s] -- Up-to-date: /home/rmsentry/DUST-RM-Sentry/install/livox_ros_driver2/share/livox_ros_driver2/cmake/livox_interfaces2__rosidl_typesupport_cppExport-noconfig.cmake
[0.653s] -- Up-to-date: /home/rmsentry/DUST-RM-Sentry/install/livox_ros_driver2/share/livox_ros_driver2/cmake/export_livox_interfaces2__rosidl_generator_pyExport.cmake
[0.653s] -- Up-to-date: /home/rmsentry/DUST-RM-Sentry/install/livox_ros_driver2/share/livox_ros_driver2/cmake/export_livox_interfaces2__rosidl_generator_pyExport-noconfig.cmake
[0.672s] Invoked command in '/home/rmsentry/DUST-RM-Sentry/build/livox_ros_driver2' returned '0': CMAKE_PREFIX_PATH=${CMAKE_PREFIX_PATH}:/home/rmsentry/DUST-RM-Sentry/install/rm_decision:/home/rmsentry/DUST-RM-Sentry/install/fake_msg_publisher:/opt/ros/humble /usr/local/bin/cmake --install /home/rmsentry/DUST-RM-Sentry/build/livox_ros_driver2
