[0.515s] Invoking command in '/home/rmsentry/DUST-RM-Sentry/build/fast_lio': CMAKE_PREFIX_PATH=/home/rmsentry/DUST-RM-Sentry/install/livox_ros_driver2:/home/rmsentry/DUST-RM-Sentry/install/vision_msg:/home/rmsentry/DUST-RM-Sentry/install/teb_local_planner:/home/rmsentry/DUST-RM-Sentry/install/teb_msgs:/home/rmsentry/DUST-RM-Sentry/install/robot_decision:/home/rmsentry/DUST-RM-Sentry/install/rm_bringup:/home/rmsentry/DUST-RM-Sentry/install/rm_serial_driver:/home/rmsentry/DUST-RM-Sentry/install/rm_robot_description:/home/rmsentry/DUST-RM-Sentry/install/rm_navigation:/home/rmsentry/DUST-RM-Sentry/install/rm_gimbal_description:/home/rmsentry/DUST-RM-Sentry/install/rm_decision_interfaces:/home/rmsentry/DUST-RM-Sentry/install/rm_auto_aim:/home/rmsentry/DUST-RM-Sentry/install/pointcloud_to_laserscan:/home/rmsentry/DUST-RM-Sentry/install/pointcloud_merger:/home/rmsentry/DUST-RM-Sentry/install/point_lio:/home/rmsentry/DUST-RM-Sentry/install/livox_ros2_driver:/home/rmsentry/DUST-RM-Sentry/install/livox_sdk_vendor:/home/rmsentry/DUST-RM-Sentry/install/icp_registration:/home/rmsentry/DUST-RM-Sentry/install/fast_lio:/home/rmsentry/DUST-RM-Sentry/install/livox_interfaces:/home/rmsentry/DUST-RM-Sentry/install/linefit_ground_segmentation_ros:/home/rmsentry/DUST-RM-Sentry/install/linefit_ground_segmentation:/home/rmsentry/DUST-RM-Sentry/install/imu_complementary_filter:/home/rmsentry/DUST-RM-Sentry/install/hik_camera_second:/home/rmsentry/DUST-RM-Sentry/install/hik_camera_first:/home/rmsentry/DUST-RM-Sentry/install/hik_camera:/home/rmsentry/DUST-RM-Sentry/install/global_interface:/home/rmsentry/DUST-RM-Sentry/install/costmap_converter:/home/rmsentry/DUST-RM-Sentry/install/costmap_converter_msgs:/home/rmsentry/DUST-RM-Sentry/install/armor_tracker:/home/rmsentry/DUST-RM-Sentry/install/armor_solver:/home/rmsentry/DUST-RM-Sentry/install/armor_detector:/home/rmsentry/DUST-RM-Sentry/install/auto_aim_interfaces:/home/rmsentry/DUST-RM-Sentry/install/rm_decision:/home/rmsentry/DUST-RM-Sentry/install/fake_msg_publisher:/opt/ros/humble LD_LIBRARY_PATH=/home/rmsentry/DUST-RM-Sentry/install/livox_ros_driver2/lib:/home/rmsentry/DUST-RM-Sentry/install/vision_msg/lib:/home/rmsentry/DUST-RM-Sentry/install/teb_local_planner/lib:/home/rmsentry/DUST-RM-Sentry/install/teb_msgs/lib:/home/rmsentry/DUST-RM-Sentry/install/robot_decision/lib:/home/rmsentry/DUST-RM-Sentry/install/rm_serial_driver/lib:/home/rmsentry/DUST-RM-Sentry/install/rm_decision_interfaces/lib:/home/rmsentry/DUST-RM-Sentry/install/pointcloud_to_laserscan/lib:/home/rmsentry/DUST-RM-Sentry/install/livox_ros2_driver/lib:/home/rmsentry/DUST-RM-Sentry/install/icp_registration/lib:/home/rmsentry/DUST-RM-Sentry/install/fast_lio/lib:/home/rmsentry/DUST-RM-Sentry/install/livox_interfaces/lib:/home/rmsentry/DUST-RM-Sentry/install/linefit_ground_segmentation/lib:/home/rmsentry/DUST-RM-Sentry/install/imu_complementary_filter/lib:/home/rmsentry/DUST-RM-Sentry/install/hik_camera_second/lib:/home/rmsentry/DUST-RM-Sentry/install/hik_camera_first/lib:/home/rmsentry/DUST-RM-Sentry/install/hik_camera/lib:/home/rmsentry/DUST-RM-Sentry/install/global_interface/lib:/home/rmsentry/DUST-RM-Sentry/install/costmap_converter/lib:/home/rmsentry/DUST-RM-Sentry/install/costmap_converter_msgs/lib:/home/rmsentry/DUST-RM-Sentry/install/armor_tracker/lib:/home/rmsentry/DUST-RM-Sentry/install/armor_solver/lib:/home/rmsentry/DUST-RM-Sentry/install/armor_detector/lib:/home/rmsentry/DUST-RM-Sentry/install/auto_aim_interfaces/lib:/opt/MVS/lib/64:/opt/MVS/lib/32:/usr/local/lib:/opt/MVS/lib/64:/opt/MVS/lib/32:/opt/MVS/lib/64:/opt/MVS/lib/32:/usr/local/lib:/opt/ros/humble/opt/rviz_ogre_vendor/lib:/opt/ros/humble/lib/x86_64-linux-gnu:/opt/ros/humble/lib:/opt/MVS/lib/64:/opt/MVS/lib/32:/opt/MVS/lib/64:/opt/MVS/lib/32:/opt/MVS/lib/64:/opt/MVS/lib/32 /usr/local/bin/cmake --build /home/rmsentry/DUST-RM-Sentry/build/fast_lio -- -j12 -l12
[0.549s] [  2%] Built target fast_lio__cpp
[0.549s] [ 11%] Built target fast_lio__rosidl_generator_c
[0.553s] [ 11%] Built target ament_cmake_python_symlink_fast_lio
[0.568s] [ 20%] Built target fast_lio__rosidl_typesupport_cpp
[0.568s] [ 28%] Built target fast_lio__rosidl_typesupport_fastrtps_cpp
[0.568s] [ 37%] Built target fast_lio__rosidl_typesupport_introspection_c
[0.571s] [ 45%] Built target fast_lio__rosidl_typesupport_c
[0.580s] [ 54%] Built target fast_lio__rosidl_typesupport_introspection_cpp
[0.588s] [ 62%] Built target fast_lio__rosidl_typesupport_fastrtps_c
[0.597s] [ 62%] Built target fast_lio
[0.604s] [ 74%] Built target fastlio_mapping
[0.605s] [ 77%] Built target fast_lio__py
[0.633s] [ 82%] Built target fast_lio__rosidl_generator_py
[0.652s] [ 88%] Built target fast_lio__rosidl_typesupport_c__pyext
[0.663s] [ 94%] Built target fast_lio__rosidl_typesupport_introspection_c__pyext
[0.664s] [100%] Built target fast_lio__rosidl_typesupport_fastrtps_c__pyext
[0.848s] running egg_info
[0.849s] writing fast_lio.egg-info/PKG-INFO
[0.849s] writing dependency_links to fast_lio.egg-info/dependency_links.txt
[0.850s] writing top-level names to fast_lio.egg-info/top_level.txt
[0.852s] reading manifest file 'fast_lio.egg-info/SOURCES.txt'
[0.854s] writing manifest file 'fast_lio.egg-info/SOURCES.txt'
[0.889s] [100%] Built target ament_cmake_python_build_fast_lio_egg
[0.918s] Invoked command in '/home/rmsentry/DUST-RM-Sentry/build/fast_lio' returned '0': CMAKE_PREFIX_PATH=/home/rmsentry/DUST-RM-Sentry/install/livox_ros_driver2:/home/rmsentry/DUST-RM-Sentry/install/vision_msg:/home/rmsentry/DUST-RM-Sentry/install/teb_local_planner:/home/rmsentry/DUST-RM-Sentry/install/teb_msgs:/home/rmsentry/DUST-RM-Sentry/install/robot_decision:/home/rmsentry/DUST-RM-Sentry/install/rm_bringup:/home/rmsentry/DUST-RM-Sentry/install/rm_serial_driver:/home/rmsentry/DUST-RM-Sentry/install/rm_robot_description:/home/rmsentry/DUST-RM-Sentry/install/rm_navigation:/home/rmsentry/DUST-RM-Sentry/install/rm_gimbal_description:/home/rmsentry/DUST-RM-Sentry/install/rm_decision_interfaces:/home/rmsentry/DUST-RM-Sentry/install/rm_auto_aim:/home/rmsentry/DUST-RM-Sentry/install/pointcloud_to_laserscan:/home/rmsentry/DUST-RM-Sentry/install/pointcloud_merger:/home/rmsentry/DUST-RM-Sentry/install/point_lio:/home/rmsentry/DUST-RM-Sentry/install/livox_ros2_driver:/home/rmsentry/DUST-RM-Sentry/install/livox_sdk_vendor:/home/rmsentry/DUST-RM-Sentry/install/icp_registration:/home/rmsentry/DUST-RM-Sentry/install/fast_lio:/home/rmsentry/DUST-RM-Sentry/install/livox_interfaces:/home/rmsentry/DUST-RM-Sentry/install/linefit_ground_segmentation_ros:/home/rmsentry/DUST-RM-Sentry/install/linefit_ground_segmentation:/home/rmsentry/DUST-RM-Sentry/install/imu_complementary_filter:/home/rmsentry/DUST-RM-Sentry/install/hik_camera_second:/home/rmsentry/DUST-RM-Sentry/install/hik_camera_first:/home/rmsentry/DUST-RM-Sentry/install/hik_camera:/home/rmsentry/DUST-RM-Sentry/install/global_interface:/home/rmsentry/DUST-RM-Sentry/install/costmap_converter:/home/rmsentry/DUST-RM-Sentry/install/costmap_converter_msgs:/home/rmsentry/DUST-RM-Sentry/install/armor_tracker:/home/rmsentry/DUST-RM-Sentry/install/armor_solver:/home/rmsentry/DUST-RM-Sentry/install/armor_detector:/home/rmsentry/DUST-RM-Sentry/install/auto_aim_interfaces:/home/rmsentry/DUST-RM-Sentry/install/rm_decision:/home/rmsentry/DUST-RM-Sentry/install/fake_msg_publisher:/opt/ros/humble LD_LIBRARY_PATH=/home/rmsentry/DUST-RM-Sentry/install/livox_ros_driver2/lib:/home/rmsentry/DUST-RM-Sentry/install/vision_msg/lib:/home/rmsentry/DUST-RM-Sentry/install/teb_local_planner/lib:/home/rmsentry/DUST-RM-Sentry/install/teb_msgs/lib:/home/rmsentry/DUST-RM-Sentry/install/robot_decision/lib:/home/rmsentry/DUST-RM-Sentry/install/rm_serial_driver/lib:/home/rmsentry/DUST-RM-Sentry/install/rm_decision_interfaces/lib:/home/rmsentry/DUST-RM-Sentry/install/pointcloud_to_laserscan/lib:/home/rmsentry/DUST-RM-Sentry/install/livox_ros2_driver/lib:/home/rmsentry/DUST-RM-Sentry/install/icp_registration/lib:/home/rmsentry/DUST-RM-Sentry/install/fast_lio/lib:/home/rmsentry/DUST-RM-Sentry/install/livox_interfaces/lib:/home/rmsentry/DUST-RM-Sentry/install/linefit_ground_segmentation/lib:/home/rmsentry/DUST-RM-Sentry/install/imu_complementary_filter/lib:/home/rmsentry/DUST-RM-Sentry/install/hik_camera_second/lib:/home/rmsentry/DUST-RM-Sentry/install/hik_camera_first/lib:/home/rmsentry/DUST-RM-Sentry/install/hik_camera/lib:/home/rmsentry/DUST-RM-Sentry/install/global_interface/lib:/home/rmsentry/DUST-RM-Sentry/install/costmap_converter/lib:/home/rmsentry/DUST-RM-Sentry/install/costmap_converter_msgs/lib:/home/rmsentry/DUST-RM-Sentry/install/armor_tracker/lib:/home/rmsentry/DUST-RM-Sentry/install/armor_solver/lib:/home/rmsentry/DUST-RM-Sentry/install/armor_detector/lib:/home/rmsentry/DUST-RM-Sentry/install/auto_aim_interfaces/lib:/opt/MVS/lib/64:/opt/MVS/lib/32:/usr/local/lib:/opt/MVS/lib/64:/opt/MVS/lib/32:/opt/MVS/lib/64:/opt/MVS/lib/32:/usr/local/lib:/opt/ros/humble/opt/rviz_ogre_vendor/lib:/opt/ros/humble/lib/x86_64-linux-gnu:/opt/ros/humble/lib:/opt/MVS/lib/64:/opt/MVS/lib/32:/opt/MVS/lib/64:/opt/MVS/lib/32:/opt/MVS/lib/64:/opt/MVS/lib/32 /usr/local/bin/cmake --build /home/rmsentry/DUST-RM-Sentry/build/fast_lio -- -j12 -l12
[0.919s] Invoking command in '/home/rmsentry/DUST-RM-Sentry/build/fast_lio': CMAKE_PREFIX_PATH=/home/rmsentry/DUST-RM-Sentry/install/livox_ros_driver2:/home/rmsentry/DUST-RM-Sentry/install/vision_msg:/home/rmsentry/DUST-RM-Sentry/install/teb_local_planner:/home/rmsentry/DUST-RM-Sentry/install/teb_msgs:/home/rmsentry/DUST-RM-Sentry/install/robot_decision:/home/rmsentry/DUST-RM-Sentry/install/rm_bringup:/home/rmsentry/DUST-RM-Sentry/install/rm_serial_driver:/home/rmsentry/DUST-RM-Sentry/install/rm_robot_description:/home/rmsentry/DUST-RM-Sentry/install/rm_navigation:/home/rmsentry/DUST-RM-Sentry/install/rm_gimbal_description:/home/rmsentry/DUST-RM-Sentry/install/rm_decision_interfaces:/home/rmsentry/DUST-RM-Sentry/install/rm_auto_aim:/home/rmsentry/DUST-RM-Sentry/install/pointcloud_to_laserscan:/home/rmsentry/DUST-RM-Sentry/install/pointcloud_merger:/home/rmsentry/DUST-RM-Sentry/install/point_lio:/home/rmsentry/DUST-RM-Sentry/install/livox_ros2_driver:/home/rmsentry/DUST-RM-Sentry/install/livox_sdk_vendor:/home/rmsentry/DUST-RM-Sentry/install/icp_registration:/home/rmsentry/DUST-RM-Sentry/install/fast_lio:/home/rmsentry/DUST-RM-Sentry/install/livox_interfaces:/home/rmsentry/DUST-RM-Sentry/install/linefit_ground_segmentation_ros:/home/rmsentry/DUST-RM-Sentry/install/linefit_ground_segmentation:/home/rmsentry/DUST-RM-Sentry/install/imu_complementary_filter:/home/rmsentry/DUST-RM-Sentry/install/hik_camera_second:/home/rmsentry/DUST-RM-Sentry/install/hik_camera_first:/home/rmsentry/DUST-RM-Sentry/install/hik_camera:/home/rmsentry/DUST-RM-Sentry/install/global_interface:/home/rmsentry/DUST-RM-Sentry/install/costmap_converter:/home/rmsentry/DUST-RM-Sentry/install/costmap_converter_msgs:/home/rmsentry/DUST-RM-Sentry/install/armor_tracker:/home/rmsentry/DUST-RM-Sentry/install/armor_solver:/home/rmsentry/DUST-RM-Sentry/install/armor_detector:/home/rmsentry/DUST-RM-Sentry/install/auto_aim_interfaces:/home/rmsentry/DUST-RM-Sentry/install/rm_decision:/home/rmsentry/DUST-RM-Sentry/install/fake_msg_publisher:/opt/ros/humble LD_LIBRARY_PATH=/home/rmsentry/DUST-RM-Sentry/install/livox_ros_driver2/lib:/home/rmsentry/DUST-RM-Sentry/install/vision_msg/lib:/home/rmsentry/DUST-RM-Sentry/install/teb_local_planner/lib:/home/rmsentry/DUST-RM-Sentry/install/teb_msgs/lib:/home/rmsentry/DUST-RM-Sentry/install/robot_decision/lib:/home/rmsentry/DUST-RM-Sentry/install/rm_serial_driver/lib:/home/rmsentry/DUST-RM-Sentry/install/rm_decision_interfaces/lib:/home/rmsentry/DUST-RM-Sentry/install/pointcloud_to_laserscan/lib:/home/rmsentry/DUST-RM-Sentry/install/livox_ros2_driver/lib:/home/rmsentry/DUST-RM-Sentry/install/icp_registration/lib:/home/rmsentry/DUST-RM-Sentry/install/fast_lio/lib:/home/rmsentry/DUST-RM-Sentry/install/livox_interfaces/lib:/home/rmsentry/DUST-RM-Sentry/install/linefit_ground_segmentation/lib:/home/rmsentry/DUST-RM-Sentry/install/imu_complementary_filter/lib:/home/rmsentry/DUST-RM-Sentry/install/hik_camera_second/lib:/home/rmsentry/DUST-RM-Sentry/install/hik_camera_first/lib:/home/rmsentry/DUST-RM-Sentry/install/hik_camera/lib:/home/rmsentry/DUST-RM-Sentry/install/global_interface/lib:/home/rmsentry/DUST-RM-Sentry/install/costmap_converter/lib:/home/rmsentry/DUST-RM-Sentry/install/costmap_converter_msgs/lib:/home/rmsentry/DUST-RM-Sentry/install/armor_tracker/lib:/home/rmsentry/DUST-RM-Sentry/install/armor_solver/lib:/home/rmsentry/DUST-RM-Sentry/install/armor_detector/lib:/home/rmsentry/DUST-RM-Sentry/install/auto_aim_interfaces/lib:/opt/MVS/lib/64:/opt/MVS/lib/32:/usr/local/lib:/opt/MVS/lib/64:/opt/MVS/lib/32:/opt/MVS/lib/64:/opt/MVS/lib/32:/usr/local/lib:/opt/ros/humble/opt/rviz_ogre_vendor/lib:/opt/ros/humble/lib/x86_64-linux-gnu:/opt/ros/humble/lib:/opt/MVS/lib/64:/opt/MVS/lib/32:/opt/MVS/lib/64:/opt/MVS/lib/32:/opt/MVS/lib/64:/opt/MVS/lib/32 /usr/local/bin/cmake --install /home/rmsentry/DUST-RM-Sentry/build/fast_lio
[0.923s] -- Install configuration: "Release"
[0.924s] -- Execute custom install script
[0.924s] -- Up-to-date symlink: /home/rmsentry/DUST-RM-Sentry/install/fast_lio/share/ament_index/resource_index/rosidl_interfaces/fast_lio
[0.924s] -- Up-to-date symlink: /home/rmsentry/DUST-RM-Sentry/install/fast_lio/include/fast_lio/fast_lio/msg/detail/pose6_d__functions.h
[0.924s] -- Up-to-date symlink: /home/rmsentry/DUST-RM-Sentry/install/fast_lio/include/fast_lio/fast_lio/msg/detail/pose6_d__struct.h
[0.924s] -- Up-to-date symlink: /home/rmsentry/DUST-RM-Sentry/install/fast_lio/include/fast_lio/fast_lio/msg/detail/pose6_d__type_support.h
[0.924s] -- Up-to-date symlink: /home/rmsentry/DUST-RM-Sentry/install/fast_lio/include/fast_lio/fast_lio/msg/pose6_d.h
[0.925s] -- Up-to-date symlink: /home/rmsentry/DUST-RM-Sentry/install/fast_lio/include/fast_lio/fast_lio/msg/rosidl_generator_c__visibility_control.h
[0.925s] -- Up-to-date symlink: /home/rmsentry/DUST-RM-Sentry/install/fast_lio/share/fast_lio/environment/library_path.sh
[0.925s] -- Up-to-date symlink: /home/rmsentry/DUST-RM-Sentry/install/fast_lio/share/fast_lio/environment/library_path.dsv
[0.925s] -- Up-to-date symlink: /home/rmsentry/DUST-RM-Sentry/install/fast_lio/include/fast_lio/fast_lio/msg/detail/pose6_d__rosidl_typesupport_fastrtps_c.h
[0.925s] -- Up-to-date symlink: /home/rmsentry/DUST-RM-Sentry/install/fast_lio/include/fast_lio/fast_lio/msg/rosidl_typesupport_fastrtps_c__visibility_control.h
[0.926s] -- Up-to-date symlink: /home/rmsentry/DUST-RM-Sentry/install/fast_lio/include/fast_lio/fast_lio/msg/detail/pose6_d__builder.hpp
[0.926s] -- Up-to-date symlink: /home/rmsentry/DUST-RM-Sentry/install/fast_lio/include/fast_lio/fast_lio/msg/detail/pose6_d__struct.hpp
[0.926s] -- Up-to-date symlink: /home/rmsentry/DUST-RM-Sentry/install/fast_lio/include/fast_lio/fast_lio/msg/detail/pose6_d__traits.hpp
[0.926s] -- Up-to-date symlink: /home/rmsentry/DUST-RM-Sentry/install/fast_lio/include/fast_lio/fast_lio/msg/detail/pose6_d__type_support.hpp
[0.926s] -- Up-to-date symlink: /home/rmsentry/DUST-RM-Sentry/install/fast_lio/include/fast_lio/fast_lio/msg/pose6_d.hpp
[0.927s] -- Up-to-date symlink: /home/rmsentry/DUST-RM-Sentry/install/fast_lio/include/fast_lio/fast_lio/msg/rosidl_generator_cpp__visibility_control.hpp
[0.927s] -- Up-to-date symlink: /home/rmsentry/DUST-RM-Sentry/install/fast_lio/include/fast_lio/fast_lio/msg/detail/pose6_d__rosidl_typesupport_fastrtps_cpp.hpp
[0.927s] -- Up-to-date symlink: /home/rmsentry/DUST-RM-Sentry/install/fast_lio/include/fast_lio/fast_lio/msg/rosidl_typesupport_fastrtps_cpp__visibility_control.h
[0.927s] -- Up-to-date symlink: /home/rmsentry/DUST-RM-Sentry/install/fast_lio/include/fast_lio/fast_lio/msg/detail/pose6_d__rosidl_typesupport_introspection_c.h
[0.928s] -- Up-to-date symlink: /home/rmsentry/DUST-RM-Sentry/install/fast_lio/include/fast_lio/fast_lio/msg/rosidl_typesupport_introspection_c__visibility_control.h
[0.929s] -- Up-to-date symlink: /home/rmsentry/DUST-RM-Sentry/install/fast_lio/include/fast_lio/fast_lio/msg/detail/pose6_d__rosidl_typesupport_introspection_cpp.hpp
[0.929s] -- Up-to-date symlink: /home/rmsentry/DUST-RM-Sentry/install/fast_lio/share/fast_lio/environment/pythonpath.sh
[0.929s] -- Up-to-date symlink: /home/rmsentry/DUST-RM-Sentry/install/fast_lio/share/fast_lio/environment/pythonpath.dsv
[0.929s] -- Up-to-date symlink: /home/rmsentry/DUST-RM-Sentry/install/fast_lio/local/lib/python3.10/dist-packages/fast_lio-0.0.0-py3.10.egg-info/PKG-INFO
[0.929s] -- Up-to-date symlink: /home/rmsentry/DUST-RM-Sentry/install/fast_lio/local/lib/python3.10/dist-packages/fast_lio-0.0.0-py3.10.egg-info/SOURCES.txt
[0.929s] -- Up-to-date symlink: /home/rmsentry/DUST-RM-Sentry/install/fast_lio/local/lib/python3.10/dist-packages/fast_lio-0.0.0-py3.10.egg-info/dependency_links.txt
[0.929s] -- Up-to-date symlink: /home/rmsentry/DUST-RM-Sentry/install/fast_lio/local/lib/python3.10/dist-packages/fast_lio-0.0.0-py3.10.egg-info/top_level.txt
[0.929s] -- Up-to-date symlink: /home/rmsentry/DUST-RM-Sentry/install/fast_lio/local/lib/python3.10/dist-packages/fast_lio/__init__.py
[0.929s] -- Up-to-date symlink: /home/rmsentry/DUST-RM-Sentry/install/fast_lio/local/lib/python3.10/dist-packages/fast_lio/_fast_lio_s.ep.rosidl_typesupport_c.c
[0.930s] -- Up-to-date symlink: /home/rmsentry/DUST-RM-Sentry/install/fast_lio/local/lib/python3.10/dist-packages/fast_lio/_fast_lio_s.ep.rosidl_typesupport_fastrtps_c.c
[0.930s] -- Up-to-date symlink: /home/rmsentry/DUST-RM-Sentry/install/fast_lio/local/lib/python3.10/dist-packages/fast_lio/_fast_lio_s.ep.rosidl_typesupport_introspection_c.c
[0.930s] -- Up-to-date symlink: /home/rmsentry/DUST-RM-Sentry/install/fast_lio/local/lib/python3.10/dist-packages/fast_lio/fast_lio_s__rosidl_typesupport_c.cpython-310-x86_64-linux-gnu.so
[0.930s] -- Up-to-date symlink: /home/rmsentry/DUST-RM-Sentry/install/fast_lio/local/lib/python3.10/dist-packages/fast_lio/fast_lio_s__rosidl_typesupport_fastrtps_c.cpython-310-x86_64-linux-gnu.so
[0.930s] -- Up-to-date symlink: /home/rmsentry/DUST-RM-Sentry/install/fast_lio/local/lib/python3.10/dist-packages/fast_lio/fast_lio_s__rosidl_typesupport_introspection_c.cpython-310-x86_64-linux-gnu.so
[0.930s] -- Up-to-date symlink: /home/rmsentry/DUST-RM-Sentry/install/fast_lio/local/lib/python3.10/dist-packages/fast_lio/libfast_lio__rosidl_generator_py.so
[0.930s] -- Up-to-date symlink: /home/rmsentry/DUST-RM-Sentry/install/fast_lio/local/lib/python3.10/dist-packages/fast_lio/msg/__init__.py
[0.930s] -- Up-to-date symlink: /home/rmsentry/DUST-RM-Sentry/install/fast_lio/local/lib/python3.10/dist-packages/fast_lio/msg/_pose6_d.py
[0.930s] -- Up-to-date symlink: /home/rmsentry/DUST-RM-Sentry/install/fast_lio/local/lib/python3.10/dist-packages/fast_lio/msg/_pose6_d_s.c
[0.930s] -- Up-to-date symlink: /home/rmsentry/DUST-RM-Sentry/install/fast_lio/local/lib/python3.10/dist-packages/fast_lio/fast_lio_s__rosidl_typesupport_fastrtps_c.cpython-310-x86_64-linux-gnu.so
[0.930s] -- Up-to-date symlink: /home/rmsentry/DUST-RM-Sentry/install/fast_lio/local/lib/python3.10/dist-packages/fast_lio/fast_lio_s__rosidl_typesupport_introspection_c.cpython-310-x86_64-linux-gnu.so
[0.930s] -- Up-to-date symlink: /home/rmsentry/DUST-RM-Sentry/install/fast_lio/local/lib/python3.10/dist-packages/fast_lio/fast_lio_s__rosidl_typesupport_c.cpython-310-x86_64-linux-gnu.so
[0.930s] -- Up-to-date symlink: /home/rmsentry/DUST-RM-Sentry/install/fast_lio/share/fast_lio/msg/Pose6D.idl
[0.930s] -- Up-to-date symlink: /home/rmsentry/DUST-RM-Sentry/install/fast_lio/share/fast_lio/msg/Pose6D.msg
[0.930s] -- Up-to-date symlink: /home/rmsentry/DUST-RM-Sentry/install/fast_lio/lib/fast_lio/fastlio_mapping
[0.930s] -- Up-to-date symlink: /home/rmsentry/DUST-RM-Sentry/install/fast_lio/share/fast_lio/config/avia.yaml
[0.930s] -- Up-to-date symlink: /home/rmsentry/DUST-RM-Sentry/install/fast_lio/share/fast_lio/config/horizon.yaml
[0.930s] -- Up-to-date symlink: /home/rmsentry/DUST-RM-Sentry/install/fast_lio/share/fast_lio/config/mid360.yaml
[0.931s] -- Up-to-date symlink: /home/rmsentry/DUST-RM-Sentry/install/fast_lio/share/fast_lio/config/ouster64.yaml
[0.931s] -- Up-to-date symlink: /home/rmsentry/DUST-RM-Sentry/install/fast_lio/share/fast_lio/config/velodyne.yaml
[0.931s] -- Up-to-date symlink: /home/rmsentry/DUST-RM-Sentry/install/fast_lio/share/fast_lio/launch/gdb_debug_example.launch
[0.931s] -- Up-to-date symlink: /home/rmsentry/DUST-RM-Sentry/install/fast_lio/share/fast_lio/launch/mapping.launch.py
[0.931s] -- Up-to-date symlink: /home/rmsentry/DUST-RM-Sentry/install/fast_lio/share/fast_lio/rviz/fastlio.rviz
[0.931s] -- Up-to-date symlink: /home/rmsentry/DUST-RM-Sentry/install/fast_lio/share/ament_index/resource_index/package_run_dependencies/fast_lio
[0.931s] -- Up-to-date symlink: /home/rmsentry/DUST-RM-Sentry/install/fast_lio/share/ament_index/resource_index/parent_prefix_path/fast_lio
[0.931s] -- Up-to-date symlink: /home/rmsentry/DUST-RM-Sentry/install/fast_lio/share/fast_lio/environment/ament_prefix_path.sh
[0.931s] -- Up-to-date symlink: /home/rmsentry/DUST-RM-Sentry/install/fast_lio/share/fast_lio/environment/ament_prefix_path.dsv
[0.931s] -- Up-to-date symlink: /home/rmsentry/DUST-RM-Sentry/install/fast_lio/share/fast_lio/environment/path.sh
[0.931s] -- Up-to-date symlink: /home/rmsentry/DUST-RM-Sentry/install/fast_lio/share/fast_lio/environment/path.dsv
[0.932s] -- Up-to-date symlink: /home/rmsentry/DUST-RM-Sentry/install/fast_lio/share/fast_lio/local_setup.bash
[0.932s] -- Up-to-date symlink: /home/rmsentry/DUST-RM-Sentry/install/fast_lio/share/fast_lio/local_setup.sh
[0.932s] -- Up-to-date symlink: /home/rmsentry/DUST-RM-Sentry/install/fast_lio/share/fast_lio/local_setup.zsh
[0.932s] -- Up-to-date symlink: /home/rmsentry/DUST-RM-Sentry/install/fast_lio/share/fast_lio/local_setup.dsv
[0.932s] -- Symlinking: /home/rmsentry/DUST-RM-Sentry/install/fast_lio/share/fast_lio/package.dsv
[0.935s] -- Up-to-date symlink: /home/rmsentry/DUST-RM-Sentry/install/fast_lio/share/ament_index/resource_index/packages/fast_lio
[0.935s] -- Up-to-date symlink: /home/rmsentry/DUST-RM-Sentry/install/fast_lio/share/fast_lio/cmake/rosidl_cmake-extras.cmake
[0.935s] -- Up-to-date symlink: /home/rmsentry/DUST-RM-Sentry/install/fast_lio/share/fast_lio/cmake/ament_cmake_export_include_directories-extras.cmake
[0.935s] -- Up-to-date symlink: /home/rmsentry/DUST-RM-Sentry/install/fast_lio/share/fast_lio/cmake/ament_cmake_export_libraries-extras.cmake
[0.935s] -- Up-to-date symlink: /home/rmsentry/DUST-RM-Sentry/install/fast_lio/share/fast_lio/cmake/ament_cmake_export_targets-extras.cmake
[0.935s] -- Up-to-date symlink: /home/rmsentry/DUST-RM-Sentry/install/fast_lio/share/fast_lio/cmake/rosidl_cmake_export_typesupport_targets-extras.cmake
[0.935s] -- Up-to-date symlink: /home/rmsentry/DUST-RM-Sentry/install/fast_lio/share/fast_lio/cmake/ament_cmake_export_dependencies-extras.cmake
[0.935s] -- Up-to-date symlink: /home/rmsentry/DUST-RM-Sentry/install/fast_lio/share/fast_lio/cmake/rosidl_cmake_export_typesupport_libraries-extras.cmake
[0.935s] -- Up-to-date symlink: /home/rmsentry/DUST-RM-Sentry/install/fast_lio/share/fast_lio/cmake/fast_lioConfig.cmake
[0.935s] -- Up-to-date symlink: /home/rmsentry/DUST-RM-Sentry/install/fast_lio/share/fast_lio/cmake/fast_lioConfig-version.cmake
[0.936s] -- Up-to-date symlink: /home/rmsentry/DUST-RM-Sentry/install/fast_lio/share/fast_lio/package.xml
[0.936s] -- Up-to-date: /home/rmsentry/DUST-RM-Sentry/install/fast_lio/lib/libfast_lio__rosidl_generator_c.so
[0.936s] -- Up-to-date: /home/rmsentry/DUST-RM-Sentry/install/fast_lio/lib/libfast_lio__rosidl_typesupport_fastrtps_c.so
[0.936s] -- Up-to-date: /home/rmsentry/DUST-RM-Sentry/install/fast_lio/lib/libfast_lio__rosidl_typesupport_fastrtps_cpp.so
[0.936s] -- Up-to-date: /home/rmsentry/DUST-RM-Sentry/install/fast_lio/lib/libfast_lio__rosidl_typesupport_introspection_c.so
[0.936s] -- Up-to-date: /home/rmsentry/DUST-RM-Sentry/install/fast_lio/lib/libfast_lio__rosidl_typesupport_c.so
[0.936s] -- Up-to-date: /home/rmsentry/DUST-RM-Sentry/install/fast_lio/lib/libfast_lio__rosidl_typesupport_introspection_cpp.so
[0.937s] -- Up-to-date: /home/rmsentry/DUST-RM-Sentry/install/fast_lio/lib/libfast_lio__rosidl_typesupport_cpp.so
[0.971s] Listing '/home/rmsentry/DUST-RM-Sentry/install/fast_lio/local/lib/python3.10/dist-packages/fast_lio'...
[0.971s] Listing '/home/rmsentry/DUST-RM-Sentry/install/fast_lio/local/lib/python3.10/dist-packages/fast_lio/msg'...
[0.977s] -- Up-to-date: /home/rmsentry/DUST-RM-Sentry/install/fast_lio/lib/libfast_lio__rosidl_generator_py.so
[0.978s] -- Up-to-date: /home/rmsentry/DUST-RM-Sentry/install/fast_lio/share/fast_lio/cmake/export_fast_lio__rosidl_generator_cExport.cmake
[0.978s] -- Up-to-date: /home/rmsentry/DUST-RM-Sentry/install/fast_lio/share/fast_lio/cmake/export_fast_lio__rosidl_generator_cExport-release.cmake
[0.978s] -- Up-to-date: /home/rmsentry/DUST-RM-Sentry/install/fast_lio/share/fast_lio/cmake/export_fast_lio__rosidl_typesupport_fastrtps_cExport.cmake
[0.978s] -- Up-to-date: /home/rmsentry/DUST-RM-Sentry/install/fast_lio/share/fast_lio/cmake/export_fast_lio__rosidl_typesupport_fastrtps_cExport-release.cmake
[0.978s] -- Up-to-date: /home/rmsentry/DUST-RM-Sentry/install/fast_lio/share/fast_lio/cmake/export_fast_lio__rosidl_generator_cppExport.cmake
[0.978s] -- Up-to-date: /home/rmsentry/DUST-RM-Sentry/install/fast_lio/share/fast_lio/cmake/export_fast_lio__rosidl_typesupport_fastrtps_cppExport.cmake
[0.978s] -- Up-to-date: /home/rmsentry/DUST-RM-Sentry/install/fast_lio/share/fast_lio/cmake/export_fast_lio__rosidl_typesupport_fastrtps_cppExport-release.cmake
[0.978s] -- Up-to-date: /home/rmsentry/DUST-RM-Sentry/install/fast_lio/share/fast_lio/cmake/fast_lio__rosidl_typesupport_introspection_cExport.cmake
[0.978s] -- Up-to-date: /home/rmsentry/DUST-RM-Sentry/install/fast_lio/share/fast_lio/cmake/fast_lio__rosidl_typesupport_introspection_cExport-release.cmake
[0.978s] -- Up-to-date: /home/rmsentry/DUST-RM-Sentry/install/fast_lio/share/fast_lio/cmake/fast_lio__rosidl_typesupport_cExport.cmake
[0.978s] -- Up-to-date: /home/rmsentry/DUST-RM-Sentry/install/fast_lio/share/fast_lio/cmake/fast_lio__rosidl_typesupport_cExport-release.cmake
[0.978s] -- Up-to-date: /home/rmsentry/DUST-RM-Sentry/install/fast_lio/share/fast_lio/cmake/fast_lio__rosidl_typesupport_introspection_cppExport.cmake
[0.978s] -- Up-to-date: /home/rmsentry/DUST-RM-Sentry/install/fast_lio/share/fast_lio/cmake/fast_lio__rosidl_typesupport_introspection_cppExport-release.cmake
[0.978s] -- Up-to-date: /home/rmsentry/DUST-RM-Sentry/install/fast_lio/share/fast_lio/cmake/fast_lio__rosidl_typesupport_cppExport.cmake
[0.978s] -- Up-to-date: /home/rmsentry/DUST-RM-Sentry/install/fast_lio/share/fast_lio/cmake/fast_lio__rosidl_typesupport_cppExport-release.cmake
[0.978s] -- Up-to-date: /home/rmsentry/DUST-RM-Sentry/install/fast_lio/share/fast_lio/cmake/export_fast_lio__rosidl_generator_pyExport.cmake
[0.978s] -- Up-to-date: /home/rmsentry/DUST-RM-Sentry/install/fast_lio/share/fast_lio/cmake/export_fast_lio__rosidl_generator_pyExport-release.cmake
[0.980s] Invoked command in '/home/rmsentry/DUST-RM-Sentry/build/fast_lio' returned '0': CMAKE_PREFIX_PATH=/home/rmsentry/DUST-RM-Sentry/install/livox_ros_driver2:/home/rmsentry/DUST-RM-Sentry/install/vision_msg:/home/rmsentry/DUST-RM-Sentry/install/teb_local_planner:/home/rmsentry/DUST-RM-Sentry/install/teb_msgs:/home/rmsentry/DUST-RM-Sentry/install/robot_decision:/home/rmsentry/DUST-RM-Sentry/install/rm_bringup:/home/rmsentry/DUST-RM-Sentry/install/rm_serial_driver:/home/rmsentry/DUST-RM-Sentry/install/rm_robot_description:/home/rmsentry/DUST-RM-Sentry/install/rm_navigation:/home/rmsentry/DUST-RM-Sentry/install/rm_gimbal_description:/home/rmsentry/DUST-RM-Sentry/install/rm_decision_interfaces:/home/rmsentry/DUST-RM-Sentry/install/rm_auto_aim:/home/rmsentry/DUST-RM-Sentry/install/pointcloud_to_laserscan:/home/rmsentry/DUST-RM-Sentry/install/pointcloud_merger:/home/rmsentry/DUST-RM-Sentry/install/point_lio:/home/rmsentry/DUST-RM-Sentry/install/livox_ros2_driver:/home/rmsentry/DUST-RM-Sentry/install/livox_sdk_vendor:/home/rmsentry/DUST-RM-Sentry/install/icp_registration:/home/rmsentry/DUST-RM-Sentry/install/fast_lio:/home/rmsentry/DUST-RM-Sentry/install/livox_interfaces:/home/rmsentry/DUST-RM-Sentry/install/linefit_ground_segmentation_ros:/home/rmsentry/DUST-RM-Sentry/install/linefit_ground_segmentation:/home/rmsentry/DUST-RM-Sentry/install/imu_complementary_filter:/home/rmsentry/DUST-RM-Sentry/install/hik_camera_second:/home/rmsentry/DUST-RM-Sentry/install/hik_camera_first:/home/rmsentry/DUST-RM-Sentry/install/hik_camera:/home/rmsentry/DUST-RM-Sentry/install/global_interface:/home/rmsentry/DUST-RM-Sentry/install/costmap_converter:/home/rmsentry/DUST-RM-Sentry/install/costmap_converter_msgs:/home/rmsentry/DUST-RM-Sentry/install/armor_tracker:/home/rmsentry/DUST-RM-Sentry/install/armor_solver:/home/rmsentry/DUST-RM-Sentry/install/armor_detector:/home/rmsentry/DUST-RM-Sentry/install/auto_aim_interfaces:/home/rmsentry/DUST-RM-Sentry/install/rm_decision:/home/rmsentry/DUST-RM-Sentry/install/fake_msg_publisher:/opt/ros/humble LD_LIBRARY_PATH=/home/rmsentry/DUST-RM-Sentry/install/livox_ros_driver2/lib:/home/rmsentry/DUST-RM-Sentry/install/vision_msg/lib:/home/rmsentry/DUST-RM-Sentry/install/teb_local_planner/lib:/home/rmsentry/DUST-RM-Sentry/install/teb_msgs/lib:/home/rmsentry/DUST-RM-Sentry/install/robot_decision/lib:/home/rmsentry/DUST-RM-Sentry/install/rm_serial_driver/lib:/home/rmsentry/DUST-RM-Sentry/install/rm_decision_interfaces/lib:/home/rmsentry/DUST-RM-Sentry/install/pointcloud_to_laserscan/lib:/home/rmsentry/DUST-RM-Sentry/install/livox_ros2_driver/lib:/home/rmsentry/DUST-RM-Sentry/install/icp_registration/lib:/home/rmsentry/DUST-RM-Sentry/install/fast_lio/lib:/home/rmsentry/DUST-RM-Sentry/install/livox_interfaces/lib:/home/rmsentry/DUST-RM-Sentry/install/linefit_ground_segmentation/lib:/home/rmsentry/DUST-RM-Sentry/install/imu_complementary_filter/lib:/home/rmsentry/DUST-RM-Sentry/install/hik_camera_second/lib:/home/rmsentry/DUST-RM-Sentry/install/hik_camera_first/lib:/home/rmsentry/DUST-RM-Sentry/install/hik_camera/lib:/home/rmsentry/DUST-RM-Sentry/install/global_interface/lib:/home/rmsentry/DUST-RM-Sentry/install/costmap_converter/lib:/home/rmsentry/DUST-RM-Sentry/install/costmap_converter_msgs/lib:/home/rmsentry/DUST-RM-Sentry/install/armor_tracker/lib:/home/rmsentry/DUST-RM-Sentry/install/armor_solver/lib:/home/rmsentry/DUST-RM-Sentry/install/armor_detector/lib:/home/rmsentry/DUST-RM-Sentry/install/auto_aim_interfaces/lib:/opt/MVS/lib/64:/opt/MVS/lib/32:/usr/local/lib:/opt/MVS/lib/64:/opt/MVS/lib/32:/opt/MVS/lib/64:/opt/MVS/lib/32:/usr/local/lib:/opt/ros/humble/opt/rviz_ogre_vendor/lib:/opt/ros/humble/lib/x86_64-linux-gnu:/opt/ros/humble/lib:/opt/MVS/lib/64:/opt/MVS/lib/32:/opt/MVS/lib/64:/opt/MVS/lib/32:/opt/MVS/lib/64:/opt/MVS/lib/32 /usr/local/bin/cmake --install /home/rmsentry/DUST-RM-Sentry/build/fast_lio
