-- Found ament_cmake: 1.3.12 (/opt/ros/humble/share/ament_cmake/cmake)
-- Override CMake install command with custom implementation using symlinks instead of copying resources
-- Found rclcpp: 16.0.14 (/opt/ros/humble/share/rclcpp/cmake)
-- Found rosidl_generator_c: 3.1.7 (/opt/ros/humble/share/rosidl_generator_c/cmake)
-- Found rosidl_adapter: 3.1.7 (/opt/ros/humble/share/rosidl_adapter/cmake)
-- Found rosidl_generator_cpp: 3.1.7 (/opt/ros/humble/share/rosidl_generator_cpp/cmake)
-- Using all available rosidl_typesupport_c: rosidl_typesupport_fastrtps_c;rosidl_typesupport_introspection_c
-- Using all available rosidl_typesupport_cpp: rosidl_typesupport_fastrtps_cpp;rosidl_typesupport_introspection_cpp
-- Found rmw_implementation_cmake: 6.1.2 (/opt/ros/humble/share/rmw_implementation_cmake/cmake)
-- Found rmw_fastrtps_cpp: 6.2.8 (/opt/ros/humble/share/rmw_fastrtps_cpp/cmake)
-- Using RMW implementation 'rmw_fastrtps_cpp' as default
-- Found nav2_util: 1.1.18 (/opt/ros/humble/share/nav2_util/cmake)
-- Found eigen3_cmake_module: 0.1.1 (/opt/ros/humble/share/eigen3_cmake_module/cmake)
-- Ensuring Eigen3 include directory is part of orocos-kdl CMake target
-- Found nav2_lifecycle_manager: 1.1.18 (/opt/ros/humble/share/nav2_lifecycle_manager/cmake)
-- Found nav2_behavior_tree: 1.1.18 (/opt/ros/humble/share/nav2_behavior_tree/cmake)
-- Found global_interface: 0.0.0 (/home/rmsentry/DUST-RM-Sentry/install/global_interface/share/global_interface/cmake)
-- Found robot_state_publisher: 3.0.3 (/opt/ros/humble/share/robot_state_publisher/cmake)
-- Found rosidl_default_generators: 1.2.0 (/opt/ros/humble/share/rosidl_default_generators/cmake)
-- Found ament_lint_auto: 0.12.14 (/opt/ros/humble/share/ament_lint_auto/cmake)
-- Added test 'copyright' to check source files copyright and LICENSE
-- Added test 'cppcheck' to perform static code analysis on C / C++ code
-- Configured cppcheck include dirs: /home/rmsentry/DUST-RM-Sentry/src/robot_decision/include
-- Configured cppcheck exclude dirs and/or files: 
-- Added test 'cpplint' to check C / C++ code against the Google style
-- Configured cpplint exclude dirs and/or files: 
-- Added test 'flake8' to check Python code syntax and style conventions
-- Added test 'lint_cmake' to check CMake code style
-- Added test 'pep257' to check Python code against some of the docstring style conventions in PEP 257
-- Added test 'uncrustify' to check C / C++ code style
-- Configured uncrustify additional arguments: 
-- Added test 'xmllint' to check XML markup files
-- Configuring done (1.4s)
-- Generating done (0.1s)
-- Build files have been written to: /home/rmsentry/DUST-RM-Sentry/build/robot_decision
[ 50%] Built target robot_decision
[100%] Built target robot_decision_node
-- Install configuration: ""
-- Execute custom install script
-- Up-to-date symlink: /home/rmsentry/DUST-RM-Sentry/install/robot_decision/lib/robot_decision/robot_decision_node
-- Up-to-date symlink: /home/rmsentry/DUST-RM-Sentry/install/robot_decision/include/Json/json-forwards.h
-- Up-to-date symlink: /home/rmsentry/DUST-RM-Sentry/install/robot_decision/include/Json/json.h
-- Up-to-date symlink: /home/rmsentry/DUST-RM-Sentry/install/robot_decision/include/robot_decision/RobotDecision.h
-- Up-to-date symlink: /home/rmsentry/DUST-RM-Sentry/install/robot_decision/include/robot_decision/public.h
-- Up-to-date symlink: /home/rmsentry/DUST-RM-Sentry/install/robot_decision/include/robot_decision/structs.h
-- Up-to-date symlink: /home/rmsentry/DUST-RM-Sentry/install/robot_decision/include/robot_decision_node.hpp
-- Up-to-date symlink: /home/rmsentry/DUST-RM-Sentry/install/robot_decision/share/robot_decision/launch/decision_node_launch.py
-- Up-to-date symlink: /home/rmsentry/DUST-RM-Sentry/install/robot_decision/share/robot_decision/JsonFile/config.json
-- Up-to-date symlink: /home/rmsentry/DUST-RM-Sentry/install/robot_decision/share/robot_decision/JsonFile/decisions.json
-- Up-to-date symlink: /home/rmsentry/DUST-RM-Sentry/install/robot_decision/share/robot_decision/JsonFile/decisions111.json
-- Up-to-date symlink: /home/rmsentry/DUST-RM-Sentry/install/robot_decision/share/robot_decision/JsonFile/waypoints.json
-- Up-to-date symlink: /home/rmsentry/DUST-RM-Sentry/install/robot_decision/share/robot_decision/JsonFile/waypoints_0.json
-- Up-to-date symlink: /home/rmsentry/DUST-RM-Sentry/install/robot_decision/share/robot_decision/JsonFile/waypoints_1.json
-- Up-to-date symlink: /home/rmsentry/DUST-RM-Sentry/install/robot_decision/share/robot_decision/resources/RMUL.png
-- Up-to-date symlink: /home/rmsentry/DUST-RM-Sentry/install/robot_decision/share/ament_index/resource_index/package_run_dependencies/robot_decision
-- Up-to-date symlink: /home/rmsentry/DUST-RM-Sentry/install/robot_decision/share/ament_index/resource_index/parent_prefix_path/robot_decision
-- Up-to-date symlink: /home/rmsentry/DUST-RM-Sentry/install/robot_decision/share/robot_decision/environment/ament_prefix_path.sh
-- Up-to-date symlink: /home/rmsentry/DUST-RM-Sentry/install/robot_decision/share/robot_decision/environment/ament_prefix_path.dsv
-- Up-to-date symlink: /home/rmsentry/DUST-RM-Sentry/install/robot_decision/share/robot_decision/environment/path.sh
-- Up-to-date symlink: /home/rmsentry/DUST-RM-Sentry/install/robot_decision/share/robot_decision/environment/path.dsv
-- Up-to-date symlink: /home/rmsentry/DUST-RM-Sentry/install/robot_decision/share/robot_decision/local_setup.bash
-- Up-to-date symlink: /home/rmsentry/DUST-RM-Sentry/install/robot_decision/share/robot_decision/local_setup.sh
-- Up-to-date symlink: /home/rmsentry/DUST-RM-Sentry/install/robot_decision/share/robot_decision/local_setup.zsh
-- Up-to-date symlink: /home/rmsentry/DUST-RM-Sentry/install/robot_decision/share/robot_decision/local_setup.dsv
-- Symlinking: /home/rmsentry/DUST-RM-Sentry/install/robot_decision/share/robot_decision/package.dsv
-- Up-to-date symlink: /home/rmsentry/DUST-RM-Sentry/install/robot_decision/share/ament_index/resource_index/packages/robot_decision
-- Up-to-date symlink: /home/rmsentry/DUST-RM-Sentry/install/robot_decision/share/ament_index/resource_index/rclcpp_components/robot_decision
-- Up-to-date symlink: /home/rmsentry/DUST-RM-Sentry/install/robot_decision/share/robot_decision/cmake/robot_decisionConfig.cmake
-- Up-to-date symlink: /home/rmsentry/DUST-RM-Sentry/install/robot_decision/share/robot_decision/cmake/robot_decisionConfig-version.cmake
-- Up-to-date symlink: /home/rmsentry/DUST-RM-Sentry/install/robot_decision/share/robot_decision/package.xml
-- Up-to-date: /home/rmsentry/DUST-RM-Sentry/install/robot_decision/lib/librobot_decision.so
