-- The C compiler identification is GNU 11.4.0
-- The CXX compiler identification is GNU 11.4.0
-- Detecting C compiler ABI info
-- Detecting C compiler ABI info - done
-- Check for working C compiler: /usr/bin/cc - skipped
-- Detecting C compile features
-- Detecting C compile features - done
-- Detecting CXX compiler ABI info
-- Detecting CXX compiler ABI info - done
-- Check for working CXX compiler: /usr/bin/c++ - skipped
-- Detecting CXX compile features
-- Detecting CXX compile features - done
-- Found ament_cmake_auto: 1.3.12 (/opt/ros/humble/share/ament_cmake_auto/cmake)
-- Found Python3: /usr/bin/python3 (found version "3.10.12") found components: Interpreter
-- Override CMake install command with custom implementation using symlinks instead of copying resources
-- Found rosidl_generator_c: 3.1.7 (/opt/ros/humble/share/rosidl_generator_c/cmake)
-- Found rosidl_adapter: 3.1.7 (/opt/ros/humble/share/rosidl_adapter/cmake)
-- Found rosidl_generator_cpp: 3.1.7 (/opt/ros/humble/share/rosidl_generator_cpp/cmake)
-- Using all available rosidl_typesupport_c: rosidl_typesupport_fastrtps_c;rosidl_typesupport_introspection_c
-- Using all available rosidl_typesupport_cpp: rosidl_typesupport_fastrtps_cpp;rosidl_typesupport_introspection_cpp
-- Found rmw_implementation_cmake: 6.1.2 (/opt/ros/humble/share/rmw_implementation_cmake/cmake)
-- Found rmw_fastrtps_cpp: 6.2.8 (/opt/ros/humble/share/rmw_fastrtps_cpp/cmake)
-- Found OpenSSL: /usr/lib/x86_64-linux-gnu/libcrypto.so (found version "3.0.2")
-- Found FastRTPS: /opt/ros/humble/include
-- Using RMW implementation 'rmw_fastrtps_cpp' as default
-- Performing Test CMAKE_HAVE_LIBC_PTHREAD
-- Performing Test CMAKE_HAVE_LIBC_PTHREAD - Success
-- Found Threads: TRUE
-- Found ament_lint_auto: 0.12.14 (/opt/ros/humble/share/ament_lint_auto/cmake)
-- Added test 'cppcheck' to perform static code analysis on C / C++ code
-- Configured cppcheck include dirs: /home/rmsentry/DUST-RM-Sentry/src/rm_hardware_driver/ros2-hik-camera_second/hikSDK/include
-- Configured cppcheck exclude dirs and/or files: 
-- Added test 'flake8' to check Python code syntax and style conventions
-- Added test 'lint_cmake' to check CMake code style
-- Added test 'pep257' to check Python code against some of the docstring style conventions in PEP 257
-- Added test 'xmllint' to check XML markup files
-- Configuring done (1.7s)
-- Generating done (0.0s)
-- Build files have been written to: /home/rmsentry/DUST-RM-Sentry/build/hik_camera_second
[ 25%] [32mBuilding CXX object CMakeFiles/hik_camera_second.dir/src/hik_camera_second_node.cpp.o[0m
[ 50%] [32mBuilding CXX object CMakeFiles/hik_camera_second_node.dir/rclcpp_components/node_main_hik_camera_second_node.cpp.o[0m
[ 75%] [32m[1mLinking CXX shared library libhik_camera_second.so[0m
[ 75%] Built target hik_camera_second
[100%] [32m[1mLinking CXX executable hik_camera_second_node[0m
[100%] Built target hik_camera_second_node
-- Install configuration: ""
-- Execute custom install script
-- Symlinking: /home/rmsentry/DUST-RM-Sentry/install/hik_camera_second/lib/libFormatConversion.so
-- Symlinking: /home/rmsentry/DUST-RM-Sentry/install/hik_camera_second/lib/libMVRender.so
-- Symlinking: /home/rmsentry/DUST-RM-Sentry/install/hik_camera_second/lib/libMediaProcess.so
-- Symlinking: /home/rmsentry/DUST-RM-Sentry/install/hik_camera_second/lib/libMvCameraControl.so
-- Symlinking: /home/rmsentry/DUST-RM-Sentry/install/hik_camera_second/lib/libMvUsb3vTL.so
-- Symlinking: /home/rmsentry/DUST-RM-Sentry/install/hik_camera_second/lib/hik_camera_second/hik_camera_second_node
-- Symlinking: /home/rmsentry/DUST-RM-Sentry/install/hik_camera_second/share/hik_camera_second/environment/library_path.sh
-- Symlinking: /home/rmsentry/DUST-RM-Sentry/install/hik_camera_second/share/hik_camera_second/environment/library_path.dsv
-- Symlinking: /home/rmsentry/DUST-RM-Sentry/install/hik_camera_second/lib/libhik_camera_second.so
-- Symlinking: /home/rmsentry/DUST-RM-Sentry/install/hik_camera_second/share/hik_camera_second/config/camera_info.yaml
-- Symlinking: /home/rmsentry/DUST-RM-Sentry/install/hik_camera_second/share/hik_camera_second/config/camera_params.yaml
-- Symlinking: /home/rmsentry/DUST-RM-Sentry/install/hik_camera_second/share/hik_camera_second/launch/hik_camera.launch.py
-- Symlinking: /home/rmsentry/DUST-RM-Sentry/install/hik_camera_second/share/ament_index/resource_index/package_run_dependencies/hik_camera_second
-- Symlinking: /home/rmsentry/DUST-RM-Sentry/install/hik_camera_second/share/ament_index/resource_index/parent_prefix_path/hik_camera_second
-- Symlinking: /home/rmsentry/DUST-RM-Sentry/install/hik_camera_second/share/hik_camera_second/environment/ament_prefix_path.sh
-- Symlinking: /home/rmsentry/DUST-RM-Sentry/install/hik_camera_second/share/hik_camera_second/environment/ament_prefix_path.dsv
-- Symlinking: /home/rmsentry/DUST-RM-Sentry/install/hik_camera_second/share/hik_camera_second/environment/path.sh
-- Symlinking: /home/rmsentry/DUST-RM-Sentry/install/hik_camera_second/share/hik_camera_second/environment/path.dsv
-- Symlinking: /home/rmsentry/DUST-RM-Sentry/install/hik_camera_second/share/hik_camera_second/local_setup.bash
-- Symlinking: /home/rmsentry/DUST-RM-Sentry/install/hik_camera_second/share/hik_camera_second/local_setup.sh
-- Symlinking: /home/rmsentry/DUST-RM-Sentry/install/hik_camera_second/share/hik_camera_second/local_setup.zsh
-- Symlinking: /home/rmsentry/DUST-RM-Sentry/install/hik_camera_second/share/hik_camera_second/local_setup.dsv
-- Symlinking: /home/rmsentry/DUST-RM-Sentry/install/hik_camera_second/share/hik_camera_second/package.dsv
-- Symlinking: /home/rmsentry/DUST-RM-Sentry/install/hik_camera_second/share/ament_index/resource_index/packages/hik_camera_second
-- Symlinking: /home/rmsentry/DUST-RM-Sentry/install/hik_camera_second/share/ament_index/resource_index/rclcpp_components/hik_camera_second
-- Symlinking: /home/rmsentry/DUST-RM-Sentry/install/hik_camera_second/share/hik_camera_second/cmake/ament_cmake_export_dependencies-extras.cmake
-- Symlinking: /home/rmsentry/DUST-RM-Sentry/install/hik_camera_second/share/hik_camera_second/cmake/ament_cmake_export_libraries-extras.cmake
-- Symlinking: /home/rmsentry/DUST-RM-Sentry/install/hik_camera_second/share/hik_camera_second/cmake/hik_camera_secondConfig.cmake
-- Symlinking: /home/rmsentry/DUST-RM-Sentry/install/hik_camera_second/share/hik_camera_second/cmake/hik_camera_secondConfig-version.cmake
-- Symlinking: /home/rmsentry/DUST-RM-Sentry/install/hik_camera_second/share/hik_camera_second/package.xml
