[0.029s] Invoking command in '/home/rmsentry/DUST-RM-Sentry/build/hik_camera_second': CMAKE_PREFIX_PATH=${CMAKE_PREFIX_PATH}:/home/rmsentry/DUST-RM-Sentry/install/rm_decision:/home/rmsentry/DUST-RM-Sentry/install/fake_msg_publisher:/opt/ros/humble /usr/local/bin/cmake /home/rmsentry/DUST-RM-Sentry/src/rm_hardware_driver/ros2-hik-camera_second -DAMENT_CMAKE_SYMLINK_INSTALL=1 -DCMAKE_INSTALL_PREFIX=/home/rmsentry/DUST-RM-Sentry/install/hik_camera_second
[1.836s] -- The C compiler identification is GNU 11.4.0
[1.836s] -- The CXX compiler identification is GNU 11.4.0
[1.836s] -- Detecting C compiler ABI info
[1.838s] -- Detecting C compiler ABI info - done
[1.838s] -- Check for working C compiler: /usr/bin/cc - skipped
[1.838s] -- Detecting C compile features
[1.838s] -- Detecting C compile features - done
[1.838s] -- Detecting CXX compiler ABI info
[1.838s] -- Detecting CXX compiler ABI info - done
[1.838s] -- Check for working CXX compiler: /usr/bin/c++ - skipped
[1.838s] -- Detecting CXX compile features
[1.838s] -- Detecting CXX compile features - done
[1.838s] -- Found ament_cmake_auto: 1.3.12 (/opt/ros/humble/share/ament_cmake_auto/cmake)
[1.838s] -- Found Python3: /usr/bin/python3 (found version "3.10.12") found components: Interpreter
[1.838s] -- Override CMake install command with custom implementation using symlinks instead of copying resources
[1.838s] -- Found rosidl_generator_c: 3.1.7 (/opt/ros/humble/share/rosidl_generator_c/cmake)
[1.838s] -- Found rosidl_adapter: 3.1.7 (/opt/ros/humble/share/rosidl_adapter/cmake)
[1.838s] -- Found rosidl_generator_cpp: 3.1.7 (/opt/ros/humble/share/rosidl_generator_cpp/cmake)
[1.838s] -- Using all available rosidl_typesupport_c: rosidl_typesupport_fastrtps_c;rosidl_typesupport_introspection_c
[1.838s] -- Using all available rosidl_typesupport_cpp: rosidl_typesupport_fastrtps_cpp;rosidl_typesupport_introspection_cpp
[1.838s] -- Found rmw_implementation_cmake: 6.1.2 (/opt/ros/humble/share/rmw_implementation_cmake/cmake)
[1.838s] -- Found rmw_fastrtps_cpp: 6.2.8 (/opt/ros/humble/share/rmw_fastrtps_cpp/cmake)
[1.838s] -- Found OpenSSL: /usr/lib/x86_64-linux-gnu/libcrypto.so (found version "3.0.2")
[1.839s] -- Found FastRTPS: /opt/ros/humble/include
[1.839s] -- Using RMW implementation 'rmw_fastrtps_cpp' as default
[1.839s] -- Performing Test CMAKE_HAVE_LIBC_PTHREAD
[1.839s] -- Performing Test CMAKE_HAVE_LIBC_PTHREAD - Success
[1.839s] -- Found Threads: TRUE
[1.839s] -- Found ament_lint_auto: 0.12.14 (/opt/ros/humble/share/ament_lint_auto/cmake)
[1.839s] -- Added test 'cppcheck' to perform static code analysis on C / C++ code
[1.839s] -- Configured cppcheck include dirs: /home/rmsentry/DUST-RM-Sentry/src/rm_hardware_driver/ros2-hik-camera_second/hikSDK/include
[1.839s] -- Configured cppcheck exclude dirs and/or files: 
[1.839s] -- Added test 'flake8' to check Python code syntax and style conventions
[1.839s] -- Added test 'lint_cmake' to check CMake code style
[1.839s] -- Added test 'pep257' to check Python code against some of the docstring style conventions in PEP 257
[1.839s] -- Added test 'xmllint' to check XML markup files
[1.839s] -- Configuring done (1.7s)
[1.839s] -- Generating done (0.0s)
[1.839s] -- Build files have been written to: /home/rmsentry/DUST-RM-Sentry/build/hik_camera_second
[1.845s] Invoked command in '/home/rmsentry/DUST-RM-Sentry/build/hik_camera_second' returned '0': CMAKE_PREFIX_PATH=${CMAKE_PREFIX_PATH}:/home/rmsentry/DUST-RM-Sentry/install/rm_decision:/home/rmsentry/DUST-RM-Sentry/install/fake_msg_publisher:/opt/ros/humble /usr/local/bin/cmake /home/rmsentry/DUST-RM-Sentry/src/rm_hardware_driver/ros2-hik-camera_second -DAMENT_CMAKE_SYMLINK_INSTALL=1 -DCMAKE_INSTALL_PREFIX=/home/rmsentry/DUST-RM-Sentry/install/hik_camera_second
[1.846s] Invoking command in '/home/rmsentry/DUST-RM-Sentry/build/hik_camera_second': CMAKE_PREFIX_PATH=${CMAKE_PREFIX_PATH}:/home/rmsentry/DUST-RM-Sentry/install/rm_decision:/home/rmsentry/DUST-RM-Sentry/install/fake_msg_publisher:/opt/ros/humble /usr/local/bin/cmake --build /home/rmsentry/DUST-RM-Sentry/build/hik_camera_second -- -j12 -l12
[5.072s] [ 25%] [32mBuilding CXX object CMakeFiles/hik_camera_second.dir/src/hik_camera_second_node.cpp.o[0m
[5.072s] [ 50%] [32mBuilding CXX object CMakeFiles/hik_camera_second_node.dir/rclcpp_components/node_main_hik_camera_second_node.cpp.o[0m
[15.348s] [ 75%] [32m[1mLinking CXX shared library libhik_camera_second.so[0m
[15.674s] [ 75%] Built target hik_camera_second
[16.562s] [100%] [32m[1mLinking CXX executable hik_camera_second_node[0m
[17.197s] [100%] Built target hik_camera_second_node
[17.314s] Invoked command in '/home/rmsentry/DUST-RM-Sentry/build/hik_camera_second' returned '0': CMAKE_PREFIX_PATH=${CMAKE_PREFIX_PATH}:/home/rmsentry/DUST-RM-Sentry/install/rm_decision:/home/rmsentry/DUST-RM-Sentry/install/fake_msg_publisher:/opt/ros/humble /usr/local/bin/cmake --build /home/rmsentry/DUST-RM-Sentry/build/hik_camera_second -- -j12 -l12
[17.315s] Invoking command in '/home/rmsentry/DUST-RM-Sentry/build/hik_camera_second': CMAKE_PREFIX_PATH=${CMAKE_PREFIX_PATH}:/home/rmsentry/DUST-RM-Sentry/install/rm_decision:/home/rmsentry/DUST-RM-Sentry/install/fake_msg_publisher:/opt/ros/humble /usr/local/bin/cmake --install /home/rmsentry/DUST-RM-Sentry/build/hik_camera_second
[19.040s] -- Install configuration: ""
[19.040s] -- Execute custom install script
[19.040s] -- Symlinking: /home/rmsentry/DUST-RM-Sentry/install/hik_camera_second/lib/libFormatConversion.so
[19.040s] -- Symlinking: /home/rmsentry/DUST-RM-Sentry/install/hik_camera_second/lib/libMVRender.so
[19.040s] -- Symlinking: /home/rmsentry/DUST-RM-Sentry/install/hik_camera_second/lib/libMediaProcess.so
[19.040s] -- Symlinking: /home/rmsentry/DUST-RM-Sentry/install/hik_camera_second/lib/libMvCameraControl.so
[19.040s] -- Symlinking: /home/rmsentry/DUST-RM-Sentry/install/hik_camera_second/lib/libMvUsb3vTL.so
[19.040s] -- Symlinking: /home/rmsentry/DUST-RM-Sentry/install/hik_camera_second/lib/hik_camera_second/hik_camera_second_node
[19.040s] -- Symlinking: /home/rmsentry/DUST-RM-Sentry/install/hik_camera_second/share/hik_camera_second/environment/library_path.sh
[19.040s] -- Symlinking: /home/rmsentry/DUST-RM-Sentry/install/hik_camera_second/share/hik_camera_second/environment/library_path.dsv
[19.040s] -- Symlinking: /home/rmsentry/DUST-RM-Sentry/install/hik_camera_second/lib/libhik_camera_second.so
[19.040s] -- Symlinking: /home/rmsentry/DUST-RM-Sentry/install/hik_camera_second/share/hik_camera_second/config/camera_info.yaml
[19.040s] -- Symlinking: /home/rmsentry/DUST-RM-Sentry/install/hik_camera_second/share/hik_camera_second/config/camera_params.yaml
[19.040s] -- Symlinking: /home/rmsentry/DUST-RM-Sentry/install/hik_camera_second/share/hik_camera_second/launch/hik_camera.launch.py
[19.040s] -- Symlinking: /home/rmsentry/DUST-RM-Sentry/install/hik_camera_second/share/ament_index/resource_index/package_run_dependencies/hik_camera_second
[19.040s] -- Symlinking: /home/rmsentry/DUST-RM-Sentry/install/hik_camera_second/share/ament_index/resource_index/parent_prefix_path/hik_camera_second
[19.041s] -- Symlinking: /home/rmsentry/DUST-RM-Sentry/install/hik_camera_second/share/hik_camera_second/environment/ament_prefix_path.sh
[19.041s] -- Symlinking: /home/rmsentry/DUST-RM-Sentry/install/hik_camera_second/share/hik_camera_second/environment/ament_prefix_path.dsv
[19.041s] -- Symlinking: /home/rmsentry/DUST-RM-Sentry/install/hik_camera_second/share/hik_camera_second/environment/path.sh
[19.041s] -- Symlinking: /home/rmsentry/DUST-RM-Sentry/install/hik_camera_second/share/hik_camera_second/environment/path.dsv
[19.041s] -- Symlinking: /home/rmsentry/DUST-RM-Sentry/install/hik_camera_second/share/hik_camera_second/local_setup.bash
[19.041s] -- Symlinking: /home/rmsentry/DUST-RM-Sentry/install/hik_camera_second/share/hik_camera_second/local_setup.sh
[19.041s] -- Symlinking: /home/rmsentry/DUST-RM-Sentry/install/hik_camera_second/share/hik_camera_second/local_setup.zsh
[19.041s] -- Symlinking: /home/rmsentry/DUST-RM-Sentry/install/hik_camera_second/share/hik_camera_second/local_setup.dsv
[19.041s] -- Symlinking: /home/rmsentry/DUST-RM-Sentry/install/hik_camera_second/share/hik_camera_second/package.dsv
[19.041s] -- Symlinking: /home/rmsentry/DUST-RM-Sentry/install/hik_camera_second/share/ament_index/resource_index/packages/hik_camera_second
[19.041s] -- Symlinking: /home/rmsentry/DUST-RM-Sentry/install/hik_camera_second/share/ament_index/resource_index/rclcpp_components/hik_camera_second
[19.041s] -- Symlinking: /home/rmsentry/DUST-RM-Sentry/install/hik_camera_second/share/hik_camera_second/cmake/ament_cmake_export_dependencies-extras.cmake
[19.041s] -- Symlinking: /home/rmsentry/DUST-RM-Sentry/install/hik_camera_second/share/hik_camera_second/cmake/ament_cmake_export_libraries-extras.cmake
[19.041s] -- Symlinking: /home/rmsentry/DUST-RM-Sentry/install/hik_camera_second/share/hik_camera_second/cmake/hik_camera_secondConfig.cmake
[19.041s] -- Symlinking: /home/rmsentry/DUST-RM-Sentry/install/hik_camera_second/share/hik_camera_second/cmake/hik_camera_secondConfig-version.cmake
[19.041s] -- Symlinking: /home/rmsentry/DUST-RM-Sentry/install/hik_camera_second/share/hik_camera_second/package.xml
[19.057s] Invoked command in '/home/rmsentry/DUST-RM-Sentry/build/hik_camera_second' returned '0': CMAKE_PREFIX_PATH=${CMAKE_PREFIX_PATH}:/home/rmsentry/DUST-RM-Sentry/install/rm_decision:/home/rmsentry/DUST-RM-Sentry/install/fake_msg_publisher:/opt/ros/humble /usr/local/bin/cmake --install /home/rmsentry/DUST-RM-Sentry/build/hik_camera_second
