-- The C compiler identification is GNU 11.4.0
-- The CXX compiler identification is GNU 11.4.0
-- Detecting C compiler ABI info
-- Detecting C compiler ABI info - done
-- Check for working C compiler: /usr/bin/cc - skipped
-- Detecting C compile features
-- Detecting C compile features - done
-- Detecting CXX compiler ABI info
-- Detecting CXX compiler ABI info - done
-- Check for working CXX compiler: /usr/bin/c++ - skipped
-- Detecting CXX compile features
-- Detecting CXX compile features - done
-- Found ament_cmake: 1.3.12 (/opt/ros/humble/share/ament_cmake/cmake)
-- Found Python3: /usr/bin/python3 (found version "3.10.12") found components: Interpreter
-- Override CMake install command with custom implementation using symlinks instead of copying resources
-- Configuring done (0.9s)
-- Generating done (0.0s)
-- Build files have been written to: /home/rmsentry/DUST-RM-Sentry/build/livox_sdk_vendor
-- Install configuration: ""
-- Execute custom install script
-- Symlinking: /home/rmsentry/DUST-RM-Sentry/install/livox_sdk_vendor/share/livox_sdk_vendor/cmake/Modules/Findlivox_sdk.cmake
-- Symlinking: /home/rmsentry/DUST-RM-Sentry/install/livox_sdk_vendor/share/ament_index/resource_index/package_run_dependencies/livox_sdk_vendor
-- Symlinking: /home/rmsentry/DUST-RM-Sentry/install/livox_sdk_vendor/share/ament_index/resource_index/parent_prefix_path/livox_sdk_vendor
-- Symlinking: /home/rmsentry/DUST-RM-Sentry/install/livox_sdk_vendor/share/livox_sdk_vendor/environment/ament_prefix_path.sh
-- Symlinking: /home/rmsentry/DUST-RM-Sentry/install/livox_sdk_vendor/share/livox_sdk_vendor/environment/ament_prefix_path.dsv
-- Symlinking: /home/rmsentry/DUST-RM-Sentry/install/livox_sdk_vendor/share/livox_sdk_vendor/environment/path.sh
-- Symlinking: /home/rmsentry/DUST-RM-Sentry/install/livox_sdk_vendor/share/livox_sdk_vendor/environment/path.dsv
-- Symlinking: /home/rmsentry/DUST-RM-Sentry/install/livox_sdk_vendor/share/livox_sdk_vendor/local_setup.bash
-- Symlinking: /home/rmsentry/DUST-RM-Sentry/install/livox_sdk_vendor/share/livox_sdk_vendor/local_setup.sh
-- Symlinking: /home/rmsentry/DUST-RM-Sentry/install/livox_sdk_vendor/share/livox_sdk_vendor/local_setup.zsh
-- Symlinking: /home/rmsentry/DUST-RM-Sentry/install/livox_sdk_vendor/share/livox_sdk_vendor/local_setup.dsv
-- Symlinking: /home/rmsentry/DUST-RM-Sentry/install/livox_sdk_vendor/share/livox_sdk_vendor/package.dsv
-- Symlinking: /home/rmsentry/DUST-RM-Sentry/install/livox_sdk_vendor/share/ament_index/resource_index/packages/livox_sdk_vendor
-- Symlinking: /home/rmsentry/DUST-RM-Sentry/install/livox_sdk_vendor/share/livox_sdk_vendor/cmake/livox_sdk_vendor-extras.cmake
-- Symlinking: /home/rmsentry/DUST-RM-Sentry/install/livox_sdk_vendor/share/livox_sdk_vendor/cmake/livox_sdk_vendorConfig.cmake
-- Symlinking: /home/rmsentry/DUST-RM-Sentry/install/livox_sdk_vendor/share/livox_sdk_vendor/cmake/livox_sdk_vendorConfig-version.cmake
-- Symlinking: /home/rmsentry/DUST-RM-Sentry/install/livox_sdk_vendor/share/livox_sdk_vendor/package.xml
