[0.025s] Invoking command in '/home/rmsentry/DUST-RM-Sentry/build/livox_sdk_vendor': CMAKE_PREFIX_PATH=${CMAKE_PREFIX_PATH}:/home/rmsentry/DUST-RM-Sentry/install/rm_decision:/home/rmsentry/DUST-RM-Sentry/install/fake_msg_publisher:/opt/ros/humble /usr/local/bin/cmake /home/rmsentry/DUST-RM-Sentry/src/rm_hardware_driver/livox_ros2_driver/livox_sdk_vendor -DAMENT_CMAKE_SYMLINK_INSTALL=1 -DCMAKE_INSTALL_PREFIX=/home/rmsentry/DUST-RM-Sentry/install/livox_sdk_vendor
[0.088s] -- The C compiler identification is GNU 11.4.0
[0.162s] -- The CXX compiler identification is GNU 11.4.0
[0.187s] -- Detecting C compiler ABI info
[0.275s] -- Detecting C compiler ABI info - done
[0.295s] -- Check for working C compiler: /usr/bin/cc - skipped
[0.295s] -- Detecting C compile features
[0.296s] -- Detecting C compile features - done
[0.304s] -- Detecting CXX compiler ABI info
[0.410s] -- Detecting CXX compiler ABI info - done
[0.429s] -- Check for working CXX compiler: /usr/bin/c++ - skipped
[0.429s] -- Detecting CXX compile features
[0.430s] -- Detecting CXX compile features - done
[0.432s] -- Found ament_cmake: 1.3.12 (/opt/ros/humble/share/ament_cmake/cmake)
[0.680s] -- Found Python3: /usr/bin/python3 (found version "3.10.12") found components: Interpreter
[0.770s] -- Override CMake install command with custom implementation using symlinks instead of copying resources
[0.895s] -- Configuring done (0.9s)
[0.900s] -- Generating done (0.0s)
[0.901s] -- Build files have been written to: /home/rmsentry/DUST-RM-Sentry/build/livox_sdk_vendor
[0.925s] Invoked command in '/home/rmsentry/DUST-RM-Sentry/build/livox_sdk_vendor' returned '0': CMAKE_PREFIX_PATH=${CMAKE_PREFIX_PATH}:/home/rmsentry/DUST-RM-Sentry/install/rm_decision:/home/rmsentry/DUST-RM-Sentry/install/fake_msg_publisher:/opt/ros/humble /usr/local/bin/cmake /home/rmsentry/DUST-RM-Sentry/src/rm_hardware_driver/livox_ros2_driver/livox_sdk_vendor -DAMENT_CMAKE_SYMLINK_INSTALL=1 -DCMAKE_INSTALL_PREFIX=/home/rmsentry/DUST-RM-Sentry/install/livox_sdk_vendor
[0.925s] Invoking command in '/home/rmsentry/DUST-RM-Sentry/build/livox_sdk_vendor': CMAKE_PREFIX_PATH=${CMAKE_PREFIX_PATH}:/home/rmsentry/DUST-RM-Sentry/install/rm_decision:/home/rmsentry/DUST-RM-Sentry/install/fake_msg_publisher:/opt/ros/humble /usr/local/bin/cmake --build /home/rmsentry/DUST-RM-Sentry/build/livox_sdk_vendor -- -j12 -l12
[1.959s] Invoked command in '/home/rmsentry/DUST-RM-Sentry/build/livox_sdk_vendor' returned '0': CMAKE_PREFIX_PATH=${CMAKE_PREFIX_PATH}:/home/rmsentry/DUST-RM-Sentry/install/rm_decision:/home/rmsentry/DUST-RM-Sentry/install/fake_msg_publisher:/opt/ros/humble /usr/local/bin/cmake --build /home/rmsentry/DUST-RM-Sentry/build/livox_sdk_vendor -- -j12 -l12
[1.965s] Invoking command in '/home/rmsentry/DUST-RM-Sentry/build/livox_sdk_vendor': CMAKE_PREFIX_PATH=${CMAKE_PREFIX_PATH}:/home/rmsentry/DUST-RM-Sentry/install/rm_decision:/home/rmsentry/DUST-RM-Sentry/install/fake_msg_publisher:/opt/ros/humble /usr/local/bin/cmake --install /home/rmsentry/DUST-RM-Sentry/build/livox_sdk_vendor
[5.114s] -- Install configuration: ""
[5.114s] -- Execute custom install script
[5.114s] -- Symlinking: /home/rmsentry/DUST-RM-Sentry/install/livox_sdk_vendor/share/livox_sdk_vendor/cmake/Modules/Findlivox_sdk.cmake
[5.114s] -- Symlinking: /home/rmsentry/DUST-RM-Sentry/install/livox_sdk_vendor/share/ament_index/resource_index/package_run_dependencies/livox_sdk_vendor
[5.114s] -- Symlinking: /home/rmsentry/DUST-RM-Sentry/install/livox_sdk_vendor/share/ament_index/resource_index/parent_prefix_path/livox_sdk_vendor
[5.114s] -- Symlinking: /home/rmsentry/DUST-RM-Sentry/install/livox_sdk_vendor/share/livox_sdk_vendor/environment/ament_prefix_path.sh
[5.114s] -- Symlinking: /home/rmsentry/DUST-RM-Sentry/install/livox_sdk_vendor/share/livox_sdk_vendor/environment/ament_prefix_path.dsv
[5.114s] -- Symlinking: /home/rmsentry/DUST-RM-Sentry/install/livox_sdk_vendor/share/livox_sdk_vendor/environment/path.sh
[5.114s] -- Symlinking: /home/rmsentry/DUST-RM-Sentry/install/livox_sdk_vendor/share/livox_sdk_vendor/environment/path.dsv
[5.114s] -- Symlinking: /home/rmsentry/DUST-RM-Sentry/install/livox_sdk_vendor/share/livox_sdk_vendor/local_setup.bash
[5.114s] -- Symlinking: /home/rmsentry/DUST-RM-Sentry/install/livox_sdk_vendor/share/livox_sdk_vendor/local_setup.sh
[5.114s] -- Symlinking: /home/rmsentry/DUST-RM-Sentry/install/livox_sdk_vendor/share/livox_sdk_vendor/local_setup.zsh
[5.114s] -- Symlinking: /home/rmsentry/DUST-RM-Sentry/install/livox_sdk_vendor/share/livox_sdk_vendor/local_setup.dsv
[5.114s] -- Symlinking: /home/rmsentry/DUST-RM-Sentry/install/livox_sdk_vendor/share/livox_sdk_vendor/package.dsv
[5.114s] -- Symlinking: /home/rmsentry/DUST-RM-Sentry/install/livox_sdk_vendor/share/ament_index/resource_index/packages/livox_sdk_vendor
[5.114s] -- Symlinking: /home/rmsentry/DUST-RM-Sentry/install/livox_sdk_vendor/share/livox_sdk_vendor/cmake/livox_sdk_vendor-extras.cmake
[5.114s] -- Symlinking: /home/rmsentry/DUST-RM-Sentry/install/livox_sdk_vendor/share/livox_sdk_vendor/cmake/livox_sdk_vendorConfig.cmake
[5.114s] -- Symlinking: /home/rmsentry/DUST-RM-Sentry/install/livox_sdk_vendor/share/livox_sdk_vendor/cmake/livox_sdk_vendorConfig-version.cmake
[5.115s] -- Symlinking: /home/rmsentry/DUST-RM-Sentry/install/livox_sdk_vendor/share/livox_sdk_vendor/package.xml
[5.125s] Invoked command in '/home/rmsentry/DUST-RM-Sentry/build/livox_sdk_vendor' returned '0': CMAKE_PREFIX_PATH=${CMAKE_PREFIX_PATH}:/home/rmsentry/DUST-RM-Sentry/install/rm_decision:/home/rmsentry/DUST-RM-Sentry/install/fake_msg_publisher:/opt/ros/humble /usr/local/bin/cmake --install /home/rmsentry/DUST-RM-Sentry/build/livox_sdk_vendor
