[0.045s] Invoking command in '/home/rmsentry/DUST-RM-Sentry/build/livox_sdk_vendor': CMAKE_PREFIX_PATH=${CMAKE_PREFIX_PATH}:/home/rmsentry/DUST-RM-Sentry/install/rm_decision:/home/rmsentry/DUST-RM-Sentry/install/fake_msg_publisher:/opt/ros/humble /usr/local/bin/cmake --build /home/rmsentry/DUST-RM-Sentry/build/livox_sdk_vendor -- -j12 -l12
[0.126s] Invoked command in '/home/rmsentry/DUST-RM-Sentry/build/livox_sdk_vendor' returned '0': CMAKE_PREFIX_PATH=${CMAKE_PREFIX_PATH}:/home/rmsentry/DUST-RM-Sentry/install/rm_decision:/home/rmsentry/DUST-RM-Sentry/install/fake_msg_publisher:/opt/ros/humble /usr/local/bin/cmake --build /home/rmsentry/DUST-RM-Sentry/build/livox_sdk_vendor -- -j12 -l12
[0.134s] Invoking command in '/home/rmsentry/DUST-RM-Sentry/build/livox_sdk_vendor': CMAKE_PREFIX_PATH=${CMAKE_PREFIX_PATH}:/home/rmsentry/DUST-RM-Sentry/install/rm_decision:/home/rmsentry/DUST-RM-Sentry/install/fake_msg_publisher:/opt/ros/humble /usr/local/bin/cmake --install /home/rmsentry/DUST-RM-Sentry/build/livox_sdk_vendor
[0.272s] -- Install configuration: ""
[0.272s] -- Execute custom install script
[0.272s] -- Up-to-date symlink: /home/rmsentry/DUST-RM-Sentry/install/livox_sdk_vendor/share/livox_sdk_vendor/cmake/Modules/Findlivox_sdk.cmake
[0.272s] -- Up-to-date symlink: /home/rmsentry/DUST-RM-Sentry/install/livox_sdk_vendor/share/ament_index/resource_index/package_run_dependencies/livox_sdk_vendor
[0.273s] -- Up-to-date symlink: /home/rmsentry/DUST-RM-Sentry/install/livox_sdk_vendor/share/ament_index/resource_index/parent_prefix_path/livox_sdk_vendor
[0.273s] -- Up-to-date symlink: /home/rmsentry/DUST-RM-Sentry/install/livox_sdk_vendor/share/livox_sdk_vendor/environment/ament_prefix_path.sh
[0.273s] -- Up-to-date symlink: /home/rmsentry/DUST-RM-Sentry/install/livox_sdk_vendor/share/livox_sdk_vendor/environment/ament_prefix_path.dsv
[0.273s] -- Up-to-date symlink: /home/rmsentry/DUST-RM-Sentry/install/livox_sdk_vendor/share/livox_sdk_vendor/environment/path.sh
[0.273s] -- Up-to-date symlink: /home/rmsentry/DUST-RM-Sentry/install/livox_sdk_vendor/share/livox_sdk_vendor/environment/path.dsv
[0.273s] -- Up-to-date symlink: /home/rmsentry/DUST-RM-Sentry/install/livox_sdk_vendor/share/livox_sdk_vendor/local_setup.bash
[0.273s] -- Up-to-date symlink: /home/rmsentry/DUST-RM-Sentry/install/livox_sdk_vendor/share/livox_sdk_vendor/local_setup.sh
[0.273s] -- Up-to-date symlink: /home/rmsentry/DUST-RM-Sentry/install/livox_sdk_vendor/share/livox_sdk_vendor/local_setup.zsh
[0.273s] -- Up-to-date symlink: /home/rmsentry/DUST-RM-Sentry/install/livox_sdk_vendor/share/livox_sdk_vendor/local_setup.dsv
[0.273s] -- Symlinking: /home/rmsentry/DUST-RM-Sentry/install/livox_sdk_vendor/share/livox_sdk_vendor/package.dsv
[0.273s] -- Up-to-date symlink: /home/rmsentry/DUST-RM-Sentry/install/livox_sdk_vendor/share/ament_index/resource_index/packages/livox_sdk_vendor
[0.273s] -- Up-to-date symlink: /home/rmsentry/DUST-RM-Sentry/install/livox_sdk_vendor/share/livox_sdk_vendor/cmake/livox_sdk_vendor-extras.cmake
[0.273s] -- Up-to-date symlink: /home/rmsentry/DUST-RM-Sentry/install/livox_sdk_vendor/share/livox_sdk_vendor/cmake/livox_sdk_vendorConfig.cmake
[0.273s] -- Up-to-date symlink: /home/rmsentry/DUST-RM-Sentry/install/livox_sdk_vendor/share/livox_sdk_vendor/cmake/livox_sdk_vendorConfig-version.cmake
[0.273s] -- Up-to-date symlink: /home/rmsentry/DUST-RM-Sentry/install/livox_sdk_vendor/share/livox_sdk_vendor/package.xml
[0.298s] Invoked command in '/home/rmsentry/DUST-RM-Sentry/build/livox_sdk_vendor' returned '0': CMAKE_PREFIX_PATH=${CMAKE_PREFIX_PATH}:/home/rmsentry/DUST-RM-Sentry/install/rm_decision:/home/rmsentry/DUST-RM-Sentry/install/fake_msg_publisher:/opt/ros/humble /usr/local/bin/cmake --install /home/rmsentry/DUST-RM-Sentry/build/livox_sdk_vendor
