[0.503s] Invoking command in '/home/rmsentry/DUST-RM-Sentry/build/fast_lio': CMAKE_PREFIX_PATH=/home/rmsentry/DUST-RM-Sentry/install/livox_ros_driver2:/home/rmsentry/DUST-RM-Sentry/install/vision_msg:/home/rmsentry/DUST-RM-Sentry/install/teb_local_planner:/home/rmsentry/DUST-RM-Sentry/install/teb_msgs:/home/rmsentry/DUST-RM-Sentry/install/robot_decision:/home/rmsentry/DUST-RM-Sentry/install/rm_bringup:/home/rmsentry/DUST-RM-Sentry/install/rm_serial_driver:/home/rmsentry/DUST-RM-Sentry/install/rm_robot_description:/home/rmsentry/DUST-RM-Sentry/install/rm_navigation:/home/rmsentry/DUST-RM-Sentry/install/rm_gimbal_description:/home/rmsentry/DUST-RM-Sentry/install/rm_decision_interfaces:/home/rmsentry/DUST-RM-Sentry/install/rm_auto_aim:/home/rmsentry/DUST-RM-Sentry/install/pointcloud_to_laserscan:/home/rmsentry/DUST-RM-Sentry/install/pointcloud_merger:/home/rmsentry/DUST-RM-Sentry/install/point_lio:/home/rmsentry/DUST-RM-Sentry/install/livox_ros2_driver:/home/rmsentry/DUST-RM-Sentry/install/livox_sdk_vendor:/home/rmsentry/DUST-RM-Sentry/install/icp_registration:/home/rmsentry/DUST-RM-Sentry/install/fast_lio:/home/rmsentry/DUST-RM-Sentry/install/livox_interfaces:/home/rmsentry/DUST-RM-Sentry/install/linefit_ground_segmentation_ros:/home/rmsentry/DUST-RM-Sentry/install/linefit_ground_segmentation:/home/rmsentry/DUST-RM-Sentry/install/imu_complementary_filter:/home/rmsentry/DUST-RM-Sentry/install/hik_camera_second:/home/rmsentry/DUST-RM-Sentry/install/hik_camera_first:/home/rmsentry/DUST-RM-Sentry/install/hik_camera:/home/rmsentry/DUST-RM-Sentry/install/global_interface:/home/rmsentry/DUST-RM-Sentry/install/costmap_converter:/home/rmsentry/DUST-RM-Sentry/install/costmap_converter_msgs:/home/rmsentry/DUST-RM-Sentry/install/armor_tracker:/home/rmsentry/DUST-RM-Sentry/install/armor_solver:/home/rmsentry/DUST-RM-Sentry/install/armor_detector:/home/rmsentry/DUST-RM-Sentry/install/auto_aim_interfaces:/home/rmsentry/DUST-RM-Sentry/install/rm_decision:/home/rmsentry/DUST-RM-Sentry/install/fake_msg_publisher:/opt/ros/humble LD_LIBRARY_PATH=/home/rmsentry/DUST-RM-Sentry/install/livox_ros_driver2/lib:/home/rmsentry/DUST-RM-Sentry/install/vision_msg/lib:/home/rmsentry/DUST-RM-Sentry/install/teb_local_planner/lib:/home/rmsentry/DUST-RM-Sentry/install/teb_msgs/lib:/home/rmsentry/DUST-RM-Sentry/install/robot_decision/lib:/home/rmsentry/DUST-RM-Sentry/install/rm_serial_driver/lib:/home/rmsentry/DUST-RM-Sentry/install/rm_decision_interfaces/lib:/home/rmsentry/DUST-RM-Sentry/install/pointcloud_to_laserscan/lib:/home/rmsentry/DUST-RM-Sentry/install/livox_ros2_driver/lib:/home/rmsentry/DUST-RM-Sentry/install/icp_registration/lib:/home/rmsentry/DUST-RM-Sentry/install/fast_lio/lib:/home/rmsentry/DUST-RM-Sentry/install/livox_interfaces/lib:/home/rmsentry/DUST-RM-Sentry/install/linefit_ground_segmentation/lib:/home/rmsentry/DUST-RM-Sentry/install/imu_complementary_filter/lib:/home/rmsentry/DUST-RM-Sentry/install/hik_camera_second/lib:/home/rmsentry/DUST-RM-Sentry/install/hik_camera_first/lib:/home/rmsentry/DUST-RM-Sentry/install/hik_camera/lib:/home/rmsentry/DUST-RM-Sentry/install/global_interface/lib:/home/rmsentry/DUST-RM-Sentry/install/costmap_converter/lib:/home/rmsentry/DUST-RM-Sentry/install/costmap_converter_msgs/lib:/home/rmsentry/DUST-RM-Sentry/install/armor_tracker/lib:/home/rmsentry/DUST-RM-Sentry/install/armor_solver/lib:/home/rmsentry/DUST-RM-Sentry/install/armor_detector/lib:/home/rmsentry/DUST-RM-Sentry/install/auto_aim_interfaces/lib:/opt/MVS/lib/64:/opt/MVS/lib/32:/usr/local/lib:/opt/MVS/lib/64:/opt/MVS/lib/32:/opt/MVS/lib/64:/opt/MVS/lib/32:/usr/local/lib:/opt/ros/humble/opt/rviz_ogre_vendor/lib:/opt/ros/humble/lib/x86_64-linux-gnu:/opt/ros/humble/lib:/opt/MVS/lib/64:/opt/MVS/lib/32:/opt/MVS/lib/64:/opt/MVS/lib/32:/opt/MVS/lib/64:/opt/MVS/lib/32 /usr/local/bin/cmake --build /home/rmsentry/DUST-RM-Sentry/build/fast_lio -- -j12 -l12
[0.566s] [ 11%] Built target fast_lio__rosidl_generator_c
[0.567s] [ 11%] Built target fast_lio__cpp
[0.579s] [ 11%] Built target ament_cmake_python_symlink_fast_lio
[0.620s] [ 20%] Built target fast_lio__rosidl_typesupport_fastrtps_cpp
[0.637s] [ 28%] Built target fast_lio__rosidl_typesupport_cpp
[0.643s] [ 37%] Built target fast_lio__rosidl_typesupport_introspection_c
[0.654s] [ 45%] Built target fast_lio__rosidl_typesupport_fastrtps_c
[0.670s] [ 54%] Built target fast_lio__rosidl_typesupport_introspection_cpp
[0.670s] [ 62%] Built target fast_lio__rosidl_typesupport_c
[0.716s] [ 62%] Built target fast_lio
[0.738s] [ 74%] Built target fastlio_mapping
[0.769s] [ 77%] Built target fast_lio__py
[0.803s] [ 82%] Built target fast_lio__rosidl_generator_py
[0.853s] [ 94%] Built target fast_lio__rosidl_typesupport_fastrtps_c__pyext
[0.853s] [ 94%] Built target fast_lio__rosidl_typesupport_c__pyext
[0.853s] [100%] Built target fast_lio__rosidl_typesupport_introspection_c__pyext
[1.024s] running egg_info
[1.026s] writing fast_lio.egg-info/PKG-INFO
[1.027s] writing dependency_links to fast_lio.egg-info/dependency_links.txt
[1.027s] writing top-level names to fast_lio.egg-info/top_level.txt
[1.030s] reading manifest file 'fast_lio.egg-info/SOURCES.txt'
[1.031s] writing manifest file 'fast_lio.egg-info/SOURCES.txt'
[1.074s] [100%] Built target ament_cmake_python_build_fast_lio_egg
[1.385s] Invoked command in '/home/rmsentry/DUST-RM-Sentry/build/fast_lio' returned '0': CMAKE_PREFIX_PATH=/home/rmsentry/DUST-RM-Sentry/install/livox_ros_driver2:/home/rmsentry/DUST-RM-Sentry/install/vision_msg:/home/rmsentry/DUST-RM-Sentry/install/teb_local_planner:/home/rmsentry/DUST-RM-Sentry/install/teb_msgs:/home/rmsentry/DUST-RM-Sentry/install/robot_decision:/home/rmsentry/DUST-RM-Sentry/install/rm_bringup:/home/rmsentry/DUST-RM-Sentry/install/rm_serial_driver:/home/rmsentry/DUST-RM-Sentry/install/rm_robot_description:/home/rmsentry/DUST-RM-Sentry/install/rm_navigation:/home/rmsentry/DUST-RM-Sentry/install/rm_gimbal_description:/home/rmsentry/DUST-RM-Sentry/install/rm_decision_interfaces:/home/rmsentry/DUST-RM-Sentry/install/rm_auto_aim:/home/rmsentry/DUST-RM-Sentry/install/pointcloud_to_laserscan:/home/rmsentry/DUST-RM-Sentry/install/pointcloud_merger:/home/rmsentry/DUST-RM-Sentry/install/point_lio:/home/rmsentry/DUST-RM-Sentry/install/livox_ros2_driver:/home/rmsentry/DUST-RM-Sentry/install/livox_sdk_vendor:/home/rmsentry/DUST-RM-Sentry/install/icp_registration:/home/rmsentry/DUST-RM-Sentry/install/fast_lio:/home/rmsentry/DUST-RM-Sentry/install/livox_interfaces:/home/rmsentry/DUST-RM-Sentry/install/linefit_ground_segmentation_ros:/home/rmsentry/DUST-RM-Sentry/install/linefit_ground_segmentation:/home/rmsentry/DUST-RM-Sentry/install/imu_complementary_filter:/home/rmsentry/DUST-RM-Sentry/install/hik_camera_second:/home/rmsentry/DUST-RM-Sentry/install/hik_camera_first:/home/rmsentry/DUST-RM-Sentry/install/hik_camera:/home/rmsentry/DUST-RM-Sentry/install/global_interface:/home/rmsentry/DUST-RM-Sentry/install/costmap_converter:/home/rmsentry/DUST-RM-Sentry/install/costmap_converter_msgs:/home/rmsentry/DUST-RM-Sentry/install/armor_tracker:/home/rmsentry/DUST-RM-Sentry/install/armor_solver:/home/rmsentry/DUST-RM-Sentry/install/armor_detector:/home/rmsentry/DUST-RM-Sentry/install/auto_aim_interfaces:/home/rmsentry/DUST-RM-Sentry/install/rm_decision:/home/rmsentry/DUST-RM-Sentry/install/fake_msg_publisher:/opt/ros/humble LD_LIBRARY_PATH=/home/rmsentry/DUST-RM-Sentry/install/livox_ros_driver2/lib:/home/rmsentry/DUST-RM-Sentry/install/vision_msg/lib:/home/rmsentry/DUST-RM-Sentry/install/teb_local_planner/lib:/home/rmsentry/DUST-RM-Sentry/install/teb_msgs/lib:/home/rmsentry/DUST-RM-Sentry/install/robot_decision/lib:/home/rmsentry/DUST-RM-Sentry/install/rm_serial_driver/lib:/home/rmsentry/DUST-RM-Sentry/install/rm_decision_interfaces/lib:/home/rmsentry/DUST-RM-Sentry/install/pointcloud_to_laserscan/lib:/home/rmsentry/DUST-RM-Sentry/install/livox_ros2_driver/lib:/home/rmsentry/DUST-RM-Sentry/install/icp_registration/lib:/home/rmsentry/DUST-RM-Sentry/install/fast_lio/lib:/home/rmsentry/DUST-RM-Sentry/install/livox_interfaces/lib:/home/rmsentry/DUST-RM-Sentry/install/linefit_ground_segmentation/lib:/home/rmsentry/DUST-RM-Sentry/install/imu_complementary_filter/lib:/home/rmsentry/DUST-RM-Sentry/install/hik_camera_second/lib:/home/rmsentry/DUST-RM-Sentry/install/hik_camera_first/lib:/home/rmsentry/DUST-RM-Sentry/install/hik_camera/lib:/home/rmsentry/DUST-RM-Sentry/install/global_interface/lib:/home/rmsentry/DUST-RM-Sentry/install/costmap_converter/lib:/home/rmsentry/DUST-RM-Sentry/install/costmap_converter_msgs/lib:/home/rmsentry/DUST-RM-Sentry/install/armor_tracker/lib:/home/rmsentry/DUST-RM-Sentry/install/armor_solver/lib:/home/rmsentry/DUST-RM-Sentry/install/armor_detector/lib:/home/rmsentry/DUST-RM-Sentry/install/auto_aim_interfaces/lib:/opt/MVS/lib/64:/opt/MVS/lib/32:/usr/local/lib:/opt/MVS/lib/64:/opt/MVS/lib/32:/opt/MVS/lib/64:/opt/MVS/lib/32:/usr/local/lib:/opt/ros/humble/opt/rviz_ogre_vendor/lib:/opt/ros/humble/lib/x86_64-linux-gnu:/opt/ros/humble/lib:/opt/MVS/lib/64:/opt/MVS/lib/32:/opt/MVS/lib/64:/opt/MVS/lib/32:/opt/MVS/lib/64:/opt/MVS/lib/32 /usr/local/bin/cmake --build /home/rmsentry/DUST-RM-Sentry/build/fast_lio -- -j12 -l12
[1.387s] Invoking command in '/home/rmsentry/DUST-RM-Sentry/build/fast_lio': CMAKE_PREFIX_PATH=/home/rmsentry/DUST-RM-Sentry/install/livox_ros_driver2:/home/rmsentry/DUST-RM-Sentry/install/vision_msg:/home/rmsentry/DUST-RM-Sentry/install/teb_local_planner:/home/rmsentry/DUST-RM-Sentry/install/teb_msgs:/home/rmsentry/DUST-RM-Sentry/install/robot_decision:/home/rmsentry/DUST-RM-Sentry/install/rm_bringup:/home/rmsentry/DUST-RM-Sentry/install/rm_serial_driver:/home/rmsentry/DUST-RM-Sentry/install/rm_robot_description:/home/rmsentry/DUST-RM-Sentry/install/rm_navigation:/home/rmsentry/DUST-RM-Sentry/install/rm_gimbal_description:/home/rmsentry/DUST-RM-Sentry/install/rm_decision_interfaces:/home/rmsentry/DUST-RM-Sentry/install/rm_auto_aim:/home/rmsentry/DUST-RM-Sentry/install/pointcloud_to_laserscan:/home/rmsentry/DUST-RM-Sentry/install/pointcloud_merger:/home/rmsentry/DUST-RM-Sentry/install/point_lio:/home/rmsentry/DUST-RM-Sentry/install/livox_ros2_driver:/home/rmsentry/DUST-RM-Sentry/install/livox_sdk_vendor:/home/rmsentry/DUST-RM-Sentry/install/icp_registration:/home/rmsentry/DUST-RM-Sentry/install/fast_lio:/home/rmsentry/DUST-RM-Sentry/install/livox_interfaces:/home/rmsentry/DUST-RM-Sentry/install/linefit_ground_segmentation_ros:/home/rmsentry/DUST-RM-Sentry/install/linefit_ground_segmentation:/home/rmsentry/DUST-RM-Sentry/install/imu_complementary_filter:/home/rmsentry/DUST-RM-Sentry/install/hik_camera_second:/home/rmsentry/DUST-RM-Sentry/install/hik_camera_first:/home/rmsentry/DUST-RM-Sentry/install/hik_camera:/home/rmsentry/DUST-RM-Sentry/install/global_interface:/home/rmsentry/DUST-RM-Sentry/install/costmap_converter:/home/rmsentry/DUST-RM-Sentry/install/costmap_converter_msgs:/home/rmsentry/DUST-RM-Sentry/install/armor_tracker:/home/rmsentry/DUST-RM-Sentry/install/armor_solver:/home/rmsentry/DUST-RM-Sentry/install/armor_detector:/home/rmsentry/DUST-RM-Sentry/install/auto_aim_interfaces:/home/rmsentry/DUST-RM-Sentry/install/rm_decision:/home/rmsentry/DUST-RM-Sentry/install/fake_msg_publisher:/opt/ros/humble LD_LIBRARY_PATH=/home/rmsentry/DUST-RM-Sentry/install/livox_ros_driver2/lib:/home/rmsentry/DUST-RM-Sentry/install/vision_msg/lib:/home/rmsentry/DUST-RM-Sentry/install/teb_local_planner/lib:/home/rmsentry/DUST-RM-Sentry/install/teb_msgs/lib:/home/rmsentry/DUST-RM-Sentry/install/robot_decision/lib:/home/rmsentry/DUST-RM-Sentry/install/rm_serial_driver/lib:/home/rmsentry/DUST-RM-Sentry/install/rm_decision_interfaces/lib:/home/rmsentry/DUST-RM-Sentry/install/pointcloud_to_laserscan/lib:/home/rmsentry/DUST-RM-Sentry/install/livox_ros2_driver/lib:/home/rmsentry/DUST-RM-Sentry/install/icp_registration/lib:/home/rmsentry/DUST-RM-Sentry/install/fast_lio/lib:/home/rmsentry/DUST-RM-Sentry/install/livox_interfaces/lib:/home/rmsentry/DUST-RM-Sentry/install/linefit_ground_segmentation/lib:/home/rmsentry/DUST-RM-Sentry/install/imu_complementary_filter/lib:/home/rmsentry/DUST-RM-Sentry/install/hik_camera_second/lib:/home/rmsentry/DUST-RM-Sentry/install/hik_camera_first/lib:/home/rmsentry/DUST-RM-Sentry/install/hik_camera/lib:/home/rmsentry/DUST-RM-Sentry/install/global_interface/lib:/home/rmsentry/DUST-RM-Sentry/install/costmap_converter/lib:/home/rmsentry/DUST-RM-Sentry/install/costmap_converter_msgs/lib:/home/rmsentry/DUST-RM-Sentry/install/armor_tracker/lib:/home/rmsentry/DUST-RM-Sentry/install/armor_solver/lib:/home/rmsentry/DUST-RM-Sentry/install/armor_detector/lib:/home/rmsentry/DUST-RM-Sentry/install/auto_aim_interfaces/lib:/opt/MVS/lib/64:/opt/MVS/lib/32:/usr/local/lib:/opt/MVS/lib/64:/opt/MVS/lib/32:/opt/MVS/lib/64:/opt/MVS/lib/32:/usr/local/lib:/opt/ros/humble/opt/rviz_ogre_vendor/lib:/opt/ros/humble/lib/x86_64-linux-gnu:/opt/ros/humble/lib:/opt/MVS/lib/64:/opt/MVS/lib/32:/opt/MVS/lib/64:/opt/MVS/lib/32:/opt/MVS/lib/64:/opt/MVS/lib/32 /usr/local/bin/cmake --install /home/rmsentry/DUST-RM-Sentry/build/fast_lio
[1.427s] -- Install configuration: "Release"
[1.427s] -- Execute custom install script
[1.427s] -- Up-to-date symlink: /home/rmsentry/DUST-RM-Sentry/install/fast_lio/share/ament_index/resource_index/rosidl_interfaces/fast_lio
[1.427s] -- Up-to-date symlink: /home/rmsentry/DUST-RM-Sentry/install/fast_lio/include/fast_lio/fast_lio/msg/detail/pose6_d__functions.h
[1.427s] -- Up-to-date symlink: /home/rmsentry/DUST-RM-Sentry/install/fast_lio/include/fast_lio/fast_lio/msg/detail/pose6_d__struct.h
[1.427s] -- Up-to-date symlink: /home/rmsentry/DUST-RM-Sentry/install/fast_lio/include/fast_lio/fast_lio/msg/detail/pose6_d__type_support.h
[1.427s] -- Up-to-date symlink: /home/rmsentry/DUST-RM-Sentry/install/fast_lio/include/fast_lio/fast_lio/msg/pose6_d.h
[1.427s] -- Up-to-date symlink: /home/rmsentry/DUST-RM-Sentry/install/fast_lio/include/fast_lio/fast_lio/msg/rosidl_generator_c__visibility_control.h
[1.427s] -- Up-to-date symlink: /home/rmsentry/DUST-RM-Sentry/install/fast_lio/share/fast_lio/environment/library_path.sh
[1.428s] -- Up-to-date symlink: /home/rmsentry/DUST-RM-Sentry/install/fast_lio/share/fast_lio/environment/library_path.dsv
[1.428s] -- Up-to-date symlink: /home/rmsentry/DUST-RM-Sentry/install/fast_lio/include/fast_lio/fast_lio/msg/detail/pose6_d__rosidl_typesupport_fastrtps_c.h
[1.428s] -- Up-to-date symlink: /home/rmsentry/DUST-RM-Sentry/install/fast_lio/include/fast_lio/fast_lio/msg/rosidl_typesupport_fastrtps_c__visibility_control.h
[1.428s] -- Up-to-date symlink: /home/rmsentry/DUST-RM-Sentry/install/fast_lio/include/fast_lio/fast_lio/msg/detail/pose6_d__builder.hpp
[1.428s] -- Up-to-date symlink: /home/rmsentry/DUST-RM-Sentry/install/fast_lio/include/fast_lio/fast_lio/msg/detail/pose6_d__struct.hpp
[1.428s] -- Up-to-date symlink: /home/rmsentry/DUST-RM-Sentry/install/fast_lio/include/fast_lio/fast_lio/msg/detail/pose6_d__traits.hpp
[1.428s] -- Up-to-date symlink: /home/rmsentry/DUST-RM-Sentry/install/fast_lio/include/fast_lio/fast_lio/msg/detail/pose6_d__type_support.hpp
[1.428s] -- Up-to-date symlink: /home/rmsentry/DUST-RM-Sentry/install/fast_lio/include/fast_lio/fast_lio/msg/pose6_d.hpp
[1.428s] -- Up-to-date symlink: /home/rmsentry/DUST-RM-Sentry/install/fast_lio/include/fast_lio/fast_lio/msg/rosidl_generator_cpp__visibility_control.hpp
[1.428s] -- Up-to-date symlink: /home/rmsentry/DUST-RM-Sentry/install/fast_lio/include/fast_lio/fast_lio/msg/detail/pose6_d__rosidl_typesupport_fastrtps_cpp.hpp
[1.428s] -- Up-to-date symlink: /home/rmsentry/DUST-RM-Sentry/install/fast_lio/include/fast_lio/fast_lio/msg/rosidl_typesupport_fastrtps_cpp__visibility_control.h
[1.428s] -- Up-to-date symlink: /home/rmsentry/DUST-RM-Sentry/install/fast_lio/include/fast_lio/fast_lio/msg/detail/pose6_d__rosidl_typesupport_introspection_c.h
[1.428s] -- Up-to-date symlink: /home/rmsentry/DUST-RM-Sentry/install/fast_lio/include/fast_lio/fast_lio/msg/rosidl_typesupport_introspection_c__visibility_control.h
[1.428s] -- Up-to-date symlink: /home/rmsentry/DUST-RM-Sentry/install/fast_lio/include/fast_lio/fast_lio/msg/detail/pose6_d__rosidl_typesupport_introspection_cpp.hpp
[1.428s] -- Up-to-date symlink: /home/rmsentry/DUST-RM-Sentry/install/fast_lio/share/fast_lio/environment/pythonpath.sh
[1.428s] -- Up-to-date symlink: /home/rmsentry/DUST-RM-Sentry/install/fast_lio/share/fast_lio/environment/pythonpath.dsv
[1.428s] -- Up-to-date symlink: /home/rmsentry/DUST-RM-Sentry/install/fast_lio/local/lib/python3.10/dist-packages/fast_lio-0.0.0-py3.10.egg-info/PKG-INFO
[1.429s] -- Up-to-date symlink: /home/rmsentry/DUST-RM-Sentry/install/fast_lio/local/lib/python3.10/dist-packages/fast_lio-0.0.0-py3.10.egg-info/SOURCES.txt
[1.429s] -- Up-to-date symlink: /home/rmsentry/DUST-RM-Sentry/install/fast_lio/local/lib/python3.10/dist-packages/fast_lio-0.0.0-py3.10.egg-info/dependency_links.txt
[1.429s] -- Up-to-date symlink: /home/rmsentry/DUST-RM-Sentry/install/fast_lio/local/lib/python3.10/dist-packages/fast_lio-0.0.0-py3.10.egg-info/top_level.txt
[1.429s] -- Up-to-date symlink: /home/rmsentry/DUST-RM-Sentry/install/fast_lio/local/lib/python3.10/dist-packages/fast_lio/__init__.py
[1.429s] -- Up-to-date symlink: /home/rmsentry/DUST-RM-Sentry/install/fast_lio/local/lib/python3.10/dist-packages/fast_lio/_fast_lio_s.ep.rosidl_typesupport_c.c
[1.429s] -- Up-to-date symlink: /home/rmsentry/DUST-RM-Sentry/install/fast_lio/local/lib/python3.10/dist-packages/fast_lio/_fast_lio_s.ep.rosidl_typesupport_fastrtps_c.c
[1.434s] -- Up-to-date symlink: /home/rmsentry/DUST-RM-Sentry/install/fast_lio/local/lib/python3.10/dist-packages/fast_lio/_fast_lio_s.ep.rosidl_typesupport_introspection_c.c
[1.434s] -- Up-to-date symlink: /home/rmsentry/DUST-RM-Sentry/install/fast_lio/local/lib/python3.10/dist-packages/fast_lio/fast_lio_s__rosidl_typesupport_c.cpython-310-x86_64-linux-gnu.so
[1.434s] -- Up-to-date symlink: /home/rmsentry/DUST-RM-Sentry/install/fast_lio/local/lib/python3.10/dist-packages/fast_lio/fast_lio_s__rosidl_typesupport_fastrtps_c.cpython-310-x86_64-linux-gnu.so
[1.434s] -- Up-to-date symlink: /home/rmsentry/DUST-RM-Sentry/install/fast_lio/local/lib/python3.10/dist-packages/fast_lio/fast_lio_s__rosidl_typesupport_introspection_c.cpython-310-x86_64-linux-gnu.so
[1.434s] -- Up-to-date symlink: /home/rmsentry/DUST-RM-Sentry/install/fast_lio/local/lib/python3.10/dist-packages/fast_lio/libfast_lio__rosidl_generator_py.so
[1.434s] -- Up-to-date symlink: /home/rmsentry/DUST-RM-Sentry/install/fast_lio/local/lib/python3.10/dist-packages/fast_lio/msg/__init__.py
[1.434s] -- Up-to-date symlink: /home/rmsentry/DUST-RM-Sentry/install/fast_lio/local/lib/python3.10/dist-packages/fast_lio/msg/_pose6_d.py
[1.434s] -- Up-to-date symlink: /home/rmsentry/DUST-RM-Sentry/install/fast_lio/local/lib/python3.10/dist-packages/fast_lio/msg/_pose6_d_s.c
[1.434s] -- Up-to-date symlink: /home/rmsentry/DUST-RM-Sentry/install/fast_lio/local/lib/python3.10/dist-packages/fast_lio/fast_lio_s__rosidl_typesupport_fastrtps_c.cpython-310-x86_64-linux-gnu.so
[1.434s] -- Up-to-date symlink: /home/rmsentry/DUST-RM-Sentry/install/fast_lio/local/lib/python3.10/dist-packages/fast_lio/fast_lio_s__rosidl_typesupport_introspection_c.cpython-310-x86_64-linux-gnu.so
[1.434s] -- Up-to-date symlink: /home/rmsentry/DUST-RM-Sentry/install/fast_lio/local/lib/python3.10/dist-packages/fast_lio/fast_lio_s__rosidl_typesupport_c.cpython-310-x86_64-linux-gnu.so
[1.434s] -- Up-to-date symlink: /home/rmsentry/DUST-RM-Sentry/install/fast_lio/share/fast_lio/msg/Pose6D.idl
[1.434s] -- Up-to-date symlink: /home/rmsentry/DUST-RM-Sentry/install/fast_lio/share/fast_lio/msg/Pose6D.msg
[1.434s] -- Up-to-date symlink: /home/rmsentry/DUST-RM-Sentry/install/fast_lio/lib/fast_lio/fastlio_mapping
[1.434s] -- Up-to-date symlink: /home/rmsentry/DUST-RM-Sentry/install/fast_lio/share/fast_lio/config/avia.yaml
[1.435s] -- Up-to-date symlink: /home/rmsentry/DUST-RM-Sentry/install/fast_lio/share/fast_lio/config/horizon.yaml
[1.435s] -- Up-to-date symlink: /home/rmsentry/DUST-RM-Sentry/install/fast_lio/share/fast_lio/config/mid360.yaml
[1.435s] -- Up-to-date symlink: /home/rmsentry/DUST-RM-Sentry/install/fast_lio/share/fast_lio/config/ouster64.yaml
[1.435s] -- Up-to-date symlink: /home/rmsentry/DUST-RM-Sentry/install/fast_lio/share/fast_lio/config/velodyne.yaml
[1.435s] -- Up-to-date symlink: /home/rmsentry/DUST-RM-Sentry/install/fast_lio/share/fast_lio/launch/gdb_debug_example.launch
[1.435s] -- Up-to-date symlink: /home/rmsentry/DUST-RM-Sentry/install/fast_lio/share/fast_lio/launch/mapping.launch.py
[1.435s] -- Up-to-date symlink: /home/rmsentry/DUST-RM-Sentry/install/fast_lio/share/fast_lio/rviz/fastlio.rviz
[1.435s] -- Up-to-date symlink: /home/rmsentry/DUST-RM-Sentry/install/fast_lio/share/ament_index/resource_index/package_run_dependencies/fast_lio
[1.435s] -- Up-to-date symlink: /home/rmsentry/DUST-RM-Sentry/install/fast_lio/share/ament_index/resource_index/parent_prefix_path/fast_lio
[1.435s] -- Up-to-date symlink: /home/rmsentry/DUST-RM-Sentry/install/fast_lio/share/fast_lio/environment/ament_prefix_path.sh
[1.435s] -- Up-to-date symlink: /home/rmsentry/DUST-RM-Sentry/install/fast_lio/share/fast_lio/environment/ament_prefix_path.dsv
[1.435s] -- Up-to-date symlink: /home/rmsentry/DUST-RM-Sentry/install/fast_lio/share/fast_lio/environment/path.sh
[1.435s] -- Up-to-date symlink: /home/rmsentry/DUST-RM-Sentry/install/fast_lio/share/fast_lio/environment/path.dsv
[1.435s] -- Up-to-date symlink: /home/rmsentry/DUST-RM-Sentry/install/fast_lio/share/fast_lio/local_setup.bash
[1.435s] -- Up-to-date symlink: /home/rmsentry/DUST-RM-Sentry/install/fast_lio/share/fast_lio/local_setup.sh
[1.435s] -- Up-to-date symlink: /home/rmsentry/DUST-RM-Sentry/install/fast_lio/share/fast_lio/local_setup.zsh
[1.435s] -- Up-to-date symlink: /home/rmsentry/DUST-RM-Sentry/install/fast_lio/share/fast_lio/local_setup.dsv
[1.435s] -- Symlinking: /home/rmsentry/DUST-RM-Sentry/install/fast_lio/share/fast_lio/package.dsv
[1.437s] -- Up-to-date symlink: /home/rmsentry/DUST-RM-Sentry/install/fast_lio/share/ament_index/resource_index/packages/fast_lio
[1.437s] -- Up-to-date symlink: /home/rmsentry/DUST-RM-Sentry/install/fast_lio/share/fast_lio/cmake/rosidl_cmake-extras.cmake
[1.438s] -- Up-to-date symlink: /home/rmsentry/DUST-RM-Sentry/install/fast_lio/share/fast_lio/cmake/ament_cmake_export_include_directories-extras.cmake
[1.438s] -- Up-to-date symlink: /home/rmsentry/DUST-RM-Sentry/install/fast_lio/share/fast_lio/cmake/ament_cmake_export_libraries-extras.cmake
[1.438s] -- Up-to-date symlink: /home/rmsentry/DUST-RM-Sentry/install/fast_lio/share/fast_lio/cmake/ament_cmake_export_targets-extras.cmake
[1.438s] -- Up-to-date symlink: /home/rmsentry/DUST-RM-Sentry/install/fast_lio/share/fast_lio/cmake/rosidl_cmake_export_typesupport_targets-extras.cmake
[1.438s] -- Up-to-date symlink: /home/rmsentry/DUST-RM-Sentry/install/fast_lio/share/fast_lio/cmake/ament_cmake_export_dependencies-extras.cmake
[1.438s] -- Up-to-date symlink: /home/rmsentry/DUST-RM-Sentry/install/fast_lio/share/fast_lio/cmake/rosidl_cmake_export_typesupport_libraries-extras.cmake
[1.438s] -- Up-to-date symlink: /home/rmsentry/DUST-RM-Sentry/install/fast_lio/share/fast_lio/cmake/fast_lioConfig.cmake
[1.442s] -- Up-to-date symlink: /home/rmsentry/DUST-RM-Sentry/install/fast_lio/share/fast_lio/cmake/fast_lioConfig-version.cmake
[1.442s] -- Up-to-date symlink: /home/rmsentry/DUST-RM-Sentry/install/fast_lio/share/fast_lio/package.xml
[1.442s] -- Up-to-date: /home/rmsentry/DUST-RM-Sentry/install/fast_lio/lib/libfast_lio__rosidl_generator_c.so
[1.442s] -- Up-to-date: /home/rmsentry/DUST-RM-Sentry/install/fast_lio/lib/libfast_lio__rosidl_typesupport_fastrtps_c.so
[1.442s] -- Up-to-date: /home/rmsentry/DUST-RM-Sentry/install/fast_lio/lib/libfast_lio__rosidl_typesupport_fastrtps_cpp.so
[1.442s] -- Up-to-date: /home/rmsentry/DUST-RM-Sentry/install/fast_lio/lib/libfast_lio__rosidl_typesupport_introspection_c.so
[1.442s] -- Up-to-date: /home/rmsentry/DUST-RM-Sentry/install/fast_lio/lib/libfast_lio__rosidl_typesupport_c.so
[1.442s] -- Up-to-date: /home/rmsentry/DUST-RM-Sentry/install/fast_lio/lib/libfast_lio__rosidl_typesupport_introspection_cpp.so
[1.443s] -- Up-to-date: /home/rmsentry/DUST-RM-Sentry/install/fast_lio/lib/libfast_lio__rosidl_typesupport_cpp.so
[1.491s] Listing '/home/rmsentry/DUST-RM-Sentry/install/fast_lio/local/lib/python3.10/dist-packages/fast_lio'...
[1.491s] Listing '/home/rmsentry/DUST-RM-Sentry/install/fast_lio/local/lib/python3.10/dist-packages/fast_lio/msg'...
[1.498s] -- Up-to-date: /home/rmsentry/DUST-RM-Sentry/install/fast_lio/lib/libfast_lio__rosidl_generator_py.so
[1.499s] -- Up-to-date: /home/rmsentry/DUST-RM-Sentry/install/fast_lio/share/fast_lio/cmake/export_fast_lio__rosidl_generator_cExport.cmake
[1.500s] -- Up-to-date: /home/rmsentry/DUST-RM-Sentry/install/fast_lio/share/fast_lio/cmake/export_fast_lio__rosidl_generator_cExport-release.cmake
[1.501s] -- Up-to-date: /home/rmsentry/DUST-RM-Sentry/install/fast_lio/share/fast_lio/cmake/export_fast_lio__rosidl_typesupport_fastrtps_cExport.cmake
[1.501s] -- Up-to-date: /home/rmsentry/DUST-RM-Sentry/install/fast_lio/share/fast_lio/cmake/export_fast_lio__rosidl_typesupport_fastrtps_cExport-release.cmake
[1.503s] -- Up-to-date: /home/rmsentry/DUST-RM-Sentry/install/fast_lio/share/fast_lio/cmake/export_fast_lio__rosidl_generator_cppExport.cmake
[1.505s] -- Up-to-date: /home/rmsentry/DUST-RM-Sentry/install/fast_lio/share/fast_lio/cmake/export_fast_lio__rosidl_typesupport_fastrtps_cppExport.cmake
[1.506s] -- Up-to-date: /home/rmsentry/DUST-RM-Sentry/install/fast_lio/share/fast_lio/cmake/export_fast_lio__rosidl_typesupport_fastrtps_cppExport-release.cmake
[1.507s] -- Up-to-date: /home/rmsentry/DUST-RM-Sentry/install/fast_lio/share/fast_lio/cmake/fast_lio__rosidl_typesupport_introspection_cExport.cmake
[1.508s] -- Up-to-date: /home/rmsentry/DUST-RM-Sentry/install/fast_lio/share/fast_lio/cmake/fast_lio__rosidl_typesupport_introspection_cExport-release.cmake
[1.508s] -- Up-to-date: /home/rmsentry/DUST-RM-Sentry/install/fast_lio/share/fast_lio/cmake/fast_lio__rosidl_typesupport_cExport.cmake
[1.513s] -- Up-to-date: /home/rmsentry/DUST-RM-Sentry/install/fast_lio/share/fast_lio/cmake/fast_lio__rosidl_typesupport_cExport-release.cmake
[1.514s] -- Up-to-date: /home/rmsentry/DUST-RM-Sentry/install/fast_lio/share/fast_lio/cmake/fast_lio__rosidl_typesupport_introspection_cppExport.cmake
[1.515s] -- Up-to-date: /home/rmsentry/DUST-RM-Sentry/install/fast_lio/share/fast_lio/cmake/fast_lio__rosidl_typesupport_introspection_cppExport-release.cmake
[1.516s] -- Up-to-date: /home/rmsentry/DUST-RM-Sentry/install/fast_lio/share/fast_lio/cmake/fast_lio__rosidl_typesupport_cppExport.cmake
[1.516s] -- Up-to-date: /home/rmsentry/DUST-RM-Sentry/install/fast_lio/share/fast_lio/cmake/fast_lio__rosidl_typesupport_cppExport-release.cmake
[1.517s] -- Up-to-date: /home/rmsentry/DUST-RM-Sentry/install/fast_lio/share/fast_lio/cmake/export_fast_lio__rosidl_generator_pyExport.cmake
[1.517s] -- Up-to-date: /home/rmsentry/DUST-RM-Sentry/install/fast_lio/share/fast_lio/cmake/export_fast_lio__rosidl_generator_pyExport-release.cmake
[1.521s] Invoked command in '/home/rmsentry/DUST-RM-Sentry/build/fast_lio' returned '0': CMAKE_PREFIX_PATH=/home/rmsentry/DUST-RM-Sentry/install/livox_ros_driver2:/home/rmsentry/DUST-RM-Sentry/install/vision_msg:/home/rmsentry/DUST-RM-Sentry/install/teb_local_planner:/home/rmsentry/DUST-RM-Sentry/install/teb_msgs:/home/rmsentry/DUST-RM-Sentry/install/robot_decision:/home/rmsentry/DUST-RM-Sentry/install/rm_bringup:/home/rmsentry/DUST-RM-Sentry/install/rm_serial_driver:/home/rmsentry/DUST-RM-Sentry/install/rm_robot_description:/home/rmsentry/DUST-RM-Sentry/install/rm_navigation:/home/rmsentry/DUST-RM-Sentry/install/rm_gimbal_description:/home/rmsentry/DUST-RM-Sentry/install/rm_decision_interfaces:/home/rmsentry/DUST-RM-Sentry/install/rm_auto_aim:/home/rmsentry/DUST-RM-Sentry/install/pointcloud_to_laserscan:/home/rmsentry/DUST-RM-Sentry/install/pointcloud_merger:/home/rmsentry/DUST-RM-Sentry/install/point_lio:/home/rmsentry/DUST-RM-Sentry/install/livox_ros2_driver:/home/rmsentry/DUST-RM-Sentry/install/livox_sdk_vendor:/home/rmsentry/DUST-RM-Sentry/install/icp_registration:/home/rmsentry/DUST-RM-Sentry/install/fast_lio:/home/rmsentry/DUST-RM-Sentry/install/livox_interfaces:/home/rmsentry/DUST-RM-Sentry/install/linefit_ground_segmentation_ros:/home/rmsentry/DUST-RM-Sentry/install/linefit_ground_segmentation:/home/rmsentry/DUST-RM-Sentry/install/imu_complementary_filter:/home/rmsentry/DUST-RM-Sentry/install/hik_camera_second:/home/rmsentry/DUST-RM-Sentry/install/hik_camera_first:/home/rmsentry/DUST-RM-Sentry/install/hik_camera:/home/rmsentry/DUST-RM-Sentry/install/global_interface:/home/rmsentry/DUST-RM-Sentry/install/costmap_converter:/home/rmsentry/DUST-RM-Sentry/install/costmap_converter_msgs:/home/rmsentry/DUST-RM-Sentry/install/armor_tracker:/home/rmsentry/DUST-RM-Sentry/install/armor_solver:/home/rmsentry/DUST-RM-Sentry/install/armor_detector:/home/rmsentry/DUST-RM-Sentry/install/auto_aim_interfaces:/home/rmsentry/DUST-RM-Sentry/install/rm_decision:/home/rmsentry/DUST-RM-Sentry/install/fake_msg_publisher:/opt/ros/humble LD_LIBRARY_PATH=/home/rmsentry/DUST-RM-Sentry/install/livox_ros_driver2/lib:/home/rmsentry/DUST-RM-Sentry/install/vision_msg/lib:/home/rmsentry/DUST-RM-Sentry/install/teb_local_planner/lib:/home/rmsentry/DUST-RM-Sentry/install/teb_msgs/lib:/home/rmsentry/DUST-RM-Sentry/install/robot_decision/lib:/home/rmsentry/DUST-RM-Sentry/install/rm_serial_driver/lib:/home/rmsentry/DUST-RM-Sentry/install/rm_decision_interfaces/lib:/home/rmsentry/DUST-RM-Sentry/install/pointcloud_to_laserscan/lib:/home/rmsentry/DUST-RM-Sentry/install/livox_ros2_driver/lib:/home/rmsentry/DUST-RM-Sentry/install/icp_registration/lib:/home/rmsentry/DUST-RM-Sentry/install/fast_lio/lib:/home/rmsentry/DUST-RM-Sentry/install/livox_interfaces/lib:/home/rmsentry/DUST-RM-Sentry/install/linefit_ground_segmentation/lib:/home/rmsentry/DUST-RM-Sentry/install/imu_complementary_filter/lib:/home/rmsentry/DUST-RM-Sentry/install/hik_camera_second/lib:/home/rmsentry/DUST-RM-Sentry/install/hik_camera_first/lib:/home/rmsentry/DUST-RM-Sentry/install/hik_camera/lib:/home/rmsentry/DUST-RM-Sentry/install/global_interface/lib:/home/rmsentry/DUST-RM-Sentry/install/costmap_converter/lib:/home/rmsentry/DUST-RM-Sentry/install/costmap_converter_msgs/lib:/home/rmsentry/DUST-RM-Sentry/install/armor_tracker/lib:/home/rmsentry/DUST-RM-Sentry/install/armor_solver/lib:/home/rmsentry/DUST-RM-Sentry/install/armor_detector/lib:/home/rmsentry/DUST-RM-Sentry/install/auto_aim_interfaces/lib:/opt/MVS/lib/64:/opt/MVS/lib/32:/usr/local/lib:/opt/MVS/lib/64:/opt/MVS/lib/32:/opt/MVS/lib/64:/opt/MVS/lib/32:/usr/local/lib:/opt/ros/humble/opt/rviz_ogre_vendor/lib:/opt/ros/humble/lib/x86_64-linux-gnu:/opt/ros/humble/lib:/opt/MVS/lib/64:/opt/MVS/lib/32:/opt/MVS/lib/64:/opt/MVS/lib/32:/opt/MVS/lib/64:/opt/MVS/lib/32 /usr/local/bin/cmake --install /home/rmsentry/DUST-RM-Sentry/build/fast_lio
