[0.017s] Invoking command in '/home/rmsentry/DUST-RM-Sentry/build/point_lio': CMAKE_PREFIX_PATH=/home/rmsentry/DUST-RM-Sentry/install/livox_ros_driver2:/home/rmsentry/DUST-RM-Sentry/install/vision_msg:/home/rmsentry/DUST-RM-Sentry/install/teb_local_planner:/home/rmsentry/DUST-RM-Sentry/install/teb_msgs:/home/rmsentry/DUST-RM-Sentry/install/robot_decision:/home/rmsentry/DUST-RM-Sentry/install/rm_bringup:/home/rmsentry/DUST-RM-Sentry/install/rm_serial_driver:/home/rmsentry/DUST-RM-Sentry/install/rm_robot_description:/home/rmsentry/DUST-RM-Sentry/install/rm_navigation:/home/rmsentry/DUST-RM-Sentry/install/rm_gimbal_description:/home/rmsentry/DUST-RM-Sentry/install/rm_decision_interfaces:/home/rmsentry/DUST-RM-Sentry/install/rm_auto_aim:/home/rmsentry/DUST-RM-Sentry/install/pointcloud_to_laserscan:/home/rmsentry/DUST-RM-Sentry/install/pointcloud_merger:/home/rmsentry/DUST-RM-Sentry/install/point_lio:/home/rmsentry/DUST-RM-Sentry/install/livox_ros2_driver:/home/rmsentry/DUST-RM-Sentry/install/livox_sdk_vendor:/home/rmsentry/DUST-RM-Sentry/install/icp_registration:/home/rmsentry/DUST-RM-Sentry/install/fast_lio:/home/rmsentry/DUST-RM-Sentry/install/livox_interfaces:/home/rmsentry/DUST-RM-Sentry/install/linefit_ground_segmentation_ros:/home/rmsentry/DUST-RM-Sentry/install/linefit_ground_segmentation:/home/rmsentry/DUST-RM-Sentry/install/imu_complementary_filter:/home/rmsentry/DUST-RM-Sentry/install/hik_camera_second:/home/rmsentry/DUST-RM-Sentry/install/hik_camera_first:/home/rmsentry/DUST-RM-Sentry/install/hik_camera:/home/rmsentry/DUST-RM-Sentry/install/global_interface:/home/rmsentry/DUST-RM-Sentry/install/costmap_converter:/home/rmsentry/DUST-RM-Sentry/install/costmap_converter_msgs:/home/rmsentry/DUST-RM-Sentry/install/armor_tracker:/home/rmsentry/DUST-RM-Sentry/install/armor_solver:/home/rmsentry/DUST-RM-Sentry/install/armor_detector:/home/rmsentry/DUST-RM-Sentry/install/auto_aim_interfaces:/home/rmsentry/DUST-RM-Sentry/install/rm_decision:/home/rmsentry/DUST-RM-Sentry/install/fake_msg_publisher:/opt/ros/humble LD_LIBRARY_PATH=/home/rmsentry/DUST-RM-Sentry/install/livox_ros_driver2/lib:/home/rmsentry/DUST-RM-Sentry/install/vision_msg/lib:/home/rmsentry/DUST-RM-Sentry/install/teb_local_planner/lib:/home/rmsentry/DUST-RM-Sentry/install/teb_msgs/lib:/home/rmsentry/DUST-RM-Sentry/install/robot_decision/lib:/home/rmsentry/DUST-RM-Sentry/install/rm_serial_driver/lib:/home/rmsentry/DUST-RM-Sentry/install/rm_decision_interfaces/lib:/home/rmsentry/DUST-RM-Sentry/install/pointcloud_to_laserscan/lib:/home/rmsentry/DUST-RM-Sentry/install/livox_ros2_driver/lib:/home/rmsentry/DUST-RM-Sentry/install/icp_registration/lib:/home/rmsentry/DUST-RM-Sentry/install/fast_lio/lib:/home/rmsentry/DUST-RM-Sentry/install/livox_interfaces/lib:/home/rmsentry/DUST-RM-Sentry/install/linefit_ground_segmentation/lib:/home/rmsentry/DUST-RM-Sentry/install/imu_complementary_filter/lib:/home/rmsentry/DUST-RM-Sentry/install/hik_camera_second/lib:/home/rmsentry/DUST-RM-Sentry/install/hik_camera_first/lib:/home/rmsentry/DUST-RM-Sentry/install/hik_camera/lib:/home/rmsentry/DUST-RM-Sentry/install/global_interface/lib:/home/rmsentry/DUST-RM-Sentry/install/costmap_converter/lib:/home/rmsentry/DUST-RM-Sentry/install/costmap_converter_msgs/lib:/home/rmsentry/DUST-RM-Sentry/install/armor_tracker/lib:/home/rmsentry/DUST-RM-Sentry/install/armor_solver/lib:/home/rmsentry/DUST-RM-Sentry/install/armor_detector/lib:/home/rmsentry/DUST-RM-Sentry/install/auto_aim_interfaces/lib:/opt/MVS/lib/64:/opt/MVS/lib/32:/usr/local/lib:/opt/MVS/lib/64:/opt/MVS/lib/32:/opt/MVS/lib/64:/opt/MVS/lib/32:/usr/local/lib:/opt/ros/humble/opt/rviz_ogre_vendor/lib:/opt/ros/humble/lib/x86_64-linux-gnu:/opt/ros/humble/lib:/opt/MVS/lib/64:/opt/MVS/lib/32:/opt/MVS/lib/64:/opt/MVS/lib/32:/opt/MVS/lib/64:/opt/MVS/lib/32 /usr/local/bin/cmake --build /home/rmsentry/DUST-RM-Sentry/build/point_lio -- -j12 -l12
[0.603s] -- Current CPU architecture: x86_64
[0.603s] -- Processor number:  12
[0.603s] -- core for MP:  3
[0.603s] -- Found ament_cmake: 1.3.12 (/opt/ros/humble/share/ament_cmake/cmake)
[0.603s] -- Override CMake install command with custom implementation using symlinks instead of copying resources
[0.603s] -- Found rclcpp: 16.0.14 (/opt/ros/humble/share/rclcpp/cmake)
[0.604s] -- Found rosidl_generator_c: 3.1.7 (/opt/ros/humble/share/rosidl_generator_c/cmake)
[0.604s] -- Found rosidl_adapter: 3.1.7 (/opt/ros/humble/share/rosidl_adapter/cmake)
[0.604s] -- Found rosidl_generator_cpp: 3.1.7 (/opt/ros/humble/share/rosidl_generator_cpp/cmake)
[0.604s] -- Using all available rosidl_typesupport_c: rosidl_typesupport_fastrtps_c;rosidl_typesupport_introspection_c
[0.604s] -- Using all available rosidl_typesupport_cpp: rosidl_typesupport_fastrtps_cpp;rosidl_typesupport_introspection_cpp
[0.604s] -- Found rmw_implementation_cmake: 6.1.2 (/opt/ros/humble/share/rmw_implementation_cmake/cmake)
[0.604s] -- Found rmw_fastrtps_cpp: 6.2.8 (/opt/ros/humble/share/rmw_fastrtps_cpp/cmake)
[0.604s] -- Using RMW implementation 'rmw_fastrtps_cpp' as default
[0.614s] -- Found rclpy: 3.3.17 (/opt/ros/humble/share/rclpy/cmake)
[0.614s] -- Found geometry_msgs: 4.9.0 (/opt/ros/humble/share/geometry_msgs/cmake)
[0.633s] -- Found nav_msgs: 4.9.0 (/opt/ros/humble/share/nav_msgs/cmake)
[0.659s] -- Found sensor_msgs: 4.9.0 (/opt/ros/humble/share/sensor_msgs/cmake)
[0.686s] -- Found pcl_ros: 2.4.5 (/opt/ros/humble/share/pcl_ros/cmake)
[0.734s] [33mCMake Warning (dev) at /usr/lib/x86_64-linux-gnu/cmake/pcl/PCLConfig.cmake:146 (find_package):
[0.734s]   Policy CMP0144 is not set: find_package uses upper-case <PACKAGENAME>_ROOT
[0.734s]   variables.  Run "cmake --help-policy CMP0144" for policy details.  Use the
[0.734s]   cmake_policy command to set the policy and suppress this warning.
[0.734s] 
[0.734s]   CMake variable EIGEN_ROOT is set to:
[0.734s] 
[0.735s]     /usr/include/eigen3
[0.735s] 
[0.735s]   For compatibility, find_package is ignoring the variable, but code in a
[0.735s]   .cmake module might still use it.
[0.735s] Call Stack (most recent call first):
[0.735s]   /usr/lib/x86_64-linux-gnu/cmake/pcl/PCLConfig.cmake:299 (find_eigen)
[0.735s]   /usr/lib/x86_64-linux-gnu/cmake/pcl/PCLConfig.cmake:543 (find_external_library)
[0.735s]   /opt/ros/humble/share/pcl_conversions/cmake/ament_cmake_export_dependencies-extras.cmake:21 (find_package)
[0.735s]   /opt/ros/humble/share/pcl_conversions/cmake/pcl_conversionsConfig.cmake:41 (include)
[0.735s]   /opt/ros/humble/share/pcl_ros/cmake/ament_cmake_export_dependencies-extras.cmake:21 (find_package)
[0.735s]   /opt/ros/humble/share/pcl_ros/cmake/pcl_rosConfig.cmake:41 (include)
[0.735s]   CMakeLists.txt:45 (find_package)
[0.735s] This warning is for project developers.  Use -Wno-dev to suppress it.
[0.735s] [0m
[0.740s] -- Eigen found (include: /usr/include/eigen3, version: 3.4.0)
[0.753s] [33mCMake Warning (dev) at /usr/lib/x86_64-linux-gnu/cmake/pcl/Modules/FindFLANN.cmake:44 (find_package):
[0.753s]   Policy CMP0144 is not set: find_package uses upper-case <PACKAGENAME>_ROOT
[0.753s]   variables.  Run "cmake --help-policy CMP0144" for policy details.  Use the
[0.753s]   cmake_policy command to set the policy and suppress this warning.
[0.753s] 
[0.753s]   CMake variable FLANN_ROOT is set to:
[0.753s] 
[0.753s]     /usr
[0.753s] 
[0.754s]   For compatibility, find_package is ignoring the variable, but code in a
[0.754s]   .cmake module might still use it.
[0.754s] Call Stack (most recent call first):
[0.754s]   /usr/lib/x86_64-linux-gnu/cmake/pcl/PCLConfig.cmake:256 (find_package)
[0.754s]   /usr/lib/x86_64-linux-gnu/cmake/pcl/PCLConfig.cmake:301 (find_flann)
[0.754s]   /usr/lib/x86_64-linux-gnu/cmake/pcl/PCLConfig.cmake:543 (find_external_library)
[0.754s]   /opt/ros/humble/share/pcl_conversions/cmake/ament_cmake_export_dependencies-extras.cmake:21 (find_package)
[0.754s]   /opt/ros/humble/share/pcl_conversions/cmake/pcl_conversionsConfig.cmake:41 (include)
[0.754s]   /opt/ros/humble/share/pcl_ros/cmake/ament_cmake_export_dependencies-extras.cmake:21 (find_package)
[0.754s]   /opt/ros/humble/share/pcl_ros/cmake/pcl_rosConfig.cmake:41 (include)
[0.754s]   CMakeLists.txt:45 (find_package)
[0.754s] This warning is for project developers.  Use -Wno-dev to suppress it.
[0.754s] [0m
[0.781s] -- FLANN found (include: /usr/include, lib: /usr/lib/x86_64-linux-gnu/libflann_cpp.so)
[1.208s] -- OpenNI found (version: 1.5.4.0, include: /usr/include/ni, lib: /usr/lib/libOpenNI.so;libusb::libusb)
[1.215s] -- OpenNI2 found (version: 2.2.0.33, include: /usr/include/openni2, lib: /usr/lib/x86_64-linux-gnu/libOpenNI2.so;libusb::libusb)
[1.466s] -- Eigen found (include: /usr/include/eigen3, version: 3.4.0)
[1.471s] -- OpenNI found (version: 1.5.4.0, include: /usr/include/ni, lib: /usr/lib/libOpenNI.so;libusb::libusb)
[1.476s] -- OpenNI2 found (version: 2.2.0.33, include: /usr/include/openni2, lib: /usr/lib/x86_64-linux-gnu/libOpenNI2.so;libusb::libusb)
[1.763s] -- Found Qhull version 8.0.2
[2.038s] -- OpenNI found (version: 1.5.4.0, include: /usr/include/ni, lib: /usr/lib/libOpenNI.so;libusb::libusb)
[2.349s] -- Found eigen3_cmake_module: 0.1.1 (/opt/ros/humble/share/eigen3_cmake_module/cmake)
[2.351s] -- Ensuring Eigen3 include directory is part of orocos-kdl CMake target
[2.449s] -- Found visualization_msgs: 4.9.0 (/opt/ros/humble/share/visualization_msgs/cmake)
[2.475s] -- Found livox_ros_driver2: 1.0.0 (/home/rmsentry/DUST-RM-Sentry/install/livox_ros_driver2/share/livox_ros_driver2/cmake)
[2.497s] [33mCMake Warning (dev) at CMakeLists.txt:61 (find_package):
[2.497s]   Policy CMP0148 is not set: The FindPythonInterp and FindPythonLibs modules
[2.497s]   are removed.  Run "cmake --help-policy CMP0148" for policy details.  Use
[2.497s]   the cmake_policy command to set the policy and suppress this warning.
[2.497s] 
[2.497s] This warning is for project developers.  Use -Wno-dev to suppress it.
[2.497s] [0m
[2.566s] -- Configuring done (2.5s)
[2.598s] -- Generating done (0.0s)
[2.602s] -- Build files have been written to: /home/rmsentry/DUST-RM-Sentry/build/point_lio
[2.655s] [100%] Built target pointlio_mapping
[2.667s] Invoked command in '/home/rmsentry/DUST-RM-Sentry/build/point_lio' returned '0': CMAKE_PREFIX_PATH=/home/rmsentry/DUST-RM-Sentry/install/livox_ros_driver2:/home/rmsentry/DUST-RM-Sentry/install/vision_msg:/home/rmsentry/DUST-RM-Sentry/install/teb_local_planner:/home/rmsentry/DUST-RM-Sentry/install/teb_msgs:/home/rmsentry/DUST-RM-Sentry/install/robot_decision:/home/rmsentry/DUST-RM-Sentry/install/rm_bringup:/home/rmsentry/DUST-RM-Sentry/install/rm_serial_driver:/home/rmsentry/DUST-RM-Sentry/install/rm_robot_description:/home/rmsentry/DUST-RM-Sentry/install/rm_navigation:/home/rmsentry/DUST-RM-Sentry/install/rm_gimbal_description:/home/rmsentry/DUST-RM-Sentry/install/rm_decision_interfaces:/home/rmsentry/DUST-RM-Sentry/install/rm_auto_aim:/home/rmsentry/DUST-RM-Sentry/install/pointcloud_to_laserscan:/home/rmsentry/DUST-RM-Sentry/install/pointcloud_merger:/home/rmsentry/DUST-RM-Sentry/install/point_lio:/home/rmsentry/DUST-RM-Sentry/install/livox_ros2_driver:/home/rmsentry/DUST-RM-Sentry/install/livox_sdk_vendor:/home/rmsentry/DUST-RM-Sentry/install/icp_registration:/home/rmsentry/DUST-RM-Sentry/install/fast_lio:/home/rmsentry/DUST-RM-Sentry/install/livox_interfaces:/home/rmsentry/DUST-RM-Sentry/install/linefit_ground_segmentation_ros:/home/rmsentry/DUST-RM-Sentry/install/linefit_ground_segmentation:/home/rmsentry/DUST-RM-Sentry/install/imu_complementary_filter:/home/rmsentry/DUST-RM-Sentry/install/hik_camera_second:/home/rmsentry/DUST-RM-Sentry/install/hik_camera_first:/home/rmsentry/DUST-RM-Sentry/install/hik_camera:/home/rmsentry/DUST-RM-Sentry/install/global_interface:/home/rmsentry/DUST-RM-Sentry/install/costmap_converter:/home/rmsentry/DUST-RM-Sentry/install/costmap_converter_msgs:/home/rmsentry/DUST-RM-Sentry/install/armor_tracker:/home/rmsentry/DUST-RM-Sentry/install/armor_solver:/home/rmsentry/DUST-RM-Sentry/install/armor_detector:/home/rmsentry/DUST-RM-Sentry/install/auto_aim_interfaces:/home/rmsentry/DUST-RM-Sentry/install/rm_decision:/home/rmsentry/DUST-RM-Sentry/install/fake_msg_publisher:/opt/ros/humble LD_LIBRARY_PATH=/home/rmsentry/DUST-RM-Sentry/install/livox_ros_driver2/lib:/home/rmsentry/DUST-RM-Sentry/install/vision_msg/lib:/home/rmsentry/DUST-RM-Sentry/install/teb_local_planner/lib:/home/rmsentry/DUST-RM-Sentry/install/teb_msgs/lib:/home/rmsentry/DUST-RM-Sentry/install/robot_decision/lib:/home/rmsentry/DUST-RM-Sentry/install/rm_serial_driver/lib:/home/rmsentry/DUST-RM-Sentry/install/rm_decision_interfaces/lib:/home/rmsentry/DUST-RM-Sentry/install/pointcloud_to_laserscan/lib:/home/rmsentry/DUST-RM-Sentry/install/livox_ros2_driver/lib:/home/rmsentry/DUST-RM-Sentry/install/icp_registration/lib:/home/rmsentry/DUST-RM-Sentry/install/fast_lio/lib:/home/rmsentry/DUST-RM-Sentry/install/livox_interfaces/lib:/home/rmsentry/DUST-RM-Sentry/install/linefit_ground_segmentation/lib:/home/rmsentry/DUST-RM-Sentry/install/imu_complementary_filter/lib:/home/rmsentry/DUST-RM-Sentry/install/hik_camera_second/lib:/home/rmsentry/DUST-RM-Sentry/install/hik_camera_first/lib:/home/rmsentry/DUST-RM-Sentry/install/hik_camera/lib:/home/rmsentry/DUST-RM-Sentry/install/global_interface/lib:/home/rmsentry/DUST-RM-Sentry/install/costmap_converter/lib:/home/rmsentry/DUST-RM-Sentry/install/costmap_converter_msgs/lib:/home/rmsentry/DUST-RM-Sentry/install/armor_tracker/lib:/home/rmsentry/DUST-RM-Sentry/install/armor_solver/lib:/home/rmsentry/DUST-RM-Sentry/install/armor_detector/lib:/home/rmsentry/DUST-RM-Sentry/install/auto_aim_interfaces/lib:/opt/MVS/lib/64:/opt/MVS/lib/32:/usr/local/lib:/opt/MVS/lib/64:/opt/MVS/lib/32:/opt/MVS/lib/64:/opt/MVS/lib/32:/usr/local/lib:/opt/ros/humble/opt/rviz_ogre_vendor/lib:/opt/ros/humble/lib/x86_64-linux-gnu:/opt/ros/humble/lib:/opt/MVS/lib/64:/opt/MVS/lib/32:/opt/MVS/lib/64:/opt/MVS/lib/32:/opt/MVS/lib/64:/opt/MVS/lib/32 /usr/local/bin/cmake --build /home/rmsentry/DUST-RM-Sentry/build/point_lio -- -j12 -l12
[2.668s] Invoking command in '/home/rmsentry/DUST-RM-Sentry/build/point_lio': CMAKE_PREFIX_PATH=/home/rmsentry/DUST-RM-Sentry/install/livox_ros_driver2:/home/rmsentry/DUST-RM-Sentry/install/vision_msg:/home/rmsentry/DUST-RM-Sentry/install/teb_local_planner:/home/rmsentry/DUST-RM-Sentry/install/teb_msgs:/home/rmsentry/DUST-RM-Sentry/install/robot_decision:/home/rmsentry/DUST-RM-Sentry/install/rm_bringup:/home/rmsentry/DUST-RM-Sentry/install/rm_serial_driver:/home/rmsentry/DUST-RM-Sentry/install/rm_robot_description:/home/rmsentry/DUST-RM-Sentry/install/rm_navigation:/home/rmsentry/DUST-RM-Sentry/install/rm_gimbal_description:/home/rmsentry/DUST-RM-Sentry/install/rm_decision_interfaces:/home/rmsentry/DUST-RM-Sentry/install/rm_auto_aim:/home/rmsentry/DUST-RM-Sentry/install/pointcloud_to_laserscan:/home/rmsentry/DUST-RM-Sentry/install/pointcloud_merger:/home/rmsentry/DUST-RM-Sentry/install/point_lio:/home/rmsentry/DUST-RM-Sentry/install/livox_ros2_driver:/home/rmsentry/DUST-RM-Sentry/install/livox_sdk_vendor:/home/rmsentry/DUST-RM-Sentry/install/icp_registration:/home/rmsentry/DUST-RM-Sentry/install/fast_lio:/home/rmsentry/DUST-RM-Sentry/install/livox_interfaces:/home/rmsentry/DUST-RM-Sentry/install/linefit_ground_segmentation_ros:/home/rmsentry/DUST-RM-Sentry/install/linefit_ground_segmentation:/home/rmsentry/DUST-RM-Sentry/install/imu_complementary_filter:/home/rmsentry/DUST-RM-Sentry/install/hik_camera_second:/home/rmsentry/DUST-RM-Sentry/install/hik_camera_first:/home/rmsentry/DUST-RM-Sentry/install/hik_camera:/home/rmsentry/DUST-RM-Sentry/install/global_interface:/home/rmsentry/DUST-RM-Sentry/install/costmap_converter:/home/rmsentry/DUST-RM-Sentry/install/costmap_converter_msgs:/home/rmsentry/DUST-RM-Sentry/install/armor_tracker:/home/rmsentry/DUST-RM-Sentry/install/armor_solver:/home/rmsentry/DUST-RM-Sentry/install/armor_detector:/home/rmsentry/DUST-RM-Sentry/install/auto_aim_interfaces:/home/rmsentry/DUST-RM-Sentry/install/rm_decision:/home/rmsentry/DUST-RM-Sentry/install/fake_msg_publisher:/opt/ros/humble LD_LIBRARY_PATH=/home/rmsentry/DUST-RM-Sentry/install/livox_ros_driver2/lib:/home/rmsentry/DUST-RM-Sentry/install/vision_msg/lib:/home/rmsentry/DUST-RM-Sentry/install/teb_local_planner/lib:/home/rmsentry/DUST-RM-Sentry/install/teb_msgs/lib:/home/rmsentry/DUST-RM-Sentry/install/robot_decision/lib:/home/rmsentry/DUST-RM-Sentry/install/rm_serial_driver/lib:/home/rmsentry/DUST-RM-Sentry/install/rm_decision_interfaces/lib:/home/rmsentry/DUST-RM-Sentry/install/pointcloud_to_laserscan/lib:/home/rmsentry/DUST-RM-Sentry/install/livox_ros2_driver/lib:/home/rmsentry/DUST-RM-Sentry/install/icp_registration/lib:/home/rmsentry/DUST-RM-Sentry/install/fast_lio/lib:/home/rmsentry/DUST-RM-Sentry/install/livox_interfaces/lib:/home/rmsentry/DUST-RM-Sentry/install/linefit_ground_segmentation/lib:/home/rmsentry/DUST-RM-Sentry/install/imu_complementary_filter/lib:/home/rmsentry/DUST-RM-Sentry/install/hik_camera_second/lib:/home/rmsentry/DUST-RM-Sentry/install/hik_camera_first/lib:/home/rmsentry/DUST-RM-Sentry/install/hik_camera/lib:/home/rmsentry/DUST-RM-Sentry/install/global_interface/lib:/home/rmsentry/DUST-RM-Sentry/install/costmap_converter/lib:/home/rmsentry/DUST-RM-Sentry/install/costmap_converter_msgs/lib:/home/rmsentry/DUST-RM-Sentry/install/armor_tracker/lib:/home/rmsentry/DUST-RM-Sentry/install/armor_solver/lib:/home/rmsentry/DUST-RM-Sentry/install/armor_detector/lib:/home/rmsentry/DUST-RM-Sentry/install/auto_aim_interfaces/lib:/opt/MVS/lib/64:/opt/MVS/lib/32:/usr/local/lib:/opt/MVS/lib/64:/opt/MVS/lib/32:/opt/MVS/lib/64:/opt/MVS/lib/32:/usr/local/lib:/opt/ros/humble/opt/rviz_ogre_vendor/lib:/opt/ros/humble/lib/x86_64-linux-gnu:/opt/ros/humble/lib:/opt/MVS/lib/64:/opt/MVS/lib/32:/opt/MVS/lib/64:/opt/MVS/lib/32:/opt/MVS/lib/64:/opt/MVS/lib/32 /usr/local/bin/cmake --install /home/rmsentry/DUST-RM-Sentry/build/point_lio
[2.670s] -- Install configuration: ""
[2.670s] -- Execute custom install script
[2.670s] -- Up-to-date symlink: /home/rmsentry/DUST-RM-Sentry/install/point_lio/lib/point_lio/pointlio_mapping
[2.670s] -- Up-to-date symlink: /home/rmsentry/DUST-RM-Sentry/install/point_lio/share/point_lio/config/avia.yaml
[2.670s] -- Up-to-date symlink: /home/rmsentry/DUST-RM-Sentry/install/point_lio/share/point_lio/config/horizon.yaml
[2.670s] -- Up-to-date symlink: /home/rmsentry/DUST-RM-Sentry/install/point_lio/share/point_lio/config/mid360.yaml
[2.671s] -- Up-to-date symlink: /home/rmsentry/DUST-RM-Sentry/install/point_lio/share/point_lio/config/ouster64.yaml
[2.671s] -- Up-to-date symlink: /home/rmsentry/DUST-RM-Sentry/install/point_lio/share/point_lio/config/velody16.yaml
[2.671s] -- Up-to-date symlink: /home/rmsentry/DUST-RM-Sentry/install/point_lio/share/point_lio/launch/gdb_debug_example.launch.py
[2.671s] -- Up-to-date symlink: /home/rmsentry/DUST-RM-Sentry/install/point_lio/share/point_lio/launch/mapping_avia.launch.py
[2.671s] -- Up-to-date symlink: /home/rmsentry/DUST-RM-Sentry/install/point_lio/share/point_lio/launch/mapping_horizon.launch.py
[2.671s] -- Up-to-date symlink: /home/rmsentry/DUST-RM-Sentry/install/point_lio/share/point_lio/launch/mapping_mid360.launch.py
[2.671s] -- Up-to-date symlink: /home/rmsentry/DUST-RM-Sentry/install/point_lio/share/point_lio/launch/mapping_ouster64.launch.py
[2.671s] -- Up-to-date symlink: /home/rmsentry/DUST-RM-Sentry/install/point_lio/share/point_lio/launch/mapping_velody16.launch.py
[2.671s] -- Up-to-date symlink: /home/rmsentry/DUST-RM-Sentry/install/point_lio/share/point_lio/rviz_cfg/loam_livox.rviz
[2.671s] -- Up-to-date symlink: /home/rmsentry/DUST-RM-Sentry/install/point_lio/share/ament_index/resource_index/package_run_dependencies/point_lio
[2.671s] -- Up-to-date symlink: /home/rmsentry/DUST-RM-Sentry/install/point_lio/share/ament_index/resource_index/parent_prefix_path/point_lio
[2.671s] -- Up-to-date symlink: /home/rmsentry/DUST-RM-Sentry/install/point_lio/share/point_lio/environment/ament_prefix_path.sh
[2.671s] -- Up-to-date symlink: /home/rmsentry/DUST-RM-Sentry/install/point_lio/share/point_lio/environment/ament_prefix_path.dsv
[2.671s] -- Up-to-date symlink: /home/rmsentry/DUST-RM-Sentry/install/point_lio/share/point_lio/environment/path.sh
[2.671s] -- Up-to-date symlink: /home/rmsentry/DUST-RM-Sentry/install/point_lio/share/point_lio/environment/path.dsv
[2.672s] -- Up-to-date symlink: /home/rmsentry/DUST-RM-Sentry/install/point_lio/share/point_lio/local_setup.bash
[2.672s] -- Up-to-date symlink: /home/rmsentry/DUST-RM-Sentry/install/point_lio/share/point_lio/local_setup.sh
[2.672s] -- Up-to-date symlink: /home/rmsentry/DUST-RM-Sentry/install/point_lio/share/point_lio/local_setup.zsh
[2.672s] -- Up-to-date symlink: /home/rmsentry/DUST-RM-Sentry/install/point_lio/share/point_lio/local_setup.dsv
[2.672s] -- Symlinking: /home/rmsentry/DUST-RM-Sentry/install/point_lio/share/point_lio/package.dsv
[2.675s] -- Up-to-date symlink: /home/rmsentry/DUST-RM-Sentry/install/point_lio/share/ament_index/resource_index/packages/point_lio
[2.675s] -- Up-to-date symlink: /home/rmsentry/DUST-RM-Sentry/install/point_lio/share/point_lio/cmake/ament_cmake_export_dependencies-extras.cmake
[2.675s] -- Up-to-date symlink: /home/rmsentry/DUST-RM-Sentry/install/point_lio/share/point_lio/cmake/point_lioConfig.cmake
[2.675s] -- Up-to-date symlink: /home/rmsentry/DUST-RM-Sentry/install/point_lio/share/point_lio/cmake/point_lioConfig-version.cmake
[2.675s] -- Up-to-date symlink: /home/rmsentry/DUST-RM-Sentry/install/point_lio/share/point_lio/package.xml
[2.676s] Invoked command in '/home/rmsentry/DUST-RM-Sentry/build/point_lio' returned '0': CMAKE_PREFIX_PATH=/home/rmsentry/DUST-RM-Sentry/install/livox_ros_driver2:/home/rmsentry/DUST-RM-Sentry/install/vision_msg:/home/rmsentry/DUST-RM-Sentry/install/teb_local_planner:/home/rmsentry/DUST-RM-Sentry/install/teb_msgs:/home/rmsentry/DUST-RM-Sentry/install/robot_decision:/home/rmsentry/DUST-RM-Sentry/install/rm_bringup:/home/rmsentry/DUST-RM-Sentry/install/rm_serial_driver:/home/rmsentry/DUST-RM-Sentry/install/rm_robot_description:/home/rmsentry/DUST-RM-Sentry/install/rm_navigation:/home/rmsentry/DUST-RM-Sentry/install/rm_gimbal_description:/home/rmsentry/DUST-RM-Sentry/install/rm_decision_interfaces:/home/rmsentry/DUST-RM-Sentry/install/rm_auto_aim:/home/rmsentry/DUST-RM-Sentry/install/pointcloud_to_laserscan:/home/rmsentry/DUST-RM-Sentry/install/pointcloud_merger:/home/rmsentry/DUST-RM-Sentry/install/point_lio:/home/rmsentry/DUST-RM-Sentry/install/livox_ros2_driver:/home/rmsentry/DUST-RM-Sentry/install/livox_sdk_vendor:/home/rmsentry/DUST-RM-Sentry/install/icp_registration:/home/rmsentry/DUST-RM-Sentry/install/fast_lio:/home/rmsentry/DUST-RM-Sentry/install/livox_interfaces:/home/rmsentry/DUST-RM-Sentry/install/linefit_ground_segmentation_ros:/home/rmsentry/DUST-RM-Sentry/install/linefit_ground_segmentation:/home/rmsentry/DUST-RM-Sentry/install/imu_complementary_filter:/home/rmsentry/DUST-RM-Sentry/install/hik_camera_second:/home/rmsentry/DUST-RM-Sentry/install/hik_camera_first:/home/rmsentry/DUST-RM-Sentry/install/hik_camera:/home/rmsentry/DUST-RM-Sentry/install/global_interface:/home/rmsentry/DUST-RM-Sentry/install/costmap_converter:/home/rmsentry/DUST-RM-Sentry/install/costmap_converter_msgs:/home/rmsentry/DUST-RM-Sentry/install/armor_tracker:/home/rmsentry/DUST-RM-Sentry/install/armor_solver:/home/rmsentry/DUST-RM-Sentry/install/armor_detector:/home/rmsentry/DUST-RM-Sentry/install/auto_aim_interfaces:/home/rmsentry/DUST-RM-Sentry/install/rm_decision:/home/rmsentry/DUST-RM-Sentry/install/fake_msg_publisher:/opt/ros/humble LD_LIBRARY_PATH=/home/rmsentry/DUST-RM-Sentry/install/livox_ros_driver2/lib:/home/rmsentry/DUST-RM-Sentry/install/vision_msg/lib:/home/rmsentry/DUST-RM-Sentry/install/teb_local_planner/lib:/home/rmsentry/DUST-RM-Sentry/install/teb_msgs/lib:/home/rmsentry/DUST-RM-Sentry/install/robot_decision/lib:/home/rmsentry/DUST-RM-Sentry/install/rm_serial_driver/lib:/home/rmsentry/DUST-RM-Sentry/install/rm_decision_interfaces/lib:/home/rmsentry/DUST-RM-Sentry/install/pointcloud_to_laserscan/lib:/home/rmsentry/DUST-RM-Sentry/install/livox_ros2_driver/lib:/home/rmsentry/DUST-RM-Sentry/install/icp_registration/lib:/home/rmsentry/DUST-RM-Sentry/install/fast_lio/lib:/home/rmsentry/DUST-RM-Sentry/install/livox_interfaces/lib:/home/rmsentry/DUST-RM-Sentry/install/linefit_ground_segmentation/lib:/home/rmsentry/DUST-RM-Sentry/install/imu_complementary_filter/lib:/home/rmsentry/DUST-RM-Sentry/install/hik_camera_second/lib:/home/rmsentry/DUST-RM-Sentry/install/hik_camera_first/lib:/home/rmsentry/DUST-RM-Sentry/install/hik_camera/lib:/home/rmsentry/DUST-RM-Sentry/install/global_interface/lib:/home/rmsentry/DUST-RM-Sentry/install/costmap_converter/lib:/home/rmsentry/DUST-RM-Sentry/install/costmap_converter_msgs/lib:/home/rmsentry/DUST-RM-Sentry/install/armor_tracker/lib:/home/rmsentry/DUST-RM-Sentry/install/armor_solver/lib:/home/rmsentry/DUST-RM-Sentry/install/armor_detector/lib:/home/rmsentry/DUST-RM-Sentry/install/auto_aim_interfaces/lib:/opt/MVS/lib/64:/opt/MVS/lib/32:/usr/local/lib:/opt/MVS/lib/64:/opt/MVS/lib/32:/opt/MVS/lib/64:/opt/MVS/lib/32:/usr/local/lib:/opt/ros/humble/opt/rviz_ogre_vendor/lib:/opt/ros/humble/lib/x86_64-linux-gnu:/opt/ros/humble/lib:/opt/MVS/lib/64:/opt/MVS/lib/32:/opt/MVS/lib/64:/opt/MVS/lib/32:/opt/MVS/lib/64:/opt/MVS/lib/32 /usr/local/bin/cmake --install /home/rmsentry/DUST-RM-Sentry/build/point_lio
