-- Found ament_cmake: 1.3.12 (/opt/ros/humble/share/ament_cmake/cmake)
-- Override CMake install command with custom implementation using symlinks instead of copying resources
-- Found rosidl_default_generators: 1.2.0 (/opt/ros/humble/share/rosidl_default_generators/cmake)
-- Using all available rosidl_typesupport_c: rosidl_typesupport_fastrtps_c;rosidl_typesupport_introspection_c
-- Found rosidl_adapter: 3.1.7 (/opt/ros/humble/share/rosidl_adapter/cmake)
-- Using all available rosidl_typesupport_cpp: rosidl_typesupport_fastrtps_cpp;rosidl_typesupport_introspection_cpp
-- Found builtin_interfaces: 1.2.2 (/opt/ros/humble/share/builtin_interfaces/cmake)
-- Found rclcpp: 16.0.14 (/opt/ros/humble/share/rclcpp/cmake)
-- Found rmw_implementation_cmake: 6.1.2 (/opt/ros/humble/share/rmw_implementation_cmake/cmake)
-- Found rmw_fastrtps_cpp: 6.2.8 (/opt/ros/humble/share/rmw_fastrtps_cpp/cmake)
-- Using RMW implementation 'rmw_fastrtps_cpp' as default
-- Found geometry_msgs: 4.9.0 (/opt/ros/humble/share/geometry_msgs/cmake)
-- Found sensor_msgs: 4.9.0 (/opt/ros/humble/share/sensor_msgs/cmake)
-- Found ament_lint_auto: 0.12.14 (/opt/ros/humble/share/ament_lint_auto/cmake)
-- Found ament_cmake_ros: 0.10.0 (/opt/ros/humble/share/ament_cmake_ros/cmake)
-- Using all available rosidl_typesupport_c: rosidl_typesupport_fastrtps_c;rosidl_typesupport_introspection_c
-- Using all available rosidl_typesupport_cpp: rosidl_typesupport_fastrtps_cpp;rosidl_typesupport_introspection_cpp
[33mCMake Warning (dev) at /opt/ros/humble/share/rosidl_generator_py/cmake/rosidl_generator_py_generate_interfaces.cmake:20 (find_package):
  Policy CMP0148 is not set: The FindPythonInterp and FindPythonLibs modules
  are removed.  Run "cmake --help-policy CMP0148" for policy details.  Use
  the cmake_policy command to set the policy and suppress this warning.

Call Stack (most recent call first):
  /opt/ros/humble/share/ament_cmake_core/cmake/core/ament_execute_extensions.cmake:48 (include)
  /opt/ros/humble/share/rosidl_cmake/cmake/rosidl_generate_interfaces.cmake:286 (ament_execute_extensions)
  CMakeLists.txt:31 (rosidl_generate_interfaces)
This warning is for project developers.  Use -Wno-dev to suppress it.
[0m
-- Found python_cmake_module: 0.10.0 (/opt/ros/humble/share/python_cmake_module/cmake)
[33mCMake Warning (dev) at /opt/ros/humble/share/python_cmake_module/cmake/Modules/FindPythonExtra.cmake:52 (find_package):
  Policy CMP0148 is not set: The FindPythonInterp and FindPythonLibs modules
  are removed.  Run "cmake --help-policy CMP0148" for policy details.  Use
  the cmake_policy command to set the policy and suppress this warning.

Call Stack (most recent call first):
  /opt/ros/humble/share/rosidl_generator_py/cmake/rosidl_generator_py_generate_interfaces.cmake:23 (find_package)
  /opt/ros/humble/share/ament_cmake_core/cmake/core/ament_execute_extensions.cmake:48 (include)
  /opt/ros/humble/share/rosidl_cmake/cmake/rosidl_generate_interfaces.cmake:286 (ament_execute_extensions)
  CMakeLists.txt:31 (rosidl_generate_interfaces)
This warning is for project developers.  Use -Wno-dev to suppress it.
[0m
-- Using PYTHON_EXECUTABLE: /usr/bin/python3
[33mCMake Warning (dev) at /opt/ros/humble/share/python_cmake_module/cmake/Modules/FindPythonExtra.cmake:140 (find_package):
  Policy CMP0148 is not set: The FindPythonInterp and FindPythonLibs modules
  are removed.  Run "cmake --help-policy CMP0148" for policy details.  Use
  the cmake_policy command to set the policy and suppress this warning.

Call Stack (most recent call first):
  /opt/ros/humble/share/rosidl_generator_py/cmake/rosidl_generator_py_generate_interfaces.cmake:23 (find_package)
  /opt/ros/humble/share/ament_cmake_core/cmake/core/ament_execute_extensions.cmake:48 (include)
  /opt/ros/humble/share/rosidl_cmake/cmake/rosidl_generate_interfaces.cmake:286 (ament_execute_extensions)
  CMakeLists.txt:31 (rosidl_generate_interfaces)
This warning is for project developers.  Use -Wno-dev to suppress it.
[0m
-- Using PYTHON_INCLUDE_DIRS: /usr/include/python3.10
-- Using PYTHON_LIBRARIES: /usr/lib/x86_64-linux-gnu/libpython3.10.so
-- Added test 'copyright' to check source files copyright and LICENSE
-- Added test 'lint_cmake' to check CMake code style
-- Added test 'xmllint' to check XML markup files
-- Configuring done (3.0s)
-- Generating done (0.0s)
-- Build files have been written to: /home/rmsentry/DUST-RM-Sentry/build/global_interface
[  0%] Built target global_interface__cpp
[  0%] Built target ament_cmake_python_symlink_global_interface
[ 12%] Built target global_interface__rosidl_generator_c
[ 24%] Built target global_interface__rosidl_typesupport_cpp
[ 36%] Built target global_interface__rosidl_typesupport_introspection_cpp
[ 48%] Built target global_interface__rosidl_typesupport_fastrtps_cpp
[ 59%] Built target global_interface__rosidl_typesupport_introspection_c
[ 71%] Built target global_interface__rosidl_typesupport_c
[ 83%] Built target global_interface__rosidl_typesupport_fastrtps_c
[ 83%] Built target global_interface
[ 84%] Built target global_interface__py
[ 95%] Built target global_interface__rosidl_generator_py
[ 97%] Built target global_interface__rosidl_typesupport_fastrtps_c__pyext
[ 98%] Built target global_interface__rosidl_typesupport_c__pyext
[100%] Built target global_interface__rosidl_typesupport_introspection_c__pyext
running egg_info
writing global_interface.egg-info/PKG-INFO
writing dependency_links to global_interface.egg-info/dependency_links.txt
writing top-level names to global_interface.egg-info/top_level.txt
reading manifest file 'global_interface.egg-info/SOURCES.txt'
writing manifest file 'global_interface.egg-info/SOURCES.txt'
[100%] Built target ament_cmake_python_build_global_interface_egg
-- Install configuration: ""
-- Execute custom install script
-- Up-to-date symlink: /home/rmsentry/DUST-RM-Sentry/install/global_interface/share/ament_index/resource_index/rosidl_interfaces/global_interface
-- Up-to-date symlink: /home/rmsentry/DUST-RM-Sentry/install/global_interface/include/global_interface/global_interface/msg/autoaim.h
-- Up-to-date symlink: /home/rmsentry/DUST-RM-Sentry/install/global_interface/include/global_interface/global_interface/msg/car_pos.h
-- Up-to-date symlink: /home/rmsentry/DUST-RM-Sentry/install/global_interface/include/global_interface/global_interface/msg/decision.h
-- Up-to-date symlink: /home/rmsentry/DUST-RM-Sentry/install/global_interface/include/global_interface/global_interface/msg/detail/autoaim__functions.h
-- Up-to-date symlink: /home/rmsentry/DUST-RM-Sentry/install/global_interface/include/global_interface/global_interface/msg/detail/autoaim__struct.h
-- Up-to-date symlink: /home/rmsentry/DUST-RM-Sentry/install/global_interface/include/global_interface/global_interface/msg/detail/autoaim__type_support.h
-- Up-to-date symlink: /home/rmsentry/DUST-RM-Sentry/install/global_interface/include/global_interface/global_interface/msg/detail/car_pos__functions.h
-- Up-to-date symlink: /home/rmsentry/DUST-RM-Sentry/install/global_interface/include/global_interface/global_interface/msg/detail/car_pos__struct.h
-- Up-to-date symlink: /home/rmsentry/DUST-RM-Sentry/install/global_interface/include/global_interface/global_interface/msg/detail/car_pos__type_support.h
-- Up-to-date symlink: /home/rmsentry/DUST-RM-Sentry/install/global_interface/include/global_interface/global_interface/msg/detail/decision__functions.h
-- Up-to-date symlink: /home/rmsentry/DUST-RM-Sentry/install/global_interface/include/global_interface/global_interface/msg/detail/decision__struct.h
-- Up-to-date symlink: /home/rmsentry/DUST-RM-Sentry/install/global_interface/include/global_interface/global_interface/msg/detail/decision__type_support.h
-- Up-to-date symlink: /home/rmsentry/DUST-RM-Sentry/install/global_interface/include/global_interface/global_interface/msg/detail/detection__functions.h
-- Up-to-date symlink: /home/rmsentry/DUST-RM-Sentry/install/global_interface/include/global_interface/global_interface/msg/detail/detection__struct.h
-- Up-to-date symlink: /home/rmsentry/DUST-RM-Sentry/install/global_interface/include/global_interface/global_interface/msg/detail/detection__type_support.h
-- Up-to-date symlink: /home/rmsentry/DUST-RM-Sentry/install/global_interface/include/global_interface/global_interface/msg/detail/detection_array__functions.h
-- Up-to-date symlink: /home/rmsentry/DUST-RM-Sentry/install/global_interface/include/global_interface/global_interface/msg/detail/detection_array__struct.h
-- Up-to-date symlink: /home/rmsentry/DUST-RM-Sentry/install/global_interface/include/global_interface/global_interface/msg/detail/detection_array__type_support.h
-- Up-to-date symlink: /home/rmsentry/DUST-RM-Sentry/install/global_interface/include/global_interface/global_interface/msg/detail/game_info__functions.h
-- Up-to-date symlink: /home/rmsentry/DUST-RM-Sentry/install/global_interface/include/global_interface/global_interface/msg/detail/game_info__struct.h
-- Up-to-date symlink: /home/rmsentry/DUST-RM-Sentry/install/global_interface/include/global_interface/global_interface/msg/detail/game_info__type_support.h
-- Up-to-date symlink: /home/rmsentry/DUST-RM-Sentry/install/global_interface/include/global_interface/global_interface/msg/detail/mode_set__functions.h
-- Up-to-date symlink: /home/rmsentry/DUST-RM-Sentry/install/global_interface/include/global_interface/global_interface/msg/detail/mode_set__struct.h
-- Up-to-date symlink: /home/rmsentry/DUST-RM-Sentry/install/global_interface/include/global_interface/global_interface/msg/detail/mode_set__type_support.h
-- Up-to-date symlink: /home/rmsentry/DUST-RM-Sentry/install/global_interface/include/global_interface/global_interface/msg/detail/obj_hp__functions.h
-- Up-to-date symlink: /home/rmsentry/DUST-RM-Sentry/install/global_interface/include/global_interface/global_interface/msg/detail/obj_hp__struct.h
-- Up-to-date symlink: /home/rmsentry/DUST-RM-Sentry/install/global_interface/include/global_interface/global_interface/msg/detail/obj_hp__type_support.h
-- Up-to-date symlink: /home/rmsentry/DUST-RM-Sentry/install/global_interface/include/global_interface/global_interface/msg/detail/point2f__functions.h
-- Up-to-date symlink: /home/rmsentry/DUST-RM-Sentry/install/global_interface/include/global_interface/global_interface/msg/detail/point2f__struct.h
-- Up-to-date symlink: /home/rmsentry/DUST-RM-Sentry/install/global_interface/include/global_interface/global_interface/msg/detail/point2f__type_support.h
-- Up-to-date symlink: /home/rmsentry/DUST-RM-Sentry/install/global_interface/include/global_interface/global_interface/msg/detail/serial__functions.h
-- Up-to-date symlink: /home/rmsentry/DUST-RM-Sentry/install/global_interface/include/global_interface/global_interface/msg/detail/serial__struct.h
-- Up-to-date symlink: /home/rmsentry/DUST-RM-Sentry/install/global_interface/include/global_interface/global_interface/msg/detail/serial__type_support.h
-- Up-to-date symlink: /home/rmsentry/DUST-RM-Sentry/install/global_interface/include/global_interface/global_interface/msg/detail/strike_licensing__functions.h
-- Up-to-date symlink: /home/rmsentry/DUST-RM-Sentry/install/global_interface/include/global_interface/global_interface/msg/detail/strike_licensing__struct.h
-- Up-to-date symlink: /home/rmsentry/DUST-RM-Sentry/install/global_interface/include/global_interface/global_interface/msg/detail/strike_licensing__type_support.h
-- Up-to-date symlink: /home/rmsentry/DUST-RM-Sentry/install/global_interface/include/global_interface/global_interface/msg/detection.h
-- Up-to-date symlink: /home/rmsentry/DUST-RM-Sentry/install/global_interface/include/global_interface/global_interface/msg/detection_array.h
-- Up-to-date symlink: /home/rmsentry/DUST-RM-Sentry/install/global_interface/include/global_interface/global_interface/msg/game_info.h
-- Up-to-date symlink: /home/rmsentry/DUST-RM-Sentry/install/global_interface/include/global_interface/global_interface/msg/mode_set.h
-- Up-to-date symlink: /home/rmsentry/DUST-RM-Sentry/install/global_interface/include/global_interface/global_interface/msg/obj_hp.h
-- Up-to-date symlink: /home/rmsentry/DUST-RM-Sentry/install/global_interface/include/global_interface/global_interface/msg/point2f.h
-- Up-to-date symlink: /home/rmsentry/DUST-RM-Sentry/install/global_interface/include/global_interface/global_interface/msg/rosidl_generator_c__visibility_control.h
-- Up-to-date symlink: /home/rmsentry/DUST-RM-Sentry/install/global_interface/include/global_interface/global_interface/msg/serial.h
-- Up-to-date symlink: /home/rmsentry/DUST-RM-Sentry/install/global_interface/include/global_interface/global_interface/msg/strike_licensing.h
-- Up-to-date symlink: /home/rmsentry/DUST-RM-Sentry/install/global_interface/share/global_interface/environment/library_path.sh
-- Up-to-date symlink: /home/rmsentry/DUST-RM-Sentry/install/global_interface/share/global_interface/environment/library_path.dsv
-- Up-to-date symlink: /home/rmsentry/DUST-RM-Sentry/install/global_interface/include/global_interface/global_interface/msg/detail/autoaim__rosidl_typesupport_fastrtps_c.h
-- Up-to-date symlink: /home/rmsentry/DUST-RM-Sentry/install/global_interface/include/global_interface/global_interface/msg/detail/car_pos__rosidl_typesupport_fastrtps_c.h
-- Up-to-date symlink: /home/rmsentry/DUST-RM-Sentry/install/global_interface/include/global_interface/global_interface/msg/detail/decision__rosidl_typesupport_fastrtps_c.h
-- Up-to-date symlink: /home/rmsentry/DUST-RM-Sentry/install/global_interface/include/global_interface/global_interface/msg/detail/detection__rosidl_typesupport_fastrtps_c.h
-- Up-to-date symlink: /home/rmsentry/DUST-RM-Sentry/install/global_interface/include/global_interface/global_interface/msg/detail/detection_array__rosidl_typesupport_fastrtps_c.h
-- Up-to-date symlink: /home/rmsentry/DUST-RM-Sentry/install/global_interface/include/global_interface/global_interface/msg/detail/game_info__rosidl_typesupport_fastrtps_c.h
-- Up-to-date symlink: /home/rmsentry/DUST-RM-Sentry/install/global_interface/include/global_interface/global_interface/msg/detail/mode_set__rosidl_typesupport_fastrtps_c.h
-- Up-to-date symlink: /home/rmsentry/DUST-RM-Sentry/install/global_interface/include/global_interface/global_interface/msg/detail/obj_hp__rosidl_typesupport_fastrtps_c.h
-- Up-to-date symlink: /home/rmsentry/DUST-RM-Sentry/install/global_interface/include/global_interface/global_interface/msg/detail/point2f__rosidl_typesupport_fastrtps_c.h
-- Up-to-date symlink: /home/rmsentry/DUST-RM-Sentry/install/global_interface/include/global_interface/global_interface/msg/detail/serial__rosidl_typesupport_fastrtps_c.h
-- Up-to-date symlink: /home/rmsentry/DUST-RM-Sentry/install/global_interface/include/global_interface/global_interface/msg/detail/strike_licensing__rosidl_typesupport_fastrtps_c.h
-- Up-to-date symlink: /home/rmsentry/DUST-RM-Sentry/install/global_interface/include/global_interface/global_interface/msg/rosidl_typesupport_fastrtps_c__visibility_control.h
-- Up-to-date symlink: /home/rmsentry/DUST-RM-Sentry/install/global_interface/include/global_interface/global_interface/msg/detail/autoaim__rosidl_typesupport_introspection_c.h
-- Up-to-date symlink: /home/rmsentry/DUST-RM-Sentry/install/global_interface/include/global_interface/global_interface/msg/detail/car_pos__rosidl_typesupport_introspection_c.h
-- Up-to-date symlink: /home/rmsentry/DUST-RM-Sentry/install/global_interface/include/global_interface/global_interface/msg/detail/decision__rosidl_typesupport_introspection_c.h
-- Up-to-date symlink: /home/rmsentry/DUST-RM-Sentry/install/global_interface/include/global_interface/global_interface/msg/detail/detection__rosidl_typesupport_introspection_c.h
-- Up-to-date symlink: /home/rmsentry/DUST-RM-Sentry/install/global_interface/include/global_interface/global_interface/msg/detail/detection_array__rosidl_typesupport_introspection_c.h
-- Up-to-date symlink: /home/rmsentry/DUST-RM-Sentry/install/global_interface/include/global_interface/global_interface/msg/detail/game_info__rosidl_typesupport_introspection_c.h
-- Up-to-date symlink: /home/rmsentry/DUST-RM-Sentry/install/global_interface/include/global_interface/global_interface/msg/detail/mode_set__rosidl_typesupport_introspection_c.h
-- Up-to-date symlink: /home/rmsentry/DUST-RM-Sentry/install/global_interface/include/global_interface/global_interface/msg/detail/obj_hp__rosidl_typesupport_introspection_c.h
-- Up-to-date symlink: /home/rmsentry/DUST-RM-Sentry/install/global_interface/include/global_interface/global_interface/msg/detail/point2f__rosidl_typesupport_introspection_c.h
-- Up-to-date symlink: /home/rmsentry/DUST-RM-Sentry/install/global_interface/include/global_interface/global_interface/msg/detail/serial__rosidl_typesupport_introspection_c.h
-- Up-to-date symlink: /home/rmsentry/DUST-RM-Sentry/install/global_interface/include/global_interface/global_interface/msg/detail/strike_licensing__rosidl_typesupport_introspection_c.h
-- Up-to-date symlink: /home/rmsentry/DUST-RM-Sentry/install/global_interface/include/global_interface/global_interface/msg/rosidl_typesupport_introspection_c__visibility_control.h
-- Up-to-date symlink: /home/rmsentry/DUST-RM-Sentry/install/global_interface/include/global_interface/global_interface/msg/autoaim.hpp
-- Up-to-date symlink: /home/rmsentry/DUST-RM-Sentry/install/global_interface/include/global_interface/global_interface/msg/car_pos.hpp
-- Up-to-date symlink: /home/rmsentry/DUST-RM-Sentry/install/global_interface/include/global_interface/global_interface/msg/decision.hpp
-- Up-to-date symlink: /home/rmsentry/DUST-RM-Sentry/install/global_interface/include/global_interface/global_interface/msg/detail/autoaim__builder.hpp
-- Up-to-date symlink: /home/rmsentry/DUST-RM-Sentry/install/global_interface/include/global_interface/global_interface/msg/detail/autoaim__struct.hpp
-- Up-to-date symlink: /home/rmsentry/DUST-RM-Sentry/install/global_interface/include/global_interface/global_interface/msg/detail/autoaim__traits.hpp
-- Up-to-date symlink: /home/rmsentry/DUST-RM-Sentry/install/global_interface/include/global_interface/global_interface/msg/detail/autoaim__type_support.hpp
-- Up-to-date symlink: /home/rmsentry/DUST-RM-Sentry/install/global_interface/include/global_interface/global_interface/msg/detail/car_pos__builder.hpp
-- Up-to-date symlink: /home/rmsentry/DUST-RM-Sentry/install/global_interface/include/global_interface/global_interface/msg/detail/car_pos__struct.hpp
-- Up-to-date symlink: /home/rmsentry/DUST-RM-Sentry/install/global_interface/include/global_interface/global_interface/msg/detail/car_pos__traits.hpp
-- Up-to-date symlink: /home/rmsentry/DUST-RM-Sentry/install/global_interface/include/global_interface/global_interface/msg/detail/car_pos__type_support.hpp
-- Up-to-date symlink: /home/rmsentry/DUST-RM-Sentry/install/global_interface/include/global_interface/global_interface/msg/detail/decision__builder.hpp
-- Up-to-date symlink: /home/rmsentry/DUST-RM-Sentry/install/global_interface/include/global_interface/global_interface/msg/detail/decision__struct.hpp
-- Up-to-date symlink: /home/rmsentry/DUST-RM-Sentry/install/global_interface/include/global_interface/global_interface/msg/detail/decision__traits.hpp
-- Up-to-date symlink: /home/rmsentry/DUST-RM-Sentry/install/global_interface/include/global_interface/global_interface/msg/detail/decision__type_support.hpp
-- Up-to-date symlink: /home/rmsentry/DUST-RM-Sentry/install/global_interface/include/global_interface/global_interface/msg/detail/detection__builder.hpp
-- Up-to-date symlink: /home/rmsentry/DUST-RM-Sentry/install/global_interface/include/global_interface/global_interface/msg/detail/detection__struct.hpp
-- Up-to-date symlink: /home/rmsentry/DUST-RM-Sentry/install/global_interface/include/global_interface/global_interface/msg/detail/detection__traits.hpp
-- Up-to-date symlink: /home/rmsentry/DUST-RM-Sentry/install/global_interface/include/global_interface/global_interface/msg/detail/detection__type_support.hpp
-- Up-to-date symlink: /home/rmsentry/DUST-RM-Sentry/install/global_interface/include/global_interface/global_interface/msg/detail/detection_array__builder.hpp
-- Up-to-date symlink: /home/rmsentry/DUST-RM-Sentry/install/global_interface/include/global_interface/global_interface/msg/detail/detection_array__struct.hpp
-- Up-to-date symlink: /home/rmsentry/DUST-RM-Sentry/install/global_interface/include/global_interface/global_interface/msg/detail/detection_array__traits.hpp
-- Up-to-date symlink: /home/rmsentry/DUST-RM-Sentry/install/global_interface/include/global_interface/global_interface/msg/detail/detection_array__type_support.hpp
-- Up-to-date symlink: /home/rmsentry/DUST-RM-Sentry/install/global_interface/include/global_interface/global_interface/msg/detail/game_info__builder.hpp
-- Up-to-date symlink: /home/rmsentry/DUST-RM-Sentry/install/global_interface/include/global_interface/global_interface/msg/detail/game_info__struct.hpp
-- Up-to-date symlink: /home/rmsentry/DUST-RM-Sentry/install/global_interface/include/global_interface/global_interface/msg/detail/game_info__traits.hpp
-- Up-to-date symlink: /home/rmsentry/DUST-RM-Sentry/install/global_interface/include/global_interface/global_interface/msg/detail/game_info__type_support.hpp
-- Up-to-date symlink: /home/rmsentry/DUST-RM-Sentry/install/global_interface/include/global_interface/global_interface/msg/detail/mode_set__builder.hpp
-- Up-to-date symlink: /home/rmsentry/DUST-RM-Sentry/install/global_interface/include/global_interface/global_interface/msg/detail/mode_set__struct.hpp
-- Up-to-date symlink: /home/rmsentry/DUST-RM-Sentry/install/global_interface/include/global_interface/global_interface/msg/detail/mode_set__traits.hpp
-- Up-to-date symlink: /home/rmsentry/DUST-RM-Sentry/install/global_interface/include/global_interface/global_interface/msg/detail/mode_set__type_support.hpp
-- Up-to-date symlink: /home/rmsentry/DUST-RM-Sentry/install/global_interface/include/global_interface/global_interface/msg/detail/obj_hp__builder.hpp
-- Up-to-date symlink: /home/rmsentry/DUST-RM-Sentry/install/global_interface/include/global_interface/global_interface/msg/detail/obj_hp__struct.hpp
-- Up-to-date symlink: /home/rmsentry/DUST-RM-Sentry/install/global_interface/include/global_interface/global_interface/msg/detail/obj_hp__traits.hpp
-- Up-to-date symlink: /home/rmsentry/DUST-RM-Sentry/install/global_interface/include/global_interface/global_interface/msg/detail/obj_hp__type_support.hpp
-- Up-to-date symlink: /home/rmsentry/DUST-RM-Sentry/install/global_interface/include/global_interface/global_interface/msg/detail/point2f__builder.hpp
-- Up-to-date symlink: /home/rmsentry/DUST-RM-Sentry/install/global_interface/include/global_interface/global_interface/msg/detail/point2f__struct.hpp
-- Up-to-date symlink: /home/rmsentry/DUST-RM-Sentry/install/global_interface/include/global_interface/global_interface/msg/detail/point2f__traits.hpp
-- Up-to-date symlink: /home/rmsentry/DUST-RM-Sentry/install/global_interface/include/global_interface/global_interface/msg/detail/point2f__type_support.hpp
-- Up-to-date symlink: /home/rmsentry/DUST-RM-Sentry/install/global_interface/include/global_interface/global_interface/msg/detail/serial__builder.hpp
-- Up-to-date symlink: /home/rmsentry/DUST-RM-Sentry/install/global_interface/include/global_interface/global_interface/msg/detail/serial__struct.hpp
-- Up-to-date symlink: /home/rmsentry/DUST-RM-Sentry/install/global_interface/include/global_interface/global_interface/msg/detail/serial__traits.hpp
-- Up-to-date symlink: /home/rmsentry/DUST-RM-Sentry/install/global_interface/include/global_interface/global_interface/msg/detail/serial__type_support.hpp
-- Up-to-date symlink: /home/rmsentry/DUST-RM-Sentry/install/global_interface/include/global_interface/global_interface/msg/detail/strike_licensing__builder.hpp
-- Up-to-date symlink: /home/rmsentry/DUST-RM-Sentry/install/global_interface/include/global_interface/global_interface/msg/detail/strike_licensing__struct.hpp
-- Up-to-date symlink: /home/rmsentry/DUST-RM-Sentry/install/global_interface/include/global_interface/global_interface/msg/detail/strike_licensing__traits.hpp
-- Up-to-date symlink: /home/rmsentry/DUST-RM-Sentry/install/global_interface/include/global_interface/global_interface/msg/detail/strike_licensing__type_support.hpp
-- Up-to-date symlink: /home/rmsentry/DUST-RM-Sentry/install/global_interface/include/global_interface/global_interface/msg/detection.hpp
-- Up-to-date symlink: /home/rmsentry/DUST-RM-Sentry/install/global_interface/include/global_interface/global_interface/msg/detection_array.hpp
-- Up-to-date symlink: /home/rmsentry/DUST-RM-Sentry/install/global_interface/include/global_interface/global_interface/msg/game_info.hpp
-- Up-to-date symlink: /home/rmsentry/DUST-RM-Sentry/install/global_interface/include/global_interface/global_interface/msg/mode_set.hpp
-- Up-to-date symlink: /home/rmsentry/DUST-RM-Sentry/install/global_interface/include/global_interface/global_interface/msg/obj_hp.hpp
-- Up-to-date symlink: /home/rmsentry/DUST-RM-Sentry/install/global_interface/include/global_interface/global_interface/msg/point2f.hpp
-- Up-to-date symlink: /home/rmsentry/DUST-RM-Sentry/install/global_interface/include/global_interface/global_interface/msg/rosidl_generator_cpp__visibility_control.hpp
-- Up-to-date symlink: /home/rmsentry/DUST-RM-Sentry/install/global_interface/include/global_interface/global_interface/msg/serial.hpp
-- Up-to-date symlink: /home/rmsentry/DUST-RM-Sentry/install/global_interface/include/global_interface/global_interface/msg/strike_licensing.hpp
-- Up-to-date symlink: /home/rmsentry/DUST-RM-Sentry/install/global_interface/include/global_interface/global_interface/msg/detail/autoaim__rosidl_typesupport_fastrtps_cpp.hpp
-- Up-to-date symlink: /home/rmsentry/DUST-RM-Sentry/install/global_interface/include/global_interface/global_interface/msg/detail/car_pos__rosidl_typesupport_fastrtps_cpp.hpp
-- Up-to-date symlink: /home/rmsentry/DUST-RM-Sentry/install/global_interface/include/global_interface/global_interface/msg/detail/decision__rosidl_typesupport_fastrtps_cpp.hpp
-- Up-to-date symlink: /home/rmsentry/DUST-RM-Sentry/install/global_interface/include/global_interface/global_interface/msg/detail/detection__rosidl_typesupport_fastrtps_cpp.hpp
-- Up-to-date symlink: /home/rmsentry/DUST-RM-Sentry/install/global_interface/include/global_interface/global_interface/msg/detail/detection_array__rosidl_typesupport_fastrtps_cpp.hpp
-- Up-to-date symlink: /home/rmsentry/DUST-RM-Sentry/install/global_interface/include/global_interface/global_interface/msg/detail/game_info__rosidl_typesupport_fastrtps_cpp.hpp
-- Up-to-date symlink: /home/rmsentry/DUST-RM-Sentry/install/global_interface/include/global_interface/global_interface/msg/detail/mode_set__rosidl_typesupport_fastrtps_cpp.hpp
-- Up-to-date symlink: /home/rmsentry/DUST-RM-Sentry/install/global_interface/include/global_interface/global_interface/msg/detail/obj_hp__rosidl_typesupport_fastrtps_cpp.hpp
-- Up-to-date symlink: /home/rmsentry/DUST-RM-Sentry/install/global_interface/include/global_interface/global_interface/msg/detail/point2f__rosidl_typesupport_fastrtps_cpp.hpp
-- Up-to-date symlink: /home/rmsentry/DUST-RM-Sentry/install/global_interface/include/global_interface/global_interface/msg/detail/serial__rosidl_typesupport_fastrtps_cpp.hpp
-- Up-to-date symlink: /home/rmsentry/DUST-RM-Sentry/install/global_interface/include/global_interface/global_interface/msg/detail/strike_licensing__rosidl_typesupport_fastrtps_cpp.hpp
-- Up-to-date symlink: /home/rmsentry/DUST-RM-Sentry/install/global_interface/include/global_interface/global_interface/msg/rosidl_typesupport_fastrtps_cpp__visibility_control.h
-- Up-to-date symlink: /home/rmsentry/DUST-RM-Sentry/install/global_interface/include/global_interface/global_interface/msg/detail/autoaim__rosidl_typesupport_introspection_cpp.hpp
-- Up-to-date symlink: /home/rmsentry/DUST-RM-Sentry/install/global_interface/include/global_interface/global_interface/msg/detail/car_pos__rosidl_typesupport_introspection_cpp.hpp
-- Up-to-date symlink: /home/rmsentry/DUST-RM-Sentry/install/global_interface/include/global_interface/global_interface/msg/detail/decision__rosidl_typesupport_introspection_cpp.hpp
-- Up-to-date symlink: /home/rmsentry/DUST-RM-Sentry/install/global_interface/include/global_interface/global_interface/msg/detail/detection__rosidl_typesupport_introspection_cpp.hpp
-- Up-to-date symlink: /home/rmsentry/DUST-RM-Sentry/install/global_interface/include/global_interface/global_interface/msg/detail/detection_array__rosidl_typesupport_introspection_cpp.hpp
-- Up-to-date symlink: /home/rmsentry/DUST-RM-Sentry/install/global_interface/include/global_interface/global_interface/msg/detail/game_info__rosidl_typesupport_introspection_cpp.hpp
-- Up-to-date symlink: /home/rmsentry/DUST-RM-Sentry/install/global_interface/include/global_interface/global_interface/msg/detail/mode_set__rosidl_typesupport_introspection_cpp.hpp
-- Up-to-date symlink: /home/rmsentry/DUST-RM-Sentry/install/global_interface/include/global_interface/global_interface/msg/detail/obj_hp__rosidl_typesupport_introspection_cpp.hpp
-- Up-to-date symlink: /home/rmsentry/DUST-RM-Sentry/install/global_interface/include/global_interface/global_interface/msg/detail/point2f__rosidl_typesupport_introspection_cpp.hpp
-- Up-to-date symlink: /home/rmsentry/DUST-RM-Sentry/install/global_interface/include/global_interface/global_interface/msg/detail/serial__rosidl_typesupport_introspection_cpp.hpp
-- Up-to-date symlink: /home/rmsentry/DUST-RM-Sentry/install/global_interface/include/global_interface/global_interface/msg/detail/strike_licensing__rosidl_typesupport_introspection_cpp.hpp
-- Up-to-date symlink: /home/rmsentry/DUST-RM-Sentry/install/global_interface/share/global_interface/environment/pythonpath.sh
-- Up-to-date symlink: /home/rmsentry/DUST-RM-Sentry/install/global_interface/share/global_interface/environment/pythonpath.dsv
-- Up-to-date symlink: /home/rmsentry/DUST-RM-Sentry/install/global_interface/local/lib/python3.10/dist-packages/global_interface-0.0.0-py3.10.egg-info/PKG-INFO
-- Up-to-date symlink: /home/rmsentry/DUST-RM-Sentry/install/global_interface/local/lib/python3.10/dist-packages/global_interface-0.0.0-py3.10.egg-info/SOURCES.txt
-- Up-to-date symlink: /home/rmsentry/DUST-RM-Sentry/install/global_interface/local/lib/python3.10/dist-packages/global_interface-0.0.0-py3.10.egg-info/dependency_links.txt
-- Up-to-date symlink: /home/rmsentry/DUST-RM-Sentry/install/global_interface/local/lib/python3.10/dist-packages/global_interface-0.0.0-py3.10.egg-info/top_level.txt
-- Up-to-date symlink: /home/rmsentry/DUST-RM-Sentry/install/global_interface/local/lib/python3.10/dist-packages/global_interface/__init__.py
-- Up-to-date symlink: /home/rmsentry/DUST-RM-Sentry/install/global_interface/local/lib/python3.10/dist-packages/global_interface/_global_interface_s.ep.rosidl_typesupport_c.c
-- Up-to-date symlink: /home/rmsentry/DUST-RM-Sentry/install/global_interface/local/lib/python3.10/dist-packages/global_interface/_global_interface_s.ep.rosidl_typesupport_fastrtps_c.c
-- Up-to-date symlink: /home/rmsentry/DUST-RM-Sentry/install/global_interface/local/lib/python3.10/dist-packages/global_interface/_global_interface_s.ep.rosidl_typesupport_introspection_c.c
-- Up-to-date symlink: /home/rmsentry/DUST-RM-Sentry/install/global_interface/local/lib/python3.10/dist-packages/global_interface/global_interface_s__rosidl_typesupport_c.cpython-310-x86_64-linux-gnu.so
-- Up-to-date symlink: /home/rmsentry/DUST-RM-Sentry/install/global_interface/local/lib/python3.10/dist-packages/global_interface/global_interface_s__rosidl_typesupport_fastrtps_c.cpython-310-x86_64-linux-gnu.so
-- Up-to-date symlink: /home/rmsentry/DUST-RM-Sentry/install/global_interface/local/lib/python3.10/dist-packages/global_interface/global_interface_s__rosidl_typesupport_introspection_c.cpython-310-x86_64-linux-gnu.so
-- Up-to-date symlink: /home/rmsentry/DUST-RM-Sentry/install/global_interface/local/lib/python3.10/dist-packages/global_interface/libglobal_interface__rosidl_generator_py.so
-- Up-to-date symlink: /home/rmsentry/DUST-RM-Sentry/install/global_interface/local/lib/python3.10/dist-packages/global_interface/msg/__init__.py
-- Up-to-date symlink: /home/rmsentry/DUST-RM-Sentry/install/global_interface/local/lib/python3.10/dist-packages/global_interface/msg/_autoaim.py
-- Up-to-date symlink: /home/rmsentry/DUST-RM-Sentry/install/global_interface/local/lib/python3.10/dist-packages/global_interface/msg/_autoaim_s.c
-- Up-to-date symlink: /home/rmsentry/DUST-RM-Sentry/install/global_interface/local/lib/python3.10/dist-packages/global_interface/msg/_car_pos.py
-- Up-to-date symlink: /home/rmsentry/DUST-RM-Sentry/install/global_interface/local/lib/python3.10/dist-packages/global_interface/msg/_car_pos_s.c
-- Up-to-date symlink: /home/rmsentry/DUST-RM-Sentry/install/global_interface/local/lib/python3.10/dist-packages/global_interface/msg/_decision.py
-- Up-to-date symlink: /home/rmsentry/DUST-RM-Sentry/install/global_interface/local/lib/python3.10/dist-packages/global_interface/msg/_decision_s.c
-- Up-to-date symlink: /home/rmsentry/DUST-RM-Sentry/install/global_interface/local/lib/python3.10/dist-packages/global_interface/msg/_detection.py
-- Up-to-date symlink: /home/rmsentry/DUST-RM-Sentry/install/global_interface/local/lib/python3.10/dist-packages/global_interface/msg/_detection_array.py
-- Up-to-date symlink: /home/rmsentry/DUST-RM-Sentry/install/global_interface/local/lib/python3.10/dist-packages/global_interface/msg/_detection_array_s.c
-- Up-to-date symlink: /home/rmsentry/DUST-RM-Sentry/install/global_interface/local/lib/python3.10/dist-packages/global_interface/msg/_detection_s.c
-- Up-to-date symlink: /home/rmsentry/DUST-RM-Sentry/install/global_interface/local/lib/python3.10/dist-packages/global_interface/msg/_game_info.py
-- Up-to-date symlink: /home/rmsentry/DUST-RM-Sentry/install/global_interface/local/lib/python3.10/dist-packages/global_interface/msg/_game_info_s.c
-- Up-to-date symlink: /home/rmsentry/DUST-RM-Sentry/install/global_interface/local/lib/python3.10/dist-packages/global_interface/msg/_mode_set.py
-- Up-to-date symlink: /home/rmsentry/DUST-RM-Sentry/install/global_interface/local/lib/python3.10/dist-packages/global_interface/msg/_mode_set_s.c
-- Up-to-date symlink: /home/rmsentry/DUST-RM-Sentry/install/global_interface/local/lib/python3.10/dist-packages/global_interface/msg/_obj_hp.py
-- Up-to-date symlink: /home/rmsentry/DUST-RM-Sentry/install/global_interface/local/lib/python3.10/dist-packages/global_interface/msg/_obj_hp_s.c
-- Up-to-date symlink: /home/rmsentry/DUST-RM-Sentry/install/global_interface/local/lib/python3.10/dist-packages/global_interface/msg/_point2f.py
-- Up-to-date symlink: /home/rmsentry/DUST-RM-Sentry/install/global_interface/local/lib/python3.10/dist-packages/global_interface/msg/_point2f_s.c
-- Up-to-date symlink: /home/rmsentry/DUST-RM-Sentry/install/global_interface/local/lib/python3.10/dist-packages/global_interface/msg/_serial.py
-- Up-to-date symlink: /home/rmsentry/DUST-RM-Sentry/install/global_interface/local/lib/python3.10/dist-packages/global_interface/msg/_serial_s.c
-- Up-to-date symlink: /home/rmsentry/DUST-RM-Sentry/install/global_interface/local/lib/python3.10/dist-packages/global_interface/msg/_strike_licensing.py
-- Up-to-date symlink: /home/rmsentry/DUST-RM-Sentry/install/global_interface/local/lib/python3.10/dist-packages/global_interface/msg/_strike_licensing_s.c
-- Up-to-date symlink: /home/rmsentry/DUST-RM-Sentry/install/global_interface/local/lib/python3.10/dist-packages/global_interface/global_interface_s__rosidl_typesupport_fastrtps_c.cpython-310-x86_64-linux-gnu.so
-- Up-to-date symlink: /home/rmsentry/DUST-RM-Sentry/install/global_interface/local/lib/python3.10/dist-packages/global_interface/global_interface_s__rosidl_typesupport_introspection_c.cpython-310-x86_64-linux-gnu.so
-- Up-to-date symlink: /home/rmsentry/DUST-RM-Sentry/install/global_interface/local/lib/python3.10/dist-packages/global_interface/global_interface_s__rosidl_typesupport_c.cpython-310-x86_64-linux-gnu.so
-- Up-to-date symlink: /home/rmsentry/DUST-RM-Sentry/install/global_interface/share/global_interface/msg/ObjHP.idl
-- Up-to-date symlink: /home/rmsentry/DUST-RM-Sentry/install/global_interface/share/global_interface/msg/CarPos.idl
-- Up-to-date symlink: /home/rmsentry/DUST-RM-Sentry/install/global_interface/share/global_interface/msg/GameInfo.idl
-- Up-to-date symlink: /home/rmsentry/DUST-RM-Sentry/install/global_interface/share/global_interface/msg/Point2f.idl
-- Up-to-date symlink: /home/rmsentry/DUST-RM-Sentry/install/global_interface/share/global_interface/msg/Serial.idl
-- Up-to-date symlink: /home/rmsentry/DUST-RM-Sentry/install/global_interface/share/global_interface/msg/Detection.idl
-- Up-to-date symlink: /home/rmsentry/DUST-RM-Sentry/install/global_interface/share/global_interface/msg/DetectionArray.idl
-- Up-to-date symlink: /home/rmsentry/DUST-RM-Sentry/install/global_interface/share/global_interface/msg/Decision.idl
-- Up-to-date symlink: /home/rmsentry/DUST-RM-Sentry/install/global_interface/share/global_interface/msg/Autoaim.idl
-- Up-to-date symlink: /home/rmsentry/DUST-RM-Sentry/install/global_interface/share/global_interface/msg/ModeSet.idl
-- Up-to-date symlink: /home/rmsentry/DUST-RM-Sentry/install/global_interface/share/global_interface/msg/StrikeLicensing.idl
-- Up-to-date symlink: /home/rmsentry/DUST-RM-Sentry/install/global_interface/share/global_interface/msg/ObjHP.msg
-- Up-to-date symlink: /home/rmsentry/DUST-RM-Sentry/install/global_interface/share/global_interface/msg/CarPos.msg
-- Up-to-date symlink: /home/rmsentry/DUST-RM-Sentry/install/global_interface/share/global_interface/msg/GameInfo.msg
-- Up-to-date symlink: /home/rmsentry/DUST-RM-Sentry/install/global_interface/share/global_interface/msg/Point2f.msg
-- Up-to-date symlink: /home/rmsentry/DUST-RM-Sentry/install/global_interface/share/global_interface/msg/Serial.msg
-- Up-to-date symlink: /home/rmsentry/DUST-RM-Sentry/install/global_interface/share/global_interface/msg/Detection.msg
-- Up-to-date symlink: /home/rmsentry/DUST-RM-Sentry/install/global_interface/share/global_interface/msg/DetectionArray.msg
-- Up-to-date symlink: /home/rmsentry/DUST-RM-Sentry/install/global_interface/share/global_interface/msg/Decision.msg
-- Up-to-date symlink: /home/rmsentry/DUST-RM-Sentry/install/global_interface/share/global_interface/msg/Autoaim.msg
-- Up-to-date symlink: /home/rmsentry/DUST-RM-Sentry/install/global_interface/share/global_interface/msg/ModeSet.msg
-- Up-to-date symlink: /home/rmsentry/DUST-RM-Sentry/install/global_interface/share/global_interface/msg/StrikeLicensing.msg
-- Up-to-date symlink: /home/rmsentry/DUST-RM-Sentry/install/global_interface/share/ament_index/resource_index/package_run_dependencies/global_interface
-- Up-to-date symlink: /home/rmsentry/DUST-RM-Sentry/install/global_interface/share/ament_index/resource_index/parent_prefix_path/global_interface
-- Up-to-date symlink: /home/rmsentry/DUST-RM-Sentry/install/global_interface/share/global_interface/environment/ament_prefix_path.sh
-- Up-to-date symlink: /home/rmsentry/DUST-RM-Sentry/install/global_interface/share/global_interface/environment/ament_prefix_path.dsv
-- Up-to-date symlink: /home/rmsentry/DUST-RM-Sentry/install/global_interface/share/global_interface/environment/path.sh
-- Up-to-date symlink: /home/rmsentry/DUST-RM-Sentry/install/global_interface/share/global_interface/environment/path.dsv
-- Up-to-date symlink: /home/rmsentry/DUST-RM-Sentry/install/global_interface/share/global_interface/local_setup.bash
-- Up-to-date symlink: /home/rmsentry/DUST-RM-Sentry/install/global_interface/share/global_interface/local_setup.sh
-- Up-to-date symlink: /home/rmsentry/DUST-RM-Sentry/install/global_interface/share/global_interface/local_setup.zsh
-- Up-to-date symlink: /home/rmsentry/DUST-RM-Sentry/install/global_interface/share/global_interface/local_setup.dsv
-- Symlinking: /home/rmsentry/DUST-RM-Sentry/install/global_interface/share/global_interface/package.dsv
-- Up-to-date symlink: /home/rmsentry/DUST-RM-Sentry/install/global_interface/share/ament_index/resource_index/packages/global_interface
-- Up-to-date symlink: /home/rmsentry/DUST-RM-Sentry/install/global_interface/share/global_interface/cmake/rosidl_cmake-extras.cmake
-- Up-to-date symlink: /home/rmsentry/DUST-RM-Sentry/install/global_interface/share/global_interface/cmake/ament_cmake_export_dependencies-extras.cmake
-- Up-to-date symlink: /home/rmsentry/DUST-RM-Sentry/install/global_interface/share/global_interface/cmake/ament_cmake_export_include_directories-extras.cmake
-- Up-to-date symlink: /home/rmsentry/DUST-RM-Sentry/install/global_interface/share/global_interface/cmake/ament_cmake_export_libraries-extras.cmake
-- Up-to-date symlink: /home/rmsentry/DUST-RM-Sentry/install/global_interface/share/global_interface/cmake/ament_cmake_export_targets-extras.cmake
-- Up-to-date symlink: /home/rmsentry/DUST-RM-Sentry/install/global_interface/share/global_interface/cmake/rosidl_cmake_export_typesupport_targets-extras.cmake
-- Up-to-date symlink: /home/rmsentry/DUST-RM-Sentry/install/global_interface/share/global_interface/cmake/rosidl_cmake_export_typesupport_libraries-extras.cmake
-- Up-to-date symlink: /home/rmsentry/DUST-RM-Sentry/install/global_interface/share/global_interface/cmake/global_interfaceConfig.cmake
-- Up-to-date symlink: /home/rmsentry/DUST-RM-Sentry/install/global_interface/share/global_interface/cmake/global_interfaceConfig-version.cmake
-- Up-to-date symlink: /home/rmsentry/DUST-RM-Sentry/install/global_interface/share/global_interface/package.xml
-- Up-to-date: /home/rmsentry/DUST-RM-Sentry/install/global_interface/lib/libglobal_interface__rosidl_generator_c.so
-- Up-to-date: /home/rmsentry/DUST-RM-Sentry/install/global_interface/lib/libglobal_interface__rosidl_typesupport_fastrtps_c.so
-- Up-to-date: /home/rmsentry/DUST-RM-Sentry/install/global_interface/lib/libglobal_interface__rosidl_typesupport_introspection_c.so
-- Up-to-date: /home/rmsentry/DUST-RM-Sentry/install/global_interface/lib/libglobal_interface__rosidl_typesupport_c.so
-- Up-to-date: /home/rmsentry/DUST-RM-Sentry/install/global_interface/lib/libglobal_interface__rosidl_typesupport_fastrtps_cpp.so
-- Up-to-date: /home/rmsentry/DUST-RM-Sentry/install/global_interface/lib/libglobal_interface__rosidl_typesupport_introspection_cpp.so
-- Up-to-date: /home/rmsentry/DUST-RM-Sentry/install/global_interface/lib/libglobal_interface__rosidl_typesupport_cpp.so
Listing '/home/rmsentry/DUST-RM-Sentry/install/global_interface/local/lib/python3.10/dist-packages/global_interface'...
Compiling '/home/rmsentry/DUST-RM-Sentry/install/global_interface/local/lib/python3.10/dist-packages/global_interface/__init__.py'...
Listing '/home/rmsentry/DUST-RM-Sentry/install/global_interface/local/lib/python3.10/dist-packages/global_interface/msg'...
Compiling '/home/rmsentry/DUST-RM-Sentry/install/global_interface/local/lib/python3.10/dist-packages/global_interface/msg/__init__.py'...
Compiling '/home/rmsentry/DUST-RM-Sentry/install/global_interface/local/lib/python3.10/dist-packages/global_interface/msg/_autoaim.py'...
Compiling '/home/rmsentry/DUST-RM-Sentry/install/global_interface/local/lib/python3.10/dist-packages/global_interface/msg/_car_pos.py'...
Compiling '/home/rmsentry/DUST-RM-Sentry/install/global_interface/local/lib/python3.10/dist-packages/global_interface/msg/_decision.py'...
Compiling '/home/rmsentry/DUST-RM-Sentry/install/global_interface/local/lib/python3.10/dist-packages/global_interface/msg/_detection.py'...
Compiling '/home/rmsentry/DUST-RM-Sentry/install/global_interface/local/lib/python3.10/dist-packages/global_interface/msg/_detection_array.py'...
Compiling '/home/rmsentry/DUST-RM-Sentry/install/global_interface/local/lib/python3.10/dist-packages/global_interface/msg/_game_info.py'...
Compiling '/home/rmsentry/DUST-RM-Sentry/install/global_interface/local/lib/python3.10/dist-packages/global_interface/msg/_mode_set.py'...
Compiling '/home/rmsentry/DUST-RM-Sentry/install/global_interface/local/lib/python3.10/dist-packages/global_interface/msg/_obj_hp.py'...
Compiling '/home/rmsentry/DUST-RM-Sentry/install/global_interface/local/lib/python3.10/dist-packages/global_interface/msg/_point2f.py'...
Compiling '/home/rmsentry/DUST-RM-Sentry/install/global_interface/local/lib/python3.10/dist-packages/global_interface/msg/_serial.py'...
Compiling '/home/rmsentry/DUST-RM-Sentry/install/global_interface/local/lib/python3.10/dist-packages/global_interface/msg/_strike_licensing.py'...
-- Up-to-date: /home/rmsentry/DUST-RM-Sentry/install/global_interface/lib/libglobal_interface__rosidl_generator_py.so
-- Up-to-date: /home/rmsentry/DUST-RM-Sentry/install/global_interface/share/global_interface/cmake/export_global_interface__rosidl_generator_cExport.cmake
-- Up-to-date: /home/rmsentry/DUST-RM-Sentry/install/global_interface/share/global_interface/cmake/export_global_interface__rosidl_generator_cExport-noconfig.cmake
-- Up-to-date: /home/rmsentry/DUST-RM-Sentry/install/global_interface/share/global_interface/cmake/export_global_interface__rosidl_typesupport_fastrtps_cExport.cmake
-- Up-to-date: /home/rmsentry/DUST-RM-Sentry/install/global_interface/share/global_interface/cmake/export_global_interface__rosidl_typesupport_fastrtps_cExport-noconfig.cmake
-- Up-to-date: /home/rmsentry/DUST-RM-Sentry/install/global_interface/share/global_interface/cmake/global_interface__rosidl_typesupport_introspection_cExport.cmake
-- Up-to-date: /home/rmsentry/DUST-RM-Sentry/install/global_interface/share/global_interface/cmake/global_interface__rosidl_typesupport_introspection_cExport-noconfig.cmake
-- Up-to-date: /home/rmsentry/DUST-RM-Sentry/install/global_interface/share/global_interface/cmake/global_interface__rosidl_typesupport_cExport.cmake
-- Up-to-date: /home/rmsentry/DUST-RM-Sentry/install/global_interface/share/global_interface/cmake/global_interface__rosidl_typesupport_cExport-noconfig.cmake
-- Up-to-date: /home/rmsentry/DUST-RM-Sentry/install/global_interface/share/global_interface/cmake/export_global_interface__rosidl_generator_cppExport.cmake
-- Up-to-date: /home/rmsentry/DUST-RM-Sentry/install/global_interface/share/global_interface/cmake/export_global_interface__rosidl_typesupport_fastrtps_cppExport.cmake
-- Up-to-date: /home/rmsentry/DUST-RM-Sentry/install/global_interface/share/global_interface/cmake/export_global_interface__rosidl_typesupport_fastrtps_cppExport-noconfig.cmake
-- Up-to-date: /home/rmsentry/DUST-RM-Sentry/install/global_interface/share/global_interface/cmake/global_interface__rosidl_typesupport_introspection_cppExport.cmake
-- Up-to-date: /home/rmsentry/DUST-RM-Sentry/install/global_interface/share/global_interface/cmake/global_interface__rosidl_typesupport_introspection_cppExport-noconfig.cmake
-- Up-to-date: /home/rmsentry/DUST-RM-Sentry/install/global_interface/share/global_interface/cmake/global_interface__rosidl_typesupport_cppExport.cmake
-- Up-to-date: /home/rmsentry/DUST-RM-Sentry/install/global_interface/share/global_interface/cmake/global_interface__rosidl_typesupport_cppExport-noconfig.cmake
-- Up-to-date: /home/rmsentry/DUST-RM-Sentry/install/global_interface/share/global_interface/cmake/export_global_interface__rosidl_generator_pyExport.cmake
-- Up-to-date: /home/rmsentry/DUST-RM-Sentry/install/global_interface/share/global_interface/cmake/export_global_interface__rosidl_generator_pyExport-noconfig.cmake
