[0.024s] Invoking command in '/home/rmsentry/DUST-RM-Sentry/build/hik_camera': CMAKE_PREFIX_PATH=${CMAKE_PREFIX_PATH}:/home/rmsentry/DUST-RM-Sentry/install/rm_decision:/home/rmsentry/DUST-RM-Sentry/install/fake_msg_publisher:/opt/ros/humble /usr/local/bin/cmake /home/rmsentry/DUST-RM-Sentry/src/hik_camera -DAMENT_CMAKE_SYMLINK_INSTALL=1 -DCMAKE_INSTALL_PREFIX=/home/rmsentry/DUST-RM-Sentry/install/hik_camera
[0.913s] -- The C compiler identification is GNU 11.4.0
[0.914s] -- The CXX compiler identification is GNU 11.4.0
[0.914s] -- Detecting C compiler ABI info
[0.914s] -- Detecting C compiler ABI info - done
[0.914s] -- Check for working C compiler: /usr/bin/cc - skipped
[0.914s] -- Detecting C compile features
[0.914s] -- Detecting C compile features - done
[0.914s] -- Detecting CXX compiler ABI info
[0.914s] -- Detecting CXX compiler ABI info - done
[0.914s] -- Check for working CXX compiler: /usr/bin/c++ - skipped
[0.914s] -- Detecting CXX compile features
[0.914s] -- Detecting CXX compile features - done
[0.914s] -- Found ament_cmake_auto: 1.3.12 (/opt/ros/humble/share/ament_cmake_auto/cmake)
[0.914s] -- Found Python3: /usr/bin/python3 (found version "3.10.12") found components: Interpreter
[0.914s] -- Override CMake install command with custom implementation using symlinks instead of copying resources
[0.953s] -- Found rosidl_generator_c: 3.1.7 (/opt/ros/humble/share/rosidl_generator_c/cmake)
[0.959s] -- Found rosidl_adapter: 3.1.7 (/opt/ros/humble/share/rosidl_adapter/cmake)
[0.969s] -- Found rosidl_generator_cpp: 3.1.7 (/opt/ros/humble/share/rosidl_generator_cpp/cmake)
[0.988s] -- Using all available rosidl_typesupport_c: rosidl_typesupport_fastrtps_c;rosidl_typesupport_introspection_c
[1.017s] -- Using all available rosidl_typesupport_cpp: rosidl_typesupport_fastrtps_cpp;rosidl_typesupport_introspection_cpp
[1.082s] -- Found rmw_implementation_cmake: 6.1.2 (/opt/ros/humble/share/rmw_implementation_cmake/cmake)
[1.086s] -- Found rmw_fastrtps_cpp: 6.2.8 (/opt/ros/humble/share/rmw_fastrtps_cpp/cmake)
[1.220s] -- Found OpenSSL: /usr/lib/x86_64-linux-gnu/libcrypto.so (found version "3.0.2")
[1.266s] -- Found FastRTPS: /opt/ros/humble/include
[1.329s] -- Using RMW implementation 'rmw_fastrtps_cpp' as default
[1.341s] -- Performing Test CMAKE_HAVE_LIBC_PTHREAD
[1.442s] -- Performing Test CMAKE_HAVE_LIBC_PTHREAD - Success
[1.444s] -- Found Threads: TRUE
[1.718s] -- Found OpenCV: /usr (found version "4.5.4")
[1.736s] -- Found ament_lint_auto: 0.12.14 (/opt/ros/humble/share/ament_lint_auto/cmake)
[1.756s] [0mIn this package, headers install destination is set to `include` by ament_auto_package. It is recommended to install `include/hik_camera` instead and will be the default behavior of ament_auto_package from ROS 2 Kilted Kaiju. On distributions before Kilted, ament_auto_package behaves the same way when you use USE_SCOPED_HEADER_INSTALL_DIR option.[0m
[1.764s] -- Added test 'cppcheck' to perform static code analysis on C / C++ code
[1.765s] -- Configured cppcheck include dirs: /home/rmsentry/DUST-RM-Sentry/src/hik_camera/include;/home/rmsentry/DUST-RM-Sentry/src/hik_camera/hikSDK/include
[1.765s] -- Configured cppcheck exclude dirs and/or files: 
[1.768s] -- Added test 'lint_cmake' to check CMake code style
[1.769s] -- Added test 'pep257' to check Python code against some of the docstring style conventions in PEP 257
[1.770s] -- Added test 'xmllint' to check XML markup files
[1.776s] -- Configuring done (1.7s)
[1.807s] -- Generating done (0.0s)
[1.815s] -- Build files have been written to: /home/rmsentry/DUST-RM-Sentry/build/hik_camera
[1.839s] Invoked command in '/home/rmsentry/DUST-RM-Sentry/build/hik_camera' returned '0': CMAKE_PREFIX_PATH=${CMAKE_PREFIX_PATH}:/home/rmsentry/DUST-RM-Sentry/install/rm_decision:/home/rmsentry/DUST-RM-Sentry/install/fake_msg_publisher:/opt/ros/humble /usr/local/bin/cmake /home/rmsentry/DUST-RM-Sentry/src/hik_camera -DAMENT_CMAKE_SYMLINK_INSTALL=1 -DCMAKE_INSTALL_PREFIX=/home/rmsentry/DUST-RM-Sentry/install/hik_camera
[1.846s] Invoking command in '/home/rmsentry/DUST-RM-Sentry/build/hik_camera': CMAKE_PREFIX_PATH=${CMAKE_PREFIX_PATH}:/home/rmsentry/DUST-RM-Sentry/install/rm_decision:/home/rmsentry/DUST-RM-Sentry/install/fake_msg_publisher:/opt/ros/humble /usr/local/bin/cmake --build /home/rmsentry/DUST-RM-Sentry/build/hik_camera -- -j12 -l12
[1.954s] [ 12%] [32mBuilding CXX object CMakeFiles/hik_camera.dir/src/recorder.cpp.o[0m
[1.955s] [ 25%] [32mBuilding CXX object CMakeFiles/hik_camera.dir/src/hik_camera_node.cpp.o[0m
[1.955s] [ 37%] [32mBuilding CXX object CMakeFiles/video_player_node.dir/rclcpp_components/node_main_video_player_node.cpp.o[0m
[1.955s] [ 50%] [32mBuilding CXX object CMakeFiles/hik_camera.dir/src/video_player_node.cpp.o[0m
[1.955s] [ 62%] [32mBuilding CXX object CMakeFiles/hik_camera_node.dir/rclcpp_components/node_main_hik_camera_node.cpp.o[0m
[10.148s] [ 75%] [32m[1mLinking CXX executable video_player_node[0m
[10.526s] [ 75%] Built target video_player_node
[12.754s] [ 87%] [32m[1mLinking CXX shared library libhik_camera.so[0m
[14.248s] [ 87%] Built target hik_camera
[15.645s] [100%] [32m[1mLinking CXX executable hik_camera_node[0m
[16.406s] [100%] Built target hik_camera_node
[16.434s] Invoked command in '/home/rmsentry/DUST-RM-Sentry/build/hik_camera' returned '0': CMAKE_PREFIX_PATH=${CMAKE_PREFIX_PATH}:/home/rmsentry/DUST-RM-Sentry/install/rm_decision:/home/rmsentry/DUST-RM-Sentry/install/fake_msg_publisher:/opt/ros/humble /usr/local/bin/cmake --build /home/rmsentry/DUST-RM-Sentry/build/hik_camera -- -j12 -l12
[16.434s] Invoking command in '/home/rmsentry/DUST-RM-Sentry/build/hik_camera': CMAKE_PREFIX_PATH=${CMAKE_PREFIX_PATH}:/home/rmsentry/DUST-RM-Sentry/install/rm_decision:/home/rmsentry/DUST-RM-Sentry/install/fake_msg_publisher:/opt/ros/humble /usr/local/bin/cmake --install /home/rmsentry/DUST-RM-Sentry/build/hik_camera
[17.221s] -- Install configuration: ""
[17.221s] -- Execute custom install script
[17.221s] -- Symlinking: /home/rmsentry/DUST-RM-Sentry/install/hik_camera/lib/libFormatConversion.so
[17.221s] -- Symlinking: /home/rmsentry/DUST-RM-Sentry/install/hik_camera/lib/libMVRender.so
[17.221s] -- Symlinking: /home/rmsentry/DUST-RM-Sentry/install/hik_camera/lib/libMediaProcess.so
[17.221s] -- Symlinking: /home/rmsentry/DUST-RM-Sentry/install/hik_camera/lib/libMvCameraControl.so
[17.221s] -- Symlinking: /home/rmsentry/DUST-RM-Sentry/install/hik_camera/lib/libMvUsb3vTL.so
[17.221s] -- Symlinking: /home/rmsentry/DUST-RM-Sentry/install/hik_camera/lib/hik_camera/hik_camera_node
[17.221s] -- Symlinking: /home/rmsentry/DUST-RM-Sentry/install/hik_camera/lib/hik_camera/video_player_node
[17.221s] -- Symlinking: /home/rmsentry/DUST-RM-Sentry/install/hik_camera/include/hik_camera/hik_camera_node.hpp
[17.221s] -- Symlinking: /home/rmsentry/DUST-RM-Sentry/install/hik_camera/include/hik_camera/recorder.hpp
[17.221s] -- Symlinking: /home/rmsentry/DUST-RM-Sentry/install/hik_camera/include/hik_camera/video_player_node.hpp
[17.221s] -- Symlinking: /home/rmsentry/DUST-RM-Sentry/install/hik_camera/share/hik_camera/environment/library_path.sh
[17.221s] -- Symlinking: /home/rmsentry/DUST-RM-Sentry/install/hik_camera/share/hik_camera/environment/library_path.dsv
[17.222s] -- Symlinking: /home/rmsentry/DUST-RM-Sentry/install/hik_camera/lib/libhik_camera.so
[17.222s] -- Symlinking: /home/rmsentry/DUST-RM-Sentry/install/hik_camera/share/hik_camera/launch/hik_camera_launch.py
[17.222s] -- Symlinking: /home/rmsentry/DUST-RM-Sentry/install/hik_camera/share/hik_camera/launch/video_player_launch.py
[17.222s] -- Symlinking: /home/rmsentry/DUST-RM-Sentry/install/hik_camera/share/hik_camera/config/camera_info.yaml
[17.222s] -- Symlinking: /home/rmsentry/DUST-RM-Sentry/install/hik_camera/share/hik_camera/config/camera_params.yaml
[17.222s] -- Symlinking: /home/rmsentry/DUST-RM-Sentry/install/hik_camera/share/ament_index/resource_index/package_run_dependencies/hik_camera
[17.222s] -- Symlinking: /home/rmsentry/DUST-RM-Sentry/install/hik_camera/share/ament_index/resource_index/parent_prefix_path/hik_camera
[17.222s] -- Symlinking: /home/rmsentry/DUST-RM-Sentry/install/hik_camera/share/hik_camera/environment/ament_prefix_path.sh
[17.222s] -- Symlinking: /home/rmsentry/DUST-RM-Sentry/install/hik_camera/share/hik_camera/environment/ament_prefix_path.dsv
[17.222s] -- Symlinking: /home/rmsentry/DUST-RM-Sentry/install/hik_camera/share/hik_camera/environment/path.sh
[17.222s] -- Symlinking: /home/rmsentry/DUST-RM-Sentry/install/hik_camera/share/hik_camera/environment/path.dsv
[17.222s] -- Symlinking: /home/rmsentry/DUST-RM-Sentry/install/hik_camera/share/hik_camera/local_setup.bash
[17.222s] -- Symlinking: /home/rmsentry/DUST-RM-Sentry/install/hik_camera/share/hik_camera/local_setup.sh
[17.222s] -- Symlinking: /home/rmsentry/DUST-RM-Sentry/install/hik_camera/share/hik_camera/local_setup.zsh
[17.222s] -- Symlinking: /home/rmsentry/DUST-RM-Sentry/install/hik_camera/share/hik_camera/local_setup.dsv
[17.222s] -- Symlinking: /home/rmsentry/DUST-RM-Sentry/install/hik_camera/share/hik_camera/package.dsv
[17.222s] -- Symlinking: /home/rmsentry/DUST-RM-Sentry/install/hik_camera/share/ament_index/resource_index/packages/hik_camera
[17.222s] -- Symlinking: /home/rmsentry/DUST-RM-Sentry/install/hik_camera/share/ament_index/resource_index/rclcpp_components/hik_camera
[17.223s] -- Symlinking: /home/rmsentry/DUST-RM-Sentry/install/hik_camera/share/hik_camera/cmake/ament_cmake_export_dependencies-extras.cmake
[17.223s] -- Symlinking: /home/rmsentry/DUST-RM-Sentry/install/hik_camera/share/hik_camera/cmake/ament_cmake_export_include_directories-extras.cmake
[17.223s] -- Symlinking: /home/rmsentry/DUST-RM-Sentry/install/hik_camera/share/hik_camera/cmake/ament_cmake_export_libraries-extras.cmake
[17.223s] -- Symlinking: /home/rmsentry/DUST-RM-Sentry/install/hik_camera/share/hik_camera/cmake/hik_cameraConfig.cmake
[17.223s] -- Symlinking: /home/rmsentry/DUST-RM-Sentry/install/hik_camera/share/hik_camera/cmake/hik_cameraConfig-version.cmake
[17.223s] -- Symlinking: /home/rmsentry/DUST-RM-Sentry/install/hik_camera/share/hik_camera/package.xml
[17.235s] Invoked command in '/home/rmsentry/DUST-RM-Sentry/build/hik_camera' returned '0': CMAKE_PREFIX_PATH=${CMAKE_PREFIX_PATH}:/home/rmsentry/DUST-RM-Sentry/install/rm_decision:/home/rmsentry/DUST-RM-Sentry/install/fake_msg_publisher:/opt/ros/humble /usr/local/bin/cmake --install /home/rmsentry/DUST-RM-Sentry/build/hik_camera
