[0.033s] Invoking command in '/home/rmsentry/DUST-RM-Sentry/build/livox_interfaces': CMAKE_PREFIX_PATH=${CMAKE_PREFIX_PATH}:/home/rmsentry/DUST-RM-Sentry/install/rm_decision:/home/rmsentry/DUST-RM-Sentry/install/fake_msg_publisher:/opt/ros/humble /usr/local/bin/cmake --build /home/rmsentry/DUST-RM-Sentry/build/livox_interfaces -- -j12 -l12
[0.248s] -- Found ament_cmake: 1.3.12 (/opt/ros/humble/share/ament_cmake/cmake)
[0.248s] -- Override CMake install command with custom implementation using symlinks instead of copying resources
[0.248s] -- Found std_msgs: 4.9.0 (/opt/ros/humble/share/std_msgs/cmake)
[0.270s] -- Found rosidl_generator_c: 3.1.7 (/opt/ros/humble/share/rosidl_generator_c/cmake)
[0.274s] -- Found rosidl_adapter: 3.1.7 (/opt/ros/humble/share/rosidl_adapter/cmake)
[0.282s] -- Found rosidl_generator_cpp: 3.1.7 (/opt/ros/humble/share/rosidl_generator_cpp/cmake)
[0.297s] -- Using all available rosidl_typesupport_c: rosidl_typesupport_fastrtps_c;rosidl_typesupport_introspection_c
[0.315s] -- Using all available rosidl_typesupport_cpp: rosidl_typesupport_fastrtps_cpp;rosidl_typesupport_introspection_cpp
[0.354s] -- Found rosidl_default_generators: 1.2.0 (/opt/ros/humble/share/rosidl_default_generators/cmake)
[0.896s] -- Found ament_cmake_ros: 0.10.0 (/opt/ros/humble/share/ament_cmake_ros/cmake)
[1.794s] -- Using all available rosidl_typesupport_c: rosidl_typesupport_fastrtps_c;rosidl_typesupport_introspection_c
[2.143s] -- Using all available rosidl_typesupport_cpp: rosidl_typesupport_fastrtps_cpp;rosidl_typesupport_introspection_cpp
[2.148s] [33mCMake Warning (dev) at /opt/ros/humble/share/rosidl_generator_py/cmake/rosidl_generator_py_generate_interfaces.cmake:20 (find_package):
[2.148s]   Policy CMP0148 is not set: The FindPythonInterp and FindPythonLibs modules
[2.148s]   are removed.  Run "cmake --help-policy CMP0148" for policy details.  Use
[2.148s]   the cmake_policy command to set the policy and suppress this warning.
[2.148s] 
[2.148s] Call Stack (most recent call first):
[2.148s]   /opt/ros/humble/share/ament_cmake_core/cmake/core/ament_execute_extensions.cmake:48 (include)
[2.148s]   /opt/ros/humble/share/rosidl_cmake/cmake/rosidl_generate_interfaces.cmake:286 (ament_execute_extensions)
[2.148s]   CMakeLists.txt:24 (rosidl_generate_interfaces)
[2.148s] This warning is for project developers.  Use -Wno-dev to suppress it.
[2.148s] [0m
[2.171s] -- Found python_cmake_module: 0.10.0 (/opt/ros/humble/share/python_cmake_module/cmake)
[2.171s] [33mCMake Warning (dev) at /opt/ros/humble/share/python_cmake_module/cmake/Modules/FindPythonExtra.cmake:52 (find_package):
[2.172s]   Policy CMP0148 is not set: The FindPythonInterp and FindPythonLibs modules
[2.172s]   are removed.  Run "cmake --help-policy CMP0148" for policy details.  Use
[2.172s]   the cmake_policy command to set the policy and suppress this warning.
[2.172s] 
[2.172s] Call Stack (most recent call first):
[2.172s]   /opt/ros/humble/share/rosidl_generator_py/cmake/rosidl_generator_py_generate_interfaces.cmake:23 (find_package)
[2.172s]   /opt/ros/humble/share/ament_cmake_core/cmake/core/ament_execute_extensions.cmake:48 (include)
[2.172s]   /opt/ros/humble/share/rosidl_cmake/cmake/rosidl_generate_interfaces.cmake:286 (ament_execute_extensions)
[2.172s]   CMakeLists.txt:24 (rosidl_generate_interfaces)
[2.172s] This warning is for project developers.  Use -Wno-dev to suppress it.
[2.172s] [0m
[2.197s] [33mCMake Warning (dev) at /opt/ros/humble/share/python_cmake_module/cmake/Modules/FindPythonExtra.cmake:140 (find_package):
[2.197s]   Policy CMP0148 is not set: The FindPythonInterp and FindPythonLibs modules
[2.197s]   are removed.  Run "cmake --help-policy CMP0148" for policy details.  Use
[2.197s]   the cmake_policy command to set the policy and suppress this warning.
[2.197s] 
[2.197s] Call Stack (most recent call first):
[2.198s]   /opt/ros/humble/share/rosidl_generator_py/cmake/rosidl_generator_py_generate_interfaces.cmake:23 (find_package)
[2.198s]   /opt/ros/humble/share/ament_cmake_core/cmake/core/ament_execute_extensions.cmake:48 (include)
[2.198s]   /opt/ros/humble/share/rosidl_cmake/cmake/rosidl_generate_interfaces.cmake:286 (ament_execute_extensions)
[2.198s]   CMakeLists.txt:24 (rosidl_generate_interfaces)
[2.198s] This warning is for project developers.  Use -Wno-dev to suppress it.
[2.198s] [0m
[2.199s] -- Using PYTHON_EXECUTABLE: /usr/bin/python3
[2.199s] -- Using PYTHON_INCLUDE_DIRS: /usr/include/python3.10
[2.199s] -- Using PYTHON_LIBRARIES: /usr/lib/x86_64-linux-gnu/libpython3.10.so
[2.257s] -- Found ament_lint_auto: 0.12.14 (/opt/ros/humble/share/ament_lint_auto/cmake)
[2.271s] -- Added test 'copyright' to check source files copyright and LICENSE
[2.271s] -- Added test 'lint_cmake' to check CMake code style
[2.271s] -- Added test 'xmllint' to check XML markup files
[2.274s] -- Configuring done (2.2s)
[2.310s] -- Generating done (0.0s)
[2.326s] -- Build files have been written to: /home/rmsentry/DUST-RM-Sentry/build/livox_interfaces
[2.359s] [  2%] Built target livox_interfaces__cpp
[2.359s] [ 12%] Built target livox_interfaces__rosidl_generator_c
[2.364s] [ 12%] Built target ament_cmake_python_symlink_livox_interfaces
[2.387s] [ 23%] Built target livox_interfaces__rosidl_typesupport_introspection_cpp
[2.388s] [ 33%] Built target livox_interfaces__rosidl_typesupport_fastrtps_cpp
[2.389s] [ 43%] Built target livox_interfaces__rosidl_typesupport_introspection_c
[2.389s] [ 53%] Built target livox_interfaces__rosidl_typesupport_c
[2.392s] [ 64%] Built target livox_interfaces__rosidl_typesupport_fastrtps_c
[2.397s] [ 74%] Built target livox_interfaces__rosidl_typesupport_cpp
[2.412s] [ 74%] Built target livox_interfaces
[2.429s] [ 76%] Built target livox_interfaces__py
[2.449s] [ 84%] Built target livox_interfaces__rosidl_generator_py
[2.469s] [ 89%] Built target livox_interfaces__rosidl_typesupport_fastrtps_c__pyext
[2.474s] [ 94%] Built target livox_interfaces__rosidl_typesupport_introspection_c__pyext
[2.479s] [100%] Built target livox_interfaces__rosidl_typesupport_c__pyext
[2.633s] running egg_info
[2.634s] writing livox_interfaces.egg-info/PKG-INFO
[2.635s] writing dependency_links to livox_interfaces.egg-info/dependency_links.txt
[2.635s] writing top-level names to livox_interfaces.egg-info/top_level.txt
[2.638s] reading manifest file 'livox_interfaces.egg-info/SOURCES.txt'
[2.638s] writing manifest file 'livox_interfaces.egg-info/SOURCES.txt'
[2.670s] [100%] Built target ament_cmake_python_build_livox_interfaces_egg
[2.715s] Invoked command in '/home/rmsentry/DUST-RM-Sentry/build/livox_interfaces' returned '0': CMAKE_PREFIX_PATH=${CMAKE_PREFIX_PATH}:/home/rmsentry/DUST-RM-Sentry/install/rm_decision:/home/rmsentry/DUST-RM-Sentry/install/fake_msg_publisher:/opt/ros/humble /usr/local/bin/cmake --build /home/rmsentry/DUST-RM-Sentry/build/livox_interfaces -- -j12 -l12
[2.716s] Invoking command in '/home/rmsentry/DUST-RM-Sentry/build/livox_interfaces': CMAKE_PREFIX_PATH=${CMAKE_PREFIX_PATH}:/home/rmsentry/DUST-RM-Sentry/install/rm_decision:/home/rmsentry/DUST-RM-Sentry/install/fake_msg_publisher:/opt/ros/humble /usr/local/bin/cmake --install /home/rmsentry/DUST-RM-Sentry/build/livox_interfaces
[2.721s] -- Install configuration: ""
[2.722s] -- Execute custom install script
[2.722s] -- Up-to-date symlink: /home/rmsentry/DUST-RM-Sentry/install/livox_interfaces/share/ament_index/resource_index/rosidl_interfaces/livox_interfaces
[2.722s] -- Up-to-date symlink: /home/rmsentry/DUST-RM-Sentry/install/livox_interfaces/include/livox_interfaces/livox_interfaces/msg/custom_msg.h
[2.722s] -- Up-to-date symlink: /home/rmsentry/DUST-RM-Sentry/install/livox_interfaces/include/livox_interfaces/livox_interfaces/msg/custom_point.h
[2.722s] -- Up-to-date symlink: /home/rmsentry/DUST-RM-Sentry/install/livox_interfaces/include/livox_interfaces/livox_interfaces/msg/detail/custom_msg__functions.h
[2.723s] -- Up-to-date symlink: /home/rmsentry/DUST-RM-Sentry/install/livox_interfaces/include/livox_interfaces/livox_interfaces/msg/detail/custom_msg__struct.h
[2.723s] -- Up-to-date symlink: /home/rmsentry/DUST-RM-Sentry/install/livox_interfaces/include/livox_interfaces/livox_interfaces/msg/detail/custom_msg__type_support.h
[2.723s] -- Up-to-date symlink: /home/rmsentry/DUST-RM-Sentry/install/livox_interfaces/include/livox_interfaces/livox_interfaces/msg/detail/custom_point__functions.h
[2.723s] -- Up-to-date symlink: /home/rmsentry/DUST-RM-Sentry/install/livox_interfaces/include/livox_interfaces/livox_interfaces/msg/detail/custom_point__struct.h
[2.723s] -- Up-to-date symlink: /home/rmsentry/DUST-RM-Sentry/install/livox_interfaces/include/livox_interfaces/livox_interfaces/msg/detail/custom_point__type_support.h
[2.723s] -- Up-to-date symlink: /home/rmsentry/DUST-RM-Sentry/install/livox_interfaces/include/livox_interfaces/livox_interfaces/msg/rosidl_generator_c__visibility_control.h
[2.723s] -- Up-to-date symlink: /home/rmsentry/DUST-RM-Sentry/install/livox_interfaces/share/livox_interfaces/environment/library_path.sh
[2.724s] -- Up-to-date symlink: /home/rmsentry/DUST-RM-Sentry/install/livox_interfaces/share/livox_interfaces/environment/library_path.dsv
[2.724s] -- Up-to-date symlink: /home/rmsentry/DUST-RM-Sentry/install/livox_interfaces/include/livox_interfaces/livox_interfaces/msg/detail/custom_msg__rosidl_typesupport_fastrtps_c.h
[2.724s] -- Up-to-date symlink: /home/rmsentry/DUST-RM-Sentry/install/livox_interfaces/include/livox_interfaces/livox_interfaces/msg/detail/custom_point__rosidl_typesupport_fastrtps_c.h
[2.724s] -- Up-to-date symlink: /home/rmsentry/DUST-RM-Sentry/install/livox_interfaces/include/livox_interfaces/livox_interfaces/msg/rosidl_typesupport_fastrtps_c__visibility_control.h
[2.724s] -- Up-to-date symlink: /home/rmsentry/DUST-RM-Sentry/install/livox_interfaces/include/livox_interfaces/livox_interfaces/msg/custom_msg.hpp
[2.724s] -- Up-to-date symlink: /home/rmsentry/DUST-RM-Sentry/install/livox_interfaces/include/livox_interfaces/livox_interfaces/msg/custom_point.hpp
[2.724s] -- Up-to-date symlink: /home/rmsentry/DUST-RM-Sentry/install/livox_interfaces/include/livox_interfaces/livox_interfaces/msg/detail/custom_msg__builder.hpp
[2.724s] -- Up-to-date symlink: /home/rmsentry/DUST-RM-Sentry/install/livox_interfaces/include/livox_interfaces/livox_interfaces/msg/detail/custom_msg__struct.hpp
[2.725s] -- Up-to-date symlink: /home/rmsentry/DUST-RM-Sentry/install/livox_interfaces/include/livox_interfaces/livox_interfaces/msg/detail/custom_msg__traits.hpp
[2.725s] -- Up-to-date symlink: /home/rmsentry/DUST-RM-Sentry/install/livox_interfaces/include/livox_interfaces/livox_interfaces/msg/detail/custom_msg__type_support.hpp
[2.725s] -- Up-to-date symlink: /home/rmsentry/DUST-RM-Sentry/install/livox_interfaces/include/livox_interfaces/livox_interfaces/msg/detail/custom_point__builder.hpp
[2.725s] -- Up-to-date symlink: /home/rmsentry/DUST-RM-Sentry/install/livox_interfaces/include/livox_interfaces/livox_interfaces/msg/detail/custom_point__struct.hpp
[2.725s] -- Up-to-date symlink: /home/rmsentry/DUST-RM-Sentry/install/livox_interfaces/include/livox_interfaces/livox_interfaces/msg/detail/custom_point__traits.hpp
[2.725s] -- Up-to-date symlink: /home/rmsentry/DUST-RM-Sentry/install/livox_interfaces/include/livox_interfaces/livox_interfaces/msg/detail/custom_point__type_support.hpp
[2.725s] -- Up-to-date symlink: /home/rmsentry/DUST-RM-Sentry/install/livox_interfaces/include/livox_interfaces/livox_interfaces/msg/rosidl_generator_cpp__visibility_control.hpp
[2.725s] -- Up-to-date symlink: /home/rmsentry/DUST-RM-Sentry/install/livox_interfaces/include/livox_interfaces/livox_interfaces/msg/detail/custom_msg__rosidl_typesupport_fastrtps_cpp.hpp
[2.725s] -- Up-to-date symlink: /home/rmsentry/DUST-RM-Sentry/install/livox_interfaces/include/livox_interfaces/livox_interfaces/msg/detail/custom_point__rosidl_typesupport_fastrtps_cpp.hpp
[2.725s] -- Up-to-date symlink: /home/rmsentry/DUST-RM-Sentry/install/livox_interfaces/include/livox_interfaces/livox_interfaces/msg/rosidl_typesupport_fastrtps_cpp__visibility_control.h
[2.726s] -- Up-to-date symlink: /home/rmsentry/DUST-RM-Sentry/install/livox_interfaces/include/livox_interfaces/livox_interfaces/msg/detail/custom_msg__rosidl_typesupport_introspection_c.h
[2.726s] -- Up-to-date symlink: /home/rmsentry/DUST-RM-Sentry/install/livox_interfaces/include/livox_interfaces/livox_interfaces/msg/detail/custom_point__rosidl_typesupport_introspection_c.h
[2.726s] -- Up-to-date symlink: /home/rmsentry/DUST-RM-Sentry/install/livox_interfaces/include/livox_interfaces/livox_interfaces/msg/rosidl_typesupport_introspection_c__visibility_control.h
[2.726s] -- Up-to-date symlink: /home/rmsentry/DUST-RM-Sentry/install/livox_interfaces/include/livox_interfaces/livox_interfaces/msg/detail/custom_msg__rosidl_typesupport_introspection_cpp.hpp
[2.726s] -- Up-to-date symlink: /home/rmsentry/DUST-RM-Sentry/install/livox_interfaces/include/livox_interfaces/livox_interfaces/msg/detail/custom_point__rosidl_typesupport_introspection_cpp.hpp
[2.726s] -- Up-to-date symlink: /home/rmsentry/DUST-RM-Sentry/install/livox_interfaces/share/livox_interfaces/environment/pythonpath.sh
[2.726s] -- Up-to-date symlink: /home/rmsentry/DUST-RM-Sentry/install/livox_interfaces/share/livox_interfaces/environment/pythonpath.dsv
[2.727s] -- Up-to-date symlink: /home/rmsentry/DUST-RM-Sentry/install/livox_interfaces/local/lib/python3.10/dist-packages/livox_interfaces-0.0.1-py3.10.egg-info/PKG-INFO
[2.727s] -- Up-to-date symlink: /home/rmsentry/DUST-RM-Sentry/install/livox_interfaces/local/lib/python3.10/dist-packages/livox_interfaces-0.0.1-py3.10.egg-info/SOURCES.txt
[2.727s] -- Up-to-date symlink: /home/rmsentry/DUST-RM-Sentry/install/livox_interfaces/local/lib/python3.10/dist-packages/livox_interfaces-0.0.1-py3.10.egg-info/dependency_links.txt
[2.727s] -- Up-to-date symlink: /home/rmsentry/DUST-RM-Sentry/install/livox_interfaces/local/lib/python3.10/dist-packages/livox_interfaces-0.0.1-py3.10.egg-info/top_level.txt
[2.727s] -- Up-to-date symlink: /home/rmsentry/DUST-RM-Sentry/install/livox_interfaces/local/lib/python3.10/dist-packages/livox_interfaces/__init__.py
[2.728s] -- Up-to-date symlink: /home/rmsentry/DUST-RM-Sentry/install/livox_interfaces/local/lib/python3.10/dist-packages/livox_interfaces/_livox_interfaces_s.ep.rosidl_typesupport_c.c
[2.728s] -- Up-to-date symlink: /home/rmsentry/DUST-RM-Sentry/install/livox_interfaces/local/lib/python3.10/dist-packages/livox_interfaces/_livox_interfaces_s.ep.rosidl_typesupport_fastrtps_c.c
[2.728s] -- Up-to-date symlink: /home/rmsentry/DUST-RM-Sentry/install/livox_interfaces/local/lib/python3.10/dist-packages/livox_interfaces/_livox_interfaces_s.ep.rosidl_typesupport_introspection_c.c
[2.728s] -- Up-to-date symlink: /home/rmsentry/DUST-RM-Sentry/install/livox_interfaces/local/lib/python3.10/dist-packages/livox_interfaces/liblivox_interfaces__rosidl_generator_py.so
[2.728s] -- Up-to-date symlink: /home/rmsentry/DUST-RM-Sentry/install/livox_interfaces/local/lib/python3.10/dist-packages/livox_interfaces/livox_interfaces_s__rosidl_typesupport_c.cpython-310-x86_64-linux-gnu.so
[2.728s] -- Up-to-date symlink: /home/rmsentry/DUST-RM-Sentry/install/livox_interfaces/local/lib/python3.10/dist-packages/livox_interfaces/livox_interfaces_s__rosidl_typesupport_fastrtps_c.cpython-310-x86_64-linux-gnu.so
[2.728s] -- Up-to-date symlink: /home/rmsentry/DUST-RM-Sentry/install/livox_interfaces/local/lib/python3.10/dist-packages/livox_interfaces/livox_interfaces_s__rosidl_typesupport_introspection_c.cpython-310-x86_64-linux-gnu.so
[2.728s] -- Up-to-date symlink: /home/rmsentry/DUST-RM-Sentry/install/livox_interfaces/local/lib/python3.10/dist-packages/livox_interfaces/msg/__init__.py
[2.728s] -- Up-to-date symlink: /home/rmsentry/DUST-RM-Sentry/install/livox_interfaces/local/lib/python3.10/dist-packages/livox_interfaces/msg/_custom_msg.py
[2.728s] -- Up-to-date symlink: /home/rmsentry/DUST-RM-Sentry/install/livox_interfaces/local/lib/python3.10/dist-packages/livox_interfaces/msg/_custom_msg_s.c
[2.729s] -- Up-to-date symlink: /home/rmsentry/DUST-RM-Sentry/install/livox_interfaces/local/lib/python3.10/dist-packages/livox_interfaces/msg/_custom_point.py
[2.729s] -- Up-to-date symlink: /home/rmsentry/DUST-RM-Sentry/install/livox_interfaces/local/lib/python3.10/dist-packages/livox_interfaces/msg/_custom_point_s.c
[2.729s] -- Up-to-date symlink: /home/rmsentry/DUST-RM-Sentry/install/livox_interfaces/local/lib/python3.10/dist-packages/livox_interfaces/livox_interfaces_s__rosidl_typesupport_fastrtps_c.cpython-310-x86_64-linux-gnu.so
[2.729s] -- Up-to-date symlink: /home/rmsentry/DUST-RM-Sentry/install/livox_interfaces/local/lib/python3.10/dist-packages/livox_interfaces/livox_interfaces_s__rosidl_typesupport_introspection_c.cpython-310-x86_64-linux-gnu.so
[2.729s] -- Up-to-date symlink: /home/rmsentry/DUST-RM-Sentry/install/livox_interfaces/local/lib/python3.10/dist-packages/livox_interfaces/livox_interfaces_s__rosidl_typesupport_c.cpython-310-x86_64-linux-gnu.so
[2.729s] -- Up-to-date symlink: /home/rmsentry/DUST-RM-Sentry/install/livox_interfaces/share/livox_interfaces/msg/CustomPoint.idl
[2.730s] -- Up-to-date symlink: /home/rmsentry/DUST-RM-Sentry/install/livox_interfaces/share/livox_interfaces/msg/CustomMsg.idl
[2.730s] -- Up-to-date symlink: /home/rmsentry/DUST-RM-Sentry/install/livox_interfaces/share/livox_interfaces/msg/CustomPoint.msg
[2.730s] -- Up-to-date symlink: /home/rmsentry/DUST-RM-Sentry/install/livox_interfaces/share/livox_interfaces/msg/CustomMsg.msg
[2.730s] -- Up-to-date symlink: /home/rmsentry/DUST-RM-Sentry/install/livox_interfaces/share/ament_index/resource_index/package_run_dependencies/livox_interfaces
[2.730s] -- Up-to-date symlink: /home/rmsentry/DUST-RM-Sentry/install/livox_interfaces/share/ament_index/resource_index/parent_prefix_path/livox_interfaces
[2.730s] -- Up-to-date symlink: /home/rmsentry/DUST-RM-Sentry/install/livox_interfaces/share/livox_interfaces/environment/ament_prefix_path.sh
[2.731s] -- Up-to-date symlink: /home/rmsentry/DUST-RM-Sentry/install/livox_interfaces/share/livox_interfaces/environment/ament_prefix_path.dsv
[2.731s] -- Up-to-date symlink: /home/rmsentry/DUST-RM-Sentry/install/livox_interfaces/share/livox_interfaces/environment/path.sh
[2.731s] -- Up-to-date symlink: /home/rmsentry/DUST-RM-Sentry/install/livox_interfaces/share/livox_interfaces/environment/path.dsv
[2.731s] -- Up-to-date symlink: /home/rmsentry/DUST-RM-Sentry/install/livox_interfaces/share/livox_interfaces/local_setup.bash
[2.731s] -- Up-to-date symlink: /home/rmsentry/DUST-RM-Sentry/install/livox_interfaces/share/livox_interfaces/local_setup.sh
[2.732s] -- Up-to-date symlink: /home/rmsentry/DUST-RM-Sentry/install/livox_interfaces/share/livox_interfaces/local_setup.zsh
[2.732s] -- Up-to-date symlink: /home/rmsentry/DUST-RM-Sentry/install/livox_interfaces/share/livox_interfaces/local_setup.dsv
[2.732s] -- Symlinking: /home/rmsentry/DUST-RM-Sentry/install/livox_interfaces/share/livox_interfaces/package.dsv
[2.738s] -- Up-to-date symlink: /home/rmsentry/DUST-RM-Sentry/install/livox_interfaces/share/ament_index/resource_index/packages/livox_interfaces
[2.738s] -- Up-to-date symlink: /home/rmsentry/DUST-RM-Sentry/install/livox_interfaces/share/livox_interfaces/cmake/rosidl_cmake-extras.cmake
[2.738s] -- Up-to-date symlink: /home/rmsentry/DUST-RM-Sentry/install/livox_interfaces/share/livox_interfaces/cmake/ament_cmake_export_dependencies-extras.cmake
[2.738s] -- Up-to-date symlink: /home/rmsentry/DUST-RM-Sentry/install/livox_interfaces/share/livox_interfaces/cmake/ament_cmake_export_include_directories-extras.cmake
[2.738s] -- Up-to-date symlink: /home/rmsentry/DUST-RM-Sentry/install/livox_interfaces/share/livox_interfaces/cmake/ament_cmake_export_libraries-extras.cmake
[2.738s] -- Up-to-date symlink: /home/rmsentry/DUST-RM-Sentry/install/livox_interfaces/share/livox_interfaces/cmake/ament_cmake_export_targets-extras.cmake
[2.738s] -- Up-to-date symlink: /home/rmsentry/DUST-RM-Sentry/install/livox_interfaces/share/livox_interfaces/cmake/rosidl_cmake_export_typesupport_targets-extras.cmake
[2.739s] -- Up-to-date symlink: /home/rmsentry/DUST-RM-Sentry/install/livox_interfaces/share/livox_interfaces/cmake/rosidl_cmake_export_typesupport_libraries-extras.cmake
[2.739s] -- Up-to-date symlink: /home/rmsentry/DUST-RM-Sentry/install/livox_interfaces/share/livox_interfaces/cmake/livox_interfacesConfig.cmake
[2.739s] -- Up-to-date symlink: /home/rmsentry/DUST-RM-Sentry/install/livox_interfaces/share/livox_interfaces/cmake/livox_interfacesConfig-version.cmake
[2.739s] -- Up-to-date symlink: /home/rmsentry/DUST-RM-Sentry/install/livox_interfaces/share/livox_interfaces/package.xml
[2.740s] -- Up-to-date: /home/rmsentry/DUST-RM-Sentry/install/livox_interfaces/lib/liblivox_interfaces__rosidl_generator_c.so
[2.740s] -- Up-to-date: /home/rmsentry/DUST-RM-Sentry/install/livox_interfaces/lib/liblivox_interfaces__rosidl_typesupport_fastrtps_c.so
[2.740s] -- Up-to-date: /home/rmsentry/DUST-RM-Sentry/install/livox_interfaces/lib/liblivox_interfaces__rosidl_typesupport_fastrtps_cpp.so
[2.740s] -- Up-to-date: /home/rmsentry/DUST-RM-Sentry/install/livox_interfaces/lib/liblivox_interfaces__rosidl_typesupport_introspection_c.so
[2.740s] -- Up-to-date: /home/rmsentry/DUST-RM-Sentry/install/livox_interfaces/lib/liblivox_interfaces__rosidl_typesupport_c.so
[2.741s] -- Up-to-date: /home/rmsentry/DUST-RM-Sentry/install/livox_interfaces/lib/liblivox_interfaces__rosidl_typesupport_introspection_cpp.so
[2.741s] -- Up-to-date: /home/rmsentry/DUST-RM-Sentry/install/livox_interfaces/lib/liblivox_interfaces__rosidl_typesupport_cpp.so
[2.789s] Listing '/home/rmsentry/DUST-RM-Sentry/install/livox_interfaces/local/lib/python3.10/dist-packages/livox_interfaces'...
[2.789s] Compiling '/home/rmsentry/DUST-RM-Sentry/install/livox_interfaces/local/lib/python3.10/dist-packages/livox_interfaces/__init__.py'...
[2.789s] Listing '/home/rmsentry/DUST-RM-Sentry/install/livox_interfaces/local/lib/python3.10/dist-packages/livox_interfaces/msg'...
[2.789s] Compiling '/home/rmsentry/DUST-RM-Sentry/install/livox_interfaces/local/lib/python3.10/dist-packages/livox_interfaces/msg/__init__.py'...
[2.789s] Compiling '/home/rmsentry/DUST-RM-Sentry/install/livox_interfaces/local/lib/python3.10/dist-packages/livox_interfaces/msg/_custom_msg.py'...
[2.789s] Compiling '/home/rmsentry/DUST-RM-Sentry/install/livox_interfaces/local/lib/python3.10/dist-packages/livox_interfaces/msg/_custom_point.py'...
[2.793s] -- Up-to-date: /home/rmsentry/DUST-RM-Sentry/install/livox_interfaces/lib/liblivox_interfaces__rosidl_generator_py.so
[2.797s] -- Up-to-date: /home/rmsentry/DUST-RM-Sentry/install/livox_interfaces/share/livox_interfaces/cmake/export_livox_interfaces__rosidl_generator_cExport.cmake
[2.797s] -- Up-to-date: /home/rmsentry/DUST-RM-Sentry/install/livox_interfaces/share/livox_interfaces/cmake/export_livox_interfaces__rosidl_generator_cExport-noconfig.cmake
[2.797s] -- Up-to-date: /home/rmsentry/DUST-RM-Sentry/install/livox_interfaces/share/livox_interfaces/cmake/export_livox_interfaces__rosidl_typesupport_fastrtps_cExport.cmake
[2.797s] -- Up-to-date: /home/rmsentry/DUST-RM-Sentry/install/livox_interfaces/share/livox_interfaces/cmake/export_livox_interfaces__rosidl_typesupport_fastrtps_cExport-noconfig.cmake
[2.797s] -- Up-to-date: /home/rmsentry/DUST-RM-Sentry/install/livox_interfaces/share/livox_interfaces/cmake/export_livox_interfaces__rosidl_generator_cppExport.cmake
[2.797s] -- Up-to-date: /home/rmsentry/DUST-RM-Sentry/install/livox_interfaces/share/livox_interfaces/cmake/export_livox_interfaces__rosidl_typesupport_fastrtps_cppExport.cmake
[2.797s] -- Up-to-date: /home/rmsentry/DUST-RM-Sentry/install/livox_interfaces/share/livox_interfaces/cmake/export_livox_interfaces__rosidl_typesupport_fastrtps_cppExport-noconfig.cmake
[2.797s] -- Up-to-date: /home/rmsentry/DUST-RM-Sentry/install/livox_interfaces/share/livox_interfaces/cmake/livox_interfaces__rosidl_typesupport_introspection_cExport.cmake
[2.797s] -- Up-to-date: /home/rmsentry/DUST-RM-Sentry/install/livox_interfaces/share/livox_interfaces/cmake/livox_interfaces__rosidl_typesupport_introspection_cExport-noconfig.cmake
[2.797s] -- Up-to-date: /home/rmsentry/DUST-RM-Sentry/install/livox_interfaces/share/livox_interfaces/cmake/livox_interfaces__rosidl_typesupport_cExport.cmake
[2.797s] -- Up-to-date: /home/rmsentry/DUST-RM-Sentry/install/livox_interfaces/share/livox_interfaces/cmake/livox_interfaces__rosidl_typesupport_cExport-noconfig.cmake
[2.797s] -- Up-to-date: /home/rmsentry/DUST-RM-Sentry/install/livox_interfaces/share/livox_interfaces/cmake/livox_interfaces__rosidl_typesupport_introspection_cppExport.cmake
[2.797s] -- Up-to-date: /home/rmsentry/DUST-RM-Sentry/install/livox_interfaces/share/livox_interfaces/cmake/livox_interfaces__rosidl_typesupport_introspection_cppExport-noconfig.cmake
[2.797s] -- Up-to-date: /home/rmsentry/DUST-RM-Sentry/install/livox_interfaces/share/livox_interfaces/cmake/livox_interfaces__rosidl_typesupport_cppExport.cmake
[2.797s] -- Up-to-date: /home/rmsentry/DUST-RM-Sentry/install/livox_interfaces/share/livox_interfaces/cmake/livox_interfaces__rosidl_typesupport_cppExport-noconfig.cmake
[2.797s] -- Up-to-date: /home/rmsentry/DUST-RM-Sentry/install/livox_interfaces/share/livox_interfaces/cmake/export_livox_interfaces__rosidl_generator_pyExport.cmake
[2.798s] -- Up-to-date: /home/rmsentry/DUST-RM-Sentry/install/livox_interfaces/share/livox_interfaces/cmake/export_livox_interfaces__rosidl_generator_pyExport-noconfig.cmake
[2.800s] Invoked command in '/home/rmsentry/DUST-RM-Sentry/build/livox_interfaces' returned '0': CMAKE_PREFIX_PATH=${CMAKE_PREFIX_PATH}:/home/rmsentry/DUST-RM-Sentry/install/rm_decision:/home/rmsentry/DUST-RM-Sentry/install/fake_msg_publisher:/opt/ros/humble /usr/local/bin/cmake --install /home/rmsentry/DUST-RM-Sentry/build/livox_interfaces
