[0.242s] Invoking command in '/home/rmsentry/DUST-RM-Sentry/build/pointcloud_to_laserscan': CMAKE_PREFIX_PATH=${CMAKE_PREFIX_PATH}:/home/rmsentry/DUST-RM-Sentry/install/rm_decision:/home/rmsentry/DUST-RM-Sentry/install/fake_msg_publisher:/opt/ros/humble /usr/local/bin/cmake /home/rmsentry/DUST-RM-Sentry/src/rm_perception/pointcloud_to_laserscan -DAMENT_CMAKE_SYMLINK_INSTALL=1 -DCMAKE_INSTALL_PREFIX=/home/rmsentry/DUST-RM-Sentry/install/pointcloud_to_laserscan
[0.647s] -- The C compiler identification is GNU 11.4.0
[0.647s] -- The CXX compiler identification is GNU 11.4.0
[0.666s] -- Detecting C compiler ABI info
[0.805s] -- Detecting C compiler ABI info - done
[0.837s] -- Check for working C compiler: /usr/bin/cc - skipped
[0.838s] -- Detecting C compile features
[0.838s] -- Detecting C compile features - done
[0.843s] -- Detecting CXX compiler ABI info
[0.989s] -- Detecting CXX compiler ABI info - done
[1.025s] -- Check for working CXX compiler: /usr/bin/c++ - skipped
[1.025s] -- Detecting CXX compile features
[1.026s] -- Detecting CXX compile features - done
[1.039s] -- Found ament_cmake_auto: 1.3.12 (/opt/ros/humble/share/ament_cmake_auto/cmake)
[1.556s] -- Found Python3: /usr/bin/python3 (found version "3.10.12") found components: Interpreter
[1.821s] -- Override CMake install command with custom implementation using symlinks instead of copying resources
[2.237s] -- Found rosidl_generator_c: 3.1.7 (/opt/ros/humble/share/rosidl_generator_c/cmake)
[2.250s] -- Found rosidl_adapter: 3.1.7 (/opt/ros/humble/share/rosidl_adapter/cmake)
[2.279s] -- Found rosidl_generator_cpp: 3.1.7 (/opt/ros/humble/share/rosidl_generator_cpp/cmake)
[2.325s] -- Using all available rosidl_typesupport_c: rosidl_typesupport_fastrtps_c;rosidl_typesupport_introspection_c
[2.357s] -- Using all available rosidl_typesupport_cpp: rosidl_typesupport_fastrtps_cpp;rosidl_typesupport_introspection_cpp
[2.435s] -- Found rmw_implementation_cmake: 6.1.2 (/opt/ros/humble/share/rmw_implementation_cmake/cmake)
[2.443s] -- Found rmw_fastrtps_cpp: 6.2.8 (/opt/ros/humble/share/rmw_fastrtps_cpp/cmake)
[2.778s] -- Found OpenSSL: /usr/lib/x86_64-linux-gnu/libcrypto.so (found version "3.0.2")
[2.920s] -- Found FastRTPS: /opt/ros/humble/include
[3.037s] -- Using RMW implementation 'rmw_fastrtps_cpp' as default
[3.048s] -- Performing Test CMAKE_HAVE_LIBC_PTHREAD
[3.182s] -- Performing Test CMAKE_HAVE_LIBC_PTHREAD - Success
[3.184s] -- Found Threads: TRUE
[3.790s] -- Found ament_lint_auto: 0.12.14 (/opt/ros/humble/share/ament_lint_auto/cmake)
[3.862s] [0mIn this package, headers install destination is set to `include` by ament_auto_package. It is recommended to install `include/pointcloud_to_laserscan` instead and will be the default behavior of ament_auto_package from ROS 2 Kilted Kaiju. On distributions before Kilted, ament_auto_package behaves the same way when you use USE_SCOPED_HEADER_INSTALL_DIR option.[0m
[3.896s] -- Added test 'cppcheck' to perform static code analysis on C / C++ code
[3.897s] -- Configured cppcheck include dirs: /home/rmsentry/DUST-RM-Sentry/src/rm_perception/pointcloud_to_laserscan/include
[3.897s] -- Configured cppcheck exclude dirs and/or files: 
[3.904s] -- Added test 'cpplint' to check C / C++ code against the Google style
[3.904s] -- Configured cpplint exclude dirs and/or files: 
[3.911s] -- Added test 'flake8' to check Python code syntax and style conventions
[3.911s] -- Added test 'lint_cmake' to check CMake code style
[3.924s] -- Added test 'pep257' to check Python code against some of the docstring style conventions in PEP 257
[3.937s] -- Added test 'uncrustify' to check C / C++ code style
[3.937s] -- Configured uncrustify additional arguments: 
[3.942s] -- Added test 'xmllint' to check XML markup files
[3.971s] -- Configuring done (3.7s)
[4.242s] -- Generating done (0.2s)
[4.318s] -- Build files have been written to: /home/rmsentry/DUST-RM-Sentry/build/pointcloud_to_laserscan
[4.442s] Invoked command in '/home/rmsentry/DUST-RM-Sentry/build/pointcloud_to_laserscan' returned '0': CMAKE_PREFIX_PATH=${CMAKE_PREFIX_PATH}:/home/rmsentry/DUST-RM-Sentry/install/rm_decision:/home/rmsentry/DUST-RM-Sentry/install/fake_msg_publisher:/opt/ros/humble /usr/local/bin/cmake /home/rmsentry/DUST-RM-Sentry/src/rm_perception/pointcloud_to_laserscan -DAMENT_CMAKE_SYMLINK_INSTALL=1 -DCMAKE_INSTALL_PREFIX=/home/rmsentry/DUST-RM-Sentry/install/pointcloud_to_laserscan
[4.443s] Invoking command in '/home/rmsentry/DUST-RM-Sentry/build/pointcloud_to_laserscan': CMAKE_PREFIX_PATH=${CMAKE_PREFIX_PATH}:/home/rmsentry/DUST-RM-Sentry/install/rm_decision:/home/rmsentry/DUST-RM-Sentry/install/fake_msg_publisher:/opt/ros/humble /usr/local/bin/cmake --build /home/rmsentry/DUST-RM-Sentry/build/pointcloud_to_laserscan -- -j12 -l12
[6.559s] [ 20%] [32mBuilding CXX object CMakeFiles/laserscan_to_pointcloud.dir/src/laserscan_to_pointcloud_node.cpp.o[0m
[6.559s] [ 20%] [32mBuilding CXX object CMakeFiles/laserscan_to_pointcloud_node.dir/rclcpp_components/node_main_laserscan_to_pointcloud_node.cpp.o[0m
[6.559s] [ 30%] [32mBuilding CXX object CMakeFiles/pointcloud_to_laserscan_node.dir/rclcpp_components/node_main_pointcloud_to_laserscan_node.cpp.o[0m
[11.775s] [ 40%] [32m[1mLinking CXX executable laserscan_to_pointcloud_node[0m
[12.215s] [ 40%] Built target laserscan_to_pointcloud_node
[18.091s] [ 50%] [32m[1mLinking CXX executable pointcloud_to_laserscan_node[0m
[18.431s] [ 50%] Built target pointcloud_to_laserscan_node
[37.092s] [ 60%] [32m[1mLinking CXX shared library liblaserscan_to_pointcloud.so[0m
[37.341s] [ 60%] Built target laserscan_to_pointcloud
[37.367s] [ 70%] [32mBuilding CXX object CMakeFiles/pointcloud_to_laserscan.dir/src/pointcloud_to_laserscan_node.cpp.o[0m
[60.168s] [ 80%] [32m[1mLinking CXX shared library libpointcloud_to_laserscan.so[0m
[60.534s] [ 80%] Built target pointcloud_to_laserscan
[60.561s] [ 90%] [32mBuilding CXX object CMakeFiles/dummy_pointcloud_publisher.dir/src/dummy_pointcloud_publisher.cpp.o[0m
[69.455s] [100%] [32m[1mLinking CXX executable dummy_pointcloud_publisher[0m
[69.675s] [100%] Built target dummy_pointcloud_publisher
[69.689s] Invoked command in '/home/rmsentry/DUST-RM-Sentry/build/pointcloud_to_laserscan' returned '0': CMAKE_PREFIX_PATH=${CMAKE_PREFIX_PATH}:/home/rmsentry/DUST-RM-Sentry/install/rm_decision:/home/rmsentry/DUST-RM-Sentry/install/fake_msg_publisher:/opt/ros/humble /usr/local/bin/cmake --build /home/rmsentry/DUST-RM-Sentry/build/pointcloud_to_laserscan -- -j12 -l12
[69.689s] Invoking command in '/home/rmsentry/DUST-RM-Sentry/build/pointcloud_to_laserscan': CMAKE_PREFIX_PATH=${CMAKE_PREFIX_PATH}:/home/rmsentry/DUST-RM-Sentry/install/rm_decision:/home/rmsentry/DUST-RM-Sentry/install/fake_msg_publisher:/opt/ros/humble /usr/local/bin/cmake --install /home/rmsentry/DUST-RM-Sentry/build/pointcloud_to_laserscan
[72.309s] -- Install configuration: ""
[72.311s] -- Execute custom install script
[72.311s] -- Symlinking: /home/rmsentry/DUST-RM-Sentry/install/pointcloud_to_laserscan/lib/pointcloud_to_laserscan/laserscan_to_pointcloud_node
[72.311s] -- Symlinking: /home/rmsentry/DUST-RM-Sentry/install/pointcloud_to_laserscan/lib/pointcloud_to_laserscan/pointcloud_to_laserscan_node
[72.311s] -- Symlinking: /home/rmsentry/DUST-RM-Sentry/install/pointcloud_to_laserscan/include/pointcloud_to_laserscan/laserscan_to_pointcloud_node.hpp
[72.311s] -- Symlinking: /home/rmsentry/DUST-RM-Sentry/install/pointcloud_to_laserscan/include/pointcloud_to_laserscan/pointcloud_to_laserscan_node.hpp
[72.311s] -- Symlinking: /home/rmsentry/DUST-RM-Sentry/install/pointcloud_to_laserscan/include/pointcloud_to_laserscan/visibility_control.h
[72.311s] -- Symlinking: /home/rmsentry/DUST-RM-Sentry/install/pointcloud_to_laserscan/share/pointcloud_to_laserscan/environment/library_path.sh
[72.311s] -- Symlinking: /home/rmsentry/DUST-RM-Sentry/install/pointcloud_to_laserscan/share/pointcloud_to_laserscan/environment/library_path.dsv
[72.311s] -- Symlinking: /home/rmsentry/DUST-RM-Sentry/install/pointcloud_to_laserscan/lib/liblaserscan_to_pointcloud.so
[72.311s] -- Symlinking: /home/rmsentry/DUST-RM-Sentry/install/pointcloud_to_laserscan/lib/libpointcloud_to_laserscan.so
[72.311s] -- Symlinking: /home/rmsentry/DUST-RM-Sentry/install/pointcloud_to_laserscan/lib/pointcloud_to_laserscan/dummy_pointcloud_publisher
[72.311s] -- Symlinking: /home/rmsentry/DUST-RM-Sentry/install/pointcloud_to_laserscan/share/pointcloud_to_laserscan/launch/pointcloud_to_laserscan_launch.py
[72.312s] -- Symlinking: /home/rmsentry/DUST-RM-Sentry/install/pointcloud_to_laserscan/share/pointcloud_to_laserscan/launch/sample_laserscan_to_pointcloud_launch.py
[72.312s] -- Symlinking: /home/rmsentry/DUST-RM-Sentry/install/pointcloud_to_laserscan/share/pointcloud_to_laserscan/launch/sample_pointcloud_to_laserscan_launch.py
[72.312s] -- Symlinking: /home/rmsentry/DUST-RM-Sentry/install/pointcloud_to_laserscan/share/ament_index/resource_index/package_run_dependencies/pointcloud_to_laserscan
[72.312s] -- Symlinking: /home/rmsentry/DUST-RM-Sentry/install/pointcloud_to_laserscan/share/ament_index/resource_index/parent_prefix_path/pointcloud_to_laserscan
[72.312s] -- Symlinking: /home/rmsentry/DUST-RM-Sentry/install/pointcloud_to_laserscan/share/pointcloud_to_laserscan/environment/ament_prefix_path.sh
[72.312s] -- Symlinking: /home/rmsentry/DUST-RM-Sentry/install/pointcloud_to_laserscan/share/pointcloud_to_laserscan/environment/ament_prefix_path.dsv
[72.312s] -- Symlinking: /home/rmsentry/DUST-RM-Sentry/install/pointcloud_to_laserscan/share/pointcloud_to_laserscan/environment/path.sh
[72.312s] -- Symlinking: /home/rmsentry/DUST-RM-Sentry/install/pointcloud_to_laserscan/share/pointcloud_to_laserscan/environment/path.dsv
[72.312s] -- Symlinking: /home/rmsentry/DUST-RM-Sentry/install/pointcloud_to_laserscan/share/pointcloud_to_laserscan/local_setup.bash
[72.312s] -- Symlinking: /home/rmsentry/DUST-RM-Sentry/install/pointcloud_to_laserscan/share/pointcloud_to_laserscan/local_setup.sh
[72.312s] -- Symlinking: /home/rmsentry/DUST-RM-Sentry/install/pointcloud_to_laserscan/share/pointcloud_to_laserscan/local_setup.zsh
[72.312s] -- Symlinking: /home/rmsentry/DUST-RM-Sentry/install/pointcloud_to_laserscan/share/pointcloud_to_laserscan/local_setup.dsv
[72.312s] -- Symlinking: /home/rmsentry/DUST-RM-Sentry/install/pointcloud_to_laserscan/share/pointcloud_to_laserscan/package.dsv
[72.312s] -- Symlinking: /home/rmsentry/DUST-RM-Sentry/install/pointcloud_to_laserscan/share/ament_index/resource_index/packages/pointcloud_to_laserscan
[72.312s] -- Symlinking: /home/rmsentry/DUST-RM-Sentry/install/pointcloud_to_laserscan/share/ament_index/resource_index/rclcpp_components/pointcloud_to_laserscan
[72.312s] -- Symlinking: /home/rmsentry/DUST-RM-Sentry/install/pointcloud_to_laserscan/share/pointcloud_to_laserscan/cmake/ament_cmake_export_dependencies-extras.cmake
[72.312s] -- Symlinking: /home/rmsentry/DUST-RM-Sentry/install/pointcloud_to_laserscan/share/pointcloud_to_laserscan/cmake/ament_cmake_export_include_directories-extras.cmake
[72.313s] -- Symlinking: /home/rmsentry/DUST-RM-Sentry/install/pointcloud_to_laserscan/share/pointcloud_to_laserscan/cmake/ament_cmake_export_libraries-extras.cmake
[72.313s] -- Symlinking: /home/rmsentry/DUST-RM-Sentry/install/pointcloud_to_laserscan/share/pointcloud_to_laserscan/cmake/pointcloud_to_laserscanConfig.cmake
[72.313s] -- Symlinking: /home/rmsentry/DUST-RM-Sentry/install/pointcloud_to_laserscan/share/pointcloud_to_laserscan/cmake/pointcloud_to_laserscanConfig-version.cmake
[72.313s] -- Symlinking: /home/rmsentry/DUST-RM-Sentry/install/pointcloud_to_laserscan/share/pointcloud_to_laserscan/package.xml
[72.314s] Invoked command in '/home/rmsentry/DUST-RM-Sentry/build/pointcloud_to_laserscan' returned '0': CMAKE_PREFIX_PATH=${CMAKE_PREFIX_PATH}:/home/rmsentry/DUST-RM-Sentry/install/rm_decision:/home/rmsentry/DUST-RM-Sentry/install/fake_msg_publisher:/opt/ros/humble /usr/local/bin/cmake --install /home/rmsentry/DUST-RM-Sentry/build/pointcloud_to_laserscan
