[0.025s] Invoking command in '/home/rmsentry/DUST-RM-Sentry/build/livox_interfaces': CMAKE_PREFIX_PATH=${CMAKE_PREFIX_PATH}:/home/rmsentry/DUST-RM-Sentry/install/rm_decision:/home/rmsentry/DUST-RM-Sentry/install/fake_msg_publisher:/opt/ros/humble /usr/local/bin/cmake /home/rmsentry/DUST-RM-Sentry/src/rm_hardware_driver/livox_ros2_driver/livox_interfaces -DAMENT_CMAKE_SYMLINK_INSTALL=1 -DCMAKE_INSTALL_PREFIX=/home/rmsentry/DUST-RM-Sentry/install/livox_interfaces
[0.088s] -- The C compiler identification is GNU 11.4.0
[0.193s] -- The CXX compiler identification is GNU 11.4.0
[0.207s] -- Detecting C compiler ABI info
[0.292s] -- Detecting C compiler ABI info - done
[0.323s] -- Check for working C compiler: /usr/bin/cc - skipped
[0.324s] -- Detecting C compile features
[0.324s] -- Detecting C compile features - done
[0.329s] -- Detecting CXX compiler ABI info
[0.439s] -- Detecting CXX compiler ABI info - done
[0.459s] -- Check for working CXX compiler: /usr/bin/c++ - skipped
[0.460s] -- Detecting CXX compile features
[0.461s] -- Detecting CXX compile features - done
[0.465s] -- Found ament_cmake: 1.3.12 (/opt/ros/humble/share/ament_cmake/cmake)
[0.642s] -- Found Python3: /usr/bin/python3 (found version "3.10.12") found components: Interpreter
[0.759s] -- Override CMake install command with custom implementation using symlinks instead of copying resources
[0.802s] -- Found std_msgs: 4.9.0 (/opt/ros/humble/share/std_msgs/cmake)
[0.872s] -- Found rosidl_generator_c: 3.1.7 (/opt/ros/humble/share/rosidl_generator_c/cmake)
[0.879s] -- Found rosidl_adapter: 3.1.7 (/opt/ros/humble/share/rosidl_adapter/cmake)
[0.893s] -- Found rosidl_generator_cpp: 3.1.7 (/opt/ros/humble/share/rosidl_generator_cpp/cmake)
[0.917s] -- Using all available rosidl_typesupport_c: rosidl_typesupport_fastrtps_c;rosidl_typesupport_introspection_c
[0.940s] -- Using all available rosidl_typesupport_cpp: rosidl_typesupport_fastrtps_cpp;rosidl_typesupport_introspection_cpp
[0.987s] -- Found rosidl_default_generators: 1.2.0 (/opt/ros/humble/share/rosidl_default_generators/cmake)
[1.581s] -- Found ament_cmake_ros: 0.10.0 (/opt/ros/humble/share/ament_cmake_ros/cmake)
[3.236s] -- Using all available rosidl_typesupport_c: rosidl_typesupport_fastrtps_c;rosidl_typesupport_introspection_c
[3.995s] -- Using all available rosidl_typesupport_cpp: rosidl_typesupport_fastrtps_cpp;rosidl_typesupport_introspection_cpp
[4.009s] [33mCMake Warning (dev) at /opt/ros/humble/share/rosidl_generator_py/cmake/rosidl_generator_py_generate_interfaces.cmake:20 (find_package):
[4.009s]   Policy CMP0148 is not set: The FindPythonInterp and FindPythonLibs modules
[4.009s]   are removed.  Run "cmake --help-policy CMP0148" for policy details.  Use
[4.009s]   the cmake_policy command to set the policy and suppress this warning.
[4.009s] 
[4.009s] Call Stack (most recent call first):
[4.009s]   /opt/ros/humble/share/ament_cmake_core/cmake/core/ament_execute_extensions.cmake:48 (include)
[4.009s]   /opt/ros/humble/share/rosidl_cmake/cmake/rosidl_generate_interfaces.cmake:286 (ament_execute_extensions)
[4.010s]   CMakeLists.txt:24 (rosidl_generate_interfaces)
[4.010s] This warning is for project developers.  Use -Wno-dev to suppress it.
[4.010s] [0m
[4.062s] -- Found PythonInterp: /usr/bin/python3 (found suitable version "3.10.12", minimum required is "3.6")
[4.067s] -- Found python_cmake_module: 0.10.0 (/opt/ros/humble/share/python_cmake_module/cmake)
[4.074s] [33mCMake Warning (dev) at /opt/ros/humble/share/python_cmake_module/cmake/Modules/FindPythonExtra.cmake:52 (find_package):
[4.074s]   Policy CMP0148 is not set: The FindPythonInterp and FindPythonLibs modules
[4.074s]   are removed.  Run "cmake --help-policy CMP0148" for policy details.  Use
[4.074s]   the cmake_policy command to set the policy and suppress this warning.
[4.074s] 
[4.074s] Call Stack (most recent call first):
[4.074s]   /opt/ros/humble/share/rosidl_generator_py/cmake/rosidl_generator_py_generate_interfaces.cmake:23 (find_package)
[4.074s]   /opt/ros/humble/share/ament_cmake_core/cmake/core/ament_execute_extensions.cmake:48 (include)
[4.074s]   /opt/ros/humble/share/rosidl_cmake/cmake/rosidl_generate_interfaces.cmake:286 (ament_execute_extensions)
[4.074s]   CMakeLists.txt:24 (rosidl_generate_interfaces)
[4.075s] This warning is for project developers.  Use -Wno-dev to suppress it.
[4.075s] [0m
[4.112s] [33mCMake Warning (dev) at /opt/ros/humble/share/python_cmake_module/cmake/Modules/FindPythonExtra.cmake:140 (find_package):
[4.112s]   Policy CMP0148 is not set: The FindPythonInterp and FindPythonLibs modules
[4.112s]   are removed.  Run "cmake --help-policy CMP0148" for policy details.  Use
[4.112s]   the cmake_policy command to set the policy and suppress this warning.
[4.112s] 
[4.112s] Call Stack (most recent call first):
[4.112s]   /opt/ros/humble/share/rosidl_generator_py/cmake/rosidl_generator_py_generate_interfaces.cmake:23 (find_package)
[4.112s]   /opt/ros/humble/share/ament_cmake_core/cmake/core/ament_execute_extensions.cmake:48 (include)
[4.112s]   /opt/ros/humble/share/rosidl_cmake/cmake/rosidl_generate_interfaces.cmake:286 (ament_execute_extensions)
[4.113s]   CMakeLists.txt:24 (rosidl_generate_interfaces)
[4.113s] This warning is for project developers.  Use -Wno-dev to suppress it.
[4.113s] [0m
[4.143s] -- Found PythonLibs: /usr/lib/x86_64-linux-gnu/libpython3.10.so (found suitable version "3.10.12", minimum required is "3.5")
[4.143s] -- Using PYTHON_EXECUTABLE: /usr/bin/python3
[4.143s] -- Using PYTHON_INCLUDE_DIRS: /usr/include/python3.10
[4.143s] -- Using PYTHON_LIBRARIES: /usr/lib/x86_64-linux-gnu/libpython3.10.so
[4.215s] -- Found PythonExtra: .so
[4.428s] -- Found ament_lint_auto: 0.12.14 (/opt/ros/humble/share/ament_lint_auto/cmake)
[4.459s] -- Added test 'copyright' to check source files copyright and LICENSE
[4.467s] -- Added test 'lint_cmake' to check CMake code style
[4.474s] -- Added test 'xmllint' to check XML markup files
[4.481s] -- Configuring done (4.4s)
[4.533s] -- Generating done (0.0s)
[4.549s] -- Build files have been written to: /home/rmsentry/DUST-RM-Sentry/build/livox_interfaces
[4.646s] Invoked command in '/home/rmsentry/DUST-RM-Sentry/build/livox_interfaces' returned '0': CMAKE_PREFIX_PATH=${CMAKE_PREFIX_PATH}:/home/rmsentry/DUST-RM-Sentry/install/rm_decision:/home/rmsentry/DUST-RM-Sentry/install/fake_msg_publisher:/opt/ros/humble /usr/local/bin/cmake /home/rmsentry/DUST-RM-Sentry/src/rm_hardware_driver/livox_ros2_driver/livox_interfaces -DAMENT_CMAKE_SYMLINK_INSTALL=1 -DCMAKE_INSTALL_PREFIX=/home/rmsentry/DUST-RM-Sentry/install/livox_interfaces
[4.647s] Invoking command in '/home/rmsentry/DUST-RM-Sentry/build/livox_interfaces': CMAKE_PREFIX_PATH=${CMAKE_PREFIX_PATH}:/home/rmsentry/DUST-RM-Sentry/install/rm_decision:/home/rmsentry/DUST-RM-Sentry/install/fake_msg_publisher:/opt/ros/humble /usr/local/bin/cmake --build /home/rmsentry/DUST-RM-Sentry/build/livox_interfaces -- -j12 -l12
[5.201s] [  2%] [34m[1mGenerating C code for ROS interfaces[0m
[5.201s] [  5%] [34m[1mGenerating C++ code for ROS interfaces[0m
[5.201s] [  5%] Built target ament_cmake_python_symlink_livox_interfaces
[5.453s] running egg_info
[5.453s] creating livox_interfaces.egg-info
[5.462s] writing livox_interfaces.egg-info/PKG-INFO
[5.462s] writing dependency_links to livox_interfaces.egg-info/dependency_links.txt
[5.462s] writing top-level names to livox_interfaces.egg-info/top_level.txt
[5.462s] writing manifest file 'livox_interfaces.egg-info/SOURCES.txt'
[5.464s] reading manifest file 'livox_interfaces.egg-info/SOURCES.txt'
[5.471s] writing manifest file 'livox_interfaces.egg-info/SOURCES.txt'
[5.567s] [  5%] Built target ament_cmake_python_build_livox_interfaces_egg
[5.900s] [  7%] [32mBuilding C object CMakeFiles/livox_interfaces__rosidl_generator_c.dir/rosidl_generator_c/livox_interfaces/msg/detail/custom_point__functions.c.o[0m
[5.905s] [ 10%] [32mBuilding C object CMakeFiles/livox_interfaces__rosidl_generator_c.dir/rosidl_generator_c/livox_interfaces/msg/detail/custom_msg__functions.c.o[0m
[6.054s] [ 12%] [32m[1mLinking C shared library liblivox_interfaces__rosidl_generator_c.so[0m
[6.196s] [ 12%] Built target livox_interfaces__rosidl_generator_c
[6.221s] [ 15%] [34m[1mGenerating C type support for eProsima Fast-RTPS[0m
[6.224s] [ 17%] [34m[1mGenerating C type support dispatch for ROS interfaces[0m
[6.224s] [ 20%] [34m[1mGenerating C introspection for ROS interfaces[0m
[6.355s] [ 20%] Built target livox_interfaces__cpp
[6.381s] [ 23%] [34m[1mGenerating C++ type support dispatch for ROS interfaces[0m
[6.381s] [ 25%] [34m[1mGenerating C++ type support for eProsima Fast-RTPS[0m
[6.390s] [ 28%] [34m[1mGenerating C++ introspection for ROS interfaces[0m
[7.339s] [ 30%] [32mBuilding CXX object CMakeFiles/livox_interfaces__rosidl_typesupport_c.dir/rosidl_typesupport_c/livox_interfaces/msg/custom_point__type_support.cpp.o[0m
[7.419s] [ 33%] [32mBuilding CXX object CMakeFiles/livox_interfaces__rosidl_typesupport_c.dir/rosidl_typesupport_c/livox_interfaces/msg/custom_msg__type_support.cpp.o[0m
[7.522s] [ 35%] [32m[1mLinking CXX shared library liblivox_interfaces__rosidl_typesupport_c.so[0m
[7.629s] [ 35%] Built target livox_interfaces__rosidl_typesupport_c
[7.833s] [ 38%] [32mBuilding C object CMakeFiles/livox_interfaces__rosidl_typesupport_introspection_c.dir/rosidl_typesupport_introspection_c/livox_interfaces/msg/detail/custom_msg__type_support.c.o[0m
[7.846s] [ 41%] [32mBuilding C object CMakeFiles/livox_interfaces__rosidl_typesupport_introspection_c.dir/rosidl_typesupport_introspection_c/livox_interfaces/msg/detail/custom_point__type_support.c.o[0m
[7.976s] [ 43%] [32m[1mLinking C shared library liblivox_interfaces__rosidl_typesupport_introspection_c.so[0m
[8.046s] [ 43%] Built target livox_interfaces__rosidl_typesupport_introspection_c
[8.340s] [ 46%] [32mBuilding CXX object CMakeFiles/livox_interfaces__rosidl_typesupport_cpp.dir/rosidl_typesupport_cpp/livox_interfaces/msg/custom_point__type_support.cpp.o[0m
[8.347s] [ 48%] [32mBuilding CXX object CMakeFiles/livox_interfaces__rosidl_typesupport_cpp.dir/rosidl_typesupport_cpp/livox_interfaces/msg/custom_msg__type_support.cpp.o[0m
[8.560s] [ 51%] [32mBuilding CXX object CMakeFiles/livox_interfaces__rosidl_typesupport_fastrtps_c.dir/rosidl_typesupport_fastrtps_c/livox_interfaces/msg/detail/custom_point__type_support_c.cpp.o[0m
[8.571s] [ 53%] [32mBuilding CXX object CMakeFiles/livox_interfaces__rosidl_typesupport_fastrtps_c.dir/rosidl_typesupport_fastrtps_c/livox_interfaces/msg/detail/custom_msg__type_support_c.cpp.o[0m
[8.655s] [ 56%] [32mBuilding CXX object CMakeFiles/livox_interfaces__rosidl_typesupport_introspection_cpp.dir/rosidl_typesupport_introspection_cpp/livox_interfaces/msg/detail/custom_msg__type_support.cpp.o[0m
[8.672s] [ 58%] [32mBuilding CXX object CMakeFiles/livox_interfaces__rosidl_typesupport_introspection_cpp.dir/rosidl_typesupport_introspection_cpp/livox_interfaces/msg/detail/custom_point__type_support.cpp.o[0m
[8.993s] [ 61%] [32mBuilding CXX object CMakeFiles/livox_interfaces__rosidl_typesupport_fastrtps_cpp.dir/rosidl_typesupport_fastrtps_cpp/livox_interfaces/msg/detail/dds_fastrtps/custom_point__type_support.cpp.o[0m
[9.024s] [ 64%] [32mBuilding CXX object CMakeFiles/livox_interfaces__rosidl_typesupport_fastrtps_cpp.dir/rosidl_typesupport_fastrtps_cpp/livox_interfaces/msg/detail/dds_fastrtps/custom_msg__type_support.cpp.o[0m
[9.029s] [ 66%] [32m[1mLinking CXX shared library liblivox_interfaces__rosidl_typesupport_cpp.so[0m
[9.220s] [ 66%] Built target livox_interfaces__rosidl_typesupport_cpp
[10.289s] [ 69%] [32m[1mLinking CXX shared library liblivox_interfaces__rosidl_typesupport_fastrtps_c.so[0m
[10.922s] [ 69%] Built target livox_interfaces__rosidl_typesupport_fastrtps_c
[11.059s] [ 71%] [32m[1mLinking CXX shared library liblivox_interfaces__rosidl_typesupport_introspection_cpp.so[0m
[11.143s] [ 74%] [32m[1mLinking CXX shared library liblivox_interfaces__rosidl_typesupport_fastrtps_cpp.so[0m
[11.348s] [ 74%] Built target livox_interfaces__rosidl_typesupport_fastrtps_cpp
[11.729s] [ 74%] Built target livox_interfaces__rosidl_typesupport_introspection_cpp
[11.830s] [ 74%] Built target livox_interfaces
[11.922s] [ 76%] [34m[1mGenerating Python code for ROS interfaces[0m
[13.477s] [ 76%] Built target livox_interfaces__py
[13.580s] [ 79%] [32mBuilding C object CMakeFiles/livox_interfaces__rosidl_generator_py.dir/rosidl_generator_py/livox_interfaces/msg/_custom_msg_s.c.o[0m
[13.581s] [ 82%] [32mBuilding C object CMakeFiles/livox_interfaces__rosidl_generator_py.dir/rosidl_generator_py/livox_interfaces/msg/_custom_point_s.c.o[0m
[14.391s] [ 84%] [32m[1mLinking C shared library rosidl_generator_py/livox_interfaces/liblivox_interfaces__rosidl_generator_py.so[0m
[14.475s] [ 84%] Built target livox_interfaces__rosidl_generator_py
[14.513s] [ 87%] [32mBuilding C object CMakeFiles/livox_interfaces__rosidl_typesupport_fastrtps_c__pyext.dir/rosidl_generator_py/livox_interfaces/_livox_interfaces_s.ep.rosidl_typesupport_fastrtps_c.c.o[0m
[14.531s] [ 89%] [32mBuilding C object CMakeFiles/livox_interfaces__rosidl_typesupport_introspection_c__pyext.dir/rosidl_generator_py/livox_interfaces/_livox_interfaces_s.ep.rosidl_typesupport_introspection_c.c.o[0m
[14.535s] [ 92%] [32mBuilding C object CMakeFiles/livox_interfaces__rosidl_typesupport_c__pyext.dir/rosidl_generator_py/livox_interfaces/_livox_interfaces_s.ep.rosidl_typesupport_c.c.o[0m
[14.761s] [ 94%] [32m[1mLinking C shared library rosidl_generator_py/livox_interfaces/livox_interfaces_s__rosidl_typesupport_fastrtps_c.cpython-310-x86_64-linux-gnu.so[0m
[14.845s] [ 97%] [32m[1mLinking C shared library rosidl_generator_py/livox_interfaces/livox_interfaces_s__rosidl_typesupport_introspection_c.cpython-310-x86_64-linux-gnu.so[0m
[14.849s] [ 97%] Built target livox_interfaces__rosidl_typesupport_fastrtps_c__pyext
[14.889s] [100%] [32m[1mLinking C shared library rosidl_generator_py/livox_interfaces/livox_interfaces_s__rosidl_typesupport_c.cpython-310-x86_64-linux-gnu.so[0m
[14.951s] [100%] Built target livox_interfaces__rosidl_typesupport_introspection_c__pyext
[15.029s] [100%] Built target livox_interfaces__rosidl_typesupport_c__pyext
[15.115s] Invoked command in '/home/rmsentry/DUST-RM-Sentry/build/livox_interfaces' returned '0': CMAKE_PREFIX_PATH=${CMAKE_PREFIX_PATH}:/home/rmsentry/DUST-RM-Sentry/install/rm_decision:/home/rmsentry/DUST-RM-Sentry/install/fake_msg_publisher:/opt/ros/humble /usr/local/bin/cmake --build /home/rmsentry/DUST-RM-Sentry/build/livox_interfaces -- -j12 -l12
[15.115s] Invoking command in '/home/rmsentry/DUST-RM-Sentry/build/livox_interfaces': CMAKE_PREFIX_PATH=${CMAKE_PREFIX_PATH}:/home/rmsentry/DUST-RM-Sentry/install/rm_decision:/home/rmsentry/DUST-RM-Sentry/install/fake_msg_publisher:/opt/ros/humble /usr/local/bin/cmake --install /home/rmsentry/DUST-RM-Sentry/build/livox_interfaces
[16.440s] -- Install configuration: ""
[16.440s] -- Execute custom install script
[16.441s] -- Symlinking: /home/rmsentry/DUST-RM-Sentry/install/livox_interfaces/share/ament_index/resource_index/rosidl_interfaces/livox_interfaces
[16.441s] -- Symlinking: /home/rmsentry/DUST-RM-Sentry/install/livox_interfaces/include/livox_interfaces/livox_interfaces/msg/custom_msg.h
[16.441s] -- Symlinking: /home/rmsentry/DUST-RM-Sentry/install/livox_interfaces/include/livox_interfaces/livox_interfaces/msg/custom_point.h
[16.441s] -- Symlinking: /home/rmsentry/DUST-RM-Sentry/install/livox_interfaces/include/livox_interfaces/livox_interfaces/msg/detail/custom_msg__functions.h
[16.441s] -- Symlinking: /home/rmsentry/DUST-RM-Sentry/install/livox_interfaces/include/livox_interfaces/livox_interfaces/msg/detail/custom_msg__struct.h
[16.441s] -- Symlinking: /home/rmsentry/DUST-RM-Sentry/install/livox_interfaces/include/livox_interfaces/livox_interfaces/msg/detail/custom_msg__type_support.h
[16.441s] -- Symlinking: /home/rmsentry/DUST-RM-Sentry/install/livox_interfaces/include/livox_interfaces/livox_interfaces/msg/detail/custom_point__functions.h
[16.441s] -- Symlinking: /home/rmsentry/DUST-RM-Sentry/install/livox_interfaces/include/livox_interfaces/livox_interfaces/msg/detail/custom_point__struct.h
[16.442s] -- Symlinking: /home/rmsentry/DUST-RM-Sentry/install/livox_interfaces/include/livox_interfaces/livox_interfaces/msg/detail/custom_point__type_support.h
[16.442s] -- Symlinking: /home/rmsentry/DUST-RM-Sentry/install/livox_interfaces/include/livox_interfaces/livox_interfaces/msg/rosidl_generator_c__visibility_control.h
[16.442s] -- Symlinking: /home/rmsentry/DUST-RM-Sentry/install/livox_interfaces/share/livox_interfaces/environment/library_path.sh
[16.442s] -- Symlinking: /home/rmsentry/DUST-RM-Sentry/install/livox_interfaces/share/livox_interfaces/environment/library_path.dsv
[16.442s] -- Symlinking: /home/rmsentry/DUST-RM-Sentry/install/livox_interfaces/include/livox_interfaces/livox_interfaces/msg/detail/custom_msg__rosidl_typesupport_fastrtps_c.h
[16.442s] -- Symlinking: /home/rmsentry/DUST-RM-Sentry/install/livox_interfaces/include/livox_interfaces/livox_interfaces/msg/detail/custom_point__rosidl_typesupport_fastrtps_c.h
[16.446s] -- Symlinking: /home/rmsentry/DUST-RM-Sentry/install/livox_interfaces/include/livox_interfaces/livox_interfaces/msg/rosidl_typesupport_fastrtps_c__visibility_control.h
[16.446s] -- Symlinking: /home/rmsentry/DUST-RM-Sentry/install/livox_interfaces/include/livox_interfaces/livox_interfaces/msg/custom_msg.hpp
[16.446s] -- Symlinking: /home/rmsentry/DUST-RM-Sentry/install/livox_interfaces/include/livox_interfaces/livox_interfaces/msg/custom_point.hpp
[16.446s] -- Symlinking: /home/rmsentry/DUST-RM-Sentry/install/livox_interfaces/include/livox_interfaces/livox_interfaces/msg/detail/custom_msg__builder.hpp
[16.446s] -- Symlinking: /home/rmsentry/DUST-RM-Sentry/install/livox_interfaces/include/livox_interfaces/livox_interfaces/msg/detail/custom_msg__struct.hpp
[16.446s] -- Symlinking: /home/rmsentry/DUST-RM-Sentry/install/livox_interfaces/include/livox_interfaces/livox_interfaces/msg/detail/custom_msg__traits.hpp
[16.446s] -- Symlinking: /home/rmsentry/DUST-RM-Sentry/install/livox_interfaces/include/livox_interfaces/livox_interfaces/msg/detail/custom_msg__type_support.hpp
[16.446s] -- Symlinking: /home/rmsentry/DUST-RM-Sentry/install/livox_interfaces/include/livox_interfaces/livox_interfaces/msg/detail/custom_point__builder.hpp
[16.446s] -- Symlinking: /home/rmsentry/DUST-RM-Sentry/install/livox_interfaces/include/livox_interfaces/livox_interfaces/msg/detail/custom_point__struct.hpp
[16.446s] -- Symlinking: /home/rmsentry/DUST-RM-Sentry/install/livox_interfaces/include/livox_interfaces/livox_interfaces/msg/detail/custom_point__traits.hpp
[16.447s] -- Symlinking: /home/rmsentry/DUST-RM-Sentry/install/livox_interfaces/include/livox_interfaces/livox_interfaces/msg/detail/custom_point__type_support.hpp
[16.447s] -- Symlinking: /home/rmsentry/DUST-RM-Sentry/install/livox_interfaces/include/livox_interfaces/livox_interfaces/msg/rosidl_generator_cpp__visibility_control.hpp
[16.447s] -- Symlinking: /home/rmsentry/DUST-RM-Sentry/install/livox_interfaces/include/livox_interfaces/livox_interfaces/msg/detail/custom_msg__rosidl_typesupport_fastrtps_cpp.hpp
[16.447s] -- Symlinking: /home/rmsentry/DUST-RM-Sentry/install/livox_interfaces/include/livox_interfaces/livox_interfaces/msg/detail/custom_point__rosidl_typesupport_fastrtps_cpp.hpp
[16.447s] -- Symlinking: /home/rmsentry/DUST-RM-Sentry/install/livox_interfaces/include/livox_interfaces/livox_interfaces/msg/rosidl_typesupport_fastrtps_cpp__visibility_control.h
[16.447s] -- Symlinking: /home/rmsentry/DUST-RM-Sentry/install/livox_interfaces/include/livox_interfaces/livox_interfaces/msg/detail/custom_msg__rosidl_typesupport_introspection_c.h
[16.447s] -- Symlinking: /home/rmsentry/DUST-RM-Sentry/install/livox_interfaces/include/livox_interfaces/livox_interfaces/msg/detail/custom_point__rosidl_typesupport_introspection_c.h
[16.447s] -- Symlinking: /home/rmsentry/DUST-RM-Sentry/install/livox_interfaces/include/livox_interfaces/livox_interfaces/msg/rosidl_typesupport_introspection_c__visibility_control.h
[16.447s] -- Symlinking: /home/rmsentry/DUST-RM-Sentry/install/livox_interfaces/include/livox_interfaces/livox_interfaces/msg/detail/custom_msg__rosidl_typesupport_introspection_cpp.hpp
[16.447s] -- Symlinking: /home/rmsentry/DUST-RM-Sentry/install/livox_interfaces/include/livox_interfaces/livox_interfaces/msg/detail/custom_point__rosidl_typesupport_introspection_cpp.hpp
[16.447s] -- Symlinking: /home/rmsentry/DUST-RM-Sentry/install/livox_interfaces/share/livox_interfaces/environment/pythonpath.sh
[16.447s] -- Symlinking: /home/rmsentry/DUST-RM-Sentry/install/livox_interfaces/share/livox_interfaces/environment/pythonpath.dsv
[16.447s] -- Symlinking: /home/rmsentry/DUST-RM-Sentry/install/livox_interfaces/local/lib/python3.10/dist-packages/livox_interfaces-0.0.1-py3.10.egg-info/PKG-INFO
[16.447s] -- Symlinking: /home/rmsentry/DUST-RM-Sentry/install/livox_interfaces/local/lib/python3.10/dist-packages/livox_interfaces-0.0.1-py3.10.egg-info/SOURCES.txt
[16.447s] -- Symlinking: /home/rmsentry/DUST-RM-Sentry/install/livox_interfaces/local/lib/python3.10/dist-packages/livox_interfaces-0.0.1-py3.10.egg-info/dependency_links.txt
[16.447s] -- Symlinking: /home/rmsentry/DUST-RM-Sentry/install/livox_interfaces/local/lib/python3.10/dist-packages/livox_interfaces-0.0.1-py3.10.egg-info/top_level.txt
[16.447s] -- Symlinking: /home/rmsentry/DUST-RM-Sentry/install/livox_interfaces/local/lib/python3.10/dist-packages/livox_interfaces/__init__.py
[16.448s] -- Symlinking: /home/rmsentry/DUST-RM-Sentry/install/livox_interfaces/local/lib/python3.10/dist-packages/livox_interfaces/_livox_interfaces_s.ep.rosidl_typesupport_c.c
[16.448s] -- Symlinking: /home/rmsentry/DUST-RM-Sentry/install/livox_interfaces/local/lib/python3.10/dist-packages/livox_interfaces/_livox_interfaces_s.ep.rosidl_typesupport_fastrtps_c.c
[16.448s] -- Symlinking: /home/rmsentry/DUST-RM-Sentry/install/livox_interfaces/local/lib/python3.10/dist-packages/livox_interfaces/_livox_interfaces_s.ep.rosidl_typesupport_introspection_c.c
[16.452s] -- Symlinking: /home/rmsentry/DUST-RM-Sentry/install/livox_interfaces/local/lib/python3.10/dist-packages/livox_interfaces/liblivox_interfaces__rosidl_generator_py.so
[16.453s] -- Symlinking: /home/rmsentry/DUST-RM-Sentry/install/livox_interfaces/local/lib/python3.10/dist-packages/livox_interfaces/livox_interfaces_s__rosidl_typesupport_c.cpython-310-x86_64-linux-gnu.so
[16.453s] -- Symlinking: /home/rmsentry/DUST-RM-Sentry/install/livox_interfaces/local/lib/python3.10/dist-packages/livox_interfaces/livox_interfaces_s__rosidl_typesupport_fastrtps_c.cpython-310-x86_64-linux-gnu.so
[16.454s] -- Symlinking: /home/rmsentry/DUST-RM-Sentry/install/livox_interfaces/local/lib/python3.10/dist-packages/livox_interfaces/livox_interfaces_s__rosidl_typesupport_introspection_c.cpython-310-x86_64-linux-gnu.so
[16.454s] -- Symlinking: /home/rmsentry/DUST-RM-Sentry/install/livox_interfaces/local/lib/python3.10/dist-packages/livox_interfaces/msg/__init__.py
[16.454s] -- Symlinking: /home/rmsentry/DUST-RM-Sentry/install/livox_interfaces/local/lib/python3.10/dist-packages/livox_interfaces/msg/_custom_msg.py
[16.454s] -- Symlinking: /home/rmsentry/DUST-RM-Sentry/install/livox_interfaces/local/lib/python3.10/dist-packages/livox_interfaces/msg/_custom_msg_s.c
[16.454s] -- Symlinking: /home/rmsentry/DUST-RM-Sentry/install/livox_interfaces/local/lib/python3.10/dist-packages/livox_interfaces/msg/_custom_point.py
[16.454s] -- Symlinking: /home/rmsentry/DUST-RM-Sentry/install/livox_interfaces/local/lib/python3.10/dist-packages/livox_interfaces/msg/_custom_point_s.c
[16.454s] -- Up-to-date symlink: /home/rmsentry/DUST-RM-Sentry/install/livox_interfaces/local/lib/python3.10/dist-packages/livox_interfaces/livox_interfaces_s__rosidl_typesupport_fastrtps_c.cpython-310-x86_64-linux-gnu.so
[16.454s] -- Up-to-date symlink: /home/rmsentry/DUST-RM-Sentry/install/livox_interfaces/local/lib/python3.10/dist-packages/livox_interfaces/livox_interfaces_s__rosidl_typesupport_introspection_c.cpython-310-x86_64-linux-gnu.so
[16.454s] -- Up-to-date symlink: /home/rmsentry/DUST-RM-Sentry/install/livox_interfaces/local/lib/python3.10/dist-packages/livox_interfaces/livox_interfaces_s__rosidl_typesupport_c.cpython-310-x86_64-linux-gnu.so
[16.454s] -- Symlinking: /home/rmsentry/DUST-RM-Sentry/install/livox_interfaces/share/livox_interfaces/msg/CustomPoint.idl
[16.454s] -- Symlinking: /home/rmsentry/DUST-RM-Sentry/install/livox_interfaces/share/livox_interfaces/msg/CustomMsg.idl
[16.454s] -- Symlinking: /home/rmsentry/DUST-RM-Sentry/install/livox_interfaces/share/livox_interfaces/msg/CustomPoint.msg
[16.454s] -- Symlinking: /home/rmsentry/DUST-RM-Sentry/install/livox_interfaces/share/livox_interfaces/msg/CustomMsg.msg
[16.454s] -- Symlinking: /home/rmsentry/DUST-RM-Sentry/install/livox_interfaces/share/ament_index/resource_index/package_run_dependencies/livox_interfaces
[16.454s] -- Symlinking: /home/rmsentry/DUST-RM-Sentry/install/livox_interfaces/share/ament_index/resource_index/parent_prefix_path/livox_interfaces
[16.454s] -- Symlinking: /home/rmsentry/DUST-RM-Sentry/install/livox_interfaces/share/livox_interfaces/environment/ament_prefix_path.sh
[16.454s] -- Symlinking: /home/rmsentry/DUST-RM-Sentry/install/livox_interfaces/share/livox_interfaces/environment/ament_prefix_path.dsv
[16.455s] -- Symlinking: /home/rmsentry/DUST-RM-Sentry/install/livox_interfaces/share/livox_interfaces/environment/path.sh
[16.455s] -- Symlinking: /home/rmsentry/DUST-RM-Sentry/install/livox_interfaces/share/livox_interfaces/environment/path.dsv
[16.455s] -- Symlinking: /home/rmsentry/DUST-RM-Sentry/install/livox_interfaces/share/livox_interfaces/local_setup.bash
[16.455s] -- Symlinking: /home/rmsentry/DUST-RM-Sentry/install/livox_interfaces/share/livox_interfaces/local_setup.sh
[16.455s] -- Symlinking: /home/rmsentry/DUST-RM-Sentry/install/livox_interfaces/share/livox_interfaces/local_setup.zsh
[16.455s] -- Symlinking: /home/rmsentry/DUST-RM-Sentry/install/livox_interfaces/share/livox_interfaces/local_setup.dsv
[16.458s] -- Symlinking: /home/rmsentry/DUST-RM-Sentry/install/livox_interfaces/share/livox_interfaces/package.dsv
[16.458s] -- Symlinking: /home/rmsentry/DUST-RM-Sentry/install/livox_interfaces/share/ament_index/resource_index/packages/livox_interfaces
[16.458s] -- Symlinking: /home/rmsentry/DUST-RM-Sentry/install/livox_interfaces/share/livox_interfaces/cmake/rosidl_cmake-extras.cmake
[16.458s] -- Symlinking: /home/rmsentry/DUST-RM-Sentry/install/livox_interfaces/share/livox_interfaces/cmake/ament_cmake_export_dependencies-extras.cmake
[16.458s] -- Symlinking: /home/rmsentry/DUST-RM-Sentry/install/livox_interfaces/share/livox_interfaces/cmake/ament_cmake_export_include_directories-extras.cmake
[16.458s] -- Symlinking: /home/rmsentry/DUST-RM-Sentry/install/livox_interfaces/share/livox_interfaces/cmake/ament_cmake_export_libraries-extras.cmake
[16.459s] -- Symlinking: /home/rmsentry/DUST-RM-Sentry/install/livox_interfaces/share/livox_interfaces/cmake/ament_cmake_export_targets-extras.cmake
[16.459s] -- Symlinking: /home/rmsentry/DUST-RM-Sentry/install/livox_interfaces/share/livox_interfaces/cmake/rosidl_cmake_export_typesupport_targets-extras.cmake
[16.459s] -- Symlinking: /home/rmsentry/DUST-RM-Sentry/install/livox_interfaces/share/livox_interfaces/cmake/rosidl_cmake_export_typesupport_libraries-extras.cmake
[16.459s] -- Symlinking: /home/rmsentry/DUST-RM-Sentry/install/livox_interfaces/share/livox_interfaces/cmake/livox_interfacesConfig.cmake
[16.459s] -- Symlinking: /home/rmsentry/DUST-RM-Sentry/install/livox_interfaces/share/livox_interfaces/cmake/livox_interfacesConfig-version.cmake
[16.459s] -- Symlinking: /home/rmsentry/DUST-RM-Sentry/install/livox_interfaces/share/livox_interfaces/package.xml
[16.459s] -- Installing: /home/rmsentry/DUST-RM-Sentry/install/livox_interfaces/lib/liblivox_interfaces__rosidl_generator_c.so
[16.459s] -- Set non-toolchain portion of runtime path of "/home/rmsentry/DUST-RM-Sentry/install/livox_interfaces/lib/liblivox_interfaces__rosidl_generator_c.so" to ""
[16.459s] -- Installing: /home/rmsentry/DUST-RM-Sentry/install/livox_interfaces/lib/liblivox_interfaces__rosidl_typesupport_fastrtps_c.so
[16.459s] -- Set non-toolchain portion of runtime path of "/home/rmsentry/DUST-RM-Sentry/install/livox_interfaces/lib/liblivox_interfaces__rosidl_typesupport_fastrtps_c.so" to ""
[16.459s] -- Installing: /home/rmsentry/DUST-RM-Sentry/install/livox_interfaces/lib/liblivox_interfaces__rosidl_typesupport_fastrtps_cpp.so
[16.459s] -- Set non-toolchain portion of runtime path of "/home/rmsentry/DUST-RM-Sentry/install/livox_interfaces/lib/liblivox_interfaces__rosidl_typesupport_fastrtps_cpp.so" to ""
[16.459s] -- Installing: /home/rmsentry/DUST-RM-Sentry/install/livox_interfaces/lib/liblivox_interfaces__rosidl_typesupport_introspection_c.so
[16.459s] -- Set non-toolchain portion of runtime path of "/home/rmsentry/DUST-RM-Sentry/install/livox_interfaces/lib/liblivox_interfaces__rosidl_typesupport_introspection_c.so" to ""
[16.459s] -- Installing: /home/rmsentry/DUST-RM-Sentry/install/livox_interfaces/lib/liblivox_interfaces__rosidl_typesupport_c.so
[16.459s] -- Set non-toolchain portion of runtime path of "/home/rmsentry/DUST-RM-Sentry/install/livox_interfaces/lib/liblivox_interfaces__rosidl_typesupport_c.so" to ""
[16.459s] -- Installing: /home/rmsentry/DUST-RM-Sentry/install/livox_interfaces/lib/liblivox_interfaces__rosidl_typesupport_introspection_cpp.so
[16.459s] -- Set non-toolchain portion of runtime path of "/home/rmsentry/DUST-RM-Sentry/install/livox_interfaces/lib/liblivox_interfaces__rosidl_typesupport_introspection_cpp.so" to ""
[16.459s] -- Installing: /home/rmsentry/DUST-RM-Sentry/install/livox_interfaces/lib/liblivox_interfaces__rosidl_typesupport_cpp.so
[16.459s] -- Set non-toolchain portion of runtime path of "/home/rmsentry/DUST-RM-Sentry/install/livox_interfaces/lib/liblivox_interfaces__rosidl_typesupport_cpp.so" to ""
[16.465s] Listing '/home/rmsentry/DUST-RM-Sentry/install/livox_interfaces/local/lib/python3.10/dist-packages/livox_interfaces'...
[16.465s] Compiling '/home/rmsentry/DUST-RM-Sentry/install/livox_interfaces/local/lib/python3.10/dist-packages/livox_interfaces/__init__.py'...
[16.465s] Listing '/home/rmsentry/DUST-RM-Sentry/install/livox_interfaces/local/lib/python3.10/dist-packages/livox_interfaces/msg'...
[16.465s] Compiling '/home/rmsentry/DUST-RM-Sentry/install/livox_interfaces/local/lib/python3.10/dist-packages/livox_interfaces/msg/__init__.py'...
[16.465s] Compiling '/home/rmsentry/DUST-RM-Sentry/install/livox_interfaces/local/lib/python3.10/dist-packages/livox_interfaces/msg/_custom_msg.py'...
[16.465s] Compiling '/home/rmsentry/DUST-RM-Sentry/install/livox_interfaces/local/lib/python3.10/dist-packages/livox_interfaces/msg/_custom_point.py'...
[16.465s] -- Installing: /home/rmsentry/DUST-RM-Sentry/install/livox_interfaces/lib/liblivox_interfaces__rosidl_generator_py.so
[16.465s] -- Set non-toolchain portion of runtime path of "/home/rmsentry/DUST-RM-Sentry/install/livox_interfaces/lib/liblivox_interfaces__rosidl_generator_py.so" to ""
[16.465s] -- Installing: /home/rmsentry/DUST-RM-Sentry/install/livox_interfaces/share/livox_interfaces/cmake/export_livox_interfaces__rosidl_generator_cExport.cmake
[16.465s] -- Installing: /home/rmsentry/DUST-RM-Sentry/install/livox_interfaces/share/livox_interfaces/cmake/export_livox_interfaces__rosidl_generator_cExport-noconfig.cmake
[16.465s] -- Installing: /home/rmsentry/DUST-RM-Sentry/install/livox_interfaces/share/livox_interfaces/cmake/export_livox_interfaces__rosidl_typesupport_fastrtps_cExport.cmake
[16.465s] -- Installing: /home/rmsentry/DUST-RM-Sentry/install/livox_interfaces/share/livox_interfaces/cmake/export_livox_interfaces__rosidl_typesupport_fastrtps_cExport-noconfig.cmake
[16.465s] -- Installing: /home/rmsentry/DUST-RM-Sentry/install/livox_interfaces/share/livox_interfaces/cmake/export_livox_interfaces__rosidl_generator_cppExport.cmake
[16.465s] -- Installing: /home/rmsentry/DUST-RM-Sentry/install/livox_interfaces/share/livox_interfaces/cmake/export_livox_interfaces__rosidl_typesupport_fastrtps_cppExport.cmake
[16.465s] -- Installing: /home/rmsentry/DUST-RM-Sentry/install/livox_interfaces/share/livox_interfaces/cmake/export_livox_interfaces__rosidl_typesupport_fastrtps_cppExport-noconfig.cmake
[16.465s] -- Installing: /home/rmsentry/DUST-RM-Sentry/install/livox_interfaces/share/livox_interfaces/cmake/livox_interfaces__rosidl_typesupport_introspection_cExport.cmake
[16.466s] -- Installing: /home/rmsentry/DUST-RM-Sentry/install/livox_interfaces/share/livox_interfaces/cmake/livox_interfaces__rosidl_typesupport_introspection_cExport-noconfig.cmake
[16.466s] -- Installing: /home/rmsentry/DUST-RM-Sentry/install/livox_interfaces/share/livox_interfaces/cmake/livox_interfaces__rosidl_typesupport_cExport.cmake
[16.466s] -- Installing: /home/rmsentry/DUST-RM-Sentry/install/livox_interfaces/share/livox_interfaces/cmake/livox_interfaces__rosidl_typesupport_cExport-noconfig.cmake
[16.466s] -- Installing: /home/rmsentry/DUST-RM-Sentry/install/livox_interfaces/share/livox_interfaces/cmake/livox_interfaces__rosidl_typesupport_introspection_cppExport.cmake
[16.466s] -- Installing: /home/rmsentry/DUST-RM-Sentry/install/livox_interfaces/share/livox_interfaces/cmake/livox_interfaces__rosidl_typesupport_introspection_cppExport-noconfig.cmake
[16.466s] -- Installing: /home/rmsentry/DUST-RM-Sentry/install/livox_interfaces/share/livox_interfaces/cmake/livox_interfaces__rosidl_typesupport_cppExport.cmake
[16.466s] -- Installing: /home/rmsentry/DUST-RM-Sentry/install/livox_interfaces/share/livox_interfaces/cmake/livox_interfaces__rosidl_typesupport_cppExport-noconfig.cmake
[16.466s] -- Installing: /home/rmsentry/DUST-RM-Sentry/install/livox_interfaces/share/livox_interfaces/cmake/export_livox_interfaces__rosidl_generator_pyExport.cmake
[16.466s] -- Installing: /home/rmsentry/DUST-RM-Sentry/install/livox_interfaces/share/livox_interfaces/cmake/export_livox_interfaces__rosidl_generator_pyExport-noconfig.cmake
[16.609s] Invoked command in '/home/rmsentry/DUST-RM-Sentry/build/livox_interfaces' returned '0': CMAKE_PREFIX_PATH=${CMAKE_PREFIX_PATH}:/home/rmsentry/DUST-RM-Sentry/install/rm_decision:/home/rmsentry/DUST-RM-Sentry/install/fake_msg_publisher:/opt/ros/humble /usr/local/bin/cmake --install /home/rmsentry/DUST-RM-Sentry/build/livox_interfaces
