-- Found ament_cmake_auto: 1.3.12 (/opt/ros/humble/share/ament_cmake_auto/cmake)
-- Override CMake install command with custom implementation using symlinks instead of copying resources
-- Found ament_lint_auto: 0.12.14 (/opt/ros/humble/share/ament_lint_auto/cmake)
-- Configuring done (0.2s)
-- Generating done (0.0s)
-- Build files have been written to: /home/rmsentry/DUST-RM-Sentry/build/rm_bringup
-- Install configuration: "RelWithDebInfo"
-- Execute custom install script
-- Symlinking: /home/rmsentry/DUST-RM-Sentry/install/rm_bringup/share/rm_bringup/launch/__pycache__/bringup_two_pipelines.launch.cpython-310.pyc
-- Up-to-date symlink: /home/rmsentry/DUST-RM-Sentry/install/rm_bringup/share/rm_bringup/launch/bringup.launch.py
-- Up-to-date symlink: /home/rmsentry/DUST-RM-Sentry/install/rm_bringup/share/rm_bringup/launch/bringup_two_pipelines.launch.py
-- Up-to-date symlink: /home/rmsentry/DUST-RM-Sentry/install/rm_bringup/share/rm_bringup/config/camera_info.yaml
-- Up-to-date symlink: /home/rmsentry/DUST-RM-Sentry/install/rm_bringup/share/rm_bringup/config/launch_params.yaml
-- Up-to-date symlink: /home/rmsentry/DUST-RM-Sentry/install/rm_bringup/share/rm_bringup/config/node_params.yaml
-- Up-to-date symlink: /home/rmsentry/DUST-RM-Sentry/install/rm_bringup/share/ament_index/resource_index/package_run_dependencies/rm_bringup
-- Up-to-date symlink: /home/rmsentry/DUST-RM-Sentry/install/rm_bringup/share/ament_index/resource_index/parent_prefix_path/rm_bringup
-- Up-to-date symlink: /home/rmsentry/DUST-RM-Sentry/install/rm_bringup/share/rm_bringup/environment/ament_prefix_path.sh
-- Up-to-date symlink: /home/rmsentry/DUST-RM-Sentry/install/rm_bringup/share/rm_bringup/environment/ament_prefix_path.dsv
-- Up-to-date symlink: /home/rmsentry/DUST-RM-Sentry/install/rm_bringup/share/rm_bringup/environment/path.sh
-- Up-to-date symlink: /home/rmsentry/DUST-RM-Sentry/install/rm_bringup/share/rm_bringup/environment/path.dsv
-- Up-to-date symlink: /home/rmsentry/DUST-RM-Sentry/install/rm_bringup/share/rm_bringup/local_setup.bash
-- Up-to-date symlink: /home/rmsentry/DUST-RM-Sentry/install/rm_bringup/share/rm_bringup/local_setup.sh
-- Up-to-date symlink: /home/rmsentry/DUST-RM-Sentry/install/rm_bringup/share/rm_bringup/local_setup.zsh
-- Up-to-date symlink: /home/rmsentry/DUST-RM-Sentry/install/rm_bringup/share/rm_bringup/local_setup.dsv
-- Symlinking: /home/rmsentry/DUST-RM-Sentry/install/rm_bringup/share/rm_bringup/package.dsv
-- Up-to-date symlink: /home/rmsentry/DUST-RM-Sentry/install/rm_bringup/share/ament_index/resource_index/packages/rm_bringup
-- Up-to-date symlink: /home/rmsentry/DUST-RM-Sentry/install/rm_bringup/share/rm_bringup/cmake/rm_bringupConfig.cmake
-- Up-to-date symlink: /home/rmsentry/DUST-RM-Sentry/install/rm_bringup/share/rm_bringup/cmake/rm_bringupConfig-version.cmake
-- Up-to-date symlink: /home/rmsentry/DUST-RM-Sentry/install/rm_bringup/share/rm_bringup/package.xml
